[0.006s] Invoking command in '/home/emily/sa-mrbt_ws/build/simulator': CMAKE_PREFIX_PATH=/home/emily/sa-mrbt_ws/install/behaviortree_cpp:/home/emily/sa-mrbt_ws/install/simulator:/opt/ros/iron /usr/bin/cmake --build /home/emily/sa-mrbt_ws/build/simulator -- -j12 -l12
[0.037s] [35m[1mConsolidate compiler generated dependencies of target sim[0m
[0.059s] [  7%] [32mBuilding CXX object CMakeFiles/sim.dir/src/CBGA.cpp.o[0m
[1.580s] [01m[K/home/emily/sa-mrbt_ws/src/simplified_marine_sim/src/CBGA.cpp:[m[K In member function ‘[01m[Kvoid CBGA::bundleAdd(std::vector<int>&, std::vector<int>&, std::map<int, double>&, std::vector<std::vector<double, std::allocator<double> > >&)[m[K’:
[1.580s] [01m[K/home/emily/sa-mrbt_ws/src/simplified_marine_sim/src/CBGA.cpp:1164:37:[m[K [01;31m[Kerror: [m[K‘[01m[Kprev_lowest_winning_bid[m[K’ was not declared in this scope; did you mean ‘[01m[Klowest_winning_bid[m[K’?
[1.580s]  1164 |                                     [01;31m[Kprev_lowest_winning_bid[m[K = winning_bid;
[1.580s]       |                                     [01;31m[K^~~~~~~~~~~~~~~~~~~~~~~[m[K
[1.581s]       |                                     [32m[Klowest_winning_bid[m[K
[1.586s] [01m[K/home/emily/sa-mrbt_ws/src/simplified_marine_sim/src/CBGA.cpp:1165:37:[m[K [01;31m[Kerror: [m[K‘[01m[Kprev_lowest_bid_winner_idx[m[K’ was not declared in this scope
[1.586s]  1165 |                                     [01;31m[Kprev_lowest_bid_winner_idx[m[K = assigned_agent_idx;
[1.586s]       |                                     [01;31m[K^~~~~~~~~~~~~~~~~~~~~~~~~~[m[K
[1.591s] [01m[K/home/emily/sa-mrbt_ws/src/simplified_marine_sim/src/CBGA.cpp:1169:85:[m[K [01;31m[Kerror: [m[K‘[01m[Kprev_lowest_winning_bid[m[K’ was not declared in this scope; did you mean ‘[01m[Klowest_winning_bid[m[K’?
[1.591s]  1169 |                          robot.log_info("Lowest assigned bid: " + std::to_string([01;31m[Kprev_lowest_winning_bid[m[K) +
[1.591s]       |                                                                                  [01;31m[K^~~~~~~~~~~~~~~~~~~~~~~[m[K
[1.591s]       |                                                                                  [32m[Klowest_winning_bid[m[K
[1.597s] [01m[K/home/emily/sa-mrbt_ws/src/simplified_marine_sim/src/CBGA.cpp:1170:76:[m[K [01;31m[Kerror: [m[K‘[01m[Kprev_lowest_bid_winner_idx[m[K’ was not declared in this scope
[1.597s]  1170 |                                            " from agent " + std::to_string([01;31m[Kprev_lowest_bid_winner_idx[m[K + 1));
[1.597s]       |                                                                            [01;31m[K^~~~~~~~~~~~~~~~~~~~~~~~~~[m[K
[1.602s] [01m[K/home/emily/sa-mrbt_ws/src/simplified_marine_sim/src/CBGA.cpp:1247:17:[m[K [01;31m[Kerror: [m[K‘[01m[Kcoop_group_full[m[K’ was not declared in this scope
[1.602s]  1247 |             if ([01;31m[Kcoop_group_full[m[K) {
[1.602s]       |                 [01;31m[K^~~~~~~~~~~~~~~[m[K
[1.607s] [01m[K/home/emily/sa-mrbt_ws/src/simplified_marine_sim/src/CBGA.cpp:1249:42:[m[K [01;31m[Kerror: [m[K‘[01m[Kprev_lowest_bid_winner_idx[m[K’ was not declared in this scope
[1.608s]  1249 |                 winning_bids_matrix[J-1][[01;31m[Kprev_lowest_bid_winner_idx[m[K] = 0.0;
[1.608s]       |                                          [01;31m[K^~~~~~~~~~~~~~~~~~~~~~~~~~[m[K
[2.393s] gmake[2]: *** [CMakeFiles/sim.dir/build.make:104: CMakeFiles/sim.dir/src/CBGA.cpp.o] Error 1
[2.394s] gmake[1]: *** [CMakeFiles/Makefile2:137: CMakeFiles/sim.dir/all] Error 2
[2.394s] gmake: *** [Makefile:146: all] Error 2
[2.396s] Invoked command in '/home/emily/sa-mrbt_ws/build/simulator' returned '2': CMAKE_PREFIX_PATH=/home/emily/sa-mrbt_ws/install/behaviortree_cpp:/home/emily/sa-mrbt_ws/install/simulator:/opt/ros/iron /usr/bin/cmake --build /home/emily/sa-mrbt_ws/build/simulator -- -j12 -l12
