[0.006s] Invoking command in '/home/emily/sa-mrbt_ws/build/simulator': CMAKE_PREFIX_PATH=/home/emily/sa-mrbt_ws/install/behaviortree_cpp:/home/emily/sa-mrbt_ws/install/simulator:/opt/ros/iron /usr/bin/cmake --build /home/emily/sa-mrbt_ws/build/simulator -- -j12 -l12
[0.040s] [35m[1mConsolidate compiler generated dependencies of target sim[0m
[0.064s] [ 15%] [32mBuilding CXX object CMakeFiles/sim.dir/src/sim.cpp.o[0m
[0.064s] [ 15%] [32mBuilding CXX object CMakeFiles/sim.dir/src/CBBA.cpp.o[0m
[0.065s] [ 23%] [32mBuilding CXX object CMakeFiles/sim.dir/src/world.cpp.o[0m
[0.065s] [ 30%] [32mBuilding CXX object CMakeFiles/sim.dir/src/message.cpp.o[0m
[0.065s] [ 38%] [32mBuilding CXX object CMakeFiles/sim.dir/src/CBGA.cpp.o[0m
[0.065s] [ 46%] [32mBuilding CXX object CMakeFiles/sim.dir/src/planners.cpp.o[0m
[0.069s] [ 53%] [32mBuilding CXX object CMakeFiles/sim.dir/src/parser.cpp.o[0m
[0.069s] [ 69%] [32mBuilding CXX object CMakeFiles/sim.dir/src/robot.cpp.o[0m
[0.069s] [ 69%] [32mBuilding CXX object CMakeFiles/sim.dir/src/behavior_tree.cpp.o[0m
[0.070s] [ 76%] [32mBuilding CXX object CMakeFiles/sim.dir/src/greedy.cpp.o[0m
[8.818s] [ 84%] [32m[1mLinking CXX executable sim[0m
[9.785s] [100%] Built target sim
[9.792s] Invoked command in '/home/emily/sa-mrbt_ws/build/simulator' returned '0': CMAKE_PREFIX_PATH=/home/emily/sa-mrbt_ws/install/behaviortree_cpp:/home/emily/sa-mrbt_ws/install/simulator:/opt/ros/iron /usr/bin/cmake --build /home/emily/sa-mrbt_ws/build/simulator -- -j12 -l12
[9.822s] Invoking command in '/home/emily/sa-mrbt_ws/build/simulator': CMAKE_PREFIX_PATH=/home/emily/sa-mrbt_ws/install/behaviortree_cpp:/home/emily/sa-mrbt_ws/install/simulator:/opt/ros/iron /usr/bin/cmake --install /home/emily/sa-mrbt_ws/build/simulator
[9.827s] -- Install configuration: ""
[9.827s] -- Installing: /home/emily/sa-mrbt_ws/install/simulator/lib/simulator/sim
[9.833s] -- Set runtime path of "/home/emily/sa-mrbt_ws/install/simulator/lib/simulator/sim" to ""
[9.833s] -- Up-to-date: /home/emily/sa-mrbt_ws/install/simulator/share/ament_index/resource_index/package_run_dependencies/simulator
[9.833s] -- Up-to-date: /home/emily/sa-mrbt_ws/install/simulator/share/ament_index/resource_index/parent_prefix_path/simulator
[9.833s] -- Up-to-date: /home/emily/sa-mrbt_ws/install/simulator/share/simulator/environment/ament_prefix_path.sh
[9.833s] -- Up-to-date: /home/emily/sa-mrbt_ws/install/simulator/share/simulator/environment/ament_prefix_path.dsv
[9.833s] -- Up-to-date: /home/emily/sa-mrbt_ws/install/simulator/share/simulator/environment/path.sh
[9.833s] -- Up-to-date: /home/emily/sa-mrbt_ws/install/simulator/share/simulator/environment/path.dsv
[9.833s] -- Up-to-date: /home/emily/sa-mrbt_ws/install/simulator/share/simulator/local_setup.bash
[9.833s] -- Up-to-date: /home/emily/sa-mrbt_ws/install/simulator/share/simulator/local_setup.sh
[9.833s] -- Up-to-date: /home/emily/sa-mrbt_ws/install/simulator/share/simulator/local_setup.zsh
[9.833s] -- Up-to-date: /home/emily/sa-mrbt_ws/install/simulator/share/simulator/local_setup.dsv
[9.833s] -- Installing: /home/emily/sa-mrbt_ws/install/simulator/share/simulator/package.dsv
[9.834s] -- Up-to-date: /home/emily/sa-mrbt_ws/install/simulator/share/ament_index/resource_index/packages/simulator
[9.834s] -- Up-to-date: /home/emily/sa-mrbt_ws/install/simulator/share/simulator/cmake/simulatorConfig.cmake
[9.834s] -- Up-to-date: /home/emily/sa-mrbt_ws/install/simulator/share/simulator/cmake/simulatorConfig-version.cmake
[9.834s] -- Up-to-date: /home/emily/sa-mrbt_ws/install/simulator/share/simulator/package.xml
[9.835s] Invoked command in '/home/emily/sa-mrbt_ws/build/simulator' returned '0': CMAKE_PREFIX_PATH=/home/emily/sa-mrbt_ws/install/behaviortree_cpp:/home/emily/sa-mrbt_ws/install/simulator:/opt/ros/iron /usr/bin/cmake --install /home/emily/sa-mrbt_ws/build/simulator
