[01m[K/home/emily/sa-mrbt_ws/src/simplified_marine_sim/src/behavior_tree.cpp:1727:1:[m[K [01;31m[Kerror: [m[K‘[01m[KTestShortPath[m[K’ does not name a type
 1727 | [01;31m[KTestShortPath[m[K::TestShortPath(const std::string& name, const NodeConfig& config, Robot& robot, World& world)
      | [01;31m[K^~~~~~~~~~~~~[m[K
[01m[K/home/emily/sa-mrbt_ws/src/simplified_marine_sim/src/behavior_tree.cpp:1731:12:[m[K [01;31m[Kerror: [m[K‘[01m[KTestShortPath[m[K’ has not been declared
 1731 | NodeStatus [01;31m[KTestShortPath[m[K::tick()
      |            [01;31m[K^~~~~~~~~~~~~[m[K
[01m[K/home/emily/sa-mrbt_ws/src/simplified_marine_sim/src/behavior_tree.cpp:[m[K In function ‘[01m[KBT::NodeStatus tick()[m[K’:
[01m[K/home/emily/sa-mrbt_ws/src/simplified_marine_sim/src/behavior_tree.cpp:1735:9:[m[K [01;31m[Kerror: [m[K‘[01m[K_robot[m[K’ was not declared in this scope; did you mean ‘[01m[KRobot[m[K’?
 1735 |         [01;31m[K_robot[m[K.log_info("in TestShortPath before check");
      |         [01;31m[K^~~~~~[m[K
      |         [32m[KRobot[m[K
[01m[K/home/emily/sa-mrbt_ws/src/simplified_marine_sim/src/behavior_tree.cpp:1738:9:[m[K [01;31m[Kerror: [m[Kexpected ‘[01m[K,[m[K’ or ‘[01m[K;[m[K’ before ‘[01m[Kstd[m[K’
 1738 |         [01;31m[Kstd[m[K::string bla = "task_loc in TestShortPath tick (x, y): " + std::to_string(start_loc.first) + ", " + std::to_string(start_loc.second);
      |         [01;31m[K^~~[m[K
[01m[K/home/emily/sa-mrbt_ws/src/simplified_marine_sim/src/behavior_tree.cpp:1739:25:[m[K [01;31m[Kerror: [m[K‘[01m[Kbla[m[K’ was not declared in this scope
 1739 |         _robot.log_info([01;31m[Kbla[m[K);
      |                         [01;31m[K^~~[m[K
[01m[K/home/emily/sa-mrbt_ws/src/simplified_marine_sim/src/behavior_tree.cpp:1740:9:[m[K [01;31m[Kerror: [m[K‘[01m[KsetOutput[m[K’ was not declared in this scope
 1740 |         [01;31m[KsetOutput[m[K("task_loc", task_loc);
      |         [01;31m[K^~~~~~~~~[m[K
[01m[K/home/emily/sa-mrbt_ws/src/simplified_marine_sim/src/behavior_tree.cpp:[m[K At global scope:
[01m[K/home/emily/sa-mrbt_ws/src/simplified_marine_sim/src/behavior_tree.cpp:1750:11:[m[K [01;31m[Kerror: [m[K‘[01m[KTestShortPath[m[K’ has not been declared
 1750 | PortsList [01;31m[KTestShortPath[m[K::providedPorts()
      |           [01;31m[K^~~~~~~~~~~~~[m[K
gmake[2]: *** [CMakeFiles/sim.dir/build.make:202: CMakeFiles/sim.dir/src/behavior_tree.cpp.o] Error 1
gmake[2]: *** Waiting for unfinished jobs....
gmake[1]: *** [CMakeFiles/Makefile2:137: CMakeFiles/sim.dir/all] Error 2
gmake: *** [Makefile:146: all] Error 2
