In file included from [01m[K/home/emily/sa-mrbt_ws/src/simplified_marine_sim/include/world.hpp:8[m[K,
                 from [01m[K/home/emily/sa-mrbt_ws/src/simplified_marine_sim/include/message.hpp:6[m[K,
                 from [01m[K/home/emily/sa-mrbt_ws/src/simplified_marine_sim/src/message.cpp:2[m[K:
[01m[K/home/emily/sa-mrbt_ws/src/simplified_marine_sim/include/robot.hpp:[m[K In member function ‘[01m[Kstd::unordered_map<int, std::unordered_map<int, bool> >& Robot::getSubtaskFailures()[m[K’:
[01m[K/home/emily/sa-mrbt_ws/src/simplified_marine_sim/include/robot.hpp:95:91:[m[K [01;31m[Kerror: [m[K‘[01m[Ksubtask_failures[m[K’ was not declared in this scope; did you mean ‘[01m[KgetSubtaskFailures[m[K’?
   95 |     std::unordered_map<int, std::unordered_map<int, bool>>& getSubtaskFailures() { return [01;31m[Ksubtask_failures[m[K; } // Used for messaging
      |                                                                                           [01;31m[K^~~~~~~~~~~~~~~~[m[K
      |                                                                                           [32m[KgetSubtaskFailures[m[K
In file included from [01m[K/home/emily/sa-mrbt_ws/src/simplified_marine_sim/include/utils.hpp:7[m[K,
                 from [01m[K/home/emily/sa-mrbt_ws/src/simplified_marine_sim/src/parser.cpp:7[m[K:
[01m[K/home/emily/sa-mrbt_ws/src/simplified_marine_sim/include/robot.hpp:[m[K In member function ‘[01m[Kstd::unordered_map<int, std::unordered_map<int, bool> >& Robot::getSubtaskFailures()[m[K’:
[01m[K/home/emily/sa-mrbt_ws/src/simplified_marine_sim/include/robot.hpp:95:91:[m[K [01;31m[Kerror: [m[K‘[01m[Ksubtask_failures[m[K’ was not declared in this scope; did you mean ‘[01m[KgetSubtaskFailures[m[K’?
   95 |     std::unordered_map<int, std::unordered_map<int, bool>>& getSubtaskFailures() { return [01;31m[Ksubtask_failures[m[K; } // Used for messaging
      |                                                                                           [01;31m[K^~~~~~~~~~~~~~~~[m[K
      |                                                                                           [32m[KgetSubtaskFailures[m[K
In file included from [01m[K/home/emily/sa-mrbt_ws/src/simplified_marine_sim/include/world.hpp:8[m[K,
                 from [01m[K/home/emily/sa-mrbt_ws/src/simplified_marine_sim/src/greedy.cpp:6[m[K:
[01m[K/home/emily/sa-mrbt_ws/src/simplified_marine_sim/include/robot.hpp:[m[K In member function ‘[01m[Kstd::unordered_map<int, std::unordered_map<int, bool> >& Robot::getSubtaskFailures()[m[K’:
[01m[K/home/emily/sa-mrbt_ws/src/simplified_marine_sim/include/robot.hpp:95:91:[m[K [01;31m[Kerror: [m[K‘[01m[Ksubtask_failures[m[K’ was not declared in this scope; did you mean ‘[01m[KgetSubtaskFailures[m[K’?
   95 |     std::unordered_map<int, std::unordered_map<int, bool>>& getSubtaskFailures() { return [01;31m[Ksubtask_failures[m[K; } // Used for messaging
      |                                                                                           [01;31m[K^~~~~~~~~~~~~~~~[m[K
      |                                                                                           [32m[KgetSubtaskFailures[m[K
In file included from [01m[K/home/emily/sa-mrbt_ws/src/simplified_marine_sim/include/world.hpp:8[m[K,
                 from [01m[K/home/emily/sa-mrbt_ws/src/simplified_marine_sim/src/robot.cpp:5[m[K:
[01m[K/home/emily/sa-mrbt_ws/src/simplified_marine_sim/include/robot.hpp:[m[K In member function ‘[01m[Kstd::unordered_map<int, std::unordered_map<int, bool> >& Robot::getSubtaskFailures()[m[K’:
[01m[K/home/emily/sa-mrbt_ws/src/simplified_marine_sim/include/robot.hpp:95:91:[m[K [01;31m[Kerror: [m[K‘[01m[Ksubtask_failures[m[K’ was not declared in this scope; did you mean ‘[01m[KgetSubtaskFailures[m[K’?
   95 |     std::unordered_map<int, std::unordered_map<int, bool>>& getSubtaskFailures() { return [01;31m[Ksubtask_failures[m[K; } // Used for messaging
      |                                                                                           [01;31m[K^~~~~~~~~~~~~~~~[m[K
      |                                                                                           [32m[KgetSubtaskFailures[m[K
In file included from [01m[K/home/emily/sa-mrbt_ws/src/simplified_marine_sim/include/world.hpp:8[m[K,
                 from [01m[K/home/emily/sa-mrbt_ws/src/simplified_marine_sim/src/CBBA.cpp:6[m[K:
[01m[K/home/emily/sa-mrbt_ws/src/simplified_marine_sim/include/robot.hpp:[m[K In member function ‘[01m[Kstd::unordered_map<int, std::unordered_map<int, bool> >& Robot::getSubtaskFailures()[m[K’:
[01m[K/home/emily/sa-mrbt_ws/src/simplified_marine_sim/include/robot.hpp:95:91:[m[K [01;31m[Kerror: [m[K‘[01m[Ksubtask_failures[m[K’ was not declared in this scope; did you mean ‘[01m[KgetSubtaskFailures[m[K’?
   95 |     std::unordered_map<int, std::unordered_map<int, bool>>& getSubtaskFailures() { return [01;31m[Ksubtask_failures[m[K; } // Used for messaging
      |                                                                                           [01;31m[K^~~~~~~~~~~~~~~~[m[K
      |                                                                                           [32m[KgetSubtaskFailures[m[K
In file included from [01m[K/home/emily/sa-mrbt_ws/src/simplified_marine_sim/include/world.hpp:8[m[K,
                 from [01m[K/home/emily/sa-mrbt_ws/src/simplified_marine_sim/src/sim.cpp:8[m[K:
[01m[K/home/emily/sa-mrbt_ws/src/simplified_marine_sim/include/robot.hpp:[m[K In member function ‘[01m[Kstd::unordered_map<int, std::unordered_map<int, bool> >& Robot::getSubtaskFailures()[m[K’:
[01m[K/home/emily/sa-mrbt_ws/src/simplified_marine_sim/include/robot.hpp:95:91:[m[K [01;31m[Kerror: [m[K‘[01m[Ksubtask_failures[m[K’ was not declared in this scope; did you mean ‘[01m[KgetSubtaskFailures[m[K’?
   95 |     std::unordered_map<int, std::unordered_map<int, bool>>& getSubtaskFailures() { return [01;31m[Ksubtask_failures[m[K; } // Used for messaging
      |                                                                                           [01;31m[K^~~~~~~~~~~~~~~~[m[K
      |                                                                                           [32m[KgetSubtaskFailures[m[K
In file included from [01m[K/home/emily/sa-mrbt_ws/src/simplified_marine_sim/include/world.hpp:8[m[K,
                 from [01m[K/home/emily/sa-mrbt_ws/src/simplified_marine_sim/src/world.cpp:4[m[K:
[01m[K/home/emily/sa-mrbt_ws/src/simplified_marine_sim/include/robot.hpp:[m[K In member function ‘[01m[Kstd::unordered_map<int, std::unordered_map<int, bool> >& Robot::getSubtaskFailures()[m[K’:
[01m[K/home/emily/sa-mrbt_ws/src/simplified_marine_sim/include/robot.hpp:95:91:[m[K [01;31m[Kerror: [m[K‘[01m[Ksubtask_failures[m[K’ was not declared in this scope; did you mean ‘[01m[KgetSubtaskFailures[m[K’?
   95 |     std::unordered_map<int, std::unordered_map<int, bool>>& getSubtaskFailures() { return [01;31m[Ksubtask_failures[m[K; } // Used for messaging
      |                                                                                           [01;31m[K^~~~~~~~~~~~~~~~[m[K
      |                                                                                           [32m[KgetSubtaskFailures[m[K
In file included from [01m[K/home/emily/sa-mrbt_ws/src/simplified_marine_sim/include/world.hpp:8[m[K,
                 from [01m[K/home/emily/sa-mrbt_ws/src/simplified_marine_sim/src/planners.cpp:4[m[K:
[01m[K/home/emily/sa-mrbt_ws/src/simplified_marine_sim/include/robot.hpp:[m[K In member function ‘[01m[Kstd::unordered_map<int, std::unordered_map<int, bool> >& Robot::getSubtaskFailures()[m[K’:
[01m[K/home/emily/sa-mrbt_ws/src/simplified_marine_sim/include/robot.hpp:95:91:[m[K [01;31m[Kerror: [m[K‘[01m[Ksubtask_failures[m[K’ was not declared in this scope; did you mean ‘[01m[KgetSubtaskFailures[m[K’?
   95 |     std::unordered_map<int, std::unordered_map<int, bool>>& getSubtaskFailures() { return [01;31m[Ksubtask_failures[m[K; } // Used for messaging
      |                                                                                           [01;31m[K^~~~~~~~~~~~~~~~[m[K
      |                                                                                           [32m[KgetSubtaskFailures[m[K
In file included from [01m[K/home/emily/sa-mrbt_ws/src/simplified_marine_sim/include/world.hpp:8[m[K,
                 from [01m[K/home/emily/sa-mrbt_ws/src/simplified_marine_sim/src/CBGA.cpp:6[m[K:
[01m[K/home/emily/sa-mrbt_ws/src/simplified_marine_sim/include/robot.hpp:[m[K In member function ‘[01m[Kstd::unordered_map<int, std::unordered_map<int, bool> >& Robot::getSubtaskFailures()[m[K’:
[01m[K/home/emily/sa-mrbt_ws/src/simplified_marine_sim/include/robot.hpp:95:91:[m[K [01;31m[Kerror: [m[K‘[01m[Ksubtask_failures[m[K’ was not declared in this scope; did you mean ‘[01m[KgetSubtaskFailures[m[K’?
   95 |     std::unordered_map<int, std::unordered_map<int, bool>>& getSubtaskFailures() { return [01;31m[Ksubtask_failures[m[K; } // Used for messaging
      |                                                                                           [01;31m[K^~~~~~~~~~~~~~~~[m[K
      |                                                                                           [32m[KgetSubtaskFailures[m[K
In file included from [01m[K/home/emily/sa-mrbt_ws/src/simplified_marine_sim/include/world.hpp:8[m[K,
                 from [01m[K/home/emily/sa-mrbt_ws/src/simplified_marine_sim/include/behavior_tree.hpp:7[m[K,
                 from [01m[K/home/emily/sa-mrbt_ws/src/simplified_marine_sim/src/behavior_tree.cpp:1[m[K:
[01m[K/home/emily/sa-mrbt_ws/src/simplified_marine_sim/include/robot.hpp:[m[K In member function ‘[01m[Kstd::unordered_map<int, std::unordered_map<int, bool> >& Robot::getSubtaskFailures()[m[K’:
[01m[K/home/emily/sa-mrbt_ws/src/simplified_marine_sim/include/robot.hpp:95:91:[m[K [01;31m[Kerror: [m[K‘[01m[Ksubtask_failures[m[K’ was not declared in this scope; did you mean ‘[01m[KgetSubtaskFailures[m[K’?
   95 |     std::unordered_map<int, std::unordered_map<int, bool>>& getSubtaskFailures() { return [01;31m[Ksubtask_failures[m[K; } // Used for messaging
      |                                                                                           [01;31m[K^~~~~~~~~~~~~~~~[m[K
      |                                                                                           [32m[KgetSubtaskFailures[m[K
gmake[2]: *** [CMakeFiles/sim.dir/build.make:132: CMakeFiles/sim.dir/src/message.cpp.o] Error 1
gmake[2]: *** Waiting for unfinished jobs....
gmake[2]: *** [CMakeFiles/sim.dir/build.make:216: CMakeFiles/sim.dir/src/parser.cpp.o] Error 1
gmake[2]: *** [CMakeFiles/sim.dir/build.make:230: CMakeFiles/sim.dir/src/greedy.cpp.o] Error 1
gmake[2]: *** [CMakeFiles/sim.dir/build.make:90: CMakeFiles/sim.dir/src/CBBA.cpp.o] Error 1
gmake[2]: *** [CMakeFiles/sim.dir/build.make:174: CMakeFiles/sim.dir/src/planners.cpp.o] Error 1
gmake[2]: *** [CMakeFiles/sim.dir/build.make:104: CMakeFiles/sim.dir/src/CBGA.cpp.o] Error 1
gmake[2]: *** [CMakeFiles/sim.dir/build.make:160: CMakeFiles/sim.dir/src/world.cpp.o] Error 1
[01m[K/home/emily/sa-mrbt_ws/src/simplified_marine_sim/src/robot.cpp:[m[K In member function ‘[01m[Kbool Robot::getSubtaskFailure(int, int)[m[K’:
[01m[K/home/emily/sa-mrbt_ws/src/simplified_marine_sim/src/robot.cpp:282:12:[m[K [01;31m[Kerror: [m[K‘[01m[Ksubtask_failures[m[K’ was not declared in this scope; did you mean ‘[01m[KgetSubtaskFailures[m[K’?
  282 |     return [01;31m[Ksubtask_failures[m[K.at(subtask_id).at(agent_id);
      |            [01;31m[K^~~~~~~~~~~~~~~~[m[K
      |            [32m[KgetSubtaskFailures[m[K
[01m[K/home/emily/sa-mrbt_ws/src/simplified_marine_sim/src/robot.cpp:[m[K In member function ‘[01m[Kvoid Robot::setSubtaskFailure(int, int, bool)[m[K’:
[01m[K/home/emily/sa-mrbt_ws/src/simplified_marine_sim/src/robot.cpp:286:5:[m[K [01;31m[Kerror: [m[K‘[01m[Ksubtask_failures[m[K’ was not declared in this scope; did you mean ‘[01m[KgetSubtaskFailures[m[K’?
  286 |     [01;31m[Ksubtask_failures[m[K[subtask_id][agent_id] = failed;
      |     [01;31m[K^~~~~~~~~~~~~~~~[m[K
      |     [32m[KgetSubtaskFailures[m[K
[01m[K/home/emily/sa-mrbt_ws/src/simplified_marine_sim/src/robot.cpp:[m[K In member function ‘[01m[Kvoid Robot::updateSubtaskFailuresPerNeighbors()[m[K’:
[01m[K/home/emily/sa-mrbt_ws/src/simplified_marine_sim/src/robot.cpp:297:5:[m[K [01;31m[Kerror: [m[K‘[01m[Kprev_subtask_failures[m[K’ was not declared in this scope; did you mean ‘[01m[KgetSubtaskFailures[m[K’?
  297 |     [01;31m[Kprev_subtask_failures[m[K = subtask_failures;
      |     [01;31m[K^~~~~~~~~~~~~~~~~~~~~[m[K
      |     [32m[KgetSubtaskFailures[m[K
[01m[K/home/emily/sa-mrbt_ws/src/simplified_marine_sim/src/robot.cpp:297:29:[m[K [01;31m[Kerror: [m[K‘[01m[Ksubtask_failures[m[K’ was not declared in this scope; did you mean ‘[01m[KgetSubtaskFailures[m[K’?
  297 |     prev_subtask_failures = [01;31m[Ksubtask_failures[m[K;
      |                             [01;31m[K^~~~~~~~~~~~~~~~[m[K
      |                             [32m[KgetSubtaskFailures[m[K
[01m[K/home/emily/sa-mrbt_ws/src/simplified_marine_sim/src/robot.cpp:[m[K In member function ‘[01m[Kvoid Robot::testNewNeighborSubtaskFailures()[m[K’:
[01m[K/home/emily/sa-mrbt_ws/src/simplified_marine_sim/src/robot.cpp:347:28:[m[K [01;31m[Kerror: [m[K‘[01m[Kprev_subtask_failures[m[K’ was not declared in this scope; did you mean ‘[01m[KgetSubtaskFailures[m[K’?
  347 |     utils::logUnorderedMap([01;31m[Kprev_subtask_failures[m[K, *this);
      |                            [01;31m[K^~~~~~~~~~~~~~~~~~~~~[m[K
      |                            [32m[KgetSubtaskFailures[m[K
[01m[K/home/emily/sa-mrbt_ws/src/simplified_marine_sim/src/robot.cpp:349:28:[m[K [01;31m[Kerror: [m[K‘[01m[Ksubtask_failures[m[K’ was not declared in this scope; did you mean ‘[01m[KgetSubtaskFailures[m[K’?
  349 |     utils::logUnorderedMap([01;31m[Ksubtask_failures[m[K, *this);
      |                            [01;31m[K^~~~~~~~~~~~~~~~[m[K
      |                            [32m[KgetSubtaskFailures[m[K
[01m[K/home/emily/sa-mrbt_ws/src/simplified_marine_sim/src/robot.cpp:[m[K In member function ‘[01m[Kstd::pair<bool, std::vector<int> > Robot::newNeighborSubtaskFailures()[m[K’:
[01m[K/home/emily/sa-mrbt_ws/src/simplified_marine_sim/src/robot.cpp:391:9:[m[K [01;31m[Kerror: [m[K‘[01m[Kprev_subtask_failures[m[K’ was not declared in this scope; did you mean ‘[01m[KgetSubtaskFailures[m[K’?
  391 |     if ([01;31m[Kprev_subtask_failures[m[K == subtask_failures) {
      |         [01;31m[K^~~~~~~~~~~~~~~~~~~~~[m[K
      |         [32m[KgetSubtaskFailures[m[K
[01m[K/home/emily/sa-mrbt_ws/src/simplified_marine_sim/src/robot.cpp:391:34:[m[K [01;31m[Kerror: [m[K‘[01m[Ksubtask_failures[m[K’ was not declared in this scope; did you mean ‘[01m[KgetSubtaskFailures[m[K’?
  391 |     if (prev_subtask_failures == [01;31m[Ksubtask_failures[m[K) {
      |                                  [01;31m[K^~~~~~~~~~~~~~~~[m[K
      |                                  [32m[KgetSubtaskFailures[m[K
[01m[K/home/emily/sa-mrbt_ws/src/simplified_marine_sim/src/robot.cpp:[m[K In member function ‘[01m[Kstd::pair<bool, std::vector<int> > Robot::newSelfSubtaskFailures()[m[K’:
[01m[K/home/emily/sa-mrbt_ws/src/simplified_marine_sim/src/robot.cpp:427:9:[m[K [01;31m[Kerror: [m[K‘[01m[Kprev_subtask_failures[m[K’ was not declared in this scope; did you mean ‘[01m[KgetSubtaskFailures[m[K’?
  427 |     if ([01;31m[Kprev_subtask_failures[m[K == subtask_failures) {
      |         [01;31m[K^~~~~~~~~~~~~~~~~~~~~[m[K
      |         [32m[KgetSubtaskFailures[m[K
[01m[K/home/emily/sa-mrbt_ws/src/simplified_marine_sim/src/robot.cpp:427:34:[m[K [01;31m[Kerror: [m[K‘[01m[Ksubtask_failures[m[K’ was not declared in this scope; did you mean ‘[01m[KgetSubtaskFailures[m[K’?
  427 |     if (prev_subtask_failures == [01;31m[Ksubtask_failures[m[K) {
      |                                  [01;31m[K^~~~~~~~~~~~~~~~[m[K
      |                                  [32m[KgetSubtaskFailures[m[K
[01m[K/home/emily/sa-mrbt_ws/src/simplified_marine_sim/src/robot.cpp:[m[K In member function ‘[01m[Kvoid Robot::testNewSelfSubtaskFailures()[m[K’:
[01m[K/home/emily/sa-mrbt_ws/src/simplified_marine_sim/src/robot.cpp:474:28:[m[K [01;31m[Kerror: [m[K‘[01m[Kprev_subtask_failures[m[K’ was not declared in this scope; did you mean ‘[01m[KgetSubtaskFailures[m[K’?
  474 |     utils::logUnorderedMap([01;31m[Kprev_subtask_failures[m[K, *this);
      |                            [01;31m[K^~~~~~~~~~~~~~~~~~~~~[m[K
      |                            [32m[KgetSubtaskFailures[m[K
[01m[K/home/emily/sa-mrbt_ws/src/simplified_marine_sim/src/robot.cpp:476:28:[m[K [01;31m[Kerror: [m[K‘[01m[Ksubtask_failures[m[K’ was not declared in this scope; did you mean ‘[01m[KgetSubtaskFailures[m[K’?
  476 |     utils::logUnorderedMap([01;31m[Ksubtask_failures[m[K, *this);
      |                            [01;31m[K^~~~~~~~~~~~~~~~[m[K
      |                            [32m[KgetSubtaskFailures[m[K
[01m[K/home/emily/sa-mrbt_ws/src/simplified_marine_sim/src/robot.cpp:[m[K In member function ‘[01m[Kvoid Robot::updateSubtaskFailuresPerSelf(std::unordered_map<int, bool>)[m[K’:
[01m[K/home/emily/sa-mrbt_ws/src/simplified_marine_sim/src/robot.cpp:498:5:[m[K [01;31m[Kerror: [m[K‘[01m[Kprev_subtask_failures[m[K’ was not declared in this scope; did you mean ‘[01m[KgetSubtaskFailures[m[K’?
  498 |     [01;31m[Kprev_subtask_failures[m[K = subtask_failures; // save previous for consistency - do we need this here? Do we need mutex?
      |     [01;31m[K^~~~~~~~~~~~~~~~~~~~~[m[K
      |     [32m[KgetSubtaskFailures[m[K
[01m[K/home/emily/sa-mrbt_ws/src/simplified_marine_sim/src/robot.cpp:498:29:[m[K [01;31m[Kerror: [m[K‘[01m[Ksubtask_failures[m[K’ was not declared in this scope; did you mean ‘[01m[KgetSubtaskFailures[m[K’?
  498 |     prev_subtask_failures = [01;31m[Ksubtask_failures[m[K; // save previous for consistency - do we need this here? Do we need mutex?
      |                             [01;31m[K^~~~~~~~~~~~~~~~[m[K
      |                             [32m[KgetSubtaskFailures[m[K
gmake[2]: *** [CMakeFiles/sim.dir/build.make:202: CMakeFiles/sim.dir/src/behavior_tree.cpp.o] Error 1
[01m[K/home/emily/sa-mrbt_ws/src/simplified_marine_sim/src/robot.cpp:[m[K In member function ‘[01m[Kstd::pair<std::pair<int, bool>, std::map<int, int> > Robot::HandleFailures(std::unordered_map<int, bool>)[m[K’:
[01m[K/home/emily/sa-mrbt_ws/src/simplified_marine_sim/src/robot.cpp:1785:30:[m[K [01;31m[Kerror: [m[K‘[01m[Kprev_subtask_failures[m[K’ was not declared in this scope; did you mean ‘[01m[Kcurrent_subtask_failures[m[K’?
 1785 |     utils::log2DUnorderedMap([01;31m[Kprev_subtask_failures[m[K, *this);
      |                              [01;31m[K^~~~~~~~~~~~~~~~~~~~~[m[K
      |                              [32m[Kcurrent_subtask_failures[m[K
[01m[K/home/emily/sa-mrbt_ws/src/simplified_marine_sim/src/robot.cpp:1787:30:[m[K [01;31m[Kerror: [m[K‘[01m[Ksubtask_failures[m[K’ was not declared in this scope; did you mean ‘[01m[KgetSubtaskFailures[m[K’?
 1787 |     utils::log2DUnorderedMap([01;31m[Ksubtask_failures[m[K, *this);
      |                              [01;31m[K^~~~~~~~~~~~~~~~[m[K
      |                              [32m[KgetSubtaskFailures[m[K
gmake[2]: *** [CMakeFiles/sim.dir/build.make:76: CMakeFiles/sim.dir/src/sim.cpp.o] Error 1
gmake[2]: *** [CMakeFiles/sim.dir/build.make:188: CMakeFiles/sim.dir/src/robot.cpp.o] Error 1
gmake[1]: *** [CMakeFiles/Makefile2:137: CMakeFiles/sim.dir/all] Error 2
gmake: *** [Makefile:146: all] Error 2
