[0.006s] Invoking command in '/home/emily/sa-mrbt_ws/build/simulator': CMAKE_PREFIX_PATH=/home/emily/sa-mrbt_ws/install/behaviortree_cpp:/home/emily/sa-mrbt_ws/install/simulator:/opt/ros/iron /usr/bin/cmake --build /home/emily/sa-mrbt_ws/build/simulator -- -j12 -l12
[0.038s] [35m[1mConsolidate compiler generated dependencies of target sim[0m
[0.062s] [  7%] [32mBuilding CXX object CMakeFiles/sim.dir/src/CBGA.cpp.o[0m
[0.062s] [ 15%] [32mBuilding CXX object CMakeFiles/sim.dir/src/sim.cpp.o[0m
[0.062s] [ 23%] [32mBuilding CXX object CMakeFiles/sim.dir/src/message.cpp.o[0m
[0.062s] [ 30%] [32mBuilding CXX object CMakeFiles/sim.dir/src/CBBA.cpp.o[0m
[0.063s] [ 38%] [32mBuilding CXX object CMakeFiles/sim.dir/src/world.cpp.o[0m
[0.065s] [ 46%] [32mBuilding CXX object CMakeFiles/sim.dir/src/robot.cpp.o[0m
[0.065s] [ 53%] [32mBuilding CXX object CMakeFiles/sim.dir/src/planners.cpp.o[0m
[0.067s] [ 61%] [32mBuilding CXX object CMakeFiles/sim.dir/src/behavior_tree.cpp.o[0m
[0.067s] [ 69%] [32mBuilding CXX object CMakeFiles/sim.dir/src/greedy.cpp.o[0m
[0.068s] [ 76%] [32mBuilding CXX object CMakeFiles/sim.dir/src/parser.cpp.o[0m
[2.222s] In file included from [01m[K/home/emily/sa-mrbt_ws/src/simplified_marine_sim/include/world.hpp:8[m[K,
[2.222s]                  from [01m[K/home/emily/sa-mrbt_ws/src/simplified_marine_sim/include/message.hpp:6[m[K,
[2.222s]                  from [01m[K/home/emily/sa-mrbt_ws/src/simplified_marine_sim/src/message.cpp:2[m[K:
[2.222s] [01m[K/home/emily/sa-mrbt_ws/src/simplified_marine_sim/include/robot.hpp:[m[K In member function ‘[01m[Kstd::unordered_map<int, std::unordered_map<int, bool> >& Robot::getSubtaskFailures()[m[K’:
[2.222s] [01m[K/home/emily/sa-mrbt_ws/src/simplified_marine_sim/include/robot.hpp:95:91:[m[K [01;31m[Kerror: [m[K‘[01m[Ksubtask_failures[m[K’ was not declared in this scope; did you mean ‘[01m[KgetSubtaskFailures[m[K’?
[2.222s]    95 |     std::unordered_map<int, std::unordered_map<int, bool>>& getSubtaskFailures() { return [01;31m[Ksubtask_failures[m[K; } // Used for messaging
[2.223s]       |                                                                                           [01;31m[K^~~~~~~~~~~~~~~~[m[K
[2.223s]       |                                                                                           [32m[KgetSubtaskFailures[m[K
[2.260s] In file included from [01m[K/home/emily/sa-mrbt_ws/src/simplified_marine_sim/include/utils.hpp:7[m[K,
[2.260s]                  from [01m[K/home/emily/sa-mrbt_ws/src/simplified_marine_sim/src/parser.cpp:7[m[K:
[2.260s] [01m[K/home/emily/sa-mrbt_ws/src/simplified_marine_sim/include/robot.hpp:[m[K In member function ‘[01m[Kstd::unordered_map<int, std::unordered_map<int, bool> >& Robot::getSubtaskFailures()[m[K’:
[2.260s] [01m[K/home/emily/sa-mrbt_ws/src/simplified_marine_sim/include/robot.hpp:95:91:[m[K [01;31m[Kerror: [m[K‘[01m[Ksubtask_failures[m[K’ was not declared in this scope; did you mean ‘[01m[KgetSubtaskFailures[m[K’?
[2.260s]    95 |     std::unordered_map<int, std::unordered_map<int, bool>>& getSubtaskFailures() { return [01;31m[Ksubtask_failures[m[K; } // Used for messaging
[2.260s]       |                                                                                           [01;31m[K^~~~~~~~~~~~~~~~[m[K
[2.260s]       |                                                                                           [32m[KgetSubtaskFailures[m[K
[2.767s] In file included from [01m[K/home/emily/sa-mrbt_ws/src/simplified_marine_sim/include/world.hpp:8[m[K,
[2.768s]                  from [01m[K/home/emily/sa-mrbt_ws/src/simplified_marine_sim/src/greedy.cpp:6[m[K:
[2.768s] [01m[K/home/emily/sa-mrbt_ws/src/simplified_marine_sim/include/robot.hpp:[m[K In member function ‘[01m[Kstd::unordered_map<int, std::unordered_map<int, bool> >& Robot::getSubtaskFailures()[m[K’:
[2.768s] [01m[K/home/emily/sa-mrbt_ws/src/simplified_marine_sim/include/robot.hpp:95:91:[m[K [01;31m[Kerror: [m[K‘[01m[Ksubtask_failures[m[K’ was not declared in this scope; did you mean ‘[01m[KgetSubtaskFailures[m[K’?
[2.768s]    95 |     std::unordered_map<int, std::unordered_map<int, bool>>& getSubtaskFailures() { return [01;31m[Ksubtask_failures[m[K; } // Used for messaging
[2.768s]       |                                                                                           [01;31m[K^~~~~~~~~~~~~~~~[m[K
[2.768s]       |                                                                                           [32m[KgetSubtaskFailures[m[K
[2.918s] In file included from [01m[K/home/emily/sa-mrbt_ws/src/simplified_marine_sim/include/world.hpp:8[m[K,
[2.918s]                  from [01m[K/home/emily/sa-mrbt_ws/src/simplified_marine_sim/src/robot.cpp:5[m[K:
[2.919s] [01m[K/home/emily/sa-mrbt_ws/src/simplified_marine_sim/include/robot.hpp:[m[K In member function ‘[01m[Kstd::unordered_map<int, std::unordered_map<int, bool> >& Robot::getSubtaskFailures()[m[K’:
[2.919s] [01m[K/home/emily/sa-mrbt_ws/src/simplified_marine_sim/include/robot.hpp:95:91:[m[K [01;31m[Kerror: [m[K‘[01m[Ksubtask_failures[m[K’ was not declared in this scope; did you mean ‘[01m[KgetSubtaskFailures[m[K’?
[2.919s]    95 |     std::unordered_map<int, std::unordered_map<int, bool>>& getSubtaskFailures() { return [01;31m[Ksubtask_failures[m[K; } // Used for messaging
[2.919s]       |                                                                                           [01;31m[K^~~~~~~~~~~~~~~~[m[K
[2.919s]       |                                                                                           [32m[KgetSubtaskFailures[m[K
[3.023s] In file included from [01m[K/home/emily/sa-mrbt_ws/src/simplified_marine_sim/include/world.hpp:8[m[K,
[3.023s]                  from [01m[K/home/emily/sa-mrbt_ws/src/simplified_marine_sim/src/CBBA.cpp:6[m[K:
[3.024s] [01m[K/home/emily/sa-mrbt_ws/src/simplified_marine_sim/include/robot.hpp:[m[K In member function ‘[01m[Kstd::unordered_map<int, std::unordered_map<int, bool> >& Robot::getSubtaskFailures()[m[K’:
[3.024s] [01m[K/home/emily/sa-mrbt_ws/src/simplified_marine_sim/include/robot.hpp:95:91:[m[K [01;31m[Kerror: [m[K‘[01m[Ksubtask_failures[m[K’ was not declared in this scope; did you mean ‘[01m[KgetSubtaskFailures[m[K’?
[3.024s]    95 |     std::unordered_map<int, std::unordered_map<int, bool>>& getSubtaskFailures() { return [01;31m[Ksubtask_failures[m[K; } // Used for messaging
[3.024s]       |                                                                                           [01;31m[K^~~~~~~~~~~~~~~~[m[K
[3.024s]       |                                                                                           [32m[KgetSubtaskFailures[m[K
[3.024s] In file included from [01m[K/home/emily/sa-mrbt_ws/src/simplified_marine_sim/include/world.hpp:8[m[K,
[3.024s]                  from [01m[K/home/emily/sa-mrbt_ws/src/simplified_marine_sim/src/sim.cpp:8[m[K:
[3.024s] [01m[K/home/emily/sa-mrbt_ws/src/simplified_marine_sim/include/robot.hpp:[m[K In member function ‘[01m[Kstd::unordered_map<int, std::unordered_map<int, bool> >& Robot::getSubtaskFailures()[m[K’:
[3.024s] [01m[K/home/emily/sa-mrbt_ws/src/simplified_marine_sim/include/robot.hpp:95:91:[m[K [01;31m[Kerror: [m[K‘[01m[Ksubtask_failures[m[K’ was not declared in this scope; did you mean ‘[01m[KgetSubtaskFailures[m[K’?
[3.025s]    95 |     std::unordered_map<int, std::unordered_map<int, bool>>& getSubtaskFailures() { return [01;31m[Ksubtask_failures[m[K; } // Used for messaging
[3.025s]       |                                                                                           [01;31m[K^~~~~~~~~~~~~~~~[m[K
[3.025s]       |                                                                                           [32m[KgetSubtaskFailures[m[K
[3.033s] In file included from [01m[K/home/emily/sa-mrbt_ws/src/simplified_marine_sim/include/world.hpp:8[m[K,
[3.033s]                  from [01m[K/home/emily/sa-mrbt_ws/src/simplified_marine_sim/src/world.cpp:4[m[K:
[3.033s] [01m[K/home/emily/sa-mrbt_ws/src/simplified_marine_sim/include/robot.hpp:[m[K In member function ‘[01m[Kstd::unordered_map<int, std::unordered_map<int, bool> >& Robot::getSubtaskFailures()[m[K’:
[3.033s] [01m[K/home/emily/sa-mrbt_ws/src/simplified_marine_sim/include/robot.hpp:95:91:[m[K [01;31m[Kerror: [m[K‘[01m[Ksubtask_failures[m[K’ was not declared in this scope; did you mean ‘[01m[KgetSubtaskFailures[m[K’?
[3.033s]    95 |     std::unordered_map<int, std::unordered_map<int, bool>>& getSubtaskFailures() { return [01;31m[Ksubtask_failures[m[K; } // Used for messaging
[3.033s]       |                                                                                           [01;31m[K^~~~~~~~~~~~~~~~[m[K
[3.034s]       |                                                                                           [32m[KgetSubtaskFailures[m[K
[3.038s] In file included from [01m[K/home/emily/sa-mrbt_ws/src/simplified_marine_sim/include/world.hpp:8[m[K,
[3.038s]                  from [01m[K/home/emily/sa-mrbt_ws/src/simplified_marine_sim/src/planners.cpp:4[m[K:
[3.038s] [01m[K/home/emily/sa-mrbt_ws/src/simplified_marine_sim/include/robot.hpp:[m[K In member function ‘[01m[Kstd::unordered_map<int, std::unordered_map<int, bool> >& Robot::getSubtaskFailures()[m[K’:
[3.038s] [01m[K/home/emily/sa-mrbt_ws/src/simplified_marine_sim/include/robot.hpp:95:91:[m[K [01;31m[Kerror: [m[K‘[01m[Ksubtask_failures[m[K’ was not declared in this scope; did you mean ‘[01m[KgetSubtaskFailures[m[K’?
[3.038s]    95 |     std::unordered_map<int, std::unordered_map<int, bool>>& getSubtaskFailures() { return [01;31m[Ksubtask_failures[m[K; } // Used for messaging
[3.038s]       |                                                                                           [01;31m[K^~~~~~~~~~~~~~~~[m[K
[3.038s]       |                                                                                           [32m[KgetSubtaskFailures[m[K
[3.043s] In file included from [01m[K/home/emily/sa-mrbt_ws/src/simplified_marine_sim/include/world.hpp:8[m[K,
[3.044s]                  from [01m[K/home/emily/sa-mrbt_ws/src/simplified_marine_sim/src/CBGA.cpp:6[m[K:
[3.044s] [01m[K/home/emily/sa-mrbt_ws/src/simplified_marine_sim/include/robot.hpp:[m[K In member function ‘[01m[Kstd::unordered_map<int, std::unordered_map<int, bool> >& Robot::getSubtaskFailures()[m[K’:
[3.044s] [01m[K/home/emily/sa-mrbt_ws/src/simplified_marine_sim/include/robot.hpp:95:91:[m[K [01;31m[Kerror: [m[K‘[01m[Ksubtask_failures[m[K’ was not declared in this scope; did you mean ‘[01m[KgetSubtaskFailures[m[K’?
[3.044s]    95 |     std::unordered_map<int, std::unordered_map<int, bool>>& getSubtaskFailures() { return [01;31m[Ksubtask_failures[m[K; } // Used for messaging
[3.044s]       |                                                                                           [01;31m[K^~~~~~~~~~~~~~~~[m[K
[3.044s]       |                                                                                           [32m[KgetSubtaskFailures[m[K
[3.238s] In file included from [01m[K/home/emily/sa-mrbt_ws/src/simplified_marine_sim/include/world.hpp:8[m[K,
[3.238s]                  from [01m[K/home/emily/sa-mrbt_ws/src/simplified_marine_sim/include/behavior_tree.hpp:7[m[K,
[3.238s]                  from [01m[K/home/emily/sa-mrbt_ws/src/simplified_marine_sim/src/behavior_tree.cpp:1[m[K:
[3.238s] [01m[K/home/emily/sa-mrbt_ws/src/simplified_marine_sim/include/robot.hpp:[m[K In member function ‘[01m[Kstd::unordered_map<int, std::unordered_map<int, bool> >& Robot::getSubtaskFailures()[m[K’:
[3.238s] [01m[K/home/emily/sa-mrbt_ws/src/simplified_marine_sim/include/robot.hpp:95:91:[m[K [01;31m[Kerror: [m[K‘[01m[Ksubtask_failures[m[K’ was not declared in this scope; did you mean ‘[01m[KgetSubtaskFailures[m[K’?
[3.239s]    95 |     std::unordered_map<int, std::unordered_map<int, bool>>& getSubtaskFailures() { return [01;31m[Ksubtask_failures[m[K; } // Used for messaging
[3.239s]       |                                                                                           [01;31m[K^~~~~~~~~~~~~~~~[m[K
[3.239s]       |                                                                                           [32m[KgetSubtaskFailures[m[K
[3.243s] gmake[2]: *** [CMakeFiles/sim.dir/build.make:132: CMakeFiles/sim.dir/src/message.cpp.o] Error 1
[3.243s] gmake[2]: *** Waiting for unfinished jobs....
[3.736s] gmake[2]: *** [CMakeFiles/sim.dir/build.make:216: CMakeFiles/sim.dir/src/parser.cpp.o] Error 1
[4.069s] gmake[2]: *** [CMakeFiles/sim.dir/build.make:230: CMakeFiles/sim.dir/src/greedy.cpp.o] Error 1
[4.314s] gmake[2]: *** [CMakeFiles/sim.dir/build.make:90: CMakeFiles/sim.dir/src/CBBA.cpp.o] Error 1
[4.378s] gmake[2]: *** [CMakeFiles/sim.dir/build.make:174: CMakeFiles/sim.dir/src/planners.cpp.o] Error 1
[4.578s] gmake[2]: *** [CMakeFiles/sim.dir/build.make:104: CMakeFiles/sim.dir/src/CBGA.cpp.o] Error 1
[4.740s] gmake[2]: *** [CMakeFiles/sim.dir/build.make:160: CMakeFiles/sim.dir/src/world.cpp.o] Error 1
[4.961s] [01m[K/home/emily/sa-mrbt_ws/src/simplified_marine_sim/src/robot.cpp:[m[K In member function ‘[01m[Kbool Robot::getSubtaskFailure(int, int)[m[K’:
[4.961s] [01m[K/home/emily/sa-mrbt_ws/src/simplified_marine_sim/src/robot.cpp:282:12:[m[K [01;31m[Kerror: [m[K‘[01m[Ksubtask_failures[m[K’ was not declared in this scope; did you mean ‘[01m[KgetSubtaskFailures[m[K’?
[4.961s]   282 |     return [01;31m[Ksubtask_failures[m[K.at(subtask_id).at(agent_id);
[4.961s]       |            [01;31m[K^~~~~~~~~~~~~~~~[m[K
[4.961s]       |            [32m[KgetSubtaskFailures[m[K
[4.969s] [01m[K/home/emily/sa-mrbt_ws/src/simplified_marine_sim/src/robot.cpp:[m[K In member function ‘[01m[Kvoid Robot::setSubtaskFailure(int, int, bool)[m[K’:
[4.969s] [01m[K/home/emily/sa-mrbt_ws/src/simplified_marine_sim/src/robot.cpp:286:5:[m[K [01;31m[Kerror: [m[K‘[01m[Ksubtask_failures[m[K’ was not declared in this scope; did you mean ‘[01m[KgetSubtaskFailures[m[K’?
[4.969s]   286 |     [01;31m[Ksubtask_failures[m[K[subtask_id][agent_id] = failed;
[4.969s]       |     [01;31m[K^~~~~~~~~~~~~~~~[m[K
[4.969s]       |     [32m[KgetSubtaskFailures[m[K
[4.978s] [01m[K/home/emily/sa-mrbt_ws/src/simplified_marine_sim/src/robot.cpp:[m[K In member function ‘[01m[Kvoid Robot::updateSubtaskFailuresPerNeighbors()[m[K’:
[4.978s] [01m[K/home/emily/sa-mrbt_ws/src/simplified_marine_sim/src/robot.cpp:297:5:[m[K [01;31m[Kerror: [m[K‘[01m[Kprev_subtask_failures[m[K’ was not declared in this scope; did you mean ‘[01m[KgetSubtaskFailures[m[K’?
[4.978s]   297 |     [01;31m[Kprev_subtask_failures[m[K = subtask_failures;
[4.978s]       |     [01;31m[K^~~~~~~~~~~~~~~~~~~~~[m[K
[4.979s]       |     [32m[KgetSubtaskFailures[m[K
[4.987s] [01m[K/home/emily/sa-mrbt_ws/src/simplified_marine_sim/src/robot.cpp:297:29:[m[K [01;31m[Kerror: [m[K‘[01m[Ksubtask_failures[m[K’ was not declared in this scope; did you mean ‘[01m[KgetSubtaskFailures[m[K’?
[4.987s]   297 |     prev_subtask_failures = [01;31m[Ksubtask_failures[m[K;
[4.987s]       |                             [01;31m[K^~~~~~~~~~~~~~~~[m[K
[4.987s]       |                             [32m[KgetSubtaskFailures[m[K
[4.998s] [01m[K/home/emily/sa-mrbt_ws/src/simplified_marine_sim/src/robot.cpp:[m[K In member function ‘[01m[Kvoid Robot::testNewNeighborSubtaskFailures()[m[K’:
[4.998s] [01m[K/home/emily/sa-mrbt_ws/src/simplified_marine_sim/src/robot.cpp:347:28:[m[K [01;31m[Kerror: [m[K‘[01m[Kprev_subtask_failures[m[K’ was not declared in this scope; did you mean ‘[01m[KgetSubtaskFailures[m[K’?
[4.998s]   347 |     utils::logUnorderedMap([01;31m[Kprev_subtask_failures[m[K, *this);
[4.998s]       |                            [01;31m[K^~~~~~~~~~~~~~~~~~~~~[m[K
[4.998s]       |                            [32m[KgetSubtaskFailures[m[K
[5.007s] [01m[K/home/emily/sa-mrbt_ws/src/simplified_marine_sim/src/robot.cpp:349:28:[m[K [01;31m[Kerror: [m[K‘[01m[Ksubtask_failures[m[K’ was not declared in this scope; did you mean ‘[01m[KgetSubtaskFailures[m[K’?
[5.007s]   349 |     utils::logUnorderedMap([01;31m[Ksubtask_failures[m[K, *this);
[5.007s]       |                            [01;31m[K^~~~~~~~~~~~~~~~[m[K
[5.007s]       |                            [32m[KgetSubtaskFailures[m[K
[5.018s] [01m[K/home/emily/sa-mrbt_ws/src/simplified_marine_sim/src/robot.cpp:[m[K In member function ‘[01m[Kstd::pair<bool, std::vector<int> > Robot::newNeighborSubtaskFailures()[m[K’:
[5.018s] [01m[K/home/emily/sa-mrbt_ws/src/simplified_marine_sim/src/robot.cpp:391:9:[m[K [01;31m[Kerror: [m[K‘[01m[Kprev_subtask_failures[m[K’ was not declared in this scope; did you mean ‘[01m[KgetSubtaskFailures[m[K’?
[5.018s]   391 |     if ([01;31m[Kprev_subtask_failures[m[K == subtask_failures) {
[5.018s]       |         [01;31m[K^~~~~~~~~~~~~~~~~~~~~[m[K
[5.019s]       |         [32m[KgetSubtaskFailures[m[K
[5.027s] [01m[K/home/emily/sa-mrbt_ws/src/simplified_marine_sim/src/robot.cpp:391:34:[m[K [01;31m[Kerror: [m[K‘[01m[Ksubtask_failures[m[K’ was not declared in this scope; did you mean ‘[01m[KgetSubtaskFailures[m[K’?
[5.027s]   391 |     if (prev_subtask_failures == [01;31m[Ksubtask_failures[m[K) {
[5.027s]       |                                  [01;31m[K^~~~~~~~~~~~~~~~[m[K
[5.027s]       |                                  [32m[KgetSubtaskFailures[m[K
[5.038s] [01m[K/home/emily/sa-mrbt_ws/src/simplified_marine_sim/src/robot.cpp:[m[K In member function ‘[01m[Kstd::pair<bool, std::vector<int> > Robot::newSelfSubtaskFailures()[m[K’:
[5.038s] [01m[K/home/emily/sa-mrbt_ws/src/simplified_marine_sim/src/robot.cpp:427:9:[m[K [01;31m[Kerror: [m[K‘[01m[Kprev_subtask_failures[m[K’ was not declared in this scope; did you mean ‘[01m[KgetSubtaskFailures[m[K’?
[5.038s]   427 |     if ([01;31m[Kprev_subtask_failures[m[K == subtask_failures) {
[5.038s]       |         [01;31m[K^~~~~~~~~~~~~~~~~~~~~[m[K
[5.038s]       |         [32m[KgetSubtaskFailures[m[K
[5.047s] [01m[K/home/emily/sa-mrbt_ws/src/simplified_marine_sim/src/robot.cpp:427:34:[m[K [01;31m[Kerror: [m[K‘[01m[Ksubtask_failures[m[K’ was not declared in this scope; did you mean ‘[01m[KgetSubtaskFailures[m[K’?
[5.047s]   427 |     if (prev_subtask_failures == [01;31m[Ksubtask_failures[m[K) {
[5.047s]       |                                  [01;31m[K^~~~~~~~~~~~~~~~[m[K
[5.047s]       |                                  [32m[KgetSubtaskFailures[m[K
[5.058s] [01m[K/home/emily/sa-mrbt_ws/src/simplified_marine_sim/src/robot.cpp:[m[K In member function ‘[01m[Kvoid Robot::testNewSelfSubtaskFailures()[m[K’:
[5.058s] [01m[K/home/emily/sa-mrbt_ws/src/simplified_marine_sim/src/robot.cpp:474:28:[m[K [01;31m[Kerror: [m[K‘[01m[Kprev_subtask_failures[m[K’ was not declared in this scope; did you mean ‘[01m[KgetSubtaskFailures[m[K’?
[5.059s]   474 |     utils::logUnorderedMap([01;31m[Kprev_subtask_failures[m[K, *this);
[5.059s]       |                            [01;31m[K^~~~~~~~~~~~~~~~~~~~~[m[K
[5.059s]       |                            [32m[KgetSubtaskFailures[m[K
[5.067s] [01m[K/home/emily/sa-mrbt_ws/src/simplified_marine_sim/src/robot.cpp:476:28:[m[K [01;31m[Kerror: [m[K‘[01m[Ksubtask_failures[m[K’ was not declared in this scope; did you mean ‘[01m[KgetSubtaskFailures[m[K’?
[5.067s]   476 |     utils::logUnorderedMap([01;31m[Ksubtask_failures[m[K, *this);
[5.067s]       |                            [01;31m[K^~~~~~~~~~~~~~~~[m[K
[5.067s]       |                            [32m[KgetSubtaskFailures[m[K
[5.077s] [01m[K/home/emily/sa-mrbt_ws/src/simplified_marine_sim/src/robot.cpp:[m[K In member function ‘[01m[Kvoid Robot::updateSubtaskFailuresPerSelf(std::unordered_map<int, bool>)[m[K’:
[5.077s] [01m[K/home/emily/sa-mrbt_ws/src/simplified_marine_sim/src/robot.cpp:498:5:[m[K [01;31m[Kerror: [m[K‘[01m[Kprev_subtask_failures[m[K’ was not declared in this scope; did you mean ‘[01m[KgetSubtaskFailures[m[K’?
[5.078s]   498 |     [01;31m[Kprev_subtask_failures[m[K = subtask_failures; // save previous for consistency - do we need this here? Do we need mutex?
[5.078s]       |     [01;31m[K^~~~~~~~~~~~~~~~~~~~~[m[K
[5.078s]       |     [32m[KgetSubtaskFailures[m[K
[5.091s] [01m[K/home/emily/sa-mrbt_ws/src/simplified_marine_sim/src/robot.cpp:498:29:[m[K [01;31m[Kerror: [m[K‘[01m[Ksubtask_failures[m[K’ was not declared in this scope; did you mean ‘[01m[KgetSubtaskFailures[m[K’?
[5.091s]   498 |     prev_subtask_failures = [01;31m[Ksubtask_failures[m[K; // save previous for consistency - do we need this here? Do we need mutex?
[5.091s]       |                             [01;31m[K^~~~~~~~~~~~~~~~[m[K
[5.092s]       |                             [32m[KgetSubtaskFailures[m[K
[5.107s] gmake[2]: *** [CMakeFiles/sim.dir/build.make:202: CMakeFiles/sim.dir/src/behavior_tree.cpp.o] Error 1
[5.147s] [01m[K/home/emily/sa-mrbt_ws/src/simplified_marine_sim/src/robot.cpp:[m[K In member function ‘[01m[Kstd::pair<std::pair<int, bool>, std::map<int, int> > Robot::HandleFailures(std::unordered_map<int, bool>)[m[K’:
[5.147s] [01m[K/home/emily/sa-mrbt_ws/src/simplified_marine_sim/src/robot.cpp:1785:30:[m[K [01;31m[Kerror: [m[K‘[01m[Kprev_subtask_failures[m[K’ was not declared in this scope; did you mean ‘[01m[Kcurrent_subtask_failures[m[K’?
[5.147s]  1785 |     utils::log2DUnorderedMap([01;31m[Kprev_subtask_failures[m[K, *this);
[5.147s]       |                              [01;31m[K^~~~~~~~~~~~~~~~~~~~~[m[K
[5.147s]       |                              [32m[Kcurrent_subtask_failures[m[K
[5.156s] [01m[K/home/emily/sa-mrbt_ws/src/simplified_marine_sim/src/robot.cpp:1787:30:[m[K [01;31m[Kerror: [m[K‘[01m[Ksubtask_failures[m[K’ was not declared in this scope; did you mean ‘[01m[KgetSubtaskFailures[m[K’?
[5.156s]  1787 |     utils::log2DUnorderedMap([01;31m[Ksubtask_failures[m[K, *this);
[5.156s]       |                              [01;31m[K^~~~~~~~~~~~~~~~[m[K
[5.156s]       |                              [32m[KgetSubtaskFailures[m[K
[5.260s] gmake[2]: *** [CMakeFiles/sim.dir/build.make:76: CMakeFiles/sim.dir/src/sim.cpp.o] Error 1
[6.359s] gmake[2]: *** [CMakeFiles/sim.dir/build.make:188: CMakeFiles/sim.dir/src/robot.cpp.o] Error 1
[6.359s] gmake[1]: *** [CMakeFiles/Makefile2:137: CMakeFiles/sim.dir/all] Error 2
[6.360s] gmake: *** [Makefile:146: all] Error 2
[6.361s] Invoked command in '/home/emily/sa-mrbt_ws/build/simulator' returned '2': CMAKE_PREFIX_PATH=/home/emily/sa-mrbt_ws/install/behaviortree_cpp:/home/emily/sa-mrbt_ws/install/simulator:/opt/ros/iron /usr/bin/cmake --build /home/emily/sa-mrbt_ws/build/simulator -- -j12 -l12
