[0.008s] Invoking command in '/home/emily/sa-mrbt_ws/build/simulator': AMENT_PREFIX_PATH=/home/emily/sa-mrbt_ws/install/behaviortree_cpp:${AMENT_PREFIX_PATH} CMAKE_PREFIX_PATH=/home/emily/sa-mrbt_ws/install/behaviortree_cpp:/opt/ros/iron LD_LIBRARY_PATH=/home/emily/sa-mrbt_ws/install/behaviortree_cpp/lib:${LD_LIBRARY_PATH} PATH=/home/emily/sa-mrbt_ws/install/behaviortree_cpp/bin:${PATH} /usr/bin/cmake --build /home/emily/sa-mrbt_ws/build/simulator -- -j12 -l12
[0.053s] [35m[1mConsolidate compiler generated dependencies of target sim[0m
[0.083s] [ 15%] [32mBuilding CXX object CMakeFiles/sim.dir/src/CBGA.cpp.o[0m
[0.084s] [ 15%] [32mBuilding CXX object CMakeFiles/sim.dir/src/CBBA.cpp.o[0m
[0.084s] [ 23%] [32mBuilding CXX object CMakeFiles/sim.dir/src/sim.cpp.o[0m
[0.084s] [ 30%] [32mBuilding CXX object CMakeFiles/sim.dir/src/message.cpp.o[0m
[0.086s] [ 38%] [32mBuilding CXX object CMakeFiles/sim.dir/src/planners.cpp.o[0m
[0.086s] [ 46%] [32mBuilding CXX object CMakeFiles/sim.dir/src/world.cpp.o[0m
[0.097s] [ 53%] [32mBuilding CXX object CMakeFiles/sim.dir/src/robot.cpp.o[0m
[0.099s] [ 61%] [32mBuilding CXX object CMakeFiles/sim.dir/src/behavior_tree.cpp.o[0m
[0.102s] [ 69%] [32mBuilding CXX object CMakeFiles/sim.dir/src/parser.cpp.o[0m
[0.102s] [ 76%] [32mBuilding CXX object CMakeFiles/sim.dir/src/greedy.cpp.o[0m
[3.353s] [01m[K/home/emily/sa-mrbt_ws/src/simplified_marine_sim/src/CBGA.cpp:[m[K In member function ‘[01m[Kvoid CBGA::bundleRemove(std::vector<int>&, std::vector<int>&, std::vector<std::vector<double, std::allocator<double> > >&, bool)[m[K’:
[3.353s] [01m[K/home/emily/sa-mrbt_ws/src/simplified_marine_sim/src/CBGA.cpp:220:34:[m[K [01;31m[Kerror: [m[K‘[01m[Kwinners[m[K’ was not declared in this scope
[3.353s]   220 |         bool new_winner_found = ([01;31m[Kwinners[m[K[task_id] != robot.getID());
[3.353s]       |                                  [01;31m[K^~~~~~~[m[K
[3.362s] [01m[K/home/emily/sa-mrbt_ws/src/simplified_marine_sim/src/CBGA.cpp:235:17:[m[K [01;31m[Kerror: [m[K‘[01m[Kwinning_bids[m[K’ was not declared in this scope; did you mean ‘[01m[Kwinning_bids_matrix[m[K’?
[3.362s]   235 |                 [01;31m[Kwinning_bids[m[K[task_id] = 0.0;
[3.362s]       |                 [01;31m[K^~~~~~~~~~~~[m[K
[3.362s]       |                 [32m[Kwinning_bids_matrix[m[K
[3.366s] [01m[K/home/emily/sa-mrbt_ws/src/simplified_marine_sim/src/CBGA.cpp:[m[K In member function ‘[01m[Kvoid CBGA::testBundleRemove()[m[K’:
[3.366s] [01m[K/home/emily/sa-mrbt_ws/src/simplified_marine_sim/src/CBGA.cpp:318:17:[m[K [01;31m[Kerror: [m[Kno matching function for call to ‘[01m[KCBGA::bundleRemove(std::vector<int>&, std::vector<int>&, std::unordered_map<int, int>&, std::unordered_map<int, double>&, bool)[m[K’
[3.367s]   318 |     [01;31m[KbundleRemove(bundle,path,winners,winning_bids, true)[m[K; // Call for test 3
[3.367s]       |     [01;31m[K~~~~~~~~~~~~^~~~~~~~~~~~~~~~~~~~~~~~~~~~~~~~~~~~~~~~[m[K
[3.367s] [01m[K/home/emily/sa-mrbt_ws/src/simplified_marine_sim/src/CBGA.cpp:200:6:[m[K [01;36m[Knote: [m[Kcandidate: ‘[01m[Kvoid CBGA::bundleRemove(std::vector<int>&, std::vector<int>&, std::vector<std::vector<double, std::allocator<double> > >&, bool)[m[K’
[3.367s]   200 | void [01;36m[KCBGA[m[K::bundleRemove(std::vector<int>& bundle,
[3.367s]       |      [01;36m[K^~~~[m[K
[3.367s] [01m[K/home/emily/sa-mrbt_ws/src/simplified_marine_sim/src/CBGA.cpp:200:6:[m[K [01;36m[Knote: [m[K  candidate expects 4 arguments, 5 provided
[3.413s] [01m[K/home/emily/sa-mrbt_ws/src/simplified_marine_sim/src/CBGA.cpp:[m[K In member function ‘[01m[Kvoid CBGA::bundleAdd(std::vector<int>&, std::vector<int>&, std::map<int, double>&, std::vector<std::vector<double, std::allocator<double> > >&)[m[K’:
[3.413s] [01m[K/home/emily/sa-mrbt_ws/src/simplified_marine_sim/src/CBGA.cpp:845:46:[m[K [01;31m[Kerror: [m[K‘[01m[Kwinning_bids[m[K’ was not declared in this scope; did you mean ‘[01m[Kwinning_bids_matrix[m[K’?
[3.413s]   845 |                         if ( bids[task_id] - [01;31m[Kwinning_bids[m[K[task_id] > epsilon ) {
[3.414s]       |                                              [01;31m[K^~~~~~~~~~~~[m[K
[3.414s]       |                                              [32m[Kwinning_bids_matrix[m[K
[3.418s] [01m[K/home/emily/sa-mrbt_ws/src/simplified_marine_sim/src/world.cpp:[m[K In member function ‘[01m[Kint World::getGroupSize(std::unordered_map<std::__cxx11::basic_string<char>, int>)[m[K’:
[3.418s] [01m[K/home/emily/sa-mrbt_ws/src/simplified_marine_sim/src/world.cpp:173:23:[m[K [01;31m[Kerror: [m[K‘[01m[Kpair[m[K’ was not declared in this scope; did you mean ‘[01m[Kstd::pair[m[K’?
[3.418s]   173 |         group_size += [01;31m[Kpair[m[K.second;  // add num of robots for current robot type
[3.418s]       |                       [01;31m[K^~~~[m[K
[3.418s]       |                       [32m[Kstd::pair[m[K
[3.418s] In file included from [01m[K/usr/include/c++/11/utility:70[m[K,
[3.418s]                  from [01m[K/usr/include/c++/11/array:38[m[K,
[3.418s]                  from [01m[K/usr/include/opencv4/opencv2/core/cvdef.h:779[m[K,
[3.418s]                  from [01m[K/usr/include/opencv4/opencv2/core.hpp:52[m[K,
[3.419s]                  from [01m[K/usr/include/opencv4/opencv2/opencv.hpp:52[m[K,
[3.419s]                  from [01m[K/home/emily/sa-mrbt_ws/src/simplified_marine_sim/include/distance.hpp:4[m[K,
[3.419s]                  from [01m[K/home/emily/sa-mrbt_ws/src/simplified_marine_sim/src/world.cpp:2[m[K:
[3.419s] [01m[K/usr/include/c++/11/bits/stl_pair.h:211:12:[m[K [01;36m[Knote: [m[K‘[01m[Kstd::pair[m[K’ declared here
[3.419s]   211 |     struct [01;36m[Kpair[m[K
[3.419s]       |            [01;36m[K^~~~[m[K
[3.426s] [01m[K/home/emily/sa-mrbt_ws/src/simplified_marine_sim/src/CBGA.cpp:866:60:[m[K [01;31m[Kerror: [m[K‘[01m[KisGroupEffectivelyFull[m[K’ was not declared in this scope
[3.427s]   866 |                         bool full_wrt_current_robot_type = [01;31m[KisGroupEffectivelyFull[m[K(task_group_fullness);
[3.427s]       |                                                            [01;31m[K^~~~~~~~~~~~~~~~~~~~~~[m[K
[3.454s] [01m[K/home/emily/sa-mrbt_ws/src/simplified_marine_sim/src/CBGA.cpp:868:84:[m[K [01;31m[Kerror: [m[K‘[01m[KgetRelevantGroupFullnessInfo[m[K’ was not declared in this scope
[3.455s]   868 |                         std::pair<bool, std::vector<int>> relevant_fullness_info = [01;31m[KgetRelevantGroupFullnessInfo[m[K(task_id);
[3.455s]       |                                                                                    [01;31m[K^~~~~~~~~~~~~~~~~~~~~~~~~~~~[m[K
[3.455s] [01m[K/home/emily/sa-mrbt_ws/src/simplified_marine_sim/src/CBGA.cpp:872:30:[m[K [01;31m[Kerror: [m[Kredeclaration of ‘[01m[Kbool full_wrt_current_robot_type[m[K’
[3.455s]   872 |                         bool [01;31m[Kfull_wrt_current_robot_type[m[K = relevant_fullness_info.first;
[3.455s]       |                              [01;31m[K^~~~~~~~~~~~~~~~~~~~~~~~~~~[m[K
[3.455s] [01m[K/home/emily/sa-mrbt_ws/src/simplified_marine_sim/src/CBGA.cpp:866:30:[m[K [01;36m[Knote: [m[K‘[01m[Kbool full_wrt_current_robot_type[m[K’ previously declared here
[3.455s]   866 |                         bool [01;36m[Kfull_wrt_current_robot_type[m[K = isGroupEffectivelyFull(task_group_fullness);
[3.455s]       |                              [01;36m[K^~~~~~~~~~~~~~~~~~~~~~~~~~~[m[K
[3.470s] [01m[K/home/emily/sa-mrbt_ws/src/simplified_marine_sim/src/CBGA.cpp:879:117:[m[K [01;31m[Kerror: [m[K‘[01m[Kcurrent_fill_num_current_type[m[K’ was not declared in this scope
[3.470s]   879 |                             std::string bop3 = "Group not full for current robot type sub-group (" + std::to_string([01;31m[Kcurrent_fill_num_current_type[m[K) + ") OR/AND any-type sub-group (" + std::to_string(current_fill_num_any_type) + ")";
[3.470s]       |                                                                                                                     [01;31m[K^~~~~~~~~~~~~~~~~~~~~~~~~~~~~[m[K
[3.479s] [01m[K/home/emily/sa-mrbt_ws/src/simplified_marine_sim/src/CBGA.cpp:879:199:[m[K [01;31m[Kerror: [m[K‘[01m[Kcurrent_fill_num_any_type[m[K’ was not declared in this scope
[3.479s]   879 |                             std::string bop3 = "Group not full for current robot type sub-group (" + std::to_string(current_fill_num_current_type) + ") OR/AND any-type sub-group (" + std::to_string([01;31m[Kcurrent_fill_num_any_type[m[K) + ")";
[3.479s]       |                                                                                                                                                                                                       [01;31m[K^~~~~~~~~~~~~~~~~~~~~~~~~[m[K
[3.486s] [01m[K/home/emily/sa-mrbt_ws/src/simplified_marine_sim/src/CBGA.cpp:886:29:[m[K [01;31m[Kerror: [m[K‘[01m[Kneed[m[K’ was not declared in this scope
[3.486s]   886 |                             [01;31m[Kneed[m[K to figure out how to differentiate between agents assigned as part of their type sub-group and part of the any-type
[3.486s]       |                             [01;31m[K^~~~[m[K
[3.486s] [01m[K/home/emily/sa-mrbt_ws/src/simplified_marine_sim/src/CBGA.cpp:901:27:[m[K [01;31m[Kerror: [m[Kexpected ‘[01m[K}[m[K’ before ‘[01m[Kelse[m[K’
[3.486s]   901 |                         } [01;31m[Kelse[m[K { // no win for group with room for robot of current type or group that's full wrt bids
[3.486s]       |                           [01;31m[K^~~~[m[K
[3.486s] [01m[K/home/emily/sa-mrbt_ws/src/simplified_marine_sim/src/CBGA.cpp:857:28:[m[K [01;36m[Knote: [m[Kto match this ‘[01m[K{[m[K’
[3.486s]   857 |                     } else [01;36m[K{[m[K // group_size > 1, task is co-op, so do CBGA
[3.486s]       |                            [01;36m[K^[m[K
[3.487s] [01m[K/home/emily/sa-mrbt_ws/src/simplified_marine_sim/src/CBGA.cpp:901:27:[m[K [01;31m[Kerror: [m[Kexpected ‘[01m[K}[m[K’ before ‘[01m[Kelse[m[K’
[3.487s]   901 |                         } [01;31m[Kelse[m[K { // no win for group with room for robot of current type or group that's full wrt bids
[3.487s]       |                           [01;31m[K^~~~[m[K
[3.487s] [01m[K/home/emily/sa-mrbt_ws/src/simplified_marine_sim/src/CBGA.cpp:822:89:[m[K [01;36m[Knote: [m[Kto match this ‘[01m[K{[m[K’
[3.487s]   822 |                 if ( std::find(bundle.begin(), bundle.end(), task_id) == bundle.end() ) [01;36m[K{[m[K // for each doable task not in bundle already
[3.487s]       |                                                                                         [01;36m[K^[m[K
[3.497s] [01m[K/home/emily/sa-mrbt_ws/src/simplified_marine_sim/src/CBGA.cpp:902:174:[m[K [01;31m[Kerror: [m[K‘[01m[Kwinning_bids[m[K’ was not declared in this scope; did you mean ‘[01m[Kwinning_bids_matrix[m[K’?
[3.497s]   902 |                             std::string log_msg1 = "For task " + std::to_string(task_id) + "bid (" + std::to_string(bids[task_id]) + ") NOT > winning bid(" + std::to_string([01;31m[Kwinning_bids[m[K[task_id]) + ") for relevant sub-groups";
[3.497s]       |                                                                                                                                                                              [01;31m[K^~~~~~~~~~~~[m[K
[3.497s]       |                                                                                                                                                                              [32m[Kwinning_bids_matrix[m[K
[3.497s] [01m[K/home/emily/sa-mrbt_ws/src/simplified_marine_sim/src/CBGA.cpp:910:17:[m[K [01;31m[Kerror: [m[Kexpected ‘[01m[Kcatch[m[K’ before ‘[01m[KJ[m[K’
[3.497s]   910 |             int [01;31m[KJ[m[K = getBestTaskID(bids, local_win_indicator_h, bundle);
[3.497s]       |                 [01;31m[K^[m[K
[3.502s] [01m[K/home/emily/sa-mrbt_ws/src/simplified_marine_sim/src/CBGA.cpp:910:17:[m[K [01;31m[Kerror: [m[Kexpected ‘[01m[K([m[K’ before ‘[01m[KJ[m[K’
[3.502s]   910 |             int [01;31m[KJ[m[K = getBestTaskID(bids, local_win_indicator_h, bundle);
[3.502s]       |                 [01;31m[K^[m[K
[3.502s]       |                 [32m[K([m[K
[3.502s] [01m[K/home/emily/sa-mrbt_ws/src/simplified_marine_sim/src/CBGA.cpp:910:17:[m[K [01;31m[Kerror: [m[K‘[01m[KJ[m[K’ does not name a type
[3.502s] [01m[K/home/emily/sa-mrbt_ws/src/simplified_marine_sim/src/CBGA.cpp:910:18:[m[K [01;31m[Kerror: [m[Kexpected ‘[01m[K)[m[K’ before ‘[01m[K=[m[K’ token
[3.502s]   910 |             int [34m[KJ[m[K[01;31m[K [m[K[32m[K=[m[K getBestTaskID(bids, local_win_indicator_h, bundle);
[3.502s]       |                 [34m[K~[m[K[01;31m[K^[m[K[32m[K~[m[K
[3.502s]       |                  [32m[K)[m[K
[3.503s] [01m[K/home/emily/sa-mrbt_ws/src/simplified_marine_sim/src/CBGA.cpp:910:19:[m[K [01;31m[Kerror: [m[Kexpected ‘[01m[K{[m[K’ before ‘[01m[K=[m[K’ token
[3.503s]   910 |             int J [01;31m[K=[m[K getBestTaskID(bids, local_win_indicator_h, bundle);
[3.503s]       |                   [01;31m[K^[m[K
[3.503s] [01m[K/home/emily/sa-mrbt_ws/src/simplified_marine_sim/src/CBGA.cpp:910:19:[m[K [01;31m[Kerror: [m[Kexpected primary-expression before ‘[01m[K=[m[K’ token
[3.510s] [01m[K/home/emily/sa-mrbt_ws/src/simplified_marine_sim/src/CBGA.cpp:910:41:[m[K [01;31m[Kerror: [m[K‘[01m[Klocal_win_indicator_h[m[K’ was not declared in this scope
[3.510s]   910 |             int J = getBestTaskID(bids, [01;31m[Klocal_win_indicator_h[m[K, bundle);
[3.510s]       |                                         [01;31m[K^~~~~~~~~~~~~~~~~~~~~[m[K
[3.515s] [01m[K/home/emily/sa-mrbt_ws/src/simplified_marine_sim/src/CBGA.cpp:911:68:[m[K [01;31m[Kerror: [m[K‘[01m[KJ[m[K’ was not declared in this scope
[3.516s]   911 |             std::string blob = "Best task ID is " + std::to_string([01;31m[KJ[m[K);
[3.516s]       |                                                                    [01;31m[K^[m[K
[3.533s] [01m[K/home/emily/sa-mrbt_ws/src/simplified_marine_sim/src/CBGA.cpp:913:21:[m[K [01;31m[Kerror: [m[K‘[01m[Kbest_position_n_tracker[m[K’ was not declared in this scope
[3.533s]   913 |             int n = [01;31m[Kbest_position_n_tracker[m[K[J];
[3.533s]       |                     [01;31m[K^~~~~~~~~~~~~~~~~~~~~~~[m[K
[3.549s] [01m[K/home/emily/sa-mrbt_ws/src/simplified_marine_sim/src/CBGA.cpp:924:13:[m[K [01;31m[Kerror: [m[K‘[01m[Kwinning_bids[m[K’ was not declared in this scope; did you mean ‘[01m[Kwinning_bids_matrix[m[K’?
[3.549s]   924 |             [01;31m[Kwinning_bids[m[K[J] = bids[J]; // Add bid associated with J to winning bid list
[3.549s]       |             [01;31m[K^~~~~~~~~~~~[m[K
[3.549s]       |             [32m[Kwinning_bids_matrix[m[K
[3.556s] [01m[K/home/emily/sa-mrbt_ws/src/simplified_marine_sim/src/CBGA.cpp:925:13:[m[K [01;31m[Kerror: [m[K‘[01m[Kwinners[m[K’ was not declared in this scope
[3.556s]   925 |             [01;31m[Kwinners[m[K[J] = robot.getID(); // Add current agent ID since it just won
[3.557s]       |             [01;31m[K^~~~~~~[m[K
[3.557s] [01m[K/home/emily/sa-mrbt_ws/src/simplified_marine_sim/src/CBGA.cpp:930:17:[m[K [01;31m[Kerror: [m[Kbreak statement not within loop or switch
[3.557s]   930 |                 [01;31m[Kbreak[m[K;
[3.557s]       |                 [01;31m[K^~~~~[m[K
[3.561s] [01m[K/home/emily/sa-mrbt_ws/src/simplified_marine_sim/src/CBGA.cpp:[m[K At global scope:
[3.561s] [01m[K/home/emily/sa-mrbt_ws/src/simplified_marine_sim/src/CBGA.cpp:939:9:[m[K [01;31m[Kerror: [m[K‘[01m[Krobot[m[K’ does not name a type; did you mean ‘[01m[KRobot[m[K’?
[3.561s]   939 |         [01;31m[Krobot[m[K.log_info("==========in bundleAdd END==========");
[3.561s]       |         [01;31m[K^~~~~[m[K
[3.561s]       |         [32m[KRobot[m[K
[3.561s] [01m[K/home/emily/sa-mrbt_ws/src/simplified_marine_sim/src/CBGA.cpp:940:9:[m[K [01;31m[Kerror: [m[K‘[01m[Krobot[m[K’ does not name a type; did you mean ‘[01m[KRobot[m[K’?
[3.561s]   940 |         [01;31m[Krobot[m[K.log_info("Bundle:");
[3.561s]       |         [01;31m[K^~~~~[m[K
[3.561s]       |         [32m[KRobot[m[K
[3.562s] [01m[K/home/emily/sa-mrbt_ws/src/simplified_marine_sim/src/CBGA.cpp:941:27:[m[K [01;31m[Kerror: [m[Kexpected constructor, destructor, or type conversion before ‘[01m[K([m[K’ token
[3.562s]   941 |         utils::log1DVector[01;31m[K([m[Kbundle, robot);
[3.562s]       |                           [01;31m[K^[m[K
[3.566s] [01m[K/home/emily/sa-mrbt_ws/src/simplified_marine_sim/src/CBGA.cpp:942:9:[m[K [01;31m[Kerror: [m[K‘[01m[Krobot[m[K’ does not name a type; did you mean ‘[01m[KRobot[m[K’?
[3.566s]   942 |         [01;31m[Krobot[m[K.log_info("Path:");
[3.566s]       |         [01;31m[K^~~~~[m[K
[3.566s]       |         [32m[KRobot[m[K
[3.566s] [01m[K/home/emily/sa-mrbt_ws/src/simplified_marine_sim/src/CBGA.cpp:943:27:[m[K [01;31m[Kerror: [m[Kexpected constructor, destructor, or type conversion before ‘[01m[K([m[K’ token
[3.566s]   943 |         utils::log1DVector[01;31m[K([m[Kpath, robot);
[3.566s]       |                           [01;31m[K^[m[K
[3.566s] [01m[K/home/emily/sa-mrbt_ws/src/simplified_marine_sim/src/CBGA.cpp:944:9:[m[K [01;31m[Kerror: [m[K‘[01m[Krobot[m[K’ does not name a type; did you mean ‘[01m[KRobot[m[K’?
[3.566s]   944 |         [01;31m[Krobot[m[K.log_info("winning_bids_matrix:");
[3.567s]       |         [01;31m[K^~~~~[m[K
[3.567s]       |         [32m[KRobot[m[K
[3.567s] [01m[K/home/emily/sa-mrbt_ws/src/simplified_marine_sim/src/CBGA.cpp:945:27:[m[K [01;31m[Kerror: [m[Kexpected constructor, destructor, or type conversion before ‘[01m[K([m[K’ token
[3.567s]   945 |         utils::log2DVector[01;31m[K([m[Kwinning_bids_matrix, robot);
[3.567s]       |                           [01;31m[K^[m[K
[3.567s] [01m[K/home/emily/sa-mrbt_ws/src/simplified_marine_sim/src/CBGA.cpp:946:9:[m[K [01;31m[Kerror: [m[K‘[01m[Krobot[m[K’ does not name a type; did you mean ‘[01m[KRobot[m[K’?
[3.567s]   946 |         [01;31m[Krobot[m[K.log_info("====================================");
[3.567s]       |         [01;31m[K^~~~~[m[K
[3.567s]       |         [32m[KRobot[m[K
[3.568s] [01m[K/home/emily/sa-mrbt_ws/src/simplified_marine_sim/src/CBGA.cpp:948:5:[m[K [01;31m[Kerror: [m[Kexpected declaration before ‘[01m[K}[m[K’ token
[3.568s]   948 |     [01;31m[K}[m[K catch (const std::exception& e) {
[3.568s]       |     [01;31m[K^[m[K
[3.568s] [01m[K/home/emily/sa-mrbt_ws/src/simplified_marine_sim/src/CBGA.cpp:948:7:[m[K [01;31m[Kerror: [m[Kexpected unqualified-id before ‘[01m[Kcatch[m[K’
[3.568s]   948 |     } [01;31m[Kcatch[m[K (const std::exception& e) {
[3.568s]       |       [01;31m[K^~~~~[m[K
[3.568s] [01m[K/home/emily/sa-mrbt_ws/src/simplified_marine_sim/src/CBGA.cpp:951:1:[m[K [01;31m[Kerror: [m[Kexpected declaration before ‘[01m[K}[m[K’ token
[3.568s]   951 | [01;31m[K}[m[K
[3.568s]       | [01;31m[K^[m[K
[5.014s] gmake[2]: *** [CMakeFiles/sim.dir/build.make:104: CMakeFiles/sim.dir/src/CBGA.cpp.o] Error 1
[5.014s] gmake[2]: *** Waiting for unfinished jobs....
[5.064s] gmake[2]: *** [CMakeFiles/sim.dir/build.make:160: CMakeFiles/sim.dir/src/world.cpp.o] Error 1
[6.355s] [01m[K/home/emily/sa-mrbt_ws/src/simplified_marine_sim/src/robot.cpp:883:1:[m[K [01;31m[Kerror: [m[KISO C++ forbids declaration of ‘[01m[KinitTaskGroupFullnessMap[m[K’ with no type [[01;31m[K]8;;https://gcc.gnu.org/onlinedocs/gcc/Warning-Options.html#index-fpermissive-fpermissive]8;;[m[K]
[6.355s]   883 | [01;31m[KRobot[m[K::initTaskGroupFullnessMap() {
[6.355s]       | [01;31m[K^~~~~[m[K
[6.356s] [01m[K/home/emily/sa-mrbt_ws/src/simplified_marine_sim/src/robot.cpp:883:1:[m[K [01;31m[Kerror: [m[Kno declaration matches ‘[01m[Kint Robot::initTaskGroupFullnessMap()[m[K’
[6.356s] [01m[K/home/emily/sa-mrbt_ws/src/simplified_marine_sim/src/robot.cpp:883:1:[m[K [01;36m[Knote: [m[Kno functions named ‘[01m[Kint Robot::initTaskGroupFullnessMap()[m[K’
[6.356s] In file included from [01m[K/home/emily/sa-mrbt_ws/src/simplified_marine_sim/include/world.hpp:8[m[K,
[6.356s]                  from [01m[K/home/emily/sa-mrbt_ws/src/simplified_marine_sim/src/robot.cpp:4[m[K:
[6.356s] [01m[K/home/emily/sa-mrbt_ws/src/simplified_marine_sim/include/robot.hpp:19:7:[m[K [01;36m[Knote: [m[K‘[01m[Kclass Robot[m[K’ defined here
[6.356s]    19 | class [01;36m[KRobot[m[K {
[6.356s]       |       [01;36m[K^~~~~[m[K
[6.356s] [01m[K/home/emily/sa-mrbt_ws/src/simplified_marine_sim/src/robot.cpp:[m[K In member function ‘[01m[Kstd::vector<int> Robot::getAssignedAgents(int)[m[K’:
[6.356s] [01m[K/home/emily/sa-mrbt_ws/src/simplified_marine_sim/src/robot.cpp:913:23:[m[K [01;31m[Kerror: [m[Kno matching function for call to ‘[01m[Klog2DVector(std::vector<std::vector<double, std::allocator<double> > >&, Robot*)[m[K’
[6.356s]   913 |     [01;31m[Kutils::log2DVector(winning_bids_matrix, this)[m[K;
[6.356s]       |     [01;31m[K~~~~~~~~~~~~~~~~~~^~~~~~~~~~~~~~~~~~~~~~~~~~~[m[K
[6.356s] In file included from [01m[K/home/emily/sa-mrbt_ws/src/simplified_marine_sim/src/robot.cpp:9[m[K:
[6.357s] [01m[K/home/emily/sa-mrbt_ws/src/simplified_marine_sim/include/utils.hpp:134:6:[m[K [01;36m[Knote: [m[Kcandidate: ‘[01m[Ktemplate<class T> void utils::log2DVector(const std::vector<std::vector<_Tp> >&, Robot&)[m[K’
[6.357s]   134 | void [01;36m[Klog2DVector[m[K(const std::vector<std::vector<T>>& vec, Robot& robot) {
[6.357s]       |      [01;36m[K^~~~~~~~~~~[m[K
[6.357s] [01m[K/home/emily/sa-mrbt_ws/src/simplified_marine_sim/include/utils.hpp:134:6:[m[K [01;36m[Knote: [m[K  template argument deduction/substitution failed:
[6.357s] [01m[K/home/emily/sa-mrbt_ws/src/simplified_marine_sim/src/robot.cpp:913:45:[m[K [01;36m[Knote: [m[K  cannot convert ‘[01m[K(Robot*)this[m[K’ (type ‘[01m[KRobot*[m[K’) to type ‘[01m[KRobot&[m[K’
[6.357s]   913 |     utils::log2DVector(winning_bids_matrix, [01;36m[Kthis[m[K);
[6.357s]       |                                             [01;36m[K^~~~[m[K
[6.357s] [01m[K/home/emily/sa-mrbt_ws/src/simplified_marine_sim/src/robot.cpp:921:28:[m[K [01;31m[Kerror: [m[Krequest for member ‘[01m[KgetNumAgents[m[K’ in ‘[01m[K((Robot*)this)->Robot::world[m[K’, which is of pointer type ‘[01m[KWorld*[m[K’ (maybe you meant to use ‘[01m[K->[m[K’ ?)
[6.357s]   921 |     int num_agents = world.[01;31m[KgetNumAgents[m[K();
[6.357s]       |                            [01;31m[K^~~~~~~~~~~~[m[K
[6.368s] [01m[K/home/emily/sa-mrbt_ws/src/simplified_marine_sim/src/robot.cpp:[m[K In member function ‘[01m[Kstd::unordered_map<std::__cxx11::basic_string<char>, int> Robot::getTaskGroupFullnessbyType(int)[m[K’:
[6.368s] [01m[K/home/emily/sa-mrbt_ws/src/simplified_marine_sim/src/robot.cpp:944:64:[m[K [01;31m[Kerror: [m[K‘[01m[KinitTaskGroupFullnessMap[m[K’ was not declared in this scope; did you mean ‘[01m[KgetTaskGroupFullnessbyType[m[K’?
[6.368s]   944 |     std::unordered_map<std::string, int> task_group_fullness = [01;31m[KinitTaskGroupFullnessMap[m[K();
[6.368s]       |                                                                [01;31m[K^~~~~~~~~~~~~~~~~~~~~~~~[m[K
[6.369s]       |                                                                [32m[KgetTaskGroupFullnessbyType[m[K
[6.369s] [01m[K/home/emily/sa-mrbt_ws/src/simplified_marine_sim/src/robot.cpp:946:89:[m[K [01;31m[Kerror: [m[Kexpected primary-expression before ‘[01m[Kint[m[K’
[6.369s]   946 |     std::unordered_map<std::string, int>& task_group_max_size = world->getTaskGroupInfo([01;31m[Kint[m[K task_id);
[6.369s]       |                                                                                         [01;31m[K^~~[m[K
[7.665s] gmake[2]: *** [CMakeFiles/sim.dir/build.make:188: CMakeFiles/sim.dir/src/robot.cpp.o] Error 1
[7.665s] gmake[1]: *** [CMakeFiles/Makefile2:137: CMakeFiles/sim.dir/all] Error 2
[7.666s] gmake: *** [Makefile:146: all] Error 2
[7.667s] Invoked command in '/home/emily/sa-mrbt_ws/build/simulator' returned '2': AMENT_PREFIX_PATH=/home/emily/sa-mrbt_ws/install/behaviortree_cpp:${AMENT_PREFIX_PATH} CMAKE_PREFIX_PATH=/home/emily/sa-mrbt_ws/install/behaviortree_cpp:/opt/ros/iron LD_LIBRARY_PATH=/home/emily/sa-mrbt_ws/install/behaviortree_cpp/lib:${LD_LIBRARY_PATH} PATH=/home/emily/sa-mrbt_ws/install/behaviortree_cpp/bin:${PATH} /usr/bin/cmake --build /home/emily/sa-mrbt_ws/build/simulator -- -j12 -l12
