[0.007s] Invoking command in '/home/emily/sa-mrbt_ws/build/simulator': CMAKE_PREFIX_PATH=/home/emily/sa-mrbt_ws/install/behaviortree_cpp:/home/emily/sa-mrbt_ws/install/simulator:/opt/ros/iron /usr/bin/cmake --build /home/emily/sa-mrbt_ws/build/simulator -- -j12 -l12
[0.040s] [35m[1mConsolidate compiler generated dependencies of target sim[0m
[0.066s] [  7%] [32mBuilding CXX object CMakeFiles/sim.dir/src/CBBA.cpp.o[0m
[0.066s] [ 15%] [32mBuilding CXX object CMakeFiles/sim.dir/src/sim.cpp.o[0m
[0.066s] [ 23%] [32mBuilding CXX object CMakeFiles/sim.dir/src/message.cpp.o[0m
[0.066s] [ 30%] [32mBuilding CXX object CMakeFiles/sim.dir/src/CBGA.cpp.o[0m
[0.066s] [ 38%] [32mBuilding CXX object CMakeFiles/sim.dir/src/world.cpp.o[0m
[0.067s] [ 46%] [32mBuilding CXX object CMakeFiles/sim.dir/src/robot.cpp.o[0m
[0.069s] [ 53%] [32mBuilding CXX object CMakeFiles/sim.dir/src/behavior_tree.cpp.o[0m
[0.069s] [ 61%] [32mBuilding CXX object CMakeFiles/sim.dir/src/greedy.cpp.o[0m
[0.069s] [ 69%] [32mBuilding CXX object CMakeFiles/sim.dir/src/parser.cpp.o[0m
[3.225s] [01m[K/home/emily/sa-mrbt_ws/src/simplified_marine_sim/src/world.cpp:[m[K In member function ‘[01m[Kstd::unordered_map<int, TaskInfo> World::initAllTasksInfo()[m[K’:
[3.225s] [01m[K/home/emily/sa-mrbt_ws/src/simplified_marine_sim/src/world.cpp:324:5:[m[K [01;31m[Kerror: [m[K‘[01m[KlogAllTasksInfo[m[K’ was not declared in this scope; did you mean ‘[01m[Kutils::logAllTasksInfo[m[K’?
[3.225s]   324 |     [01;31m[KlogAllTasksInfo[m[K(all_tasks_info, *this);
[3.225s]       |     [01;31m[K^~~~~~~~~~~~~~~[m[K
[3.225s]       |     [32m[Kutils::logAllTasksInfo[m[K
[3.225s] In file included from [01m[K/home/emily/sa-mrbt_ws/src/simplified_marine_sim/src/world.cpp:8[m[K:
[3.225s] [01m[K/home/emily/sa-mrbt_ws/src/simplified_marine_sim/include/utils.hpp:324:13:[m[K [01;36m[Knote: [m[K‘[01m[Kutils::logAllTasksInfo[m[K’ declared here
[3.225s]   324 | inline void [01;36m[KlogAllTasksInfo[m[K(const std::unordered_map<int, TaskInfo>& tasks_map, World& world) {
[3.225s]       |             [01;36m[K^~~~~~~~~~~~~~~[m[K
[3.311s] [01m[K/home/emily/sa-mrbt_ws/src/simplified_marine_sim/src/world.cpp:[m[K In member function ‘[01m[Kstd::unordered_map<int, TaskInfo> World::initAllSubtasksInfo()[m[K’:
[3.311s] [01m[K/home/emily/sa-mrbt_ws/src/simplified_marine_sim/src/world.cpp:397:5:[m[K [01;31m[Kerror: [m[K‘[01m[KlogAllTasksInfo[m[K’ was not declared in this scope; did you mean ‘[01m[Kutils::logAllTasksInfo[m[K’?
[3.311s]   397 |     [01;31m[KlogAllTasksInfo[m[K(all_subtasks_info, *this);
[3.311s]       |     [01;31m[K^~~~~~~~~~~~~~~[m[K
[3.311s]       |     [32m[Kutils::logAllTasksInfo[m[K
[3.312s] In file included from [01m[K/home/emily/sa-mrbt_ws/src/simplified_marine_sim/src/world.cpp:8[m[K:
[3.312s] [01m[K/home/emily/sa-mrbt_ws/src/simplified_marine_sim/include/utils.hpp:324:13:[m[K [01;36m[Knote: [m[K‘[01m[Kutils::logAllTasksInfo[m[K’ declared here
[3.312s]   324 | inline void [01;36m[KlogAllTasksInfo[m[K(const std::unordered_map<int, TaskInfo>& tasks_map, World& world) {
[3.312s]       |             [01;36m[K^~~~~~~~~~~~~~~[m[K
[4.988s] gmake[2]: *** [CMakeFiles/sim.dir/build.make:160: CMakeFiles/sim.dir/src/world.cpp.o] Error 1
[4.988s] gmake[2]: *** Waiting for unfinished jobs....
[8.140s] gmake[1]: *** [CMakeFiles/Makefile2:137: CMakeFiles/sim.dir/all] Error 2
[8.140s] gmake: *** [Makefile:146: all] Error 2
[8.142s] Invoked command in '/home/emily/sa-mrbt_ws/build/simulator' returned '2': CMAKE_PREFIX_PATH=/home/emily/sa-mrbt_ws/install/behaviortree_cpp:/home/emily/sa-mrbt_ws/install/simulator:/opt/ros/iron /usr/bin/cmake --build /home/emily/sa-mrbt_ws/build/simulator -- -j12 -l12
