-- The CXX compiler identification is GNU 11.4.0
-- Detecting CXX compiler ABI info
-- Detecting CXX compiler ABI info - done
-- Check for working CXX compiler: /usr/bin/c++ - skipped
-- Detecting CXX compile features
-- Detecting CXX compile features - done
-- Found ament_cmake: 2.0.6 (/opt/ros/iron/share/ament_cmake/cmake)
-- Found Python3: /usr/bin/python3.10 (found version "3.10.12") found components: Interpreter 
-- Found OpenCV: /usr (found version "4.5.4") 
-- Found rclcpp: 21.0.7 (/opt/ros/iron/share/rclcpp/cmake)
-- Found rosidl_generator_c: 4.0.1 (/opt/ros/iron/share/rosidl_generator_c/cmake)
-- Found rosidl_generator_cpp: 4.0.1 (/opt/ros/iron/share/rosidl_generator_cpp/cmake)
-- Using all available rosidl_typesupport_c: rosidl_typesupport_fastrtps_c;rosidl_typesupport_introspection_c
-- Using all available rosidl_typesupport_cpp: rosidl_typesupport_fastrtps_cpp;rosidl_typesupport_introspection_cpp
-- Found rmw_implementation_cmake: 7.1.0 (/opt/ros/iron/share/rmw_implementation_cmake/cmake)
-- Found rmw_fastrtps_cpp: 7.1.4 (/opt/ros/iron/share/rmw_fastrtps_cpp/cmake)
-- Found OpenSSL: /usr/lib/x86_64-linux-gnu/libcrypto.so (found version "3.0.2")  
-- Found FastRTPS: /opt/ros/iron/include  
-- Using RMW implementation 'rmw_fastrtps_cpp' as default
-- Found behaviortree_cpp: 4.6.2 (/home/emily/sa-mrbt_ws/install/behaviortree_cpp/share/behaviortree_cpp/cmake)
-- Found nlohmann_json: /usr/lib/cmake/nlohmann_json/nlohmann_jsonConfig.cmake (found version "3.10.5") 
-- Configuring done
-- Generating done
-- Build files have been written to: /home/emily/sa-mrbt_ws/build/simulator
[  8%] [32mBuilding CXX object CMakeFiles/sim.dir/src/CBBA.cpp.o[0m
[ 25%] [32mBuilding CXX object CMakeFiles/sim.dir/src/sim.cpp.o[0m
[ 25%] [32mBuilding CXX object CMakeFiles/sim.dir/src/distance.cpp.o[0m
[ 33%] [32mBuilding CXX object CMakeFiles/sim.dir/src/message.cpp.o[0m
[ 41%] [32mBuilding CXX object CMakeFiles/sim.dir/src/sensor_model.cpp.o[0m
[ 50%] [32mBuilding CXX object CMakeFiles/sim.dir/src/world.cpp.o[0m
[ 58%] [32mBuilding CXX object CMakeFiles/sim.dir/src/planners.cpp.o[0m
[ 66%] [32mBuilding CXX object CMakeFiles/sim.dir/src/robot.cpp.o[0m
[ 75%] [32mBuilding CXX object CMakeFiles/sim.dir/src/parser.cpp.o[0m
[ 83%] [32mBuilding CXX object CMakeFiles/sim.dir/src/behavior_tree.cpp.o[0m
[ 91%] [32mBuilding CXX object CMakeFiles/sim.dir/src/greedy.cpp.o[0m
[100%] [32m[1mLinking CXX executable sim[0m
[100%] Built target sim
-- Install configuration: ""
-- Installing: /home/emily/sa-mrbt_ws/install/simulator/lib/simulator/sim
-- Set runtime path of "/home/emily/sa-mrbt_ws/install/simulator/lib/simulator/sim" to ""
-- Installing: /home/emily/sa-mrbt_ws/install/simulator/share/ament_index/resource_index/package_run_dependencies/simulator
-- Installing: /home/emily/sa-mrbt_ws/install/simulator/share/ament_index/resource_index/parent_prefix_path/simulator
-- Installing: /home/emily/sa-mrbt_ws/install/simulator/share/simulator/environment/ament_prefix_path.sh
-- Installing: /home/emily/sa-mrbt_ws/install/simulator/share/simulator/environment/ament_prefix_path.dsv
-- Installing: /home/emily/sa-mrbt_ws/install/simulator/share/simulator/environment/path.sh
-- Installing: /home/emily/sa-mrbt_ws/install/simulator/share/simulator/environment/path.dsv
-- Installing: /home/emily/sa-mrbt_ws/install/simulator/share/simulator/local_setup.bash
-- Installing: /home/emily/sa-mrbt_ws/install/simulator/share/simulator/local_setup.sh
-- Installing: /home/emily/sa-mrbt_ws/install/simulator/share/simulator/local_setup.zsh
-- Installing: /home/emily/sa-mrbt_ws/install/simulator/share/simulator/local_setup.dsv
-- Installing: /home/emily/sa-mrbt_ws/install/simulator/share/simulator/package.dsv
-- Installing: /home/emily/sa-mrbt_ws/install/simulator/share/ament_index/resource_index/packages/simulator
-- Installing: /home/emily/sa-mrbt_ws/install/simulator/share/simulator/cmake/simulatorConfig.cmake
-- Installing: /home/emily/sa-mrbt_ws/install/simulator/share/simulator/cmake/simulatorConfig-version.cmake
-- Installing: /home/emily/sa-mrbt_ws/install/simulator/share/simulator/package.xml
