[0.006s] Invoking command in '/home/emily/sa-mrbt_ws/build/simulator': CMAKE_PREFIX_PATH=/home/emily/sa-mrbt_ws/install/behaviortree_cpp:/home/emily/sa-mrbt_ws/install/simulator:/opt/ros/iron /usr/bin/cmake /home/emily/sa-mrbt_ws/src/simplified_marine_sim -DCMAKE_INSTALL_PREFIX=/home/emily/sa-mrbt_ws/install/simulator
[0.049s] -- The CXX compiler identification is GNU 11.4.0
[0.054s] -- Detecting CXX compiler ABI info
[0.111s] -- Detecting CXX compiler ABI info - done
[0.117s] -- Check for working CXX compiler: /usr/bin/c++ - skipped
[0.118s] -- Detecting CXX compile features
[0.118s] -- Detecting CXX compile features - done
[0.120s] -- Found ament_cmake: 2.0.6 (/opt/ros/iron/share/ament_cmake/cmake)
[0.268s] -- Found Python3: /usr/bin/python3.10 (found version "3.10.12") found components: Interpreter 
[0.330s] -- Found OpenCV: /usr (found version "4.5.4") 
[0.331s] -- Found rclcpp: 21.0.7 (/opt/ros/iron/share/rclcpp/cmake)
[0.359s] -- Found rosidl_generator_c: 4.0.1 (/opt/ros/iron/share/rosidl_generator_c/cmake)
[0.367s] -- Found rosidl_generator_cpp: 4.0.1 (/opt/ros/iron/share/rosidl_generator_cpp/cmake)
[0.379s] -- Using all available rosidl_typesupport_c: rosidl_typesupport_fastrtps_c;rosidl_typesupport_introspection_c
[0.394s] -- Using all available rosidl_typesupport_cpp: rosidl_typesupport_fastrtps_cpp;rosidl_typesupport_introspection_cpp
[0.528s] -- Found rmw_implementation_cmake: 7.1.0 (/opt/ros/iron/share/rmw_implementation_cmake/cmake)
[0.529s] -- Found rmw_fastrtps_cpp: 7.1.4 (/opt/ros/iron/share/rmw_fastrtps_cpp/cmake)
[0.599s] -- Found OpenSSL: /usr/lib/x86_64-linux-gnu/libcrypto.so (found version "3.0.2")  
[0.618s] -- Found FastRTPS: /opt/ros/iron/include  
[0.651s] -- Using RMW implementation 'rmw_fastrtps_cpp' as default
[0.792s] -- Found behaviortree_cpp: 4.6.2 (/home/emily/sa-mrbt_ws/install/behaviortree_cpp/share/behaviortree_cpp/cmake)
[0.795s] -- Found nlohmann_json: /usr/lib/cmake/nlohmann_json/nlohmann_jsonConfig.cmake (found version "3.10.5") 
[0.844s] -- Configuring done
[0.871s] -- Generating done
[0.872s] -- Build files have been written to: /home/emily/sa-mrbt_ws/build/simulator
[0.878s] Invoked command in '/home/emily/sa-mrbt_ws/build/simulator' returned '0': CMAKE_PREFIX_PATH=/home/emily/sa-mrbt_ws/install/behaviortree_cpp:/home/emily/sa-mrbt_ws/install/simulator:/opt/ros/iron /usr/bin/cmake /home/emily/sa-mrbt_ws/src/simplified_marine_sim -DCMAKE_INSTALL_PREFIX=/home/emily/sa-mrbt_ws/install/simulator
[0.879s] Invoking command in '/home/emily/sa-mrbt_ws/build/simulator': CMAKE_PREFIX_PATH=/home/emily/sa-mrbt_ws/install/behaviortree_cpp:/home/emily/sa-mrbt_ws/install/simulator:/opt/ros/iron /usr/bin/cmake --build /home/emily/sa-mrbt_ws/build/simulator -- -j12 -l12
[0.913s] [  8%] [32mBuilding CXX object CMakeFiles/sim.dir/src/CBBA.cpp.o[0m
[0.914s] [ 25%] [32mBuilding CXX object CMakeFiles/sim.dir/src/sim.cpp.o[0m
[0.914s] [ 25%] [32mBuilding CXX object CMakeFiles/sim.dir/src/distance.cpp.o[0m
[0.914s] [ 33%] [32mBuilding CXX object CMakeFiles/sim.dir/src/message.cpp.o[0m
[0.915s] [ 41%] [32mBuilding CXX object CMakeFiles/sim.dir/src/sensor_model.cpp.o[0m
[0.915s] [ 50%] [32mBuilding CXX object CMakeFiles/sim.dir/src/world.cpp.o[0m
[0.915s] [ 58%] [32mBuilding CXX object CMakeFiles/sim.dir/src/planners.cpp.o[0m
[0.915s] [ 66%] [32mBuilding CXX object CMakeFiles/sim.dir/src/robot.cpp.o[0m
[0.915s] [ 75%] [32mBuilding CXX object CMakeFiles/sim.dir/src/parser.cpp.o[0m
[0.915s] [ 83%] [32mBuilding CXX object CMakeFiles/sim.dir/src/behavior_tree.cpp.o[0m
[0.915s] [ 91%] [32mBuilding CXX object CMakeFiles/sim.dir/src/greedy.cpp.o[0m
[7.921s] [100%] [32m[1mLinking CXX executable sim[0m
[8.694s] [100%] Built target sim
[8.701s] Invoked command in '/home/emily/sa-mrbt_ws/build/simulator' returned '0': CMAKE_PREFIX_PATH=/home/emily/sa-mrbt_ws/install/behaviortree_cpp:/home/emily/sa-mrbt_ws/install/simulator:/opt/ros/iron /usr/bin/cmake --build /home/emily/sa-mrbt_ws/build/simulator -- -j12 -l12
[8.729s] Invoking command in '/home/emily/sa-mrbt_ws/build/simulator': CMAKE_PREFIX_PATH=/home/emily/sa-mrbt_ws/install/behaviortree_cpp:/home/emily/sa-mrbt_ws/install/simulator:/opt/ros/iron /usr/bin/cmake --install /home/emily/sa-mrbt_ws/build/simulator
[8.734s] -- Install configuration: ""
[8.734s] -- Installing: /home/emily/sa-mrbt_ws/install/simulator/lib/simulator/sim
[8.737s] -- Set runtime path of "/home/emily/sa-mrbt_ws/install/simulator/lib/simulator/sim" to ""
[8.737s] -- Installing: /home/emily/sa-mrbt_ws/install/simulator/share/ament_index/resource_index/package_run_dependencies/simulator
[8.737s] -- Installing: /home/emily/sa-mrbt_ws/install/simulator/share/ament_index/resource_index/parent_prefix_path/simulator
[8.737s] -- Installing: /home/emily/sa-mrbt_ws/install/simulator/share/simulator/environment/ament_prefix_path.sh
[8.737s] -- Installing: /home/emily/sa-mrbt_ws/install/simulator/share/simulator/environment/ament_prefix_path.dsv
[8.737s] -- Installing: /home/emily/sa-mrbt_ws/install/simulator/share/simulator/environment/path.sh
[8.737s] -- Installing: /home/emily/sa-mrbt_ws/install/simulator/share/simulator/environment/path.dsv
[8.737s] -- Installing: /home/emily/sa-mrbt_ws/install/simulator/share/simulator/local_setup.bash
[8.737s] -- Installing: /home/emily/sa-mrbt_ws/install/simulator/share/simulator/local_setup.sh
[8.737s] -- Installing: /home/emily/sa-mrbt_ws/install/simulator/share/simulator/local_setup.zsh
[8.738s] -- Installing: /home/emily/sa-mrbt_ws/install/simulator/share/simulator/local_setup.dsv
[8.738s] -- Installing: /home/emily/sa-mrbt_ws/install/simulator/share/simulator/package.dsv
[8.738s] -- Installing: /home/emily/sa-mrbt_ws/install/simulator/share/ament_index/resource_index/packages/simulator
[8.738s] -- Installing: /home/emily/sa-mrbt_ws/install/simulator/share/simulator/cmake/simulatorConfig.cmake
[8.738s] -- Installing: /home/emily/sa-mrbt_ws/install/simulator/share/simulator/cmake/simulatorConfig-version.cmake
[8.738s] -- Installing: /home/emily/sa-mrbt_ws/install/simulator/share/simulator/package.xml
[8.740s] Invoked command in '/home/emily/sa-mrbt_ws/build/simulator' returned '0': CMAKE_PREFIX_PATH=/home/emily/sa-mrbt_ws/install/behaviortree_cpp:/home/emily/sa-mrbt_ws/install/simulator:/opt/ros/iron /usr/bin/cmake --install /home/emily/sa-mrbt_ws/build/simulator
