[01m[K/home/emily/sa-mrbt_ws/src/simplified_marine_sim/src/CBGA.cpp:[m[K In member function ‘[01m[Kvoid CBGA::bundleAdd(std::vector<int>&, std::vector<int>&, std::map<int, double>&, std::vector<std::vector<double, std::allocator<double> > >&)[m[K’:
[01m[K/home/emily/sa-mrbt_ws/src/simplified_marine_sim/src/CBGA.cpp:1209:7:[m[K [01;31m[Kerror: [m[Kexpected primary-expression before ‘[01m[Kcatch[m[K’
 1209 |     } [01;31m[Kcatch[m[K (const std::exception& e) {
      |       [01;31m[K^~~~~[m[K
[01m[K/home/emily/sa-mrbt_ws/src/simplified_marine_sim/src/CBGA.cpp:1214:6:[m[K [01;31m[Kerror: [m[Kexpected ‘[01m[Kcatch[m[K’ before ‘[01m[KCBGA[m[K’
 1214 | void [01;31m[KCBGA[m[K::update(int j, std::unordered_map<int, int>& winners_i, std::unordered_map<int, int> winners_k,
      |      [01;31m[K^~~~[m[K
[01m[K/home/emily/sa-mrbt_ws/src/simplified_marine_sim/src/CBGA.cpp:1214:6:[m[K [01;31m[Kerror: [m[Kexpected ‘[01m[K([m[K’ before ‘[01m[KCBGA[m[K’
 1214 | void [01;31m[KC[m[K[32m[KBGA[m[K::update(int j, std::unordered_map<int, int>& winners_i, std::unordered_map<int, int> winners_k,
      |      [01;31m[K^[m[K[32m[K~~~[m[K
      |      [32m[K([m[K
[01m[K/home/emily/sa-mrbt_ws/src/simplified_marine_sim/src/CBGA.cpp:1214:6:[m[K [01;31m[Kerror: [m[Kexpected type-specifier
 1214 | void [01;31m[KCBGA[m[K::update(int j, std::unordered_map<int, int>& winners_i, std::unordered_map<int, int> winners_k,
      |      [01;31m[K^~~~[m[K
[01m[K/home/emily/sa-mrbt_ws/src/simplified_marine_sim/src/CBGA.cpp:1214:18:[m[K [01;31m[Kerror: [m[Kexpected unqualified-id before ‘[01m[K([m[K’ token
 1214 | void CBGA::update[01;31m[K([m[Kint j, std::unordered_map<int, int>& winners_i, std::unordered_map<int, int> winners_k,
      |                  [01;31m[K^[m[K
[01m[K/home/emily/sa-mrbt_ws/src/simplified_marine_sim/src/CBGA.cpp:1214:18:[m[K [01;31m[Kerror: [m[Kexpected ‘[01m[K)[m[K’ before ‘[01m[K([m[K’ token
 1214 | void [34m[KCBGA[m[K::update[01;31m[K([m[Kint j, std::unordered_map<int, int>& winners_i, std::unordered_map<int, int> winners_k,
      |      [34m[K~~~~[m[K        [01;31m[K^[m[K
      |                  [32m[K)[m[K
[01m[K/home/emily/sa-mrbt_ws/src/simplified_marine_sim/src/CBGA.cpp:1214:18:[m[K [01;31m[Kerror: [m[Kexpected ‘[01m[K{[m[K’ before ‘[01m[K([m[K’ token
[01m[K/home/emily/sa-mrbt_ws/src/simplified_marine_sim/src/CBGA.cpp:1214:19:[m[K [01;31m[Kerror: [m[Kexpected primary-expression before ‘[01m[Kint[m[K’
 1214 | void CBGA::update([01;31m[Kint[m[K j, std::unordered_map<int, int>& winners_i, std::unordered_map<int, int> winners_k,
      |                   [01;31m[K^~~[m[K
[01m[K/home/emily/sa-mrbt_ws/src/simplified_marine_sim/src/CBGA.cpp:1214:19:[m[K [01;31m[Kerror: [m[Kexpected ‘[01m[K)[m[K’ before ‘[01m[Kint[m[K’
 1214 | void CBGA::update[34m[K([m[K[01;31m[Ki[m[K[32m[Knt[m[K j, std::unordered_map<int, int>& winners_i, std::unordered_map<int, int> winners_k,
      |                  [34m[K~[m[K[01;31m[K^[m[K[32m[K~~[m[K
      |                   [32m[K)[m[K
[01m[K/home/emily/sa-mrbt_ws/src/simplified_marine_sim/src/CBGA.cpp:1228:28:[m[K [01;31m[Kerror: [m[Kqualified-id in declaration before ‘[01m[K([m[K’ token
 1228 | void CBGA::resolveConflicts[01;31m[K([m[Kbool do_test) {
      |                            [01;31m[K^[m[K
[01m[K/home/emily/sa-mrbt_ws/src/simplified_marine_sim/src/CBGA.cpp:1535:32:[m[K [01;31m[Kerror: [m[Kqualified-id in declaration before ‘[01m[K([m[K’ token
 1535 | void CBGA::testResolveConflicts[01;31m[K([m[Kint id_i, std::vector<Msg>& message_queue, std::unordered_map<int, int>& winners_i,
      |                                [01;31m[K^[m[K
[01m[K/home/emily/sa-mrbt_ws/src/simplified_marine_sim/src/CBGA.cpp:1803:2:[m[K [01;31m[Kerror: [m[Kexpected ‘[01m[K}[m[K’ at end of input
 1803 | }
      |  [01;31m[K^[m[K
[01m[K/home/emily/sa-mrbt_ws/src/simplified_marine_sim/src/CBGA.cpp:941:80:[m[K [01;36m[Knote: [m[Kto match this ‘[01m[K{[m[K’
  941 |                         std::vector<std::vector<double>>& winning_bids_matrix) [01;36m[K{[m[K
      |                                                                                [01;36m[K^[m[K
gmake[2]: *** [CMakeFiles/sim.dir/build.make:104: CMakeFiles/sim.dir/src/CBGA.cpp.o] Error 1
gmake[1]: *** [CMakeFiles/Makefile2:137: CMakeFiles/sim.dir/all] Error 2
gmake: *** [Makefile:146: all] Error 2
