[0.006s] Invoking command in '/home/emily/sa-mrbt_ws/build/simulator': CMAKE_PREFIX_PATH=/home/emily/sa-mrbt_ws/install/behaviortree_cpp:/home/emily/sa-mrbt_ws/install/simulator:/opt/ros/iron /usr/bin/cmake --build /home/emily/sa-mrbt_ws/build/simulator -- -j12 -l12
[0.037s] [35m[1mConsolidate compiler generated dependencies of target sim[0m
[0.061s] [  7%] [32mBuilding CXX object CMakeFiles/sim.dir/src/robot.cpp.o[0m
[3.066s] [01m[K/home/emily/sa-mrbt_ws/src/simplified_marine_sim/src/robot.cpp:485:6:[m[K [01;31m[Kerror: [m[Kno declaration matches ‘[01m[Kvoid Robot::updateSubtaskFailuresPerSelf(std::unordered_map<int, int>)[m[K’
[3.066s]   485 | void [01;31m[KRobot[m[K::updateSubtaskFailuresPerSelf(std::unordered_map<int,int> new_self_subtask_failures) {
[3.066s]       |      [01;31m[K^~~~~[m[K
[3.066s] In file included from [01m[K/home/emily/sa-mrbt_ws/src/simplified_marine_sim/include/world.hpp:8[m[K,
[3.066s]                  from [01m[K/home/emily/sa-mrbt_ws/src/simplified_marine_sim/src/robot.cpp:5[m[K:
[3.066s] [01m[K/home/emily/sa-mrbt_ws/src/simplified_marine_sim/include/robot.hpp:99:10:[m[K [01;36m[Knote: [m[Kcandidate is: ‘[01m[Kvoid Robot::updateSubtaskFailuresPerSelf()[m[K’
[3.067s]    99 |     void [01;36m[KupdateSubtaskFailuresPerSelf[m[K();
[3.067s]       |          [01;36m[K^~~~~~~~~~~~~~~~~~~~~~~~~~~~[m[K
[3.067s] In file included from [01m[K/home/emily/sa-mrbt_ws/src/simplified_marine_sim/include/world.hpp:8[m[K,
[3.067s]                  from [01m[K/home/emily/sa-mrbt_ws/src/simplified_marine_sim/src/robot.cpp:5[m[K:
[3.067s] [01m[K/home/emily/sa-mrbt_ws/src/simplified_marine_sim/include/robot.hpp:19:7:[m[K [01;36m[Knote: [m[K‘[01m[Kclass Robot[m[K’ defined here
[3.067s]    19 | class [01;36m[KRobot[m[K {
[3.067s]       |       [01;36m[K^~~~~[m[K
[3.071s] [01m[K/home/emily/sa-mrbt_ws/src/simplified_marine_sim/src/robot.cpp:[m[K In member function ‘[01m[Kvoid Robot::updateWinningBidsMatrixPostFailure()[m[K’:
[3.071s] [01m[K/home/emily/sa-mrbt_ws/src/simplified_marine_sim/src/robot.cpp:514:5:[m[K [01;31m[Kerror: [m[K‘[01m[Ki[m[K’ was not declared in this scope; did you mean ‘[01m[Kid[m[K’?
[3.071s]   514 |     [01;31m[Ki[m[K think we do need to call the new check func here
[3.071s]       |     [01;31m[K^[m[K
[3.072s]       |     [32m[Kid[m[K
[4.251s] gmake[2]: *** [CMakeFiles/sim.dir/build.make:188: CMakeFiles/sim.dir/src/robot.cpp.o] Error 1
[4.251s] gmake[1]: *** [CMakeFiles/Makefile2:137: CMakeFiles/sim.dir/all] Error 2
[4.252s] gmake: *** [Makefile:146: all] Error 2
[4.253s] Invoked command in '/home/emily/sa-mrbt_ws/build/simulator' returned '2': CMAKE_PREFIX_PATH=/home/emily/sa-mrbt_ws/install/behaviortree_cpp:/home/emily/sa-mrbt_ws/install/simulator:/opt/ros/iron /usr/bin/cmake --build /home/emily/sa-mrbt_ws/build/simulator -- -j12 -l12
