[0.006s] Invoking command in '/home/emily/sa-mrbt_ws/build/simulator': AMENT_PREFIX_PATH=/home/emily/sa-mrbt_ws/install/behaviortree_cpp:${AMENT_PREFIX_PATH} CMAKE_PREFIX_PATH=/home/emily/sa-mrbt_ws/install/behaviortree_cpp:/opt/ros/iron LD_LIBRARY_PATH=/home/emily/sa-mrbt_ws/install/behaviortree_cpp/lib:${LD_LIBRARY_PATH} PATH=/home/emily/sa-mrbt_ws/install/behaviortree_cpp/bin:${PATH} /usr/bin/cmake --build /home/emily/sa-mrbt_ws/build/simulator -- -j12 -l12
[0.037s] [35m[1mConsolidate compiler generated dependencies of target sim[0m
[0.062s] [  7%] [32mBuilding CXX object CMakeFiles/sim.dir/src/CBBA.cpp.o[0m
[0.062s] [ 15%] [32mBuilding CXX object CMakeFiles/sim.dir/src/sim.cpp.o[0m
[0.062s] [ 23%] [32mBuilding CXX object CMakeFiles/sim.dir/src/CBGA.cpp.o[0m
[0.063s] [ 30%] [32mBuilding CXX object CMakeFiles/sim.dir/src/world.cpp.o[0m
[0.063s] [ 38%] [32mBuilding CXX object CMakeFiles/sim.dir/src/message.cpp.o[0m
[0.063s] [ 46%] [32mBuilding CXX object CMakeFiles/sim.dir/src/robot.cpp.o[0m
[0.063s] [ 53%] [32mBuilding CXX object CMakeFiles/sim.dir/src/planners.cpp.o[0m
[0.065s] [ 61%] [32mBuilding CXX object CMakeFiles/sim.dir/src/behavior_tree.cpp.o[0m
[0.066s] [ 76%] [32mBuilding CXX object CMakeFiles/sim.dir/src/greedy.cpp.o[0m
[0.066s] [ 76%] [32mBuilding CXX object CMakeFiles/sim.dir/src/parser.cpp.o[0m
[3.307s] [01m[K/home/emily/sa-mrbt_ws/src/simplified_marine_sim/src/world.cpp:[m[K In member function ‘[01m[Kint World::getPrerequisiteFailureThreshold(std::string)[m[K’:
[3.308s] [01m[K/home/emily/sa-mrbt_ws/src/simplified_marine_sim/src/world.cpp:941:12:[m[K [01;31m[Kerror: [m[K‘[01m[Kfailure_threshold[m[K’ was not declared in this scope
[3.308s]   941 |     return [01;31m[Kfailure_threshold[m[K;
[3.308s]       |            [01;31m[K^~~~~~~~~~~~~~~~~[m[K
[4.394s] [01m[K/home/emily/sa-mrbt_ws/src/simplified_marine_sim/src/robot.cpp:[m[K In member function ‘[01m[Kstd::unordered_map<int, std::unordered_map<int, bool> > Robot::initSubtaskFailures()[m[K’:
[4.394s] [01m[K/home/emily/sa-mrbt_ws/src/simplified_marine_sim/src/robot.cpp:263:58:[m[K [01;31m[Kerror: [m[K‘[01m[Kstd::unordered_map<int, TaskInfo> World::all_subtasks_info[m[K’ is protected within this context
[4.394s]   263 |     for (const auto& [subtask_id, subtask_info] : world->[01;31m[Kall_subtasks_info[m[K) {
[4.395s]       |                                                          [01;31m[K^~~~~~~~~~~~~~~~~[m[K
[4.395s] In file included from [01m[K/home/emily/sa-mrbt_ws/src/simplified_marine_sim/src/robot.cpp:4[m[K:
[4.395s] [01m[K/home/emily/sa-mrbt_ws/src/simplified_marine_sim/include/world.hpp:41:38:[m[K [01;36m[Knote: [m[Kdeclared protected here
[4.395s]    41 |     std::unordered_map<int,TaskInfo> [01;36m[Kall_subtasks_info[m[K; // not initially available for assignment, each one triggered to be available by a certain fault
[4.395s]       |                                      [01;36m[K^~~~~~~~~~~~~~~~~[m[K
[4.395s] [01m[K/home/emily/sa-mrbt_ws/src/simplified_marine_sim/src/robot.cpp:[m[K At global scope:
[4.395s] [01m[K/home/emily/sa-mrbt_ws/src/simplified_marine_sim/src/robot.cpp:274:6:[m[K [01;31m[Kerror: [m[Kno declaration matches ‘[01m[Kvoid Robot::setSubtaskFailure(int, int, bool)[m[K’
[4.395s]   274 | void [01;31m[KRobot[m[K::setSubtaskFailure(int subtask_id, int agent_id, bool failed) {
[4.396s]       |      [01;31m[K^~~~~[m[K
[4.396s] In file included from [01m[K/home/emily/sa-mrbt_ws/src/simplified_marine_sim/include/world.hpp:8[m[K,
[4.396s]                  from [01m[K/home/emily/sa-mrbt_ws/src/simplified_marine_sim/src/robot.cpp:4[m[K:
[4.396s] [01m[K/home/emily/sa-mrbt_ws/src/simplified_marine_sim/include/robot.hpp:96:10:[m[K [01;36m[Knote: [m[Kcandidate is: ‘[01m[Kbool Robot::setSubtaskFailure(int, int, bool)[m[K’
[4.396s]    96 |     bool [01;36m[KsetSubtaskFailure[m[K(int subtask_id, int agent_id, bool failed);
[4.396s]       |          [01;36m[K^~~~~~~~~~~~~~~~~[m[K
[4.396s] In file included from [01m[K/home/emily/sa-mrbt_ws/src/simplified_marine_sim/include/world.hpp:8[m[K,
[4.396s]                  from [01m[K/home/emily/sa-mrbt_ws/src/simplified_marine_sim/src/robot.cpp:4[m[K:
[4.396s] [01m[K/home/emily/sa-mrbt_ws/src/simplified_marine_sim/include/robot.hpp:19:7:[m[K [01;36m[Knote: [m[K‘[01m[Kclass Robot[m[K’ defined here
[4.396s]    19 | class [01;36m[KRobot[m[K {
[4.396s]       |       [01;36m[K^~~~~[m[K
[4.923s] gmake[2]: *** [CMakeFiles/sim.dir/build.make:160: CMakeFiles/sim.dir/src/world.cpp.o] Error 1
[4.924s] gmake[2]: *** Waiting for unfinished jobs....
[5.768s] gmake[2]: *** [CMakeFiles/sim.dir/build.make:188: CMakeFiles/sim.dir/src/robot.cpp.o] Error 1
[6.462s] gmake[1]: *** [CMakeFiles/Makefile2:137: CMakeFiles/sim.dir/all] Error 2
[6.462s] gmake: *** [Makefile:146: all] Error 2
[6.464s] Invoked command in '/home/emily/sa-mrbt_ws/build/simulator' returned '2': AMENT_PREFIX_PATH=/home/emily/sa-mrbt_ws/install/behaviortree_cpp:${AMENT_PREFIX_PATH} CMAKE_PREFIX_PATH=/home/emily/sa-mrbt_ws/install/behaviortree_cpp:/opt/ros/iron LD_LIBRARY_PATH=/home/emily/sa-mrbt_ws/install/behaviortree_cpp/lib:${LD_LIBRARY_PATH} PATH=/home/emily/sa-mrbt_ws/install/behaviortree_cpp/bin:${PATH} /usr/bin/cmake --build /home/emily/sa-mrbt_ws/build/simulator -- -j12 -l12
