[0.113s] DEBUG:colcon:Command line arguments: ['/usr/bin/colcon', 'build']
[0.113s] DEBUG:colcon:Parsed command line arguments: Namespace(log_base=None, log_level=None, verb_name='build', build_base='build', install_base='install', merge_install=False, symlink_install=False, test_result_base=None, continue_on_error=False, executor='parallel', parallel_workers=8, event_handlers=None, ignore_user_meta=False, metas=['./colcon.meta'], base_paths=['.'], packages_ignore=None, packages_ignore_regex=None, paths=None, packages_up_to=None, packages_up_to_regex=None, packages_above=None, packages_above_and_dependencies=None, packages_above_depth=None, packages_select_by_dep=None, packages_skip_by_dep=None, packages_skip_up_to=None, packages_select_build_failed=False, packages_skip_build_finished=False, packages_select_test_failures=False, packages_skip_test_passed=False, packages_select=None, packages_skip=None, packages_select_regex=None, packages_skip_regex=None, packages_start=None, packages_end=None, allow_overriding=[], cmake_args=None, cmake_target=None, cmake_target_skip_unavailable=False, cmake_clean_cache=False, cmake_clean_first=False, cmake_force_configure=False, ament_cmake_args=None, catkin_cmake_args=None, catkin_skip_building_tests=False, verb_parser=<colcon_defaults.argument_parser.defaults.DefaultArgumentsDecorator object at 0x7b09f00ff700>, verb_extension=<colcon_core.verb.build.BuildVerb object at 0x7b09f00ff1f0>, main=<bound method BuildVerb.main of <colcon_core.verb.build.BuildVerb object at 0x7b09f00ff1f0>>)
[0.292s] Level 1:colcon.colcon_core.package_discovery:discover_packages(colcon_meta) check parameters
[0.292s] Level 1:colcon.colcon_core.package_discovery:discover_packages(recursive) check parameters
[0.292s] Level 1:colcon.colcon_core.package_discovery:discover_packages(ignore) check parameters
[0.292s] Level 1:colcon.colcon_core.package_discovery:discover_packages(path) check parameters
[0.292s] Level 1:colcon.colcon_core.package_discovery:discover_packages(colcon_meta) discover
[0.292s] Level 1:colcon.colcon_core.package_discovery:discover_packages(recursive) discover
[0.292s] INFO:colcon.colcon_core.package_discovery:Crawling recursively for packages in '/home/scheidee/sa-mrbt_ws/src/simulator'
[0.292s] Level 1:colcon.colcon_core.package_identification:_identify(.) by extensions ['ignore', 'ignore_ament_install']
[0.292s] Level 1:colcon.colcon_core.package_identification:_identify(.) by extension 'ignore'
[0.292s] Level 1:colcon.colcon_core.package_identification:_identify(.) by extension 'ignore_ament_install'
[0.292s] Level 1:colcon.colcon_core.package_identification:_identify(.) by extensions ['colcon_pkg']
[0.293s] Level 1:colcon.colcon_core.package_identification:_identify(.) by extension 'colcon_pkg'
[0.293s] Level 1:colcon.colcon_core.package_identification:_identify(.) by extensions ['colcon_meta']
[0.293s] Level 1:colcon.colcon_core.package_identification:_identify(.) by extension 'colcon_meta'
[0.293s] Level 1:colcon.colcon_core.package_identification:_identify(.) by extensions ['ros']
[0.293s] Level 1:colcon.colcon_core.package_identification:_identify(.) by extension 'ros'
[0.305s] DEBUG:colcon.colcon_core.package_identification:Package '.' with type 'ros.ament_cmake' and name 'simulator'
[0.305s] Level 1:colcon.colcon_core.package_discovery:discover_packages(recursive) using defaults
[0.305s] Level 1:colcon.colcon_core.package_discovery:discover_packages(ignore) discover
[0.305s] Level 1:colcon.colcon_core.package_discovery:discover_packages(ignore) using defaults
[0.305s] Level 1:colcon.colcon_core.package_discovery:discover_packages(path) discover
[0.305s] Level 1:colcon.colcon_core.package_discovery:discover_packages(path) using defaults
[0.322s] Level 1:colcon.colcon_core.package_discovery:discover_packages(prefix_path) check parameters
[0.322s] Level 1:colcon.colcon_core.package_discovery:discover_packages(prefix_path) discover
[0.324s] DEBUG:colcon.colcon_installed_package_information.package_discovery:Found 3 installed packages in /home/scheidee/sa-mrbt_ws/install
[0.325s] DEBUG:colcon.colcon_installed_package_information.package_discovery:Found 281 installed packages in /opt/ros/iron
[0.327s] Level 1:colcon.colcon_core.package_discovery:discover_packages(prefix_path) using defaults
[0.378s] Level 5:colcon.colcon_core.verb:set package 'simulator' build argument 'cmake_args' from command line to 'None'
[0.378s] Level 5:colcon.colcon_core.verb:set package 'simulator' build argument 'cmake_target' from command line to 'None'
[0.378s] Level 5:colcon.colcon_core.verb:set package 'simulator' build argument 'cmake_target_skip_unavailable' from command line to 'False'
[0.379s] Level 5:colcon.colcon_core.verb:set package 'simulator' build argument 'cmake_clean_cache' from command line to 'False'
[0.379s] Level 5:colcon.colcon_core.verb:set package 'simulator' build argument 'cmake_clean_first' from command line to 'False'
[0.379s] Level 5:colcon.colcon_core.verb:set package 'simulator' build argument 'cmake_force_configure' from command line to 'False'
[0.379s] Level 5:colcon.colcon_core.verb:set package 'simulator' build argument 'ament_cmake_args' from command line to 'None'
[0.379s] Level 5:colcon.colcon_core.verb:set package 'simulator' build argument 'catkin_cmake_args' from command line to 'None'
[0.379s] Level 5:colcon.colcon_core.verb:set package 'simulator' build argument 'catkin_skip_building_tests' from command line to 'False'
[0.379s] DEBUG:colcon.colcon_core.verb:Building package 'simulator' with the following arguments: {'ament_cmake_args': None, 'build_base': '/home/scheidee/sa-mrbt_ws/src/simulator/build/simulator', 'catkin_cmake_args': None, 'catkin_skip_building_tests': False, 'cmake_args': None, 'cmake_clean_cache': False, 'cmake_clean_first': False, 'cmake_force_configure': False, 'cmake_target': None, 'cmake_target_skip_unavailable': False, 'install_base': '/home/scheidee/sa-mrbt_ws/src/simulator/install/simulator', 'merge_install': False, 'path': '/home/scheidee/sa-mrbt_ws/src/simulator', 'symlink_install': False, 'test_result_base': None}
[0.379s] INFO:colcon.colcon_core.executor:Executing jobs using 'parallel' executor
[0.380s] DEBUG:colcon.colcon_parallel_executor.executor.parallel:run_until_complete
[0.380s] INFO:colcon.colcon_ros.task.ament_cmake.build:Building ROS package in '/home/scheidee/sa-mrbt_ws/src/simulator' with build type 'ament_cmake'
[0.380s] INFO:colcon.colcon_cmake.task.cmake.build:Building CMake package in '/home/scheidee/sa-mrbt_ws/src/simulator'
[0.382s] INFO:colcon.colcon_core.plugin_system:Skipping extension 'colcon_core.shell.bat': Not used on non-Windows systems
[0.382s] INFO:colcon.colcon_core.shell:Skip shell extension 'powershell' for command environment: Not usable outside of PowerShell
[0.382s] DEBUG:colcon.colcon_core.shell:Skip shell extension 'dsv' for command environment
[0.391s] DEBUG:colcon.colcon_core.event_handler.log_command:Invoking command in '/home/scheidee/sa-mrbt_ws/src/simulator/build/simulator': CMAKE_PREFIX_PATH=${CMAKE_PREFIX_PATH}:/opt/ros/iron /usr/bin/cmake /home/scheidee/sa-mrbt_ws/src/simulator -DCMAKE_INSTALL_PREFIX=/home/scheidee/sa-mrbt_ws/src/simulator/install/simulator
[1.689s] DEBUG:colcon.colcon_core.event_handler.log_command:Invoked command in '/home/scheidee/sa-mrbt_ws/src/simulator/build/simulator' returned '0': CMAKE_PREFIX_PATH=${CMAKE_PREFIX_PATH}:/opt/ros/iron /usr/bin/cmake /home/scheidee/sa-mrbt_ws/src/simulator -DCMAKE_INSTALL_PREFIX=/home/scheidee/sa-mrbt_ws/src/simulator/install/simulator
[1.691s] DEBUG:colcon.colcon_core.event_handler.log_command:Invoking command in '/home/scheidee/sa-mrbt_ws/src/simulator/build/simulator': CMAKE_PREFIX_PATH=${CMAKE_PREFIX_PATH}:/opt/ros/iron /usr/bin/cmake --build /home/scheidee/sa-mrbt_ws/src/simulator/build/simulator -- -j8 -l8
[7.730s] DEBUG:colcon.colcon_core.event_handler.log_command:Invoked command in '/home/scheidee/sa-mrbt_ws/src/simulator/build/simulator' returned '0': CMAKE_PREFIX_PATH=${CMAKE_PREFIX_PATH}:/opt/ros/iron /usr/bin/cmake --build /home/scheidee/sa-mrbt_ws/src/simulator/build/simulator -- -j8 -l8
[7.781s] DEBUG:colcon.colcon_core.event_handler.log_command:Invoking command in '/home/scheidee/sa-mrbt_ws/src/simulator/build/simulator': CMAKE_PREFIX_PATH=${CMAKE_PREFIX_PATH}:/opt/ros/iron /usr/bin/cmake --install /home/scheidee/sa-mrbt_ws/src/simulator/build/simulator
[7.791s] Level 1:colcon.colcon_core.environment:create_environment_scripts_only(simulator)
[7.792s] DEBUG:colcon.colcon_core.event_handler.log_command:Invoked command in '/home/scheidee/sa-mrbt_ws/src/simulator/build/simulator' returned '0': CMAKE_PREFIX_PATH=${CMAKE_PREFIX_PATH}:/opt/ros/iron /usr/bin/cmake --install /home/scheidee/sa-mrbt_ws/src/simulator/build/simulator
[7.794s] Level 1:colcon.colcon_core.environment:checking '/home/scheidee/sa-mrbt_ws/src/simulator/install/simulator' for CMake module files
[7.794s] Level 1:colcon.colcon_core.environment:checking '/home/scheidee/sa-mrbt_ws/src/simulator/install/simulator' for CMake config files
[7.795s] Level 1:colcon.colcon_core.shell:create_environment_hook('simulator', 'cmake_prefix_path')
[7.795s] INFO:colcon.colcon_core.shell:Creating environment hook '/home/scheidee/sa-mrbt_ws/src/simulator/install/simulator/share/simulator/hook/cmake_prefix_path.ps1'
[7.796s] INFO:colcon.colcon_core.shell:Creating environment descriptor '/home/scheidee/sa-mrbt_ws/src/simulator/install/simulator/share/simulator/hook/cmake_prefix_path.dsv'
[7.796s] INFO:colcon.colcon_core.shell:Creating environment hook '/home/scheidee/sa-mrbt_ws/src/simulator/install/simulator/share/simulator/hook/cmake_prefix_path.sh'
[7.797s] Level 1:colcon.colcon_core.environment:checking '/home/scheidee/sa-mrbt_ws/src/simulator/install/simulator/lib'
[7.797s] Level 1:colcon.colcon_core.environment:checking '/home/scheidee/sa-mrbt_ws/src/simulator/install/simulator/bin'
[7.797s] Level 1:colcon.colcon_core.environment:checking '/home/scheidee/sa-mrbt_ws/src/simulator/install/simulator/lib/pkgconfig/simulator.pc'
[7.797s] Level 1:colcon.colcon_core.environment:checking '/home/scheidee/sa-mrbt_ws/src/simulator/install/simulator/lib/python3.10/site-packages'
[7.798s] Level 1:colcon.colcon_core.environment:checking '/home/scheidee/sa-mrbt_ws/src/simulator/install/simulator/bin'
[7.798s] INFO:colcon.colcon_core.shell:Creating package script '/home/scheidee/sa-mrbt_ws/src/simulator/install/simulator/share/simulator/package.ps1'
[7.799s] INFO:colcon.colcon_core.shell:Creating package descriptor '/home/scheidee/sa-mrbt_ws/src/simulator/install/simulator/share/simulator/package.dsv'
[7.799s] INFO:colcon.colcon_core.shell:Creating package script '/home/scheidee/sa-mrbt_ws/src/simulator/install/simulator/share/simulator/package.sh'
[7.800s] INFO:colcon.colcon_core.shell:Creating package script '/home/scheidee/sa-mrbt_ws/src/simulator/install/simulator/share/simulator/package.bash'
[7.800s] INFO:colcon.colcon_core.shell:Creating package script '/home/scheidee/sa-mrbt_ws/src/simulator/install/simulator/share/simulator/package.zsh'
[7.801s] Level 1:colcon.colcon_core.environment:create_file_with_runtime_dependencies(/home/scheidee/sa-mrbt_ws/src/simulator/install/simulator/share/colcon-core/packages/simulator)
[7.839s] Level 1:colcon.colcon_core.environment:create_environment_scripts_only(simulator)
[7.839s] Level 1:colcon.colcon_core.environment:checking '/home/scheidee/sa-mrbt_ws/src/simulator/install/simulator' for CMake module files
[7.840s] Level 1:colcon.colcon_core.environment:checking '/home/scheidee/sa-mrbt_ws/src/simulator/install/simulator' for CMake config files
[7.840s] Level 1:colcon.colcon_core.shell:create_environment_hook('simulator', 'cmake_prefix_path')
[7.840s] INFO:colcon.colcon_core.shell:Creating environment hook '/home/scheidee/sa-mrbt_ws/src/simulator/install/simulator/share/simulator/hook/cmake_prefix_path.ps1'
[7.841s] INFO:colcon.colcon_core.shell:Creating environment descriptor '/home/scheidee/sa-mrbt_ws/src/simulator/install/simulator/share/simulator/hook/cmake_prefix_path.dsv'
[7.841s] INFO:colcon.colcon_core.shell:Creating environment hook '/home/scheidee/sa-mrbt_ws/src/simulator/install/simulator/share/simulator/hook/cmake_prefix_path.sh'
[7.842s] Level 1:colcon.colcon_core.environment:checking '/home/scheidee/sa-mrbt_ws/src/simulator/install/simulator/lib'
[7.842s] Level 1:colcon.colcon_core.environment:checking '/home/scheidee/sa-mrbt_ws/src/simulator/install/simulator/bin'
[7.842s] Level 1:colcon.colcon_core.environment:checking '/home/scheidee/sa-mrbt_ws/src/simulator/install/simulator/lib/pkgconfig/simulator.pc'
[7.842s] Level 1:colcon.colcon_core.environment:checking '/home/scheidee/sa-mrbt_ws/src/simulator/install/simulator/lib/python3.10/site-packages'
[7.842s] Level 1:colcon.colcon_core.environment:checking '/home/scheidee/sa-mrbt_ws/src/simulator/install/simulator/bin'
[7.843s] INFO:colcon.colcon_core.shell:Creating package script '/home/scheidee/sa-mrbt_ws/src/simulator/install/simulator/share/simulator/package.ps1'
[7.843s] INFO:colcon.colcon_core.shell:Creating package descriptor '/home/scheidee/sa-mrbt_ws/src/simulator/install/simulator/share/simulator/package.dsv'
[7.843s] INFO:colcon.colcon_core.shell:Creating package script '/home/scheidee/sa-mrbt_ws/src/simulator/install/simulator/share/simulator/package.sh'
[7.844s] INFO:colcon.colcon_core.shell:Creating package script '/home/scheidee/sa-mrbt_ws/src/simulator/install/simulator/share/simulator/package.bash'
[7.844s] INFO:colcon.colcon_core.shell:Creating package script '/home/scheidee/sa-mrbt_ws/src/simulator/install/simulator/share/simulator/package.zsh'
[7.845s] Level 1:colcon.colcon_core.environment:create_file_with_runtime_dependencies(/home/scheidee/sa-mrbt_ws/src/simulator/install/simulator/share/colcon-core/packages/simulator)
[7.845s] DEBUG:colcon.colcon_parallel_executor.executor.parallel:closing loop
[7.845s] DEBUG:colcon.colcon_parallel_executor.executor.parallel:loop closed
[7.845s] DEBUG:colcon.colcon_parallel_executor.executor.parallel:run_until_complete finished with '0'
[7.845s] DEBUG:colcon.colcon_core.event_reactor:joining thread
[7.850s] INFO:colcon.colcon_core.plugin_system:Skipping extension 'colcon_notification.desktop_notification.terminal_notifier': Not used on non-Darwin systems
[7.850s] INFO:colcon.colcon_core.plugin_system:Skipping extension 'colcon_notification.desktop_notification.win32': Not used on non-Windows systems
[7.850s] INFO:colcon.colcon_notification.desktop_notification:Sending desktop notification using 'notify2'
[7.863s] DEBUG:colcon.colcon_core.event_reactor:joined thread
[7.864s] INFO:colcon.colcon_core.shell:Creating prefix script '/home/scheidee/sa-mrbt_ws/src/simulator/install/local_setup.ps1'
[7.865s] INFO:colcon.colcon_core.shell:Creating prefix util module '/home/scheidee/sa-mrbt_ws/src/simulator/install/_local_setup_util_ps1.py'
[7.866s] INFO:colcon.colcon_core.shell:Creating prefix chain script '/home/scheidee/sa-mrbt_ws/src/simulator/install/setup.ps1'
[7.867s] INFO:colcon.colcon_core.shell:Creating prefix script '/home/scheidee/sa-mrbt_ws/src/simulator/install/local_setup.sh'
[7.867s] INFO:colcon.colcon_core.shell:Creating prefix util module '/home/scheidee/sa-mrbt_ws/src/simulator/install/_local_setup_util_sh.py'
[7.868s] INFO:colcon.colcon_core.shell:Creating prefix chain script '/home/scheidee/sa-mrbt_ws/src/simulator/install/setup.sh'
[7.869s] INFO:colcon.colcon_core.shell:Creating prefix script '/home/scheidee/sa-mrbt_ws/src/simulator/install/local_setup.bash'
[7.870s] INFO:colcon.colcon_core.shell:Creating prefix chain script '/home/scheidee/sa-mrbt_ws/src/simulator/install/setup.bash'
[7.871s] INFO:colcon.colcon_core.shell:Creating prefix script '/home/scheidee/sa-mrbt_ws/src/simulator/install/local_setup.zsh'
[7.871s] INFO:colcon.colcon_core.shell:Creating prefix chain script '/home/scheidee/sa-mrbt_ws/src/simulator/install/setup.zsh'
