[0.006s] Invoking command in '/home/emily/sa-mrbt_ws/build/simulator': CMAKE_PREFIX_PATH=/home/emily/sa-mrbt_ws/install/behaviortree_cpp:/home/emily/sa-mrbt_ws/install/simulator:/opt/ros/iron /usr/bin/cmake --build /home/emily/sa-mrbt_ws/build/simulator -- -j12 -l12
[0.038s] [35m[1mConsolidate compiler generated dependencies of target sim[0m
[0.062s] [  7%] [32mBuilding CXX object CMakeFiles/sim.dir/src/sim.cpp.o[0m
[0.062s] [ 15%] [32mBuilding CXX object CMakeFiles/sim.dir/src/CBGA.cpp.o[0m
[0.062s] [ 23%] [32mBuilding CXX object CMakeFiles/sim.dir/src/CBBA.cpp.o[0m
[0.063s] [ 30%] [32mBuilding CXX object CMakeFiles/sim.dir/src/world.cpp.o[0m
[0.063s] [ 38%] [32mBuilding CXX object CMakeFiles/sim.dir/src/message.cpp.o[0m
[0.065s] [ 46%] [32mBuilding CXX object CMakeFiles/sim.dir/src/planners.cpp.o[0m
[0.065s] [ 53%] [32mBuilding CXX object CMakeFiles/sim.dir/src/robot.cpp.o[0m
[0.067s] [ 61%] [32mBuilding CXX object CMakeFiles/sim.dir/src/behavior_tree.cpp.o[0m
[0.068s] [ 69%] [32mBuilding CXX object CMakeFiles/sim.dir/src/parser.cpp.o[0m
[0.068s] [ 76%] [32mBuilding CXX object CMakeFiles/sim.dir/src/greedy.cpp.o[0m
[2.251s] [01m[K/home/emily/sa-mrbt_ws/src/simplified_marine_sim/src/planners.cpp:[m[K In member function ‘[01m[Kstd::vector<std::pair<double, int> > Planner::getNeighbors(int, int, int, int)[m[K’:
[2.251s] [01m[K/home/emily/sa-mrbt_ws/src/simplified_marine_sim/src/planners.cpp:88:94:[m[K [01;31m[Kerror: [m[K‘[01m[Kclass Robot[m[K’ has no member named ‘[01m[KisObstacle[m[K’; did you mean ‘[01m[KfoundObstacle[m[K’?
[2.251s]    88 |                 if (inBounds(new_x,new_y,X,Y) && !world->isObstacle(new_x, new_y) && !robot->[01;31m[KisObstacle[m[K(new_x,new_y)) { // added check for obstacle
[2.251s]       |                                                                                              [01;31m[K^~~~~~~~~~[m[K
[2.251s]       |                                                                                              [32m[KfoundObstacle[m[K
[3.193s] gmake[2]: *** [CMakeFiles/sim.dir/build.make:174: CMakeFiles/sim.dir/src/planners.cpp.o] Error 1
[3.193s] gmake[2]: *** Waiting for unfinished jobs....
[5.581s] [01m[K/home/emily/sa-mrbt_ws/src/simplified_marine_sim/src/robot.cpp:[m[K In function ‘[01m[Kbool isFoundObstacle(int, int)[m[K’:
[5.581s] [01m[K/home/emily/sa-mrbt_ws/src/simplified_marine_sim/src/robot.cpp:715:32:[m[K [01;31m[Kerror: [m[K‘[01m[Kdiscovered_obstacles[m[K’ was not declared in this scope
[5.581s]   715 |     for (const auto& polygon : [01;31m[Kdiscovered_obstacles[m[K[type]) {
[5.581s]       |                                [01;31m[K^~~~~~~~~~~~~~~~~~~~[m[K
[5.585s] [01m[K/home/emily/sa-mrbt_ws/src/simplified_marine_sim/src/robot.cpp:715:53:[m[K [01;31m[Kerror: [m[K‘[01m[Ktype[m[K’ was not declared in this scope; did you mean ‘[01m[Kwctype[m[K’?
[5.585s]   715 |     for (const auto& polygon : discovered_obstacles[[01;31m[Ktype[m[K]) {
[5.585s]       |                                                     [01;31m[K^~~~[m[K
[5.585s]       |                                                     [32m[Kwctype[m[K
[7.386s] gmake[2]: *** [CMakeFiles/sim.dir/build.make:188: CMakeFiles/sim.dir/src/robot.cpp.o] Error 1
[7.386s] gmake[1]: *** [CMakeFiles/Makefile2:137: CMakeFiles/sim.dir/all] Error 2
[7.386s] gmake: *** [Makefile:146: all] Error 2
[7.388s] Invoked command in '/home/emily/sa-mrbt_ws/build/simulator' returned '2': CMAKE_PREFIX_PATH=/home/emily/sa-mrbt_ws/install/behaviortree_cpp:/home/emily/sa-mrbt_ws/install/simulator:/opt/ros/iron /usr/bin/cmake --build /home/emily/sa-mrbt_ws/build/simulator -- -j12 -l12
