[  3%] Built target lexy_file
[  3%] Built target minitrace
[  5%] Built target gtest
[  6%] Built target gtest_main
[35m[1mConsolidate compiler generated dependencies of target behaviortree_cpp[0m
[  7%] [32mBuilding CXX object CMakeFiles/behaviortree_cpp.dir/src/controls/counter_sequence.cpp.o[0m
[01m[K/home/emily/sa-mrbt_ws/src/BehaviorTree.CPP/src/controls/counter_sequence.cpp:[m[K In member function ‘[01m[Kvirtual BT::NodeStatus BT::CounterSequence::tick()[m[K’:
[01m[K/home/emily/sa-mrbt_ws/src/BehaviorTree.CPP/src/controls/counter_sequence.cpp:64:9:[m[K [01;31m[Kerror: [m[K‘[01m[Kcurrent_task_id[m[K’ was not declared in this scope; did you mean ‘[01m[Kcurrent_task_id_[m[K’?
   64 |         [01;31m[Kcurrent_task_id[m[K = getInput<int>("current_task_id");
      |         [01;31m[K^~~~~~~~~~~~~~~[m[K
      |         [32m[Kcurrent_task_id_[m[K
[01m[K/home/emily/sa-mrbt_ws/src/BehaviorTree.CPP/src/controls/counter_sequence.cpp:67:9:[m[K [01;31m[Kerror: [m[K‘[01m[Ksubtask_failure_thresholds[m[K’ was not declared in this scope; did you mean ‘[01m[Ksubtask_failure_thresholds_[m[K’?
   67 |         [01;31m[Ksubtask_failure_thresholds[m[K = getInput<std::unordered_map<int,int>("subtask_failure_thresholds");
      |         [01;31m[K^~~~~~~~~~~~~~~~~~~~~~~~~~[m[K
      |         [32m[Ksubtask_failure_thresholds_[m[K
[01m[K/home/emily/sa-mrbt_ws/src/BehaviorTree.CPP/src/controls/counter_sequence.cpp:67:103:[m[K [01;31m[Kerror: [m[Kno matching function for call to ‘[01m[Kstd::unordered_map<int, int>::unordered_map(const char [27])[m[K’
   67 |         subtask_failure_thresholds = getInput<std::unordered_map<int,int>("subtask_failure_thresholds"[01;31m[K)[m[K;
      |                                                                                                       [01;31m[K^[m[K
In file included from [01m[K/usr/include/c++/11/unordered_map:47[m[K,
                 from [01m[K/usr/include/c++/11/functional:61[m[K,
                 from [01m[K/home/emily/sa-mrbt_ws/src/BehaviorTree.CPP/include/behaviortree_cpp/utils/signal.h:5[m[K,
                 from [01m[K/home/emily/sa-mrbt_ws/src/BehaviorTree.CPP/include/behaviortree_cpp/tree_node.h:20[m[K,
                 from [01m[K/home/emily/sa-mrbt_ws/src/BehaviorTree.CPP/include/behaviortree_cpp/control_node.h:17[m[K,
                 from [01m[K/home/emily/sa-mrbt_ws/src/BehaviorTree.CPP/include/behaviortree_cpp/controls/counter_sequence.h:74[m[K,
                 from [01m[K/home/emily/sa-mrbt_ws/src/BehaviorTree.CPP/src/controls/counter_sequence.cpp:15[m[K:
[01m[K/usr/include/c++/11/bits/unordered_map.h:252:9:[m[K [01;36m[Knote: [m[Kcandidate: ‘[01m[Ktemplate<class _InputIterator> std::unordered_map<_Key, _Tp, _Hash, _Pred, _Alloc>::unordered_map(_InputIterator, _InputIterator, std::unordered_map<_Key, _Tp, _Hash, _Pred, _Alloc>::size_type, const hasher&, const allocator_type&) [with _InputIterator = _InputIterator; _Key = int; _Tp = int; _Hash = std::hash<int>; _Pred = std::equal_to<int>; _Alloc = std::allocator<std::pair<const int, int> >][m[K’
  252 |         [01;36m[Kunordered_map[m[K(_InputIterator __first, _InputIterator __last,
      |         [01;36m[K^~~~~~~~~~~~~[m[K
[01m[K/usr/include/c++/11/bits/unordered_map.h:252:9:[m[K [01;36m[Knote: [m[K  template argument deduction/substitution failed:
[01m[K/home/emily/sa-mrbt_ws/src/BehaviorTree.CPP/src/controls/counter_sequence.cpp:67:103:[m[K [01;36m[Knote: [m[K  candidate expects 5 arguments, 1 provided
   67 |         subtask_failure_thresholds = getInput<std::unordered_map<int,int>("subtask_failure_thresholds"[01;36m[K)[m[K;
      |                                                                                                       [01;36m[K^[m[K
In file included from [01m[K/usr/include/c++/11/unordered_map:47[m[K,
                 from [01m[K/usr/include/c++/11/functional:61[m[K,
                 from [01m[K/home/emily/sa-mrbt_ws/src/BehaviorTree.CPP/include/behaviortree_cpp/utils/signal.h:5[m[K,
                 from [01m[K/home/emily/sa-mrbt_ws/src/BehaviorTree.CPP/include/behaviortree_cpp/tree_node.h:20[m[K,
                 from [01m[K/home/emily/sa-mrbt_ws/src/BehaviorTree.CPP/include/behaviortree_cpp/control_node.h:17[m[K,
                 from [01m[K/home/emily/sa-mrbt_ws/src/BehaviorTree.CPP/include/behaviortree_cpp/controls/counter_sequence.h:74[m[K,
                 from [01m[K/home/emily/sa-mrbt_ws/src/BehaviorTree.CPP/src/controls/counter_sequence.cpp:15[m[K:
[01m[K/usr/include/c++/11/bits/unordered_map.h:245:9:[m[K [01;36m[Knote: [m[Kcandidate: ‘[01m[Ktemplate<class _InputIterator> std::unordered_map<_Key, _Tp, _Hash, _Pred, _Alloc>::unordered_map(_InputIterator, _InputIterator, std::unordered_map<_Key, _Tp, _Hash, _Pred, _Alloc>::size_type, const allocator_type&) [with _InputIterator = _InputIterator; _Key = int; _Tp = int; _Hash = std::hash<int>; _Pred = std::equal_to<int>; _Alloc = std::allocator<std::pair<const int, int> >][m[K’
  245 |         [01;36m[Kunordered_map[m[K(_InputIterator __first, _InputIterator __last,
      |         [01;36m[K^~~~~~~~~~~~~[m[K
[01m[K/usr/include/c++/11/bits/unordered_map.h:245:9:[m[K [01;36m[Knote: [m[K  template argument deduction/substitution failed:
[01m[K/home/emily/sa-mrbt_ws/src/BehaviorTree.CPP/src/controls/counter_sequence.cpp:67:103:[m[K [01;36m[Knote: [m[K  candidate expects 4 arguments, 1 provided
   67 |         subtask_failure_thresholds = getInput<std::unordered_map<int,int>("subtask_failure_thresholds"[01;36m[K)[m[K;
      |                                                                                                       [01;36m[K^[m[K
In file included from [01m[K/usr/include/c++/11/unordered_map:47[m[K,
                 from [01m[K/usr/include/c++/11/functional:61[m[K,
                 from [01m[K/home/emily/sa-mrbt_ws/src/BehaviorTree.CPP/include/behaviortree_cpp/utils/signal.h:5[m[K,
                 from [01m[K/home/emily/sa-mrbt_ws/src/BehaviorTree.CPP/include/behaviortree_cpp/tree_node.h:20[m[K,
                 from [01m[K/home/emily/sa-mrbt_ws/src/BehaviorTree.CPP/include/behaviortree_cpp/control_node.h:17[m[K,
                 from [01m[K/home/emily/sa-mrbt_ws/src/BehaviorTree.CPP/include/behaviortree_cpp/controls/counter_sequence.h:74[m[K,
                 from [01m[K/home/emily/sa-mrbt_ws/src/BehaviorTree.CPP/src/controls/counter_sequence.cpp:15[m[K:
[01m[K/usr/include/c++/11/bits/unordered_map.h:172:9:[m[K [01;36m[Knote: [m[Kcandidate: ‘[01m[Ktemplate<class _InputIterator> std::unordered_map<_Key, _Tp, _Hash, _Pred, _Alloc>::unordered_map(_InputIterator, _InputIterator, std::unordered_map<_Key, _Tp, _Hash, _Pred, _Alloc>::size_type, const hasher&, const key_equal&, const allocator_type&) [with _InputIterator = _InputIterator; _Key = int; _Tp = int; _Hash = std::hash<int>; _Pred = std::equal_to<int>; _Alloc = std::allocator<std::pair<const int, int> >][m[K’
  172 |         [01;36m[Kunordered_map[m[K(_InputIterator __first, _InputIterator __last,
      |         [01;36m[K^~~~~~~~~~~~~[m[K
[01m[K/usr/include/c++/11/bits/unordered_map.h:172:9:[m[K [01;36m[Knote: [m[K  template argument deduction/substitution failed:
[01m[K/home/emily/sa-mrbt_ws/src/BehaviorTree.CPP/src/controls/counter_sequence.cpp:67:103:[m[K [01;36m[Knote: [m[K  candidate expects 6 arguments, 1 provided
   67 |         subtask_failure_thresholds = getInput<std::unordered_map<int,int>("subtask_failure_thresholds"[01;36m[K)[m[K;
      |                                                                                                       [01;36m[K^[m[K
In file included from [01m[K/usr/include/c++/11/unordered_map:47[m[K,
                 from [01m[K/usr/include/c++/11/functional:61[m[K,
                 from [01m[K/home/emily/sa-mrbt_ws/src/BehaviorTree.CPP/include/behaviortree_cpp/utils/signal.h:5[m[K,
                 from [01m[K/home/emily/sa-mrbt_ws/src/BehaviorTree.CPP/include/behaviortree_cpp/tree_node.h:20[m[K,
                 from [01m[K/home/emily/sa-mrbt_ws/src/BehaviorTree.CPP/include/behaviortree_cpp/control_node.h:17[m[K,
                 from [01m[K/home/emily/sa-mrbt_ws/src/BehaviorTree.CPP/include/behaviortree_cpp/controls/counter_sequence.h:74[m[K,
                 from [01m[K/home/emily/sa-mrbt_ws/src/BehaviorTree.CPP/src/controls/counter_sequence.cpp:15[m[K:
[01m[K/usr/include/c++/11/bits/unordered_map.h:264:7:[m[K [01;36m[Knote: [m[Kcandidate: ‘[01m[Kstd::unordered_map<_Key, _Tp, _Hash, _Pred, _Alloc>::unordered_map(std::initializer_list<typename std::_Hashtable<_Key, std::pair<const _Key, _Tp>, _Alloc, std::__detail::_Select1st, _Pred, _Hash, std::__detail::_Mod_range_hashing, std::__detail::_Default_ranged_hash, std::__detail::_Prime_rehash_policy, std::__detail::_Hashtable_traits<std::__not_<std::__and_<std::__is_fast_hash<_Hash>, std::__is_nothrow_invocable<const _Hash&, const _Key&> > >::value, false, true> >::value_type>, std::unordered_map<_Key, _Tp, _Hash, _Pred, _Alloc>::size_type, const hasher&, const allocator_type&) [with _Key = int; _Tp = int; _Hash = std::hash<int>; _Pred = std::equal_to<int>; _Alloc = std::allocator<std::pair<const int, int> >; typename std::_Hashtable<_Key, std::pair<const _Key, _Tp>, _Alloc, std::__detail::_Select1st, _Pred, _Hash, std::__detail::_Mod_range_hashing, std::__detail::_Default_ranged_hash, std::__detail::_Prime_rehash_policy, std::__detail::_Hashtable_traits<std::__not_<std::__and_<std::__is_fast_hash<_Hash>, std::__is_nothrow_invocable<const _Hash&, const _Key&> > >::value, false, true> >::value_type = std::pair<const int, int>; std::unordered_map<_Key, _Tp, _Hash, _Pred, _Alloc>::size_type = long unsigned int; std::unordered_map<_Key, _Tp, _Hash, _Pred, _Alloc>::hasher = std::hash<int>; std::unordered_map<_Key, _Tp, _Hash, _Pred, _Alloc>::allocator_type = std::allocator<std::pair<const int, int> >][m[K’
  264 |       [01;36m[Kunordered_map[m[K(initializer_list<value_type> __l,
      |       [01;36m[K^~~~~~~~~~~~~[m[K
[01m[K/usr/include/c++/11/bits/unordered_map.h:264:7:[m[K [01;36m[Knote: [m[K  candidate expects 4 arguments, 1 provided
[01m[K/usr/include/c++/11/bits/unordered_map.h:258:7:[m[K [01;36m[Knote: [m[Kcandidate: ‘[01m[Kstd::unordered_map<_Key, _Tp, _Hash, _Pred, _Alloc>::unordered_map(std::initializer_list<typename std::_Hashtable<_Key, std::pair<const _Key, _Tp>, _Alloc, std::__detail::_Select1st, _Pred, _Hash, std::__detail::_Mod_range_hashing, std::__detail::_Default_ranged_hash, std::__detail::_Prime_rehash_policy, std::__detail::_Hashtable_traits<std::__not_<std::__and_<std::__is_fast_hash<_Hash>, std::__is_nothrow_invocable<const _Hash&, const _Key&> > >::value, false, true> >::value_type>, std::unordered_map<_Key, _Tp, _Hash, _Pred, _Alloc>::size_type, const allocator_type&) [with _Key = int; _Tp = int; _Hash = std::hash<int>; _Pred = std::equal_to<int>; _Alloc = std::allocator<std::pair<const int, int> >; typename std::_Hashtable<_Key, std::pair<const _Key, _Tp>, _Alloc, std::__detail::_Select1st, _Pred, _Hash, std::__detail::_Mod_range_hashing, std::__detail::_Default_ranged_hash, std::__detail::_Prime_rehash_policy, std::__detail::_Hashtable_traits<std::__not_<std::__and_<std::__is_fast_hash<_Hash>, std::__is_nothrow_invocable<const _Hash&, const _Key&> > >::value, false, true> >::value_type = std::pair<const int, int>; std::unordered_map<_Key, _Tp, _Hash, _Pred, _Alloc>::size_type = long unsigned int; std::unordered_map<_Key, _Tp, _Hash, _Pred, _Alloc>::allocator_type = std::allocator<std::pair<const int, int> >][m[K’
  258 |       [01;36m[Kunordered_map[m[K(initializer_list<value_type> __l,
      |       [01;36m[K^~~~~~~~~~~~~[m[K
[01m[K/usr/include/c++/11/bits/unordered_map.h:258:7:[m[K [01;36m[Knote: [m[K  candidate expects 3 arguments, 1 provided
[01m[K/usr/include/c++/11/bits/unordered_map.h:239:7:[m[K [01;36m[Knote: [m[Kcandidate: ‘[01m[Kstd::unordered_map<_Key, _Tp, _Hash, _Pred, _Alloc>::unordered_map(std::unordered_map<_Key, _Tp, _Hash, _Pred, _Alloc>::size_type, const hasher&, const allocator_type&) [with _Key = int; _Tp = int; _Hash = std::hash<int>; _Pred = std::equal_to<int>; _Alloc = std::allocator<std::pair<const int, int> >; std::unordered_map<_Key, _Tp, _Hash, _Pred, _Alloc>::size_type = long unsigned int; std::unordered_map<_Key, _Tp, _Hash, _Pred, _Alloc>::hasher = std::hash<int>; std::unordered_map<_Key, _Tp, _Hash, _Pred, _Alloc>::allocator_type = std::allocator<std::pair<const int, int> >][m[K’
  239 |       [01;36m[Kunordered_map[m[K(size_type __n, const hasher& __hf,
      |       [01;36m[K^~~~~~~~~~~~~[m[K
[01m[K/usr/include/c++/11/bits/unordered_map.h:239:7:[m[K [01;36m[Knote: [m[K  candidate expects 3 arguments, 1 provided
[01m[K/usr/include/c++/11/bits/unordered_map.h:235:7:[m[K [01;36m[Knote: [m[Kcandidate: ‘[01m[Kstd::unordered_map<_Key, _Tp, _Hash, _Pred, _Alloc>::unordered_map(std::unordered_map<_Key, _Tp, _Hash, _Pred, _Alloc>::size_type, const allocator_type&) [with _Key = int; _Tp = int; _Hash = std::hash<int>; _Pred = std::equal_to<int>; _Alloc = std::allocator<std::pair<const int, int> >; std::unordered_map<_Key, _Tp, _Hash, _Pred, _Alloc>::size_type = long unsigned int; std::unordered_map<_Key, _Tp, _Hash, _Pred, _Alloc>::allocator_type = std::allocator<std::pair<const int, int> >][m[K’
  235 |       [01;36m[Kunordered_map[m[K(size_type __n, const allocator_type& __a)
      |       [01;36m[K^~~~~~~~~~~~~[m[K
[01m[K/usr/include/c++/11/bits/unordered_map.h:235:7:[m[K [01;36m[Knote: [m[K  candidate expects 2 arguments, 1 provided
[01m[K/usr/include/c++/11/bits/unordered_map.h:227:7:[m[K [01;36m[Knote: [m[Kcandidate: ‘[01m[Kstd::unordered_map<_Key, _Tp, _Hash, _Pred, _Alloc>::unordered_map(std::initializer_list<typename std::_Hashtable<_Key, std::pair<const _Key, _Tp>, _Alloc, std::__detail::_Select1st, _Pred, _Hash, std::__detail::_Mod_range_hashing, std::__detail::_Default_ranged_hash, std::__detail::_Prime_rehash_policy, std::__detail::_Hashtable_traits<std::__not_<std::__and_<std::__is_fast_hash<_Hash>, std::__is_nothrow_invocable<const _Hash&, const _Key&> > >::value, false, true> >::value_type>, std::unordered_map<_Key, _Tp, _Hash, _Pred, _Alloc>::size_type, const hasher&, const key_equal&, const allocator_type&) [with _Key = int; _Tp = int; _Hash = std::hash<int>; _Pred = std::equal_to<int>; _Alloc = std::allocator<std::pair<const int, int> >; typename std::_Hashtable<_Key, std::pair<const _Key, _Tp>, _Alloc, std::__detail::_Select1st, _Pred, _Hash, std::__detail::_Mod_range_hashing, std::__detail::_Default_ranged_hash, std::__detail::_Prime_rehash_policy, std::__detail::_Hashtable_traits<std::__not_<std::__and_<std::__is_fast_hash<_Hash>, std::__is_nothrow_invocable<const _Hash&, const _Key&> > >::value, false, true> >::value_type = std::pair<const int, int>; std::unordered_map<_Key, _Tp, _Hash, _Pred, _Alloc>::size_type = long unsigned int; std::unordered_map<_Key, _Tp, _Hash, _Pred, _Alloc>::hasher = std::hash<int>; std::unordered_map<_Key, _Tp, _Hash, _Pred, _Alloc>::key_equal = std::equal_to<int>; std::unordered_map<_Key, _Tp, _Hash, _Pred, _Alloc>::allocator_type = std::allocator<std::pair<const int, int> >][m[K’
  227 |       [01;36m[Kunordered_map[m[K(initializer_list<value_type> __l,
      |       [01;36m[K^~~~~~~~~~~~~[m[K
[01m[K/usr/include/c++/11/bits/unordered_map.h:227:50:[m[K [01;36m[Knote: [m[K  no known conversion for argument 1 from ‘[01m[Kconst char [27][m[K’ to ‘[01m[Kstd::initializer_list<std::pair<const int, int> >[m[K’
  227 |       unordered_map([01;36m[Kinitializer_list<value_type> __l[m[K,
      |                     [01;36m[K~~~~~~~~~~~~~~~~~~~~~~~~~~~~~^~~[m[K
[01m[K/usr/include/c++/11/bits/unordered_map.h:210:7:[m[K [01;36m[Knote: [m[Kcandidate: ‘[01m[Kstd::unordered_map<_Key, _Tp, _Hash, _Pred, _Alloc>::unordered_map(std::unordered_map<_Key, _Tp, _Hash, _Pred, _Alloc>&&, const allocator_type&) [with _Key = int; _Tp = int; _Hash = std::hash<int>; _Pred = std::equal_to<int>; _Alloc = std::allocator<std::pair<const int, int> >; std::unordered_map<_Key, _Tp, _Hash, _Pred, _Alloc>::allocator_type = std::allocator<std::pair<const int, int> >][m[K’
  210 |       [01;36m[Kunordered_map[m[K(unordered_map&& __umap,
      |       [01;36m[K^~~~~~~~~~~~~[m[K
[01m[K/usr/include/c++/11/bits/unordered_map.h:210:7:[m[K [01;36m[Knote: [m[K  candidate expects 2 arguments, 1 provided
[01m[K/usr/include/c++/11/bits/unordered_map.h:200:7:[m[K [01;36m[Knote: [m[Kcandidate: ‘[01m[Kstd::unordered_map<_Key, _Tp, _Hash, _Pred, _Alloc>::unordered_map(const std::unordered_map<_Key, _Tp, _Hash, _Pred, _Alloc>&, const allocator_type&) [with _Key = int; _Tp = int; _Hash = std::hash<int>; _Pred = std::equal_to<int>; _Alloc = std::allocator<std::pair<const int, int> >; std::unordered_map<_Key, _Tp, _Hash, _Pred, _Alloc>::allocator_type = std::allocator<std::pair<const int, int> >][m[K’
  200 |       [01;36m[Kunordered_map[m[K(const unordered_map& __umap,
      |       [01;36m[K^~~~~~~~~~~~~[m[K
[01m[K/usr/include/c++/11/bits/unordered_map.h:200:7:[m[K [01;36m[Knote: [m[K  candidate expects 2 arguments, 1 provided
[01m[K/usr/include/c++/11/bits/unordered_map.h:191:7:[m[K [01;36m[Knote: [m[Kcandidate: ‘[01m[Kstd::unordered_map<_Key, _Tp, _Hash, _Pred, _Alloc>::unordered_map(const allocator_type&) [with _Key = int; _Tp = int; _Hash = std::hash<int>; _Pred = std::equal_to<int>; _Alloc = std::allocator<std::pair<const int, int> >; std::unordered_map<_Key, _Tp, _Hash, _Pred, _Alloc>::allocator_type = std::allocator<std::pair<const int, int> >][m[K’
  191 |       [01;36m[Kunordered_map[m[K(const allocator_type& __a)
      |       [01;36m[K^~~~~~~~~~~~~[m[K
[01m[K/usr/include/c++/11/bits/unordered_map.h:191:43:[m[K [01;36m[Knote: [m[K  no known conversion for argument 1 from ‘[01m[Kconst char [27][m[K’ to ‘[01m[Kconst allocator_type&[m[K’ {aka ‘[01m[Kconst std::allocator<std::pair<const int, int> >&[m[K’}
  191 |       unordered_map([01;36m[Kconst allocator_type& __a[m[K)
      |                     [01;36m[K~~~~~~~~~~~~~~~~~~~~~~^~~[m[K
[01m[K/usr/include/c++/11/bits/unordered_map.h:184:7:[m[K [01;36m[Knote: [m[Kcandidate: ‘[01m[Kstd::unordered_map<_Key, _Tp, _Hash, _Pred, _Alloc>::unordered_map(std::unordered_map<_Key, _Tp, _Hash, _Pred, _Alloc>&&) [with _Key = int; _Tp = int; _Hash = std::hash<int>; _Pred = std::equal_to<int>; _Alloc = std::allocator<std::pair<const int, int> >][m[K’
  184 |       [01;36m[Kunordered_map[m[K(unordered_map&&) = default;
      |       [01;36m[K^~~~~~~~~~~~~[m[K
[01m[K/usr/include/c++/11/bits/unordered_map.h:184:21:[m[K [01;36m[Knote: [m[K  no known conversion for argument 1 from ‘[01m[Kconst char [27][m[K’ to ‘[01m[Kstd::unordered_map<int, int>&&[m[K’
  184 |       unordered_map([01;36m[Kunordered_map&&[m[K) = default;
      |                     [01;36m[K^~~~~~~~~~~~~~~[m[K
[01m[K/usr/include/c++/11/bits/unordered_map.h:181:7:[m[K [01;36m[Knote: [m[Kcandidate: ‘[01m[Kstd::unordered_map<_Key, _Tp, _Hash, _Pred, _Alloc>::unordered_map(const std::unordered_map<_Key, _Tp, _Hash, _Pred, _Alloc>&) [with _Key = int; _Tp = int; _Hash = std::hash<int>; _Pred = std::equal_to<int>; _Alloc = std::allocator<std::pair<const int, int> >][m[K’
  181 |       [01;36m[Kunordered_map[m[K(const unordered_map&) = default;
      |       [01;36m[K^~~~~~~~~~~~~[m[K
[01m[K/usr/include/c++/11/bits/unordered_map.h:181:21:[m[K [01;36m[Knote: [m[K  no known conversion for argument 1 from ‘[01m[Kconst char [27][m[K’ to ‘[01m[Kconst std::unordered_map<int, int>&[m[K’
  181 |       unordered_map([01;36m[Kconst unordered_map&[m[K) = default;
      |                     [01;36m[K^~~~~~~~~~~~~~~~~~~~[m[K
[01m[K/usr/include/c++/11/bits/unordered_map.h:151:7:[m[K [01;36m[Knote: [m[Kcandidate: ‘[01m[Kstd::unordered_map<_Key, _Tp, _Hash, _Pred, _Alloc>::unordered_map(std::unordered_map<_Key, _Tp, _Hash, _Pred, _Alloc>::size_type, const hasher&, const key_equal&, const allocator_type&) [with _Key = int; _Tp = int; _Hash = std::hash<int>; _Pred = std::equal_to<int>; _Alloc = std::allocator<std::pair<const int, int> >; std::unordered_map<_Key, _Tp, _Hash, _Pred, _Alloc>::size_type = long unsigned int; std::unordered_map<_Key, _Tp, _Hash, _Pred, _Alloc>::hasher = std::hash<int>; std::unordered_map<_Key, _Tp, _Hash, _Pred, _Alloc>::key_equal = std::equal_to<int>; std::unordered_map<_Key, _Tp, _Hash, _Pred, _Alloc>::allocator_type = std::allocator<std::pair<const int, int> >][m[K’ (near match)
  151 |       [01;36m[Kunordered_map[m[K(size_type __n,
      |       [01;36m[K^~~~~~~~~~~~~[m[K
[01m[K/usr/include/c++/11/bits/unordered_map.h:151:7:[m[K [01;36m[Knote: [m[K  conversion of argument 1 would be ill-formed:
[01m[K/home/emily/sa-mrbt_ws/src/BehaviorTree.CPP/src/controls/counter_sequence.cpp:67:103:[m[K [01;31m[Kerror: [m[Kinvalid conversion from ‘[01m[Kconst char*[m[K’ to ‘[01m[Kstd::unordered_map<int, int>::size_type[m[K’ {aka ‘[01m[Klong unsigned int[m[K’} [[01;31m[K]8;;https://gcc.gnu.org/onlinedocs/gcc/Warning-Options.html#index-fpermissive-fpermissive]8;;[m[K]
   67 |         subtask_failure_thresholds = getInput<std::unordered_map<int,int>("subtask_failure_thresholds"[01;31m[K)[m[K;
      |                                                                                                       [01;31m[K^[m[K
      |                                                                                                       [01;31m[K|[m[K
      |                                                                                                       [01;31m[Kconst char*[m[K
In file included from [01m[K/usr/include/c++/11/unordered_map:47[m[K,
                 from [01m[K/usr/include/c++/11/functional:61[m[K,
                 from [01m[K/home/emily/sa-mrbt_ws/src/BehaviorTree.CPP/include/behaviortree_cpp/utils/signal.h:5[m[K,
                 from [01m[K/home/emily/sa-mrbt_ws/src/BehaviorTree.CPP/include/behaviortree_cpp/tree_node.h:20[m[K,
                 from [01m[K/home/emily/sa-mrbt_ws/src/BehaviorTree.CPP/include/behaviortree_cpp/control_node.h:17[m[K,
                 from [01m[K/home/emily/sa-mrbt_ws/src/BehaviorTree.CPP/include/behaviortree_cpp/controls/counter_sequence.h:74[m[K,
                 from [01m[K/home/emily/sa-mrbt_ws/src/BehaviorTree.CPP/src/controls/counter_sequence.cpp:15[m[K:
[01m[K/usr/include/c++/11/bits/unordered_map.h:141:7:[m[K [01;36m[Knote: [m[Kcandidate: ‘[01m[Kstd::unordered_map<_Key, _Tp, _Hash, _Pred, _Alloc>::unordered_map() [with _Key = int; _Tp = int; _Hash = std::hash<int>; _Pred = std::equal_to<int>; _Alloc = std::allocator<std::pair<const int, int> >][m[K’
  141 |       [01;36m[Kunordered_map[m[K() = default;
      |       [01;36m[K^~~~~~~~~~~~~[m[K
[01m[K/usr/include/c++/11/bits/unordered_map.h:141:7:[m[K [01;36m[Knote: [m[K  candidate expects 0 arguments, 1 provided
[01m[K/home/emily/sa-mrbt_ws/src/BehaviorTree.CPP/src/controls/counter_sequence.cpp:67:38:[m[K [01;31m[Kerror: [m[Kparse error in template argument list
   67 |         subtask_failure_thresholds = [01;31m[KgetInput<std::unordered_map<int,int>("subtask_failure_thresholds")[m[K;
      |                                      [01;31m[K^~~~~~~~~~~~~~~~~~~~~~~~~~~~~~~~~~~~~~~~~~~~~~~~~~~~~~~~~~~~~~~~~~[m[K
gmake[2]: *** [CMakeFiles/behaviortree_cpp.dir/build.make:482: CMakeFiles/behaviortree_cpp.dir/src/controls/counter_sequence.cpp.o] Error 1
gmake[1]: *** [CMakeFiles/Makefile2:340: CMakeFiles/behaviortree_cpp.dir/all] Error 2
gmake: *** [Makefile:146: all] Error 2
