[0.006s] Invoking command in '/home/emily/sa-mrbt_ws/build/simulator': CMAKE_PREFIX_PATH=/home/emily/sa-mrbt_ws/install/behaviortree_cpp:/home/emily/sa-mrbt_ws/install/simulator:/opt/ros/iron /usr/bin/cmake --build /home/emily/sa-mrbt_ws/build/simulator -- -j12 -l12
[0.037s] [35m[1mConsolidate compiler generated dependencies of target sim[0m
[0.062s] [  7%] [32mBuilding CXX object CMakeFiles/sim.dir/src/robot.cpp.o[0m
[3.101s] [01m[K/home/emily/sa-mrbt_ws/src/simplified_marine_sim/src/robot.cpp:[m[K In member function ‘[01m[Kstd::map<int, int> Robot::initFailureThresholdsDict(TaskInfo&, bool)[m[K’:
[3.101s] [01m[K/home/emily/sa-mrbt_ws/src/simplified_marine_sim/src/robot.cpp:1677:9:[m[K [01;31m[Kerror: [m[K‘[01m[Kvector[m[K’ was not declared in this scope
[3.101s]  1677 |     std:[01;31m[Kvector[m[K<int> subtasks;
[3.101s]       |         [01;31m[K^~~~~~[m[K
[3.101s] [01m[K/home/emily/sa-mrbt_ws/src/simplified_marine_sim/src/robot.cpp:1677:9:[m[K [01;36m[Knote: [m[Ksuggested alternatives:
[3.101s] In file included from [01m[K/usr/include/c++/11/vector:67[m[K,
[3.101s]                  from [01m[K/usr/include/c++/11/functional:62[m[K,
[3.101s]                  from [01m[K/usr/include/c++/11/pstl/glue_algorithm_defs.h:13[m[K,
[3.102s]                  from [01m[K/usr/include/c++/11/algorithm:74[m[K,
[3.102s]                  from [01m[K/home/emily/sa-mrbt_ws/src/simplified_marine_sim/src/robot.cpp:3[m[K:
[3.102s] [01m[K/usr/include/c++/11/bits/stl_vector.h:389:11:[m[K [01;36m[Knote: [m[K  ‘[01m[Kstd::vector[m[K’
[3.102s]   389 |     class [01;36m[Kvector[m[K : protected _Vector_base<_Tp, _Alloc>
[3.102s]       |           [01;36m[K^~~~~~[m[K
[3.102s] In file included from [01m[K/usr/include/c++/11/functional:62[m[K,
[3.102s]                  from [01m[K/usr/include/c++/11/pstl/glue_algorithm_defs.h:13[m[K,
[3.102s]                  from [01m[K/usr/include/c++/11/algorithm:74[m[K,
[3.102s]                  from [01m[K/home/emily/sa-mrbt_ws/src/simplified_marine_sim/src/robot.cpp:3[m[K:
[3.102s] [01m[K/usr/include/c++/11/vector:86:13:[m[K [01;36m[Knote: [m[K  ‘[01m[Kstd::pmr::vector[m[K’
[3.102s]    86 |       using [01;36m[Kvector[m[K = std::vector<_Tp, polymorphic_allocator<_Tp>>;
[3.102s]       |             [01;36m[K^~~~~~[m[K
[3.102s] [01m[K/home/emily/sa-mrbt_ws/src/simplified_marine_sim/src/robot.cpp:1677:16:[m[K [01;31m[Kerror: [m[Kexpected primary-expression before ‘[01m[Kint[m[K’
[3.102s]  1677 |     std:vector<[01;31m[Kint[m[K> subtasks;
[3.102s]       |                [01;31m[K^~~[m[K
[3.107s] [01m[K/home/emily/sa-mrbt_ws/src/simplified_marine_sim/src/robot.cpp:1679:9:[m[K [01;31m[Kerror: [m[K‘[01m[Ksubtasks[m[K’ was not declared in this scope
[3.107s]  1679 |         [01;31m[Ksubtasks[m[K = current_task_info.subtasks;
[3.107s]       |         [01;31m[K^~~~~~~~[m[K
[3.113s] [01m[K/home/emily/sa-mrbt_ws/src/simplified_marine_sim/src/robot.cpp:1684:9:[m[K [01;31m[Kerror: [m[K‘[01m[Ksubtasks[m[K’ was not declared in this scope
[3.113s]  1684 |         [01;31m[Ksubtasks[m[K = main_task_info.subtasks;
[3.113s]       |         [01;31m[K^~~~~~~~[m[K
[3.118s] [01m[K/home/emily/sa-mrbt_ws/src/simplified_marine_sim/src/robot.cpp:1686:27:[m[K [01;31m[Kerror: [m[K‘[01m[Ksubtasks[m[K’ was not declared in this scope; did you mean ‘[01m[Ksubtask_id[m[K’?
[3.118s]  1686 |     for (int subtask_id : [01;31m[Ksubtasks[m[K) {
[3.118s]       |                           [01;31m[K^~~~~~~~[m[K
[3.118s]       |                           [32m[Ksubtask_id[m[K
[4.679s] gmake[2]: *** [CMakeFiles/sim.dir/build.make:188: CMakeFiles/sim.dir/src/robot.cpp.o] Error 1
[4.679s] gmake[1]: *** [CMakeFiles/Makefile2:137: CMakeFiles/sim.dir/all] Error 2
[4.680s] gmake: *** [Makefile:146: all] Error 2
[4.681s] Invoked command in '/home/emily/sa-mrbt_ws/build/simulator' returned '2': CMAKE_PREFIX_PATH=/home/emily/sa-mrbt_ws/install/behaviortree_cpp:/home/emily/sa-mrbt_ws/install/simulator:/opt/ros/iron /usr/bin/cmake --build /home/emily/sa-mrbt_ws/build/simulator -- -j12 -l12
