[0.006s] Invoking command in '/home/emily/sa-mrbt_ws/build/simulator': AMENT_PREFIX_PATH=/home/emily/sa-mrbt_ws/install/behaviortree_cpp:${AMENT_PREFIX_PATH} CMAKE_PREFIX_PATH=/home/emily/sa-mrbt_ws/install/behaviortree_cpp:/opt/ros/iron LD_LIBRARY_PATH=/home/emily/sa-mrbt_ws/install/behaviortree_cpp/lib:${LD_LIBRARY_PATH} PATH=/home/emily/sa-mrbt_ws/install/behaviortree_cpp/bin:${PATH} /usr/bin/cmake --build /home/emily/sa-mrbt_ws/build/simulator -- -j12 -l12
[0.038s] [35m[1mConsolidate compiler generated dependencies of target sim[0m
[0.060s] [  7%] [32mBuilding CXX object CMakeFiles/sim.dir/src/CBGA.cpp.o[0m
[1.556s] [01m[K/home/emily/sa-mrbt_ws/src/simplified_marine_sim/src/CBGA.cpp:[m[K In member function ‘[01m[Kvoid CBGA::bundleRemove(std::vector<int>&, std::vector<int>&, std::vector<std::vector<double, std::allocator<double> > >&, bool)[m[K’:
[1.556s] [01m[K/home/emily/sa-mrbt_ws/src/simplified_marine_sim/src/CBGA.cpp:220:34:[m[K [01;31m[Kerror: [m[K‘[01m[Kwinners[m[K’ was not declared in this scope
[1.556s]   220 |         bool new_winner_found = ([01;31m[Kwinners[m[K[task_id] != robot.getID());
[1.557s]       |                                  [01;31m[K^~~~~~~[m[K
[1.561s] [01m[K/home/emily/sa-mrbt_ws/src/simplified_marine_sim/src/CBGA.cpp:235:17:[m[K [01;31m[Kerror: [m[K‘[01m[Kwinning_bids[m[K’ was not declared in this scope; did you mean ‘[01m[Kwinning_bids_matrix[m[K’?
[1.561s]   235 |                 [01;31m[Kwinning_bids[m[K[task_id] = 0.0;
[1.561s]       |                 [01;31m[K^~~~~~~~~~~~[m[K
[1.561s]       |                 [32m[Kwinning_bids_matrix[m[K
[1.565s] [01m[K/home/emily/sa-mrbt_ws/src/simplified_marine_sim/src/CBGA.cpp:[m[K In member function ‘[01m[Kvoid CBGA::testBundleRemove()[m[K’:
[1.565s] [01m[K/home/emily/sa-mrbt_ws/src/simplified_marine_sim/src/CBGA.cpp:318:17:[m[K [01;31m[Kerror: [m[Kno matching function for call to ‘[01m[KCBGA::bundleRemove(std::vector<int>&, std::vector<int>&, std::unordered_map<int, int>&, std::unordered_map<int, double>&, bool)[m[K’
[1.565s]   318 |     [01;31m[KbundleRemove(bundle,path,winners,winning_bids, true)[m[K; // Call for test 3
[1.565s]       |     [01;31m[K~~~~~~~~~~~~^~~~~~~~~~~~~~~~~~~~~~~~~~~~~~~~~~~~~~~~[m[K
[1.565s] [01m[K/home/emily/sa-mrbt_ws/src/simplified_marine_sim/src/CBGA.cpp:200:6:[m[K [01;36m[Knote: [m[Kcandidate: ‘[01m[Kvoid CBGA::bundleRemove(std::vector<int>&, std::vector<int>&, std::vector<std::vector<double, std::allocator<double> > >&, bool)[m[K’
[1.565s]   200 | void [01;36m[KCBGA[m[K::bundleRemove(std::vector<int>& bundle,
[1.565s]       |      [01;36m[K^~~~[m[K
[1.565s] [01m[K/home/emily/sa-mrbt_ws/src/simplified_marine_sim/src/CBGA.cpp:200:6:[m[K [01;36m[Knote: [m[K  candidate expects 4 arguments, 5 provided
[2.375s] gmake[2]: *** [CMakeFiles/sim.dir/build.make:104: CMakeFiles/sim.dir/src/CBGA.cpp.o] Error 1
[2.375s] gmake[1]: *** [CMakeFiles/Makefile2:137: CMakeFiles/sim.dir/all] Error 2
[2.375s] gmake: *** [Makefile:146: all] Error 2
[2.377s] Invoked command in '/home/emily/sa-mrbt_ws/build/simulator' returned '2': AMENT_PREFIX_PATH=/home/emily/sa-mrbt_ws/install/behaviortree_cpp:${AMENT_PREFIX_PATH} CMAKE_PREFIX_PATH=/home/emily/sa-mrbt_ws/install/behaviortree_cpp:/opt/ros/iron LD_LIBRARY_PATH=/home/emily/sa-mrbt_ws/install/behaviortree_cpp/lib:${LD_LIBRARY_PATH} PATH=/home/emily/sa-mrbt_ws/install/behaviortree_cpp/bin:${PATH} /usr/bin/cmake --build /home/emily/sa-mrbt_ws/build/simulator -- -j12 -l12
