[0.006s] Invoking command in '/home/emily/sa-mrbt_ws/build/simulator': CMAKE_PREFIX_PATH=/home/emily/sa-mrbt_ws/install/behaviortree_cpp:/home/emily/sa-mrbt_ws/install/simulator:/opt/ros/iron /usr/bin/cmake --build /home/emily/sa-mrbt_ws/build/simulator -- -j12 -l12
[0.039s] [35m[1mConsolidate compiler generated dependencies of target sim[0m
[0.062s] [  7%] [32mBuilding CXX object CMakeFiles/sim.dir/src/sim.cpp.o[0m
[0.063s] [ 15%] [32mBuilding CXX object CMakeFiles/sim.dir/src/robot.cpp.o[0m
[1.737s] [01m[K/home/emily/sa-mrbt_ws/src/simplified_marine_sim/src/sim.cpp:[m[K In function ‘[01m[Kvoid run_robot(int, std::string, Pose2D, cv::Scalar, int, World&)[m[K’:
[1.737s] [01m[K/home/emily/sa-mrbt_ws/src/simplified_marine_sim/src/sim.cpp:193:125:[m[K [01;31m[Kerror: [m[Kno matching function for call to ‘[01m[KRobot::Robot(Planner*, ShortestPath*, CoveragePath*, World*, JSONParser*, Pose2D&, int&, std::string&, cv::Scalar&)[m[K’
[1.737s]   193 | shortest_path, &coverage_path, &world, &parser, initial_pose, robot_id, robot_type, color[01;31m[K)[m[K;
[1.737s]       |                                                                                          [01;31m[K^[m[K
[1.737s] 
[1.737s] In file included from [01m[K/home/emily/sa-mrbt_ws/src/simplified_marine_sim/include/world.hpp:8[m[K,
[1.737s]                  from [01m[K/home/emily/sa-mrbt_ws/src/simplified_marine_sim/src/sim.cpp:8[m[K:
[1.737s] [01m[K/home/emily/sa-mrbt_ws/src/simplified_marine_sim/include/robot.hpp:70:5:[m[K [01;36m[Knote: [m[Kcandidate: ‘[01m[KRobot::Robot(Planner*, ShortestPath*, CoveragePath*, World*, JSONParser*, const Pose2D&, const Pose2D&, int, std::string, cv::Scalar)[m[K’
[1.737s]    70 |     [01;36m[KRobot[m[K(Planner* planner, ShortestPath* shortest_path, CoveragePath* coverage_path, World* world, JSONParser* parser, const Pose2D& initial_pose, const Pose2D& goal_pose, int robot_id, std::string robot_type, cv::Scalar color); // Is this right with planners?
[1.737s]       |     [01;36m[K^~~~~[m[K
[1.737s] [01m[K/home/emily/sa-mrbt_ws/src/simplified_marine_sim/include/robot.hpp:70:5:[m[K [01;36m[Knote: [m[K  candidate expects 10 arguments, 9 provided
[1.737s] In file included from [01m[K/home/emily/sa-mrbt_ws/src/simplified_marine_sim/include/world.hpp:8[m[K,
[1.737s]                  from [01m[K/home/emily/sa-mrbt_ws/src/simplified_marine_sim/src/sim.cpp:8[m[K:
[1.737s] [01m[K/home/emily/sa-mrbt_ws/src/simplified_marine_sim/include/robot.hpp:19:7:[m[K [01;36m[Knote: [m[Kcandidate: ‘[01m[KRobot::Robot(Robot&&)[m[K’
[1.737s]    19 | class [01;36m[KRobot[m[K {
[1.737s]       |       [01;36m[K^~~~~[m[K
[1.738s] [01m[K/home/emily/sa-mrbt_ws/src/simplified_marine_sim/include/robot.hpp:19:7:[m[K [01;36m[Knote: [m[K  candidate expects 1 argument, 9 provided
[3.123s] gmake[2]: *** [CMakeFiles/sim.dir/build.make:76: CMakeFiles/sim.dir/src/sim.cpp.o] Error 1
[3.123s] gmake[2]: *** Waiting for unfinished jobs....
[3.217s] [01m[K/home/emily/sa-mrbt_ws/src/simplified_marine_sim/src/robot.cpp:15:1:[m[K [01;31m[Kerror: [m[Kno declaration matches ‘[01m[KRobot::Robot(Planner*, ShortestPath*, CoveragePath*, World*, JSONParser*, const Pose2D&, int, std::string, cv::Scalar)[m[K’
[3.217s]    15 | [01;31m[KRobot[m[K::Robot(Planner* p, ShortestPath* sp, CoveragePath* cp, World* w, JSONParser* psr, const Pose2D& initial_pose, int robot_id, std::string robot_type, cv::Scalar dot_color)
[3.217s]       | [01;31m[K^~~~~[m[K
[3.217s] In file included from [01m[K/home/emily/sa-mrbt_ws/src/simplified_marine_sim/include/world.hpp:8[m[K,
[3.217s]                  from [01m[K/home/emily/sa-mrbt_ws/src/simplified_marine_sim/src/robot.cpp:4[m[K:
[3.217s] [01m[K/home/emily/sa-mrbt_ws/src/simplified_marine_sim/include/robot.hpp:19:7:[m[K [01;36m[Knote: [m[Kcandidates are: ‘[01m[KRobot::Robot(Robot&&)[m[K’
[3.217s]    19 | class [01;36m[KRobot[m[K {
[3.217s]       |       [01;36m[K^~~~~[m[K
[3.217s] [01m[K/home/emily/sa-mrbt_ws/src/simplified_marine_sim/include/robot.hpp:19:7:[m[K [01;36m[Knote: [m[K                ‘[01m[KRobot::Robot(const Robot&)[m[K’
[3.217s] In file included from [01m[K/home/emily/sa-mrbt_ws/src/simplified_marine_sim/include/world.hpp:8[m[K,
[3.217s]                  from [01m[K/home/emily/sa-mrbt_ws/src/simplified_marine_sim/src/robot.cpp:4[m[K:
[3.218s] [01m[K/home/emily/sa-mrbt_ws/src/simplified_marine_sim/include/robot.hpp:70:5:[m[K [01;36m[Knote: [m[K                ‘[01m[KRobot::Robot(Planner*, ShortestPath*, CoveragePath*, World*, JSONParser*, const Pose2D&, const Pose2D&, int, std::string, cv::Scalar)[m[K’
[3.218s]    70 |     [01;36m[KRobot[m[K(Planner* planner, ShortestPath* shortest_path, CoveragePath* coverage_path, World* world, JSONParser* parser, const Pose2D& initial_pose, const Pose2D& goal_pose, int robot_id, std::string robot_type, cv::Scalar color); // Is this right with planners?
[3.218s]       |     [01;36m[K^~~~~[m[K
[3.218s] In file included from [01m[K/home/emily/sa-mrbt_ws/src/simplified_marine_sim/include/world.hpp:8[m[K,
[3.218s]                  from [01m[K/home/emily/sa-mrbt_ws/src/simplified_marine_sim/src/robot.cpp:4[m[K:
[3.218s] [01m[K/home/emily/sa-mrbt_ws/src/simplified_marine_sim/include/robot.hpp:19:7:[m[K [01;36m[Knote: [m[K‘[01m[Kclass Robot[m[K’ defined here
[3.218s]    19 | class [01;36m[KRobot[m[K {
[3.218s]       |       [01;36m[K^~~~~[m[K
[4.311s] gmake[2]: *** [CMakeFiles/sim.dir/build.make:188: CMakeFiles/sim.dir/src/robot.cpp.o] Error 1
[4.311s] gmake[1]: *** [CMakeFiles/Makefile2:137: CMakeFiles/sim.dir/all] Error 2
[4.312s] gmake: *** [Makefile:146: all] Error 2
[4.313s] Invoked command in '/home/emily/sa-mrbt_ws/build/simulator' returned '2': CMAKE_PREFIX_PATH=/home/emily/sa-mrbt_ws/install/behaviortree_cpp:/home/emily/sa-mrbt_ws/install/simulator:/opt/ros/iron /usr/bin/cmake --build /home/emily/sa-mrbt_ws/build/simulator -- -j12 -l12
