[0.006s] Invoking command in '/home/emily/sa-mrbt_ws/build/simulator': CMAKE_PREFIX_PATH=/home/emily/sa-mrbt_ws/install/behaviortree_cpp:/home/emily/sa-mrbt_ws/install/simulator:/opt/ros/iron /usr/bin/cmake --build /home/emily/sa-mrbt_ws/build/simulator -- -j12 -l12
[0.036s] [35m[1mConsolidate compiler generated dependencies of target sim[0m
[0.059s] [  7%] [32mBuilding CXX object CMakeFiles/sim.dir/src/world.cpp.o[0m
[1.812s] [01m[K/home/emily/sa-mrbt_ws/src/simplified_marine_sim/src/world.cpp:[m[K In member function ‘[01m[Kvoid World::initializeBackground()[m[K’:
[1.812s] [01m[K/home/emily/sa-mrbt_ws/src/simplified_marine_sim/src/world.cpp:1219:53:[m[K [01;31m[Kerror: [m[Kno match for ‘[01m[Koperator[][m[K’ (operand types are ‘[01m[Kstd::tuple_element<1, const std::pair<const std::__cxx11::basic_string<char>, std::vector<std::vector<cv::Point_<int> > > > >::type[m[K’ {aka ‘[01m[Kconst std::vector<std::vector<cv::Point_<int> > >[m[K’} and ‘[01m[Kstd::tuple_element<0, const std::pair<const std::__cxx11::basic_string<char>, std::vector<std::vector<cv::Point_<int> > > > >::type[m[K’ {aka ‘[01m[Kconst std::__cxx11::basic_string<char>[m[K’})
[1.812s]  1219 |         for (const auto& polygon : unknown_obstacles[01;31m[K[[m[Kblocked_robot_type]) {
[1.812s]       |                                                     [01;31m[K^[m[K
[1.813s] In file included from [01m[K/usr/include/c++/11/vector:67[m[K,
[1.813s]                  from [01m[K/usr/include/c++/11/functional:62[m[K,
[1.813s]                  from [01m[K/usr/include/c++/11/pstl/glue_algorithm_defs.h:13[m[K,
[1.813s]                  from [01m[K/usr/include/c++/11/algorithm:74[m[K,
[1.813s]                  from [01m[K/usr/include/opencv4/opencv2/core/base.hpp:55[m[K,
[1.813s]                  from [01m[K/usr/include/opencv4/opencv2/core.hpp:53[m[K,
[1.813s]                  from [01m[K/usr/include/opencv4/opencv2/opencv.hpp:52[m[K,
[1.813s]                  from [01m[K/home/emily/sa-mrbt_ws/src/simplified_marine_sim/include/distance.hpp:4[m[K,
[1.813s]                  from [01m[K/home/emily/sa-mrbt_ws/src/simplified_marine_sim/src/world.cpp:2[m[K:
[1.813s] [01m[K/usr/include/c++/11/bits/stl_vector.h:1043:7:[m[K [01;36m[Knote: [m[Kcandidate: ‘[01m[Kstd::vector<_Tp, _Alloc>::reference std::vector<_Tp, _Alloc>::operator[](std::vector<_Tp, _Alloc>::size_type) [with _Tp = std::vector<cv::Point_<int> >; _Alloc = std::allocator<std::vector<cv::Point_<int> > >; std::vector<_Tp, _Alloc>::reference = std::vector<cv::Point_<int> >&; std::vector<_Tp, _Alloc>::size_type = long unsigned int][m[K’
[1.813s]  1043 |       [01;36m[Koperator[m[K[](size_type __n) _GLIBCXX_NOEXCEPT
[1.813s]       |       [01;36m[K^~~~~~~~[m[K
[1.813s] [01m[K/usr/include/c++/11/bits/stl_vector.h:1043:28:[m[K [01;36m[Knote: [m[K  no known conversion for argument 1 from ‘[01m[Kstd::tuple_element<0, const std::pair<const std::__cxx11::basic_string<char>, std::vector<std::vector<cv::Point_<int> > > > >::type[m[K’ {aka ‘[01m[Kconst std::__cxx11::basic_string<char>[m[K’} to ‘[01m[Kstd::vector<std::vector<cv::Point_<int> > >::size_type[m[K’ {aka ‘[01m[Klong unsigned int[m[K’}
[1.813s]  1043 |       operator[]([01;36m[Ksize_type __n[m[K) _GLIBCXX_NOEXCEPT
[1.813s]       |                  [01;36m[K~~~~~~~~~~^~~[m[K
[1.813s] [01m[K/usr/include/c++/11/bits/stl_vector.h:1061:7:[m[K [01;36m[Knote: [m[Kcandidate: ‘[01m[Kstd::vector<_Tp, _Alloc>::const_reference std::vector<_Tp, _Alloc>::operator[](std::vector<_Tp, _Alloc>::size_type) const [with _Tp = std::vector<cv::Point_<int> >; _Alloc = std::allocator<std::vector<cv::Point_<int> > >; std::vector<_Tp, _Alloc>::const_reference = const std::vector<cv::Point_<int> >&; std::vector<_Tp, _Alloc>::size_type = long unsigned int][m[K’
[1.814s]  1061 |       [01;36m[Koperator[m[K[](size_type __n) const _GLIBCXX_NOEXCEPT
[1.814s]       |       [01;36m[K^~~~~~~~[m[K
[1.814s] [01m[K/usr/include/c++/11/bits/stl_vector.h:1061:28:[m[K [01;36m[Knote: [m[K  no known conversion for argument 1 from ‘[01m[Kstd::tuple_element<0, const std::pair<const std::__cxx11::basic_string<char>, std::vector<std::vector<cv::Point_<int> > > > >::type[m[K’ {aka ‘[01m[Kconst std::__cxx11::basic_string<char>[m[K’} to ‘[01m[Kstd::vector<std::vector<cv::Point_<int> > >::size_type[m[K’ {aka ‘[01m[Klong unsigned int[m[K’}
[1.814s]  1061 |       operator[]([01;36m[Ksize_type __n[m[K) const _GLIBCXX_NOEXCEPT
[1.814s]       |                  [01;36m[K~~~~~~~~~~^~~[m[K
[3.001s] gmake[2]: *** [CMakeFiles/sim.dir/build.make:160: CMakeFiles/sim.dir/src/world.cpp.o] Error 1
[3.001s] gmake[1]: *** [CMakeFiles/Makefile2:137: CMakeFiles/sim.dir/all] Error 2
[3.001s] gmake: *** [Makefile:146: all] Error 2
[3.003s] Invoked command in '/home/emily/sa-mrbt_ws/build/simulator' returned '2': CMAKE_PREFIX_PATH=/home/emily/sa-mrbt_ws/install/behaviortree_cpp:/home/emily/sa-mrbt_ws/install/simulator:/opt/ros/iron /usr/bin/cmake --build /home/emily/sa-mrbt_ws/build/simulator -- -j12 -l12
