[  7%] [32mBuilding CXX object CMakeFiles/sim.dir/src/CBGA.cpp.o[0m
[01m[K/home/emily/sa-mrbt_ws/src/simplified_marine_sim/src/CBGA.cpp:[m[K In function ‘[01m[Kdouble getMinExistingWinningBid(std::vector<double, std::allocator<double> >)[m[K’:
[01m[K/home/emily/sa-mrbt_ws/src/simplified_marine_sim/src/CBGA.cpp:1216:45:[m[K [01;31m[Kerror: [m[K‘[01m[Knum_agents[m[K’ was not declared in this scope
 1216 |     for (int agent_idx_n = 0; agent_idx_n < [01;31m[Knum_agents[m[K; ++agent_idx_n) {
      |                                             [01;31m[K^~~~~~~~~~[m[K
[01m[K/home/emily/sa-mrbt_ws/src/simplified_marine_sim/src/CBGA.cpp:1220:48:[m[K [01;31m[Kerror: [m[K‘[01m[Kwinning_bid_ij[m[K’ was not declared in this scope; did you mean ‘[01m[Kwinning_bids_ij[m[K’?
 1220 |                 min_existing_winning_bid_ijn = [01;31m[Kwinning_bid_ij[m[K[agent_idx_n];
      |                                                [01;31m[K^~~~~~~~~~~~~~[m[K
      |                                                [32m[Kwinning_bids_ij[m[K
[01m[K/home/emily/sa-mrbt_ws/src/simplified_marine_sim/src/CBGA.cpp:1226:40:[m[K [01;31m[Kerror: [m[Kexpected ‘[01m[K;[m[K’ before ‘[01m[K}[m[K’ token
 1226 |     return min_existing_winning_bid_ijn
      |                                        [01;31m[K^[m[K
      |                                        [32m[K;[m[K
 1227 | [32m[K}[m[K
      | [32m[K~[m[K                                       
[01m[K/home/emily/sa-mrbt_ws/src/simplified_marine_sim/src/CBGA.cpp:[m[K At global scope:
[01m[K/home/emily/sa-mrbt_ws/src/simplified_marine_sim/src/CBGA.cpp:1229:5:[m[K [01;31m[Kerror: [m[Ktwo or more data types in declaration of ‘[01m[KresolveConflicts[m[K’
 1229 |     [01;31m[Kstd[m[K::vector<double>
      |     [01;31m[K^~~[m[K
gmake[2]: *** [CMakeFiles/sim.dir/build.make:104: CMakeFiles/sim.dir/src/CBGA.cpp.o] Error 1
gmake[1]: *** [CMakeFiles/Makefile2:137: CMakeFiles/sim.dir/all] Error 2
gmake: *** [Makefile:146: all] Error 2
