[0.007s] Invoking command in '/home/emily/sa-mrbt_ws/build/simulator': CMAKE_PREFIX_PATH=/home/emily/sa-mrbt_ws/install/behaviortree_cpp:/home/emily/sa-mrbt_ws/install/simulator:/opt/ros/iron /usr/bin/cmake --build /home/emily/sa-mrbt_ws/build/simulator -- -j12 -l12
[0.037s] [35m[1mConsolidate compiler generated dependencies of target sim[0m
[0.066s] [  7%] [32mBuilding CXX object CMakeFiles/sim.dir/src/behavior_tree.cpp.o[0m
[1.704s] [01m[K/home/emily/sa-mrbt_ws/src/simplified_marine_sim/src/behavior_tree.cpp:[m[K In member function ‘[01m[Kvirtual BT::NodeStatus FollowCoveragePath::onStart()[m[K’:
[1.705s] [01m[K/home/emily/sa-mrbt_ws/src/simplified_marine_sim/src/behavior_tree.cpp:788:93:[m[K [01;31m[Kerror: [m[Kno match for ‘[01m[Koperator+[m[K’ (operand types are ‘[01m[Kstd::__cxx11::basic_string<char>[m[K’ and ‘[01m[Kdouble[m[K’)
[1.705s]   788 |         std::string b = [32m[K"Robot " + std::to_string(_robot.getID()) + " path planning took: "[m[K [01;31m[K+[m[K [34m[Kplanning_time[m[K + "s";
[1.705s]       |                         [32m[K~~~~~~~~~~~~~~~~~~~~~~~~~~~~~~~~~~~~~~~~~~~~~~~~~~~~~~~~~~~~~~~~~~~[m[K [01;31m[K^[m[K [34m[K~~~~~~~~~~~~~[m[K
[1.705s]       |                                                                   [32m[K|[m[K                           [34m[K|[m[K
[1.705s]       |                                                                   [32m[K|[m[K                           [34m[Kdouble[m[K
[1.706s]       |                                                                   [32m[Kstd::__cxx11::basic_string<char>[m[K
[1.706s] In file included from [01m[K/usr/include/c++/11/bits/stl_algobase.h:67[m[K,
[1.707s]                  from [01m[K/usr/include/c++/11/array:40[m[K,
[1.707s]                  from [01m[K/usr/include/c++/11/tuple:39[m[K,
[1.707s]                  from [01m[K/usr/include/c++/11/mutex:38[m[K,
[1.707s]                  from [01m[K/home/emily/sa-mrbt_ws/src/simplified_marine_sim/include/behavior_tree.hpp:4[m[K,
[1.707s]                  from [01m[K/home/emily/sa-mrbt_ws/src/simplified_marine_sim/src/behavior_tree.cpp:1[m[K:
[1.707s] [01m[K/usr/include/c++/11/bits/stl_iterator.h:1276:5:[m[K [01;36m[Knote: [m[Kcandidate: ‘[01m[Ktemplate<class _Iterator, class _Container> __gnu_cxx::__normal_iterator<_Iterator, _Container> __gnu_cxx::operator+(typename __gnu_cxx::__normal_iterator<_Iterator, _Container>::difference_type, const __gnu_cxx::__normal_iterator<_Iterator, _Container>&)[m[K’
[1.707s]  1276 |     [01;36m[Koperator[m[K+(typename __normal_iterator<_Iterator, _Container>::difference_type
[1.707s]       |     [01;36m[K^~~~~~~~[m[K
[1.707s] [01m[K/usr/include/c++/11/bits/stl_iterator.h:1276:5:[m[K [01;36m[Knote: [m[K  template argument deduction/substitution failed:
[1.707s] [01m[K/home/emily/sa-mrbt_ws/src/simplified_marine_sim/src/behavior_tree.cpp:788:95:[m[K [01;36m[Knote: [m[K  mismatched types ‘[01m[Kconst __gnu_cxx::__normal_iterator<_Iterator, _Container>[m[K’ and ‘[01m[Kdouble[m[K’
[1.707s]   788 |         std::string b = "Robot " + std::to_string(_robot.getID()) + " path planning took: " + [01;36m[Kplanning_time[m[K + "s";
[1.708s]       |                                                                                               [01;36m[K^~~~~~~~~~~~~[m[K
[1.708s] In file included from [01m[K/usr/include/c++/11/bits/stl_algobase.h:67[m[K,
[1.708s]                  from [01m[K/usr/include/c++/11/array:40[m[K,
[1.708s]                  from [01m[K/usr/include/c++/11/tuple:39[m[K,
[1.708s]                  from [01m[K/usr/include/c++/11/mutex:38[m[K,
[1.708s]                  from [01m[K/home/emily/sa-mrbt_ws/src/simplified_marine_sim/include/behavior_tree.hpp:4[m[K,
[1.708s]                  from [01m[K/home/emily/sa-mrbt_ws/src/simplified_marine_sim/src/behavior_tree.cpp:1[m[K:
[1.708s] [01m[K/usr/include/c++/11/bits/stl_iterator.h:585:5:[m[K [01;36m[Knote: [m[Kcandidate: ‘[01m[Ktemplate<class _Iterator> constexpr std::reverse_iterator<_Iterator> std::operator+(typename std::reverse_iterator<_Iterator>::difference_type, const std::reverse_iterator<_Iterator>&)[m[K’
[1.708s]   585 |     [01;36m[Koperator[m[K+(typename reverse_iterator<_Iterator>::difference_type __n,
[1.708s]       |     [01;36m[K^~~~~~~~[m[K
[1.708s] [01m[K/usr/include/c++/11/bits/stl_iterator.h:585:5:[m[K [01;36m[Knote: [m[K  template argument deduction/substitution failed:
[1.708s] [01m[K/home/emily/sa-mrbt_ws/src/simplified_marine_sim/src/behavior_tree.cpp:788:95:[m[K [01;36m[Knote: [m[K  mismatched types ‘[01m[Kconst std::reverse_iterator<_Iterator>[m[K’ and ‘[01m[Kdouble[m[K’
[1.709s]   788 |         std::string b = "Robot " + std::to_string(_robot.getID()) + " path planning took: " + [01;36m[Kplanning_time[m[K + "s";
[1.709s]       |                                                                                               [01;36m[K^~~~~~~~~~~~~[m[K
[1.709s] In file included from [01m[K/usr/include/c++/11/bits/stl_algobase.h:67[m[K,
[1.709s]                  from [01m[K/usr/include/c++/11/array:40[m[K,
[1.709s]                  from [01m[K/usr/include/c++/11/tuple:39[m[K,
[1.709s]                  from [01m[K/usr/include/c++/11/mutex:38[m[K,
[1.709s]                  from [01m[K/home/emily/sa-mrbt_ws/src/simplified_marine_sim/include/behavior_tree.hpp:4[m[K,
[1.709s]                  from [01m[K/home/emily/sa-mrbt_ws/src/simplified_marine_sim/src/behavior_tree.cpp:1[m[K:
[1.709s] [01m[K/usr/include/c++/11/bits/stl_iterator.h:1700:5:[m[K [01;36m[Knote: [m[Kcandidate: ‘[01m[Ktemplate<class _Iterator> constexpr std::move_iterator<_IteratorL> std::operator+(typename std::move_iterator<_IteratorL>::difference_type, const std::move_iterator<_IteratorL>&)[m[K’
[1.709s]  1700 |     [01;36m[Koperator[m[K+(typename move_iterator<_Iterator>::difference_type __n,
[1.709s]       |     [01;36m[K^~~~~~~~[m[K
[1.710s] [01m[K/usr/include/c++/11/bits/stl_iterator.h:1700:5:[m[K [01;36m[Knote: [m[K  template argument deduction/substitution failed:
[1.710s] [01m[K/home/emily/sa-mrbt_ws/src/simplified_marine_sim/src/behavior_tree.cpp:788:95:[m[K [01;36m[Knote: [m[K  mismatched types ‘[01m[Kconst std::move_iterator<_IteratorL>[m[K’ and ‘[01m[Kdouble[m[K’
[1.710s]   788 |         std::string b = "Robot " + std::to_string(_robot.getID()) + " path planning took: " + [01;36m[Kplanning_time[m[K + "s";
[1.710s]       |                                                                                               [01;36m[K^~~~~~~~~~~~~[m[K
[1.710s] In file included from [01m[K/usr/include/c++/11/string:55[m[K,
[1.710s]                  from [01m[K/usr/include/c++/11/stdexcept:39[m[K,
[1.710s]                  from [01m[K/usr/include/c++/11/system_error:41[m[K,
[1.710s]                  from [01m[K/usr/include/c++/11/mutex:42[m[K,
[1.710s]                  from [01m[K/home/emily/sa-mrbt_ws/src/simplified_marine_sim/include/behavior_tree.hpp:4[m[K,
[1.710s]                  from [01m[K/home/emily/sa-mrbt_ws/src/simplified_marine_sim/src/behavior_tree.cpp:1[m[K:
[1.710s] [01m[K/usr/include/c++/11/bits/basic_string.h:6095:5:[m[K [01;36m[Knote: [m[Kcandidate: ‘[01m[Ktemplate<class _CharT, class _Traits, class _Alloc> std::__cxx11::basic_string<_CharT, _Traits, _Allocator> std::operator+(const std::__cxx11::basic_string<_CharT, _Traits, _Allocator>&, const std::__cxx11::basic_string<_CharT, _Traits, _Allocator>&)[m[K’
[1.710s]  6095 |     [01;36m[Koperator[m[K+(const basic_string<_CharT, _Traits, _Alloc>& __lhs,
[1.711s]       |     [01;36m[K^~~~~~~~[m[K
[1.711s] [01m[K/usr/include/c++/11/bits/basic_string.h:6095:5:[m[K [01;36m[Knote: [m[K  template argument deduction/substitution failed:
[1.711s] [01m[K/home/emily/sa-mrbt_ws/src/simplified_marine_sim/src/behavior_tree.cpp:788:95:[m[K [01;36m[Knote: [m[K  mismatched types ‘[01m[Kconst std::__cxx11::basic_string<_CharT, _Traits, _Allocator>[m[K’ and ‘[01m[Kdouble[m[K’
[1.711s]   788 |         std::string b = "Robot " + std::to_string(_robot.getID()) + " path planning took: " + [01;36m[Kplanning_time[m[K + "s";
[1.711s]       |                                                                                               [01;36m[K^~~~~~~~~~~~~[m[K
[1.711s] In file included from [01m[K/usr/include/c++/11/string:56[m[K,
[1.711s]                  from [01m[K/usr/include/c++/11/stdexcept:39[m[K,
[1.711s]                  from [01m[K/usr/include/c++/11/system_error:41[m[K,
[1.711s]                  from [01m[K/usr/include/c++/11/mutex:42[m[K,
[1.711s]                  from [01m[K/home/emily/sa-mrbt_ws/src/simplified_marine_sim/include/behavior_tree.hpp:4[m[K,
[1.711s]                  from [01m[K/home/emily/sa-mrbt_ws/src/simplified_marine_sim/src/behavior_tree.cpp:1[m[K:
[1.712s] [01m[K/usr/include/c++/11/bits/basic_string.tcc:1169:5:[m[K [01;36m[Knote: [m[Kcandidate: ‘[01m[Ktemplate<class _CharT, class _Traits, class _Alloc> std::__cxx11::basic_string<_CharT, _Traits, _Allocator> std::operator+(const _CharT*, const std::__cxx11::basic_string<_CharT, _Traits, _Allocator>&)[m[K’
[1.712s]  1169 |     [01;36m[Koperator[m[K+(const _CharT* __lhs,
[1.712s]       |     [01;36m[K^~~~~~~~[m[K
[1.712s] [01m[K/usr/include/c++/11/bits/basic_string.tcc:1169:5:[m[K [01;36m[Knote: [m[K  template argument deduction/substitution failed:
[1.712s] [01m[K/home/emily/sa-mrbt_ws/src/simplified_marine_sim/src/behavior_tree.cpp:788:95:[m[K [01;36m[Knote: [m[K  mismatched types ‘[01m[Kconst _CharT*[m[K’ and ‘[01m[Kstd::__cxx11::basic_string<char>[m[K’
[1.712s]   788 |         std::string b = "Robot " + std::to_string(_robot.getID()) + " path planning took: " + [01;36m[Kplanning_time[m[K + "s";
[1.712s]       |                                                                                               [01;36m[K^~~~~~~~~~~~~[m[K
[1.712s] In file included from [01m[K/usr/include/c++/11/string:56[m[K,
[1.712s]                  from [01m[K/usr/include/c++/11/stdexcept:39[m[K,
[1.712s]                  from [01m[K/usr/include/c++/11/system_error:41[m[K,
[1.712s]                  from [01m[K/usr/include/c++/11/mutex:42[m[K,
[1.712s]                  from [01m[K/home/emily/sa-mrbt_ws/src/simplified_marine_sim/include/behavior_tree.hpp:4[m[K,
[1.713s]                  from [01m[K/home/emily/sa-mrbt_ws/src/simplified_marine_sim/src/behavior_tree.cpp:1[m[K:
[1.713s] [01m[K/usr/include/c++/11/bits/basic_string.tcc:1189:5:[m[K [01;36m[Knote: [m[Kcandidate: ‘[01m[Ktemplate<class _CharT, class _Traits, class _Alloc> std::__cxx11::basic_string<_CharT, _Traits, _Allocator> std::operator+(_CharT, const std::__cxx11::basic_string<_CharT, _Traits, _Allocator>&)[m[K’
[1.713s]  1189 |     [01;36m[Koperator[m[K+(_CharT __lhs, const basic_string<_CharT, _Traits, _Alloc>& __rhs)
[1.713s]       |     [01;36m[K^~~~~~~~[m[K
[1.713s] [01m[K/usr/include/c++/11/bits/basic_string.tcc:1189:5:[m[K [01;36m[Knote: [m[K  template argument deduction/substitution failed:
[1.713s] [01m[K/home/emily/sa-mrbt_ws/src/simplified_marine_sim/src/behavior_tree.cpp:788:95:[m[K [01;36m[Knote: [m[K  mismatched types ‘[01m[Kconst std::__cxx11::basic_string<_CharT, _Traits, _Allocator>[m[K’ and ‘[01m[Kdouble[m[K’
[1.713s]   788 |         std::string b = "Robot " + std::to_string(_robot.getID()) + " path planning took: " + [01;36m[Kplanning_time[m[K + "s";
[1.713s]       |                                                                                               [01;36m[K^~~~~~~~~~~~~[m[K
[1.713s] In file included from [01m[K/usr/include/c++/11/string:55[m[K,
[1.713s]                  from [01m[K/usr/include/c++/11/stdexcept:39[m[K,
[1.713s]                  from [01m[K/usr/include/c++/11/system_error:41[m[K,
[1.713s]                  from [01m[K/usr/include/c++/11/mutex:42[m[K,
[1.713s]                  from [01m[K/home/emily/sa-mrbt_ws/src/simplified_marine_sim/include/behavior_tree.hpp:4[m[K,
[1.714s]                  from [01m[K/home/emily/sa-mrbt_ws/src/simplified_marine_sim/src/behavior_tree.cpp:1[m[K:
[1.714s] [01m[K/usr/include/c++/11/bits/basic_string.h:6132:5:[m[K [01;36m[Knote: [m[Kcandidate: ‘[01m[Ktemplate<class _CharT, class _Traits, class _Alloc> std::__cxx11::basic_string<_CharT, _Traits, _Allocator> std::operator+(const std::__cxx11::basic_string<_CharT, _Traits, _Allocator>&, const _CharT*)[m[K’
[1.714s]  6132 |     [01;36m[Koperator[m[K+(const basic_string<_CharT, _Traits, _Alloc>& __lhs,
[1.714s]       |     [01;36m[K^~~~~~~~[m[K
[1.714s] [01m[K/usr/include/c++/11/bits/basic_string.h:6132:5:[m[K [01;36m[Knote: [m[K  template argument deduction/substitution failed:
[1.714s] [01m[K/home/emily/sa-mrbt_ws/src/simplified_marine_sim/src/behavior_tree.cpp:788:95:[m[K [01;36m[Knote: [m[K  mismatched types ‘[01m[Kconst _CharT*[m[K’ and ‘[01m[Kdouble[m[K’
[1.714s]   788 |         std::string b = "Robot " + std::to_string(_robot.getID()) + " path planning took: " + [01;36m[Kplanning_time[m[K + "s";
[1.714s]       |                                                                                               [01;36m[K^~~~~~~~~~~~~[m[K
[1.714s] In file included from [01m[K/usr/include/c++/11/string:55[m[K,
[1.714s]                  from [01m[K/usr/include/c++/11/stdexcept:39[m[K,
[1.714s]                  from [01m[K/usr/include/c++/11/system_error:41[m[K,
[1.715s]                  from [01m[K/usr/include/c++/11/mutex:42[m[K,
[1.715s]                  from [01m[K/home/emily/sa-mrbt_ws/src/simplified_marine_sim/include/behavior_tree.hpp:4[m[K,
[1.715s]                  from [01m[K/home/emily/sa-mrbt_ws/src/simplified_marine_sim/src/behavior_tree.cpp:1[m[K:
[1.715s] [01m[K/usr/include/c++/11/bits/basic_string.h:6148:5:[m[K [01;36m[Knote: [m[Kcandidate: ‘[01m[Ktemplate<class _CharT, class _Traits, class _Alloc> std::__cxx11::basic_string<_CharT, _Traits, _Allocator> std::operator+(const std::__cxx11::basic_string<_CharT, _Traits, _Allocator>&, _CharT)[m[K’
[1.715s]  6148 |     [01;36m[Koperator[m[K+(const basic_string<_CharT, _Traits, _Alloc>& __lhs, _CharT __rhs)
[1.715s]       |     [01;36m[K^~~~~~~~[m[K
[1.715s] [01m[K/usr/include/c++/11/bits/basic_string.h:6148:5:[m[K [01;36m[Knote: [m[K  template argument deduction/substitution failed:
[1.715s] [01m[K/home/emily/sa-mrbt_ws/src/simplified_marine_sim/src/behavior_tree.cpp:788:95:[m[K [01;36m[Knote: [m[K  deduced conflicting types for parameter ‘[01m[K_CharT[m[K’ (‘[01m[Kchar[m[K’ and ‘[01m[Kdouble[m[K’)
[1.715s]   788 |         std::string b = "Robot " + std::to_string(_robot.getID()) + " path planning took: " + [01;36m[Kplanning_time[m[K + "s";
[1.715s]       |                                                                                               [01;36m[K^~~~~~~~~~~~~[m[K
[1.715s] In file included from [01m[K/usr/include/c++/11/string:55[m[K,
[1.716s]                  from [01m[K/usr/include/c++/11/stdexcept:39[m[K,
[1.716s]                  from [01m[K/usr/include/c++/11/system_error:41[m[K,
[1.716s]                  from [01m[K/usr/include/c++/11/mutex:42[m[K,
[1.716s]                  from [01m[K/home/emily/sa-mrbt_ws/src/simplified_marine_sim/include/behavior_tree.hpp:4[m[K,
[1.716s]                  from [01m[K/home/emily/sa-mrbt_ws/src/simplified_marine_sim/src/behavior_tree.cpp:1[m[K:
[1.716s] [01m[K/usr/include/c++/11/bits/basic_string.h:6160:5:[m[K [01;36m[Knote: [m[Kcandidate: ‘[01m[Ktemplate<class _CharT, class _Traits, class _Alloc> std::__cxx11::basic_string<_CharT, _Traits, _Allocator> std::operator+(std::__cxx11::basic_string<_CharT, _Traits, _Allocator>&&, const std::__cxx11::basic_string<_CharT, _Traits, _Allocator>&)[m[K’
[1.716s]  6160 |     [01;36m[Koperator[m[K+(basic_string<_CharT, _Traits, _Alloc>&& __lhs,
[1.716s]       |     [01;36m[K^~~~~~~~[m[K
[1.716s] [01m[K/usr/include/c++/11/bits/basic_string.h:6160:5:[m[K [01;36m[Knote: [m[K  template argument deduction/substitution failed:
[1.716s] [01m[K/home/emily/sa-mrbt_ws/src/simplified_marine_sim/src/behavior_tree.cpp:788:95:[m[K [01;36m[Knote: [m[K  mismatched types ‘[01m[Kconst std::__cxx11::basic_string<_CharT, _Traits, _Allocator>[m[K’ and ‘[01m[Kdouble[m[K’
[1.716s]   788 |         std::string b = "Robot " + std::to_string(_robot.getID()) + " path planning took: " + [01;36m[Kplanning_time[m[K + "s";
[1.716s]       |                                                                                               [01;36m[K^~~~~~~~~~~~~[m[K
[1.717s] In file included from [01m[K/usr/include/c++/11/string:55[m[K,
[1.717s]                  from [01m[K/usr/include/c++/11/stdexcept:39[m[K,
[1.717s]                  from [01m[K/usr/include/c++/11/system_error:41[m[K,
[1.717s]                  from [01m[K/usr/include/c++/11/mutex:42[m[K,
[1.717s]                  from [01m[K/home/emily/sa-mrbt_ws/src/simplified_marine_sim/include/behavior_tree.hpp:4[m[K,
[1.717s]                  from [01m[K/home/emily/sa-mrbt_ws/src/simplified_marine_sim/src/behavior_tree.cpp:1[m[K:
[1.717s] [01m[K/usr/include/c++/11/bits/basic_string.h:6166:5:[m[K [01;36m[Knote: [m[Kcandidate: ‘[01m[Ktemplate<class _CharT, class _Traits, class _Alloc> std::__cxx11::basic_string<_CharT, _Traits, _Allocator> std::operator+(const std::__cxx11::basic_string<_CharT, _Traits, _Allocator>&, std::__cxx11::basic_string<_CharT, _Traits, _Allocator>&&)[m[K’
[1.717s]  6166 |     [01;36m[Koperator[m[K+(const basic_string<_CharT, _Traits, _Alloc>& __lhs,
[1.717s]       |     [01;36m[K^~~~~~~~[m[K
[1.717s] [01m[K/usr/include/c++/11/bits/basic_string.h:6166:5:[m[K [01;36m[Knote: [m[K  template argument deduction/substitution failed:
[1.717s] [01m[K/home/emily/sa-mrbt_ws/src/simplified_marine_sim/src/behavior_tree.cpp:788:95:[m[K [01;36m[Knote: [m[K  mismatched types ‘[01m[Kstd::__cxx11::basic_string<_CharT, _Traits, _Allocator>[m[K’ and ‘[01m[Kdouble[m[K’
[1.718s]   788 |         std::string b = "Robot " + std::to_string(_robot.getID()) + " path planning took: " + [01;36m[Kplanning_time[m[K + "s";
[1.718s]       |                                                                                               [01;36m[K^~~~~~~~~~~~~[m[K
[1.718s] In file included from [01m[K/usr/include/c++/11/string:55[m[K,
[1.718s]                  from [01m[K/usr/include/c++/11/stdexcept:39[m[K,
[1.718s]                  from [01m[K/usr/include/c++/11/system_error:41[m[K,
[1.718s]                  from [01m[K/usr/include/c++/11/mutex:42[m[K,
[1.718s]                  from [01m[K/home/emily/sa-mrbt_ws/src/simplified_marine_sim/include/behavior_tree.hpp:4[m[K,
[1.718s]                  from [01m[K/home/emily/sa-mrbt_ws/src/simplified_marine_sim/src/behavior_tree.cpp:1[m[K:
[1.718s] [01m[K/usr/include/c++/11/bits/basic_string.h:6172:5:[m[K [01;36m[Knote: [m[Kcandidate: ‘[01m[Ktemplate<class _CharT, class _Traits, class _Alloc> std::__cxx11::basic_string<_CharT, _Traits, _Allocator> std::operator+(std::__cxx11::basic_string<_CharT, _Traits, _Allocator>&&, std::__cxx11::basic_string<_CharT, _Traits, _Allocator>&&)[m[K’
[1.718s]  6172 |     [01;36m[Koperator[m[K+(basic_string<_CharT, _Traits, _Alloc>&& __lhs,
[1.718s]       |     [01;36m[K^~~~~~~~[m[K
[1.719s] [01m[K/usr/include/c++/11/bits/basic_string.h:6172:5:[m[K [01;36m[Knote: [m[K  template argument deduction/substitution failed:
[1.719s] [01m[K/home/emily/sa-mrbt_ws/src/simplified_marine_sim/src/behavior_tree.cpp:788:95:[m[K [01;36m[Knote: [m[K  mismatched types ‘[01m[Kstd::__cxx11::basic_string<_CharT, _Traits, _Allocator>[m[K’ and ‘[01m[Kdouble[m[K’
[1.719s]   788 |         std::string b = "Robot " + std::to_string(_robot.getID()) + " path planning took: " + [01;36m[Kplanning_time[m[K + "s";
[1.719s]       |                                                                                               [01;36m[K^~~~~~~~~~~~~[m[K
[1.719s] In file included from [01m[K/usr/include/c++/11/string:55[m[K,
[1.719s]                  from [01m[K/usr/include/c++/11/stdexcept:39[m[K,
[1.719s]                  from [01m[K/usr/include/c++/11/system_error:41[m[K,
[1.719s]                  from [01m[K/usr/include/c++/11/mutex:42[m[K,
[1.719s]                  from [01m[K/home/emily/sa-mrbt_ws/src/simplified_marine_sim/include/behavior_tree.hpp:4[m[K,
[1.719s]                  from [01m[K/home/emily/sa-mrbt_ws/src/simplified_marine_sim/src/behavior_tree.cpp:1[m[K:
[1.719s] [01m[K/usr/include/c++/11/bits/basic_string.h:6194:5:[m[K [01;36m[Knote: [m[Kcandidate: ‘[01m[Ktemplate<class _CharT, class _Traits, class _Alloc> std::__cxx11::basic_string<_CharT, _Traits, _Allocator> std::operator+(const _CharT*, std::__cxx11::basic_string<_CharT, _Traits, _Allocator>&&)[m[K’
[1.720s]  6194 |     [01;36m[Koperator[m[K+(const _CharT* __lhs,
[1.720s]       |     [01;36m[K^~~~~~~~[m[K
[1.720s] [01m[K/usr/include/c++/11/bits/basic_string.h:6194:5:[m[K [01;36m[Knote: [m[K  template argument deduction/substitution failed:
[1.720s] [01m[K/home/emily/sa-mrbt_ws/src/simplified_marine_sim/src/behavior_tree.cpp:788:95:[m[K [01;36m[Knote: [m[K  mismatched types ‘[01m[Kconst _CharT*[m[K’ and ‘[01m[Kstd::__cxx11::basic_string<char>[m[K’
[1.720s]   788 |         std::string b = "Robot " + std::to_string(_robot.getID()) + " path planning took: " + [01;36m[Kplanning_time[m[K + "s";
[1.720s]       |                                                                                               [01;36m[K^~~~~~~~~~~~~[m[K
[1.720s] In file included from [01m[K/usr/include/c++/11/string:55[m[K,
[1.720s]                  from [01m[K/usr/include/c++/11/stdexcept:39[m[K,
[1.720s]                  from [01m[K/usr/include/c++/11/system_error:41[m[K,
[1.720s]                  from [01m[K/usr/include/c++/11/mutex:42[m[K,
[1.720s]                  from [01m[K/home/emily/sa-mrbt_ws/src/simplified_marine_sim/include/behavior_tree.hpp:4[m[K,
[1.721s]                  from [01m[K/home/emily/sa-mrbt_ws/src/simplified_marine_sim/src/behavior_tree.cpp:1[m[K:
[1.721s] [01m[K/usr/include/c++/11/bits/basic_string.h:6200:5:[m[K [01;36m[Knote: [m[Kcandidate: ‘[01m[Ktemplate<class _CharT, class _Traits, class _Alloc> std::__cxx11::basic_string<_CharT, _Traits, _Allocator> std::operator+(_CharT, std::__cxx11::basic_string<_CharT, _Traits, _Allocator>&&)[m[K’
[1.721s]  6200 |     [01;36m[Koperator[m[K+(_CharT __lhs,
[1.721s]       |     [01;36m[K^~~~~~~~[m[K
[1.721s] [01m[K/usr/include/c++/11/bits/basic_string.h:6200:5:[m[K [01;36m[Knote: [m[K  template argument deduction/substitution failed:
[1.721s] [01m[K/home/emily/sa-mrbt_ws/src/simplified_marine_sim/src/behavior_tree.cpp:788:95:[m[K [01;36m[Knote: [m[K  mismatched types ‘[01m[Kstd::__cxx11::basic_string<_CharT, _Traits, _Allocator>[m[K’ and ‘[01m[Kdouble[m[K’
[1.721s]   788 |         std::string b = "Robot " + std::to_string(_robot.getID()) + " path planning took: " + [01;36m[Kplanning_time[m[K + "s";
[1.721s]       |                                                                                               [01;36m[K^~~~~~~~~~~~~[m[K
[1.721s] In file included from [01m[K/usr/include/c++/11/string:55[m[K,
[1.721s]                  from [01m[K/usr/include/c++/11/stdexcept:39[m[K,
[1.721s]                  from [01m[K/usr/include/c++/11/system_error:41[m[K,
[1.721s]                  from [01m[K/usr/include/c++/11/mutex:42[m[K,
[1.722s]                  from [01m[K/home/emily/sa-mrbt_ws/src/simplified_marine_sim/include/behavior_tree.hpp:4[m[K,
[1.722s]                  from [01m[K/home/emily/sa-mrbt_ws/src/simplified_marine_sim/src/behavior_tree.cpp:1[m[K:
[1.722s] [01m[K/usr/include/c++/11/bits/basic_string.h:6206:5:[m[K [01;36m[Knote: [m[Kcandidate: ‘[01m[Ktemplate<class _CharT, class _Traits, class _Alloc> std::__cxx11::basic_string<_CharT, _Traits, _Allocator> std::operator+(std::__cxx11::basic_string<_CharT, _Traits, _Allocator>&&, const _CharT*)[m[K’
[1.722s]  6206 |     [01;36m[Koperator[m[K+(basic_string<_CharT, _Traits, _Alloc>&& __lhs,
[1.722s]       |     [01;36m[K^~~~~~~~[m[K
[1.722s] [01m[K/usr/include/c++/11/bits/basic_string.h:6206:5:[m[K [01;36m[Knote: [m[K  template argument deduction/substitution failed:
[1.722s] [01m[K/home/emily/sa-mrbt_ws/src/simplified_marine_sim/src/behavior_tree.cpp:788:95:[m[K [01;36m[Knote: [m[K  mismatched types ‘[01m[Kconst _CharT*[m[K’ and ‘[01m[Kdouble[m[K’
[1.722s]   788 |         std::string b = "Robot " + std::to_string(_robot.getID()) + " path planning took: " + [01;36m[Kplanning_time[m[K + "s";
[1.722s]       |                                                                                               [01;36m[K^~~~~~~~~~~~~[m[K
[1.722s] In file included from [01m[K/usr/include/c++/11/string:55[m[K,
[1.722s]                  from [01m[K/usr/include/c++/11/stdexcept:39[m[K,
[1.722s]                  from [01m[K/usr/include/c++/11/system_error:41[m[K,
[1.723s]                  from [01m[K/usr/include/c++/11/mutex:42[m[K,
[1.723s]                  from [01m[K/home/emily/sa-mrbt_ws/src/simplified_marine_sim/include/behavior_tree.hpp:4[m[K,
[1.723s]                  from [01m[K/home/emily/sa-mrbt_ws/src/simplified_marine_sim/src/behavior_tree.cpp:1[m[K:
[1.723s] [01m[K/usr/include/c++/11/bits/basic_string.h:6212:5:[m[K [01;36m[Knote: [m[Kcandidate: ‘[01m[Ktemplate<class _CharT, class _Traits, class _Alloc> std::__cxx11::basic_string<_CharT, _Traits, _Allocator> std::operator+(std::__cxx11::basic_string<_CharT, _Traits, _Allocator>&&, _CharT)[m[K’
[1.723s]  6212 |     [01;36m[Koperator[m[K+(basic_string<_CharT, _Traits, _Alloc>&& __lhs,
[1.723s]       |     [01;36m[K^~~~~~~~[m[K
[1.723s] [01m[K/usr/include/c++/11/bits/basic_string.h:6212:5:[m[K [01;36m[Knote: [m[K  template argument deduction/substitution failed:
[1.723s] [01m[K/home/emily/sa-mrbt_ws/src/simplified_marine_sim/src/behavior_tree.cpp:788:95:[m[K [01;36m[Knote: [m[K  deduced conflicting types for parameter ‘[01m[K_CharT[m[K’ (‘[01m[Kchar[m[K’ and ‘[01m[Kdouble[m[K’)
[1.723s]   788 |         std::string b = "Robot " + std::to_string(_robot.getID()) + " path planning took: " + [01;36m[Kplanning_time[m[K + "s";
[1.723s]       |                                                                                               [01;36m[K^~~~~~~~~~~~~[m[K
[1.723s] In file included from [01m[K/usr/include/c++/11/valarray:603[m[K,
[1.724s]                  from [01m[K/home/emily/sa-mrbt_ws/install/behaviortree_cpp/include/behaviortree_cpp/contrib/json.hpp:170[m[K,
[1.724s]                  from [01m[K/home/emily/sa-mrbt_ws/install/behaviortree_cpp/include/behaviortree_cpp/blackboard.h:9[m[K,
[1.724s]                  from [01m[K/home/emily/sa-mrbt_ws/install/behaviortree_cpp/include/behaviortree_cpp/tree_node.h:22[m[K,
[1.724s]                  from [01m[K/home/emily/sa-mrbt_ws/install/behaviortree_cpp/include/behaviortree_cpp/control_node.h:17[m[K,
[1.724s]                  from [01m[K/home/emily/sa-mrbt_ws/install/behaviortree_cpp/include/behaviortree_cpp/controls/parallel_node.h:17[m[K,
[1.724s]                  from [01m[K/home/emily/sa-mrbt_ws/install/behaviortree_cpp/include/behaviortree_cpp/behavior_tree.h:16[m[K,
[1.724s]                  from [01m[K/home/emily/sa-mrbt_ws/install/behaviortree_cpp/include/behaviortree_cpp/bt_factory.h:25[m[K,
[1.724s]                  from [01m[K/home/emily/sa-mrbt_ws/src/simplified_marine_sim/include/behavior_tree.hpp:6[m[K,
[1.724s]                  from [01m[K/home/emily/sa-mrbt_ws/src/simplified_marine_sim/src/behavior_tree.cpp:1[m[K:
[1.724s] [01m[K/usr/include/c++/11/bits/valarray_after.h:405:5:[m[K [01;36m[Knote: [m[Kcandidate: ‘[01m[Ktemplate<class _Dom1, class _Dom2> std::_Expr<std::__detail::_BinClos<std::__plus, std::_Expr, std::_Expr, _Dom1, _Dom2>, typename std::__fun<std::__plus, typename _Dom1::value_type>::result_type> std::operator+(const std::_Expr<_Dom1, typename _Dom1::value_type>&, const std::_Expr<_Dom2, typename _Dom2::value_type>&)[m[K’
[1.724s]   405 |     [01;36m[K_DEFINE_EXPR_BINARY_OPERATOR[m[K(+, struct std::__plus)
[1.725s]       |     [01;36m[K^~~~~~~~~~~~~~~~~~~~~~~~~~~~[m[K
[1.725s] [01m[K/usr/include/c++/11/bits/valarray_after.h:405:5:[m[K [01;36m[Knote: [m[K  template argument deduction/substitution failed:
[1.725s] [01m[K/home/emily/sa-mrbt_ws/src/simplified_marine_sim/src/behavior_tree.cpp:788:95:[m[K [01;36m[Knote: [m[K  ‘[01m[Kstd::__cxx11::basic_string<char>[m[K’ is not derived from ‘[01m[Kconst std::_Expr<_Dom1, typename _Dom1::value_type>[m[K’
[1.725s]   788 |         std::string b = "Robot " + std::to_string(_robot.getID()) + " path planning took: " + [01;36m[Kplanning_time[m[K + "s";
[1.725s]       |                                                                                               [01;36m[K^~~~~~~~~~~~~[m[K
[1.725s] In file included from [01m[K/usr/include/c++/11/valarray:603[m[K,
[1.725s]                  from [01m[K/home/emily/sa-mrbt_ws/install/behaviortree_cpp/include/behaviortree_cpp/contrib/json.hpp:170[m[K,
[1.725s]                  from [01m[K/home/emily/sa-mrbt_ws/install/behaviortree_cpp/include/behaviortree_cpp/blackboard.h:9[m[K,
[1.725s]                  from [01m[K/home/emily/sa-mrbt_ws/install/behaviortree_cpp/include/behaviortree_cpp/tree_node.h:22[m[K,
[1.725s]                  from [01m[K/home/emily/sa-mrbt_ws/install/behaviortree_cpp/include/behaviortree_cpp/control_node.h:17[m[K,
[1.725s]                  from [01m[K/home/emily/sa-mrbt_ws/install/behaviortree_cpp/include/behaviortree_cpp/controls/parallel_node.h:17[m[K,
[1.726s]                  from [01m[K/home/emily/sa-mrbt_ws/install/behaviortree_cpp/include/behaviortree_cpp/behavior_tree.h:16[m[K,
[1.726s]                  from [01m[K/home/emily/sa-mrbt_ws/install/behaviortree_cpp/include/behaviortree_cpp/bt_factory.h:25[m[K,
[1.726s]                  from [01m[K/home/emily/sa-mrbt_ws/src/simplified_marine_sim/include/behavior_tree.hpp:6[m[K,
[1.726s]                  from [01m[K/home/emily/sa-mrbt_ws/src/simplified_marine_sim/src/behavior_tree.cpp:1[m[K:
[1.726s] [01m[K/usr/include/c++/11/bits/valarray_after.h:405:5:[m[K [01;36m[Knote: [m[Kcandidate: ‘[01m[Ktemplate<class _Dom> std::_Expr<std::__detail::_BinClos<std::__plus, std::_Expr, std::_Constant, _Dom, typename _Dom::value_type>, typename std::__fun<std::__plus, typename _Dom1::value_type>::result_type> std::operator+(const std::_Expr<_Dom1, typename _Dom1::value_type>&, const typename _Dom::value_type&)[m[K’
[1.726s]   405 |     [01;36m[K_DEFINE_EXPR_BINARY_OPERATOR[m[K(+, struct std::__plus)
[1.726s]       |     [01;36m[K^~~~~~~~~~~~~~~~~~~~~~~~~~~~[m[K
[1.726s] [01m[K/usr/include/c++/11/bits/valarray_after.h:405:5:[m[K [01;36m[Knote: [m[K  template argument deduction/substitution failed:
[1.726s] [01m[K/home/emily/sa-mrbt_ws/src/simplified_marine_sim/src/behavior_tree.cpp:788:95:[m[K [01;36m[Knote: [m[K  ‘[01m[Kstd::__cxx11::basic_string<char>[m[K’ is not derived from ‘[01m[Kconst std::_Expr<_Dom1, typename _Dom1::value_type>[m[K’
[1.726s]   788 |         std::string b = "Robot " + std::to_string(_robot.getID()) + " path planning took: " + [01;36m[Kplanning_time[m[K + "s";
[1.726s]       |                                                                                               [01;36m[K^~~~~~~~~~~~~[m[K
[1.727s] In file included from [01m[K/usr/include/c++/11/valarray:603[m[K,
[1.727s]                  from [01m[K/home/emily/sa-mrbt_ws/install/behaviortree_cpp/include/behaviortree_cpp/contrib/json.hpp:170[m[K,
[1.727s]                  from [01m[K/home/emily/sa-mrbt_ws/install/behaviortree_cpp/include/behaviortree_cpp/blackboard.h:9[m[K,
[1.727s]                  from [01m[K/home/emily/sa-mrbt_ws/install/behaviortree_cpp/include/behaviortree_cpp/tree_node.h:22[m[K,
[1.727s]                  from [01m[K/home/emily/sa-mrbt_ws/install/behaviortree_cpp/include/behaviortree_cpp/control_node.h:17[m[K,
[1.727s]                  from [01m[K/home/emily/sa-mrbt_ws/install/behaviortree_cpp/include/behaviortree_cpp/controls/parallel_node.h:17[m[K,
[1.727s]                  from [01m[K/home/emily/sa-mrbt_ws/install/behaviortree_cpp/include/behaviortree_cpp/behavior_tree.h:16[m[K,
[1.727s]                  from [01m[K/home/emily/sa-mrbt_ws/install/behaviortree_cpp/include/behaviortree_cpp/bt_factory.h:25[m[K,
[1.727s]                  from [01m[K/home/emily/sa-mrbt_ws/src/simplified_marine_sim/include/behavior_tree.hpp:6[m[K,
[1.727s]                  from [01m[K/home/emily/sa-mrbt_ws/src/simplified_marine_sim/src/behavior_tree.cpp:1[m[K:
[1.727s] [01m[K/usr/include/c++/11/bits/valarray_after.h:405:5:[m[K [01;36m[Knote: [m[Kcandidate: ‘[01m[Ktemplate<class _Dom> std::_Expr<std::__detail::_BinClos<std::__plus, std::_Constant, std::_Expr, typename _Dom::value_type, _Dom>, typename std::__fun<std::__plus, typename _Dom1::value_type>::result_type> std::operator+(const typename _Dom::value_type&, const std::_Expr<_Dom1, typename _Dom1::value_type>&)[m[K’
[1.728s]   405 |     [01;36m[K_DEFINE_EXPR_BINARY_OPERATOR[m[K(+, struct std::__plus)
[1.728s]       |     [01;36m[K^~~~~~~~~~~~~~~~~~~~~~~~~~~~[m[K
[1.728s] [01m[K/usr/include/c++/11/bits/valarray_after.h:405:5:[m[K [01;36m[Knote: [m[K  template argument deduction/substitution failed:
[1.728s] [01m[K/home/emily/sa-mrbt_ws/src/simplified_marine_sim/src/behavior_tree.cpp:788:95:[m[K [01;36m[Knote: [m[K  mismatched types ‘[01m[Kconst std::_Expr<_Dom1, typename _Dom1::value_type>[m[K’ and ‘[01m[Kdouble[m[K’
[1.728s]   788 |         std::string b = "Robot " + std::to_string(_robot.getID()) + " path planning took: " + [01;36m[Kplanning_time[m[K + "s";
[1.728s]       |                                                                                               [01;36m[K^~~~~~~~~~~~~[m[K
[1.728s] In file included from [01m[K/usr/include/c++/11/valarray:603[m[K,
[1.728s]                  from [01m[K/home/emily/sa-mrbt_ws/install/behaviortree_cpp/include/behaviortree_cpp/contrib/json.hpp:170[m[K,
[1.728s]                  from [01m[K/home/emily/sa-mrbt_ws/install/behaviortree_cpp/include/behaviortree_cpp/blackboard.h:9[m[K,
[1.728s]                  from [01m[K/home/emily/sa-mrbt_ws/install/behaviortree_cpp/include/behaviortree_cpp/tree_node.h:22[m[K,
[1.728s]                  from [01m[K/home/emily/sa-mrbt_ws/install/behaviortree_cpp/include/behaviortree_cpp/control_node.h:17[m[K,
[1.728s]                  from [01m[K/home/emily/sa-mrbt_ws/install/behaviortree_cpp/include/behaviortree_cpp/controls/parallel_node.h:17[m[K,
[1.729s]                  from [01m[K/home/emily/sa-mrbt_ws/install/behaviortree_cpp/include/behaviortree_cpp/behavior_tree.h:16[m[K,
[1.729s]                  from [01m[K/home/emily/sa-mrbt_ws/install/behaviortree_cpp/include/behaviortree_cpp/bt_factory.h:25[m[K,
[1.729s]                  from [01m[K/home/emily/sa-mrbt_ws/src/simplified_marine_sim/include/behavior_tree.hpp:6[m[K,
[1.729s]                  from [01m[K/home/emily/sa-mrbt_ws/src/simplified_marine_sim/src/behavior_tree.cpp:1[m[K:
[1.729s] [01m[K/usr/include/c++/11/bits/valarray_after.h:405:5:[m[K [01;36m[Knote: [m[Kcandidate: ‘[01m[Ktemplate<class _Dom> std::_Expr<std::__detail::_BinClos<std::__plus, std::_Expr, std::_ValArray, _Dom, typename _Dom::value_type>, typename std::__fun<std::__plus, typename _Dom1::value_type>::result_type> std::operator+(const std::_Expr<_Dom1, typename _Dom1::value_type>&, const std::valarray<typename _Dom::value_type>&)[m[K’
[1.729s]   405 |     [01;36m[K_DEFINE_EXPR_BINARY_OPERATOR[m[K(+, struct std::__plus)
[1.729s]       |     [01;36m[K^~~~~~~~~~~~~~~~~~~~~~~~~~~~[m[K
[1.729s] [01m[K/usr/include/c++/11/bits/valarray_after.h:405:5:[m[K [01;36m[Knote: [m[K  template argument deduction/substitution failed:
[1.729s] [01m[K/home/emily/sa-mrbt_ws/src/simplified_marine_sim/src/behavior_tree.cpp:788:95:[m[K [01;36m[Knote: [m[K  ‘[01m[Kstd::__cxx11::basic_string<char>[m[K’ is not derived from ‘[01m[Kconst std::_Expr<_Dom1, typename _Dom1::value_type>[m[K’
[1.729s]   788 |         std::string b = "Robot " + std::to_string(_robot.getID()) + " path planning took: " + [01;36m[Kplanning_time[m[K + "s";
[1.729s]       |                                                                                               [01;36m[K^~~~~~~~~~~~~[m[K
[1.730s] In file included from [01m[K/usr/include/c++/11/valarray:603[m[K,
[1.730s]                  from [01m[K/home/emily/sa-mrbt_ws/install/behaviortree_cpp/include/behaviortree_cpp/contrib/json.hpp:170[m[K,
[1.730s]                  from [01m[K/home/emily/sa-mrbt_ws/install/behaviortree_cpp/include/behaviortree_cpp/blackboard.h:9[m[K,
[1.730s]                  from [01m[K/home/emily/sa-mrbt_ws/install/behaviortree_cpp/include/behaviortree_cpp/tree_node.h:22[m[K,
[1.730s]                  from [01m[K/home/emily/sa-mrbt_ws/install/behaviortree_cpp/include/behaviortree_cpp/control_node.h:17[m[K,
[1.730s]                  from [01m[K/home/emily/sa-mrbt_ws/install/behaviortree_cpp/include/behaviortree_cpp/controls/parallel_node.h:17[m[K,
[1.730s]                  from [01m[K/home/emily/sa-mrbt_ws/install/behaviortree_cpp/include/behaviortree_cpp/behavior_tree.h:16[m[K,
[1.730s]                  from [01m[K/home/emily/sa-mrbt_ws/install/behaviortree_cpp/include/behaviortree_cpp/bt_factory.h:25[m[K,
[1.730s]                  from [01m[K/home/emily/sa-mrbt_ws/src/simplified_marine_sim/include/behavior_tree.hpp:6[m[K,
[1.730s]                  from [01m[K/home/emily/sa-mrbt_ws/src/simplified_marine_sim/src/behavior_tree.cpp:1[m[K:
[1.730s] [01m[K/usr/include/c++/11/bits/valarray_after.h:405:5:[m[K [01;36m[Knote: [m[Kcandidate: ‘[01m[Ktemplate<class _Dom> std::_Expr<std::__detail::_BinClos<std::__plus, std::_ValArray, std::_Expr, typename _Dom::value_type, _Dom>, typename std::__fun<std::__plus, typename _Dom1::value_type>::result_type> std::operator+(const std::valarray<typename _Dom::value_type>&, const std::_Expr<_Dom1, typename _Dom1::value_type>&)[m[K’
[1.731s]   405 |     [01;36m[K_DEFINE_EXPR_BINARY_OPERATOR[m[K(+, struct std::__plus)
[1.731s]       |     [01;36m[K^~~~~~~~~~~~~~~~~~~~~~~~~~~~[m[K
[1.731s] [01m[K/usr/include/c++/11/bits/valarray_after.h:405:5:[m[K [01;36m[Knote: [m[K  template argument deduction/substitution failed:
[1.731s] [01m[K/home/emily/sa-mrbt_ws/src/simplified_marine_sim/src/behavior_tree.cpp:788:95:[m[K [01;36m[Knote: [m[K  mismatched types ‘[01m[Kconst std::_Expr<_Dom1, typename _Dom1::value_type>[m[K’ and ‘[01m[Kdouble[m[K’
[1.731s]   788 |         std::string b = "Robot " + std::to_string(_robot.getID()) + " path planning took: " + [01;36m[Kplanning_time[m[K + "s";
[1.731s]       |                                                                                               [01;36m[K^~~~~~~~~~~~~[m[K
[1.731s] In file included from [01m[K/home/emily/sa-mrbt_ws/install/behaviortree_cpp/include/behaviortree_cpp/contrib/json.hpp:170[m[K,
[1.731s]                  from [01m[K/home/emily/sa-mrbt_ws/install/behaviortree_cpp/include/behaviortree_cpp/blackboard.h:9[m[K,
[1.731s]                  from [01m[K/home/emily/sa-mrbt_ws/install/behaviortree_cpp/include/behaviortree_cpp/tree_node.h:22[m[K,
[1.731s]                  from [01m[K/home/emily/sa-mrbt_ws/install/behaviortree_cpp/include/behaviortree_cpp/control_node.h:17[m[K,
[1.731s]                  from [01m[K/home/emily/sa-mrbt_ws/install/behaviortree_cpp/include/behaviortree_cpp/controls/parallel_node.h:17[m[K,
[1.731s]                  from [01m[K/home/emily/sa-mrbt_ws/install/behaviortree_cpp/include/behaviortree_cpp/behavior_tree.h:16[m[K,
[1.732s]                  from [01m[K/home/emily/sa-mrbt_ws/install/behaviortree_cpp/include/behaviortree_cpp/bt_factory.h:25[m[K,
[1.732s]                  from [01m[K/home/emily/sa-mrbt_ws/src/simplified_marine_sim/include/behavior_tree.hpp:6[m[K,
[1.732s]                  from [01m[K/home/emily/sa-mrbt_ws/src/simplified_marine_sim/src/behavior_tree.cpp:1[m[K:
[1.732s] [01m[K/usr/include/c++/11/valarray:1186:1:[m[K [01;36m[Knote: [m[Kcandidate: ‘[01m[Ktemplate<class _Tp> std::_Expr<std::__detail::_BinClos<std::__plus, std::_ValArray, std::_ValArray, _Tp, _Tp>, typename std::__fun<std::__plus, _Tp>::result_type> std::operator+(const std::valarray<_Tp>&, const std::valarray<_Tp>&)[m[K’
[1.732s]  1186 | [01;36m[K_DEFINE_BINARY_OPERATOR[m[K(+, __plus)
[1.732s]       | [01;36m[K^~~~~~~~~~~~~~~~~~~~~~~[m[K
[1.732s] [01m[K/usr/include/c++/11/valarray:1186:1:[m[K [01;36m[Knote: [m[K  template argument deduction/substitution failed:
[1.732s] [01m[K/home/emily/sa-mrbt_ws/src/simplified_marine_sim/src/behavior_tree.cpp:788:95:[m[K [01;36m[Knote: [m[K  ‘[01m[Kstd::__cxx11::basic_string<char>[m[K’ is not derived from ‘[01m[Kconst std::valarray<_Tp>[m[K’
[1.732s]   788 |         std::string b = "Robot " + std::to_string(_robot.getID()) + " path planning took: " + [01;36m[Kplanning_time[m[K + "s";
[1.732s]       |                                                                                               [01;36m[K^~~~~~~~~~~~~[m[K
[1.732s] In file included from [01m[K/home/emily/sa-mrbt_ws/install/behaviortree_cpp/include/behaviortree_cpp/contrib/json.hpp:170[m[K,
[1.733s]                  from [01m[K/home/emily/sa-mrbt_ws/install/behaviortree_cpp/include/behaviortree_cpp/blackboard.h:9[m[K,
[1.733s]                  from [01m[K/home/emily/sa-mrbt_ws/install/behaviortree_cpp/include/behaviortree_cpp/tree_node.h:22[m[K,
[1.733s]                  from [01m[K/home/emily/sa-mrbt_ws/install/behaviortree_cpp/include/behaviortree_cpp/control_node.h:17[m[K,
[1.733s]                  from [01m[K/home/emily/sa-mrbt_ws/install/behaviortree_cpp/include/behaviortree_cpp/controls/parallel_node.h:17[m[K,
[1.733s]                  from [01m[K/home/emily/sa-mrbt_ws/install/behaviortree_cpp/include/behaviortree_cpp/behavior_tree.h:16[m[K,
[1.733s]                  from [01m[K/home/emily/sa-mrbt_ws/install/behaviortree_cpp/include/behaviortree_cpp/bt_factory.h:25[m[K,
[1.733s]                  from [01m[K/home/emily/sa-mrbt_ws/src/simplified_marine_sim/include/behavior_tree.hpp:6[m[K,
[1.733s]                  from [01m[K/home/emily/sa-mrbt_ws/src/simplified_marine_sim/src/behavior_tree.cpp:1[m[K:
[1.733s] [01m[K/usr/include/c++/11/valarray:1186:1:[m[K [01;36m[Knote: [m[Kcandidate: ‘[01m[Ktemplate<class _Tp> std::_Expr<std::__detail::_BinClos<std::__plus, std::_ValArray, std::_Constant, _Tp, _Tp>, typename std::__fun<std::__plus, _Tp>::result_type> std::operator+(const std::valarray<_Tp>&, const typename std::valarray<_Tp>::value_type&)[m[K’
[1.733s]  1186 | [01;36m[K_DEFINE_BINARY_OPERATOR[m[K(+, __plus)
[1.733s]       | [01;36m[K^~~~~~~~~~~~~~~~~~~~~~~[m[K
[1.733s] [01m[K/usr/include/c++/11/valarray:1186:1:[m[K [01;36m[Knote: [m[K  template argument deduction/substitution failed:
[1.734s] [01m[K/home/emily/sa-mrbt_ws/src/simplified_marine_sim/src/behavior_tree.cpp:788:95:[m[K [01;36m[Knote: [m[K  ‘[01m[Kstd::__cxx11::basic_string<char>[m[K’ is not derived from ‘[01m[Kconst std::valarray<_Tp>[m[K’
[1.734s]   788 |         std::string b = "Robot " + std::to_string(_robot.getID()) + " path planning took: " + [01;36m[Kplanning_time[m[K + "s";
[1.734s]       |                                                                                               [01;36m[K^~~~~~~~~~~~~[m[K
[1.734s] In file included from [01m[K/home/emily/sa-mrbt_ws/install/behaviortree_cpp/include/behaviortree_cpp/contrib/json.hpp:170[m[K,
[1.734s]                  from [01m[K/home/emily/sa-mrbt_ws/install/behaviortree_cpp/include/behaviortree_cpp/blackboard.h:9[m[K,
[1.734s]                  from [01m[K/home/emily/sa-mrbt_ws/install/behaviortree_cpp/include/behaviortree_cpp/tree_node.h:22[m[K,
[1.734s]                  from [01m[K/home/emily/sa-mrbt_ws/install/behaviortree_cpp/include/behaviortree_cpp/control_node.h:17[m[K,
[1.734s]                  from [01m[K/home/emily/sa-mrbt_ws/install/behaviortree_cpp/include/behaviortree_cpp/controls/parallel_node.h:17[m[K,
[1.734s]                  from [01m[K/home/emily/sa-mrbt_ws/install/behaviortree_cpp/include/behaviortree_cpp/behavior_tree.h:16[m[K,
[1.734s]                  from [01m[K/home/emily/sa-mrbt_ws/install/behaviortree_cpp/include/behaviortree_cpp/bt_factory.h:25[m[K,
[1.734s]                  from [01m[K/home/emily/sa-mrbt_ws/src/simplified_marine_sim/include/behavior_tree.hpp:6[m[K,
[1.735s]                  from [01m[K/home/emily/sa-mrbt_ws/src/simplified_marine_sim/src/behavior_tree.cpp:1[m[K:
[1.735s] [01m[K/usr/include/c++/11/valarray:1186:1:[m[K [01;36m[Knote: [m[Kcandidate: ‘[01m[Ktemplate<class _Tp> std::_Expr<std::__detail::_BinClos<std::__plus, std::_Constant, std::_ValArray, _Tp, _Tp>, typename std::__fun<std::__plus, _Tp>::result_type> std::operator+(const typename std::valarray<_Tp>::value_type&, const std::valarray<_Tp>&)[m[K’
[1.735s]  1186 | [01;36m[K_DEFINE_BINARY_OPERATOR[m[K(+, __plus)
[1.735s]       | [01;36m[K^~~~~~~~~~~~~~~~~~~~~~~[m[K
[1.735s] [01m[K/usr/include/c++/11/valarray:1186:1:[m[K [01;36m[Knote: [m[K  template argument deduction/substitution failed:
[1.735s] [01m[K/home/emily/sa-mrbt_ws/src/simplified_marine_sim/src/behavior_tree.cpp:788:95:[m[K [01;36m[Knote: [m[K  mismatched types ‘[01m[Kconst std::valarray<_Tp>[m[K’ and ‘[01m[Kdouble[m[K’
[1.735s]   788 |         std::string b = "Robot " + std::to_string(_robot.getID()) + " path planning took: " + [01;36m[Kplanning_time[m[K + "s";
[1.735s]       |                                                                                               [01;36m[K^~~~~~~~~~~~~[m[K
[1.735s] In file included from [01m[K/usr/include/opencv4/opencv2/core/cvstd.inl.hpp:47[m[K,
[1.735s]                  from [01m[K/usr/include/opencv4/opencv2/core.hpp:3306[m[K,
[1.735s]                  from [01m[K/usr/include/opencv4/opencv2/opencv.hpp:52[m[K,
[1.736s]                  from [01m[K/home/emily/sa-mrbt_ws/src/simplified_marine_sim/include/world.hpp:4[m[K,
[1.736s]                  from [01m[K/home/emily/sa-mrbt_ws/src/simplified_marine_sim/include/behavior_tree.hpp:7[m[K,
[1.736s]                  from [01m[K/home/emily/sa-mrbt_ws/src/simplified_marine_sim/src/behavior_tree.cpp:1[m[K:
[1.736s] [01m[K/usr/include/c++/11/complex:332:5:[m[K [01;36m[Knote: [m[Kcandidate: ‘[01m[Ktemplate<class _Tp> std::complex<_Tp> std::operator+(const std::complex<_Tp>&, const std::complex<_Tp>&)[m[K’
[1.736s]   332 |     [01;36m[Koperator[m[K+(const complex<_Tp>& __x, const complex<_Tp>& __y)
[1.736s]       |     [01;36m[K^~~~~~~~[m[K
[1.736s] [01m[K/usr/include/c++/11/complex:332:5:[m[K [01;36m[Knote: [m[K  template argument deduction/substitution failed:
[1.736s] [01m[K/home/emily/sa-mrbt_ws/src/simplified_marine_sim/src/behavior_tree.cpp:788:95:[m[K [01;36m[Knote: [m[K  ‘[01m[Kstd::__cxx11::basic_string<char>[m[K’ is not derived from ‘[01m[Kconst std::complex<_Tp>[m[K’
[1.736s]   788 |         std::string b = "Robot " + std::to_string(_robot.getID()) + " path planning took: " + [01;36m[Kplanning_time[m[K + "s";
[1.736s]       |                                                                                               [01;36m[K^~~~~~~~~~~~~[m[K
[1.736s] In file included from [01m[K/usr/include/opencv4/opencv2/core/cvstd.inl.hpp:47[m[K,
[1.737s]                  from [01m[K/usr/include/opencv4/opencv2/core.hpp:3306[m[K,
[1.737s]                  from [01m[K/usr/include/opencv4/opencv2/opencv.hpp:52[m[K,
[1.737s]                  from [01m[K/home/emily/sa-mrbt_ws/src/simplified_marine_sim/include/world.hpp:4[m[K,
[1.737s]                  from [01m[K/home/emily/sa-mrbt_ws/src/simplified_marine_sim/include/behavior_tree.hpp:7[m[K,
[1.737s]                  from [01m[K/home/emily/sa-mrbt_ws/src/simplified_marine_sim/src/behavior_tree.cpp:1[m[K:
[1.737s] [01m[K/usr/include/c++/11/complex:341:5:[m[K [01;36m[Knote: [m[Kcandidate: ‘[01m[Ktemplate<class _Tp> std::complex<_Tp> std::operator+(const std::complex<_Tp>&, const _Tp&)[m[K’
[1.737s]   341 |     [01;36m[Koperator[m[K+(const complex<_Tp>& __x, const _Tp& __y)
[1.737s]       |     [01;36m[K^~~~~~~~[m[K
[1.737s] [01m[K/usr/include/c++/11/complex:341:5:[m[K [01;36m[Knote: [m[K  template argument deduction/substitution failed:
[1.737s] [01m[K/home/emily/sa-mrbt_ws/src/simplified_marine_sim/src/behavior_tree.cpp:788:95:[m[K [01;36m[Knote: [m[K  ‘[01m[Kstd::__cxx11::basic_string<char>[m[K’ is not derived from ‘[01m[Kconst std::complex<_Tp>[m[K’
[1.737s]   788 |         std::string b = "Robot " + std::to_string(_robot.getID()) + " path planning took: " + [01;36m[Kplanning_time[m[K + "s";
[1.738s]       |                                                                                               [01;36m[K^~~~~~~~~~~~~[m[K
[1.738s] In file included from [01m[K/usr/include/opencv4/opencv2/core/cvstd.inl.hpp:47[m[K,
[1.738s]                  from [01m[K/usr/include/opencv4/opencv2/core.hpp:3306[m[K,
[1.738s]                  from [01m[K/usr/include/opencv4/opencv2/opencv.hpp:52[m[K,
[1.738s]                  from [01m[K/home/emily/sa-mrbt_ws/src/simplified_marine_sim/include/world.hpp:4[m[K,
[1.738s]                  from [01m[K/home/emily/sa-mrbt_ws/src/simplified_marine_sim/include/behavior_tree.hpp:7[m[K,
[1.738s]                  from [01m[K/home/emily/sa-mrbt_ws/src/simplified_marine_sim/src/behavior_tree.cpp:1[m[K:
[1.738s] [01m[K/usr/include/c++/11/complex:350:5:[m[K [01;36m[Knote: [m[Kcandidate: ‘[01m[Ktemplate<class _Tp> std::complex<_Tp> std::operator+(const _Tp&, const std::complex<_Tp>&)[m[K’
[1.738s]   350 |     [01;36m[Koperator[m[K+(const _Tp& __x, const complex<_Tp>& __y)
[1.738s]       |     [01;36m[K^~~~~~~~[m[K
[1.738s] [01m[K/usr/include/c++/11/complex:350:5:[m[K [01;36m[Knote: [m[K  template argument deduction/substitution failed:
[1.738s] [01m[K/home/emily/sa-mrbt_ws/src/simplified_marine_sim/src/behavior_tree.cpp:788:95:[m[K [01;36m[Knote: [m[K  mismatched types ‘[01m[Kconst std::complex<_Tp>[m[K’ and ‘[01m[Kdouble[m[K’
[1.739s]   788 |         std::string b = "Robot " + std::to_string(_robot.getID()) + " path planning took: " + [01;36m[Kplanning_time[m[K + "s";
[1.739s]       |                                                                                               [01;36m[K^~~~~~~~~~~~~[m[K
[1.739s] In file included from [01m[K/usr/include/opencv4/opencv2/core/cvstd.inl.hpp:47[m[K,
[1.739s]                  from [01m[K/usr/include/opencv4/opencv2/core.hpp:3306[m[K,
[1.739s]                  from [01m[K/usr/include/opencv4/opencv2/opencv.hpp:52[m[K,
[1.739s]                  from [01m[K/home/emily/sa-mrbt_ws/src/simplified_marine_sim/include/world.hpp:4[m[K,
[1.739s]                  from [01m[K/home/emily/sa-mrbt_ws/src/simplified_marine_sim/include/behavior_tree.hpp:7[m[K,
[1.739s]                  from [01m[K/home/emily/sa-mrbt_ws/src/simplified_marine_sim/src/behavior_tree.cpp:1[m[K:
[1.739s] [01m[K/usr/include/c++/11/complex:451:5:[m[K [01;36m[Knote: [m[Kcandidate: ‘[01m[Ktemplate<class _Tp> std::complex<_Tp> std::operator+(const std::complex<_Tp>&)[m[K’
[1.739s]   451 |     [01;36m[Koperator[m[K+(const complex<_Tp>& __x)
[1.739s]       |     [01;36m[K^~~~~~~~[m[K
[1.740s] [01m[K/usr/include/c++/11/complex:451:5:[m[K [01;36m[Knote: [m[K  template argument deduction/substitution failed:
[1.740s] [01m[K/home/emily/sa-mrbt_ws/src/simplified_marine_sim/src/behavior_tree.cpp:788:95:[m[K [01;36m[Knote: [m[K  ‘[01m[Kstd::__cxx11::basic_string<char>[m[K’ is not derived from ‘[01m[Kconst std::complex<_Tp>[m[K’
[1.740s]   788 |         std::string b = "Robot " + std::to_string(_robot.getID()) + " path planning took: " + [01;36m[Kplanning_time[m[K + "s";
[1.740s]       |                                                                                               [01;36m[K^~~~~~~~~~~~~[m[K
[2.900s] gmake[2]: *** [CMakeFiles/sim.dir/build.make:202: CMakeFiles/sim.dir/src/behavior_tree.cpp.o] Error 1
[2.900s] gmake[1]: *** [CMakeFiles/Makefile2:137: CMakeFiles/sim.dir/all] Error 2
[2.900s] gmake: *** [Makefile:146: all] Error 2
[2.902s] Invoked command in '/home/emily/sa-mrbt_ws/build/simulator' returned '2': CMAKE_PREFIX_PATH=/home/emily/sa-mrbt_ws/install/behaviortree_cpp:/home/emily/sa-mrbt_ws/install/simulator:/opt/ros/iron /usr/bin/cmake --build /home/emily/sa-mrbt_ws/build/simulator -- -j12 -l12
