-- The C compiler identification is GNU 11.4.0
-- The CXX compiler identification is GNU 11.4.0
-- Detecting C compiler ABI info
-- Detecting C compiler ABI info - done
-- Check for working C compiler: /usr/bin/cc - skipped
-- Detecting C compile features
-- Detecting C compile features - done
-- Detecting CXX compiler ABI info
-- Detecting CXX compiler ABI info - done
-- Check for working CXX compiler: /usr/bin/c++ - skipped
-- Detecting CXX compile features
-- Detecting CXX compile features - done
-- Found ament_cmake: 2.0.4 (/opt/ros/iron/share/ament_cmake/cmake)
-- Found Python3: /usr/bin/python3.10 (found version "3.10.12") found components: Interpreter 
-- Found OpenCV: /usr (found version "4.5.4") 
-- Found rclcpp: 21.0.5 (/opt/ros/iron/share/rclcpp/cmake)
-- Found rosidl_generator_c: 4.0.1 (/opt/ros/iron/share/rosidl_generator_c/cmake)
-- Found rosidl_generator_cpp: 4.0.1 (/opt/ros/iron/share/rosidl_generator_cpp/cmake)
-- Using all available rosidl_typesupport_c: rosidl_typesupport_fastrtps_c;rosidl_typesupport_introspection_c
-- Using all available rosidl_typesupport_cpp: rosidl_typesupport_fastrtps_cpp;rosidl_typesupport_introspection_cpp
-- Found rmw_implementation_cmake: 7.1.0 (/opt/ros/iron/share/rmw_implementation_cmake/cmake)
-- Found rmw_fastrtps_cpp: 7.1.3 (/opt/ros/iron/share/rmw_fastrtps_cpp/cmake)
-- Found OpenSSL: /usr/lib/x86_64-linux-gnu/libcrypto.so (found version "3.0.2")  
-- Found FastRTPS: /opt/ros/iron/include  
-- Using RMW implementation 'rmw_fastrtps_cpp' as default
-- Found ament_lint_auto: 0.14.3 (/opt/ros/iron/share/ament_lint_auto/cmake)
-- Added test 'cppcheck' to perform static code analysis on C / C++ code
-- Configured cppcheck include dirs: $<BUILD_INTERFACE:/home/scheidee/sa-mrbt_ws/src/simulator/include>
-- Configured cppcheck exclude dirs and/or files: 
-- Added test 'lint_cmake' to check CMake code style
-- Added test 'uncrustify' to check C / C++ code style
-- Configured uncrustify additional arguments: 
-- Added test 'xmllint' to check XML markup files
-- Configuring done
-- Generating done
-- Build files have been written to: /home/scheidee/sa-mrbt_ws/src/simulator/build/simulator
[ 12%] [32mBuilding CXX object CMakeFiles/sim.dir/src/planners.cpp.o[0m
[ 25%] [32mBuilding CXX object CMakeFiles/sim.dir/src/sim.cpp.o[0m
[ 37%] [32mBuilding CXX object CMakeFiles/sim.dir/src/world.cpp.o[0m
[ 50%] [32mBuilding CXX object CMakeFiles/sim.dir/src/distance.cpp.o[0m
[ 62%] [32mBuilding CXX object CMakeFiles/sim.dir/src/scorer.cpp.o[0m
[ 75%] [32mBuilding CXX object CMakeFiles/sim.dir/src/sensor_model.cpp.o[0m
[ 87%] [32mBuilding CXX object CMakeFiles/sim.dir/src/robot.cpp.o[0m
[100%] [32m[1mLinking CXX executable sim[0m
[100%] Built target sim
-- Install configuration: ""
-- Installing: /home/scheidee/sa-mrbt_ws/src/simulator/install/simulator/lib/simulator/sim
-- Set runtime path of "/home/scheidee/sa-mrbt_ws/src/simulator/install/simulator/lib/simulator/sim" to ""
-- Installing: /home/scheidee/sa-mrbt_ws/src/simulator/install/simulator/share/ament_index/resource_index/package_run_dependencies/simulator
-- Installing: /home/scheidee/sa-mrbt_ws/src/simulator/install/simulator/share/ament_index/resource_index/parent_prefix_path/simulator
-- Installing: /home/scheidee/sa-mrbt_ws/src/simulator/install/simulator/share/simulator/environment/ament_prefix_path.sh
-- Installing: /home/scheidee/sa-mrbt_ws/src/simulator/install/simulator/share/simulator/environment/ament_prefix_path.dsv
-- Installing: /home/scheidee/sa-mrbt_ws/src/simulator/install/simulator/share/simulator/environment/path.sh
-- Installing: /home/scheidee/sa-mrbt_ws/src/simulator/install/simulator/share/simulator/environment/path.dsv
-- Installing: /home/scheidee/sa-mrbt_ws/src/simulator/install/simulator/share/simulator/local_setup.bash
-- Installing: /home/scheidee/sa-mrbt_ws/src/simulator/install/simulator/share/simulator/local_setup.sh
-- Installing: /home/scheidee/sa-mrbt_ws/src/simulator/install/simulator/share/simulator/local_setup.zsh
-- Installing: /home/scheidee/sa-mrbt_ws/src/simulator/install/simulator/share/simulator/local_setup.dsv
-- Installing: /home/scheidee/sa-mrbt_ws/src/simulator/install/simulator/share/simulator/package.dsv
-- Installing: /home/scheidee/sa-mrbt_ws/src/simulator/install/simulator/share/ament_index/resource_index/packages/simulator
-- Installing: /home/scheidee/sa-mrbt_ws/src/simulator/install/simulator/share/simulator/cmake/simulatorConfig.cmake
-- Installing: /home/scheidee/sa-mrbt_ws/src/simulator/install/simulator/share/simulator/cmake/simulatorConfig-version.cmake
-- Installing: /home/scheidee/sa-mrbt_ws/src/simulator/install/simulator/share/simulator/package.xml
