[0.010s] Invoking command in '/home/scheidee/sa-mrbt_ws/src/simulator/build/simulator': CMAKE_PREFIX_PATH=${CMAKE_PREFIX_PATH}:/opt/ros/iron /usr/bin/cmake /home/scheidee/sa-mrbt_ws/src/simulator -DCMAKE_INSTALL_PREFIX=/home/scheidee/sa-mrbt_ws/src/simulator/install/simulator
[0.060s] -- The C compiler identification is GNU 11.4.0
[0.113s] -- The CXX compiler identification is GNU 11.4.0
[0.119s] -- Detecting C compiler ABI info
[0.186s] -- Detecting C compiler ABI info - done
[0.196s] -- Check for working C compiler: /usr/bin/cc - skipped
[0.196s] -- Detecting C compile features
[0.197s] -- Detecting C compile features - done
[0.200s] -- Detecting CXX compiler ABI info
[0.274s] -- Detecting CXX compiler ABI info - done
[0.282s] -- Check for working CXX compiler: /usr/bin/c++ - skipped
[0.282s] -- Detecting CXX compile features
[0.282s] -- Detecting CXX compile features - done
[0.287s] -- Found ament_cmake: 2.0.4 (/opt/ros/iron/share/ament_cmake/cmake)
[0.452s] -- Found Python3: /usr/bin/python3.10 (found version "3.10.12") found components: Interpreter 
[0.548s] -- Found OpenCV: /usr (found version "4.5.4") 
[0.549s] -- Found rclcpp: 21.0.5 (/opt/ros/iron/share/rclcpp/cmake)
[0.590s] -- Found rosidl_generator_c: 4.0.1 (/opt/ros/iron/share/rosidl_generator_c/cmake)
[0.602s] -- Found rosidl_generator_cpp: 4.0.1 (/opt/ros/iron/share/rosidl_generator_cpp/cmake)
[0.619s] -- Using all available rosidl_typesupport_c: rosidl_typesupport_fastrtps_c;rosidl_typesupport_introspection_c
[0.640s] -- Using all available rosidl_typesupport_cpp: rosidl_typesupport_fastrtps_cpp;rosidl_typesupport_introspection_cpp
[0.805s] -- Found rmw_implementation_cmake: 7.1.0 (/opt/ros/iron/share/rmw_implementation_cmake/cmake)
[0.807s] -- Found rmw_fastrtps_cpp: 7.1.3 (/opt/ros/iron/share/rmw_fastrtps_cpp/cmake)
[0.904s] -- Found OpenSSL: /usr/lib/x86_64-linux-gnu/libcrypto.so (found version "3.0.2")  
[0.928s] -- Found FastRTPS: /opt/ros/iron/include  
[0.969s] -- Using RMW implementation 'rmw_fastrtps_cpp' as default
[1.145s] -- Found ament_lint_auto: 0.14.3 (/opt/ros/iron/share/ament_lint_auto/cmake)
[1.234s] -- Added test 'cppcheck' to perform static code analysis on C / C++ code
[1.234s] -- Configured cppcheck include dirs: $<BUILD_INTERFACE:/home/scheidee/sa-mrbt_ws/src/simulator/include>
[1.234s] -- Configured cppcheck exclude dirs and/or files: 
[1.237s] -- Added test 'lint_cmake' to check CMake code style
[1.248s] -- Added test 'uncrustify' to check C / C++ code style
[1.248s] -- Configured uncrustify additional arguments: 
[1.249s] -- Added test 'xmllint' to check XML markup files
[1.251s] -- Configuring done
[1.297s] -- Generating done
[1.299s] -- Build files have been written to: /home/scheidee/sa-mrbt_ws/src/simulator/build/simulator
[1.308s] Invoked command in '/home/scheidee/sa-mrbt_ws/src/simulator/build/simulator' returned '0': CMAKE_PREFIX_PATH=${CMAKE_PREFIX_PATH}:/opt/ros/iron /usr/bin/cmake /home/scheidee/sa-mrbt_ws/src/simulator -DCMAKE_INSTALL_PREFIX=/home/scheidee/sa-mrbt_ws/src/simulator/install/simulator
[1.310s] Invoking command in '/home/scheidee/sa-mrbt_ws/src/simulator/build/simulator': CMAKE_PREFIX_PATH=${CMAKE_PREFIX_PATH}:/opt/ros/iron /usr/bin/cmake --build /home/scheidee/sa-mrbt_ws/src/simulator/build/simulator -- -j8 -l8
[1.372s] [ 12%] [32mBuilding CXX object CMakeFiles/sim.dir/src/planners.cpp.o[0m
[1.373s] [ 25%] [32mBuilding CXX object CMakeFiles/sim.dir/src/sim.cpp.o[0m
[1.373s] [ 37%] [32mBuilding CXX object CMakeFiles/sim.dir/src/world.cpp.o[0m
[1.374s] [ 50%] [32mBuilding CXX object CMakeFiles/sim.dir/src/distance.cpp.o[0m
[1.374s] [ 62%] [32mBuilding CXX object CMakeFiles/sim.dir/src/scorer.cpp.o[0m
[1.374s] [ 75%] [32mBuilding CXX object CMakeFiles/sim.dir/src/sensor_model.cpp.o[0m
[1.375s] [ 87%] [32mBuilding CXX object CMakeFiles/sim.dir/src/robot.cpp.o[0m
[6.779s] [100%] [32m[1mLinking CXX executable sim[0m
[7.338s] [100%] Built target sim
[7.349s] Invoked command in '/home/scheidee/sa-mrbt_ws/src/simulator/build/simulator' returned '0': CMAKE_PREFIX_PATH=${CMAKE_PREFIX_PATH}:/opt/ros/iron /usr/bin/cmake --build /home/scheidee/sa-mrbt_ws/src/simulator/build/simulator -- -j8 -l8
[7.400s] Invoking command in '/home/scheidee/sa-mrbt_ws/src/simulator/build/simulator': CMAKE_PREFIX_PATH=${CMAKE_PREFIX_PATH}:/opt/ros/iron /usr/bin/cmake --install /home/scheidee/sa-mrbt_ws/src/simulator/build/simulator
[7.407s] -- Install configuration: ""
[7.407s] -- Installing: /home/scheidee/sa-mrbt_ws/src/simulator/install/simulator/lib/simulator/sim
[7.407s] -- Set runtime path of "/home/scheidee/sa-mrbt_ws/src/simulator/install/simulator/lib/simulator/sim" to ""
[7.408s] -- Installing: /home/scheidee/sa-mrbt_ws/src/simulator/install/simulator/share/ament_index/resource_index/package_run_dependencies/simulator
[7.408s] -- Installing: /home/scheidee/sa-mrbt_ws/src/simulator/install/simulator/share/ament_index/resource_index/parent_prefix_path/simulator
[7.408s] -- Installing: /home/scheidee/sa-mrbt_ws/src/simulator/install/simulator/share/simulator/environment/ament_prefix_path.sh
[7.408s] -- Installing: /home/scheidee/sa-mrbt_ws/src/simulator/install/simulator/share/simulator/environment/ament_prefix_path.dsv
[7.408s] -- Installing: /home/scheidee/sa-mrbt_ws/src/simulator/install/simulator/share/simulator/environment/path.sh
[7.408s] -- Installing: /home/scheidee/sa-mrbt_ws/src/simulator/install/simulator/share/simulator/environment/path.dsv
[7.408s] -- Installing: /home/scheidee/sa-mrbt_ws/src/simulator/install/simulator/share/simulator/local_setup.bash
[7.408s] -- Installing: /home/scheidee/sa-mrbt_ws/src/simulator/install/simulator/share/simulator/local_setup.sh
[7.409s] -- Installing: /home/scheidee/sa-mrbt_ws/src/simulator/install/simulator/share/simulator/local_setup.zsh
[7.409s] -- Installing: /home/scheidee/sa-mrbt_ws/src/simulator/install/simulator/share/simulator/local_setup.dsv
[7.409s] -- Installing: /home/scheidee/sa-mrbt_ws/src/simulator/install/simulator/share/simulator/package.dsv
[7.409s] -- Installing: /home/scheidee/sa-mrbt_ws/src/simulator/install/simulator/share/ament_index/resource_index/packages/simulator
[7.409s] -- Installing: /home/scheidee/sa-mrbt_ws/src/simulator/install/simulator/share/simulator/cmake/simulatorConfig.cmake
[7.409s] -- Installing: /home/scheidee/sa-mrbt_ws/src/simulator/install/simulator/share/simulator/cmake/simulatorConfig-version.cmake
[7.409s] -- Installing: /home/scheidee/sa-mrbt_ws/src/simulator/install/simulator/share/simulator/package.xml
[7.411s] Invoked command in '/home/scheidee/sa-mrbt_ws/src/simulator/build/simulator' returned '0': CMAKE_PREFIX_PATH=${CMAKE_PREFIX_PATH}:/opt/ros/iron /usr/bin/cmake --install /home/scheidee/sa-mrbt_ws/src/simulator/build/simulator
