[0.006s] Invoking command in '/home/emily/sa-mrbt_ws/build/simulator': CMAKE_PREFIX_PATH=/home/emily/sa-mrbt_ws/install/behaviortree_cpp:/home/emily/sa-mrbt_ws/install/simulator:/opt/ros/iron /usr/bin/cmake --build /home/emily/sa-mrbt_ws/build/simulator -- -j12 -l12
[0.038s] [35m[1mConsolidate compiler generated dependencies of target sim[0m
[0.062s] [  7%] [32mBuilding CXX object CMakeFiles/sim.dir/src/CBGA.cpp.o[0m
[0.062s] [ 15%] [32mBuilding CXX object CMakeFiles/sim.dir/src/behavior_tree.cpp.o[0m
[1.674s] [01m[K/home/emily/sa-mrbt_ws/src/simplified_marine_sim/src/CBGA.cpp:[m[K In member function ‘[01m[Kvoid CBGA::runCBBAresolveConflicts(int, int, int, int, int, double, double, std::unordered_map<int, double>&, std::unordered_map<int, double>&, std::vector<std::vector<double, std::allocator<double> > >&)[m[K’:
[1.674s] [01m[K/home/emily/sa-mrbt_ws/src/simplified_marine_sim/src/CBGA.cpp:1113:23:[m[K [01;31m[Kerror: [m[Kcannot convert ‘[01m[Kint[m[K’ to ‘[01m[Kstd::vector<std::vector<double, std::allocator<double> > >&[m[K’
[1.674s]  1113 |             update(j, [01;31m[Kwinner_kj[m[K, winning_bids_matrix_i);
[1.674s]       |                       [01;31m[K^~~~~~~~~[m[K
[1.674s]       |                       [01;31m[K|[m[K
[1.674s]       |                       [01;31m[Kint[m[K
[1.674s] [01m[K/home/emily/sa-mrbt_ws/src/simplified_marine_sim/src/CBGA.cpp:1062:68:[m[K [01;36m[Knote: [m[K  initializing argument 2 of ‘[01m[Kvoid CBGA::update(int, std::vector<std::vector<double, std::allocator<double> > >&, std::vector<std::vector<double, std::allocator<double> > >&)[m[K’
[1.674s]  1062 | void CBGA::update(int task_id_j, [01;36m[Kstd::vector<std::vector<double>>& winning_bids_matrix_i[m[K, std::vector<std::vector<double>>& winning_bids_matrix_k) {
[1.675s]       |                                  [01;36m[K~~~~~~~~~~~~~~~~~~~~~~~~~~~~~~~~~~^~~~~~~~~~~~~~~~~~~~~[m[K
[1.675s] [01m[K/home/emily/sa-mrbt_ws/src/simplified_marine_sim/src/CBGA.cpp:1117:27:[m[K [01;31m[Kerror: [m[Kcannot convert ‘[01m[Kint[m[K’ to ‘[01m[Kstd::vector<std::vector<double, std::allocator<double> > >&[m[K’
[1.675s]  1117 |                 update(j, [01;31m[Kwinner_kj[m[K, winning_bids_matrix_i);
[1.675s]       |                           [01;31m[K^~~~~~~~~[m[K
[1.675s]       |                           [01;31m[K|[m[K
[1.675s]       |                           [01;31m[Kint[m[K
[1.675s] [01m[K/home/emily/sa-mrbt_ws/src/simplified_marine_sim/src/CBGA.cpp:1062:68:[m[K [01;36m[Knote: [m[K  initializing argument 2 of ‘[01m[Kvoid CBGA::update(int, std::vector<std::vector<double, std::allocator<double> > >&, std::vector<std::vector<double, std::allocator<double> > >&)[m[K’
[1.675s]  1062 | void CBGA::update(int task_id_j, [01;36m[Kstd::vector<std::vector<double>>& winning_bids_matrix_i[m[K, std::vector<std::vector<double>>& winning_bids_matrix_k) {
[1.675s]       |                                  [01;36m[K~~~~~~~~~~~~~~~~~~~~~~~~~~~~~~~~~~^~~~~~~~~~~~~~~~~~~~~[m[K
[1.675s] [01m[K/home/emily/sa-mrbt_ws/src/simplified_marine_sim/src/CBGA.cpp:1127:27:[m[K [01;31m[Kerror: [m[Kcannot convert ‘[01m[Kint[m[K’ to ‘[01m[Kstd::vector<std::vector<double, std::allocator<double> > >&[m[K’
[1.675s]  1127 |                 update(j, [01;31m[Kwinner_kj[m[K, winning_bids_matrix_i);
[1.675s]       |                           [01;31m[K^~~~~~~~~[m[K
[1.675s]       |                           [01;31m[K|[m[K
[1.675s]       |                           [01;31m[Kint[m[K
[1.675s] [01m[K/home/emily/sa-mrbt_ws/src/simplified_marine_sim/src/CBGA.cpp:1062:68:[m[K [01;36m[Knote: [m[K  initializing argument 2 of ‘[01m[Kvoid CBGA::update(int, std::vector<std::vector<double, std::allocator<double> > >&, std::vector<std::vector<double, std::allocator<double> > >&)[m[K’
[1.675s]  1062 | void CBGA::update(int task_id_j, [01;36m[Kstd::vector<std::vector<double>>& winning_bids_matrix_i[m[K, std::vector<std::vector<double>>& winning_bids_matrix_k) {
[1.675s]       |                                  [01;36m[K~~~~~~~~~~~~~~~~~~~~~~~~~~~~~~~~~~^~~~~~~~~~~~~~~~~~~~~[m[K
[1.675s] [01m[K/home/emily/sa-mrbt_ws/src/simplified_marine_sim/src/CBGA.cpp:1131:23:[m[K [01;31m[Kerror: [m[Kcannot convert ‘[01m[Kint[m[K’ to ‘[01m[Kstd::vector<std::vector<double, std::allocator<double> > >&[m[K’
[1.675s]  1131 |             update(j, [01;31m[Kwinner_kj[m[K, winning_bids_matrix_i);
[1.675s]       |                       [01;31m[K^~~~~~~~~[m[K
[1.675s]       |                       [01;31m[K|[m[K
[1.676s]       |                       [01;31m[Kint[m[K
[1.676s] [01m[K/home/emily/sa-mrbt_ws/src/simplified_marine_sim/src/CBGA.cpp:1062:68:[m[K [01;36m[Knote: [m[K  initializing argument 2 of ‘[01m[Kvoid CBGA::update(int, std::vector<std::vector<double, std::allocator<double> > >&, std::vector<std::vector<double, std::allocator<double> > >&)[m[K’
[1.676s]  1062 | void CBGA::update(int task_id_j, [01;36m[Kstd::vector<std::vector<double>>& winning_bids_matrix_i[m[K, std::vector<std::vector<double>>& winning_bids_matrix_k) {
[1.676s]       |                                  [01;36m[K~~~~~~~~~~~~~~~~~~~~~~~~~~~~~~~~~~^~~~~~~~~~~~~~~~~~~~~[m[K
[1.676s] [01m[K/home/emily/sa-mrbt_ws/src/simplified_marine_sim/src/CBGA.cpp:1138:27:[m[K [01;31m[Kerror: [m[Kcannot convert ‘[01m[Kint[m[K’ to ‘[01m[Kstd::vector<std::vector<double, std::allocator<double> > >&[m[K’
[1.676s]  1138 |                 update(j, [01;31m[Kwinner_kj[m[K, winning_bids_matrix_i);
[1.676s]       |                           [01;31m[K^~~~~~~~~[m[K
[1.676s]       |                           [01;31m[K|[m[K
[1.676s]       |                           [01;31m[Kint[m[K
[1.676s] [01m[K/home/emily/sa-mrbt_ws/src/simplified_marine_sim/src/CBGA.cpp:1062:68:[m[K [01;36m[Knote: [m[K  initializing argument 2 of ‘[01m[Kvoid CBGA::update(int, std::vector<std::vector<double, std::allocator<double> > >&, std::vector<std::vector<double, std::allocator<double> > >&)[m[K’
[1.676s]  1062 | void CBGA::update(int task_id_j, [01;36m[Kstd::vector<std::vector<double>>& winning_bids_matrix_i[m[K, std::vector<std::vector<double>>& winning_bids_matrix_k) {
[1.676s]       |                                  [01;36m[K~~~~~~~~~~~~~~~~~~~~~~~~~~~~~~~~~~^~~~~~~~~~~~~~~~~~~~~[m[K
[1.679s] [01m[K/home/emily/sa-mrbt_ws/src/simplified_marine_sim/src/CBGA.cpp:1144:22:[m[K [01;31m[Kerror: [m[K‘[01m[Kwinners_i[m[K’ was not declared in this scope; did you mean ‘[01m[Kwinner_ij[m[K’?
[1.679s]  1144 |             reset(j, [01;31m[Kwinners_i[m[K, winning_bids_i);
[1.679s]       |                      [01;31m[K^~~~~~~~~[m[K
[1.679s]       |                      [32m[Kwinner_ij[m[K
[1.683s] [01m[K/home/emily/sa-mrbt_ws/src/simplified_marine_sim/src/CBGA.cpp:1144:33:[m[K [01;31m[Kerror: [m[K‘[01m[Kwinning_bids_i[m[K’ was not declared in this scope; did you mean ‘[01m[Kwinning_bid_ij[m[K’?
[1.683s]  1144 |             reset(j, winners_i, [01;31m[Kwinning_bids_i[m[K);
[1.683s]       |                                 [01;31m[K^~~~~~~~~~~~~~[m[K
[1.683s]       |                                 [32m[Kwinning_bid_ij[m[K
[1.683s] [01m[K/home/emily/sa-mrbt_ws/src/simplified_marine_sim/src/CBGA.cpp:1157:27:[m[K [01;31m[Kerror: [m[Kcannot convert ‘[01m[Kint[m[K’ to ‘[01m[Kstd::vector<std::vector<double, std::allocator<double> > >&[m[K’
[1.684s]  1157 |                 update(j, [01;31m[Kwinner_kj[m[K, winning_bids_matrix_i);
[1.684s]       |                           [01;31m[K^~~~~~~~~[m[K
[1.684s]       |                           [01;31m[K|[m[K
[1.684s]       |                           [01;31m[Kint[m[K
[1.684s] [01m[K/home/emily/sa-mrbt_ws/src/simplified_marine_sim/src/CBGA.cpp:1062:68:[m[K [01;36m[Knote: [m[K  initializing argument 2 of ‘[01m[Kvoid CBGA::update(int, std::vector<std::vector<double, std::allocator<double> > >&, std::vector<std::vector<double, std::allocator<double> > >&)[m[K’
[1.684s]  1062 | void CBGA::update(int task_id_j, [01;36m[Kstd::vector<std::vector<double>>& winning_bids_matrix_i[m[K, std::vector<std::vector<double>>& winning_bids_matrix_k) {
[1.684s]       |                                  [01;36m[K~~~~~~~~~~~~~~~~~~~~~~~~~~~~~~~~~~^~~~~~~~~~~~~~~~~~~~~[m[K
[1.684s] [01m[K/home/emily/sa-mrbt_ws/src/simplified_marine_sim/src/CBGA.cpp:1161:27:[m[K [01;31m[Kerror: [m[Kcannot convert ‘[01m[Kint[m[K’ to ‘[01m[Kstd::vector<std::vector<double, std::allocator<double> > >&[m[K’
[1.684s]  1161 |                 update(j, [01;31m[Kwinner_kj[m[K, winning_bids_matrix_i);;
[1.684s]       |                           [01;31m[K^~~~~~~~~[m[K
[1.684s]       |                           [01;31m[K|[m[K
[1.684s]       |                           [01;31m[Kint[m[K
[1.684s] [01m[K/home/emily/sa-mrbt_ws/src/simplified_marine_sim/src/CBGA.cpp:1062:68:[m[K [01;36m[Knote: [m[K  initializing argument 2 of ‘[01m[Kvoid CBGA::update(int, std::vector<std::vector<double, std::allocator<double> > >&, std::vector<std::vector<double, std::allocator<double> > >&)[m[K’
[1.684s]  1062 | void CBGA::update(int task_id_j, [01;36m[Kstd::vector<std::vector<double>>& winning_bids_matrix_i[m[K, std::vector<std::vector<double>>& winning_bids_matrix_k) {
[1.684s]       |                                  [01;36m[K~~~~~~~~~~~~~~~~~~~~~~~~~~~~~~~~~~^~~~~~~~~~~~~~~~~~~~~[m[K
[1.684s] [01m[K/home/emily/sa-mrbt_ws/src/simplified_marine_sim/src/CBGA.cpp:1167:27:[m[K [01;31m[Kerror: [m[Kcannot convert ‘[01m[Kint[m[K’ to ‘[01m[Kstd::vector<std::vector<double, std::allocator<double> > >&[m[K’
[1.684s]  1167 |                 update(j, [01;31m[Kwinner_kj[m[K, winning_bids_matrix_i);;
[1.684s]       |                           [01;31m[K^~~~~~~~~[m[K
[1.685s]       |                           [01;31m[K|[m[K
[1.685s]       |                           [01;31m[Kint[m[K
[1.685s] [01m[K/home/emily/sa-mrbt_ws/src/simplified_marine_sim/src/CBGA.cpp:1062:68:[m[K [01;36m[Knote: [m[K  initializing argument 2 of ‘[01m[Kvoid CBGA::update(int, std::vector<std::vector<double, std::allocator<double> > >&, std::vector<std::vector<double, std::allocator<double> > >&)[m[K’
[1.685s]  1062 | void CBGA::update(int task_id_j, [01;36m[Kstd::vector<std::vector<double>>& winning_bids_matrix_i[m[K, std::vector<std::vector<double>>& winning_bids_matrix_k) {
[1.685s]       |                                  [01;36m[K~~~~~~~~~~~~~~~~~~~~~~~~~~~~~~~~~~^~~~~~~~~~~~~~~~~~~~~[m[K
[1.685s] [01m[K/home/emily/sa-mrbt_ws/src/simplified_marine_sim/src/CBGA.cpp:1173:27:[m[K [01;31m[Kerror: [m[Kcannot convert ‘[01m[Kint[m[K’ to ‘[01m[Kstd::vector<std::vector<double, std::allocator<double> > >&[m[K’
[1.685s]  1173 |                 update(j, [01;31m[Kwinner_kj[m[K, winning_bids_matrix_i);
[1.685s]       |                           [01;31m[K^~~~~~~~~[m[K
[1.685s]       |                           [01;31m[K|[m[K
[1.685s]       |                           [01;31m[Kint[m[K
[1.685s] [01m[K/home/emily/sa-mrbt_ws/src/simplified_marine_sim/src/CBGA.cpp:1062:68:[m[K [01;36m[Knote: [m[K  initializing argument 2 of ‘[01m[Kvoid CBGA::update(int, std::vector<std::vector<double, std::allocator<double> > >&, std::vector<std::vector<double, std::allocator<double> > >&)[m[K’
[1.685s]  1062 | void CBGA::update(int task_id_j, [01;36m[Kstd::vector<std::vector<double>>& winning_bids_matrix_i[m[K, std::vector<std::vector<double>>& winning_bids_matrix_k) {
[1.685s]       |                                  [01;36m[K~~~~~~~~~~~~~~~~~~~~~~~~~~~~~~~~~~^~~~~~~~~~~~~~~~~~~~~[m[K
[1.685s] [01m[K/home/emily/sa-mrbt_ws/src/simplified_marine_sim/src/CBGA.cpp:1181:23:[m[K [01;31m[Kerror: [m[Kcannot convert ‘[01m[Kint[m[K’ to ‘[01m[Kstd::vector<std::vector<double, std::allocator<double> > >&[m[K’
[1.685s]  1181 |             update(j, [01;31m[Kwinner_kj[m[K, winning_bids_matrix_i);
[1.685s]       |                       [01;31m[K^~~~~~~~~[m[K
[1.685s]       |                       [01;31m[K|[m[K
[1.685s]       |                       [01;31m[Kint[m[K
[1.685s] [01m[K/home/emily/sa-mrbt_ws/src/simplified_marine_sim/src/CBGA.cpp:1062:68:[m[K [01;36m[Knote: [m[K  initializing argument 2 of ‘[01m[Kvoid CBGA::update(int, std::vector<std::vector<double, std::allocator<double> > >&, std::vector<std::vector<double, std::allocator<double> > >&)[m[K’
[1.685s]  1062 | void CBGA::update(int task_id_j, [01;36m[Kstd::vector<std::vector<double>>& winning_bids_matrix_i[m[K, std::vector<std::vector<double>>& winning_bids_matrix_k) {
[1.685s]       |                                  [01;36m[K~~~~~~~~~~~~~~~~~~~~~~~~~~~~~~~~~~^~~~~~~~~~~~~~~~~~~~~[m[K
[1.686s] [01m[K/home/emily/sa-mrbt_ws/src/simplified_marine_sim/src/CBGA.cpp:1185:27:[m[K [01;31m[Kerror: [m[Kcannot convert ‘[01m[Kint[m[K’ to ‘[01m[Kstd::vector<std::vector<double, std::allocator<double> > >&[m[K’
[1.686s]  1185 |                 update(j, [01;31m[Kwinner_kj[m[K, winning_bids_matrix_i);
[1.686s]       |                           [01;31m[K^~~~~~~~~[m[K
[1.686s]       |                           [01;31m[K|[m[K
[1.686s]       |                           [01;31m[Kint[m[K
[1.686s] [01m[K/home/emily/sa-mrbt_ws/src/simplified_marine_sim/src/CBGA.cpp:1062:68:[m[K [01;36m[Knote: [m[K  initializing argument 2 of ‘[01m[Kvoid CBGA::update(int, std::vector<std::vector<double, std::allocator<double> > >&, std::vector<std::vector<double, std::allocator<double> > >&)[m[K’
[1.686s]  1062 | void CBGA::update(int task_id_j, [01;36m[Kstd::vector<std::vector<double>>& winning_bids_matrix_i[m[K, std::vector<std::vector<double>>& winning_bids_matrix_k) {
[1.686s]       |                                  [01;36m[K~~~~~~~~~~~~~~~~~~~~~~~~~~~~~~~~~~^~~~~~~~~~~~~~~~~~~~~[m[K
[1.686s] [01m[K/home/emily/sa-mrbt_ws/src/simplified_marine_sim/src/CBGA.cpp:[m[K In member function ‘[01m[Kvoid CBGA::resolveConflicts(bool)[m[K’:
[1.686s] [01m[K/home/emily/sa-mrbt_ws/src/simplified_marine_sim/src/CBGA.cpp:1274:40:[m[K [01;31m[Kerror: [m[Kno matching function for call to ‘[01m[KCBGA::runCBBAresolveConflicts(int&, int&, int&, int&, double&, double&, std::unordered_map<int, double>&, std::unordered_map<int, double>&, std::vector<std::vector<double, std::allocator<double> > >&)[m[K’
[1.686s]  1274 |                 [01;31m[KrunCBBAresolveConflicts(id_i, id_k, winner_ij, winner_kj, winning_bid_ij, winning_bid_kj, timestamps_i, timestamps_k, winning_bids_matrix_i)[m[K;
[1.686s]       |                 [01;31m[K~~~~~~~~~~~~~~~~~~~~~~~^~~~~~~~~~~~~~~~~~~~~~~~~~~~~~~~~~~~~~~~~~~~~~~~~~~~~~~~~~~~~~~~~~~~~~~~~~~~~~~~~~~~~~~~~~~~~~~~~~~~~~~~~~~~~~~~~~~~~[m[K
[1.686s] [01m[K/home/emily/sa-mrbt_ws/src/simplified_marine_sim/src/CBGA.cpp:1090:6:[m[K [01;36m[Knote: [m[Kcandidate: ‘[01m[Kvoid CBGA::runCBBAresolveConflicts(int, int, int, int, int, double, double, std::unordered_map<int, double>&, std::unordered_map<int, double>&, std::vector<std::vector<double, std::allocator<double> > >&)[m[K’
[1.686s]  1090 | void [01;36m[KCBGA[m[K::runCBBAresolveConflicts(int j, int id_i, int id_k, int winner_ij, int winner_kj, double winning_bid_ij, double winning_bid_kj,
[1.686s]       |      [01;36m[K^~~~[m[K
[1.686s] [01m[K/home/emily/sa-mrbt_ws/src/simplified_marine_sim/src/CBGA.cpp:1090:6:[m[K [01;36m[Knote: [m[K  candidate expects 10 arguments, 9 provided
[2.503s] gmake[2]: *** [CMakeFiles/sim.dir/build.make:104: CMakeFiles/sim.dir/src/CBGA.cpp.o] Error 1
[2.503s] gmake[2]: *** Waiting for unfinished jobs....
[3.684s] gmake[1]: *** [CMakeFiles/Makefile2:137: CMakeFiles/sim.dir/all] Error 2
[3.684s] gmake: *** [Makefile:146: all] Error 2
[3.685s] Invoked command in '/home/emily/sa-mrbt_ws/build/simulator' returned '2': CMAKE_PREFIX_PATH=/home/emily/sa-mrbt_ws/install/behaviortree_cpp:/home/emily/sa-mrbt_ws/install/simulator:/opt/ros/iron /usr/bin/cmake --build /home/emily/sa-mrbt_ws/build/simulator -- -j12 -l12
