[0.007s] Invoking command in '/home/emily/sa-mrbt_ws/build/simulator': CMAKE_PREFIX_PATH=/home/emily/sa-mrbt_ws/install/behaviortree_cpp:/home/emily/sa-mrbt_ws/install/simulator:/opt/ros/iron /usr/bin/cmake --build /home/emily/sa-mrbt_ws/build/simulator -- -j12 -l12
[0.037s] [35m[1mConsolidate compiler generated dependencies of target sim[0m
[0.059s] [  7%] [32mBuilding CXX object CMakeFiles/sim.dir/src/CBGA.cpp.o[0m
[0.060s] [ 15%] [32mBuilding CXX object CMakeFiles/sim.dir/src/behavior_tree.cpp.o[0m
[1.674s] [01m[K/home/emily/sa-mrbt_ws/src/simplified_marine_sim/src/CBGA.cpp:[m[K In member function ‘[01m[Kvoid CBGA::runCBBAresolveConflicts(int, int, int, int, double, double, std::unordered_map<int, double>&, std::unordered_map<int, double>&)[m[K’:
[1.674s] [01m[K/home/emily/sa-mrbt_ws/src/simplified_marine_sim/src/CBGA.cpp:1110:20:[m[K [01;31m[Kerror: [m[K‘[01m[Kj[m[K’ was not declared in this scope; did you mean ‘[01m[Kjn[m[K’?
[1.674s]  1110 |             update([01;31m[Kj[m[K, winner_kj, winning_bids_matrix_i);
[1.674s]       |                    [01;31m[K^[m[K
[1.674s]       |                    [32m[Kjn[m[K
[1.680s] [01m[K/home/emily/sa-mrbt_ws/src/simplified_marine_sim/src/CBGA.cpp:1110:34:[m[K [01;31m[Kerror: [m[K‘[01m[Kwinning_bids_matrix_i[m[K’ was not declared in this scope
[1.681s]  1110 |             update(j, winner_kj, [01;31m[Kwinning_bids_matrix_i[m[K);
[1.681s]       |                                  [01;31m[K^~~~~~~~~~~~~~~~~~~~~[m[K
[1.684s] [01m[K/home/emily/sa-mrbt_ws/src/simplified_marine_sim/src/CBGA.cpp:1114:24:[m[K [01;31m[Kerror: [m[K‘[01m[Kj[m[K’ was not declared in this scope; did you mean ‘[01m[Kjn[m[K’?
[1.684s]  1114 |                 update([01;31m[Kj[m[K, winner_kj, winning_bids_matrix_i);
[1.684s]       |                        [01;31m[K^[m[K
[1.684s]       |                        [32m[Kjn[m[K
[1.690s] [01m[K/home/emily/sa-mrbt_ws/src/simplified_marine_sim/src/CBGA.cpp:1114:38:[m[K [01;31m[Kerror: [m[K‘[01m[Kwinning_bids_matrix_i[m[K’ was not declared in this scope
[1.690s]  1114 |                 update(j, winner_kj, [01;31m[Kwinning_bids_matrix_i[m[K);
[1.690s]       |                                      [01;31m[K^~~~~~~~~~~~~~~~~~~~~[m[K
[1.693s] [01m[K/home/emily/sa-mrbt_ws/src/simplified_marine_sim/src/CBGA.cpp:1124:24:[m[K [01;31m[Kerror: [m[K‘[01m[Kj[m[K’ was not declared in this scope; did you mean ‘[01m[Kjn[m[K’?
[1.693s]  1124 |                 update([01;31m[Kj[m[K, winner_kj, winning_bids_matrix_i);
[1.693s]       |                        [01;31m[K^[m[K
[1.693s]       |                        [32m[Kjn[m[K
[1.699s] [01m[K/home/emily/sa-mrbt_ws/src/simplified_marine_sim/src/CBGA.cpp:1124:38:[m[K [01;31m[Kerror: [m[K‘[01m[Kwinning_bids_matrix_i[m[K’ was not declared in this scope
[1.699s]  1124 |                 update(j, winner_kj, [01;31m[Kwinning_bids_matrix_i[m[K);
[1.699s]       |                                      [01;31m[K^~~~~~~~~~~~~~~~~~~~~[m[K
[1.701s] [01m[K/home/emily/sa-mrbt_ws/src/simplified_marine_sim/src/CBGA.cpp:1128:20:[m[K [01;31m[Kerror: [m[K‘[01m[Kj[m[K’ was not declared in this scope; did you mean ‘[01m[Kjn[m[K’?
[1.702s]  1128 |             update([01;31m[Kj[m[K, winner_kj, winning_bids_matrix_i);
[1.702s]       |                    [01;31m[K^[m[K
[1.702s]       |                    [32m[Kjn[m[K
[1.707s] [01m[K/home/emily/sa-mrbt_ws/src/simplified_marine_sim/src/CBGA.cpp:1128:34:[m[K [01;31m[Kerror: [m[K‘[01m[Kwinning_bids_matrix_i[m[K’ was not declared in this scope
[1.707s]  1128 |             update(j, winner_kj, [01;31m[Kwinning_bids_matrix_i[m[K);
[1.707s]       |                                  [01;31m[K^~~~~~~~~~~~~~~~~~~~~[m[K
[1.712s] [01m[K/home/emily/sa-mrbt_ws/src/simplified_marine_sim/src/CBGA.cpp:1133:42:[m[K [01;31m[Kerror: [m[K‘[01m[Kwinning_bids_k[m[K’ was not declared in this scope; did you mean ‘[01m[Kwinning_bid_kj[m[K’?
[1.712s]  1133 |             if (ts_k_m(m) > ts_i_m(m) || [01;31m[Kwinning_bids_k[m[K[j] > winning_bids_i[j]) {
[1.712s]       |                                          [01;31m[K^~~~~~~~~~~~~~[m[K
[1.712s]       |                                          [32m[Kwinning_bid_kj[m[K
[1.714s] [01m[K/home/emily/sa-mrbt_ws/src/simplified_marine_sim/src/CBGA.cpp:1133:57:[m[K [01;31m[Kerror: [m[K‘[01m[Kj[m[K’ was not declared in this scope; did you mean ‘[01m[Kjn[m[K’?
[1.714s]  1133 |             if (ts_k_m(m) > ts_i_m(m) || winning_bids_k[[01;31m[Kj[m[K] > winning_bids_i[j]) {
[1.714s]       |                                                         [01;31m[K^[m[K
[1.714s]       |                                                         [32m[Kjn[m[K
[1.718s] [01m[K/home/emily/sa-mrbt_ws/src/simplified_marine_sim/src/CBGA.cpp:1133:62:[m[K [01;31m[Kerror: [m[K‘[01m[Kwinning_bids_i[m[K’ was not declared in this scope; did you mean ‘[01m[Kwinning_bid_ij[m[K’?
[1.718s]  1133 |             if (ts_k_m(m) > ts_i_m(m) || winning_bids_k[j] > [01;31m[Kwinning_bids_i[m[K[j]) {
[1.718s]       |                                                              [01;31m[K^~~~~~~~~~~~~~[m[K
[1.718s]       |                                                              [32m[Kwinning_bid_ij[m[K
[1.724s] [01m[K/home/emily/sa-mrbt_ws/src/simplified_marine_sim/src/CBGA.cpp:1135:38:[m[K [01;31m[Kerror: [m[K‘[01m[Kwinning_bids_matrix_i[m[K’ was not declared in this scope
[1.724s]  1135 |                 update(j, winner_kj, [01;31m[Kwinning_bids_matrix_i[m[K);
[1.724s]       |                                      [01;31m[K^~~~~~~~~~~~~~~~~~~~~[m[K
[1.727s] [01m[K/home/emily/sa-mrbt_ws/src/simplified_marine_sim/src/CBGA.cpp:1141:19:[m[K [01;31m[Kerror: [m[K‘[01m[Kj[m[K’ was not declared in this scope; did you mean ‘[01m[Kjn[m[K’?
[1.727s]  1141 |             reset([01;31m[Kj[m[K, winners_i, winning_bids_i);
[1.727s]       |                   [01;31m[K^[m[K
[1.727s]       |                   [32m[Kjn[m[K
[1.731s] [01m[K/home/emily/sa-mrbt_ws/src/simplified_marine_sim/src/CBGA.cpp:1141:22:[m[K [01;31m[Kerror: [m[K‘[01m[Kwinners_i[m[K’ was not declared in this scope; did you mean ‘[01m[Kwinner_ij[m[K’?
[1.731s]  1141 |             reset(j, [01;31m[Kwinners_i[m[K, winning_bids_i);
[1.731s]       |                      [01;31m[K^~~~~~~~~[m[K
[1.731s]       |                      [32m[Kwinner_ij[m[K
[1.735s] [01m[K/home/emily/sa-mrbt_ws/src/simplified_marine_sim/src/CBGA.cpp:1141:33:[m[K [01;31m[Kerror: [m[K‘[01m[Kwinning_bids_i[m[K’ was not declared in this scope; did you mean ‘[01m[Kwinning_bid_ij[m[K’?
[1.735s]  1141 |             reset(j, winners_i, [01;31m[Kwinning_bids_i[m[K);
[1.735s]       |                                 [01;31m[K^~~~~~~~~~~~~~[m[K
[1.735s]       |                                 [32m[Kwinning_bid_ij[m[K
[1.738s] [01m[K/home/emily/sa-mrbt_ws/src/simplified_marine_sim/src/CBGA.cpp:1145:23:[m[K [01;31m[Kerror: [m[K‘[01m[Kj[m[K’ was not declared in this scope; did you mean ‘[01m[Kjn[m[K’?
[1.738s]  1145 |                 reset([01;31m[Kj[m[K, winning_bids_matrix_i);
[1.738s]       |                       [01;31m[K^[m[K
[1.738s]       |                       [32m[Kjn[m[K
[1.743s] [01m[K/home/emily/sa-mrbt_ws/src/simplified_marine_sim/src/CBGA.cpp:1145:26:[m[K [01;31m[Kerror: [m[K‘[01m[Kwinning_bids_matrix_i[m[K’ was not declared in this scope
[1.743s]  1145 |                 reset(j, [01;31m[Kwinning_bids_matrix_i[m[K);
[1.743s]       |                          [01;31m[K^~~~~~~~~~~~~~~~~~~~~[m[K
[1.746s] [01m[K/home/emily/sa-mrbt_ws/src/simplified_marine_sim/src/CBGA.cpp:1154:24:[m[K [01;31m[Kerror: [m[K‘[01m[Kj[m[K’ was not declared in this scope; did you mean ‘[01m[Kjn[m[K’?
[1.746s]  1154 |                 update([01;31m[Kj[m[K, winner_kj, winning_bids_matrix_i);
[1.746s]       |                        [01;31m[K^[m[K
[1.746s]       |                        [32m[Kjn[m[K
[1.752s] [01m[K/home/emily/sa-mrbt_ws/src/simplified_marine_sim/src/CBGA.cpp:1154:38:[m[K [01;31m[Kerror: [m[K‘[01m[Kwinning_bids_matrix_i[m[K’ was not declared in this scope
[1.752s]  1154 |                 update(j, winner_kj, [01;31m[Kwinning_bids_matrix_i[m[K);
[1.752s]       |                                      [01;31m[K^~~~~~~~~~~~~~~~~~~~~[m[K
[1.755s] [01m[K/home/emily/sa-mrbt_ws/src/simplified_marine_sim/src/CBGA.cpp:1158:24:[m[K [01;31m[Kerror: [m[K‘[01m[Kj[m[K’ was not declared in this scope; did you mean ‘[01m[Kjn[m[K’?
[1.755s]  1158 |                 update([01;31m[Kj[m[K, winner_kj, winning_bids_matrix_i);;
[1.755s]       |                        [01;31m[K^[m[K
[1.755s]       |                        [32m[Kjn[m[K
[1.761s] [01m[K/home/emily/sa-mrbt_ws/src/simplified_marine_sim/src/CBGA.cpp:1158:38:[m[K [01;31m[Kerror: [m[K‘[01m[Kwinning_bids_matrix_i[m[K’ was not declared in this scope
[1.761s]  1158 |                 update(j, winner_kj, [01;31m[Kwinning_bids_matrix_i[m[K);;
[1.761s]       |                                      [01;31m[K^~~~~~~~~~~~~~~~~~~~~[m[K
[1.763s] [01m[K/home/emily/sa-mrbt_ws/src/simplified_marine_sim/src/CBGA.cpp:1160:23:[m[K [01;31m[Kerror: [m[K‘[01m[Kj[m[K’ was not declared in this scope; did you mean ‘[01m[Kjn[m[K’?
[1.763s]  1160 |                 reset([01;31m[Kj[m[K, winning_bids_matrix_i);
[1.763s]       |                       [01;31m[K^[m[K
[1.763s]       |                       [32m[Kjn[m[K
[1.769s] [01m[K/home/emily/sa-mrbt_ws/src/simplified_marine_sim/src/CBGA.cpp:1160:26:[m[K [01;31m[Kerror: [m[K‘[01m[Kwinning_bids_matrix_i[m[K’ was not declared in this scope
[1.769s]  1160 |                 reset(j, [01;31m[Kwinning_bids_matrix_i[m[K);
[1.769s]       |                          [01;31m[K^~~~~~~~~~~~~~~~~~~~~[m[K
[1.772s] [01m[K/home/emily/sa-mrbt_ws/src/simplified_marine_sim/src/CBGA.cpp:1164:24:[m[K [01;31m[Kerror: [m[K‘[01m[Kj[m[K’ was not declared in this scope; did you mean ‘[01m[Kjn[m[K’?
[1.772s]  1164 |                 update([01;31m[Kj[m[K, winner_kj, winning_bids_matrix_i);;
[1.772s]       |                        [01;31m[K^[m[K
[1.772s]       |                        [32m[Kjn[m[K
[1.777s] [01m[K/home/emily/sa-mrbt_ws/src/simplified_marine_sim/src/CBGA.cpp:1164:38:[m[K [01;31m[Kerror: [m[K‘[01m[Kwinning_bids_matrix_i[m[K’ was not declared in this scope
[1.778s]  1164 |                 update(j, winner_kj, [01;31m[Kwinning_bids_matrix_i[m[K);;
[1.778s]       |                                      [01;31m[K^~~~~~~~~~~~~~~~~~~~~[m[K
[1.781s] [01m[K/home/emily/sa-mrbt_ws/src/simplified_marine_sim/src/CBGA.cpp:1170:24:[m[K [01;31m[Kerror: [m[K‘[01m[Kj[m[K’ was not declared in this scope; did you mean ‘[01m[Kjn[m[K’?
[1.781s]  1170 |                 update([01;31m[Kj[m[K, winner_kj, winning_bids_matrix_i);
[1.781s]       |                        [01;31m[K^[m[K
[1.781s]       |                        [32m[Kjn[m[K
[1.786s] [01m[K/home/emily/sa-mrbt_ws/src/simplified_marine_sim/src/CBGA.cpp:1170:38:[m[K [01;31m[Kerror: [m[K‘[01m[Kwinning_bids_matrix_i[m[K’ was not declared in this scope
[1.786s]  1170 |                 update(j, winner_kj, [01;31m[Kwinning_bids_matrix_i[m[K);
[1.786s]       |                                      [01;31m[K^~~~~~~~~~~~~~~~~~~~~[m[K
[1.789s] [01m[K/home/emily/sa-mrbt_ws/src/simplified_marine_sim/src/CBGA.cpp:1172:23:[m[K [01;31m[Kerror: [m[K‘[01m[Kj[m[K’ was not declared in this scope; did you mean ‘[01m[Kjn[m[K’?
[1.789s]  1172 |                 reset([01;31m[Kj[m[K, winning_bids_matrix_i);
[1.789s]       |                       [01;31m[K^[m[K
[1.789s]       |                       [32m[Kjn[m[K
[1.795s] [01m[K/home/emily/sa-mrbt_ws/src/simplified_marine_sim/src/CBGA.cpp:1172:26:[m[K [01;31m[Kerror: [m[K‘[01m[Kwinning_bids_matrix_i[m[K’ was not declared in this scope
[1.795s]  1172 |                 reset(j, [01;31m[Kwinning_bids_matrix_i[m[K);
[1.795s]       |                          [01;31m[K^~~~~~~~~~~~~~~~~~~~~[m[K
[1.797s] [01m[K/home/emily/sa-mrbt_ws/src/simplified_marine_sim/src/CBGA.cpp:1178:20:[m[K [01;31m[Kerror: [m[K‘[01m[Kj[m[K’ was not declared in this scope; did you mean ‘[01m[Kjn[m[K’?
[1.797s]  1178 |             update([01;31m[Kj[m[K, winner_kj, winning_bids_matrix_i);
[1.797s]       |                    [01;31m[K^[m[K
[1.798s]       |                    [32m[Kjn[m[K
[1.803s] [01m[K/home/emily/sa-mrbt_ws/src/simplified_marine_sim/src/CBGA.cpp:1178:34:[m[K [01;31m[Kerror: [m[K‘[01m[Kwinning_bids_matrix_i[m[K’ was not declared in this scope
[1.803s]  1178 |             update(j, winner_kj, [01;31m[Kwinning_bids_matrix_i[m[K);
[1.803s]       |                                  [01;31m[K^~~~~~~~~~~~~~~~~~~~~[m[K
[1.806s] [01m[K/home/emily/sa-mrbt_ws/src/simplified_marine_sim/src/CBGA.cpp:1182:24:[m[K [01;31m[Kerror: [m[K‘[01m[Kj[m[K’ was not declared in this scope; did you mean ‘[01m[Kjn[m[K’?
[1.806s]  1182 |                 update([01;31m[Kj[m[K, winner_kj, winning_bids_matrix_i);
[1.806s]       |                        [01;31m[K^[m[K
[1.806s]       |                        [32m[Kjn[m[K
[1.811s] [01m[K/home/emily/sa-mrbt_ws/src/simplified_marine_sim/src/CBGA.cpp:1182:38:[m[K [01;31m[Kerror: [m[K‘[01m[Kwinning_bids_matrix_i[m[K’ was not declared in this scope
[1.811s]  1182 |                 update(j, winner_kj, [01;31m[Kwinning_bids_matrix_i[m[K);
[1.811s]       |                                      [01;31m[K^~~~~~~~~~~~~~~~~~~~~[m[K
[2.621s] gmake[2]: *** [CMakeFiles/sim.dir/build.make:104: CMakeFiles/sim.dir/src/CBGA.cpp.o] Error 1
[2.621s] gmake[2]: *** Waiting for unfinished jobs....
[3.618s] gmake[1]: *** [CMakeFiles/Makefile2:137: CMakeFiles/sim.dir/all] Error 2
[3.618s] gmake: *** [Makefile:146: all] Error 2
[3.620s] Invoked command in '/home/emily/sa-mrbt_ws/build/simulator' returned '2': CMAKE_PREFIX_PATH=/home/emily/sa-mrbt_ws/install/behaviortree_cpp:/home/emily/sa-mrbt_ws/install/simulator:/opt/ros/iron /usr/bin/cmake --build /home/emily/sa-mrbt_ws/build/simulator -- -j12 -l12
