[01m[K/home/emily/sa-mrbt_ws/src/simplified_marine_sim/src/world.cpp:[m[K In member function ‘[01m[Kstd::unordered_map<int, TaskInfo> World::initAllTasksInfo()[m[K’:
[01m[K/home/emily/sa-mrbt_ws/src/simplified_marine_sim/src/world.cpp:228:13:[m[K [01;31m[Kerror: [m[Kcannot convert ‘[01m[Kstd::vector<std::__cxx11::basic_string<char> >[m[K’ to ‘[01m[Kint[m[K’ in initialization
  228 |             [01;31m[Ksub_tasks[m[K, // std::vector<std::string>
      |             [01;31m[K^~~~~~~~~[m[K
      |             [01;31m[K|[m[K
      |             [01;31m[Kstd::vector<std::__cxx11::basic_string<char> >[m[K
[01m[K/home/emily/sa-mrbt_ws/src/simplified_marine_sim/src/world.cpp:[m[K In member function ‘[01m[Kstd::unordered_map<int, TaskInfo> World::initAllSubTasksInfo()[m[K’:
[01m[K/home/emily/sa-mrbt_ws/src/simplified_marine_sim/src/world.cpp:275:13:[m[K [01;31m[Kerror: [m[Kcannot convert ‘[01m[Kstd::unordered_map<std::__cxx11::basic_string<char>, int>[m[K’ to ‘[01m[Kint[m[K’ in initialization
  275 |             [01;31m[Kgroup_info[m[K, // <std::unordered_map<std::string, int>>
      |             [01;31m[K^~~~~~~~~~[m[K
      |             [01;31m[K|[m[K
      |             [01;31m[Kstd::unordered_map<std::__cxx11::basic_string<char>, int>[m[K
[01m[K/home/emily/sa-mrbt_ws/src/simplified_marine_sim/src/world.cpp:[m[K In member function ‘[01m[Kint& World::getTaskGroupSize(int)[m[K’:
[01m[K/home/emily/sa-mrbt_ws/src/simplified_marine_sim/src/world.cpp:334:22:[m[K [01;31m[Kerror: [m[K‘[01m[Kstruct TaskInfo[m[K’ has no member named ‘[01m[Kgroup_size[m[K’
  334 |     return task_info.[01;31m[Kgroup_size[m[K;
      |                      [01;31m[K^~~~~~~~~~[m[K
[01m[K/home/emily/sa-mrbt_ws/src/simplified_marine_sim/src/world.cpp:[m[K In member function ‘[01m[Kbool World::clearPathFullGroupPresent(int)[m[K’:
[01m[K/home/emily/sa-mrbt_ws/src/simplified_marine_sim/src/world.cpp:775:50:[m[K [01;31m[Kerror: [m[K‘[01m[Kstruct TaskInfo[m[K’ has no member named ‘[01m[Kgroup_size[m[K’
  775 |     if (count_robots_at_location == current_task.[01;31m[Kgroup_size[m[K) {
      |                                                  [01;31m[K^~~~~~~~~~[m[K
gmake[2]: *** [CMakeFiles/sim.dir/build.make:160: CMakeFiles/sim.dir/src/world.cpp.o] Error 1
gmake[2]: *** Waiting for unfinished jobs....
gmake[1]: *** [CMakeFiles/Makefile2:137: CMakeFiles/sim.dir/all] Error 2
gmake: *** [Makefile:146: all] Error 2
