[0.006s] Invoking command in '/home/emily/sa-mrbt_ws/build/simulator': CMAKE_PREFIX_PATH=/home/emily/sa-mrbt_ws/install/behaviortree_cpp:/home/emily/sa-mrbt_ws/install/simulator:/opt/ros/iron /usr/bin/cmake --build /home/emily/sa-mrbt_ws/build/simulator -- -j12 -l12
[0.041s] [35m[1mConsolidate compiler generated dependencies of target sim[0m
[0.066s] [  7%] [32mBuilding CXX object CMakeFiles/sim.dir/src/sim.cpp.o[0m
[0.066s] [ 15%] [32mBuilding CXX object CMakeFiles/sim.dir/src/CBGA.cpp.o[0m
[0.066s] [ 23%] [32mBuilding CXX object CMakeFiles/sim.dir/src/CBBA.cpp.o[0m
[0.066s] [ 30%] [32mBuilding CXX object CMakeFiles/sim.dir/src/world.cpp.o[0m
[0.067s] [ 38%] [32mBuilding CXX object CMakeFiles/sim.dir/src/message.cpp.o[0m
[0.068s] [ 46%] [32mBuilding CXX object CMakeFiles/sim.dir/src/planners.cpp.o[0m
[0.069s] [ 53%] [32mBuilding CXX object CMakeFiles/sim.dir/src/robot.cpp.o[0m
[0.070s] [ 61%] [32mBuilding CXX object CMakeFiles/sim.dir/src/behavior_tree.cpp.o[0m
[0.071s] [ 69%] [32mBuilding CXX object CMakeFiles/sim.dir/src/parser.cpp.o[0m
[0.071s] [ 76%] [32mBuilding CXX object CMakeFiles/sim.dir/src/greedy.cpp.o[0m
[2.506s] [01m[K/home/emily/sa-mrbt_ws/src/simplified_marine_sim/src/world.cpp:[m[K In member function ‘[01m[Kstd::unordered_map<int, TaskInfo> World::initAllTasksInfo()[m[K’:
[2.506s] [01m[K/home/emily/sa-mrbt_ws/src/simplified_marine_sim/src/world.cpp:228:13:[m[K [01;31m[Kerror: [m[Kcannot convert ‘[01m[Kstd::vector<std::__cxx11::basic_string<char> >[m[K’ to ‘[01m[Kint[m[K’ in initialization
[2.506s]   228 |             [01;31m[Ksub_tasks[m[K, // std::vector<std::string>
[2.506s]       |             [01;31m[K^~~~~~~~~[m[K
[2.507s]       |             [01;31m[K|[m[K
[2.507s]       |             [01;31m[Kstd::vector<std::__cxx11::basic_string<char> >[m[K
[2.513s] [01m[K/home/emily/sa-mrbt_ws/src/simplified_marine_sim/src/world.cpp:[m[K In member function ‘[01m[Kstd::unordered_map<int, TaskInfo> World::initAllSubTasksInfo()[m[K’:
[2.513s] [01m[K/home/emily/sa-mrbt_ws/src/simplified_marine_sim/src/world.cpp:275:13:[m[K [01;31m[Kerror: [m[Kcannot convert ‘[01m[Kstd::unordered_map<std::__cxx11::basic_string<char>, int>[m[K’ to ‘[01m[Kint[m[K’ in initialization
[2.513s]   275 |             [01;31m[Kgroup_info[m[K, // <std::unordered_map<std::string, int>>
[2.513s]       |             [01;31m[K^~~~~~~~~~[m[K
[2.514s]       |             [01;31m[K|[m[K
[2.514s]       |             [01;31m[Kstd::unordered_map<std::__cxx11::basic_string<char>, int>[m[K
[2.514s] [01m[K/home/emily/sa-mrbt_ws/src/simplified_marine_sim/src/world.cpp:[m[K In member function ‘[01m[Kint& World::getTaskGroupSize(int)[m[K’:
[2.514s] [01m[K/home/emily/sa-mrbt_ws/src/simplified_marine_sim/src/world.cpp:334:22:[m[K [01;31m[Kerror: [m[K‘[01m[Kstruct TaskInfo[m[K’ has no member named ‘[01m[Kgroup_size[m[K’
[2.514s]   334 |     return task_info.[01;31m[Kgroup_size[m[K;
[2.514s]       |                      [01;31m[K^~~~~~~~~~[m[K
[2.535s] [01m[K/home/emily/sa-mrbt_ws/src/simplified_marine_sim/src/world.cpp:[m[K In member function ‘[01m[Kbool World::clearPathFullGroupPresent(int)[m[K’:
[2.536s] [01m[K/home/emily/sa-mrbt_ws/src/simplified_marine_sim/src/world.cpp:775:50:[m[K [01;31m[Kerror: [m[K‘[01m[Kstruct TaskInfo[m[K’ has no member named ‘[01m[Kgroup_size[m[K’
[2.536s]   775 |     if (count_robots_at_location == current_task.[01;31m[Kgroup_size[m[K) {
[2.536s]       |                                                  [01;31m[K^~~~~~~~~~[m[K
[4.055s] gmake[2]: *** [CMakeFiles/sim.dir/build.make:160: CMakeFiles/sim.dir/src/world.cpp.o] Error 1
[4.055s] gmake[2]: *** Waiting for unfinished jobs....
[8.198s] gmake[1]: *** [CMakeFiles/Makefile2:137: CMakeFiles/sim.dir/all] Error 2
[8.198s] gmake: *** [Makefile:146: all] Error 2
[8.199s] Invoked command in '/home/emily/sa-mrbt_ws/build/simulator' returned '2': CMAKE_PREFIX_PATH=/home/emily/sa-mrbt_ws/install/behaviortree_cpp:/home/emily/sa-mrbt_ws/install/simulator:/opt/ros/iron /usr/bin/cmake --build /home/emily/sa-mrbt_ws/build/simulator -- -j12 -l12
