/usr/bin/ld: ../libbehaviortree_cpp.so: undefined reference to `vtable for BT::CounterSequence'
/usr/bin/ld: ../libbehaviortree_cpp.so: undefined reference to `vtable for BT::CounterSequence'
collect2: error: ld returned 1 exit status
collect2: error: ld returned 1 exit status
gmake[2]: *** [examples/CMakeFiles/test_plugin_executor.dir/build.make:101: examples/test_plugin_executor] Error 1
gmake[1]: *** [CMakeFiles/Makefile2:1223: examples/CMakeFiles/test_plugin_executor.dir/all] Error 2
gmake[1]: *** Waiting for unfinished jobs....
gmake[2]: *** [tools/CMakeFiles/bt4_plugin_manifest.dir/build.make:101: tools/bt4_plugin_manifest] Error 1
gmake[1]: *** [CMakeFiles/Makefile2:578: tools/CMakeFiles/bt4_plugin_manifest.dir/all] Error 2
/usr/bin/ld: ../libbehaviortree_cpp.so: undefined reference to `vtable for BT::CounterSequence'
/usr/bin/ld: ../libbehaviortree_cpp.so: undefined reference to `vtable for BT::CounterSequence'
/usr/bin/ld: ../libbehaviortree_cpp.so: undefined reference to `collect2: error: ld returned 1 exit status
vtable for BT::CounterSequence'
collect2: error: ld returned 1 exit status
gmake[2]: *** [examples/CMakeFiles/t03_generic_ports.dir/build.make:102: examples/t03_generic_ports] Error 1
gmake[1]: *** [CMakeFiles/Makefile2:685: examples/CMakeFiles/t03_generic_ports.dir/all] Error 2
gmake[2]: *** [examples/CMakeFiles/t02_basic_ports.dir/build.make:102: examples/t02_basic_ports] Error 1
gmake[1]: *** [CMakeFiles/Makefile2:658: examples/CMakeFiles/t02_basic_ports.dir/all] Error 2
collect2: error: ld returned 1 exit status
/usr/bin/ld: ../libbehaviortree_cpp.so: undefined reference to `vtable for BT::CounterSequence'
gmake[2]: *** [examples/CMakeFiles/t01_first_tree_dynamic.dir/build.make:101: examples/t01_first_tree_dynamic] Error 1
gmake[1]: *** [CMakeFiles/Makefile2:631: examples/CMakeFiles/t01_first_tree_dynamic.dir/all] Error 2
/usr/bin/ld: ../libbehaviortree_cpp.so: undefined reference to `vtable for BT::CounterSequence'
collect2: error: ld returned 1 exit status
gmake[2]: *** [examples/CMakeFiles/t01_first_tree_static.dir/build.make:102: examples/t01_first_tree_static] Error 1
gmake[1]: *** [CMakeFiles/Makefile2:605: examples/CMakeFiles/t01_first_tree_static.dir/all] Error 2
collect2: error: ld returned 1 exit status
gmake[2]: *** [examples/CMakeFiles/t04_reactive_sequence.dir/build.make:102: examples/t04_reactive_sequence] Error 1
gmake[1]: *** [CMakeFiles/Makefile2:712: examples/CMakeFiles/t04_reactive_sequence.dir/all] Error 2
/usr/bin/ld: ../libbehaviortree_cpp.so: undefined reference to `vtable for BT::CounterSequence'
collect2: error: ld returned 1 exit status
gmake[2]: *** [examples/CMakeFiles/t05_crossdoor.dir/build.make:102: examples/t05_crossdoor] Error 1
gmake[1]: *** [CMakeFiles/Makefile2:739: examples/CMakeFiles/t05_crossdoor.dir/all] Error 2
/usr/bin/ld: ../libbehaviortree_cpp.so: undefined reference to `vtable for BT::CounterSequence'
/usr/bin/ld: ../libbehaviortree_cpp.so: undefined reference to `vtable for BT::CounterSequence'
collect2: error: ld returned 1 exit status
collect2: error: ld returned 1 exit status
gmake[2]: *** [examples/CMakeFiles/t06_subtree_port_remapping.dir/build.make:102: examples/t06_subtree_port_remapping] Error 1
gmake[2]: *** [examples/CMakeFiles/t07_load_multiple_xml.dir/build.make:102: examples/t07_load_multiple_xml] Error 1
gmake[1]: *** [CMakeFiles/Makefile2:766: examples/CMakeFiles/t06_subtree_port_remapping.dir/all] Error 2
gmake[1]: *** [CMakeFiles/Makefile2:793: examples/CMakeFiles/t07_load_multiple_xml.dir/all] Error 2
/usr/bin/ld: ../libbehaviortree_cpp.so: undefined reference to `vtable for BT::CounterSequence'
collect2: error: ld returned 1 exit status
gmake[2]: *** [tests/CMakeFiles/behaviortree_cpp_test.dir/build.make:505: tests/behaviortree_cpp_test] Error 1
gmake[1]: *** [CMakeFiles/Makefile2:500: tests/CMakeFiles/behaviortree_cpp_test.dir/all] Error 2
gmake: *** [Makefile:146: all] Error 2
