[  1%] Built target lexy_file
[  6%] Built target gtest
[  6%] Built target gtest_main
[  6%] Built target minitrace
[35m[1mConsolidate compiler generated dependencies of target behaviortree_cpp[0m
[  7%] [32mBuilding CXX object CMakeFiles/behaviortree_cpp.dir/src/controls/counter_sequence.cpp.o[0m
[  8%] [32m[1mLinking CXX shared library libbehaviortree_cpp.so[0m
[ 37%] Built target behaviortree_cpp
[ 37%] [32m[1mLinking CXX shared library bin/libmovebase_node_dyn.so[0m
[ 38%] [32m[1mLinking CXX shared library bin/libcrossdoor_nodes_dyn.so[0m
[ 40%] Built target bt_sample_nodes
[ 42%] [32m[1mLinking CXX shared library bin/libdummy_nodes_dyn.so[0m
[ 42%] [32m[1mLinking CXX executable test_plugin_executor[0m
[ 43%] [32m[1mLinking CXX shared library test_plugin_action.so[0m
[ 44%] [32m[1mLinking CXX executable t01_first_tree_dynamic[0m
[ 45%] [32m[1mLinking CXX executable bt4_plugin_manifest[0m
[ 46%] [32m[1mLinking CXX executable t03_generic_ports[0m
[ 47%] [32m[1mLinking CXX executable t02_basic_ports[0m
[ 47%] [32m[1mLinking CXX executable t04_reactive_sequence[0m
[ 48%] [32m[1mLinking CXX executable t01_first_tree_static[0m
[ 49%] [32m[1mLinking CXX executable behaviortree_cpp_test[0m
[ 50%] Built target movebase_node_dyn
[ 51%] Built target crossdoor_nodes_dyn
/usr/bin/ld: ../libbehaviortree_cpp.so: undefined reference to `vtable for BT::CounterSequence'
/usr/bin/ld: ../libbehaviortree_cpp.so: undefined reference to `vtable for BT::CounterSequence'
[ 51%] Built target test_plugin_action
collect2: error: ld returned 1 exit status
collect2: error: ld returned 1 exit status
gmake[2]: *** [examples/CMakeFiles/test_plugin_executor.dir/build.make:101: examples/test_plugin_executor] Error 1
gmake[1]: *** [CMakeFiles/Makefile2:1223: examples/CMakeFiles/test_plugin_executor.dir/all] Error 2
gmake[1]: *** Waiting for unfinished jobs....
gmake[2]: *** [tools/CMakeFiles/bt4_plugin_manifest.dir/build.make:101: tools/bt4_plugin_manifest] Error 1
gmake[1]: *** [CMakeFiles/Makefile2:578: tools/CMakeFiles/bt4_plugin_manifest.dir/all] Error 2
/usr/bin/ld: ../libbehaviortree_cpp.so: undefined reference to `vtable for BT::CounterSequence'
/usr/bin/ld: ../libbehaviortree_cpp.so: undefined reference to `vtable for BT::CounterSequence'
[ 52%] Built target dummy_nodes_dyn
[ 53%] [32m[1mLinking CXX executable t05_crossdoor[0m
/usr/bin/ld: ../libbehaviortree_cpp.so: undefined reference to `collect2: error: ld returned 1 exit status
vtable for BT::CounterSequence'
collect2: error: ld returned 1 exit status
gmake[2]: *** [examples/CMakeFiles/t03_generic_ports.dir/build.make:102: examples/t03_generic_ports] Error 1
gmake[1]: *** [CMakeFiles/Makefile2:685: examples/CMakeFiles/t03_generic_ports.dir/all] Error 2
gmake[2]: *** [examples/CMakeFiles/t02_basic_ports.dir/build.make:102: examples/t02_basic_ports] Error 1
gmake[1]: *** [CMakeFiles/Makefile2:658: examples/CMakeFiles/t02_basic_ports.dir/all] Error 2
collect2: error: ld returned 1 exit status
/usr/bin/ld: ../libbehaviortree_cpp.so: undefined reference to `vtable for BT::CounterSequence'
[ 53%] [32m[1mLinking CXX executable t06_subtree_port_remapping[0m
gmake[2]: *** [examples/CMakeFiles/t01_first_tree_dynamic.dir/build.make:101: examples/t01_first_tree_dynamic] Error 1
gmake[1]: *** [CMakeFiles/Makefile2:631: examples/CMakeFiles/t01_first_tree_dynamic.dir/all] Error 2
/usr/bin/ld: ../libbehaviortree_cpp.so: undefined reference to `vtable for BT::CounterSequence'
[ 54%] [32m[1mLinking CXX executable t07_load_multiple_xml[0m
collect2: error: ld returned 1 exit status
gmake[2]: *** [examples/CMakeFiles/t01_first_tree_static.dir/build.make:102: examples/t01_first_tree_static] Error 1
gmake[1]: *** [CMakeFiles/Makefile2:605: examples/CMakeFiles/t01_first_tree_static.dir/all] Error 2
collect2: error: ld returned 1 exit status
gmake[2]: *** [examples/CMakeFiles/t04_reactive_sequence.dir/build.make:102: examples/t04_reactive_sequence] Error 1
gmake[1]: *** [CMakeFiles/Makefile2:712: examples/CMakeFiles/t04_reactive_sequence.dir/all] Error 2
/usr/bin/ld: ../libbehaviortree_cpp.so: undefined reference to `vtable for BT::CounterSequence'
collect2: error: ld returned 1 exit status
gmake[2]: *** [examples/CMakeFiles/t05_crossdoor.dir/build.make:102: examples/t05_crossdoor] Error 1
gmake[1]: *** [CMakeFiles/Makefile2:739: examples/CMakeFiles/t05_crossdoor.dir/all] Error 2
/usr/bin/ld: ../libbehaviortree_cpp.so: undefined reference to `vtable for BT::CounterSequence'
/usr/bin/ld: ../libbehaviortree_cpp.so: undefined reference to `vtable for BT::CounterSequence'
collect2: error: ld returned 1 exit status
collect2: error: ld returned 1 exit status
gmake[2]: *** [examples/CMakeFiles/t06_subtree_port_remapping.dir/build.make:102: examples/t06_subtree_port_remapping] Error 1
gmake[2]: *** [examples/CMakeFiles/t07_load_multiple_xml.dir/build.make:102: examples/t07_load_multiple_xml] Error 1
gmake[1]: *** [CMakeFiles/Makefile2:766: examples/CMakeFiles/t06_subtree_port_remapping.dir/all] Error 2
gmake[1]: *** [CMakeFiles/Makefile2:793: examples/CMakeFiles/t07_load_multiple_xml.dir/all] Error 2
/usr/bin/ld: ../libbehaviortree_cpp.so: undefined reference to `vtable for BT::CounterSequence'
collect2: error: ld returned 1 exit status
gmake[2]: *** [tests/CMakeFiles/behaviortree_cpp_test.dir/build.make:505: tests/behaviortree_cpp_test] Error 1
gmake[1]: *** [CMakeFiles/Makefile2:500: tests/CMakeFiles/behaviortree_cpp_test.dir/all] Error 2
gmake: *** [Makefile:146: all] Error 2
