[  1%] Built target lexy_file
[  6%] Built target gtest
[  6%] Built target gtest_main
[  6%] Built target minitrace
[35m[1mConsolidate compiler generated dependencies of target behaviortree_cpp[0m
[  7%] [32mBuilding CXX object CMakeFiles/behaviortree_cpp.dir/src/controls/counter_sequence.cpp.o[0m
[  8%] [32m[1mLinking CXX shared library libbehaviortree_cpp.so[0m
[ 37%] Built target behaviortree_cpp
[ 37%] [32m[1mLinking CXX shared library bin/libmovebase_node_dyn.so[0m
[ 38%] [32m[1mLinking CXX shared library bin/libcrossdoor_nodes_dyn.so[0m
[ 40%] Built target bt_sample_nodes
[ 42%] [32m[1mLinking CXX shared library bin/libdummy_nodes_dyn.so[0m
[ 42%] [32m[1mLinking CXX executable test_plugin_executor[0m
[ 43%] [32m[1mLinking CXX shared library test_plugin_action.so[0m
[ 44%] [32m[1mLinking CXX executable t01_first_tree_dynamic[0m
[ 45%] [32m[1mLinking CXX executable bt4_plugin_manifest[0m
[ 46%] [32m[1mLinking CXX executable t03_generic_ports[0m
[ 47%] [32m[1mLinking CXX executable t02_basic_ports[0m
[ 47%] [32m[1mLinking CXX executable t04_reactive_sequence[0m
[ 48%] [32m[1mLinking CXX executable t01_first_tree_static[0m
[ 49%] [32m[1mLinking CXX executable behaviortree_cpp_test[0m
[ 50%] Built target movebase_node_dyn
[ 51%] Built target crossdoor_nodes_dyn
[ 51%] Built target test_plugin_action
[ 52%] Built target dummy_nodes_dyn
[ 53%] [32m[1mLinking CXX executable t05_crossdoor[0m
[ 53%] [32m[1mLinking CXX executable t06_subtree_port_remapping[0m
[ 54%] [32m[1mLinking CXX executable t07_load_multiple_xml[0m
