[35m[1mConsolidate compiler generated dependencies of target sim[0m
[  7%] [32mBuilding CXX object CMakeFiles/sim.dir/src/CBGA.cpp.o[0m
[ 23%] [32mBuilding CXX object CMakeFiles/sim.dir/src/message.cpp.o[0m
[ 23%] [32mBuilding CXX object CMakeFiles/sim.dir/src/sim.cpp.o[0m
[ 30%] [32mBuilding CXX object CMakeFiles/sim.dir/src/CBBA.cpp.o[0m
[ 38%] [32mBuilding CXX object CMakeFiles/sim.dir/src/world.cpp.o[0m
[ 53%] [32mBuilding CXX object CMakeFiles/sim.dir/src/planners.cpp.o[0m
[ 53%] [32mBuilding CXX object CMakeFiles/sim.dir/src/robot.cpp.o[0m
[ 61%] [32mBuilding CXX object CMakeFiles/sim.dir/src/behavior_tree.cpp.o[0m
[ 69%] [32mBuilding CXX object CMakeFiles/sim.dir/src/parser.cpp.o[0m
[ 76%] [32mBuilding CXX object CMakeFiles/sim.dir/src/greedy.cpp.o[0m
[01m[K/home/emily/sa-mrbt_ws/src/simplified_marine_sim/src/sim.cpp:[m[K In function ‘[01m[Kint main(int, char**)[m[K’:
[01m[K/home/emily/sa-mrbt_ws/src/simplified_marine_sim/src/sim.cpp:626:21:[m[K [01;31m[Kerror: [m[Kredeclaration of ‘[01m[Kstd::string filename[m[K’
  626 |         std::string [01;31m[Kfilename[m[K = "discounted_reward_data.csv";
      |                     [01;31m[K^~~~~~~~[m[K
[01m[K/home/emily/sa-mrbt_ws/src/simplified_marine_sim/src/sim.cpp:621:21:[m[K [01;36m[Knote: [m[K‘[01m[Kstd::string filename[m[K’ previously declared here
  621 |         std::string [01;36m[Kfilename[m[K = "reward_data.csv";
      |                     [01;36m[K^~~~~~~~[m[K
[01m[K/home/emily/sa-mrbt_ws/src/simplified_marine_sim/src/sim.cpp:627:23:[m[K [01;31m[Kerror: [m[Kredeclaration of ‘[01m[Kstd::ofstream file[m[K’
  627 |         std::ofstream [01;31m[Kfile[m[K(filename);  // overwrites existing file
      |                       [01;31m[K^~~~[m[K
[01m[K/home/emily/sa-mrbt_ws/src/simplified_marine_sim/src/sim.cpp:622:23:[m[K [01;36m[Knote: [m[K‘[01m[Kstd::ofstream file[m[K’ previously declared here
  622 |         std::ofstream [01;36m[Kfile[m[K(filename);  // overwrites existing file
      |                       [01;36m[K^~~~[m[K
[01m[K/home/emily/sa-mrbt_ws/src/simplified_marine_sim/src/sim.cpp:679:19:[m[K [01;31m[Kerror: [m[K‘[01m[Kclass World[m[K’ has no member named ‘[01m[KgetDoRecording[m[K’; did you mean ‘[01m[KgetDoRecordingFlag[m[K’?
  679 |         if (world.[01;31m[KgetDoRecording[m[K()) {
      |                   [01;31m[K^~~~~~~~~~~~~~[m[K
      |                   [32m[KgetDoRecordingFlag[m[K
gmake[2]: *** [CMakeFiles/sim.dir/build.make:76: CMakeFiles/sim.dir/src/sim.cpp.o] Error 1
gmake[2]: *** Waiting for unfinished jobs....
gmake[1]: *** [CMakeFiles/Makefile2:137: CMakeFiles/sim.dir/all] Error 2
gmake: *** [Makefile:146: all] Error 2
