[0.006s] Invoking command in '/home/emily/sa-mrbt_ws/build/simulator': CMAKE_PREFIX_PATH=/home/emily/sa-mrbt_ws/install/behaviortree_cpp:/home/emily/sa-mrbt_ws/install/simulator:/opt/ros/iron /usr/bin/cmake --build /home/emily/sa-mrbt_ws/build/simulator -- -j12 -l12
[0.040s] [35m[1mConsolidate compiler generated dependencies of target sim[0m
[0.065s] [  7%] [32mBuilding CXX object CMakeFiles/sim.dir/src/sim.cpp.o[0m
[0.065s] [ 15%] [32mBuilding CXX object CMakeFiles/sim.dir/src/CBBA.cpp.o[0m
[0.065s] [ 23%] [32mBuilding CXX object CMakeFiles/sim.dir/src/message.cpp.o[0m
[0.065s] [ 30%] [32mBuilding CXX object CMakeFiles/sim.dir/src/world.cpp.o[0m
[0.065s] [ 38%] [32mBuilding CXX object CMakeFiles/sim.dir/src/CBGA.cpp.o[0m
[0.067s] [ 46%] [32mBuilding CXX object CMakeFiles/sim.dir/src/planners.cpp.o[0m
[0.069s] [ 53%] [32mBuilding CXX object CMakeFiles/sim.dir/src/robot.cpp.o[0m
[0.069s] [ 61%] [32mBuilding CXX object CMakeFiles/sim.dir/src/behavior_tree.cpp.o[0m
[0.070s] [ 69%] [32mBuilding CXX object CMakeFiles/sim.dir/src/parser.cpp.o[0m
[0.070s] [ 76%] [32mBuilding CXX object CMakeFiles/sim.dir/src/greedy.cpp.o[0m
[2.335s] In file included from [01m[K/home/emily/sa-mrbt_ws/src/simplified_marine_sim/src/CBGA.cpp:6[m[K:
[2.335s] [01m[K/home/emily/sa-mrbt_ws/src/simplified_marine_sim/include/world.hpp:162:37:[m[K [01;31m[Kerror: [m[Kexpected ‘[01m[K;[m[K’ at end of member declaration
[2.335s]   162 |     void debugTaskAccess(int task_id[01;31m[K)[m[K
[2.335s]       |                                     [01;31m[K^[m[K
[2.335s]       |                                      [32m[K;[m[K
[2.716s] In file included from [01m[K/home/emily/sa-mrbt_ws/src/simplified_marine_sim/src/greedy.cpp:6[m[K:
[2.716s] [01m[K/home/emily/sa-mrbt_ws/src/simplified_marine_sim/include/world.hpp:162:37:[m[K [01;31m[Kerror: [m[Kexpected ‘[01m[K;[m[K’ at end of member declaration
[2.716s]   162 |     void debugTaskAccess(int task_id[01;31m[K)[m[K
[2.716s]       |                                     [01;31m[K^[m[K
[2.716s]       |                                      [32m[K;[m[K
[2.718s] In file included from [01m[K/home/emily/sa-mrbt_ws/src/simplified_marine_sim/include/message.hpp:6[m[K,
[2.718s]                  from [01m[K/home/emily/sa-mrbt_ws/src/simplified_marine_sim/src/message.cpp:2[m[K:
[2.718s] [01m[K/home/emily/sa-mrbt_ws/src/simplified_marine_sim/include/world.hpp:162:37:[m[K [01;31m[Kerror: [m[Kexpected ‘[01m[K;[m[K’ at end of member declaration
[2.718s]   162 |     void debugTaskAccess(int task_id[01;31m[K)[m[K
[2.719s]       |                                     [01;31m[K^[m[K
[2.719s]       |                                      [32m[K;[m[K
[2.780s] In file included from [01m[K/home/emily/sa-mrbt_ws/src/simplified_marine_sim/src/world.cpp:4[m[K:
[2.780s] [01m[K/home/emily/sa-mrbt_ws/src/simplified_marine_sim/include/world.hpp:162:37:[m[K [01;31m[Kerror: [m[Kexpected ‘[01m[K;[m[K’ at end of member declaration
[2.780s]   162 |     void debugTaskAccess(int task_id[01;31m[K)[m[K
[2.780s]       |                                     [01;31m[K^[m[K
[2.780s]       |                                      [32m[K;[m[K
[2.873s] In file included from [01m[K/home/emily/sa-mrbt_ws/src/simplified_marine_sim/include/robot.hpp:8[m[K,
[2.873s]                  from [01m[K/home/emily/sa-mrbt_ws/src/simplified_marine_sim/include/utils.hpp:7[m[K,
[2.873s]                  from [01m[K/home/emily/sa-mrbt_ws/src/simplified_marine_sim/src/parser.cpp:7[m[K:
[2.873s] [01m[K/home/emily/sa-mrbt_ws/src/simplified_marine_sim/include/world.hpp:162:37:[m[K [01;31m[Kerror: [m[Kexpected ‘[01m[K;[m[K’ at end of member declaration
[2.873s]   162 |     void debugTaskAccess(int task_id[01;31m[K)[m[K
[2.873s]       |                                     [01;31m[K^[m[K
[2.873s]       |                                      [32m[K;[m[K
[3.020s] In file included from [01m[K/home/emily/sa-mrbt_ws/src/simplified_marine_sim/src/robot.cpp:4[m[K:
[3.020s] [01m[K/home/emily/sa-mrbt_ws/src/simplified_marine_sim/include/world.hpp:162:37:[m[K [01;31m[Kerror: [m[Kexpected ‘[01m[K;[m[K’ at end of member declaration
[3.020s]   162 |     void debugTaskAccess(int task_id[01;31m[K)[m[K
[3.021s]       |                                     [01;31m[K^[m[K
[3.021s]       |                                      [32m[K;[m[K
[3.069s] In file included from [01m[K/home/emily/sa-mrbt_ws/src/simplified_marine_sim/src/sim.cpp:8[m[K:
[3.069s] [01m[K/home/emily/sa-mrbt_ws/src/simplified_marine_sim/include/world.hpp:162:37:[m[K [01;31m[Kerror: [m[Kexpected ‘[01m[K;[m[K’ at end of member declaration
[3.069s]   162 |     void debugTaskAccess(int task_id[01;31m[K)[m[K
[3.070s]       |                                     [01;31m[K^[m[K
[3.070s]       |                                      [32m[K;[m[K
[3.084s] In file included from [01m[K/home/emily/sa-mrbt_ws/src/simplified_marine_sim/src/CBBA.cpp:6[m[K:
[3.084s] [01m[K/home/emily/sa-mrbt_ws/src/simplified_marine_sim/include/world.hpp:162:37:[m[K [01;31m[Kerror: [m[Kexpected ‘[01m[K;[m[K’ at end of member declaration
[3.084s]   162 |     void debugTaskAccess(int task_id[01;31m[K)[m[K
[3.084s]       |                                     [01;31m[K^[m[K
[3.085s]       |                                      [32m[K;[m[K
[3.162s] In file included from [01m[K/home/emily/sa-mrbt_ws/src/simplified_marine_sim/include/behavior_tree.hpp:7[m[K,
[3.162s]                  from [01m[K/home/emily/sa-mrbt_ws/src/simplified_marine_sim/src/behavior_tree.cpp:1[m[K:
[3.162s] [01m[K/home/emily/sa-mrbt_ws/src/simplified_marine_sim/include/world.hpp:162:37:[m[K [01;31m[Kerror: [m[Kexpected ‘[01m[K;[m[K’ at end of member declaration
[3.162s]   162 |     void debugTaskAccess(int task_id[01;31m[K)[m[K
[3.162s]       |                                     [01;31m[K^[m[K
[3.163s]       |                                      [32m[K;[m[K
[3.182s] In file included from [01m[K/home/emily/sa-mrbt_ws/src/simplified_marine_sim/src/planners.cpp:4[m[K:
[3.182s] [01m[K/home/emily/sa-mrbt_ws/src/simplified_marine_sim/include/world.hpp:162:37:[m[K [01;31m[Kerror: [m[Kexpected ‘[01m[K;[m[K’ at end of member declaration
[3.182s]   162 |     void debugTaskAccess(int task_id[01;31m[K)[m[K
[3.182s]       |                                     [01;31m[K^[m[K
[3.182s]       |                                      [32m[K;[m[K
[3.499s] gmake[2]: *** [CMakeFiles/sim.dir/build.make:104: CMakeFiles/sim.dir/src/CBGA.cpp.o] Error 1
[3.499s] gmake[2]: *** Waiting for unfinished jobs....
[3.732s] gmake[2]: *** [CMakeFiles/sim.dir/build.make:132: CMakeFiles/sim.dir/src/message.cpp.o] Error 1
[4.012s] gmake[2]: *** [CMakeFiles/sim.dir/build.make:230: CMakeFiles/sim.dir/src/greedy.cpp.o] Error 1
[4.363s] gmake[2]: *** [CMakeFiles/sim.dir/build.make:160: CMakeFiles/sim.dir/src/world.cpp.o] Error 1
[4.434s] gmake[2]: *** [CMakeFiles/sim.dir/build.make:90: CMakeFiles/sim.dir/src/CBBA.cpp.o] Error 1
[4.469s] gmake[2]: *** [CMakeFiles/sim.dir/build.make:174: CMakeFiles/sim.dir/src/planners.cpp.o] Error 1
[4.547s] gmake[2]: *** [CMakeFiles/sim.dir/build.make:216: CMakeFiles/sim.dir/src/parser.cpp.o] Error 1
[5.017s] gmake[2]: *** [CMakeFiles/sim.dir/build.make:202: CMakeFiles/sim.dir/src/behavior_tree.cpp.o] Error 1
[5.305s] gmake[2]: *** [CMakeFiles/sim.dir/build.make:76: CMakeFiles/sim.dir/src/sim.cpp.o] Error 1
[6.333s] gmake[2]: *** [CMakeFiles/sim.dir/build.make:188: CMakeFiles/sim.dir/src/robot.cpp.o] Error 1
[6.333s] gmake[1]: *** [CMakeFiles/Makefile2:137: CMakeFiles/sim.dir/all] Error 2
[6.333s] gmake: *** [Makefile:146: all] Error 2
[6.335s] Invoked command in '/home/emily/sa-mrbt_ws/build/simulator' returned '2': CMAKE_PREFIX_PATH=/home/emily/sa-mrbt_ws/install/behaviortree_cpp:/home/emily/sa-mrbt_ws/install/simulator:/opt/ros/iron /usr/bin/cmake --build /home/emily/sa-mrbt_ws/build/simulator -- -j12 -l12
