[ 23%] [32mBuilding CXX object CMakeFiles/sim.dir/src/distance.cpp.o[0m
[ 30%] [32mBuilding CXX object CMakeFiles/sim.dir/src/CBGA.cpp.o[0m
[ 30%] [32mBuilding CXX object CMakeFiles/sim.dir/src/sim.cpp.o[0m
[ 30%] [32mBuilding CXX object CMakeFiles/sim.dir/src/message.cpp.o[0m
[ 38%] [32mBuilding CXX object CMakeFiles/sim.dir/src/CBBA.cpp.o[0m
[ 46%] [32mBuilding CXX object CMakeFiles/sim.dir/src/sensor_model.cpp.o[0m
[ 53%] [32mBuilding CXX object CMakeFiles/sim.dir/src/world.cpp.o[0m
[ 61%] [32mBuilding CXX object CMakeFiles/sim.dir/src/planners.cpp.o[0m
[ 76%] [32mBuilding CXX object CMakeFiles/sim.dir/src/robot.cpp.o[0m
[ 76%] [32mBuilding CXX object CMakeFiles/sim.dir/src/behavior_tree.cpp.o[0m
[ 84%] [32mBuilding CXX object CMakeFiles/sim.dir/src/parser.cpp.o[0m
[ 92%] [32mBuilding CXX object CMakeFiles/sim.dir/src/greedy.cpp.o[0m
[01m[K/home/emily/sa-mrbt_ws/src/simplified_marine_sim/src/behavior_tree.cpp:[m[K In member function ‘[01m[Kvirtual BT::NodeStatus BuildBundle::onStart()[m[K’:
[01m[K/home/emily/sa-mrbt_ws/src/simplified_marine_sim/src/behavior_tree.cpp:246:12:[m[K [01;31m[Kerror: [m[K‘[01m[Kclass Robot[m[K’ has no member named ‘[01m[KsetCBGAStartTime[m[K’
  246 |     _robot.[01;31m[KsetCBGAStartTime[m[K(start_time);
      |            [01;31m[K^~~~~~~~~~~~~~~~[m[K
gmake[2]: *** [CMakeFiles/sim.dir/build.make:202: CMakeFiles/sim.dir/src/behavior_tree.cpp.o] Error 1
gmake[2]: *** Waiting for unfinished jobs....
gmake[1]: *** [CMakeFiles/Makefile2:137: CMakeFiles/sim.dir/all] Error 2
gmake: *** [Makefile:146: all] Error 2
