[0.006s] Invoking command in '/home/emily/sa-mrbt_ws/build/simulator': CMAKE_PREFIX_PATH=/home/emily/sa-mrbt_ws/install/behaviortree_cpp:/home/emily/sa-mrbt_ws/install/simulator:/opt/ros/iron /usr/bin/cmake --build /home/emily/sa-mrbt_ws/build/simulator -- -j12 -l12
[0.040s] [35m[1mConsolidate compiler generated dependencies of target sim[0m
[0.065s] [  7%] [32mBuilding CXX object CMakeFiles/sim.dir/src/sim.cpp.o[0m
[0.065s] [ 23%] [32mBuilding CXX object CMakeFiles/sim.dir/src/message.cpp.o[0m
[0.065s] [ 23%] [32mBuilding CXX object CMakeFiles/sim.dir/src/CBBA.cpp.o[0m
[0.065s] [ 30%] [32mBuilding CXX object CMakeFiles/sim.dir/src/CBGA.cpp.o[0m
[0.065s] [ 38%] [32mBuilding CXX object CMakeFiles/sim.dir/src/world.cpp.o[0m
[0.066s] [ 46%] [32mBuilding CXX object CMakeFiles/sim.dir/src/planners.cpp.o[0m
[0.067s] [ 53%] [32mBuilding CXX object CMakeFiles/sim.dir/src/robot.cpp.o[0m
[0.068s] [ 61%] [32mBuilding CXX object CMakeFiles/sim.dir/src/behavior_tree.cpp.o[0m
[0.068s] [ 69%] [32mBuilding CXX object CMakeFiles/sim.dir/src/parser.cpp.o[0m
[0.069s] [ 76%] [32mBuilding CXX object CMakeFiles/sim.dir/src/greedy.cpp.o[0m
[2.249s] In file included from [01m[K/home/emily/sa-mrbt_ws/src/simplified_marine_sim/src/CBBA.cpp:6[m[K:
[2.249s] [01m[K/home/emily/sa-mrbt_ws/src/simplified_marine_sim/include/world.hpp:162:51:[m[K [01;31m[Kerror: [m[Kexpected ‘[01m[K;[m[K’ at end of member declaration
[2.249s]   162 |     void debugTaskAccess(int task_id, Robot& robot[01;31m[K)[m[K
[2.249s]       |                                                   [01;31m[K^[m[K
[2.249s]       |                                                    [32m[K;[m[K
[2.362s] In file included from [01m[K/home/emily/sa-mrbt_ws/src/simplified_marine_sim/src/sim.cpp:8[m[K:
[2.362s] [01m[K/home/emily/sa-mrbt_ws/src/simplified_marine_sim/include/world.hpp:162:51:[m[K [01;31m[Kerror: [m[Kexpected ‘[01m[K;[m[K’ at end of member declaration
[2.363s]   162 |     void debugTaskAccess(int task_id, Robot& robot[01;31m[K)[m[K
[2.363s]       |                                                   [01;31m[K^[m[K
[2.363s]       |                                                    [32m[K;[m[K
[2.825s] In file included from [01m[K/home/emily/sa-mrbt_ws/src/simplified_marine_sim/src/planners.cpp:4[m[K:
[2.825s] [01m[K/home/emily/sa-mrbt_ws/src/simplified_marine_sim/include/world.hpp:162:51:[m[K [01;31m[Kerror: [m[Kexpected ‘[01m[K;[m[K’ at end of member declaration
[2.825s]   162 |     void debugTaskAccess(int task_id, Robot& robot[01;31m[K)[m[K
[2.825s]       |                                                   [01;31m[K^[m[K
[2.825s]       |                                                    [32m[K;[m[K
[2.956s] In file included from [01m[K/home/emily/sa-mrbt_ws/src/simplified_marine_sim/include/behavior_tree.hpp:7[m[K,
[2.956s]                  from [01m[K/home/emily/sa-mrbt_ws/src/simplified_marine_sim/src/behavior_tree.cpp:1[m[K:
[2.956s] [01m[K/home/emily/sa-mrbt_ws/src/simplified_marine_sim/include/world.hpp:162:51:[m[K [01;31m[Kerror: [m[Kexpected ‘[01m[K;[m[K’ at end of member declaration
[2.957s]   162 |     void debugTaskAccess(int task_id, Robot& robot[01;31m[K)[m[K
[2.957s]       |                                                   [01;31m[K^[m[K
[2.957s]       |                                                    [32m[K;[m[K
[3.101s] In file included from [01m[K/home/emily/sa-mrbt_ws/src/simplified_marine_sim/src/world.cpp:4[m[K:
[3.101s] [01m[K/home/emily/sa-mrbt_ws/src/simplified_marine_sim/include/world.hpp:162:51:[m[K [01;31m[Kerror: [m[Kexpected ‘[01m[K;[m[K’ at end of member declaration
[3.102s]   162 |     void debugTaskAccess(int task_id, Robot& robot[01;31m[K)[m[K
[3.102s]       |                                                   [01;31m[K^[m[K
[3.102s]       |                                                    [32m[K;[m[K
[3.105s] In file included from [01m[K/home/emily/sa-mrbt_ws/src/simplified_marine_sim/include/message.hpp:6[m[K,
[3.105s]                  from [01m[K/home/emily/sa-mrbt_ws/src/simplified_marine_sim/src/message.cpp:2[m[K:
[3.105s] [01m[K/home/emily/sa-mrbt_ws/src/simplified_marine_sim/include/world.hpp:162:51:[m[K [01;31m[Kerror: [m[Kexpected ‘[01m[K;[m[K’ at end of member declaration
[3.105s]   162 |     void debugTaskAccess(int task_id, Robot& robot[01;31m[K)[m[K
[3.105s]       |                                                   [01;31m[K^[m[K
[3.105s]       |                                                    [32m[K;[m[K
[3.110s] In file included from [01m[K/home/emily/sa-mrbt_ws/src/simplified_marine_sim/include/robot.hpp:8[m[K,
[3.110s]                  from [01m[K/home/emily/sa-mrbt_ws/src/simplified_marine_sim/include/utils.hpp:7[m[K,
[3.110s]                  from [01m[K/home/emily/sa-mrbt_ws/src/simplified_marine_sim/src/parser.cpp:7[m[K:
[3.110s] [01m[K/home/emily/sa-mrbt_ws/src/simplified_marine_sim/include/world.hpp:162:51:[m[K [01;31m[Kerror: [m[Kexpected ‘[01m[K;[m[K’ at end of member declaration
[3.110s]   162 |     void debugTaskAccess(int task_id, Robot& robot[01;31m[K)[m[K
[3.110s]       |                                                   [01;31m[K^[m[K
[3.110s]       |                                                    [32m[K;[m[K
[3.123s] In file included from [01m[K/home/emily/sa-mrbt_ws/src/simplified_marine_sim/src/CBGA.cpp:6[m[K:
[3.123s] [01m[K/home/emily/sa-mrbt_ws/src/simplified_marine_sim/include/world.hpp:162:51:[m[K [01;31m[Kerror: [m[Kexpected ‘[01m[K;[m[K’ at end of member declaration
[3.123s]   162 |     void debugTaskAccess(int task_id, Robot& robot[01;31m[K)[m[K
[3.123s]       |                                                   [01;31m[K^[m[K
[3.123s]       |                                                    [32m[K;[m[K
[3.131s] In file included from [01m[K/home/emily/sa-mrbt_ws/src/simplified_marine_sim/src/greedy.cpp:6[m[K:
[3.131s] [01m[K/home/emily/sa-mrbt_ws/src/simplified_marine_sim/include/world.hpp:162:51:[m[K [01;31m[Kerror: [m[Kexpected ‘[01m[K;[m[K’ at end of member declaration
[3.131s]   162 |     void debugTaskAccess(int task_id, Robot& robot[01;31m[K)[m[K
[3.131s]       |                                                   [01;31m[K^[m[K
[3.131s]       |                                                    [32m[K;[m[K
[3.245s] gmake[2]: *** [CMakeFiles/sim.dir/build.make:90: CMakeFiles/sim.dir/src/CBBA.cpp.o] Error 1
[3.245s] gmake[2]: *** Waiting for unfinished jobs....
[3.270s] [01m[K/home/emily/sa-mrbt_ws/src/simplified_marine_sim/src/world.cpp:597:6:[m[K [01;31m[Kerror: [m[Kno declaration matches ‘[01m[Kvoid World::debugTaskAccess(int)[m[K’
[3.270s]   597 | void [01;31m[KWorld[m[K::debugTaskAccess(int task_id) {
[3.270s]       |      [01;31m[K^~~~~[m[K
[3.270s] In file included from [01m[K/home/emily/sa-mrbt_ws/src/simplified_marine_sim/src/world.cpp:4[m[K:
[3.270s] [01m[K/home/emily/sa-mrbt_ws/src/simplified_marine_sim/include/world.hpp:162:10:[m[K [01;36m[Knote: [m[Kcandidate is: ‘[01m[Kvoid World::debugTaskAccess(int, Robot&)[m[K’
[3.270s]   162 |     void [01;36m[KdebugTaskAccess[m[K(int task_id, Robot& robot)
[3.270s]       |          [01;36m[K^~~~~~~~~~~~~~~[m[K
[3.270s] In file included from [01m[K/home/emily/sa-mrbt_ws/src/simplified_marine_sim/src/world.cpp:4[m[K:
[3.270s] [01m[K/home/emily/sa-mrbt_ws/src/simplified_marine_sim/include/world.hpp:20:7:[m[K [01;36m[Knote: [m[K‘[01m[Kclass World[m[K’ defined here
[3.270s]    20 | class [01;36m[KWorld[m[K {
[3.270s]       |       [01;36m[K^~~~~[m[K
[3.303s] In file included from [01m[K/home/emily/sa-mrbt_ws/src/simplified_marine_sim/src/robot.cpp:4[m[K:
[3.303s] [01m[K/home/emily/sa-mrbt_ws/src/simplified_marine_sim/include/world.hpp:162:51:[m[K [01;31m[Kerror: [m[Kexpected ‘[01m[K;[m[K’ at end of member declaration
[3.303s]   162 |     void debugTaskAccess(int task_id, Robot& robot[01;31m[K)[m[K
[3.303s]       |                                                   [01;31m[K^[m[K
[3.303s]       |                                                    [32m[K;[m[K
[4.074s] gmake[2]: *** [CMakeFiles/sim.dir/build.make:174: CMakeFiles/sim.dir/src/planners.cpp.o] Error 1
[4.303s] gmake[2]: *** [CMakeFiles/sim.dir/build.make:132: CMakeFiles/sim.dir/src/message.cpp.o] Error 1
[4.336s] gmake[2]: *** [CMakeFiles/sim.dir/build.make:230: CMakeFiles/sim.dir/src/greedy.cpp.o] Error 1
[4.368s] gmake[2]: *** [CMakeFiles/sim.dir/build.make:76: CMakeFiles/sim.dir/src/sim.cpp.o] Error 1
[4.380s] gmake[2]: *** [CMakeFiles/sim.dir/build.make:160: CMakeFiles/sim.dir/src/world.cpp.o] Error 1
[4.568s] gmake[2]: *** [CMakeFiles/sim.dir/build.make:104: CMakeFiles/sim.dir/src/CBGA.cpp.o] Error 1
[4.698s] gmake[2]: *** [CMakeFiles/sim.dir/build.make:216: CMakeFiles/sim.dir/src/parser.cpp.o] Error 1
[4.820s] gmake[2]: *** [CMakeFiles/sim.dir/build.make:202: CMakeFiles/sim.dir/src/behavior_tree.cpp.o] Error 1
[6.487s] gmake[2]: *** [CMakeFiles/sim.dir/build.make:188: CMakeFiles/sim.dir/src/robot.cpp.o] Error 1
[6.487s] gmake[1]: *** [CMakeFiles/Makefile2:137: CMakeFiles/sim.dir/all] Error 2
[6.487s] gmake: *** [Makefile:146: all] Error 2
[6.489s] Invoked command in '/home/emily/sa-mrbt_ws/build/simulator' returned '2': CMAKE_PREFIX_PATH=/home/emily/sa-mrbt_ws/install/behaviortree_cpp:/home/emily/sa-mrbt_ws/install/simulator:/opt/ros/iron /usr/bin/cmake --build /home/emily/sa-mrbt_ws/build/simulator -- -j12 -l12
