[0.006s] Invoking command in '/home/emily/sa-mrbt_ws/build/simulator': CMAKE_PREFIX_PATH=/home/emily/sa-mrbt_ws/install/behaviortree_cpp:/home/emily/sa-mrbt_ws/install/simulator:/opt/ros/iron /usr/bin/cmake --build /home/emily/sa-mrbt_ws/build/simulator -- -j12 -l12
[0.040s] [35m[1mConsolidate compiler generated dependencies of target sim[0m
[0.067s] [ 15%] [32mBuilding CXX object CMakeFiles/sim.dir/src/sim.cpp.o[0m
[0.067s] [ 15%] [32mBuilding CXX object CMakeFiles/sim.dir/src/planners.cpp.o[0m
[1.828s] [01m[K/home/emily/sa-mrbt_ws/src/simplified_marine_sim/src/sim.cpp:[m[K In function ‘[01m[Kvoid run_robot(int, std::string, Pose2D, cv::Scalar, int, World&)[m[K’:
[1.828s] [01m[K/home/emily/sa-mrbt_ws/src/simplified_marine_sim/src/sim.cpp:478:45:[m[K [01;31m[Kerror: [m[Kno matching function for call to ‘[01m[KPlanner::Planner(int&, World&)[m[K’
[1.828s]   478 |             Planner planner(step_size, world[01;31m[K)[m[K;
[1.828s]       |                                             [01;31m[K^[m[K
[1.828s] In file included from [01m[K/home/emily/sa-mrbt_ws/src/simplified_marine_sim/include/robot.hpp:7[m[K,
[1.828s]                  from [01m[K/home/emily/sa-mrbt_ws/src/simplified_marine_sim/include/world.hpp:8[m[K,
[1.828s]                  from [01m[K/home/emily/sa-mrbt_ws/src/simplified_marine_sim/src/sim.cpp:8[m[K:
[1.828s] [01m[K/home/emily/sa-mrbt_ws/src/simplified_marine_sim/include/planners.hpp:30:5:[m[K [01;36m[Knote: [m[Kcandidate: ‘[01m[KPlanner::Planner(int, World*)[m[K’
[1.828s]    30 |     [01;36m[KPlanner[m[K(int step_size, World* w);
[1.828s]       |     [01;36m[K^~~~~~~[m[K
[1.828s] [01m[K/home/emily/sa-mrbt_ws/src/simplified_marine_sim/include/planners.hpp:30:35:[m[K [01;36m[Knote: [m[K  no known conversion for argument 2 from ‘[01m[KWorld[m[K’ to ‘[01m[KWorld*[m[K’
[1.828s]    30 |     Planner(int step_size, [01;36m[KWorld* w[m[K);
[1.828s]       |                            [01;36m[K~~~~~~~^[m[K
[1.828s] [01m[K/home/emily/sa-mrbt_ws/src/simplified_marine_sim/include/planners.hpp:23:7:[m[K [01;36m[Knote: [m[Kcandidate: ‘[01m[KPlanner::Planner(const Planner&)[m[K’
[1.828s]    23 | class [01;36m[KPlanner[m[K {
[1.828s]       |       [01;36m[K^~~~~~~[m[K
[1.829s] [01m[K/home/emily/sa-mrbt_ws/src/simplified_marine_sim/include/planners.hpp:23:7:[m[K [01;36m[Knote: [m[K  candidate expects 1 argument, 2 provided
[1.829s] [01m[K/home/emily/sa-mrbt_ws/src/simplified_marine_sim/include/planners.hpp:23:7:[m[K [01;36m[Knote: [m[Kcandidate: ‘[01m[KPlanner::Planner(Planner&&)[m[K’
[1.829s] [01m[K/home/emily/sa-mrbt_ws/src/simplified_marine_sim/include/planners.hpp:23:7:[m[K [01;36m[Knote: [m[K  candidate expects 1 argument, 2 provided
[1.829s] [01m[K/home/emily/sa-mrbt_ws/src/simplified_marine_sim/src/sim.cpp:479:49:[m[K [01;31m[Kerror: [m[Kno matching function for call to ‘[01m[KShortestPath::ShortestPath(int&)[m[K’
[1.829s]   479 |             ShortestPath shortest_path(step_size[01;31m[K)[m[K;
[1.829s]       |                                                 [01;31m[K^[m[K
[1.829s] In file included from [01m[K/home/emily/sa-mrbt_ws/src/simplified_marine_sim/include/robot.hpp:7[m[K,
[1.829s]                  from [01m[K/home/emily/sa-mrbt_ws/src/simplified_marine_sim/include/world.hpp:8[m[K,
[1.829s]                  from [01m[K/home/emily/sa-mrbt_ws/src/simplified_marine_sim/src/sim.cpp:8[m[K:
[1.829s] [01m[K/home/emily/sa-mrbt_ws/src/simplified_marine_sim/include/planners.hpp:60:5:[m[K [01;36m[Knote: [m[Kcandidate: ‘[01m[KShortestPath::ShortestPath(int, World*)[m[K’
[1.829s]    60 |     [01;36m[KShortestPath[m[K(int step_size, World* w);
[1.829s]       |     [01;36m[K^~~~~~~~~~~~[m[K
[1.829s] [01m[K/home/emily/sa-mrbt_ws/src/simplified_marine_sim/include/planners.hpp:60:5:[m[K [01;36m[Knote: [m[K  candidate expects 2 arguments, 1 provided
[1.829s] [01m[K/home/emily/sa-mrbt_ws/src/simplified_marine_sim/include/planners.hpp:58:7:[m[K [01;36m[Knote: [m[Kcandidate: ‘[01m[KShortestPath::ShortestPath(const ShortestPath&)[m[K’
[1.829s]    58 | class [01;36m[KShortestPath[m[K : public Planner {
[1.829s]       |       [01;36m[K^~~~~~~~~~~~[m[K
[1.829s] [01m[K/home/emily/sa-mrbt_ws/src/simplified_marine_sim/include/planners.hpp:58:7:[m[K [01;36m[Knote: [m[K  no known conversion for argument 1 from ‘[01m[Kint[m[K’ to ‘[01m[Kconst ShortestPath&[m[K’
[1.829s] [01m[K/home/emily/sa-mrbt_ws/src/simplified_marine_sim/include/planners.hpp:58:7:[m[K [01;36m[Knote: [m[Kcandidate: ‘[01m[KShortestPath::ShortestPath(ShortestPath&&)[m[K’
[1.829s] [01m[K/home/emily/sa-mrbt_ws/src/simplified_marine_sim/include/planners.hpp:58:7:[m[K [01;36m[Knote: [m[K  no known conversion for argument 1 from ‘[01m[Kint[m[K’ to ‘[01m[KShortestPath&&[m[K’
[1.829s] [01m[K/home/emily/sa-mrbt_ws/src/simplified_marine_sim/src/sim.cpp:480:61:[m[K [01;31m[Kerror: [m[Kno matching function for call to ‘[01m[KCoveragePath::CoveragePath(int&, const int&)[m[K’
[1.829s]   480 |             CoveragePath coverage_path(step_size, obs_radius[01;31m[K)[m[K;
[1.829s]       |                                                             [01;31m[K^[m[K
[1.829s] In file included from [01m[K/home/emily/sa-mrbt_ws/src/simplified_marine_sim/include/robot.hpp:7[m[K,
[1.830s]                  from [01m[K/home/emily/sa-mrbt_ws/src/simplified_marine_sim/include/world.hpp:8[m[K,
[1.830s]                  from [01m[K/home/emily/sa-mrbt_ws/src/simplified_marine_sim/src/sim.cpp:8[m[K:
[1.830s] [01m[K/home/emily/sa-mrbt_ws/src/simplified_marine_sim/include/planners.hpp:77:5:[m[K [01;36m[Knote: [m[Kcandidate: ‘[01m[KCoveragePath::CoveragePath(int, int, World*)[m[K’
[1.830s]    77 |     [01;36m[KCoveragePath[m[K(int step_size, int obs_radius, World* w);
[1.830s]       |     [01;36m[K^~~~~~~~~~~~[m[K
[1.830s] [01m[K/home/emily/sa-mrbt_ws/src/simplified_marine_sim/include/planners.hpp:77:5:[m[K [01;36m[Knote: [m[K  candidate expects 3 arguments, 2 provided
[1.830s] [01m[K/home/emily/sa-mrbt_ws/src/simplified_marine_sim/include/planners.hpp:72:7:[m[K [01;36m[Knote: [m[Kcandidate: ‘[01m[KCoveragePath::CoveragePath(const CoveragePath&)[m[K’
[1.830s]    72 | class [01;36m[KCoveragePath[m[K : public ShortestPath {
[1.830s]       |       [01;36m[K^~~~~~~~~~~~[m[K
[1.830s] [01m[K/home/emily/sa-mrbt_ws/src/simplified_marine_sim/include/planners.hpp:72:7:[m[K [01;36m[Knote: [m[K  candidate expects 1 argument, 2 provided
[1.830s] [01m[K/home/emily/sa-mrbt_ws/src/simplified_marine_sim/include/planners.hpp:72:7:[m[K [01;36m[Knote: [m[Kcandidate: ‘[01m[KCoveragePath::CoveragePath(CoveragePath&&)[m[K’
[1.830s] [01m[K/home/emily/sa-mrbt_ws/src/simplified_marine_sim/include/planners.hpp:72:7:[m[K [01;36m[Knote: [m[K  candidate expects 1 argument, 2 provided
[3.457s] gmake[2]: *** [CMakeFiles/sim.dir/build.make:76: CMakeFiles/sim.dir/src/sim.cpp.o] Error 1
[3.457s] gmake[1]: *** [CMakeFiles/Makefile2:137: CMakeFiles/sim.dir/all] Error 2
[3.457s] gmake: *** [Makefile:146: all] Error 2
[3.459s] Invoked command in '/home/emily/sa-mrbt_ws/build/simulator' returned '2': CMAKE_PREFIX_PATH=/home/emily/sa-mrbt_ws/install/behaviortree_cpp:/home/emily/sa-mrbt_ws/install/simulator:/opt/ros/iron /usr/bin/cmake --build /home/emily/sa-mrbt_ws/build/simulator -- -j12 -l12
