[35m[1mConsolidate compiler generated dependencies of target sim[0m
[ 15%] [32mBuilding CXX object CMakeFiles/sim.dir/src/CBGA.cpp.o[0m
[ 23%] [32mBuilding CXX object CMakeFiles/sim.dir/src/CBBA.cpp.o[0m
[ 23%] [32mBuilding CXX object CMakeFiles/sim.dir/src/sim.cpp.o[0m
[ 30%] [32mBuilding CXX object CMakeFiles/sim.dir/src/message.cpp.o[0m
[ 38%] [32mBuilding CXX object CMakeFiles/sim.dir/src/world.cpp.o[0m
[ 46%] [32mBuilding CXX object CMakeFiles/sim.dir/src/planners.cpp.o[0m
[ 53%] [32mBuilding CXX object CMakeFiles/sim.dir/src/robot.cpp.o[0m
[ 61%] [32mBuilding CXX object CMakeFiles/sim.dir/src/parser.cpp.o[0m
[ 69%] [32mBuilding CXX object CMakeFiles/sim.dir/src/behavior_tree.cpp.o[0m
[ 76%] [32mBuilding CXX object CMakeFiles/sim.dir/src/greedy.cpp.o[0m
[01m[K/home/emily/sa-mrbt_ws/src/simplified_marine_sim/src/behavior_tree.cpp:[m[K In member function ‘[01m[Kvirtual BT::NodeStatus PathClearingNeeded::tick()[m[K’:
[01m[K/home/emily/sa-mrbt_ws/src/simplified_marine_sim/src/behavior_tree.cpp:895:38:[m[K [01;31m[Kerror: [m[Kcould not convert ‘[01m[K(&((PathClearingNeeded*)this)->PathClearingNeeded::_robot)->Robot::PathClearingNeeded()[m[K’ from ‘[01m[Kvoid[m[K’ to ‘[01m[Kbool[m[K’
  895 |         if ([01;31m[K_robot.PathClearingNeeded()[m[K) { //not implemented in robot yet
      |             [01;31m[K~~~~~~~~~~~~~~~~~~~~~~~~~^~[m[K
      |                                      [01;31m[K|[m[K
      |                                      [01;31m[Kvoid[m[K
[01m[K/home/emily/sa-mrbt_ws/src/simplified_marine_sim/src/behavior_tree.cpp:909:1:[m[K [01;35m[Kwarning: [m[Kcontrol reaches end of non-void function [[01;35m[K]8;;https://gcc.gnu.org/onlinedocs/gcc/Warning-Options.html#index-Wreturn-type-Wreturn-type]8;;[m[K]
  909 | [01;35m[K}[m[K
      | [01;35m[K^[m[K
gmake[2]: *** [CMakeFiles/sim.dir/build.make:202: CMakeFiles/sim.dir/src/behavior_tree.cpp.o] Error 1
gmake[2]: *** Waiting for unfinished jobs....
[01m[K/home/emily/sa-mrbt_ws/src/simplified_marine_sim/src/robot.cpp:1076:6:[m[K [01;31m[Kerror: [m[Kno declaration matches ‘[01m[Kbool Robot::PathClearingNeeded()[m[K’
 1076 | bool [01;31m[KRobot[m[K::PathClearingNeeded() {
      |      [01;31m[K^~~~~[m[K
In file included from [01m[K/home/emily/sa-mrbt_ws/src/simplified_marine_sim/include/world.hpp:8[m[K,
                 from [01m[K/home/emily/sa-mrbt_ws/src/simplified_marine_sim/src/robot.cpp:4[m[K:
[01m[K/home/emily/sa-mrbt_ws/src/simplified_marine_sim/include/robot.hpp:153:10:[m[K [01;36m[Knote: [m[Kcandidate is: ‘[01m[Kvoid Robot::PathClearingNeeded()[m[K’
  153 |     void [01;36m[KPathClearingNeeded[m[K();
      |          [01;36m[K^~~~~~~~~~~~~~~~~~[m[K
In file included from [01m[K/home/emily/sa-mrbt_ws/src/simplified_marine_sim/include/world.hpp:8[m[K,
                 from [01m[K/home/emily/sa-mrbt_ws/src/simplified_marine_sim/src/robot.cpp:4[m[K:
[01m[K/home/emily/sa-mrbt_ws/src/simplified_marine_sim/include/robot.hpp:19:7:[m[K [01;36m[Knote: [m[K‘[01m[Kclass Robot[m[K’ defined here
   19 | class [01;36m[KRobot[m[K {
      |       [01;36m[K^~~~~[m[K
gmake[2]: *** [CMakeFiles/sim.dir/build.make:188: CMakeFiles/sim.dir/src/robot.cpp.o] Error 1
gmake[1]: *** [CMakeFiles/Makefile2:137: CMakeFiles/sim.dir/all] Error 2
gmake: *** [Makefile:146: all] Error 2
