[0.006s] Invoking command in '/home/emily/sa-mrbt_ws/build/simulator': CMAKE_PREFIX_PATH=/home/emily/sa-mrbt_ws/install/behaviortree_cpp:/home/emily/sa-mrbt_ws/install/simulator:/opt/ros/iron /usr/bin/cmake --build /home/emily/sa-mrbt_ws/build/simulator -- -j12 -l12
[0.041s] [35m[1mConsolidate compiler generated dependencies of target sim[0m
[0.063s] [  7%] [32mBuilding CXX object CMakeFiles/sim.dir/src/CBGA.cpp.o[0m
[1.729s] [01m[K/home/emily/sa-mrbt_ws/src/simplified_marine_sim/src/CBGA.cpp:[m[K In member function ‘[01m[Kvoid CBGA::runCBBAresolveConflicts(int, int, int, int, int, double, double, std::unordered_map<int, double>&, std::unordered_map<int, double>&)[m[K’:
[1.729s] [01m[K/home/emily/sa-mrbt_ws/src/simplified_marine_sim/src/CBGA.cpp:1112:34:[m[K [01;31m[Kerror: [m[K‘[01m[Kwinning_bids_matrix_i[m[K’ was not declared in this scope
[1.729s]  1112 |             update(j, winner_kj, [01;31m[Kwinning_bids_matrix_i[m[K);
[1.729s]       |                                  [01;31m[K^~~~~~~~~~~~~~~~~~~~~[m[K
[1.735s] [01m[K/home/emily/sa-mrbt_ws/src/simplified_marine_sim/src/CBGA.cpp:1116:38:[m[K [01;31m[Kerror: [m[K‘[01m[Kwinning_bids_matrix_i[m[K’ was not declared in this scope
[1.735s]  1116 |                 update(j, winner_kj, [01;31m[Kwinning_bids_matrix_i[m[K);
[1.735s]       |                                      [01;31m[K^~~~~~~~~~~~~~~~~~~~~[m[K
[1.740s] [01m[K/home/emily/sa-mrbt_ws/src/simplified_marine_sim/src/CBGA.cpp:1126:38:[m[K [01;31m[Kerror: [m[K‘[01m[Kwinning_bids_matrix_i[m[K’ was not declared in this scope
[1.740s]  1126 |                 update(j, winner_kj, [01;31m[Kwinning_bids_matrix_i[m[K);
[1.740s]       |                                      [01;31m[K^~~~~~~~~~~~~~~~~~~~~[m[K
[1.746s] [01m[K/home/emily/sa-mrbt_ws/src/simplified_marine_sim/src/CBGA.cpp:1130:34:[m[K [01;31m[Kerror: [m[K‘[01m[Kwinning_bids_matrix_i[m[K’ was not declared in this scope
[1.746s]  1130 |             update(j, winner_kj, [01;31m[Kwinning_bids_matrix_i[m[K);
[1.746s]       |                                  [01;31m[K^~~~~~~~~~~~~~~~~~~~~[m[K
[1.752s] [01m[K/home/emily/sa-mrbt_ws/src/simplified_marine_sim/src/CBGA.cpp:1137:38:[m[K [01;31m[Kerror: [m[K‘[01m[Kwinning_bids_matrix_i[m[K’ was not declared in this scope
[1.753s]  1137 |                 update(j, winner_kj, [01;31m[Kwinning_bids_matrix_i[m[K);
[1.753s]       |                                      [01;31m[K^~~~~~~~~~~~~~~~~~~~~[m[K
[1.757s] [01m[K/home/emily/sa-mrbt_ws/src/simplified_marine_sim/src/CBGA.cpp:1143:22:[m[K [01;31m[Kerror: [m[K‘[01m[Kwinners_i[m[K’ was not declared in this scope; did you mean ‘[01m[Kwinner_ij[m[K’?
[1.757s]  1143 |             reset(j, [01;31m[Kwinners_i[m[K, winning_bids_i);
[1.757s]       |                      [01;31m[K^~~~~~~~~[m[K
[1.757s]       |                      [32m[Kwinner_ij[m[K
[1.761s] [01m[K/home/emily/sa-mrbt_ws/src/simplified_marine_sim/src/CBGA.cpp:1143:33:[m[K [01;31m[Kerror: [m[K‘[01m[Kwinning_bids_i[m[K’ was not declared in this scope; did you mean ‘[01m[Kwinning_bid_ij[m[K’?
[1.761s]  1143 |             reset(j, winners_i, [01;31m[Kwinning_bids_i[m[K);
[1.761s]       |                                 [01;31m[K^~~~~~~~~~~~~~[m[K
[1.761s]       |                                 [32m[Kwinning_bid_ij[m[K
[1.767s] [01m[K/home/emily/sa-mrbt_ws/src/simplified_marine_sim/src/CBGA.cpp:1147:26:[m[K [01;31m[Kerror: [m[K‘[01m[Kwinning_bids_matrix_i[m[K’ was not declared in this scope
[1.767s]  1147 |                 reset(j, [01;31m[Kwinning_bids_matrix_i[m[K);
[1.767s]       |                          [01;31m[K^~~~~~~~~~~~~~~~~~~~~[m[K
[1.772s] [01m[K/home/emily/sa-mrbt_ws/src/simplified_marine_sim/src/CBGA.cpp:1156:38:[m[K [01;31m[Kerror: [m[K‘[01m[Kwinning_bids_matrix_i[m[K’ was not declared in this scope
[1.772s]  1156 |                 update(j, winner_kj, [01;31m[Kwinning_bids_matrix_i[m[K);
[1.773s]       |                                      [01;31m[K^~~~~~~~~~~~~~~~~~~~~[m[K
[1.779s] [01m[K/home/emily/sa-mrbt_ws/src/simplified_marine_sim/src/CBGA.cpp:1160:38:[m[K [01;31m[Kerror: [m[K‘[01m[Kwinning_bids_matrix_i[m[K’ was not declared in this scope
[1.779s]  1160 |                 update(j, winner_kj, [01;31m[Kwinning_bids_matrix_i[m[K);;
[1.779s]       |                                      [01;31m[K^~~~~~~~~~~~~~~~~~~~~[m[K
[1.786s] [01m[K/home/emily/sa-mrbt_ws/src/simplified_marine_sim/src/CBGA.cpp:1162:26:[m[K [01;31m[Kerror: [m[K‘[01m[Kwinning_bids_matrix_i[m[K’ was not declared in this scope
[1.786s]  1162 |                 reset(j, [01;31m[Kwinning_bids_matrix_i[m[K);
[1.787s]       |                          [01;31m[K^~~~~~~~~~~~~~~~~~~~~[m[K
[1.794s] [01m[K/home/emily/sa-mrbt_ws/src/simplified_marine_sim/src/CBGA.cpp:1166:38:[m[K [01;31m[Kerror: [m[K‘[01m[Kwinning_bids_matrix_i[m[K’ was not declared in this scope
[1.794s]  1166 |                 update(j, winner_kj, [01;31m[Kwinning_bids_matrix_i[m[K);;
[1.794s]       |                                      [01;31m[K^~~~~~~~~~~~~~~~~~~~~[m[K
[1.800s] [01m[K/home/emily/sa-mrbt_ws/src/simplified_marine_sim/src/CBGA.cpp:1172:38:[m[K [01;31m[Kerror: [m[K‘[01m[Kwinning_bids_matrix_i[m[K’ was not declared in this scope
[1.800s]  1172 |                 update(j, winner_kj, [01;31m[Kwinning_bids_matrix_i[m[K);
[1.800s]       |                                      [01;31m[K^~~~~~~~~~~~~~~~~~~~~[m[K
[1.805s] [01m[K/home/emily/sa-mrbt_ws/src/simplified_marine_sim/src/CBGA.cpp:1174:26:[m[K [01;31m[Kerror: [m[K‘[01m[Kwinning_bids_matrix_i[m[K’ was not declared in this scope
[1.805s]  1174 |                 reset(j, [01;31m[Kwinning_bids_matrix_i[m[K);
[1.805s]       |                          [01;31m[K^~~~~~~~~~~~~~~~~~~~~[m[K
[1.811s] [01m[K/home/emily/sa-mrbt_ws/src/simplified_marine_sim/src/CBGA.cpp:1180:34:[m[K [01;31m[Kerror: [m[K‘[01m[Kwinning_bids_matrix_i[m[K’ was not declared in this scope
[1.811s]  1180 |             update(j, winner_kj, [01;31m[Kwinning_bids_matrix_i[m[K);
[1.811s]       |                                  [01;31m[K^~~~~~~~~~~~~~~~~~~~~[m[K
[1.817s] [01m[K/home/emily/sa-mrbt_ws/src/simplified_marine_sim/src/CBGA.cpp:1184:38:[m[K [01;31m[Kerror: [m[K‘[01m[Kwinning_bids_matrix_i[m[K’ was not declared in this scope
[1.817s]  1184 |                 update(j, winner_kj, [01;31m[Kwinning_bids_matrix_i[m[K);
[1.817s]       |                                      [01;31m[K^~~~~~~~~~~~~~~~~~~~~[m[K
[1.819s] [01m[K/home/emily/sa-mrbt_ws/src/simplified_marine_sim/src/CBGA.cpp:[m[K In member function ‘[01m[Kvoid CBGA::resolveConflicts(bool)[m[K’:
[1.819s] [01m[K/home/emily/sa-mrbt_ws/src/simplified_marine_sim/src/CBGA.cpp:1273:40:[m[K [01;31m[Kerror: [m[Kno matching function for call to ‘[01m[KCBGA::runCBBAresolveConflicts(int&, int&, int&, int&, double&, double&, std::unordered_map<int, double>&, std::unordered_map<int, double>&)[m[K’
[1.819s]  1273 |                 [01;31m[KrunCBBAresolveConflicts(id_i, id_k, winner_ij, winner_kj, winning_bid_ij, winning_bid_kj, timestamps_i, timestamps_k)[m[K;
[1.819s]       |                 [01;31m[K~~~~~~~~~~~~~~~~~~~~~~~^~~~~~~~~~~~~~~~~~~~~~~~~~~~~~~~~~~~~~~~~~~~~~~~~~~~~~~~~~~~~~~~~~~~~~~~~~~~~~~~~~~~~~~~~~~~~~[m[K
[1.819s] [01m[K/home/emily/sa-mrbt_ws/src/simplified_marine_sim/src/CBGA.cpp:1090:6:[m[K [01;36m[Knote: [m[Kcandidate: ‘[01m[Kvoid CBGA::runCBBAresolveConflicts(int, int, int, int, int, double, double, std::unordered_map<int, double>&, std::unordered_map<int, double>&)[m[K’
[1.819s]  1090 | void [01;36m[KCBGA[m[K::runCBBAresolveConflicts(int j, int id_i, int id_k, int winner_ij, int winner_kj, double winning_bid_ij, double winning_bid_kj,
[1.819s]       |      [01;36m[K^~~~[m[K
[1.819s] [01m[K/home/emily/sa-mrbt_ws/src/simplified_marine_sim/src/CBGA.cpp:1090:6:[m[K [01;36m[Knote: [m[K  candidate expects 9 arguments, 8 provided
[2.631s] gmake[2]: *** [CMakeFiles/sim.dir/build.make:104: CMakeFiles/sim.dir/src/CBGA.cpp.o] Error 1
[2.631s] gmake[1]: *** [CMakeFiles/Makefile2:137: CMakeFiles/sim.dir/all] Error 2
[2.631s] gmake: *** [Makefile:146: all] Error 2
[2.633s] Invoked command in '/home/emily/sa-mrbt_ws/build/simulator' returned '2': CMAKE_PREFIX_PATH=/home/emily/sa-mrbt_ws/install/behaviortree_cpp:/home/emily/sa-mrbt_ws/install/simulator:/opt/ros/iron /usr/bin/cmake --build /home/emily/sa-mrbt_ws/build/simulator -- -j12 -l12
