[  2%] Built target lexy_file
[  3%] Built target minitrace
[  4%] Built target gtest_main
[  6%] Built target gtest
[35m[1mConsolidate compiler generated dependencies of target behaviortree_cpp[0m
[  7%] [32mBuilding CXX object CMakeFiles/behaviortree_cpp.dir/src/behavior_tree.cpp.o[0m
[  8%] [32mBuilding CXX object CMakeFiles/behaviortree_cpp.dir/src/bt_factory.cpp.o[0m
[ 10%] [32mBuilding CXX object CMakeFiles/behaviortree_cpp.dir/src/xml_parsing.cpp.o[0m
[ 10%] [32mBuilding CXX object CMakeFiles/behaviortree_cpp.dir/src/actions/updated_action.cpp.o[0m
[ 11%] [32mBuilding CXX object CMakeFiles/behaviortree_cpp.dir/src/decorators/updated_decorator.cpp.o[0m
[ 12%] [32mBuilding CXX object CMakeFiles/behaviortree_cpp.dir/src/controls/counter_sequence.cpp.o[0m
[ 12%] [32mBuilding CXX object CMakeFiles/behaviortree_cpp.dir/src/loggers/bt_cout_logger.cpp.o[0m
[ 13%] [32mBuilding CXX object CMakeFiles/behaviortree_cpp.dir/src/loggers/bt_file_logger_v2.cpp.o[0m
[ 14%] [32mBuilding CXX object CMakeFiles/behaviortree_cpp.dir/src/loggers/bt_minitrace_logger.cpp.o[0m
[ 15%] [32mBuilding CXX object CMakeFiles/behaviortree_cpp.dir/src/loggers/bt_observer.cpp.o[0m
[ 16%] [32mBuilding CXX object CMakeFiles/behaviortree_cpp.dir/src/loggers/groot2_publisher.cpp.o[0m
[ 17%] [32mBuilding CXX object CMakeFiles/behaviortree_cpp.dir/src/loggers/bt_sqlite_logger.cpp.o[0m
[01m[K/home/emily/sa-mrbt_ws/src/BehaviorTree.CPP/src/controls/counter_sequence.cpp:[m[K In constructor ‘[01m[KBT::CounterSequence::CounterSequence(const string&, const BT::NodeConfig&)[m[K’:
[01m[K/home/emily/sa-mrbt_ws/src/BehaviorTree.CPP/src/controls/counter_sequence.cpp:25:35:[m[K [01;31m[Kerror: [m[K‘[01m[Ktask_is_main[m[K’ was not declared in this scope; did you mean ‘[01m[Ktask_is_main_[m[K’?
   25 |     if (!getInput("task_is_main", [01;31m[Ktask_is_main[m[K)) {
      |                                   [01;31m[K^~~~~~~~~~~~[m[K
      |                                   [32m[Ktask_is_main_[m[K
[01m[K/home/emily/sa-mrbt_ws/src/BehaviorTree.CPP/src/controls/counter_sequence.cpp:29:38:[m[K [01;31m[Kerror: [m[K‘[01m[Kcurrent_task_id[m[K’ was not declared in this scope; did you mean ‘[01m[Kcurrent_task_id_[m[K’?
   29 |     if (!getInput("current_task_id", [01;31m[Kcurrent_task_id[m[K)) {
      |                                      [01;31m[K^~~~~~~~~~~~~~~[m[K
      |                                      [32m[Kcurrent_task_id_[m[K
[01m[K/home/emily/sa-mrbt_ws/src/BehaviorTree.CPP/src/controls/counter_sequence.cpp:33:49:[m[K [01;31m[Kerror: [m[K‘[01m[Ksubtask_failure_thresholds[m[K’ was not declared in this scope; did you mean ‘[01m[Ksubtask_failure_thresholds_[m[K’?
   33 |     if (!getInput("subtask_failure_thresholds", [01;31m[Ksubtask_failure_thresholds[m[K)) {
      |                                                 [01;31m[K^~~~~~~~~~~~~~~~~~~~~~~~~~[m[K
      |                                                 [32m[Ksubtask_failure_thresholds_[m[K
[01m[K/home/emily/sa-mrbt_ws/src/BehaviorTree.CPP/src/controls/counter_sequence.cpp:[m[K In member function ‘[01m[Kvirtual BT::NodeStatus BT::CounterSequence::tick()[m[K’:
[01m[K/home/emily/sa-mrbt_ws/src/BehaviorTree.CPP/src/controls/counter_sequence.cpp:48:25:[m[K [01;31m[Kerror: [m[K‘[01m[Ktask_is_main[m[K’ was not declared in this scope; did you mean ‘[01m[Ktask_is_main_[m[K’?
   48 |         task_is_main_ = [01;31m[Ktask_is_main[m[K.value();
      |                         [01;31m[K^~~~~~~~~~~~[m[K
      |                         [32m[Ktask_is_main_[m[K
gmake[2]: *** [CMakeFiles/behaviortree_cpp.dir/build.make:482: CMakeFiles/behaviortree_cpp.dir/src/controls/counter_sequence.cpp.o] Error 1
gmake[2]: *** Waiting for unfinished jobs....
gmake[1]: *** [CMakeFiles/Makefile2:340: CMakeFiles/behaviortree_cpp.dir/all] Error 2
gmake: *** [Makefile:146: all] Error 2
