In file included from [01m[K/home/emily/sa-mrbt_ws/src/simplified_marine_sim/include/utils.hpp:7[m[K,
                 from [01m[K/home/emily/sa-mrbt_ws/src/simplified_marine_sim/src/parser.cpp:7[m[K:
[01m[K/home/emily/sa-mrbt_ws/src/simplified_marine_sim/include/robot.hpp:[m[K In member function ‘[01m[Kbool& Robot::getAtConsensus() const[m[K’:
[01m[K/home/emily/sa-mrbt_ws/src/simplified_marine_sim/include/robot.hpp:140:43:[m[K [01;31m[Kerror: [m[Kbinding reference of type ‘[01m[Kbool&[m[K’ to ‘[01m[Kconst bool[m[K’ discards qualifiers
  140 |     bool& getAtConsensus() const { return [01;31m[Kat_consensus[m[K; }
      |                                           [01;31m[K^~~~~~~~~~~~[m[K
In file included from [01m[K/home/emily/sa-mrbt_ws/src/simplified_marine_sim/include/world.hpp:8[m[K,
                 from [01m[K/home/emily/sa-mrbt_ws/src/simplified_marine_sim/src/robot.cpp:4[m[K:
[01m[K/home/emily/sa-mrbt_ws/src/simplified_marine_sim/include/robot.hpp:[m[K In member function ‘[01m[Kbool& Robot::getAtConsensus() const[m[K’:
[01m[K/home/emily/sa-mrbt_ws/src/simplified_marine_sim/include/robot.hpp:140:43:[m[K [01;31m[Kerror: [m[Kbinding reference of type ‘[01m[Kbool&[m[K’ to ‘[01m[Kconst bool[m[K’ discards qualifiers
  140 |     bool& getAtConsensus() const { return [01;31m[Kat_consensus[m[K; }
      |                                           [01;31m[K^~~~~~~~~~~~[m[K
In file included from [01m[K/home/emily/sa-mrbt_ws/src/simplified_marine_sim/include/world.hpp:8[m[K,
                 from [01m[K/home/emily/sa-mrbt_ws/src/simplified_marine_sim/src/CBBA.cpp:6[m[K:
[01m[K/home/emily/sa-mrbt_ws/src/simplified_marine_sim/include/robot.hpp:[m[K In member function ‘[01m[Kbool& Robot::getAtConsensus() const[m[K’:
[01m[K/home/emily/sa-mrbt_ws/src/simplified_marine_sim/include/robot.hpp:140:43:[m[K [01;31m[Kerror: [m[Kbinding reference of type ‘[01m[Kbool&[m[K’ to ‘[01m[Kconst bool[m[K’ discards qualifiers
  140 |     bool& getAtConsensus() const { return [01;31m[Kat_consensus[m[K; }
      |                                           [01;31m[K^~~~~~~~~~~~[m[K
In file included from [01m[K/home/emily/sa-mrbt_ws/src/simplified_marine_sim/include/world.hpp:8[m[K,
                 from [01m[K/home/emily/sa-mrbt_ws/src/simplified_marine_sim/src/planners.cpp:4[m[K:
[01m[K/home/emily/sa-mrbt_ws/src/simplified_marine_sim/include/robot.hpp:[m[K In member function ‘[01m[Kbool& Robot::getAtConsensus() const[m[K’:
[01m[K/home/emily/sa-mrbt_ws/src/simplified_marine_sim/include/robot.hpp:140:43:[m[K [01;31m[Kerror: [m[Kbinding reference of type ‘[01m[Kbool&[m[K’ to ‘[01m[Kconst bool[m[K’ discards qualifiers
  140 |     bool& getAtConsensus() const { return [01;31m[Kat_consensus[m[K; }
      |                                           [01;31m[K^~~~~~~~~~~~[m[K
In file included from [01m[K/home/emily/sa-mrbt_ws/src/simplified_marine_sim/include/world.hpp:8[m[K,
                 from [01m[K/home/emily/sa-mrbt_ws/src/simplified_marine_sim/src/world.cpp:4[m[K:
[01m[K/home/emily/sa-mrbt_ws/src/simplified_marine_sim/include/robot.hpp:[m[K In member function ‘[01m[Kbool& Robot::getAtConsensus() const[m[K’:
[01m[K/home/emily/sa-mrbt_ws/src/simplified_marine_sim/include/robot.hpp:140:43:[m[K [01;31m[Kerror: [m[Kbinding reference of type ‘[01m[Kbool&[m[K’ to ‘[01m[Kconst bool[m[K’ discards qualifiers
  140 |     bool& getAtConsensus() const { return [01;31m[Kat_consensus[m[K; }
      |                                           [01;31m[K^~~~~~~~~~~~[m[K
In file included from [01m[K/home/emily/sa-mrbt_ws/src/simplified_marine_sim/include/world.hpp:8[m[K,
                 from [01m[K/home/emily/sa-mrbt_ws/src/simplified_marine_sim/include/message.hpp:6[m[K,
                 from [01m[K/home/emily/sa-mrbt_ws/src/simplified_marine_sim/src/message.cpp:2[m[K:
[01m[K/home/emily/sa-mrbt_ws/src/simplified_marine_sim/include/robot.hpp:[m[K In member function ‘[01m[Kbool& Robot::getAtConsensus() const[m[K’:
[01m[K/home/emily/sa-mrbt_ws/src/simplified_marine_sim/include/robot.hpp:140:43:[m[K [01;31m[Kerror: [m[Kbinding reference of type ‘[01m[Kbool&[m[K’ to ‘[01m[Kconst bool[m[K’ discards qualifiers
  140 |     bool& getAtConsensus() const { return [01;31m[Kat_consensus[m[K; }
      |                                           [01;31m[K^~~~~~~~~~~~[m[K
In file included from [01m[K/home/emily/sa-mrbt_ws/src/simplified_marine_sim/include/world.hpp:8[m[K,
                 from [01m[K/home/emily/sa-mrbt_ws/src/simplified_marine_sim/src/greedy.cpp:6[m[K:
[01m[K/home/emily/sa-mrbt_ws/src/simplified_marine_sim/include/robot.hpp:[m[K In member function ‘[01m[Kbool& Robot::getAtConsensus() const[m[K’:
[01m[K/home/emily/sa-mrbt_ws/src/simplified_marine_sim/include/robot.hpp:140:43:[m[K [01;31m[Kerror: [m[Kbinding reference of type ‘[01m[Kbool&[m[K’ to ‘[01m[Kconst bool[m[K’ discards qualifiers
  140 |     bool& getAtConsensus() const { return [01;31m[Kat_consensus[m[K; }
      |                                           [01;31m[K^~~~~~~~~~~~[m[K
In file included from [01m[K/home/emily/sa-mrbt_ws/src/simplified_marine_sim/include/world.hpp:8[m[K,
                 from [01m[K/home/emily/sa-mrbt_ws/src/simplified_marine_sim/src/CBGA.cpp:6[m[K:
[01m[K/home/emily/sa-mrbt_ws/src/simplified_marine_sim/include/robot.hpp:[m[K In member function ‘[01m[Kbool& Robot::getAtConsensus() const[m[K’:
[01m[K/home/emily/sa-mrbt_ws/src/simplified_marine_sim/include/robot.hpp:140:43:[m[K [01;31m[Kerror: [m[Kbinding reference of type ‘[01m[Kbool&[m[K’ to ‘[01m[Kconst bool[m[K’ discards qualifiers
  140 |     bool& getAtConsensus() const { return [01;31m[Kat_consensus[m[K; }
      |                                           [01;31m[K^~~~~~~~~~~~[m[K
In file included from [01m[K/home/emily/sa-mrbt_ws/src/simplified_marine_sim/include/world.hpp:8[m[K,
                 from [01m[K/home/emily/sa-mrbt_ws/src/simplified_marine_sim/src/sim.cpp:8[m[K:
[01m[K/home/emily/sa-mrbt_ws/src/simplified_marine_sim/include/robot.hpp:[m[K In member function ‘[01m[Kbool& Robot::getAtConsensus() const[m[K’:
[01m[K/home/emily/sa-mrbt_ws/src/simplified_marine_sim/include/robot.hpp:140:43:[m[K [01;31m[Kerror: [m[Kbinding reference of type ‘[01m[Kbool&[m[K’ to ‘[01m[Kconst bool[m[K’ discards qualifiers
  140 |     bool& getAtConsensus() const { return [01;31m[Kat_consensus[m[K; }
      |                                           [01;31m[K^~~~~~~~~~~~[m[K
In file included from [01m[K/home/emily/sa-mrbt_ws/src/simplified_marine_sim/include/world.hpp:8[m[K,
                 from [01m[K/home/emily/sa-mrbt_ws/src/simplified_marine_sim/include/behavior_tree.hpp:7[m[K,
                 from [01m[K/home/emily/sa-mrbt_ws/src/simplified_marine_sim/src/behavior_tree.cpp:1[m[K:
[01m[K/home/emily/sa-mrbt_ws/src/simplified_marine_sim/include/robot.hpp:[m[K In member function ‘[01m[Kbool& Robot::getAtConsensus() const[m[K’:
[01m[K/home/emily/sa-mrbt_ws/src/simplified_marine_sim/include/robot.hpp:140:43:[m[K [01;31m[Kerror: [m[Kbinding reference of type ‘[01m[Kbool&[m[K’ to ‘[01m[Kconst bool[m[K’ discards qualifiers
  140 |     bool& getAtConsensus() const { return [01;31m[Kat_consensus[m[K; }
      |                                           [01;31m[K^~~~~~~~~~~~[m[K
gmake[2]: *** [CMakeFiles/sim.dir/build.make:216: CMakeFiles/sim.dir/src/parser.cpp.o] Error 1
gmake[2]: *** Waiting for unfinished jobs....
gmake[2]: *** [CMakeFiles/sim.dir/build.make:230: CMakeFiles/sim.dir/src/greedy.cpp.o] Error 1
gmake[2]: *** [CMakeFiles/sim.dir/build.make:174: CMakeFiles/sim.dir/src/planners.cpp.o] Error 1
gmake[2]: *** [CMakeFiles/sim.dir/build.make:90: CMakeFiles/sim.dir/src/CBBA.cpp.o] Error 1
gmake[2]: *** [CMakeFiles/sim.dir/build.make:132: CMakeFiles/sim.dir/src/message.cpp.o] Error 1
gmake[2]: *** [CMakeFiles/sim.dir/build.make:104: CMakeFiles/sim.dir/src/CBGA.cpp.o] Error 1
gmake[2]: *** [CMakeFiles/sim.dir/build.make:160: CMakeFiles/sim.dir/src/world.cpp.o] Error 1
gmake[2]: *** [CMakeFiles/sim.dir/build.make:202: CMakeFiles/sim.dir/src/behavior_tree.cpp.o] Error 1
gmake[2]: *** [CMakeFiles/sim.dir/build.make:76: CMakeFiles/sim.dir/src/sim.cpp.o] Error 1
gmake[2]: *** [CMakeFiles/sim.dir/build.make:188: CMakeFiles/sim.dir/src/robot.cpp.o] Error 1
gmake[1]: *** [CMakeFiles/Makefile2:137: CMakeFiles/sim.dir/all] Error 2
gmake: *** [Makefile:146: all] Error 2
