[0.006s] Invoking command in '/home/emily/sa-mrbt_ws/build/simulator': CMAKE_PREFIX_PATH=/home/emily/sa-mrbt_ws/install/behaviortree_cpp:/home/emily/sa-mrbt_ws/install/simulator:/opt/ros/iron /usr/bin/cmake --build /home/emily/sa-mrbt_ws/build/simulator -- -j12 -l12
[0.037s] [35m[1mConsolidate compiler generated dependencies of target sim[0m
[0.061s] [ 15%] [32mBuilding CXX object CMakeFiles/sim.dir/src/sim.cpp.o[0m
[0.061s] [ 15%] [32mBuilding CXX object CMakeFiles/sim.dir/src/CBBA.cpp.o[0m
[0.061s] [ 23%] [32mBuilding CXX object CMakeFiles/sim.dir/src/CBGA.cpp.o[0m
[0.062s] [ 30%] [32mBuilding CXX object CMakeFiles/sim.dir/src/world.cpp.o[0m
[0.063s] [ 38%] [32mBuilding CXX object CMakeFiles/sim.dir/src/message.cpp.o[0m
[0.064s] [ 46%] [32mBuilding CXX object CMakeFiles/sim.dir/src/robot.cpp.o[0m
[0.064s] [ 53%] [32mBuilding CXX object CMakeFiles/sim.dir/src/planners.cpp.o[0m
[0.064s] [ 61%] [32mBuilding CXX object CMakeFiles/sim.dir/src/behavior_tree.cpp.o[0m
[0.065s] [ 69%] [32mBuilding CXX object CMakeFiles/sim.dir/src/parser.cpp.o[0m
[0.067s] [ 76%] [32mBuilding CXX object CMakeFiles/sim.dir/src/greedy.cpp.o[0m
[2.270s] In file included from [01m[K/home/emily/sa-mrbt_ws/src/simplified_marine_sim/include/utils.hpp:7[m[K,
[2.271s]                  from [01m[K/home/emily/sa-mrbt_ws/src/simplified_marine_sim/src/parser.cpp:7[m[K:
[2.271s] [01m[K/home/emily/sa-mrbt_ws/src/simplified_marine_sim/include/robot.hpp:[m[K In member function ‘[01m[Kbool& Robot::getAtConsensus() const[m[K’:
[2.271s] [01m[K/home/emily/sa-mrbt_ws/src/simplified_marine_sim/include/robot.hpp:140:43:[m[K [01;31m[Kerror: [m[Kbinding reference of type ‘[01m[Kbool&[m[K’ to ‘[01m[Kconst bool[m[K’ discards qualifiers
[2.271s]   140 |     bool& getAtConsensus() const { return [01;31m[Kat_consensus[m[K; }
[2.271s]       |                                           [01;31m[K^~~~~~~~~~~~[m[K
[2.348s] In file included from [01m[K/home/emily/sa-mrbt_ws/src/simplified_marine_sim/include/world.hpp:8[m[K,
[2.348s]                  from [01m[K/home/emily/sa-mrbt_ws/src/simplified_marine_sim/src/robot.cpp:4[m[K:
[2.348s] [01m[K/home/emily/sa-mrbt_ws/src/simplified_marine_sim/include/robot.hpp:[m[K In member function ‘[01m[Kbool& Robot::getAtConsensus() const[m[K’:
[2.348s] [01m[K/home/emily/sa-mrbt_ws/src/simplified_marine_sim/include/robot.hpp:140:43:[m[K [01;31m[Kerror: [m[Kbinding reference of type ‘[01m[Kbool&[m[K’ to ‘[01m[Kconst bool[m[K’ discards qualifiers
[2.348s]   140 |     bool& getAtConsensus() const { return [01;31m[Kat_consensus[m[K; }
[2.349s]       |                                           [01;31m[K^~~~~~~~~~~~[m[K
[2.686s] In file included from [01m[K/home/emily/sa-mrbt_ws/src/simplified_marine_sim/include/world.hpp:8[m[K,
[2.686s]                  from [01m[K/home/emily/sa-mrbt_ws/src/simplified_marine_sim/src/CBBA.cpp:6[m[K:
[2.686s] [01m[K/home/emily/sa-mrbt_ws/src/simplified_marine_sim/include/robot.hpp:[m[K In member function ‘[01m[Kbool& Robot::getAtConsensus() const[m[K’:
[2.687s] [01m[K/home/emily/sa-mrbt_ws/src/simplified_marine_sim/include/robot.hpp:140:43:[m[K [01;31m[Kerror: [m[Kbinding reference of type ‘[01m[Kbool&[m[K’ to ‘[01m[Kconst bool[m[K’ discards qualifiers
[2.687s]   140 |     bool& getAtConsensus() const { return [01;31m[Kat_consensus[m[K; }
[2.687s]       |                                           [01;31m[K^~~~~~~~~~~~[m[K
[2.732s] In file included from [01m[K/home/emily/sa-mrbt_ws/src/simplified_marine_sim/include/world.hpp:8[m[K,
[2.732s]                  from [01m[K/home/emily/sa-mrbt_ws/src/simplified_marine_sim/src/planners.cpp:4[m[K:
[2.732s] [01m[K/home/emily/sa-mrbt_ws/src/simplified_marine_sim/include/robot.hpp:[m[K In member function ‘[01m[Kbool& Robot::getAtConsensus() const[m[K’:
[2.732s] [01m[K/home/emily/sa-mrbt_ws/src/simplified_marine_sim/include/robot.hpp:140:43:[m[K [01;31m[Kerror: [m[Kbinding reference of type ‘[01m[Kbool&[m[K’ to ‘[01m[Kconst bool[m[K’ discards qualifiers
[2.732s]   140 |     bool& getAtConsensus() const { return [01;31m[Kat_consensus[m[K; }
[2.732s]       |                                           [01;31m[K^~~~~~~~~~~~[m[K
[2.902s] In file included from [01m[K/home/emily/sa-mrbt_ws/src/simplified_marine_sim/include/world.hpp:8[m[K,
[2.902s]                  from [01m[K/home/emily/sa-mrbt_ws/src/simplified_marine_sim/src/world.cpp:4[m[K:
[2.902s] [01m[K/home/emily/sa-mrbt_ws/src/simplified_marine_sim/include/robot.hpp:[m[K In member function ‘[01m[Kbool& Robot::getAtConsensus() const[m[K’:
[2.902s] [01m[K/home/emily/sa-mrbt_ws/src/simplified_marine_sim/include/robot.hpp:140:43:[m[K [01;31m[Kerror: [m[Kbinding reference of type ‘[01m[Kbool&[m[K’ to ‘[01m[Kconst bool[m[K’ discards qualifiers
[2.902s]   140 |     bool& getAtConsensus() const { return [01;31m[Kat_consensus[m[K; }
[2.902s]       |                                           [01;31m[K^~~~~~~~~~~~[m[K
[2.941s] In file included from [01m[K/home/emily/sa-mrbt_ws/src/simplified_marine_sim/include/world.hpp:8[m[K,
[2.941s]                  from [01m[K/home/emily/sa-mrbt_ws/src/simplified_marine_sim/include/message.hpp:6[m[K,
[2.941s]                  from [01m[K/home/emily/sa-mrbt_ws/src/simplified_marine_sim/src/message.cpp:2[m[K:
[2.941s] [01m[K/home/emily/sa-mrbt_ws/src/simplified_marine_sim/include/robot.hpp:[m[K In member function ‘[01m[Kbool& Robot::getAtConsensus() const[m[K’:
[2.941s] [01m[K/home/emily/sa-mrbt_ws/src/simplified_marine_sim/include/robot.hpp:140:43:[m[K [01;31m[Kerror: [m[Kbinding reference of type ‘[01m[Kbool&[m[K’ to ‘[01m[Kconst bool[m[K’ discards qualifiers
[2.941s]   140 |     bool& getAtConsensus() const { return [01;31m[Kat_consensus[m[K; }
[2.941s]       |                                           [01;31m[K^~~~~~~~~~~~[m[K
[2.943s] In file included from [01m[K/home/emily/sa-mrbt_ws/src/simplified_marine_sim/include/world.hpp:8[m[K,
[2.943s]                  from [01m[K/home/emily/sa-mrbt_ws/src/simplified_marine_sim/src/greedy.cpp:6[m[K:
[2.943s] [01m[K/home/emily/sa-mrbt_ws/src/simplified_marine_sim/include/robot.hpp:[m[K In member function ‘[01m[Kbool& Robot::getAtConsensus() const[m[K’:
[2.943s] [01m[K/home/emily/sa-mrbt_ws/src/simplified_marine_sim/include/robot.hpp:140:43:[m[K [01;31m[Kerror: [m[Kbinding reference of type ‘[01m[Kbool&[m[K’ to ‘[01m[Kconst bool[m[K’ discards qualifiers
[2.943s]   140 |     bool& getAtConsensus() const { return [01;31m[Kat_consensus[m[K; }
[2.943s]       |                                           [01;31m[K^~~~~~~~~~~~[m[K
[2.944s] In file included from [01m[K/home/emily/sa-mrbt_ws/src/simplified_marine_sim/include/world.hpp:8[m[K,
[2.944s]                  from [01m[K/home/emily/sa-mrbt_ws/src/simplified_marine_sim/src/CBGA.cpp:6[m[K:
[2.944s] [01m[K/home/emily/sa-mrbt_ws/src/simplified_marine_sim/include/robot.hpp:[m[K In member function ‘[01m[Kbool& Robot::getAtConsensus() const[m[K’:
[2.944s] [01m[K/home/emily/sa-mrbt_ws/src/simplified_marine_sim/include/robot.hpp:140:43:[m[K [01;31m[Kerror: [m[Kbinding reference of type ‘[01m[Kbool&[m[K’ to ‘[01m[Kconst bool[m[K’ discards qualifiers
[2.944s]   140 |     bool& getAtConsensus() const { return [01;31m[Kat_consensus[m[K; }
[2.944s]       |                                           [01;31m[K^~~~~~~~~~~~[m[K
[3.003s] In file included from [01m[K/home/emily/sa-mrbt_ws/src/simplified_marine_sim/include/world.hpp:8[m[K,
[3.003s]                  from [01m[K/home/emily/sa-mrbt_ws/src/simplified_marine_sim/src/sim.cpp:8[m[K:
[3.003s] [01m[K/home/emily/sa-mrbt_ws/src/simplified_marine_sim/include/robot.hpp:[m[K In member function ‘[01m[Kbool& Robot::getAtConsensus() const[m[K’:
[3.004s] [01m[K/home/emily/sa-mrbt_ws/src/simplified_marine_sim/include/robot.hpp:140:43:[m[K [01;31m[Kerror: [m[Kbinding reference of type ‘[01m[Kbool&[m[K’ to ‘[01m[Kconst bool[m[K’ discards qualifiers
[3.004s]   140 |     bool& getAtConsensus() const { return [01;31m[Kat_consensus[m[K; }
[3.004s]       |                                           [01;31m[K^~~~~~~~~~~~[m[K
[3.134s] In file included from [01m[K/home/emily/sa-mrbt_ws/src/simplified_marine_sim/include/world.hpp:8[m[K,
[3.134s]                  from [01m[K/home/emily/sa-mrbt_ws/src/simplified_marine_sim/include/behavior_tree.hpp:7[m[K,
[3.134s]                  from [01m[K/home/emily/sa-mrbt_ws/src/simplified_marine_sim/src/behavior_tree.cpp:1[m[K:
[3.134s] [01m[K/home/emily/sa-mrbt_ws/src/simplified_marine_sim/include/robot.hpp:[m[K In member function ‘[01m[Kbool& Robot::getAtConsensus() const[m[K’:
[3.135s] [01m[K/home/emily/sa-mrbt_ws/src/simplified_marine_sim/include/robot.hpp:140:43:[m[K [01;31m[Kerror: [m[Kbinding reference of type ‘[01m[Kbool&[m[K’ to ‘[01m[Kconst bool[m[K’ discards qualifiers
[3.135s]   140 |     bool& getAtConsensus() const { return [01;31m[Kat_consensus[m[K; }
[3.135s]       |                                           [01;31m[K^~~~~~~~~~~~[m[K
[3.454s] gmake[2]: *** [CMakeFiles/sim.dir/build.make:216: CMakeFiles/sim.dir/src/parser.cpp.o] Error 1
[3.455s] gmake[2]: *** Waiting for unfinished jobs....
[4.065s] gmake[2]: *** [CMakeFiles/sim.dir/build.make:230: CMakeFiles/sim.dir/src/greedy.cpp.o] Error 1
[4.204s] gmake[2]: *** [CMakeFiles/sim.dir/build.make:174: CMakeFiles/sim.dir/src/planners.cpp.o] Error 1
[4.213s] gmake[2]: *** [CMakeFiles/sim.dir/build.make:90: CMakeFiles/sim.dir/src/CBBA.cpp.o] Error 1
[4.298s] gmake[2]: *** [CMakeFiles/sim.dir/build.make:132: CMakeFiles/sim.dir/src/message.cpp.o] Error 1
[4.434s] gmake[2]: *** [CMakeFiles/sim.dir/build.make:104: CMakeFiles/sim.dir/src/CBGA.cpp.o] Error 1
[4.493s] gmake[2]: *** [CMakeFiles/sim.dir/build.make:160: CMakeFiles/sim.dir/src/world.cpp.o] Error 1
[4.762s] gmake[2]: *** [CMakeFiles/sim.dir/build.make:202: CMakeFiles/sim.dir/src/behavior_tree.cpp.o] Error 1
[5.223s] gmake[2]: *** [CMakeFiles/sim.dir/build.make:76: CMakeFiles/sim.dir/src/sim.cpp.o] Error 1
[5.517s] gmake[2]: *** [CMakeFiles/sim.dir/build.make:188: CMakeFiles/sim.dir/src/robot.cpp.o] Error 1
[5.517s] gmake[1]: *** [CMakeFiles/Makefile2:137: CMakeFiles/sim.dir/all] Error 2
[5.517s] gmake: *** [Makefile:146: all] Error 2
[5.519s] Invoked command in '/home/emily/sa-mrbt_ws/build/simulator' returned '2': CMAKE_PREFIX_PATH=/home/emily/sa-mrbt_ws/install/behaviortree_cpp:/home/emily/sa-mrbt_ws/install/simulator:/opt/ros/iron /usr/bin/cmake --build /home/emily/sa-mrbt_ws/build/simulator -- -j12 -l12
