[35m[1mConsolidate compiler generated dependencies of target sim[0m
[  7%] [32mBuilding CXX object CMakeFiles/sim.dir/src/robot.cpp.o[0m
[01m[K/home/emily/sa-mrbt_ws/src/simplified_marine_sim/src/robot.cpp:[m[K In member function ‘[01m[Kvoid Robot::testNewNeighborSubtaskFailures()[m[K’:
[01m[K/home/emily/sa-mrbt_ws/src/simplified_marine_sim/src/robot.cpp:355:46:[m[K [01;31m[Kerror: [m[Kexpected ‘[01m[K;[m[K’ before ‘[01m[Klog_info[m[K’
  355 |     log_info("before doable tasks update...")
      |                                              [01;31m[K^[m[K
      |                                              [32m[K;[m[K
  356 |     [32m[Klog_info[m[K("doable_task_ids:")
      |     [32m[K~~~~~~~~[m[K                                  
[01m[K/home/emily/sa-mrbt_ws/src/simplified_marine_sim/src/robot.cpp:358:36:[m[K [01;31m[Kerror: [m[Kexpected ‘[01m[K;[m[K’ before ‘[01m[Kutils[m[K’
  358 |     log_info("doable_subtask_ids:")
      |                                    [01;31m[K^[m[K
      |                                    [32m[K;[m[K
  359 |     [32m[Kutils[m[K::log1DVector(doable_subtask_ids,*this);
      |     [32m[K~~~~~[m[K                           
[01m[K/home/emily/sa-mrbt_ws/src/simplified_marine_sim/src/robot.cpp:363:45:[m[K [01;31m[Kerror: [m[Kexpected ‘[01m[K;[m[K’ before ‘[01m[Klog_info[m[K’
  363 |     log_info("AFTER doable tasks update...")
      |                                             [01;31m[K^[m[K
      |                                             [32m[K;[m[K
  364 |     [32m[Klog_info[m[K("doable_task_ids:")
      |     [32m[K~~~~~~~~[m[K                                 
[01m[K/home/emily/sa-mrbt_ws/src/simplified_marine_sim/src/robot.cpp:366:36:[m[K [01;31m[Kerror: [m[Kexpected ‘[01m[K;[m[K’ before ‘[01m[Kutils[m[K’
  366 |     log_info("doable_subtask_ids:")
      |                                    [01;31m[K^[m[K
      |                                    [32m[K;[m[K
  367 |     [32m[Kutils[m[K::log1DVector(doable_subtask_ids,*this);
      |     [32m[K~~~~~[m[K                           
[01m[K/home/emily/sa-mrbt_ws/src/simplified_marine_sim/src/robot.cpp:[m[K In member function ‘[01m[Kvoid Robot::updateDoableTasks()[m[K’:
[01m[K/home/emily/sa-mrbt_ws/src/simplified_marine_sim/src/robot.cpp:422:18:[m[K [01;31m[Kerror: [m[K‘[01m[Kerase[m[K’ is not a member of ‘[01m[Kstd[m[K’
  422 |             std::[01;31m[Kerase[m[K(doable_subtask_ids, subtask_id); // We remove subtask from doable subtask list because each is unique, meant to be done once (at least for now)
      |                  [01;31m[K^~~~~[m[K
gmake[2]: *** [CMakeFiles/sim.dir/build.make:188: CMakeFiles/sim.dir/src/robot.cpp.o] Error 1
gmake[1]: *** [CMakeFiles/Makefile2:137: CMakeFiles/sim.dir/all] Error 2
gmake: *** [Makefile:146: all] Error 2
