[0.006s] Invoking command in '/home/emily/sa-mrbt_ws/build/simulator': CMAKE_PREFIX_PATH=/home/emily/sa-mrbt_ws/install/behaviortree_cpp:/home/emily/sa-mrbt_ws/install/simulator:/opt/ros/iron /usr/bin/cmake --build /home/emily/sa-mrbt_ws/build/simulator -- -j12 -l12
[0.037s] [35m[1mConsolidate compiler generated dependencies of target sim[0m
[0.060s] [  7%] [32mBuilding CXX object CMakeFiles/sim.dir/src/CBGA.cpp.o[0m
[0.061s] [ 15%] [32mBuilding CXX object CMakeFiles/sim.dir/src/behavior_tree.cpp.o[0m
[1.662s] [01m[K/home/emily/sa-mrbt_ws/src/simplified_marine_sim/src/CBGA.cpp:[m[K In function ‘[01m[Kdouble getMinExistingWinningBid(std::vector<double, std::allocator<double> >, int)[m[K’:
[1.662s] [01m[K/home/emily/sa-mrbt_ws/src/simplified_marine_sim/src/CBGA.cpp:1220:48:[m[K [01;31m[Kerror: [m[K‘[01m[Kwinning_bid_ij[m[K’ was not declared in this scope; did you mean ‘[01m[Kwinning_bids_ij[m[K’?
[1.662s]  1220 |                 min_existing_winning_bid_ijn = [01;31m[Kwinning_bid_ij[m[K[agent_idx_n];
[1.662s]       |                                                [01;31m[K^~~~~~~~~~~~~~[m[K
[1.662s]       |                                                [32m[Kwinning_bids_ij[m[K
[1.662s] [01m[K/home/emily/sa-mrbt_ws/src/simplified_marine_sim/src/CBGA.cpp:1226:40:[m[K [01;31m[Kerror: [m[Kexpected ‘[01m[K;[m[K’ before ‘[01m[K}[m[K’ token
[1.662s]  1226 |     return min_existing_winning_bid_ijn
[1.662s]       |                                        [01;31m[K^[m[K
[1.662s]       |                                        [32m[K;[m[K
[1.662s]  1227 | [32m[K}[m[K
[1.662s]       | [32m[K~[m[K                                       
[1.662s] [01m[K/home/emily/sa-mrbt_ws/src/simplified_marine_sim/src/CBGA.cpp:[m[K At global scope:
[1.662s] [01m[K/home/emily/sa-mrbt_ws/src/simplified_marine_sim/src/CBGA.cpp:1229:5:[m[K [01;31m[Kerror: [m[Ktwo or more data types in declaration of ‘[01m[KresolveConflicts[m[K’
[1.662s]  1229 |     [01;31m[Kstd[m[K::vector<double>
[1.662s]       |     [01;31m[K^~~[m[K
[2.476s] gmake[2]: *** [CMakeFiles/sim.dir/build.make:104: CMakeFiles/sim.dir/src/CBGA.cpp.o] Error 1
[2.476s] gmake[2]: *** Waiting for unfinished jobs....
[3.621s] gmake[1]: *** [CMakeFiles/Makefile2:137: CMakeFiles/sim.dir/all] Error 2
[3.621s] gmake: *** [Makefile:146: all] Error 2
[3.622s] Invoked command in '/home/emily/sa-mrbt_ws/build/simulator' returned '2': CMAKE_PREFIX_PATH=/home/emily/sa-mrbt_ws/install/behaviortree_cpp:/home/emily/sa-mrbt_ws/install/simulator:/opt/ros/iron /usr/bin/cmake --build /home/emily/sa-mrbt_ws/build/simulator -- -j12 -l12
