[0.077s] DEBUG:colcon:Command line arguments: ['/usr/bin/colcon', 'build']
[0.077s] DEBUG:colcon:Parsed command line arguments: Namespace(log_base=None, log_level=None, verb_name='build', build_base='build', install_base='install', merge_install=False, symlink_install=False, test_result_base=None, continue_on_error=False, executor='parallel', parallel_workers=12, event_handlers=None, ignore_user_meta=False, metas=['./colcon.meta'], base_paths=['.'], packages_ignore=None, packages_ignore_regex=None, paths=None, packages_up_to=None, packages_up_to_regex=None, packages_above=None, packages_above_and_dependencies=None, packages_above_depth=None, packages_select_by_dep=None, packages_skip_by_dep=None, packages_skip_up_to=None, packages_select_build_failed=False, packages_skip_build_finished=False, packages_select_test_failures=False, packages_skip_test_passed=False, packages_select=None, packages_skip=None, packages_select_regex=None, packages_skip_regex=None, packages_start=None, packages_end=None, allow_overriding=[], cmake_args=None, cmake_target=None, cmake_target_skip_unavailable=False, cmake_clean_cache=False, cmake_clean_first=False, cmake_force_configure=False, ament_cmake_args=None, catkin_cmake_args=None, catkin_skip_building_tests=False, mixin_files=None, mixin=None, verb_parser=<colcon_mixin.mixin.mixin_argument.MixinArgumentDecorator object at 0x77f85d6694b0>, verb_extension=<colcon_core.verb.build.BuildVerb object at 0x77f85d668ac0>, main=<bound method BuildVerb.main of <colcon_core.verb.build.BuildVerb object at 0x77f85d668ac0>>, mixin_verb=('build',))
[0.205s] Level 1:colcon.colcon_core.package_discovery:discover_packages(colcon_meta) check parameters
[0.205s] Level 1:colcon.colcon_core.package_discovery:discover_packages(recursive) check parameters
[0.205s] Level 1:colcon.colcon_core.package_discovery:discover_packages(ignore) check parameters
[0.205s] Level 1:colcon.colcon_core.package_discovery:discover_packages(path) check parameters
[0.205s] Level 1:colcon.colcon_core.package_discovery:discover_packages(colcon_meta) discover
[0.205s] Level 1:colcon.colcon_core.package_discovery:discover_packages(recursive) discover
[0.205s] INFO:colcon.colcon_core.package_discovery:Crawling recursively for packages in '/home/emily/sa-mrbt_ws'
[0.205s] Level 1:colcon.colcon_core.package_identification:_identify(.) by extensions ['ignore', 'ignore_ament_install']
[0.205s] Level 1:colcon.colcon_core.package_identification:_identify(.) by extension 'ignore'
[0.205s] Level 1:colcon.colcon_core.package_identification:_identify(.) by extension 'ignore_ament_install'
[0.205s] Level 1:colcon.colcon_core.package_identification:_identify(.) by extensions ['colcon_pkg']
[0.205s] Level 1:colcon.colcon_core.package_identification:_identify(.) by extension 'colcon_pkg'
[0.205s] Level 1:colcon.colcon_core.package_identification:_identify(.) by extensions ['colcon_meta']
[0.205s] Level 1:colcon.colcon_core.package_identification:_identify(.) by extension 'colcon_meta'
[0.205s] Level 1:colcon.colcon_core.package_identification:_identify(.) by extensions ['ros']
[0.205s] Level 1:colcon.colcon_core.package_identification:_identify(.) by extension 'ros'
[0.217s] Level 1:colcon.colcon_core.package_identification:_identify(.) by extensions ['cmake', 'python']
[0.217s] Level 1:colcon.colcon_core.package_identification:_identify(.) by extension 'cmake'
[0.217s] Level 1:colcon.colcon_core.package_identification:_identify(.) by extension 'python'
[0.217s] Level 1:colcon.colcon_core.package_identification:_identify(.) by extensions ['python_setup_py']
[0.217s] Level 1:colcon.colcon_core.package_identification:_identify(.) by extension 'python_setup_py'
[0.217s] Level 1:colcon.colcon_core.package_identification:_identify(build) by extensions ['ignore', 'ignore_ament_install']
[0.217s] Level 1:colcon.colcon_core.package_identification:_identify(build) by extension 'ignore'
[0.217s] Level 1:colcon.colcon_core.package_identification:_identify(build) ignored
[0.217s] Level 1:colcon.colcon_core.package_identification:_identify(cbba_result) by extensions ['ignore', 'ignore_ament_install']
[0.217s] Level 1:colcon.colcon_core.package_identification:_identify(cbba_result) by extension 'ignore'
[0.217s] Level 1:colcon.colcon_core.package_identification:_identify(cbba_result) by extension 'ignore_ament_install'
[0.217s] Level 1:colcon.colcon_core.package_identification:_identify(cbba_result) by extensions ['colcon_pkg']
[0.217s] Level 1:colcon.colcon_core.package_identification:_identify(cbba_result) by extension 'colcon_pkg'
[0.217s] Level 1:colcon.colcon_core.package_identification:_identify(cbba_result) by extensions ['colcon_meta']
[0.217s] Level 1:colcon.colcon_core.package_identification:_identify(cbba_result) by extension 'colcon_meta'
[0.217s] Level 1:colcon.colcon_core.package_identification:_identify(cbba_result) by extensions ['ros']
[0.217s] Level 1:colcon.colcon_core.package_identification:_identify(cbba_result) by extension 'ros'
[0.218s] Level 1:colcon.colcon_core.package_identification:_identify(cbba_result) by extensions ['cmake', 'python']
[0.218s] Level 1:colcon.colcon_core.package_identification:_identify(cbba_result) by extension 'cmake'
[0.218s] Level 1:colcon.colcon_core.package_identification:_identify(cbba_result) by extension 'python'
[0.218s] Level 1:colcon.colcon_core.package_identification:_identify(cbba_result) by extensions ['python_setup_py']
[0.218s] Level 1:colcon.colcon_core.package_identification:_identify(cbba_result) by extension 'python_setup_py'
[0.218s] Level 1:colcon.colcon_core.package_identification:_identify(cbba_result2) by extensions ['ignore', 'ignore_ament_install']
[0.218s] Level 1:colcon.colcon_core.package_identification:_identify(cbba_result2) by extension 'ignore'
[0.218s] Level 1:colcon.colcon_core.package_identification:_identify(cbba_result2) by extension 'ignore_ament_install'
[0.218s] Level 1:colcon.colcon_core.package_identification:_identify(cbba_result2) by extensions ['colcon_pkg']
[0.218s] Level 1:colcon.colcon_core.package_identification:_identify(cbba_result2) by extension 'colcon_pkg'
[0.218s] Level 1:colcon.colcon_core.package_identification:_identify(cbba_result2) by extensions ['colcon_meta']
[0.218s] Level 1:colcon.colcon_core.package_identification:_identify(cbba_result2) by extension 'colcon_meta'
[0.218s] Level 1:colcon.colcon_core.package_identification:_identify(cbba_result2) by extensions ['ros']
[0.218s] Level 1:colcon.colcon_core.package_identification:_identify(cbba_result2) by extension 'ros'
[0.218s] Level 1:colcon.colcon_core.package_identification:_identify(cbba_result2) by extensions ['cmake', 'python']
[0.218s] Level 1:colcon.colcon_core.package_identification:_identify(cbba_result2) by extension 'cmake'
[0.218s] Level 1:colcon.colcon_core.package_identification:_identify(cbba_result2) by extension 'python'
[0.218s] Level 1:colcon.colcon_core.package_identification:_identify(cbba_result2) by extensions ['python_setup_py']
[0.218s] Level 1:colcon.colcon_core.package_identification:_identify(cbba_result2) by extension 'python_setup_py'
[0.218s] Level 1:colcon.colcon_core.package_identification:_identify(cbga_result) by extensions ['ignore', 'ignore_ament_install']
[0.218s] Level 1:colcon.colcon_core.package_identification:_identify(cbga_result) by extension 'ignore'
[0.218s] Level 1:colcon.colcon_core.package_identification:_identify(cbga_result) by extension 'ignore_ament_install'
[0.218s] Level 1:colcon.colcon_core.package_identification:_identify(cbga_result) by extensions ['colcon_pkg']
[0.218s] Level 1:colcon.colcon_core.package_identification:_identify(cbga_result) by extension 'colcon_pkg'
[0.218s] Level 1:colcon.colcon_core.package_identification:_identify(cbga_result) by extensions ['colcon_meta']
[0.218s] Level 1:colcon.colcon_core.package_identification:_identify(cbga_result) by extension 'colcon_meta'
[0.219s] Level 1:colcon.colcon_core.package_identification:_identify(cbga_result) by extensions ['ros']
[0.219s] Level 1:colcon.colcon_core.package_identification:_identify(cbga_result) by extension 'ros'
[0.219s] Level 1:colcon.colcon_core.package_identification:_identify(cbga_result) by extensions ['cmake', 'python']
[0.219s] Level 1:colcon.colcon_core.package_identification:_identify(cbga_result) by extension 'cmake'
[0.219s] Level 1:colcon.colcon_core.package_identification:_identify(cbga_result) by extension 'python'
[0.219s] Level 1:colcon.colcon_core.package_identification:_identify(cbga_result) by extensions ['python_setup_py']
[0.219s] Level 1:colcon.colcon_core.package_identification:_identify(cbga_result) by extension 'python_setup_py'
[0.219s] Level 1:colcon.colcon_core.package_identification:_identify(cbga_result2) by extensions ['ignore', 'ignore_ament_install']
[0.219s] Level 1:colcon.colcon_core.package_identification:_identify(cbga_result2) by extension 'ignore'
[0.219s] Level 1:colcon.colcon_core.package_identification:_identify(cbga_result2) by extension 'ignore_ament_install'
[0.219s] Level 1:colcon.colcon_core.package_identification:_identify(cbga_result2) by extensions ['colcon_pkg']
[0.219s] Level 1:colcon.colcon_core.package_identification:_identify(cbga_result2) by extension 'colcon_pkg'
[0.219s] Level 1:colcon.colcon_core.package_identification:_identify(cbga_result2) by extensions ['colcon_meta']
[0.219s] Level 1:colcon.colcon_core.package_identification:_identify(cbga_result2) by extension 'colcon_meta'
[0.219s] Level 1:colcon.colcon_core.package_identification:_identify(cbga_result2) by extensions ['ros']
[0.219s] Level 1:colcon.colcon_core.package_identification:_identify(cbga_result2) by extension 'ros'
[0.219s] Level 1:colcon.colcon_core.package_identification:_identify(cbga_result2) by extensions ['cmake', 'python']
[0.219s] Level 1:colcon.colcon_core.package_identification:_identify(cbga_result2) by extension 'cmake'
[0.219s] Level 1:colcon.colcon_core.package_identification:_identify(cbga_result2) by extension 'python'
[0.219s] Level 1:colcon.colcon_core.package_identification:_identify(cbga_result2) by extensions ['python_setup_py']
[0.219s] Level 1:colcon.colcon_core.package_identification:_identify(cbga_result2) by extension 'python_setup_py'
[0.219s] Level 1:colcon.colcon_core.package_identification:_identify(install) by extensions ['ignore', 'ignore_ament_install']
[0.219s] Level 1:colcon.colcon_core.package_identification:_identify(install) by extension 'ignore'
[0.219s] Level 1:colcon.colcon_core.package_identification:_identify(install) ignored
[0.220s] Level 1:colcon.colcon_core.package_identification:_identify(log) by extensions ['ignore', 'ignore_ament_install']
[0.220s] Level 1:colcon.colcon_core.package_identification:_identify(log) by extension 'ignore'
[0.220s] Level 1:colcon.colcon_core.package_identification:_identify(log) ignored
[0.220s] Level 1:colcon.colcon_core.package_identification:_identify(results) by extensions ['ignore', 'ignore_ament_install']
[0.220s] Level 1:colcon.colcon_core.package_identification:_identify(results) by extension 'ignore'
[0.220s] Level 1:colcon.colcon_core.package_identification:_identify(results) by extension 'ignore_ament_install'
[0.220s] Level 1:colcon.colcon_core.package_identification:_identify(results) by extensions ['colcon_pkg']
[0.220s] Level 1:colcon.colcon_core.package_identification:_identify(results) by extension 'colcon_pkg'
[0.220s] Level 1:colcon.colcon_core.package_identification:_identify(results) by extensions ['colcon_meta']
[0.220s] Level 1:colcon.colcon_core.package_identification:_identify(results) by extension 'colcon_meta'
[0.220s] Level 1:colcon.colcon_core.package_identification:_identify(results) by extensions ['ros']
[0.220s] Level 1:colcon.colcon_core.package_identification:_identify(results) by extension 'ros'
[0.220s] Level 1:colcon.colcon_core.package_identification:_identify(results) by extensions ['cmake', 'python']
[0.221s] Level 1:colcon.colcon_core.package_identification:_identify(results) by extension 'cmake'
[0.221s] Level 1:colcon.colcon_core.package_identification:_identify(results) by extension 'python'
[0.221s] Level 1:colcon.colcon_core.package_identification:_identify(results) by extensions ['python_setup_py']
[0.221s] Level 1:colcon.colcon_core.package_identification:_identify(results) by extension 'python_setup_py'
[0.221s] Level 1:colcon.colcon_core.package_identification:_identify(src) by extensions ['ignore', 'ignore_ament_install']
[0.221s] Level 1:colcon.colcon_core.package_identification:_identify(src) by extension 'ignore'
[0.221s] Level 1:colcon.colcon_core.package_identification:_identify(src) by extension 'ignore_ament_install'
[0.221s] Level 1:colcon.colcon_core.package_identification:_identify(src) by extensions ['colcon_pkg']
[0.221s] Level 1:colcon.colcon_core.package_identification:_identify(src) by extension 'colcon_pkg'
[0.221s] Level 1:colcon.colcon_core.package_identification:_identify(src) by extensions ['colcon_meta']
[0.221s] Level 1:colcon.colcon_core.package_identification:_identify(src) by extension 'colcon_meta'
[0.221s] Level 1:colcon.colcon_core.package_identification:_identify(src) by extensions ['ros']
[0.221s] Level 1:colcon.colcon_core.package_identification:_identify(src) by extension 'ros'
[0.221s] Level 1:colcon.colcon_core.package_identification:_identify(src) by extensions ['cmake', 'python']
[0.221s] Level 1:colcon.colcon_core.package_identification:_identify(src) by extension 'cmake'
[0.221s] Level 1:colcon.colcon_core.package_identification:_identify(src) by extension 'python'
[0.221s] Level 1:colcon.colcon_core.package_identification:_identify(src) by extensions ['python_setup_py']
[0.221s] Level 1:colcon.colcon_core.package_identification:_identify(src) by extension 'python_setup_py'
[0.221s] Level 1:colcon.colcon_core.package_identification:_identify(src/BehaviorTree.CPP) by extensions ['ignore', 'ignore_ament_install']
[0.221s] Level 1:colcon.colcon_core.package_identification:_identify(src/BehaviorTree.CPP) by extension 'ignore'
[0.221s] Level 1:colcon.colcon_core.package_identification:_identify(src/BehaviorTree.CPP) by extension 'ignore_ament_install'
[0.221s] Level 1:colcon.colcon_core.package_identification:_identify(src/BehaviorTree.CPP) by extensions ['colcon_pkg']
[0.221s] Level 1:colcon.colcon_core.package_identification:_identify(src/BehaviorTree.CPP) by extension 'colcon_pkg'
[0.221s] Level 1:colcon.colcon_core.package_identification:_identify(src/BehaviorTree.CPP) by extensions ['colcon_meta']
[0.221s] Level 1:colcon.colcon_core.package_identification:_identify(src/BehaviorTree.CPP) by extension 'colcon_meta'
[0.221s] Level 1:colcon.colcon_core.package_identification:_identify(src/BehaviorTree.CPP) by extensions ['ros']
[0.222s] Level 1:colcon.colcon_core.package_identification:_identify(src/BehaviorTree.CPP) by extension 'ros'
[0.234s] DEBUG:colcon.colcon_core.package_identification:Package 'src/BehaviorTree.CPP' with type 'ros.ament_cmake' and name 'behaviortree_cpp'
[0.234s] Level 1:colcon.colcon_core.package_identification:_identify(src/simplified_marine_sim) by extensions ['ignore', 'ignore_ament_install']
[0.234s] Level 1:colcon.colcon_core.package_identification:_identify(src/simplified_marine_sim) by extension 'ignore'
[0.234s] Level 1:colcon.colcon_core.package_identification:_identify(src/simplified_marine_sim) by extension 'ignore_ament_install'
[0.234s] Level 1:colcon.colcon_core.package_identification:_identify(src/simplified_marine_sim) by extensions ['colcon_pkg']
[0.234s] Level 1:colcon.colcon_core.package_identification:_identify(src/simplified_marine_sim) by extension 'colcon_pkg'
[0.234s] Level 1:colcon.colcon_core.package_identification:_identify(src/simplified_marine_sim) by extensions ['colcon_meta']
[0.234s] Level 1:colcon.colcon_core.package_identification:_identify(src/simplified_marine_sim) by extension 'colcon_meta'
[0.234s] Level 1:colcon.colcon_core.package_identification:_identify(src/simplified_marine_sim) by extensions ['ros']
[0.234s] Level 1:colcon.colcon_core.package_identification:_identify(src/simplified_marine_sim) by extension 'ros'
[0.235s] DEBUG:colcon.colcon_core.package_identification:Package 'src/simplified_marine_sim' with type 'ros.ament_cmake' and name 'simulator'
[0.235s] Level 1:colcon.colcon_core.package_discovery:discover_packages(recursive) using defaults
[0.235s] Level 1:colcon.colcon_core.package_discovery:discover_packages(ignore) discover
[0.235s] Level 1:colcon.colcon_core.package_discovery:discover_packages(ignore) using defaults
[0.235s] Level 1:colcon.colcon_core.package_discovery:discover_packages(path) discover
[0.235s] Level 1:colcon.colcon_core.package_discovery:discover_packages(path) using defaults
[0.248s] Level 1:colcon.colcon_core.package_discovery:discover_packages(prefix_path) check parameters
[0.248s] Level 1:colcon.colcon_core.package_discovery:discover_packages(prefix_path) discover
[0.249s] DEBUG:colcon.colcon_installed_package_information.package_discovery:Found 2 installed packages in /home/emily/sa-mrbt_ws/install
[0.250s] DEBUG:colcon.colcon_installed_package_information.package_discovery:Found 281 installed packages in /opt/ros/iron
[0.251s] Level 1:colcon.colcon_core.package_discovery:discover_packages(prefix_path) using defaults
[0.280s] Level 5:colcon.colcon_core.verb:set package 'behaviortree_cpp' build argument 'cmake_args' from command line to 'None'
[0.280s] Level 5:colcon.colcon_core.verb:set package 'behaviortree_cpp' build argument 'cmake_target' from command line to 'None'
[0.280s] Level 5:colcon.colcon_core.verb:set package 'behaviortree_cpp' build argument 'cmake_target_skip_unavailable' from command line to 'False'
[0.281s] Level 5:colcon.colcon_core.verb:set package 'behaviortree_cpp' build argument 'cmake_clean_cache' from command line to 'False'
[0.281s] Level 5:colcon.colcon_core.verb:set package 'behaviortree_cpp' build argument 'cmake_clean_first' from command line to 'False'
[0.281s] Level 5:colcon.colcon_core.verb:set package 'behaviortree_cpp' build argument 'cmake_force_configure' from command line to 'False'
[0.281s] Level 5:colcon.colcon_core.verb:set package 'behaviortree_cpp' build argument 'ament_cmake_args' from command line to 'None'
[0.281s] Level 5:colcon.colcon_core.verb:set package 'behaviortree_cpp' build argument 'catkin_cmake_args' from command line to 'None'
[0.281s] Level 5:colcon.colcon_core.verb:set package 'behaviortree_cpp' build argument 'catkin_skip_building_tests' from command line to 'False'
[0.281s] DEBUG:colcon.colcon_core.verb:Building package 'behaviortree_cpp' with the following arguments: {'ament_cmake_args': None, 'build_base': '/home/emily/sa-mrbt_ws/build/behaviortree_cpp', 'catkin_cmake_args': None, 'catkin_skip_building_tests': False, 'cmake_args': None, 'cmake_clean_cache': False, 'cmake_clean_first': False, 'cmake_force_configure': False, 'cmake_target': None, 'cmake_target_skip_unavailable': False, 'install_base': '/home/emily/sa-mrbt_ws/install/behaviortree_cpp', 'merge_install': False, 'path': '/home/emily/sa-mrbt_ws/src/BehaviorTree.CPP', 'symlink_install': False, 'test_result_base': None}
[0.281s] Level 5:colcon.colcon_core.verb:set package 'simulator' build argument 'cmake_args' from command line to 'None'
[0.281s] Level 5:colcon.colcon_core.verb:set package 'simulator' build argument 'cmake_target' from command line to 'None'
[0.281s] Level 5:colcon.colcon_core.verb:set package 'simulator' build argument 'cmake_target_skip_unavailable' from command line to 'False'
[0.281s] Level 5:colcon.colcon_core.verb:set package 'simulator' build argument 'cmake_clean_cache' from command line to 'False'
[0.281s] Level 5:colcon.colcon_core.verb:set package 'simulator' build argument 'cmake_clean_first' from command line to 'False'
[0.281s] Level 5:colcon.colcon_core.verb:set package 'simulator' build argument 'cmake_force_configure' from command line to 'False'
[0.281s] Level 5:colcon.colcon_core.verb:set package 'simulator' build argument 'ament_cmake_args' from command line to 'None'
[0.281s] Level 5:colcon.colcon_core.verb:set package 'simulator' build argument 'catkin_cmake_args' from command line to 'None'
[0.281s] Level 5:colcon.colcon_core.verb:set package 'simulator' build argument 'catkin_skip_building_tests' from command line to 'False'
[0.281s] DEBUG:colcon.colcon_core.verb:Building package 'simulator' with the following arguments: {'ament_cmake_args': None, 'build_base': '/home/emily/sa-mrbt_ws/build/simulator', 'catkin_cmake_args': None, 'catkin_skip_building_tests': False, 'cmake_args': None, 'cmake_clean_cache': False, 'cmake_clean_first': False, 'cmake_force_configure': False, 'cmake_target': None, 'cmake_target_skip_unavailable': False, 'install_base': '/home/emily/sa-mrbt_ws/install/simulator', 'merge_install': False, 'path': '/home/emily/sa-mrbt_ws/src/simplified_marine_sim', 'symlink_install': False, 'test_result_base': None}
[0.281s] INFO:colcon.colcon_core.executor:Executing jobs using 'parallel' executor
[0.282s] DEBUG:colcon.colcon_parallel_executor.executor.parallel:run_until_complete
[0.282s] INFO:colcon.colcon_ros.task.ament_cmake.build:Building ROS package in '/home/emily/sa-mrbt_ws/src/BehaviorTree.CPP' with build type 'ament_cmake'
[0.282s] INFO:colcon.colcon_cmake.task.cmake.build:Building CMake package in '/home/emily/sa-mrbt_ws/src/BehaviorTree.CPP'
[0.284s] INFO:colcon.colcon_core.plugin_system:Skipping extension 'colcon_core.shell.bat': Not used on non-Windows systems
[0.284s] INFO:colcon.colcon_core.shell:Skip shell extension 'powershell' for command environment: Not usable outside of PowerShell
[0.284s] DEBUG:colcon.colcon_core.shell:Skip shell extension 'dsv' for command environment
[0.290s] DEBUG:colcon.colcon_core.event_handler.log_command:Invoking command in '/home/emily/sa-mrbt_ws/build/behaviortree_cpp': CMAKE_PREFIX_PATH=${CMAKE_PREFIX_PATH}:/opt/ros/iron /usr/bin/cmake --build /home/emily/sa-mrbt_ws/build/behaviortree_cpp -- -j12 -l12
[3.915s] DEBUG:colcon.colcon_core.event_handler.log_command:Invoked command in '/home/emily/sa-mrbt_ws/build/behaviortree_cpp' returned '0': CMAKE_PREFIX_PATH=${CMAKE_PREFIX_PATH}:/opt/ros/iron /usr/bin/cmake --build /home/emily/sa-mrbt_ws/build/behaviortree_cpp -- -j12 -l12
[4.007s] DEBUG:colcon.colcon_core.event_handler.log_command:Invoking command in '/home/emily/sa-mrbt_ws/build/behaviortree_cpp': CMAKE_PREFIX_PATH=${CMAKE_PREFIX_PATH}:/opt/ros/iron /usr/bin/cmake --install /home/emily/sa-mrbt_ws/build/behaviortree_cpp
[4.022s] Level 1:colcon.colcon_core.environment:create_environment_scripts_only(behaviortree_cpp)
[4.028s] Level 1:colcon.colcon_core.environment:checking '/home/emily/sa-mrbt_ws/install/behaviortree_cpp' for CMake module files
[4.029s] DEBUG:colcon.colcon_core.event_handler.log_command:Invoked command in '/home/emily/sa-mrbt_ws/build/behaviortree_cpp' returned '0': CMAKE_PREFIX_PATH=${CMAKE_PREFIX_PATH}:/opt/ros/iron /usr/bin/cmake --install /home/emily/sa-mrbt_ws/build/behaviortree_cpp
[4.029s] Level 1:colcon.colcon_core.environment:checking '/home/emily/sa-mrbt_ws/install/behaviortree_cpp' for CMake config files
[4.029s] Level 1:colcon.colcon_core.shell:create_environment_hook('behaviortree_cpp', 'cmake_prefix_path')
[4.030s] INFO:colcon.colcon_core.shell:Creating environment hook '/home/emily/sa-mrbt_ws/install/behaviortree_cpp/share/behaviortree_cpp/hook/cmake_prefix_path.ps1'
[4.030s] INFO:colcon.colcon_core.shell:Creating environment descriptor '/home/emily/sa-mrbt_ws/install/behaviortree_cpp/share/behaviortree_cpp/hook/cmake_prefix_path.dsv'
[4.030s] INFO:colcon.colcon_core.shell:Creating environment hook '/home/emily/sa-mrbt_ws/install/behaviortree_cpp/share/behaviortree_cpp/hook/cmake_prefix_path.sh'
[4.031s] Level 1:colcon.colcon_core.environment:checking '/home/emily/sa-mrbt_ws/install/behaviortree_cpp/lib'
[4.031s] Level 1:colcon.colcon_core.shell:create_environment_hook('behaviortree_cpp', 'ld_library_path_lib')
[4.031s] INFO:colcon.colcon_core.shell:Creating environment hook '/home/emily/sa-mrbt_ws/install/behaviortree_cpp/share/behaviortree_cpp/hook/ld_library_path_lib.ps1'
[4.032s] INFO:colcon.colcon_core.shell:Creating environment descriptor '/home/emily/sa-mrbt_ws/install/behaviortree_cpp/share/behaviortree_cpp/hook/ld_library_path_lib.dsv'
[4.032s] INFO:colcon.colcon_core.shell:Creating environment hook '/home/emily/sa-mrbt_ws/install/behaviortree_cpp/share/behaviortree_cpp/hook/ld_library_path_lib.sh'
[4.032s] Level 1:colcon.colcon_core.environment:checking '/home/emily/sa-mrbt_ws/install/behaviortree_cpp/bin'
[4.032s] Level 1:colcon.colcon_core.shell:create_environment_hook('behaviortree_cpp', 'path')
[4.032s] INFO:colcon.colcon_core.shell:Creating environment hook '/home/emily/sa-mrbt_ws/install/behaviortree_cpp/share/behaviortree_cpp/hook/path.ps1'
[4.033s] INFO:colcon.colcon_core.shell:Creating environment descriptor '/home/emily/sa-mrbt_ws/install/behaviortree_cpp/share/behaviortree_cpp/hook/path.dsv'
[4.033s] INFO:colcon.colcon_core.shell:Creating environment hook '/home/emily/sa-mrbt_ws/install/behaviortree_cpp/share/behaviortree_cpp/hook/path.sh'
[4.033s] Level 1:colcon.colcon_core.environment:checking '/home/emily/sa-mrbt_ws/install/behaviortree_cpp/lib/pkgconfig/behaviortree_cpp.pc'
[4.033s] Level 1:colcon.colcon_core.environment:checking '/home/emily/sa-mrbt_ws/install/behaviortree_cpp/lib/python3.10/site-packages'
[4.034s] Level 1:colcon.colcon_core.environment:checking '/home/emily/sa-mrbt_ws/install/behaviortree_cpp/bin'
[4.034s] Level 1:colcon.colcon_core.shell:create_environment_hook('behaviortree_cpp', 'pythonscriptspath')
[4.034s] INFO:colcon.colcon_core.shell:Creating environment hook '/home/emily/sa-mrbt_ws/install/behaviortree_cpp/share/behaviortree_cpp/hook/pythonscriptspath.ps1'
[4.034s] INFO:colcon.colcon_core.shell:Creating environment descriptor '/home/emily/sa-mrbt_ws/install/behaviortree_cpp/share/behaviortree_cpp/hook/pythonscriptspath.dsv'
[4.034s] INFO:colcon.colcon_core.shell:Creating environment hook '/home/emily/sa-mrbt_ws/install/behaviortree_cpp/share/behaviortree_cpp/hook/pythonscriptspath.sh'
[4.035s] INFO:colcon.colcon_core.shell:Creating package script '/home/emily/sa-mrbt_ws/install/behaviortree_cpp/share/behaviortree_cpp/package.ps1'
[4.035s] INFO:colcon.colcon_core.shell:Creating package descriptor '/home/emily/sa-mrbt_ws/install/behaviortree_cpp/share/behaviortree_cpp/package.dsv'
[4.036s] INFO:colcon.colcon_core.shell:Creating package script '/home/emily/sa-mrbt_ws/install/behaviortree_cpp/share/behaviortree_cpp/package.sh'
[4.037s] INFO:colcon.colcon_core.shell:Creating package script '/home/emily/sa-mrbt_ws/install/behaviortree_cpp/share/behaviortree_cpp/package.bash'
[4.037s] INFO:colcon.colcon_core.shell:Creating package script '/home/emily/sa-mrbt_ws/install/behaviortree_cpp/share/behaviortree_cpp/package.zsh'
[4.038s] Level 1:colcon.colcon_core.environment:create_file_with_runtime_dependencies(/home/emily/sa-mrbt_ws/install/behaviortree_cpp/share/colcon-core/packages/behaviortree_cpp)
[4.119s] Level 1:colcon.colcon_core.environment:create_environment_scripts_only(behaviortree_cpp)
[4.119s] Level 1:colcon.colcon_core.environment:checking '/home/emily/sa-mrbt_ws/install/behaviortree_cpp' for CMake module files
[4.119s] Level 1:colcon.colcon_core.environment:checking '/home/emily/sa-mrbt_ws/install/behaviortree_cpp' for CMake config files
[4.120s] Level 1:colcon.colcon_core.shell:create_environment_hook('behaviortree_cpp', 'cmake_prefix_path')
[4.120s] INFO:colcon.colcon_core.shell:Creating environment hook '/home/emily/sa-mrbt_ws/install/behaviortree_cpp/share/behaviortree_cpp/hook/cmake_prefix_path.ps1'
[4.120s] INFO:colcon.colcon_core.shell:Creating environment descriptor '/home/emily/sa-mrbt_ws/install/behaviortree_cpp/share/behaviortree_cpp/hook/cmake_prefix_path.dsv'
[4.121s] INFO:colcon.colcon_core.shell:Creating environment hook '/home/emily/sa-mrbt_ws/install/behaviortree_cpp/share/behaviortree_cpp/hook/cmake_prefix_path.sh'
[4.121s] Level 1:colcon.colcon_core.environment:checking '/home/emily/sa-mrbt_ws/install/behaviortree_cpp/lib'
[4.121s] Level 1:colcon.colcon_core.shell:create_environment_hook('behaviortree_cpp', 'ld_library_path_lib')
[4.121s] INFO:colcon.colcon_core.shell:Creating environment hook '/home/emily/sa-mrbt_ws/install/behaviortree_cpp/share/behaviortree_cpp/hook/ld_library_path_lib.ps1'
[4.122s] INFO:colcon.colcon_core.shell:Creating environment descriptor '/home/emily/sa-mrbt_ws/install/behaviortree_cpp/share/behaviortree_cpp/hook/ld_library_path_lib.dsv'
[4.122s] INFO:colcon.colcon_core.shell:Creating environment hook '/home/emily/sa-mrbt_ws/install/behaviortree_cpp/share/behaviortree_cpp/hook/ld_library_path_lib.sh'
[4.122s] Level 1:colcon.colcon_core.environment:checking '/home/emily/sa-mrbt_ws/install/behaviortree_cpp/bin'
[4.122s] Level 1:colcon.colcon_core.shell:create_environment_hook('behaviortree_cpp', 'path')
[4.122s] INFO:colcon.colcon_core.shell:Creating environment hook '/home/emily/sa-mrbt_ws/install/behaviortree_cpp/share/behaviortree_cpp/hook/path.ps1'
[4.123s] INFO:colcon.colcon_core.shell:Creating environment descriptor '/home/emily/sa-mrbt_ws/install/behaviortree_cpp/share/behaviortree_cpp/hook/path.dsv'
[4.123s] INFO:colcon.colcon_core.shell:Creating environment hook '/home/emily/sa-mrbt_ws/install/behaviortree_cpp/share/behaviortree_cpp/hook/path.sh'
[4.123s] Level 1:colcon.colcon_core.environment:checking '/home/emily/sa-mrbt_ws/install/behaviortree_cpp/lib/pkgconfig/behaviortree_cpp.pc'
[4.123s] Level 1:colcon.colcon_core.environment:checking '/home/emily/sa-mrbt_ws/install/behaviortree_cpp/lib/python3.10/site-packages'
[4.123s] Level 1:colcon.colcon_core.environment:checking '/home/emily/sa-mrbt_ws/install/behaviortree_cpp/bin'
[4.124s] Level 1:colcon.colcon_core.shell:create_environment_hook('behaviortree_cpp', 'pythonscriptspath')
[4.124s] INFO:colcon.colcon_core.shell:Creating environment hook '/home/emily/sa-mrbt_ws/install/behaviortree_cpp/share/behaviortree_cpp/hook/pythonscriptspath.ps1'
[4.124s] INFO:colcon.colcon_core.shell:Creating environment descriptor '/home/emily/sa-mrbt_ws/install/behaviortree_cpp/share/behaviortree_cpp/hook/pythonscriptspath.dsv'
[4.124s] INFO:colcon.colcon_core.shell:Creating environment hook '/home/emily/sa-mrbt_ws/install/behaviortree_cpp/share/behaviortree_cpp/hook/pythonscriptspath.sh'
[4.125s] INFO:colcon.colcon_core.shell:Creating package script '/home/emily/sa-mrbt_ws/install/behaviortree_cpp/share/behaviortree_cpp/package.ps1'
[4.125s] INFO:colcon.colcon_core.shell:Creating package descriptor '/home/emily/sa-mrbt_ws/install/behaviortree_cpp/share/behaviortree_cpp/package.dsv'
[4.126s] INFO:colcon.colcon_core.shell:Creating package script '/home/emily/sa-mrbt_ws/install/behaviortree_cpp/share/behaviortree_cpp/package.sh'
[4.126s] INFO:colcon.colcon_core.shell:Creating package script '/home/emily/sa-mrbt_ws/install/behaviortree_cpp/share/behaviortree_cpp/package.bash'
[4.127s] INFO:colcon.colcon_core.shell:Creating package script '/home/emily/sa-mrbt_ws/install/behaviortree_cpp/share/behaviortree_cpp/package.zsh'
[4.127s] Level 1:colcon.colcon_core.environment:create_file_with_runtime_dependencies(/home/emily/sa-mrbt_ws/install/behaviortree_cpp/share/colcon-core/packages/behaviortree_cpp)
[4.127s] INFO:colcon.colcon_ros.task.ament_cmake.build:Building ROS package in '/home/emily/sa-mrbt_ws/src/simplified_marine_sim' with build type 'ament_cmake'
[4.127s] INFO:colcon.colcon_cmake.task.cmake.build:Building CMake package in '/home/emily/sa-mrbt_ws/src/simplified_marine_sim'
[4.128s] INFO:colcon.colcon_core.shell:Skip shell extension 'powershell' for command environment: Not usable outside of PowerShell
[4.128s] DEBUG:colcon.colcon_core.shell:Skip shell extension 'dsv' for command environment
[4.135s] DEBUG:colcon.colcon_core.event_handler.log_command:Invoking command in '/home/emily/sa-mrbt_ws/build/simulator': CMAKE_PREFIX_PATH=/home/emily/sa-mrbt_ws/install/behaviortree_cpp:/home/emily/sa-mrbt_ws/install/simulator:/opt/ros/iron /usr/bin/cmake --build /home/emily/sa-mrbt_ws/build/simulator -- -j12 -l12
[5.081s] DEBUG:colcon.colcon_core.event_handler.log_command:Invoked command in '/home/emily/sa-mrbt_ws/build/simulator' returned '0': CMAKE_PREFIX_PATH=/home/emily/sa-mrbt_ws/install/behaviortree_cpp:/home/emily/sa-mrbt_ws/install/simulator:/opt/ros/iron /usr/bin/cmake --build /home/emily/sa-mrbt_ws/build/simulator -- -j12 -l12
[5.109s] DEBUG:colcon.colcon_core.event_handler.log_command:Invoking command in '/home/emily/sa-mrbt_ws/build/simulator': CMAKE_PREFIX_PATH=/home/emily/sa-mrbt_ws/install/behaviortree_cpp:/home/emily/sa-mrbt_ws/install/simulator:/opt/ros/iron /usr/bin/cmake --install /home/emily/sa-mrbt_ws/build/simulator
[5.121s] Level 1:colcon.colcon_core.environment:create_environment_scripts_only(simulator)
[5.121s] Level 1:colcon.colcon_core.environment:checking '/home/emily/sa-mrbt_ws/install/simulator' for CMake module files
[5.121s] DEBUG:colcon.colcon_core.event_handler.log_command:Invoked command in '/home/emily/sa-mrbt_ws/build/simulator' returned '0': CMAKE_PREFIX_PATH=/home/emily/sa-mrbt_ws/install/behaviortree_cpp:/home/emily/sa-mrbt_ws/install/simulator:/opt/ros/iron /usr/bin/cmake --install /home/emily/sa-mrbt_ws/build/simulator
[5.122s] Level 1:colcon.colcon_core.environment:checking '/home/emily/sa-mrbt_ws/install/simulator' for CMake config files
[5.122s] Level 1:colcon.colcon_core.shell:create_environment_hook('simulator', 'cmake_prefix_path')
[5.122s] INFO:colcon.colcon_core.shell:Creating environment hook '/home/emily/sa-mrbt_ws/install/simulator/share/simulator/hook/cmake_prefix_path.ps1'
[5.122s] INFO:colcon.colcon_core.shell:Creating environment descriptor '/home/emily/sa-mrbt_ws/install/simulator/share/simulator/hook/cmake_prefix_path.dsv'
[5.123s] INFO:colcon.colcon_core.shell:Creating environment hook '/home/emily/sa-mrbt_ws/install/simulator/share/simulator/hook/cmake_prefix_path.sh'
[5.123s] Level 1:colcon.colcon_core.environment:checking '/home/emily/sa-mrbt_ws/install/simulator/lib'
[5.123s] Level 1:colcon.colcon_core.environment:checking '/home/emily/sa-mrbt_ws/install/simulator/bin'
[5.123s] Level 1:colcon.colcon_core.environment:checking '/home/emily/sa-mrbt_ws/install/simulator/lib/pkgconfig/simulator.pc'
[5.123s] Level 1:colcon.colcon_core.environment:checking '/home/emily/sa-mrbt_ws/install/simulator/lib/python3.10/site-packages'
[5.124s] Level 1:colcon.colcon_core.environment:checking '/home/emily/sa-mrbt_ws/install/simulator/bin'
[5.124s] INFO:colcon.colcon_core.shell:Creating package script '/home/emily/sa-mrbt_ws/install/simulator/share/simulator/package.ps1'
[5.124s] INFO:colcon.colcon_core.shell:Creating package descriptor '/home/emily/sa-mrbt_ws/install/simulator/share/simulator/package.dsv'
[5.124s] INFO:colcon.colcon_core.shell:Creating package script '/home/emily/sa-mrbt_ws/install/simulator/share/simulator/package.sh'
[5.125s] INFO:colcon.colcon_core.shell:Creating package script '/home/emily/sa-mrbt_ws/install/simulator/share/simulator/package.bash'
[5.125s] INFO:colcon.colcon_core.shell:Creating package script '/home/emily/sa-mrbt_ws/install/simulator/share/simulator/package.zsh'
[5.125s] Level 1:colcon.colcon_core.environment:create_file_with_runtime_dependencies(/home/emily/sa-mrbt_ws/install/simulator/share/colcon-core/packages/simulator)
[5.154s] Level 1:colcon.colcon_core.environment:create_environment_scripts_only(simulator)
[5.154s] Level 1:colcon.colcon_core.environment:checking '/home/emily/sa-mrbt_ws/install/simulator' for CMake module files
[5.154s] Level 1:colcon.colcon_core.environment:checking '/home/emily/sa-mrbt_ws/install/simulator' for CMake config files
[5.154s] Level 1:colcon.colcon_core.shell:create_environment_hook('simulator', 'cmake_prefix_path')
[5.155s] INFO:colcon.colcon_core.shell:Creating environment hook '/home/emily/sa-mrbt_ws/install/simulator/share/simulator/hook/cmake_prefix_path.ps1'
[5.155s] INFO:colcon.colcon_core.shell:Creating environment descriptor '/home/emily/sa-mrbt_ws/install/simulator/share/simulator/hook/cmake_prefix_path.dsv'
[5.155s] INFO:colcon.colcon_core.shell:Creating environment hook '/home/emily/sa-mrbt_ws/install/simulator/share/simulator/hook/cmake_prefix_path.sh'
[5.156s] Level 1:colcon.colcon_core.environment:checking '/home/emily/sa-mrbt_ws/install/simulator/lib'
[5.156s] Level 1:colcon.colcon_core.environment:checking '/home/emily/sa-mrbt_ws/install/simulator/bin'
[5.156s] Level 1:colcon.colcon_core.environment:checking '/home/emily/sa-mrbt_ws/install/simulator/lib/pkgconfig/simulator.pc'
[5.156s] Level 1:colcon.colcon_core.environment:checking '/home/emily/sa-mrbt_ws/install/simulator/lib/python3.10/site-packages'
[5.156s] Level 1:colcon.colcon_core.environment:checking '/home/emily/sa-mrbt_ws/install/simulator/bin'
[5.156s] INFO:colcon.colcon_core.shell:Creating package script '/home/emily/sa-mrbt_ws/install/simulator/share/simulator/package.ps1'
[5.157s] INFO:colcon.colcon_core.shell:Creating package descriptor '/home/emily/sa-mrbt_ws/install/simulator/share/simulator/package.dsv'
[5.157s] INFO:colcon.colcon_core.shell:Creating package script '/home/emily/sa-mrbt_ws/install/simulator/share/simulator/package.sh'
[5.157s] INFO:colcon.colcon_core.shell:Creating package script '/home/emily/sa-mrbt_ws/install/simulator/share/simulator/package.bash'
[5.158s] INFO:colcon.colcon_core.shell:Creating package script '/home/emily/sa-mrbt_ws/install/simulator/share/simulator/package.zsh'
[5.158s] Level 1:colcon.colcon_core.environment:create_file_with_runtime_dependencies(/home/emily/sa-mrbt_ws/install/simulator/share/colcon-core/packages/simulator)
[5.158s] DEBUG:colcon.colcon_parallel_executor.executor.parallel:closing loop
[5.158s] DEBUG:colcon.colcon_parallel_executor.executor.parallel:loop closed
[5.158s] DEBUG:colcon.colcon_parallel_executor.executor.parallel:run_until_complete finished with '0'
[5.159s] DEBUG:colcon.colcon_core.event_reactor:joining thread
[5.162s] INFO:colcon.colcon_core.plugin_system:Skipping extension 'colcon_notification.desktop_notification.terminal_notifier': Not used on non-Darwin systems
[5.162s] INFO:colcon.colcon_core.plugin_system:Skipping extension 'colcon_notification.desktop_notification.win32': Not used on non-Windows systems
[5.162s] INFO:colcon.colcon_notification.desktop_notification:Sending desktop notification using 'notify2'
[5.169s] DEBUG:colcon.colcon_core.event_reactor:joined thread
[5.170s] INFO:colcon.colcon_core.shell:Creating prefix script '/home/emily/sa-mrbt_ws/install/local_setup.ps1'
[5.170s] INFO:colcon.colcon_core.shell:Creating prefix util module '/home/emily/sa-mrbt_ws/install/_local_setup_util_ps1.py'
[5.172s] INFO:colcon.colcon_core.shell:Creating prefix chain script '/home/emily/sa-mrbt_ws/install/setup.ps1'
[5.172s] INFO:colcon.colcon_core.shell:Creating prefix script '/home/emily/sa-mrbt_ws/install/local_setup.sh'
[5.173s] INFO:colcon.colcon_core.shell:Creating prefix util module '/home/emily/sa-mrbt_ws/install/_local_setup_util_sh.py'
[5.173s] INFO:colcon.colcon_core.shell:Creating prefix chain script '/home/emily/sa-mrbt_ws/install/setup.sh'
[5.174s] INFO:colcon.colcon_core.shell:Creating prefix script '/home/emily/sa-mrbt_ws/install/local_setup.bash'
[5.174s] INFO:colcon.colcon_core.shell:Creating prefix chain script '/home/emily/sa-mrbt_ws/install/setup.bash'
[5.175s] INFO:colcon.colcon_core.shell:Creating prefix script '/home/emily/sa-mrbt_ws/install/local_setup.zsh'
[5.175s] INFO:colcon.colcon_core.shell:Creating prefix chain script '/home/emily/sa-mrbt_ws/install/setup.zsh'
