[0.007s] Invoking command in '/home/emily/sa-mrbt_ws/build/simulator': CMAKE_PREFIX_PATH=/home/emily/sa-mrbt_ws/install/behaviortree_cpp:/home/emily/sa-mrbt_ws/install/simulator:/opt/ros/iron /usr/bin/cmake --build /home/emily/sa-mrbt_ws/build/simulator -- -j12 -l12
[0.040s] [35m[1mConsolidate compiler generated dependencies of target sim[0m
[0.061s] [  8%] [32mBuilding CXX object CMakeFiles/sim.dir/src/sim.cpp.o[0m
[3.930s] [ 16%] [32m[1mLinking CXX executable sim[0m
[4.687s] [100%] Built target sim
[4.695s] Invoked command in '/home/emily/sa-mrbt_ws/build/simulator' returned '0': CMAKE_PREFIX_PATH=/home/emily/sa-mrbt_ws/install/behaviortree_cpp:/home/emily/sa-mrbt_ws/install/simulator:/opt/ros/iron /usr/bin/cmake --build /home/emily/sa-mrbt_ws/build/simulator -- -j12 -l12
[4.723s] Invoking command in '/home/emily/sa-mrbt_ws/build/simulator': CMAKE_PREFIX_PATH=/home/emily/sa-mrbt_ws/install/behaviortree_cpp:/home/emily/sa-mrbt_ws/install/simulator:/opt/ros/iron /usr/bin/cmake --install /home/emily/sa-mrbt_ws/build/simulator
[4.729s] -- Install configuration: ""
[4.729s] -- Installing: /home/emily/sa-mrbt_ws/install/simulator/lib/simulator/sim
[4.733s] -- Set runtime path of "/home/emily/sa-mrbt_ws/install/simulator/lib/simulator/sim" to ""
[4.733s] -- Up-to-date: /home/emily/sa-mrbt_ws/install/simulator/share/ament_index/resource_index/package_run_dependencies/simulator
[4.733s] -- Up-to-date: /home/emily/sa-mrbt_ws/install/simulator/share/ament_index/resource_index/parent_prefix_path/simulator
[4.733s] -- Up-to-date: /home/emily/sa-mrbt_ws/install/simulator/share/simulator/environment/ament_prefix_path.sh
[4.733s] -- Up-to-date: /home/emily/sa-mrbt_ws/install/simulator/share/simulator/environment/ament_prefix_path.dsv
[4.734s] -- Up-to-date: /home/emily/sa-mrbt_ws/install/simulator/share/simulator/environment/path.sh
[4.734s] -- Up-to-date: /home/emily/sa-mrbt_ws/install/simulator/share/simulator/environment/path.dsv
[4.734s] -- Up-to-date: /home/emily/sa-mrbt_ws/install/simulator/share/simulator/local_setup.bash
[4.734s] -- Up-to-date: /home/emily/sa-mrbt_ws/install/simulator/share/simulator/local_setup.sh
[4.734s] -- Up-to-date: /home/emily/sa-mrbt_ws/install/simulator/share/simulator/local_setup.zsh
[4.734s] -- Up-to-date: /home/emily/sa-mrbt_ws/install/simulator/share/simulator/local_setup.dsv
[4.734s] -- Installing: /home/emily/sa-mrbt_ws/install/simulator/share/simulator/package.dsv
[4.734s] -- Up-to-date: /home/emily/sa-mrbt_ws/install/simulator/share/ament_index/resource_index/packages/simulator
[4.734s] -- Up-to-date: /home/emily/sa-mrbt_ws/install/simulator/share/simulator/cmake/simulatorConfig.cmake
[4.734s] -- Up-to-date: /home/emily/sa-mrbt_ws/install/simulator/share/simulator/cmake/simulatorConfig-version.cmake
[4.734s] -- Up-to-date: /home/emily/sa-mrbt_ws/install/simulator/share/simulator/package.xml
[4.735s] Invoked command in '/home/emily/sa-mrbt_ws/build/simulator' returned '0': CMAKE_PREFIX_PATH=/home/emily/sa-mrbt_ws/install/behaviortree_cpp:/home/emily/sa-mrbt_ws/install/simulator:/opt/ros/iron /usr/bin/cmake --install /home/emily/sa-mrbt_ws/build/simulator
