[0.006s] Invoking command in '/home/emily/sa-mrbt_ws/build/simulator': CMAKE_PREFIX_PATH=/home/emily/sa-mrbt_ws/install/behaviortree_cpp:/home/emily/sa-mrbt_ws/install/simulator:/opt/ros/iron /usr/bin/cmake --build /home/emily/sa-mrbt_ws/build/simulator -- -j12 -l12
[0.038s] [35m[1mConsolidate compiler generated dependencies of target sim[0m
[0.061s] [  7%] [32mBuilding CXX object CMakeFiles/sim.dir/src/CBGA.cpp.o[0m
[1.579s] [01m[K/home/emily/sa-mrbt_ws/src/simplified_marine_sim/src/CBGA.cpp:[m[K In function ‘[01m[Kstd::pair<int, double> getMinExistingWinningBid(std::vector<double, std::allocator<double> >, int)[m[K’:
[1.579s] [01m[K/home/emily/sa-mrbt_ws/src/simplified_marine_sim/src/CBGA.cpp:1221:48:[m[K [01;31m[Kerror: [m[K‘[01m[Kwinning_bid_ij[m[K’ was not declared in this scope; did you mean ‘[01m[Kwinning_bids_ij[m[K’?
[1.579s]  1221 |                 min_existing_winning_bid_ijn = [01;31m[Kwinning_bid_ij[m[K[agent_idx_n];
[1.580s]       |                                                [01;31m[K^~~~~~~~~~~~~~[m[K
[1.580s]       |                                                [32m[Kwinning_bids_ij[m[K
[1.588s] [01m[K/home/emily/sa-mrbt_ws/src/simplified_marine_sim/src/CBGA.cpp:[m[K In member function ‘[01m[Kvoid CBGA::resolveConflicts(bool)[m[K’:
[1.588s] [01m[K/home/emily/sa-mrbt_ws/src/simplified_marine_sim/src/CBGA.cpp:1339:103:[m[K [01;31m[Kerror: [m[K‘[01m[Ktask_group_max_size[m[K’ was not declared in this scope
[1.588s]  1339 | full_wrt_current_robot_type = isGroupEffectivelyFull(task_sub_group_assignments, [01;31m[Ktask_group_max_size[m[K, current_robot_type);
[1.588s]       |                                                                                  [01;31m[K^~~~~~~~~~~~~~~~~~~[m[K
[1.588s] 
[1.593s] [01m[K/home/emily/sa-mrbt_ws/src/simplified_marine_sim/src/CBGA.cpp:1339:124:[m[K [01;31m[Kerror: [m[K‘[01m[Kcurrent_robot_type[m[K’ was not declared in this scope; did you mean ‘[01m[Kfull_wrt_current_robot_type[m[K’?
[1.593s]  1339 | t_type = isGroupEffectivelyFull(task_sub_group_assignments, task_group_max_size, [01;31m[Kcurrent_robot_type[m[K);
[1.593s]       |                                                                                  [01;31m[K^~~~~~~~~~~~~~~~~~[m[K
[1.593s]       |                                                                                  [32m[Kfull_wrt_current_robot_type[m[K
[1.594s] [01m[K/home/emily/sa-mrbt_ws/src/simplified_marine_sim/src/CBGA.cpp:1374:94:[m[K [01;31m[Kerror: [m[Kconversion from ‘[01m[Kdouble[m[K’ to non-scalar type ‘[01m[Kstd::pair<int, double>[m[K’ requested
[1.594s]  1374 |                     std::pair<int, double> current_min = [01;31m[KgetMinExistingWinningBid(winning_bids_matrix_i[task_idx], num_agents)[m[K;
[1.594s]       |                                                          [01;31m[K~~~~~~~~~~~~~~~~~~~~~~~~^~~~~~~~~~~~~~~~~~~~~~~~~~~~~~~~~~~~~~~~~~~~~[m[K
[1.594s] 
[2.366s] gmake[2]: *** [CMakeFiles/sim.dir/build.make:104: CMakeFiles/sim.dir/src/CBGA.cpp.o] Error 1
[2.366s] gmake[1]: *** [CMakeFiles/Makefile2:137: CMakeFiles/sim.dir/all] Error 2
[2.366s] gmake: *** [Makefile:146: all] Error 2
[2.367s] Invoked command in '/home/emily/sa-mrbt_ws/build/simulator' returned '2': CMAKE_PREFIX_PATH=/home/emily/sa-mrbt_ws/install/behaviortree_cpp:/home/emily/sa-mrbt_ws/install/simulator:/opt/ros/iron /usr/bin/cmake --build /home/emily/sa-mrbt_ws/build/simulator -- -j12 -l12
