[01m[K/home/emily/sa-mrbt_ws/src/simplified_marine_sim/src/robot.cpp:[m[K In member function ‘[01m[Kvoid Robot::testNewSelfSubtaskFailures()[m[K’:
[01m[K/home/emily/sa-mrbt_ws/src/simplified_marine_sim/src/robot.cpp:468:47:[m[K [01;31m[Kerror: [m[K‘[01m[KnewSelfSubtaskFailures[m[K’ was not declared in this scope; did you mean ‘[01m[KnewSelfSubtaskFailure[m[K’?
  468 |     std::pair<bool,std::vector<int>> result = [01;31m[KnewSelfSubtaskFailures[m[K();
      |                                               [01;31m[K^~~~~~~~~~~~~~~~~~~~~~[m[K
      |                                               [32m[KnewSelfSubtaskFailure[m[K
[01m[K/home/emily/sa-mrbt_ws/src/simplified_marine_sim/src/robot.cpp:[m[K At global scope:
[01m[K/home/emily/sa-mrbt_ws/src/simplified_marine_sim/src/robot.cpp:479:6:[m[K [01;31m[Kerror: [m[Kno declaration matches ‘[01m[Kvoid Robot::updateSubtaskFailuresPerSelf()[m[K’
  479 | void [01;31m[KRobot[m[K::updateSubtaskFailuresPerSelf() {
      |      [01;31m[K^~~~~[m[K
[01m[K/home/emily/sa-mrbt_ws/src/simplified_marine_sim/src/robot.cpp:479:6:[m[K [01;36m[Knote: [m[Kno functions named ‘[01m[Kvoid Robot::updateSubtaskFailuresPerSelf()[m[K’
In file included from [01m[K/home/emily/sa-mrbt_ws/src/simplified_marine_sim/include/world.hpp:8[m[K,
                 from [01m[K/home/emily/sa-mrbt_ws/src/simplified_marine_sim/src/robot.cpp:5[m[K:
[01m[K/home/emily/sa-mrbt_ws/src/simplified_marine_sim/include/robot.hpp:19:7:[m[K [01;36m[Knote: [m[K‘[01m[Kclass Robot[m[K’ defined here
   19 | class [01;36m[KRobot[m[K {
      |       [01;36m[K^~~~~[m[K
[01m[K/home/emily/sa-mrbt_ws/src/simplified_marine_sim/src/robot.cpp:485:6:[m[K [01;31m[Kerror: [m[Kno declaration matches ‘[01m[Kvoid Robot::updateWinningBidsMatrixPostFailure()[m[K’
  485 | void [01;31m[KRobot[m[K::updateWinningBidsMatrixPostFailure() {
      |      [01;31m[K^~~~~[m[K
[01m[K/home/emily/sa-mrbt_ws/src/simplified_marine_sim/src/robot.cpp:485:6:[m[K [01;36m[Knote: [m[Kno functions named ‘[01m[Kvoid Robot::updateWinningBidsMatrixPostFailure()[m[K’
In file included from [01m[K/home/emily/sa-mrbt_ws/src/simplified_marine_sim/include/world.hpp:8[m[K,
                 from [01m[K/home/emily/sa-mrbt_ws/src/simplified_marine_sim/src/robot.cpp:5[m[K:
[01m[K/home/emily/sa-mrbt_ws/src/simplified_marine_sim/include/robot.hpp:19:7:[m[K [01;36m[Knote: [m[K‘[01m[Kclass Robot[m[K’ defined here
   19 | class [01;36m[KRobot[m[K {
      |       [01;36m[K^~~~~[m[K
gmake[2]: *** [CMakeFiles/sim.dir/build.make:188: CMakeFiles/sim.dir/src/robot.cpp.o] Error 1
gmake[1]: *** [CMakeFiles/Makefile2:137: CMakeFiles/sim.dir/all] Error 2
gmake: *** [Makefile:146: all] Error 2
