[0.007s] Invoking command in '/home/emily/sa-mrbt_ws/build/simulator': CMAKE_PREFIX_PATH=/home/emily/sa-mrbt_ws/install/behaviortree_cpp:/home/emily/sa-mrbt_ws/install/simulator:/opt/ros/iron /usr/bin/cmake --build /home/emily/sa-mrbt_ws/build/simulator -- -j12 -l12
[0.038s] [35m[1mConsolidate compiler generated dependencies of target sim[0m
[0.061s] [  7%] [32mBuilding CXX object CMakeFiles/sim.dir/src/behavior_tree.cpp.o[0m
[1.726s] [01m[K/home/emily/sa-mrbt_ws/src/simplified_marine_sim/src/behavior_tree.cpp:[m[K In member function ‘[01m[Kvirtual BT::NodeStatus Communicate::onRunning()[m[K’:
[1.726s] [01m[K/home/emily/sa-mrbt_ws/src/simplified_marine_sim/src/behavior_tree.cpp:278:20:[m[K [01;31m[Kerror: [m[K‘[01m[KlogMapOf2DVectorOfPoints[m[K’ is not a member of ‘[01m[Kutils[m[K’; did you mean ‘[01m[KlogMapOf2DVectorsOfPoints[m[K’?
[1.726s]   278 |             utils::[01;31m[KlogMapOf2DVectorOfPoints[m[K(msg.discovered_obstacles, _robot);
[1.727s]       |                    [01;31m[K^~~~~~~~~~~~~~~~~~~~~~~~[m[K
[1.727s]       |                    [32m[KlogMapOf2DVectorsOfPoints[m[K
[1.727s] [01m[K/home/emily/sa-mrbt_ws/src/simplified_marine_sim/src/behavior_tree.cpp:294:16:[m[K [01;31m[Kerror: [m[K‘[01m[KlogMapOf2DVectorOfPoints[m[K’ is not a member of ‘[01m[Kutils[m[K’; did you mean ‘[01m[KlogMapOf2DVectorsOfPoints[m[K’?
[1.727s]   294 |         utils::[01;31m[KlogMapOf2DVectorOfPoints[m[K(_robot.getDiscoveredObstacles(), _robot);
[1.727s]       |                [01;31m[K^~~~~~~~~~~~~~~~~~~~~~~~[m[K
[1.727s]       |                [32m[KlogMapOf2DVectorsOfPoints[m[K
[1.727s] [01m[K/home/emily/sa-mrbt_ws/src/simplified_marine_sim/src/behavior_tree.cpp:298:16:[m[K [01;31m[Kerror: [m[K‘[01m[KlogMapOf2DVectorOfPoints[m[K’ is not a member of ‘[01m[Kutils[m[K’; did you mean ‘[01m[KlogMapOf2DVectorsOfPoints[m[K’?
[1.727s]   298 |         utils::[01;31m[KlogMapOf2DVectorOfPoints[m[K(_robot.getDiscoveredObstacles(), _robot);
[1.727s]       |                [01;31m[K^~~~~~~~~~~~~~~~~~~~~~~~[m[K
[1.727s]       |                [32m[KlogMapOf2DVectorsOfPoints[m[K
[3.008s] gmake[2]: *** [CMakeFiles/sim.dir/build.make:202: CMakeFiles/sim.dir/src/behavior_tree.cpp.o] Error 1
[3.009s] gmake[1]: *** [CMakeFiles/Makefile2:137: CMakeFiles/sim.dir/all] Error 2
[3.009s] gmake: *** [Makefile:146: all] Error 2
[3.010s] Invoked command in '/home/emily/sa-mrbt_ws/build/simulator' returned '2': CMAKE_PREFIX_PATH=/home/emily/sa-mrbt_ws/install/behaviortree_cpp:/home/emily/sa-mrbt_ws/install/simulator:/opt/ros/iron /usr/bin/cmake --build /home/emily/sa-mrbt_ws/build/simulator -- -j12 -l12
