[0.006s] Invoking command in '/home/emily/sa-mrbt_ws/build/simulator': CMAKE_PREFIX_PATH=/home/emily/sa-mrbt_ws/install/behaviortree_cpp:/home/emily/sa-mrbt_ws/install/simulator:/opt/ros/iron /usr/bin/cmake --build /home/emily/sa-mrbt_ws/build/simulator -- -j12 -l12
[0.040s] [35m[1mConsolidate compiler generated dependencies of target sim[0m
[0.063s] [  7%] [32mBuilding CXX object CMakeFiles/sim.dir/src/CBBA.cpp.o[0m
[0.063s] [ 15%] [32mBuilding CXX object CMakeFiles/sim.dir/src/message.cpp.o[0m
[0.064s] [ 23%] [32mBuilding CXX object CMakeFiles/sim.dir/src/sim.cpp.o[0m
[0.064s] [ 30%] [32mBuilding CXX object CMakeFiles/sim.dir/src/CBGA.cpp.o[0m
[0.064s] [ 38%] [32mBuilding CXX object CMakeFiles/sim.dir/src/world.cpp.o[0m
[0.066s] [ 46%] [32mBuilding CXX object CMakeFiles/sim.dir/src/planners.cpp.o[0m
[0.067s] [ 53%] [32mBuilding CXX object CMakeFiles/sim.dir/src/robot.cpp.o[0m
[0.068s] [ 61%] [32mBuilding CXX object CMakeFiles/sim.dir/src/behavior_tree.cpp.o[0m
[0.069s] [ 69%] [32mBuilding CXX object CMakeFiles/sim.dir/src/parser.cpp.o[0m
[0.070s] [ 76%] [32mBuilding CXX object CMakeFiles/sim.dir/src/greedy.cpp.o[0m
[2.171s] In file included from [01m[K/home/emily/sa-mrbt_ws/src/simplified_marine_sim/include/world.hpp:8[m[K,
[2.171s]                  from [01m[K/home/emily/sa-mrbt_ws/src/simplified_marine_sim/src/greedy.cpp:6[m[K:
[2.171s] [01m[K/home/emily/sa-mrbt_ws/src/simplified_marine_sim/include/robot.hpp:[m[K In member function ‘[01m[Kstd::unordered_map<int, Pose2D>& Robot::getTaskProgress()[m[K’:
[2.171s] [01m[K/home/emily/sa-mrbt_ws/src/simplified_marine_sim/include/robot.hpp:103:65:[m[K [01;31m[Kerror: [m[Kinvalid initialization of reference of type ‘[01m[Kstd::unordered_map<int, Pose2D>&[m[K’ from expression of type ‘[01m[Kstd::unordered_map<int, int>[m[K’
[2.171s]   103 |     std::unordered_map<int, Pose2D>& getTaskProgress() { return [01;31m[Ktask_progress[m[K; }
[2.171s]       |                                                                 [01;31m[K^~~~~~~~~~~~~[m[K
[2.182s] In file included from [01m[K/home/emily/sa-mrbt_ws/src/simplified_marine_sim/include/world.hpp:8[m[K,
[2.182s]                  from [01m[K/home/emily/sa-mrbt_ws/src/simplified_marine_sim/src/CBBA.cpp:6[m[K:
[2.182s] [01m[K/home/emily/sa-mrbt_ws/src/simplified_marine_sim/include/robot.hpp:[m[K In member function ‘[01m[Kstd::unordered_map<int, Pose2D>& Robot::getTaskProgress()[m[K’:
[2.182s] [01m[K/home/emily/sa-mrbt_ws/src/simplified_marine_sim/include/robot.hpp:103:65:[m[K [01;31m[Kerror: [m[Kinvalid initialization of reference of type ‘[01m[Kstd::unordered_map<int, Pose2D>&[m[K’ from expression of type ‘[01m[Kstd::unordered_map<int, int>[m[K’
[2.182s]   103 |     std::unordered_map<int, Pose2D>& getTaskProgress() { return [01;31m[Ktask_progress[m[K; }
[2.182s]       |                                                                 [01;31m[K^~~~~~~~~~~~~[m[K
[2.700s] In file included from [01m[K/home/emily/sa-mrbt_ws/src/simplified_marine_sim/include/world.hpp:8[m[K,
[2.700s]                  from [01m[K/home/emily/sa-mrbt_ws/src/simplified_marine_sim/src/planners.cpp:4[m[K:
[2.700s] [01m[K/home/emily/sa-mrbt_ws/src/simplified_marine_sim/include/robot.hpp:[m[K In member function ‘[01m[Kstd::unordered_map<int, Pose2D>& Robot::getTaskProgress()[m[K’:
[2.700s] [01m[K/home/emily/sa-mrbt_ws/src/simplified_marine_sim/include/robot.hpp:103:65:[m[K [01;31m[Kerror: [m[Kinvalid initialization of reference of type ‘[01m[Kstd::unordered_map<int, Pose2D>&[m[K’ from expression of type ‘[01m[Kstd::unordered_map<int, int>[m[K’
[2.701s]   103 |     std::unordered_map<int, Pose2D>& getTaskProgress() { return [01;31m[Ktask_progress[m[K; }
[2.701s]       |                                                                 [01;31m[K^~~~~~~~~~~~~[m[K
[2.861s] In file included from [01m[K/home/emily/sa-mrbt_ws/src/simplified_marine_sim/include/world.hpp:8[m[K,
[2.861s]                  from [01m[K/home/emily/sa-mrbt_ws/src/simplified_marine_sim/include/behavior_tree.hpp:7[m[K,
[2.861s]                  from [01m[K/home/emily/sa-mrbt_ws/src/simplified_marine_sim/src/behavior_tree.cpp:1[m[K:
[2.861s] [01m[K/home/emily/sa-mrbt_ws/src/simplified_marine_sim/include/robot.hpp:[m[K In member function ‘[01m[Kstd::unordered_map<int, Pose2D>& Robot::getTaskProgress()[m[K’:
[2.862s] [01m[K/home/emily/sa-mrbt_ws/src/simplified_marine_sim/include/robot.hpp:103:65:[m[K [01;31m[Kerror: [m[Kinvalid initialization of reference of type ‘[01m[Kstd::unordered_map<int, Pose2D>&[m[K’ from expression of type ‘[01m[Kstd::unordered_map<int, int>[m[K’
[2.862s]   103 |     std::unordered_map<int, Pose2D>& getTaskProgress() { return [01;31m[Ktask_progress[m[K; }
[2.862s]       |                                                                 [01;31m[K^~~~~~~~~~~~~[m[K
[2.959s] In file included from [01m[K/home/emily/sa-mrbt_ws/src/simplified_marine_sim/include/world.hpp:8[m[K,
[2.960s]                  from [01m[K/home/emily/sa-mrbt_ws/src/simplified_marine_sim/src/world.cpp:4[m[K:
[2.960s] [01m[K/home/emily/sa-mrbt_ws/src/simplified_marine_sim/include/robot.hpp:[m[K In member function ‘[01m[Kstd::unordered_map<int, Pose2D>& Robot::getTaskProgress()[m[K’:
[2.960s] [01m[K/home/emily/sa-mrbt_ws/src/simplified_marine_sim/include/robot.hpp:103:65:[m[K [01;31m[Kerror: [m[Kinvalid initialization of reference of type ‘[01m[Kstd::unordered_map<int, Pose2D>&[m[K’ from expression of type ‘[01m[Kstd::unordered_map<int, int>[m[K’
[2.960s]   103 |     std::unordered_map<int, Pose2D>& getTaskProgress() { return [01;31m[Ktask_progress[m[K; }
[2.960s]       |                                                                 [01;31m[K^~~~~~~~~~~~~[m[K
[2.960s] In file included from [01m[K/home/emily/sa-mrbt_ws/src/simplified_marine_sim/include/world.hpp:8[m[K,
[2.960s]                  from [01m[K/home/emily/sa-mrbt_ws/src/simplified_marine_sim/src/sim.cpp:8[m[K:
[2.960s] [01m[K/home/emily/sa-mrbt_ws/src/simplified_marine_sim/include/robot.hpp:[m[K In member function ‘[01m[Kstd::unordered_map<int, Pose2D>& Robot::getTaskProgress()[m[K’:
[2.960s] [01m[K/home/emily/sa-mrbt_ws/src/simplified_marine_sim/include/robot.hpp:103:65:[m[K [01;31m[Kerror: [m[Kinvalid initialization of reference of type ‘[01m[Kstd::unordered_map<int, Pose2D>&[m[K’ from expression of type ‘[01m[Kstd::unordered_map<int, int>[m[K’
[2.960s]   103 |     std::unordered_map<int, Pose2D>& getTaskProgress() { return [01;31m[Ktask_progress[m[K; }
[2.961s]       |                                                                 [01;31m[K^~~~~~~~~~~~~[m[K
[2.972s] In file included from [01m[K/home/emily/sa-mrbt_ws/src/simplified_marine_sim/include/world.hpp:8[m[K,
[2.972s]                  from [01m[K/home/emily/sa-mrbt_ws/src/simplified_marine_sim/include/message.hpp:6[m[K,
[2.972s]                  from [01m[K/home/emily/sa-mrbt_ws/src/simplified_marine_sim/src/message.cpp:2[m[K:
[2.972s] [01m[K/home/emily/sa-mrbt_ws/src/simplified_marine_sim/include/robot.hpp:[m[K In member function ‘[01m[Kstd::unordered_map<int, Pose2D>& Robot::getTaskProgress()[m[K’:
[2.972s] [01m[K/home/emily/sa-mrbt_ws/src/simplified_marine_sim/include/robot.hpp:103:65:[m[K [01;31m[Kerror: [m[Kinvalid initialization of reference of type ‘[01m[Kstd::unordered_map<int, Pose2D>&[m[K’ from expression of type ‘[01m[Kstd::unordered_map<int, int>[m[K’
[2.972s]   103 |     std::unordered_map<int, Pose2D>& getTaskProgress() { return [01;31m[Ktask_progress[m[K; }
[2.973s]       |                                                                 [01;31m[K^~~~~~~~~~~~~[m[K
[2.989s] In file included from [01m[K/home/emily/sa-mrbt_ws/src/simplified_marine_sim/include/world.hpp:8[m[K,
[2.989s]                  from [01m[K/home/emily/sa-mrbt_ws/src/simplified_marine_sim/src/CBGA.cpp:6[m[K:
[2.989s] [01m[K/home/emily/sa-mrbt_ws/src/simplified_marine_sim/include/robot.hpp:[m[K In member function ‘[01m[Kstd::unordered_map<int, Pose2D>& Robot::getTaskProgress()[m[K’:
[2.989s] [01m[K/home/emily/sa-mrbt_ws/src/simplified_marine_sim/include/robot.hpp:103:65:[m[K [01;31m[Kerror: [m[Kinvalid initialization of reference of type ‘[01m[Kstd::unordered_map<int, Pose2D>&[m[K’ from expression of type ‘[01m[Kstd::unordered_map<int, int>[m[K’
[2.989s]   103 |     std::unordered_map<int, Pose2D>& getTaskProgress() { return [01;31m[Ktask_progress[m[K; }
[2.989s]       |                                                                 [01;31m[K^~~~~~~~~~~~~[m[K
[3.068s] In file included from [01m[K/home/emily/sa-mrbt_ws/src/simplified_marine_sim/include/utils.hpp:7[m[K,
[3.069s]                  from [01m[K/home/emily/sa-mrbt_ws/src/simplified_marine_sim/src/parser.cpp:7[m[K:
[3.069s] [01m[K/home/emily/sa-mrbt_ws/src/simplified_marine_sim/include/robot.hpp:[m[K In member function ‘[01m[Kstd::unordered_map<int, Pose2D>& Robot::getTaskProgress()[m[K’:
[3.069s] [01m[K/home/emily/sa-mrbt_ws/src/simplified_marine_sim/include/robot.hpp:103:65:[m[K [01;31m[Kerror: [m[Kinvalid initialization of reference of type ‘[01m[Kstd::unordered_map<int, Pose2D>&[m[K’ from expression of type ‘[01m[Kstd::unordered_map<int, int>[m[K’
[3.069s]   103 |     std::unordered_map<int, Pose2D>& getTaskProgress() { return [01;31m[Ktask_progress[m[K; }
[3.069s]       |                                                                 [01;31m[K^~~~~~~~~~~~~[m[K
[3.091s] gmake[2]: *** [CMakeFiles/sim.dir/build.make:230: CMakeFiles/sim.dir/src/greedy.cpp.o] Error 1
[3.091s] gmake[2]: *** Waiting for unfinished jobs....
[3.127s] [01m[K/home/emily/sa-mrbt_ws/src/simplified_marine_sim/src/CBGA.cpp:[m[K In member function ‘[01m[Kvoid CBGA::bundleAdd(std::vector<int>&, std::vector<int>&, std::map<int, double>&, std::vector<std::vector<double, std::allocator<double> > >&)[m[K’:
[3.127s] [01m[K/home/emily/sa-mrbt_ws/src/simplified_marine_sim/src/CBGA.cpp:887:27:[m[K [01;31m[Kerror: [m[K‘[01m[Kclass World[m[K’ has no member named ‘[01m[KtaskAlreadyStarted[m[K’
[3.127s]   887 |                 if (world.[01;31m[KtaskAlreadyStarted[m[K(task_id)) {
[3.128s]       |                           [01;31m[K^~~~~~~~~~~~~~~~~~[m[K
[3.132s] In file included from [01m[K/home/emily/sa-mrbt_ws/src/simplified_marine_sim/include/world.hpp:8[m[K,
[3.132s]                  from [01m[K/home/emily/sa-mrbt_ws/src/simplified_marine_sim/src/robot.cpp:4[m[K:
[3.132s] [01m[K/home/emily/sa-mrbt_ws/src/simplified_marine_sim/include/robot.hpp:[m[K In member function ‘[01m[Kstd::unordered_map<int, Pose2D>& Robot::getTaskProgress()[m[K’:
[3.133s] [01m[K/home/emily/sa-mrbt_ws/src/simplified_marine_sim/include/robot.hpp:103:65:[m[K [01;31m[Kerror: [m[Kinvalid initialization of reference of type ‘[01m[Kstd::unordered_map<int, Pose2D>&[m[K’ from expression of type ‘[01m[Kstd::unordered_map<int, int>[m[K’
[3.133s]   103 |     std::unordered_map<int, Pose2D>& getTaskProgress() { return [01;31m[Ktask_progress[m[K; }
[3.133s]       |                                                                 [01;31m[K^~~~~~~~~~~~~[m[K
[3.146s] [01m[K/home/emily/sa-mrbt_ws/src/simplified_marine_sim/src/CBGA.cpp:[m[K In member function ‘[01m[Kvoid CBGA::resolveConflicts(bool)[m[K’:
[3.146s] [01m[K/home/emily/sa-mrbt_ws/src/simplified_marine_sim/src/CBGA.cpp:1435:23:[m[K [01;31m[Kerror: [m[K‘[01m[Kclass World[m[K’ has no member named ‘[01m[KtaskAlreadyStarted[m[K’
[3.146s]  1435 |             if (world.[01;31m[KtaskAlreadyStarted[m[K(task_id)) {
[3.146s]       |                       [01;31m[K^~~~~~~~~~~~~~~~~~[m[K
[3.213s] gmake[2]: *** [CMakeFiles/sim.dir/build.make:90: CMakeFiles/sim.dir/src/CBBA.cpp.o] Error 1
[3.831s] gmake[2]: *** [CMakeFiles/sim.dir/build.make:174: CMakeFiles/sim.dir/src/planners.cpp.o] Error 1
[4.252s] gmake[2]: *** [CMakeFiles/sim.dir/build.make:216: CMakeFiles/sim.dir/src/parser.cpp.o] Error 1
[4.258s] gmake[2]: *** [CMakeFiles/sim.dir/build.make:132: CMakeFiles/sim.dir/src/message.cpp.o] Error 1
[4.260s] gmake[2]: *** [CMakeFiles/sim.dir/build.make:160: CMakeFiles/sim.dir/src/world.cpp.o] Error 1
[4.342s] gmake[2]: *** [CMakeFiles/sim.dir/build.make:104: CMakeFiles/sim.dir/src/CBGA.cpp.o] Error 1
[4.511s] gmake[2]: *** [CMakeFiles/sim.dir/build.make:202: CMakeFiles/sim.dir/src/behavior_tree.cpp.o] Error 1
[5.222s] gmake[2]: *** [CMakeFiles/sim.dir/build.make:76: CMakeFiles/sim.dir/src/sim.cpp.o] Error 1
[5.283s] [01m[K/home/emily/sa-mrbt_ws/src/simplified_marine_sim/src/robot.cpp:[m[K In member function ‘[01m[Kstd::unordered_map<int, int> Robot::initTaskProgress()[m[K’:
[5.283s] [01m[K/home/emily/sa-mrbt_ws/src/simplified_marine_sim/src/robot.cpp:244:22:[m[K [01;31m[Kerror: [m[Kno match for ‘[01m[Koperator[][m[K’ (operand types are ‘[01m[Kconst std::pair<const int, TaskInfo>[m[K’ and ‘[01m[Kconst char [3][m[K’)
[5.283s]   244 |         int id = task[01;31m[K[[m[K"id"].get<int>();
[5.283s]       |                      [01;31m[K^[m[K
[5.283s] [01m[K/home/emily/sa-mrbt_ws/src/simplified_marine_sim/src/robot.cpp:244:33:[m[K [01;31m[Kerror: [m[Kexpected primary-expression before ‘[01m[Kint[m[K’
[5.283s]   244 |         int id = task["id"].get<[01;31m[Kint[m[K>();
[5.284s]       |                                 [01;31m[K^~~[m[K
[5.313s] [01m[K/home/emily/sa-mrbt_ws/src/simplified_marine_sim/src/robot.cpp:[m[K In member function ‘[01m[Kvoid Robot::updateTaskProgress(int, int)[m[K’:
[5.313s] [01m[K/home/emily/sa-mrbt_ws/src/simplified_marine_sim/src/robot.cpp:1126:5:[m[K [01;31m[Kerror: [m[K‘[01m[Ktask_progress_tracker[m[K’ was not declared in this scope
[5.313s]  1126 |     [01;31m[Ktask_progress_tracker[m[K[task_id] = started;
[5.314s]       |     [01;31m[K^~~~~~~~~~~~~~~~~~~~~[m[K
[6.457s] gmake[2]: *** [CMakeFiles/sim.dir/build.make:188: CMakeFiles/sim.dir/src/robot.cpp.o] Error 1
[6.457s] gmake[1]: *** [CMakeFiles/Makefile2:137: CMakeFiles/sim.dir/all] Error 2
[6.457s] gmake: *** [Makefile:146: all] Error 2
[6.459s] Invoked command in '/home/emily/sa-mrbt_ws/build/simulator' returned '2': CMAKE_PREFIX_PATH=/home/emily/sa-mrbt_ws/install/behaviortree_cpp:/home/emily/sa-mrbt_ws/install/simulator:/opt/ros/iron /usr/bin/cmake --build /home/emily/sa-mrbt_ws/build/simulator -- -j12 -l12
