[0.006s] Invoking command in '/home/emily/sa-mrbt_ws/build/simulator': CMAKE_PREFIX_PATH=/home/emily/sa-mrbt_ws/install/behaviortree_cpp:/home/emily/sa-mrbt_ws/install/simulator:/opt/ros/iron /usr/bin/cmake --build /home/emily/sa-mrbt_ws/build/simulator -- -j12 -l12
[0.037s] [35m[1mConsolidate compiler generated dependencies of target sim[0m
[0.060s] [  7%] [32mBuilding CXX object CMakeFiles/sim.dir/src/CBGA.cpp.o[0m
[0.061s] [ 15%] [32mBuilding CXX object CMakeFiles/sim.dir/src/behavior_tree.cpp.o[0m
[1.704s] [01m[K/home/emily/sa-mrbt_ws/src/simplified_marine_sim/src/CBGA.cpp:[m[K In member function ‘[01m[Kvoid CBGA::resolveConflicts(bool)[m[K’:
[1.704s] [01m[K/home/emily/sa-mrbt_ws/src/simplified_marine_sim/src/CBGA.cpp:1384:113:[m[K [01;31m[Kerror: [m[Kcannot bind non-const lvalue reference of type ‘[01m[Kstd::function<double(int)>&[m[K’ to an rvalue of type ‘[01m[Kstd::function<double(int)>[m[K’
[1.704s]  1384 |                 resolveSoloConflicts(task_id, id_i, id_k, winner_ij, winner_kj, winning_bid_ij, winning_bid_kj, [01;31m[Kts_i_m[m[K, ts_k_m, winning_bids_matrix_i, winning_bids_matrix_k);
[1.704s]       |                                                                                                                 [01;31m[K^~~~~~[m[K
[1.705s] In file included from [01m[K/usr/include/c++/11/functional:59[m[K,
[1.705s]                  from [01m[K/usr/include/c++/11/pstl/glue_algorithm_defs.h:13[m[K,
[1.705s]                  from [01m[K/usr/include/c++/11/algorithm:74[m[K,
[1.705s]                  from [01m[K/usr/include/opencv4/opencv2/core/base.hpp:55[m[K,
[1.705s]                  from [01m[K/usr/include/opencv4/opencv2/core.hpp:53[m[K,
[1.705s]                  from [01m[K/usr/include/opencv4/opencv2/opencv.hpp:52[m[K,
[1.705s]                  from [01m[K/home/emily/sa-mrbt_ws/src/simplified_marine_sim/include/world.hpp:4[m[K,
[1.705s]                  from [01m[K/home/emily/sa-mrbt_ws/src/simplified_marine_sim/src/CBGA.cpp:6[m[K:
[1.705s] [01m[K/usr/include/c++/11/bits/std_function.h:435:9:[m[K [01;36m[Knote: [m[K  after user-defined conversion: ‘[01m[Kstd::function<_Res(_ArgTypes ...)>::function(_Functor&&) [with _Functor = CBGA::resolveConflicts(bool)::<lambda(int)>&; _Constraints = void; _Res = double; _ArgTypes = {int}][m[K’
[1.705s]   435 |         [01;36m[Kfunction[m[K(_Functor&& __f)
[1.705s]       |         [01;36m[K^~~~~~~~[m[K
[1.705s] [01m[K/home/emily/sa-mrbt_ws/src/simplified_marine_sim/src/CBGA.cpp:1095:65:[m[K [01;36m[Knote: [m[K  initializing argument 8 of ‘[01m[Kvoid CBGA::resolveSoloConflicts(int, int, int, int, int, double, double, std::function<double(int)>&, std::function<double(int)>&, std::vector<std::vector<double, std::allocator<double> > >&, std::vector<std::vector<double, std::allocator<double> > >&)[m[K’
[1.705s]  1095 |                                     [01;36m[Kstd::function<double(int)>& ts_i_m[m[K, std::function<double(int)>& ts_k_m,
[1.705s]       |                                     [01;36m[K~~~~~~~~~~~~~~~~~~~~~~~~~~~~^~~~~~[m[K
[1.708s] [01m[K/home/emily/sa-mrbt_ws/src/simplified_marine_sim/src/CBGA.cpp:1497:36:[m[K [01;31m[Kerror: [m[K‘[01m[Km[m[K’ was not declared in this scope; did you mean ‘[01m[Ktm[m[K’?
[1.708s]  1497 |                         if (ts_k_m([01;31m[Km[m[K) > ts_i_m(m)) { // k timestamp more recent, so deferring to k per the following logic
[1.708s]       |                                    [01;31m[K^[m[K
[1.708s]       |                                    [32m[Ktm[m[K
[2.535s] gmake[2]: *** [CMakeFiles/sim.dir/build.make:104: CMakeFiles/sim.dir/src/CBGA.cpp.o] Error 1
[2.535s] gmake[2]: *** Waiting for unfinished jobs....
[3.670s] gmake[1]: *** [CMakeFiles/Makefile2:137: CMakeFiles/sim.dir/all] Error 2
[3.670s] gmake: *** [Makefile:146: all] Error 2
[3.672s] Invoked command in '/home/emily/sa-mrbt_ws/build/simulator' returned '2': CMAKE_PREFIX_PATH=/home/emily/sa-mrbt_ws/install/behaviortree_cpp:/home/emily/sa-mrbt_ws/install/simulator:/opt/ros/iron /usr/bin/cmake --build /home/emily/sa-mrbt_ws/build/simulator -- -j12 -l12
