[0.087s] DEBUG:colcon:Command line arguments: ['/usr/bin/colcon', 'build']
[0.087s] DEBUG:colcon:Parsed command line arguments: Namespace(log_base=None, log_level=None, verb_name='build', build_base='build', install_base='install', merge_install=False, symlink_install=False, test_result_base=None, continue_on_error=False, executor='parallel', parallel_workers=12, event_handlers=None, ignore_user_meta=False, metas=['./colcon.meta'], base_paths=['.'], packages_ignore=None, packages_ignore_regex=None, paths=None, packages_up_to=None, packages_up_to_regex=None, packages_above=None, packages_above_and_dependencies=None, packages_above_depth=None, packages_select_by_dep=None, packages_skip_by_dep=None, packages_skip_up_to=None, packages_select_build_failed=False, packages_skip_build_finished=False, packages_select_test_failures=False, packages_skip_test_passed=False, packages_select=None, packages_skip=None, packages_select_regex=None, packages_skip_regex=None, packages_start=None, packages_end=None, allow_overriding=[], cmake_args=None, cmake_target=None, cmake_target_skip_unavailable=False, cmake_clean_cache=False, cmake_clean_first=False, cmake_force_configure=False, ament_cmake_args=None, catkin_cmake_args=None, catkin_skip_building_tests=False, mixin_files=None, mixin=None, verb_parser=<colcon_mixin.mixin.mixin_argument.MixinArgumentDecorator object at 0x790f548491e0>, verb_extension=<colcon_core.verb.build.BuildVerb object at 0x790f548487f0>, main=<bound method BuildVerb.main of <colcon_core.verb.build.BuildVerb object at 0x790f548487f0>>, mixin_verb=('build',))
[0.231s] Level 1:colcon.colcon_core.package_discovery:discover_packages(colcon_meta) check parameters
[0.231s] Level 1:colcon.colcon_core.package_discovery:discover_packages(recursive) check parameters
[0.231s] Level 1:colcon.colcon_core.package_discovery:discover_packages(ignore) check parameters
[0.231s] Level 1:colcon.colcon_core.package_discovery:discover_packages(path) check parameters
[0.231s] Level 1:colcon.colcon_core.package_discovery:discover_packages(colcon_meta) discover
[0.231s] Level 1:colcon.colcon_core.package_discovery:discover_packages(recursive) discover
[0.231s] INFO:colcon.colcon_core.package_discovery:Crawling recursively for packages in '/home/emily/sa-mrbt_ws'
[0.231s] Level 1:colcon.colcon_core.package_identification:_identify(.) by extensions ['ignore', 'ignore_ament_install']
[0.231s] Level 1:colcon.colcon_core.package_identification:_identify(.) by extension 'ignore'
[0.231s] Level 1:colcon.colcon_core.package_identification:_identify(.) by extension 'ignore_ament_install'
[0.231s] Level 1:colcon.colcon_core.package_identification:_identify(.) by extensions ['colcon_pkg']
[0.231s] Level 1:colcon.colcon_core.package_identification:_identify(.) by extension 'colcon_pkg'
[0.231s] Level 1:colcon.colcon_core.package_identification:_identify(.) by extensions ['colcon_meta']
[0.231s] Level 1:colcon.colcon_core.package_identification:_identify(.) by extension 'colcon_meta'
[0.231s] Level 1:colcon.colcon_core.package_identification:_identify(.) by extensions ['ros']
[0.231s] Level 1:colcon.colcon_core.package_identification:_identify(.) by extension 'ros'
[0.245s] Level 1:colcon.colcon_core.package_identification:_identify(.) by extensions ['cmake', 'python']
[0.245s] Level 1:colcon.colcon_core.package_identification:_identify(.) by extension 'cmake'
[0.245s] Level 1:colcon.colcon_core.package_identification:_identify(.) by extension 'python'
[0.246s] Level 1:colcon.colcon_core.package_identification:_identify(.) by extensions ['python_setup_py']
[0.246s] Level 1:colcon.colcon_core.package_identification:_identify(.) by extension 'python_setup_py'
[0.246s] Level 1:colcon.colcon_core.package_identification:_identify(build) by extensions ['ignore', 'ignore_ament_install']
[0.246s] Level 1:colcon.colcon_core.package_identification:_identify(build) by extension 'ignore'
[0.246s] Level 1:colcon.colcon_core.package_identification:_identify(build) ignored
[0.246s] Level 1:colcon.colcon_core.package_identification:_identify(install) by extensions ['ignore', 'ignore_ament_install']
[0.246s] Level 1:colcon.colcon_core.package_identification:_identify(install) by extension 'ignore'
[0.246s] Level 1:colcon.colcon_core.package_identification:_identify(install) ignored
[0.246s] Level 1:colcon.colcon_core.package_identification:_identify(log) by extensions ['ignore', 'ignore_ament_install']
[0.246s] Level 1:colcon.colcon_core.package_identification:_identify(log) by extension 'ignore'
[0.246s] Level 1:colcon.colcon_core.package_identification:_identify(log) ignored
[0.247s] Level 1:colcon.colcon_core.package_identification:_identify(src) by extensions ['ignore', 'ignore_ament_install']
[0.247s] Level 1:colcon.colcon_core.package_identification:_identify(src) by extension 'ignore'
[0.247s] Level 1:colcon.colcon_core.package_identification:_identify(src) by extension 'ignore_ament_install'
[0.247s] Level 1:colcon.colcon_core.package_identification:_identify(src) by extensions ['colcon_pkg']
[0.247s] Level 1:colcon.colcon_core.package_identification:_identify(src) by extension 'colcon_pkg'
[0.247s] Level 1:colcon.colcon_core.package_identification:_identify(src) by extensions ['colcon_meta']
[0.247s] Level 1:colcon.colcon_core.package_identification:_identify(src) by extension 'colcon_meta'
[0.247s] Level 1:colcon.colcon_core.package_identification:_identify(src) by extensions ['ros']
[0.247s] Level 1:colcon.colcon_core.package_identification:_identify(src) by extension 'ros'
[0.247s] Level 1:colcon.colcon_core.package_identification:_identify(src) by extensions ['cmake', 'python']
[0.247s] Level 1:colcon.colcon_core.package_identification:_identify(src) by extension 'cmake'
[0.247s] Level 1:colcon.colcon_core.package_identification:_identify(src) by extension 'python'
[0.247s] Level 1:colcon.colcon_core.package_identification:_identify(src) by extensions ['python_setup_py']
[0.247s] Level 1:colcon.colcon_core.package_identification:_identify(src) by extension 'python_setup_py'
[0.247s] Level 1:colcon.colcon_core.package_identification:_identify(src/BehaviorTree.CPP) by extensions ['ignore', 'ignore_ament_install']
[0.247s] Level 1:colcon.colcon_core.package_identification:_identify(src/BehaviorTree.CPP) by extension 'ignore'
[0.247s] Level 1:colcon.colcon_core.package_identification:_identify(src/BehaviorTree.CPP) by extension 'ignore_ament_install'
[0.247s] Level 1:colcon.colcon_core.package_identification:_identify(src/BehaviorTree.CPP) by extensions ['colcon_pkg']
[0.247s] Level 1:colcon.colcon_core.package_identification:_identify(src/BehaviorTree.CPP) by extension 'colcon_pkg'
[0.247s] Level 1:colcon.colcon_core.package_identification:_identify(src/BehaviorTree.CPP) by extensions ['colcon_meta']
[0.247s] Level 1:colcon.colcon_core.package_identification:_identify(src/BehaviorTree.CPP) by extension 'colcon_meta'
[0.247s] Level 1:colcon.colcon_core.package_identification:_identify(src/BehaviorTree.CPP) by extensions ['ros']
[0.247s] Level 1:colcon.colcon_core.package_identification:_identify(src/BehaviorTree.CPP) by extension 'ros'
[0.261s] DEBUG:colcon.colcon_core.package_identification:Package 'src/BehaviorTree.CPP' with type 'ros.ament_cmake' and name 'behaviortree_cpp'
[0.262s] Level 1:colcon.colcon_core.package_identification:_identify(src/simplified_marine_sim) by extensions ['ignore', 'ignore_ament_install']
[0.262s] Level 1:colcon.colcon_core.package_identification:_identify(src/simplified_marine_sim) by extension 'ignore'
[0.262s] Level 1:colcon.colcon_core.package_identification:_identify(src/simplified_marine_sim) by extension 'ignore_ament_install'
[0.262s] Level 1:colcon.colcon_core.package_identification:_identify(src/simplified_marine_sim) by extensions ['colcon_pkg']
[0.262s] Level 1:colcon.colcon_core.package_identification:_identify(src/simplified_marine_sim) by extension 'colcon_pkg'
[0.262s] Level 1:colcon.colcon_core.package_identification:_identify(src/simplified_marine_sim) by extensions ['colcon_meta']
[0.262s] Level 1:colcon.colcon_core.package_identification:_identify(src/simplified_marine_sim) by extension 'colcon_meta'
[0.262s] Level 1:colcon.colcon_core.package_identification:_identify(src/simplified_marine_sim) by extensions ['ros']
[0.262s] Level 1:colcon.colcon_core.package_identification:_identify(src/simplified_marine_sim) by extension 'ros'
[0.263s] DEBUG:colcon.colcon_core.package_identification:Package 'src/simplified_marine_sim' with type 'ros.ament_cmake' and name 'simulator'
[0.263s] Level 1:colcon.colcon_core.package_discovery:discover_packages(recursive) using defaults
[0.263s] Level 1:colcon.colcon_core.package_discovery:discover_packages(ignore) discover
[0.263s] Level 1:colcon.colcon_core.package_discovery:discover_packages(ignore) using defaults
[0.263s] Level 1:colcon.colcon_core.package_discovery:discover_packages(path) discover
[0.263s] Level 1:colcon.colcon_core.package_discovery:discover_packages(path) using defaults
[0.278s] Level 1:colcon.colcon_core.package_discovery:discover_packages(prefix_path) check parameters
[0.278s] Level 1:colcon.colcon_core.package_discovery:discover_packages(prefix_path) discover
[0.279s] DEBUG:colcon.colcon_installed_package_information.package_discovery:Found 2 installed packages in /home/emily/sa-mrbt_ws/install
[0.280s] DEBUG:colcon.colcon_installed_package_information.package_discovery:Found 281 installed packages in /opt/ros/iron
[0.281s] Level 1:colcon.colcon_core.package_discovery:discover_packages(prefix_path) using defaults
[0.315s] Level 5:colcon.colcon_core.verb:set package 'behaviortree_cpp' build argument 'cmake_args' from command line to 'None'
[0.315s] Level 5:colcon.colcon_core.verb:set package 'behaviortree_cpp' build argument 'cmake_target' from command line to 'None'
[0.315s] Level 5:colcon.colcon_core.verb:set package 'behaviortree_cpp' build argument 'cmake_target_skip_unavailable' from command line to 'False'
[0.315s] Level 5:colcon.colcon_core.verb:set package 'behaviortree_cpp' build argument 'cmake_clean_cache' from command line to 'False'
[0.315s] Level 5:colcon.colcon_core.verb:set package 'behaviortree_cpp' build argument 'cmake_clean_first' from command line to 'False'
[0.315s] Level 5:colcon.colcon_core.verb:set package 'behaviortree_cpp' build argument 'cmake_force_configure' from command line to 'False'
[0.315s] Level 5:colcon.colcon_core.verb:set package 'behaviortree_cpp' build argument 'ament_cmake_args' from command line to 'None'
[0.315s] Level 5:colcon.colcon_core.verb:set package 'behaviortree_cpp' build argument 'catkin_cmake_args' from command line to 'None'
[0.315s] Level 5:colcon.colcon_core.verb:set package 'behaviortree_cpp' build argument 'catkin_skip_building_tests' from command line to 'False'
[0.315s] DEBUG:colcon.colcon_core.verb:Building package 'behaviortree_cpp' with the following arguments: {'ament_cmake_args': None, 'build_base': '/home/emily/sa-mrbt_ws/build/behaviortree_cpp', 'catkin_cmake_args': None, 'catkin_skip_building_tests': False, 'cmake_args': None, 'cmake_clean_cache': False, 'cmake_clean_first': False, 'cmake_force_configure': False, 'cmake_target': None, 'cmake_target_skip_unavailable': False, 'install_base': '/home/emily/sa-mrbt_ws/install/behaviortree_cpp', 'merge_install': False, 'path': '/home/emily/sa-mrbt_ws/src/BehaviorTree.CPP', 'symlink_install': False, 'test_result_base': None}
[0.316s] Level 5:colcon.colcon_core.verb:set package 'simulator' build argument 'cmake_args' from command line to 'None'
[0.316s] Level 5:colcon.colcon_core.verb:set package 'simulator' build argument 'cmake_target' from command line to 'None'
[0.316s] Level 5:colcon.colcon_core.verb:set package 'simulator' build argument 'cmake_target_skip_unavailable' from command line to 'False'
[0.316s] Level 5:colcon.colcon_core.verb:set package 'simulator' build argument 'cmake_clean_cache' from command line to 'False'
[0.316s] Level 5:colcon.colcon_core.verb:set package 'simulator' build argument 'cmake_clean_first' from command line to 'False'
[0.316s] Level 5:colcon.colcon_core.verb:set package 'simulator' build argument 'cmake_force_configure' from command line to 'False'
[0.316s] Level 5:colcon.colcon_core.verb:set package 'simulator' build argument 'ament_cmake_args' from command line to 'None'
[0.316s] Level 5:colcon.colcon_core.verb:set package 'simulator' build argument 'catkin_cmake_args' from command line to 'None'
[0.316s] Level 5:colcon.colcon_core.verb:set package 'simulator' build argument 'catkin_skip_building_tests' from command line to 'False'
[0.316s] DEBUG:colcon.colcon_core.verb:Building package 'simulator' with the following arguments: {'ament_cmake_args': None, 'build_base': '/home/emily/sa-mrbt_ws/build/simulator', 'catkin_cmake_args': None, 'catkin_skip_building_tests': False, 'cmake_args': None, 'cmake_clean_cache': False, 'cmake_clean_first': False, 'cmake_force_configure': False, 'cmake_target': None, 'cmake_target_skip_unavailable': False, 'install_base': '/home/emily/sa-mrbt_ws/install/simulator', 'merge_install': False, 'path': '/home/emily/sa-mrbt_ws/src/simplified_marine_sim', 'symlink_install': False, 'test_result_base': None}
[0.316s] INFO:colcon.colcon_core.executor:Executing jobs using 'parallel' executor
[0.317s] DEBUG:colcon.colcon_parallel_executor.executor.parallel:run_until_complete
[0.317s] INFO:colcon.colcon_ros.task.ament_cmake.build:Building ROS package in '/home/emily/sa-mrbt_ws/src/BehaviorTree.CPP' with build type 'ament_cmake'
[0.317s] INFO:colcon.colcon_cmake.task.cmake.build:Building CMake package in '/home/emily/sa-mrbt_ws/src/BehaviorTree.CPP'
[0.318s] INFO:colcon.colcon_core.plugin_system:Skipping extension 'colcon_core.shell.bat': Not used on non-Windows systems
[0.319s] INFO:colcon.colcon_core.shell:Skip shell extension 'powershell' for command environment: Not usable outside of PowerShell
[0.319s] DEBUG:colcon.colcon_core.shell:Skip shell extension 'dsv' for command environment
[0.325s] DEBUG:colcon.colcon_core.event_handler.log_command:Invoking command in '/home/emily/sa-mrbt_ws/build/behaviortree_cpp': CMAKE_PREFIX_PATH=${CMAKE_PREFIX_PATH}:/opt/ros/iron /usr/bin/cmake --build /home/emily/sa-mrbt_ws/build/behaviortree_cpp -- -j12 -l12
[0.482s] DEBUG:colcon.colcon_core.event_handler.log_command:Invoked command in '/home/emily/sa-mrbt_ws/build/behaviortree_cpp' returned '0': CMAKE_PREFIX_PATH=${CMAKE_PREFIX_PATH}:/opt/ros/iron /usr/bin/cmake --build /home/emily/sa-mrbt_ws/build/behaviortree_cpp -- -j12 -l12
[0.573s] DEBUG:colcon.colcon_core.event_handler.log_command:Invoking command in '/home/emily/sa-mrbt_ws/build/behaviortree_cpp': CMAKE_PREFIX_PATH=${CMAKE_PREFIX_PATH}:/opt/ros/iron /usr/bin/cmake --install /home/emily/sa-mrbt_ws/build/behaviortree_cpp
[0.585s] Level 1:colcon.colcon_core.environment:create_environment_scripts_only(behaviortree_cpp)
[0.593s] Level 1:colcon.colcon_core.environment:checking '/home/emily/sa-mrbt_ws/install/behaviortree_cpp' for CMake module files
[0.595s] Level 1:colcon.colcon_core.environment:checking '/home/emily/sa-mrbt_ws/install/behaviortree_cpp' for CMake config files
[0.595s] DEBUG:colcon.colcon_core.event_handler.log_command:Invoked command in '/home/emily/sa-mrbt_ws/build/behaviortree_cpp' returned '0': CMAKE_PREFIX_PATH=${CMAKE_PREFIX_PATH}:/opt/ros/iron /usr/bin/cmake --install /home/emily/sa-mrbt_ws/build/behaviortree_cpp
[0.595s] Level 1:colcon.colcon_core.shell:create_environment_hook('behaviortree_cpp', 'cmake_prefix_path')
[0.596s] INFO:colcon.colcon_core.shell:Creating environment hook '/home/emily/sa-mrbt_ws/install/behaviortree_cpp/share/behaviortree_cpp/hook/cmake_prefix_path.ps1'
[0.596s] INFO:colcon.colcon_core.shell:Creating environment descriptor '/home/emily/sa-mrbt_ws/install/behaviortree_cpp/share/behaviortree_cpp/hook/cmake_prefix_path.dsv'
[0.596s] INFO:colcon.colcon_core.shell:Creating environment hook '/home/emily/sa-mrbt_ws/install/behaviortree_cpp/share/behaviortree_cpp/hook/cmake_prefix_path.sh'
[0.597s] Level 1:colcon.colcon_core.environment:checking '/home/emily/sa-mrbt_ws/install/behaviortree_cpp/lib'
[0.597s] Level 1:colcon.colcon_core.shell:create_environment_hook('behaviortree_cpp', 'ld_library_path_lib')
[0.597s] INFO:colcon.colcon_core.shell:Creating environment hook '/home/emily/sa-mrbt_ws/install/behaviortree_cpp/share/behaviortree_cpp/hook/ld_library_path_lib.ps1'
[0.598s] INFO:colcon.colcon_core.shell:Creating environment descriptor '/home/emily/sa-mrbt_ws/install/behaviortree_cpp/share/behaviortree_cpp/hook/ld_library_path_lib.dsv'
[0.598s] INFO:colcon.colcon_core.shell:Creating environment hook '/home/emily/sa-mrbt_ws/install/behaviortree_cpp/share/behaviortree_cpp/hook/ld_library_path_lib.sh'
[0.598s] Level 1:colcon.colcon_core.environment:checking '/home/emily/sa-mrbt_ws/install/behaviortree_cpp/bin'
[0.598s] Level 1:colcon.colcon_core.shell:create_environment_hook('behaviortree_cpp', 'path')
[0.598s] INFO:colcon.colcon_core.shell:Creating environment hook '/home/emily/sa-mrbt_ws/install/behaviortree_cpp/share/behaviortree_cpp/hook/path.ps1'
[0.599s] INFO:colcon.colcon_core.shell:Creating environment descriptor '/home/emily/sa-mrbt_ws/install/behaviortree_cpp/share/behaviortree_cpp/hook/path.dsv'
[0.599s] INFO:colcon.colcon_core.shell:Creating environment hook '/home/emily/sa-mrbt_ws/install/behaviortree_cpp/share/behaviortree_cpp/hook/path.sh'
[0.599s] Level 1:colcon.colcon_core.environment:checking '/home/emily/sa-mrbt_ws/install/behaviortree_cpp/lib/pkgconfig/behaviortree_cpp.pc'
[0.599s] Level 1:colcon.colcon_core.environment:checking '/home/emily/sa-mrbt_ws/install/behaviortree_cpp/lib/python3.10/site-packages'
[0.599s] Level 1:colcon.colcon_core.environment:checking '/home/emily/sa-mrbt_ws/install/behaviortree_cpp/bin'
[0.600s] Level 1:colcon.colcon_core.shell:create_environment_hook('behaviortree_cpp', 'pythonscriptspath')
[0.600s] INFO:colcon.colcon_core.shell:Creating environment hook '/home/emily/sa-mrbt_ws/install/behaviortree_cpp/share/behaviortree_cpp/hook/pythonscriptspath.ps1'
[0.600s] INFO:colcon.colcon_core.shell:Creating environment descriptor '/home/emily/sa-mrbt_ws/install/behaviortree_cpp/share/behaviortree_cpp/hook/pythonscriptspath.dsv'
[0.600s] INFO:colcon.colcon_core.shell:Creating environment hook '/home/emily/sa-mrbt_ws/install/behaviortree_cpp/share/behaviortree_cpp/hook/pythonscriptspath.sh'
[0.601s] INFO:colcon.colcon_core.shell:Creating package script '/home/emily/sa-mrbt_ws/install/behaviortree_cpp/share/behaviortree_cpp/package.ps1'
[0.601s] INFO:colcon.colcon_core.shell:Creating package descriptor '/home/emily/sa-mrbt_ws/install/behaviortree_cpp/share/behaviortree_cpp/package.dsv'
[0.602s] INFO:colcon.colcon_core.shell:Creating package script '/home/emily/sa-mrbt_ws/install/behaviortree_cpp/share/behaviortree_cpp/package.sh'
[0.602s] INFO:colcon.colcon_core.shell:Creating package script '/home/emily/sa-mrbt_ws/install/behaviortree_cpp/share/behaviortree_cpp/package.bash'
[0.603s] INFO:colcon.colcon_core.shell:Creating package script '/home/emily/sa-mrbt_ws/install/behaviortree_cpp/share/behaviortree_cpp/package.zsh'
[0.604s] Level 1:colcon.colcon_core.environment:create_file_with_runtime_dependencies(/home/emily/sa-mrbt_ws/install/behaviortree_cpp/share/colcon-core/packages/behaviortree_cpp)
[0.689s] Level 1:colcon.colcon_core.environment:create_environment_scripts_only(behaviortree_cpp)
[0.690s] Level 1:colcon.colcon_core.environment:checking '/home/emily/sa-mrbt_ws/install/behaviortree_cpp' for CMake module files
[0.690s] Level 1:colcon.colcon_core.environment:checking '/home/emily/sa-mrbt_ws/install/behaviortree_cpp' for CMake config files
[0.690s] Level 1:colcon.colcon_core.shell:create_environment_hook('behaviortree_cpp', 'cmake_prefix_path')
[0.690s] INFO:colcon.colcon_core.shell:Creating environment hook '/home/emily/sa-mrbt_ws/install/behaviortree_cpp/share/behaviortree_cpp/hook/cmake_prefix_path.ps1'
[0.691s] INFO:colcon.colcon_core.shell:Creating environment descriptor '/home/emily/sa-mrbt_ws/install/behaviortree_cpp/share/behaviortree_cpp/hook/cmake_prefix_path.dsv'
[0.691s] INFO:colcon.colcon_core.shell:Creating environment hook '/home/emily/sa-mrbt_ws/install/behaviortree_cpp/share/behaviortree_cpp/hook/cmake_prefix_path.sh'
[0.692s] Level 1:colcon.colcon_core.environment:checking '/home/emily/sa-mrbt_ws/install/behaviortree_cpp/lib'
[0.692s] Level 1:colcon.colcon_core.shell:create_environment_hook('behaviortree_cpp', 'ld_library_path_lib')
[0.692s] INFO:colcon.colcon_core.shell:Creating environment hook '/home/emily/sa-mrbt_ws/install/behaviortree_cpp/share/behaviortree_cpp/hook/ld_library_path_lib.ps1'
[0.692s] INFO:colcon.colcon_core.shell:Creating environment descriptor '/home/emily/sa-mrbt_ws/install/behaviortree_cpp/share/behaviortree_cpp/hook/ld_library_path_lib.dsv'
[0.692s] INFO:colcon.colcon_core.shell:Creating environment hook '/home/emily/sa-mrbt_ws/install/behaviortree_cpp/share/behaviortree_cpp/hook/ld_library_path_lib.sh'
[0.693s] Level 1:colcon.colcon_core.environment:checking '/home/emily/sa-mrbt_ws/install/behaviortree_cpp/bin'
[0.693s] Level 1:colcon.colcon_core.shell:create_environment_hook('behaviortree_cpp', 'path')
[0.693s] INFO:colcon.colcon_core.shell:Creating environment hook '/home/emily/sa-mrbt_ws/install/behaviortree_cpp/share/behaviortree_cpp/hook/path.ps1'
[0.693s] INFO:colcon.colcon_core.shell:Creating environment descriptor '/home/emily/sa-mrbt_ws/install/behaviortree_cpp/share/behaviortree_cpp/hook/path.dsv'
[0.693s] INFO:colcon.colcon_core.shell:Creating environment hook '/home/emily/sa-mrbt_ws/install/behaviortree_cpp/share/behaviortree_cpp/hook/path.sh'
[0.694s] Level 1:colcon.colcon_core.environment:checking '/home/emily/sa-mrbt_ws/install/behaviortree_cpp/lib/pkgconfig/behaviortree_cpp.pc'
[0.694s] Level 1:colcon.colcon_core.environment:checking '/home/emily/sa-mrbt_ws/install/behaviortree_cpp/lib/python3.10/site-packages'
[0.694s] Level 1:colcon.colcon_core.environment:checking '/home/emily/sa-mrbt_ws/install/behaviortree_cpp/bin'
[0.694s] Level 1:colcon.colcon_core.shell:create_environment_hook('behaviortree_cpp', 'pythonscriptspath')
[0.694s] INFO:colcon.colcon_core.shell:Creating environment hook '/home/emily/sa-mrbt_ws/install/behaviortree_cpp/share/behaviortree_cpp/hook/pythonscriptspath.ps1'
[0.695s] INFO:colcon.colcon_core.shell:Creating environment descriptor '/home/emily/sa-mrbt_ws/install/behaviortree_cpp/share/behaviortree_cpp/hook/pythonscriptspath.dsv'
[0.695s] INFO:colcon.colcon_core.shell:Creating environment hook '/home/emily/sa-mrbt_ws/install/behaviortree_cpp/share/behaviortree_cpp/hook/pythonscriptspath.sh'
[0.695s] INFO:colcon.colcon_core.shell:Creating package script '/home/emily/sa-mrbt_ws/install/behaviortree_cpp/share/behaviortree_cpp/package.ps1'
[0.696s] INFO:colcon.colcon_core.shell:Creating package descriptor '/home/emily/sa-mrbt_ws/install/behaviortree_cpp/share/behaviortree_cpp/package.dsv'
[0.696s] INFO:colcon.colcon_core.shell:Creating package script '/home/emily/sa-mrbt_ws/install/behaviortree_cpp/share/behaviortree_cpp/package.sh'
[0.697s] INFO:colcon.colcon_core.shell:Creating package script '/home/emily/sa-mrbt_ws/install/behaviortree_cpp/share/behaviortree_cpp/package.bash'
[0.697s] INFO:colcon.colcon_core.shell:Creating package script '/home/emily/sa-mrbt_ws/install/behaviortree_cpp/share/behaviortree_cpp/package.zsh'
[0.697s] Level 1:colcon.colcon_core.environment:create_file_with_runtime_dependencies(/home/emily/sa-mrbt_ws/install/behaviortree_cpp/share/colcon-core/packages/behaviortree_cpp)
[0.698s] INFO:colcon.colcon_ros.task.ament_cmake.build:Building ROS package in '/home/emily/sa-mrbt_ws/src/simplified_marine_sim' with build type 'ament_cmake'
[0.698s] INFO:colcon.colcon_cmake.task.cmake.build:Building CMake package in '/home/emily/sa-mrbt_ws/src/simplified_marine_sim'
[0.698s] INFO:colcon.colcon_core.shell:Skip shell extension 'powershell' for command environment: Not usable outside of PowerShell
[0.698s] DEBUG:colcon.colcon_core.shell:Skip shell extension 'dsv' for command environment
[0.705s] DEBUG:colcon.colcon_core.event_handler.log_command:Invoking command in '/home/emily/sa-mrbt_ws/build/simulator': CMAKE_PREFIX_PATH=/home/emily/sa-mrbt_ws/install/behaviortree_cpp:/home/emily/sa-mrbt_ws/install/simulator:/opt/ros/iron /usr/bin/cmake --build /home/emily/sa-mrbt_ws/build/simulator -- -j12 -l12
[0.771s] DEBUG:colcon.colcon_core.event_handler.log_command:Invoked command in '/home/emily/sa-mrbt_ws/build/simulator' returned '0': CMAKE_PREFIX_PATH=/home/emily/sa-mrbt_ws/install/behaviortree_cpp:/home/emily/sa-mrbt_ws/install/simulator:/opt/ros/iron /usr/bin/cmake --build /home/emily/sa-mrbt_ws/build/simulator -- -j12 -l12
[0.800s] DEBUG:colcon.colcon_core.event_handler.log_command:Invoking command in '/home/emily/sa-mrbt_ws/build/simulator': CMAKE_PREFIX_PATH=/home/emily/sa-mrbt_ws/install/behaviortree_cpp:/home/emily/sa-mrbt_ws/install/simulator:/opt/ros/iron /usr/bin/cmake --install /home/emily/sa-mrbt_ws/build/simulator
[0.806s] Level 1:colcon.colcon_core.environment:create_environment_scripts_only(simulator)
[0.807s] Level 1:colcon.colcon_core.environment:checking '/home/emily/sa-mrbt_ws/install/simulator' for CMake module files
[0.807s] DEBUG:colcon.colcon_core.event_handler.log_command:Invoked command in '/home/emily/sa-mrbt_ws/build/simulator' returned '0': CMAKE_PREFIX_PATH=/home/emily/sa-mrbt_ws/install/behaviortree_cpp:/home/emily/sa-mrbt_ws/install/simulator:/opt/ros/iron /usr/bin/cmake --install /home/emily/sa-mrbt_ws/build/simulator
[0.807s] Level 1:colcon.colcon_core.environment:checking '/home/emily/sa-mrbt_ws/install/simulator' for CMake config files
[0.807s] Level 1:colcon.colcon_core.shell:create_environment_hook('simulator', 'cmake_prefix_path')
[0.808s] INFO:colcon.colcon_core.shell:Creating environment hook '/home/emily/sa-mrbt_ws/install/simulator/share/simulator/hook/cmake_prefix_path.ps1'
[0.808s] INFO:colcon.colcon_core.shell:Creating environment descriptor '/home/emily/sa-mrbt_ws/install/simulator/share/simulator/hook/cmake_prefix_path.dsv'
[0.808s] INFO:colcon.colcon_core.shell:Creating environment hook '/home/emily/sa-mrbt_ws/install/simulator/share/simulator/hook/cmake_prefix_path.sh'
[0.809s] Level 1:colcon.colcon_core.environment:checking '/home/emily/sa-mrbt_ws/install/simulator/lib'
[0.809s] Level 1:colcon.colcon_core.environment:checking '/home/emily/sa-mrbt_ws/install/simulator/bin'
[0.809s] Level 1:colcon.colcon_core.environment:checking '/home/emily/sa-mrbt_ws/install/simulator/lib/pkgconfig/simulator.pc'
[0.809s] Level 1:colcon.colcon_core.environment:checking '/home/emily/sa-mrbt_ws/install/simulator/lib/python3.10/site-packages'
[0.809s] Level 1:colcon.colcon_core.environment:checking '/home/emily/sa-mrbt_ws/install/simulator/bin'
[0.809s] INFO:colcon.colcon_core.shell:Creating package script '/home/emily/sa-mrbt_ws/install/simulator/share/simulator/package.ps1'
[0.810s] INFO:colcon.colcon_core.shell:Creating package descriptor '/home/emily/sa-mrbt_ws/install/simulator/share/simulator/package.dsv'
[0.810s] INFO:colcon.colcon_core.shell:Creating package script '/home/emily/sa-mrbt_ws/install/simulator/share/simulator/package.sh'
[0.810s] INFO:colcon.colcon_core.shell:Creating package script '/home/emily/sa-mrbt_ws/install/simulator/share/simulator/package.bash'
[0.810s] INFO:colcon.colcon_core.shell:Creating package script '/home/emily/sa-mrbt_ws/install/simulator/share/simulator/package.zsh'
[0.811s] Level 1:colcon.colcon_core.environment:create_file_with_runtime_dependencies(/home/emily/sa-mrbt_ws/install/simulator/share/colcon-core/packages/simulator)
[0.838s] Level 1:colcon.colcon_core.environment:create_environment_scripts_only(simulator)
[0.838s] Level 1:colcon.colcon_core.environment:checking '/home/emily/sa-mrbt_ws/install/simulator' for CMake module files
[0.839s] Level 1:colcon.colcon_core.environment:checking '/home/emily/sa-mrbt_ws/install/simulator' for CMake config files
[0.839s] Level 1:colcon.colcon_core.shell:create_environment_hook('simulator', 'cmake_prefix_path')
[0.839s] INFO:colcon.colcon_core.shell:Creating environment hook '/home/emily/sa-mrbt_ws/install/simulator/share/simulator/hook/cmake_prefix_path.ps1'
[0.840s] INFO:colcon.colcon_core.shell:Creating environment descriptor '/home/emily/sa-mrbt_ws/install/simulator/share/simulator/hook/cmake_prefix_path.dsv'
[0.840s] INFO:colcon.colcon_core.shell:Creating environment hook '/home/emily/sa-mrbt_ws/install/simulator/share/simulator/hook/cmake_prefix_path.sh'
[0.840s] Level 1:colcon.colcon_core.environment:checking '/home/emily/sa-mrbt_ws/install/simulator/lib'
[0.840s] Level 1:colcon.colcon_core.environment:checking '/home/emily/sa-mrbt_ws/install/simulator/bin'
[0.840s] Level 1:colcon.colcon_core.environment:checking '/home/emily/sa-mrbt_ws/install/simulator/lib/pkgconfig/simulator.pc'
[0.841s] Level 1:colcon.colcon_core.environment:checking '/home/emily/sa-mrbt_ws/install/simulator/lib/python3.10/site-packages'
[0.841s] Level 1:colcon.colcon_core.environment:checking '/home/emily/sa-mrbt_ws/install/simulator/bin'
[0.841s] INFO:colcon.colcon_core.shell:Creating package script '/home/emily/sa-mrbt_ws/install/simulator/share/simulator/package.ps1'
[0.841s] INFO:colcon.colcon_core.shell:Creating package descriptor '/home/emily/sa-mrbt_ws/install/simulator/share/simulator/package.dsv'
[0.842s] INFO:colcon.colcon_core.shell:Creating package script '/home/emily/sa-mrbt_ws/install/simulator/share/simulator/package.sh'
[0.842s] INFO:colcon.colcon_core.shell:Creating package script '/home/emily/sa-mrbt_ws/install/simulator/share/simulator/package.bash'
[0.842s] INFO:colcon.colcon_core.shell:Creating package script '/home/emily/sa-mrbt_ws/install/simulator/share/simulator/package.zsh'
[0.843s] Level 1:colcon.colcon_core.environment:create_file_with_runtime_dependencies(/home/emily/sa-mrbt_ws/install/simulator/share/colcon-core/packages/simulator)
[0.843s] DEBUG:colcon.colcon_parallel_executor.executor.parallel:closing loop
[0.843s] DEBUG:colcon.colcon_parallel_executor.executor.parallel:loop closed
[0.843s] DEBUG:colcon.colcon_parallel_executor.executor.parallel:run_until_complete finished with '0'
[0.843s] DEBUG:colcon.colcon_core.event_reactor:joining thread
[0.847s] INFO:colcon.colcon_core.plugin_system:Skipping extension 'colcon_notification.desktop_notification.terminal_notifier': Not used on non-Darwin systems
[0.847s] INFO:colcon.colcon_core.plugin_system:Skipping extension 'colcon_notification.desktop_notification.win32': Not used on non-Windows systems
[0.847s] INFO:colcon.colcon_notification.desktop_notification:Sending desktop notification using 'notify2'
[0.856s] DEBUG:colcon.colcon_core.event_reactor:joined thread
[0.857s] INFO:colcon.colcon_core.shell:Creating prefix script '/home/emily/sa-mrbt_ws/install/local_setup.ps1'
[0.858s] INFO:colcon.colcon_core.shell:Creating prefix util module '/home/emily/sa-mrbt_ws/install/_local_setup_util_ps1.py'
[0.860s] INFO:colcon.colcon_core.shell:Creating prefix chain script '/home/emily/sa-mrbt_ws/install/setup.ps1'
[0.861s] INFO:colcon.colcon_core.shell:Creating prefix script '/home/emily/sa-mrbt_ws/install/local_setup.sh'
[0.861s] INFO:colcon.colcon_core.shell:Creating prefix util module '/home/emily/sa-mrbt_ws/install/_local_setup_util_sh.py'
[0.861s] INFO:colcon.colcon_core.shell:Creating prefix chain script '/home/emily/sa-mrbt_ws/install/setup.sh'
[0.862s] INFO:colcon.colcon_core.shell:Creating prefix script '/home/emily/sa-mrbt_ws/install/local_setup.bash'
[0.863s] INFO:colcon.colcon_core.shell:Creating prefix chain script '/home/emily/sa-mrbt_ws/install/setup.bash'
[0.863s] INFO:colcon.colcon_core.shell:Creating prefix script '/home/emily/sa-mrbt_ws/install/local_setup.zsh'
[0.864s] INFO:colcon.colcon_core.shell:Creating prefix chain script '/home/emily/sa-mrbt_ws/install/setup.zsh'
