[35m[1mConsolidate compiler generated dependencies of target sim[0m
[ 23%] [32mBuilding CXX object CMakeFiles/sim.dir/src/CBBA.cpp.o[0m
[ 23%] [32mBuilding CXX object CMakeFiles/sim.dir/src/CBGA.cpp.o[0m
[ 23%] [32mBuilding CXX object CMakeFiles/sim.dir/src/sim.cpp.o[0m
[ 30%] [32mBuilding CXX object CMakeFiles/sim.dir/src/message.cpp.o[0m
[ 46%] [32mBuilding CXX object CMakeFiles/sim.dir/src/planners.cpp.o[0m
[ 46%] [32mBuilding CXX object CMakeFiles/sim.dir/src/world.cpp.o[0m
[ 53%] [32mBuilding CXX object CMakeFiles/sim.dir/src/parser.cpp.o[0m
[ 61%] [32mBuilding CXX object CMakeFiles/sim.dir/src/robot.cpp.o[0m
[ 69%] [32mBuilding CXX object CMakeFiles/sim.dir/src/behavior_tree.cpp.o[0m
[ 76%] [32mBuilding CXX object CMakeFiles/sim.dir/src/greedy.cpp.o[0m
[01m[K/home/emily/sa-mrbt_ws/src/simplified_marine_sim/src/world.cpp:[m[K In member function ‘[01m[Kvoid World::initializeBackground()[m[K’:
[01m[K/home/emily/sa-mrbt_ws/src/simplified_marine_sim/src/world.cpp:1217:40:[m[K [01;31m[Kerror: [m[K‘[01m[Kconst struct std::pair<const std::__cxx11::basic_string<char>, std::vector<std::vector<cv::Point_<int> > > >[m[K’ has no member named ‘[01m[Kdata[m[K’
 1217 |         const cv::Point* pts = polygon.[01;31m[Kdata[m[K();
      |                                        [01;31m[K^~~~[m[K
[01m[K/home/emily/sa-mrbt_ws/src/simplified_marine_sim/src/world.cpp:1218:28:[m[K [01;31m[Kerror: [m[K‘[01m[Kconst struct std::pair<const std::__cxx11::basic_string<char>, std::vector<std::vector<cv::Point_<int> > > >[m[K’ has no member named ‘[01m[Ksize[m[K’
 1218 |         int npts = polygon.[01;31m[Ksize[m[K();
      |                            [01;31m[K^~~~[m[K
[01m[K/home/emily/sa-mrbt_ws/src/simplified_marine_sim/src/world.cpp:[m[K In member function ‘[01m[Kvoid World::getUnknownObstacles()[m[K’:
[01m[K/home/emily/sa-mrbt_ws/src/simplified_marine_sim/src/world.cpp:1296:31:[m[K [01;31m[Kerror: [m[Kno matching function for call to ‘[01m[KWorld::addUnknownObstacle(std::vector<cv::Point_<int> >&)[m[K’
 1296 |             [01;31m[KaddUnknownObstacle(polygon)[m[K;
      |             [01;31m[K~~~~~~~~~~~~~~~~~~^~~~~~~~~[m[K
[01m[K/home/emily/sa-mrbt_ws/src/simplified_marine_sim/src/world.cpp:1229:6:[m[K [01;36m[Knote: [m[Kcandidate: ‘[01m[Kvoid World::addUnknownObstacle(std::string, std::vector<cv::Point_<int> >)[m[K’
 1229 | void [01;36m[KWorld[m[K::addUnknownObstacle(std::string blocked_robot_type, std::vector<cv::Point> polygon) { // to list, not plotting yet
      |      [01;36m[K^~~~~[m[K
[01m[K/home/emily/sa-mrbt_ws/src/simplified_marine_sim/src/world.cpp:1229:6:[m[K [01;36m[Knote: [m[K  candidate expects 2 arguments, 1 provided
gmake[2]: *** [CMakeFiles/sim.dir/build.make:160: CMakeFiles/sim.dir/src/world.cpp.o] Error 1
gmake[2]: *** Waiting for unfinished jobs....
gmake[1]: *** [CMakeFiles/Makefile2:137: CMakeFiles/sim.dir/all] Error 2
gmake: *** [Makefile:146: all] Error 2
