[0.006s] Invoking command in '/home/emily/sa-mrbt_ws/build/simulator': CMAKE_PREFIX_PATH=/home/emily/sa-mrbt_ws/install/behaviortree_cpp:/home/emily/sa-mrbt_ws/install/simulator:/opt/ros/iron /usr/bin/cmake --build /home/emily/sa-mrbt_ws/build/simulator -- -j12 -l12
[0.041s] [35m[1mConsolidate compiler generated dependencies of target sim[0m
[0.066s] [ 23%] [32mBuilding CXX object CMakeFiles/sim.dir/src/CBBA.cpp.o[0m
[0.067s] [ 23%] [32mBuilding CXX object CMakeFiles/sim.dir/src/CBGA.cpp.o[0m
[0.067s] [ 23%] [32mBuilding CXX object CMakeFiles/sim.dir/src/sim.cpp.o[0m
[0.067s] [ 30%] [32mBuilding CXX object CMakeFiles/sim.dir/src/message.cpp.o[0m
[0.068s] [ 46%] [32mBuilding CXX object CMakeFiles/sim.dir/src/planners.cpp.o[0m
[0.068s] [ 46%] [32mBuilding CXX object CMakeFiles/sim.dir/src/world.cpp.o[0m
[0.069s] [ 53%] [32mBuilding CXX object CMakeFiles/sim.dir/src/parser.cpp.o[0m
[0.069s] [ 61%] [32mBuilding CXX object CMakeFiles/sim.dir/src/robot.cpp.o[0m
[0.069s] [ 69%] [32mBuilding CXX object CMakeFiles/sim.dir/src/behavior_tree.cpp.o[0m
[0.071s] [ 76%] [32mBuilding CXX object CMakeFiles/sim.dir/src/greedy.cpp.o[0m
[3.173s] [01m[K/home/emily/sa-mrbt_ws/src/simplified_marine_sim/src/world.cpp:[m[K In member function ‘[01m[Kvoid World::initializeBackground()[m[K’:
[3.173s] [01m[K/home/emily/sa-mrbt_ws/src/simplified_marine_sim/src/world.cpp:1217:40:[m[K [01;31m[Kerror: [m[K‘[01m[Kconst struct std::pair<const std::__cxx11::basic_string<char>, std::vector<std::vector<cv::Point_<int> > > >[m[K’ has no member named ‘[01m[Kdata[m[K’
[3.173s]  1217 |         const cv::Point* pts = polygon.[01;31m[Kdata[m[K();
[3.173s]       |                                        [01;31m[K^~~~[m[K
[3.173s] [01m[K/home/emily/sa-mrbt_ws/src/simplified_marine_sim/src/world.cpp:1218:28:[m[K [01;31m[Kerror: [m[K‘[01m[Kconst struct std::pair<const std::__cxx11::basic_string<char>, std::vector<std::vector<cv::Point_<int> > > >[m[K’ has no member named ‘[01m[Ksize[m[K’
[3.173s]  1218 |         int npts = polygon.[01;31m[Ksize[m[K();
[3.173s]       |                            [01;31m[K^~~~[m[K
[3.192s] [01m[K/home/emily/sa-mrbt_ws/src/simplified_marine_sim/src/world.cpp:[m[K In member function ‘[01m[Kvoid World::getUnknownObstacles()[m[K’:
[3.193s] [01m[K/home/emily/sa-mrbt_ws/src/simplified_marine_sim/src/world.cpp:1296:31:[m[K [01;31m[Kerror: [m[Kno matching function for call to ‘[01m[KWorld::addUnknownObstacle(std::vector<cv::Point_<int> >&)[m[K’
[3.193s]  1296 |             [01;31m[KaddUnknownObstacle(polygon)[m[K;
[3.193s]       |             [01;31m[K~~~~~~~~~~~~~~~~~~^~~~~~~~~[m[K
[3.193s] [01m[K/home/emily/sa-mrbt_ws/src/simplified_marine_sim/src/world.cpp:1229:6:[m[K [01;36m[Knote: [m[Kcandidate: ‘[01m[Kvoid World::addUnknownObstacle(std::string, std::vector<cv::Point_<int> >)[m[K’
[3.193s]  1229 | void [01;36m[KWorld[m[K::addUnknownObstacle(std::string blocked_robot_type, std::vector<cv::Point> polygon) { // to list, not plotting yet
[3.193s]       |      [01;36m[K^~~~~[m[K
[3.193s] [01m[K/home/emily/sa-mrbt_ws/src/simplified_marine_sim/src/world.cpp:1229:6:[m[K [01;36m[Knote: [m[K  candidate expects 2 arguments, 1 provided
[5.266s] gmake[2]: *** [CMakeFiles/sim.dir/build.make:160: CMakeFiles/sim.dir/src/world.cpp.o] Error 1
[5.266s] gmake[2]: *** Waiting for unfinished jobs....
[8.375s] gmake[1]: *** [CMakeFiles/Makefile2:137: CMakeFiles/sim.dir/all] Error 2
[8.375s] gmake: *** [Makefile:146: all] Error 2
[8.376s] Invoked command in '/home/emily/sa-mrbt_ws/build/simulator' returned '2': CMAKE_PREFIX_PATH=/home/emily/sa-mrbt_ws/install/behaviortree_cpp:/home/emily/sa-mrbt_ws/install/simulator:/opt/ros/iron /usr/bin/cmake --build /home/emily/sa-mrbt_ws/build/simulator -- -j12 -l12
