[0.006s] Invoking command in '/home/emily/sa-mrbt_ws/build/simulator': AMENT_PREFIX_PATH=/home/emily/sa-mrbt_ws/install/behaviortree_cpp:${AMENT_PREFIX_PATH} CMAKE_PREFIX_PATH=/home/emily/sa-mrbt_ws/install/behaviortree_cpp:/opt/ros/iron LD_LIBRARY_PATH=/home/emily/sa-mrbt_ws/install/behaviortree_cpp/lib:${LD_LIBRARY_PATH} PATH=/home/emily/sa-mrbt_ws/install/behaviortree_cpp/bin:${PATH} /usr/bin/cmake --build /home/emily/sa-mrbt_ws/build/simulator -- -j12 -l12
[0.037s] [35m[1mConsolidate compiler generated dependencies of target sim[0m
[0.060s] [  7%] [32mBuilding CXX object CMakeFiles/sim.dir/src/sim.cpp.o[0m
[0.061s] [ 15%] [32mBuilding CXX object CMakeFiles/sim.dir/src/CBGA.cpp.o[0m
[0.061s] [ 23%] [32mBuilding CXX object CMakeFiles/sim.dir/src/world.cpp.o[0m
[0.061s] [ 30%] [32mBuilding CXX object CMakeFiles/sim.dir/src/message.cpp.o[0m
[0.061s] [ 38%] [32mBuilding CXX object CMakeFiles/sim.dir/src/planners.cpp.o[0m
[0.061s] [ 46%] [32mBuilding CXX object CMakeFiles/sim.dir/src/CBBA.cpp.o[0m
[0.065s] [ 53%] [32mBuilding CXX object CMakeFiles/sim.dir/src/robot.cpp.o[0m
[0.066s] [ 61%] [32mBuilding CXX object CMakeFiles/sim.dir/src/behavior_tree.cpp.o[0m
[0.067s] [ 76%] [32mBuilding CXX object CMakeFiles/sim.dir/src/parser.cpp.o[0m
[0.067s] [ 76%] [32mBuilding CXX object CMakeFiles/sim.dir/src/greedy.cpp.o[0m
[5.319s] [01m[K/home/emily/sa-mrbt_ws/src/simplified_marine_sim/src/robot.cpp:[m[K In function ‘[01m[Kvoid testNewNeighborSubtaskFailures()[m[K’:
[5.319s] [01m[K/home/emily/sa-mrbt_ws/src/simplified_marine_sim/src/robot.cpp:321:5:[m[K [01;31m[Kerror: [m[K‘[01m[KsetSubtaskFailure[m[K’ was not declared in this scope
[5.319s]   321 |     [01;31m[KsetSubtaskFailure[m[K(7,2,1); // subtask with id 7, robot 2, failed
[5.319s]       |     [01;31m[K^~~~~~~~~~~~~~~~~[m[K
[5.329s] [01m[K/home/emily/sa-mrbt_ws/src/simplified_marine_sim/src/robot.cpp:341:47:[m[K [01;31m[Kerror: [m[K‘[01m[KnewNeighborSubtaskFailures[m[K’ was not declared in this scope; did you mean ‘[01m[KtestNewNeighborSubtaskFailures[m[K’?
[5.329s]   341 |     std::pair<bool,std::vector<int>> result = [01;31m[KnewNeighborSubtaskFailures[m[K();
[5.329s]       |                                               [01;31m[K^~~~~~~~~~~~~~~~~~~~~~~~~~[m[K
[5.329s]       |                                               [32m[KtestNewNeighborSubtaskFailures[m[K
[5.335s] [01m[K/home/emily/sa-mrbt_ws/src/simplified_marine_sim/src/robot.cpp:342:5:[m[K [01;31m[Kerror: [m[K‘[01m[Klog_info[m[K’ was not declared in this scope
[5.335s]   342 |     [01;31m[Klog_info[m[K("Results of newNeighborSubtaskFailures test:");
[5.336s]       |     [01;31m[K^~~~~~~~[m[K
[5.336s] [01m[K/home/emily/sa-mrbt_ws/src/simplified_marine_sim/src/robot.cpp:348:23:[m[K [01;31m[Kerror: [m[Kno matching function for call to ‘[01m[Klog1DVector(std::vector<int>&)[m[K’
[5.336s]   348 |     [01;31m[Kutils::log1DVector(failed_ids)[m[K;
[5.336s]       |     [01;31m[K~~~~~~~~~~~~~~~~~~^~~~~~~~~~~~[m[K
[5.336s] In file included from [01m[K/home/emily/sa-mrbt_ws/src/simplified_marine_sim/src/robot.cpp:9[m[K:
[5.336s] [01m[K/home/emily/sa-mrbt_ws/src/simplified_marine_sim/include/utils.hpp:159:6:[m[K [01;36m[Knote: [m[Kcandidate: ‘[01m[Ktemplate<class T> void utils::log1DVector(const std::vector<_Tp>&, Robot&)[m[K’
[5.336s]   159 | void [01;36m[Klog1DVector[m[K(const std::vector<T>& vec, Robot& robot) {
[5.336s]       |      [01;36m[K^~~~~~~~~~~[m[K
[5.336s] [01m[K/home/emily/sa-mrbt_ws/src/simplified_marine_sim/include/utils.hpp:159:6:[m[K [01;36m[Knote: [m[K  template argument deduction/substitution failed:
[5.336s] [01m[K/home/emily/sa-mrbt_ws/src/simplified_marine_sim/src/robot.cpp:348:23:[m[K [01;36m[Knote: [m[K  candidate expects 2 arguments, 1 provided
[5.336s]   348 |     [01;36m[Kutils::log1DVector(failed_ids)[m[K;
[5.336s]       |     [01;36m[K~~~~~~~~~~~~~~~~~~^~~~~~~~~~~~[m[K
[6.745s] gmake[2]: *** [CMakeFiles/sim.dir/build.make:188: CMakeFiles/sim.dir/src/robot.cpp.o] Error 1
[6.745s] gmake[1]: *** [CMakeFiles/Makefile2:137: CMakeFiles/sim.dir/all] Error 2
[6.745s] gmake: *** [Makefile:146: all] Error 2
[6.748s] Invoked command in '/home/emily/sa-mrbt_ws/build/simulator' returned '2': AMENT_PREFIX_PATH=/home/emily/sa-mrbt_ws/install/behaviortree_cpp:${AMENT_PREFIX_PATH} CMAKE_PREFIX_PATH=/home/emily/sa-mrbt_ws/install/behaviortree_cpp:/opt/ros/iron LD_LIBRARY_PATH=/home/emily/sa-mrbt_ws/install/behaviortree_cpp/lib:${LD_LIBRARY_PATH} PATH=/home/emily/sa-mrbt_ws/install/behaviortree_cpp/bin:${PATH} /usr/bin/cmake --build /home/emily/sa-mrbt_ws/build/simulator -- -j12 -l12
