[0.007s] Invoking command in '/home/emily/sa-mrbt_ws/build/behaviortree_cpp': CMAKE_PREFIX_PATH=${CMAKE_PREFIX_PATH}:/opt/ros/iron /usr/bin/cmake --build /home/emily/sa-mrbt_ws/build/behaviortree_cpp -- -j12 -l12
[0.040s] [  3%] Built target lexy_file
[0.040s] [  3%] Built target minitrace
[0.040s] [  4%] Built target gtest_main
[0.040s] [  6%] Built target gtest
[0.056s] [35m[1mConsolidate compiler generated dependencies of target behaviortree_cpp[0m
[0.098s] [  8%] [32mBuilding CXX object CMakeFiles/behaviortree_cpp.dir/src/bt_factory.cpp.o[0m
[0.098s] [  8%] [32mBuilding CXX object CMakeFiles/behaviortree_cpp.dir/src/behavior_tree.cpp.o[0m
[0.099s] [  9%] [32mBuilding CXX object CMakeFiles/behaviortree_cpp.dir/src/xml_parsing.cpp.o[0m
[0.099s] [ 10%] [32mBuilding CXX object CMakeFiles/behaviortree_cpp.dir/src/actions/updated_action.cpp.o[0m
[0.099s] [ 11%] [32mBuilding CXX object CMakeFiles/behaviortree_cpp.dir/src/decorators/updated_decorator.cpp.o[0m
[0.100s] [ 12%] [32mBuilding CXX object CMakeFiles/behaviortree_cpp.dir/src/controls/counter_sequence.cpp.o[0m
[0.100s] [ 12%] [32mBuilding CXX object CMakeFiles/behaviortree_cpp.dir/src/loggers/bt_cout_logger.cpp.o[0m
[0.102s] [ 13%] [32mBuilding CXX object CMakeFiles/behaviortree_cpp.dir/src/loggers/bt_file_logger_v2.cpp.o[0m
[0.102s] [ 14%] [32mBuilding CXX object CMakeFiles/behaviortree_cpp.dir/src/loggers/bt_minitrace_logger.cpp.o[0m
[0.102s] [ 15%] [32mBuilding CXX object CMakeFiles/behaviortree_cpp.dir/src/loggers/bt_observer.cpp.o[0m
[0.102s] [ 16%] [32mBuilding CXX object CMakeFiles/behaviortree_cpp.dir/src/loggers/groot2_publisher.cpp.o[0m
[0.103s] [ 17%] [32mBuilding CXX object CMakeFiles/behaviortree_cpp.dir/src/loggers/bt_sqlite_logger.cpp.o[0m
[2.265s] [01m[K/home/emily/sa-mrbt_ws/src/BehaviorTree.CPP/src/controls/counter_sequence.cpp:[m[K In member function ‘[01m[Kvirtual BT::NodeStatus BT::CounterSequence::tick()[m[K’:
[2.265s] [01m[K/home/emily/sa-mrbt_ws/src/BehaviorTree.CPP/src/controls/counter_sequence.cpp:215:49:[m[K [01;31m[Kerror: [m[Kcannot convert ‘[01m[Knonstd::expected_lite::expected<int, std::__cxx11::basic_string<char> >[m[K’ to ‘[01m[Kint[m[K’
[2.266s]   215 |         int current_child_idx_ = getChildNodeID([01;31m[Kcurrent_task_id[m[K);
[2.266s]       |                                                 [01;31m[K^~~~~~~~~~~~~~~[m[K
[2.266s]       |                                                 [01;31m[K|[m[K
[2.266s]       |                                                 [01;31m[Knonstd::expected_lite::expected<int, std::__cxx11::basic_string<char> >[m[K
[2.269s] [01m[K/home/emily/sa-mrbt_ws/src/BehaviorTree.CPP/src/controls/counter_sequence.cpp:68:41:[m[K [01;36m[Knote: [m[K  initializing argument 1 of ‘[01m[Kvirtual int BT::CounterSequence::getChildNodeID(int)[m[K’
[2.269s]    68 | int CounterSequence::getChildNodeID([01;36m[Kint current_task_id[m[K) {
[2.269s]       |                                     [01;36m[K~~~~^~~~~~~~~~~~~~~[m[K
[2.269s] [01m[K/home/emily/sa-mrbt_ws/src/BehaviorTree.CPP/src/controls/counter_sequence.cpp:218:24:[m[K [01;35m[Kwarning: [m[Kunused variable ‘[01m[Kchild_status[m[K’ [[01;35m[K]8;;https://gcc.gnu.org/onlinedocs/gcc/Warning-Options.html#index-Wunused-variable-Wunused-variable]8;;[m[K]
[2.269s]   218 |             NodeStatus [01;35m[Kchild_status[m[K = current_child->executeTick(); // Tick subtask
[2.269s]       |                        [01;35m[K^~~~~~~~~~~~[m[K
[3.566s] gmake[2]: *** [CMakeFiles/behaviortree_cpp.dir/build.make:482: CMakeFiles/behaviortree_cpp.dir/src/controls/counter_sequence.cpp.o] Error 1
[3.566s] gmake[2]: *** Waiting for unfinished jobs....
[13.479s] gmake[1]: *** [CMakeFiles/Makefile2:340: CMakeFiles/behaviortree_cpp.dir/all] Error 2
[13.479s] gmake: *** [Makefile:146: all] Error 2
[13.480s] Invoked command in '/home/emily/sa-mrbt_ws/build/behaviortree_cpp' returned '2': CMAKE_PREFIX_PATH=${CMAKE_PREFIX_PATH}:/opt/ros/iron /usr/bin/cmake --build /home/emily/sa-mrbt_ws/build/behaviortree_cpp -- -j12 -l12
