[0.007s] Invoking command in '/home/emily/sa-mrbt_ws/build/behaviortree_cpp': CMAKE_PREFIX_PATH=${CMAKE_PREFIX_PATH}:/opt/ros/iron /usr/bin/cmake --build /home/emily/sa-mrbt_ws/build/behaviortree_cpp -- -j12 -l12
[0.044s] [  2%] Built target lexy_file
[0.044s] [  3%] Built target minitrace
[0.044s] [  4%] Built target gtest_main
[0.044s] [  6%] Built target gtest
[0.062s] [35m[1mConsolidate compiler generated dependencies of target behaviortree_cpp[0m
[0.101s] [  7%] [32mBuilding CXX object CMakeFiles/behaviortree_cpp.dir/src/controls/counter_sequence.cpp.o[0m
[1.161s] [01m[K/home/emily/sa-mrbt_ws/src/BehaviorTree.CPP/src/controls/counter_sequence.cpp:[m[K In member function ‘[01m[Kvirtual BT::NodeStatus BT::CounterSequence::tick()[m[K’:
[1.161s] [01m[K/home/emily/sa-mrbt_ws/src/BehaviorTree.CPP/src/controls/counter_sequence.cpp:64:9:[m[K [01;31m[Kerror: [m[K‘[01m[Kcurrent_task_id[m[K’ was not declared in this scope; did you mean ‘[01m[Kcurrent_task_id_[m[K’?
[1.161s]    64 |         [01;31m[Kcurrent_task_id[m[K = getInput<int>("current_task_id");
[1.161s]       |         [01;31m[K^~~~~~~~~~~~~~~[m[K
[1.162s]       |         [32m[Kcurrent_task_id_[m[K
[1.164s] [01m[K/home/emily/sa-mrbt_ws/src/BehaviorTree.CPP/src/controls/counter_sequence.cpp:67:9:[m[K [01;31m[Kerror: [m[K‘[01m[Ksubtask_failure_thresholds[m[K’ was not declared in this scope; did you mean ‘[01m[Ksubtask_failure_thresholds_[m[K’?
[1.164s]    67 |         [01;31m[Ksubtask_failure_thresholds[m[K = getInput<std::unordered_map<int,int>>("subtask_failure_thresholds");
[1.164s]       |         [01;31m[K^~~~~~~~~~~~~~~~~~~~~~~~~~[m[K
[1.164s]       |         [32m[Ksubtask_failure_thresholds_[m[K
[1.802s] gmake[2]: *** [CMakeFiles/behaviortree_cpp.dir/build.make:482: CMakeFiles/behaviortree_cpp.dir/src/controls/counter_sequence.cpp.o] Error 1
[1.802s] gmake[1]: *** [CMakeFiles/Makefile2:340: CMakeFiles/behaviortree_cpp.dir/all] Error 2
[1.802s] gmake: *** [Makefile:146: all] Error 2
[1.804s] Invoked command in '/home/emily/sa-mrbt_ws/build/behaviortree_cpp' returned '2': CMAKE_PREFIX_PATH=${CMAKE_PREFIX_PATH}:/opt/ros/iron /usr/bin/cmake --build /home/emily/sa-mrbt_ws/build/behaviortree_cpp -- -j12 -l12
