[0.006s] Invoking command in '/home/emily/sa-mrbt_ws/build/simulator': CMAKE_PREFIX_PATH=/home/emily/sa-mrbt_ws/install/behaviortree_cpp:/home/emily/sa-mrbt_ws/install/simulator:/opt/ros/iron /usr/bin/cmake --build /home/emily/sa-mrbt_ws/build/simulator -- -j12 -l12
[0.037s] [35m[1mConsolidate compiler generated dependencies of target sim[0m
[0.060s] [ 15%] [32mBuilding CXX object CMakeFiles/sim.dir/src/planners.cpp.o[0m
[0.060s] [ 15%] [32mBuilding CXX object CMakeFiles/sim.dir/src/sim.cpp.o[0m
[1.682s] [01m[K/home/emily/sa-mrbt_ws/src/simplified_marine_sim/src/planners.cpp:153:1:[m[K [01;31m[Kerror: [m[Kno declaration matches ‘[01m[KShortestPath::ShortestPath(int, World*)[m[K’
[1.682s]   153 | [01;31m[KShortestPath[m[K::ShortestPath(int step_size, World* w) : Planner(step_size, world) {
[1.683s]       | [01;31m[K^~~~~~~~~~~~[m[K
[1.683s] In file included from [01m[K/home/emily/sa-mrbt_ws/src/simplified_marine_sim/src/planners.cpp:3[m[K:
[1.683s] [01m[K/home/emily/sa-mrbt_ws/src/simplified_marine_sim/include/planners.hpp:58:7:[m[K [01;36m[Knote: [m[Kcandidates are: ‘[01m[KShortestPath::ShortestPath(ShortestPath&&)[m[K’
[1.683s]    58 | class [01;36m[KShortestPath[m[K : public Planner {
[1.683s]       |       [01;36m[K^~~~~~~~~~~~[m[K
[1.683s] [01m[K/home/emily/sa-mrbt_ws/src/simplified_marine_sim/include/planners.hpp:58:7:[m[K [01;36m[Knote: [m[K                ‘[01m[KShortestPath::ShortestPath(const ShortestPath&)[m[K’
[1.683s] [01m[K/home/emily/sa-mrbt_ws/src/simplified_marine_sim/include/planners.hpp:60:5:[m[K [01;36m[Knote: [m[K                ‘[01m[KShortestPath::ShortestPath(int)[m[K’
[1.683s]    60 |     [01;36m[KShortestPath[m[K(int step_size);
[1.683s]       |     [01;36m[K^~~~~~~~~~~~[m[K
[1.683s] [01m[K/home/emily/sa-mrbt_ws/src/simplified_marine_sim/include/planners.hpp:58:7:[m[K [01;36m[Knote: [m[K‘[01m[Kclass ShortestPath[m[K’ defined here
[1.683s]    58 | class [01;36m[KShortestPath[m[K : public Planner {
[1.683s]       |       [01;36m[K^~~~~~~~~~~~[m[K
[1.842s] [01m[K/home/emily/sa-mrbt_ws/src/simplified_marine_sim/src/sim.cpp:[m[K In function ‘[01m[Kvoid run_robot(int, std::string, Pose2D, cv::Scalar, int, World&)[m[K’:
[1.842s] [01m[K/home/emily/sa-mrbt_ws/src/simplified_marine_sim/src/sim.cpp:478:38:[m[K [01;31m[Kerror: [m[Kno matching function for call to ‘[01m[KPlanner::Planner(int&)[m[K’
[1.843s]   478 |             Planner planner(step_size[01;31m[K)[m[K;
[1.843s]       |                                      [01;31m[K^[m[K
[1.843s] In file included from [01m[K/home/emily/sa-mrbt_ws/src/simplified_marine_sim/include/robot.hpp:7[m[K,
[1.843s]                  from [01m[K/home/emily/sa-mrbt_ws/src/simplified_marine_sim/include/world.hpp:8[m[K,
[1.843s]                  from [01m[K/home/emily/sa-mrbt_ws/src/simplified_marine_sim/src/sim.cpp:8[m[K:
[1.843s] [01m[K/home/emily/sa-mrbt_ws/src/simplified_marine_sim/include/planners.hpp:30:5:[m[K [01;36m[Knote: [m[Kcandidate: ‘[01m[KPlanner::Planner(int, World*)[m[K’
[1.843s]    30 |     [01;36m[KPlanner[m[K(int step_size, World* w);
[1.843s]       |     [01;36m[K^~~~~~~[m[K
[1.843s] [01m[K/home/emily/sa-mrbt_ws/src/simplified_marine_sim/include/planners.hpp:30:5:[m[K [01;36m[Knote: [m[K  candidate expects 2 arguments, 1 provided
[1.843s] [01m[K/home/emily/sa-mrbt_ws/src/simplified_marine_sim/include/planners.hpp:23:7:[m[K [01;36m[Knote: [m[Kcandidate: ‘[01m[KPlanner::Planner(const Planner&)[m[K’
[1.843s]    23 | class [01;36m[KPlanner[m[K {
[1.843s]       |       [01;36m[K^~~~~~~[m[K
[1.843s] [01m[K/home/emily/sa-mrbt_ws/src/simplified_marine_sim/include/planners.hpp:23:7:[m[K [01;36m[Knote: [m[K  no known conversion for argument 1 from ‘[01m[Kint[m[K’ to ‘[01m[Kconst Planner&[m[K’
[1.843s] [01m[K/home/emily/sa-mrbt_ws/src/simplified_marine_sim/include/planners.hpp:23:7:[m[K [01;36m[Knote: [m[Kcandidate: ‘[01m[KPlanner::Planner(Planner&&)[m[K’
[1.843s] [01m[K/home/emily/sa-mrbt_ws/src/simplified_marine_sim/include/planners.hpp:23:7:[m[K [01;36m[Knote: [m[K  no known conversion for argument 1 from ‘[01m[Kint[m[K’ to ‘[01m[KPlanner&&[m[K’
[2.484s] gmake[2]: *** [CMakeFiles/sim.dir/build.make:174: CMakeFiles/sim.dir/src/planners.cpp.o] Error 1
[2.484s] gmake[2]: *** Waiting for unfinished jobs....
[3.441s] gmake[2]: *** [CMakeFiles/sim.dir/build.make:76: CMakeFiles/sim.dir/src/sim.cpp.o] Error 1
[3.441s] gmake[1]: *** [CMakeFiles/Makefile2:137: CMakeFiles/sim.dir/all] Error 2
[3.441s] gmake: *** [Makefile:146: all] Error 2
[3.443s] Invoked command in '/home/emily/sa-mrbt_ws/build/simulator' returned '2': CMAKE_PREFIX_PATH=/home/emily/sa-mrbt_ws/install/behaviortree_cpp:/home/emily/sa-mrbt_ws/install/simulator:/opt/ros/iron /usr/bin/cmake --build /home/emily/sa-mrbt_ws/build/simulator -- -j12 -l12
