[0.006s] Invoking command in '/home/emily/sa-mrbt_ws/build/simulator': CMAKE_PREFIX_PATH=/home/emily/sa-mrbt_ws/install/behaviortree_cpp:/home/emily/sa-mrbt_ws/install/simulator:/opt/ros/iron /usr/bin/cmake --build /home/emily/sa-mrbt_ws/build/simulator -- -j12 -l12
[0.039s] [35m[1mConsolidate compiler generated dependencies of target sim[0m
[0.061s] [  7%] [32mBuilding CXX object CMakeFiles/sim.dir/src/CBGA.cpp.o[0m
[1.594s] [01m[K/home/emily/sa-mrbt_ws/src/simplified_marine_sim/src/CBGA.cpp:[m[K In member function ‘[01m[Kvoid CBGA::testResolveConflicts(int, std::vector<Msg>&, std::vector<std::vector<double, std::allocator<double> > >&, std::unordered_map<int, double>&, int, std::vector<std::vector<double, std::allocator<double> > >&, std::unordered_map<int, double>&)[m[K’:
[1.594s] [01m[K/home/emily/sa-mrbt_ws/src/simplified_marine_sim/src/CBGA.cpp:1692:9:[m[K [01;31m[Kerror: [m[Kredeclaration of ‘[01m[Kint id_m1[m[K’
[1.594s]  1692 |     int [01;31m[Kid_m1[m[K = 2; int id_m2 = 3; // so would need to look at k=4 to see this specific test result accurately
[1.595s]       |         [01;31m[K^~~~~[m[K
[1.595s] [01m[K/home/emily/sa-mrbt_ws/src/simplified_marine_sim/src/CBGA.cpp:1685:9:[m[K [01;36m[Knote: [m[K‘[01m[Kint id_m1[m[K’ previously declared here
[1.595s]  1685 |     int [01;36m[Kid_m1[m[K = 2; int id_m2 = 3; // so would need to look at k=4 to see this specific test result accurately
[1.595s]       |         [01;36m[K^~~~~[m[K
[1.595s] [01m[K/home/emily/sa-mrbt_ws/src/simplified_marine_sim/src/CBGA.cpp:1692:24:[m[K [01;31m[Kerror: [m[Kredeclaration of ‘[01m[Kint id_m2[m[K’
[1.595s]  1692 |     int id_m1 = 2; int [01;31m[Kid_m2[m[K = 3; // so would need to look at k=4 to see this specific test result accurately
[1.595s]       |                        [01;31m[K^~~~~[m[K
[1.595s] [01m[K/home/emily/sa-mrbt_ws/src/simplified_marine_sim/src/CBGA.cpp:1685:24:[m[K [01;36m[Knote: [m[K‘[01m[Kint id_m2[m[K’ previously declared here
[1.595s]  1685 |     int id_m1 = 2; int [01;36m[Kid_m2[m[K = 3; // so would need to look at k=4 to see this specific test result accurately
[1.595s]       |                        [01;36m[K^~~~~[m[K
[2.368s] gmake[2]: *** [CMakeFiles/sim.dir/build.make:104: CMakeFiles/sim.dir/src/CBGA.cpp.o] Error 1
[2.368s] gmake[1]: *** [CMakeFiles/Makefile2:137: CMakeFiles/sim.dir/all] Error 2
[2.369s] gmake: *** [Makefile:146: all] Error 2
[2.370s] Invoked command in '/home/emily/sa-mrbt_ws/build/simulator' returned '2': CMAKE_PREFIX_PATH=/home/emily/sa-mrbt_ws/install/behaviortree_cpp:/home/emily/sa-mrbt_ws/install/simulator:/opt/ros/iron /usr/bin/cmake --build /home/emily/sa-mrbt_ws/build/simulator -- -j12 -l12
