[0.008s] Invoking command in '/home/emily/sa-mrbt_ws/build/behaviortree_cpp': CMAKE_PREFIX_PATH=${CMAKE_PREFIX_PATH}:/opt/ros/iron /usr/bin/cmake --build /home/emily/sa-mrbt_ws/build/behaviortree_cpp -- -j12 -l12
[0.041s] [  1%] [32mBuilding CXX object 3rdparty/lexy/src/CMakeFiles/lexy_file.dir/input/file.cpp.o[0m
[0.041s] [  1%] [32mBuilding CXX object CMakeFiles/minitrace.dir/3rdparty/minitrace/minitrace.cpp.o[0m
[0.041s] [  2%] [32mBuilding CXX object gtest/CMakeFiles/gtest_main.dir/src/gtest_main.cc.o[0m
[0.041s] [  3%] [32mBuilding CXX object gtest/CMakeFiles/gtest.dir/src/gtest-all.cc.o[0m
[0.136s] [  4%] [32m[1mLinking CXX static library liblexy_file.a[0m
[0.160s] [  4%] Built target lexy_file
[0.165s] [  5%] [32m[1mLinking CXX static library libminitrace.a[0m
[0.186s] [  5%] Built target minitrace
[0.223s] [  6%] [32mBuilding CXX object CMakeFiles/behaviortree_cpp.dir/src/behavior_tree.cpp.o[0m
[0.223s] [  6%] [32mBuilding CXX object CMakeFiles/behaviortree_cpp.dir/src/blackboard.cpp.o[0m
[0.223s] [  6%] [32mBuilding CXX object CMakeFiles/behaviortree_cpp.dir/src/action_node.cpp.o[0m
[0.223s] [  8%] [32mBuilding CXX object CMakeFiles/behaviortree_cpp.dir/src/decorator_node.cpp.o[0m
[0.224s] [  8%] [32mBuilding CXX object CMakeFiles/behaviortree_cpp.dir/src/condition_node.cpp.o[0m
[0.224s] [  8%] [32mBuilding CXX object CMakeFiles/behaviortree_cpp.dir/src/control_node.cpp.o[0m
[0.224s] [  9%] [32mBuilding CXX object CMakeFiles/behaviortree_cpp.dir/src/bt_factory.cpp.o[0m
[0.224s] [ 10%] [32mBuilding CXX object CMakeFiles/behaviortree_cpp.dir/src/basic_types.cpp.o[0m
[0.224s] [ 11%] [32mBuilding CXX object CMakeFiles/behaviortree_cpp.dir/src/shared_library.cpp.o[0m
[0.224s] [ 12%] [32mBuilding CXX object CMakeFiles/behaviortree_cpp.dir/src/tree_node.cpp.o[0m
[0.990s] [ 12%] [32mBuilding CXX object CMakeFiles/behaviortree_cpp.dir/src/script_parser.cpp.o[0m
[1.218s] [ 13%] [32m[1mLinking CXX static library libgtest_main.a[0m
[1.264s] [ 13%] Built target gtest_main
[1.274s] [ 14%] [32mBuilding CXX object CMakeFiles/behaviortree_cpp.dir/src/json_export.cpp.o[0m
[3.539s] [ 15%] [32mBuilding CXX object CMakeFiles/behaviortree_cpp.dir/src/xml_parsing.cpp.o[0m
[3.585s] [ 16%] [32mBuilding CXX object CMakeFiles/behaviortree_cpp.dir/src/actions/test_node.cpp.o[0m
[3.620s] [ 16%] [32mBuilding CXX object CMakeFiles/behaviortree_cpp.dir/src/actions/sleep_node.cpp.o[0m
[4.623s] [ 17%] [32mBuilding CXX object CMakeFiles/behaviortree_cpp.dir/src/actions/updated_action.cpp.o[0m
[4.692s] [ 18%] [32mBuilding CXX object CMakeFiles/behaviortree_cpp.dir/src/decorators/delay_node.cpp.o[0m
[4.949s] [ 19%] [32mBuilding CXX object CMakeFiles/behaviortree_cpp.dir/src/decorators/inverter_node.cpp.o[0m
[5.262s] [ 19%] [32mBuilding CXX object CMakeFiles/behaviortree_cpp.dir/src/decorators/repeat_node.cpp.o[0m
[6.140s] [ 20%] [32mBuilding CXX object CMakeFiles/behaviortree_cpp.dir/src/decorators/retry_node.cpp.o[0m
[7.651s] [ 21%] [32mBuilding CXX object CMakeFiles/behaviortree_cpp.dir/src/decorators/subtree_node.cpp.o[0m
[7.904s] [ 21%] [32mBuilding CXX object CMakeFiles/behaviortree_cpp.dir/src/decorators/timeout_node.cpp.o[0m
[8.132s] [ 22%] [32mBuilding CXX object CMakeFiles/behaviortree_cpp.dir/src/decorators/updated_decorator.cpp.o[0m
[8.731s] [ 23%] [32mBuilding CXX object CMakeFiles/behaviortree_cpp.dir/src/controls/if_then_else_node.cpp.o[0m
[9.738s] [ 24%] [32mBuilding CXX object CMakeFiles/behaviortree_cpp.dir/src/controls/fallback_node.cpp.o[0m
[9.854s] [ 24%] [32mBuilding CXX object CMakeFiles/behaviortree_cpp.dir/src/controls/parallel_node.cpp.o[0m
[9.935s] [ 25%] [32mBuilding CXX object CMakeFiles/behaviortree_cpp.dir/src/controls/parallel_all_node.cpp.o[0m
[10.688s] [ 26%] [32mBuilding CXX object CMakeFiles/behaviortree_cpp.dir/src/controls/reactive_sequence.cpp.o[0m
[10.972s] [ 26%] [32m[1mLinking CXX static library libgtest.a[0m
[11.008s] [ 27%] [32mBuilding CXX object CMakeFiles/behaviortree_cpp.dir/src/controls/repeat_sequence.cpp.o[0m
[11.041s] [ 27%] Built target gtest
[11.052s] [ 27%] [32mBuilding CXX object CMakeFiles/behaviortree_cpp.dir/src/controls/reactive_fallback.cpp.o[0m
[12.013s] [ 28%] [32mBuilding CXX object CMakeFiles/behaviortree_cpp.dir/src/controls/sequence_node.cpp.o[0m
[12.743s] [ 29%] [32mBuilding CXX object CMakeFiles/behaviortree_cpp.dir/src/controls/sequence_with_memory_node.cpp.o[0m
[12.934s] [ 29%] [32mBuilding CXX object CMakeFiles/behaviortree_cpp.dir/src/controls/switch_node.cpp.o[0m
[13.042s] [ 30%] [32mBuilding CXX object CMakeFiles/behaviortree_cpp.dir/src/controls/while_do_else_node.cpp.o[0m
[13.439s] [ 31%] [32mBuilding CXX object CMakeFiles/behaviortree_cpp.dir/src/loggers/bt_cout_logger.cpp.o[0m
[14.021s] [ 32%] [32mBuilding CXX object CMakeFiles/behaviortree_cpp.dir/src/loggers/bt_file_logger_v2.cpp.o[0m
[14.319s] [ 32%] [32mBuilding CXX object CMakeFiles/behaviortree_cpp.dir/src/loggers/bt_minitrace_logger.cpp.o[0m
[14.377s] [ 33%] [32mBuilding CXX object CMakeFiles/behaviortree_cpp.dir/src/loggers/bt_observer.cpp.o[0m
[14.858s] [ 34%] [32mBuilding CXX object CMakeFiles/behaviortree_cpp.dir/3rdparty/tinyxml2/tinyxml2.cpp.o[0m
[15.212s] [ 34%] [32mBuilding CXX object CMakeFiles/behaviortree_cpp.dir/src/loggers/groot2_publisher.cpp.o[0m
[15.393s] [ 35%] [32mBuilding CXX object CMakeFiles/behaviortree_cpp.dir/src/loggers/bt_sqlite_logger.cpp.o[0m
[16.092s] [ 36%] [32mBuilding CXX object CMakeFiles/behaviortree_cpp.dir/src/shared_library_UNIX.cpp.o[0m
[23.461s] [ 37%] [32m[1mLinking CXX shared library libbehaviortree_cpp.so[0m
[23.577s] [ 37%] Built target behaviortree_cpp
[23.594s] [ 38%] [32mBuilding CXX object sample_nodes/CMakeFiles/dummy_nodes_dyn.dir/dummy_nodes.cpp.o[0m
[23.594s] [ 38%] [32mBuilding CXX object sample_nodes/CMakeFiles/movebase_node_dyn.dir/movebase_node.cpp.o[0m
[23.594s] [ 38%] [32mBuilding CXX object sample_nodes/CMakeFiles/crossdoor_nodes_dyn.dir/crossdoor_nodes.cpp.o[0m
[23.594s] [ 39%] [32mBuilding CXX object examples/CMakeFiles/test_plugin_executor.dir/plugin_example/plugin_executor.cpp.o[0m
[23.595s] [ 39%] [32mBuilding CXX object examples/CMakeFiles/test_plugin_action.dir/plugin_example/plugin_action.cpp.o[0m
[23.596s] [ 40%] [32mBuilding CXX object tools/CMakeFiles/bt4_plugin_manifest.dir/bt_plugin_manifest.cpp.o[0m
[23.598s] [ 41%] [32mBuilding CXX object examples/CMakeFiles/t01_first_tree_dynamic.dir/t01_build_your_first_tree.cpp.o[0m
[23.600s] [ 42%] [32mBuilding CXX object sample_nodes/CMakeFiles/bt_sample_nodes.dir/dummy_nodes.cpp.o[0m
[23.600s] [ 42%] [32mBuilding CXX object sample_nodes/CMakeFiles/bt_sample_nodes.dir/crossdoor_nodes.cpp.o[0m
[23.601s] [ 43%] [32mBuilding CXX object sample_nodes/CMakeFiles/bt_sample_nodes.dir/movebase_node.cpp.o[0m
[26.259s] [ 44%] [32m[1mLinking CXX executable t01_first_tree_dynamic[0m
[26.350s] [ 44%] Built target t01_first_tree_dynamic
[27.212s] [ 45%] [32m[1mLinking CXX executable test_plugin_executor[0m
[27.232s] [ 46%] [32m[1mLinking CXX executable bt4_plugin_manifest[0m
[27.329s] [ 46%] Built target test_plugin_executor
[27.350s] [ 46%] Built target bt4_plugin_manifest
[27.561s] [ 47%] [32m[1mLinking CXX shared library bin/libcrossdoor_nodes_dyn.so[0m
[27.630s] [ 47%] Built target crossdoor_nodes_dyn
[27.824s] [ 48%] [32m[1mLinking CXX static library lib/libbt_sample_nodes.a[0m
[27.828s] [ 49%] [32m[1mLinking CXX shared library bin/libmovebase_node_dyn.so[0m
[27.848s] [ 49%] Built target bt_sample_nodes
[27.875s] [ 51%] [32mBuilding CXX object examples/CMakeFiles/t02_basic_ports.dir/t02_basic_ports.cpp.o[0m
[27.875s] [ 51%] [32mBuilding CXX object examples/CMakeFiles/t08_additional_node_args.dir/t08_additional_node_args.cpp.o[0m
[27.875s] [ 51%] [32mBuilding CXX object examples/CMakeFiles/t05_crossdoor.dir/t05_crossdoor.cpp.o[0m
[27.876s] [ 51%] [32mBuilding CXX object examples/CMakeFiles/t06_subtree_port_remapping.dir/t06_subtree_port_remapping.cpp.o[0m
[27.876s] [ 51%] [32mBuilding CXX object examples/CMakeFiles/t01_first_tree_static.dir/t01_build_your_first_tree.cpp.o[0m
[27.876s] [ 53%] [32mBuilding CXX object examples/CMakeFiles/t07_load_multiple_xml.dir/t07_load_multiple_xml.cpp.o[0m
[27.876s] [ 53%] [32mBuilding CXX object examples/CMakeFiles/t04_reactive_sequence.dir/t04_reactive_sequence.cpp.o[0m
[27.876s] [ 54%] [32mBuilding CXX object examples/CMakeFiles/t03_generic_ports.dir/t03_generic_ports.cpp.o[0m
[27.914s] [ 54%] [32mBuilding CXX object tests/CMakeFiles/behaviortree_cpp_test.dir/src/action_test_node.cpp.o[0m
[27.938s] [ 54%] Built target movebase_node_dyn
[27.965s] [ 55%] [32mBuilding CXX object examples/CMakeFiles/t09_scripting.dir/t09_scripting.cpp.o[0m
[28.183s] [ 56%] [32m[1mLinking CXX shared library test_plugin_action.so[0m
[28.308s] [ 56%] Built target test_plugin_action
[28.336s] [ 56%] [32mBuilding CXX object examples/CMakeFiles/t10_observer.dir/t10_observer.cpp.o[0m
[28.342s] [ 56%] [32m[1mLinking CXX shared library bin/libdummy_nodes_dyn.so[0m
[28.489s] [ 56%] Built target dummy_nodes_dyn
[28.543s] [ 57%] [32mBuilding CXX object examples/CMakeFiles/t11_groot_howto.dir/t11_groot_howto.cpp.o[0m
[31.340s] [ 58%] [32mBuilding CXX object tests/CMakeFiles/behaviortree_cpp_test.dir/src/condition_test_node.cpp.o[0m
[32.003s] [ 59%] [32m[1mLinking CXX executable t05_crossdoor[0m
[32.165s] [ 59%] Built target t05_crossdoor
[32.177s] [ 60%] [32mBuilding CXX object tests/CMakeFiles/behaviortree_cpp_test.dir/gtest_any.cpp.o[0m
[32.419s] [ 61%] [32m[1mLinking CXX executable t08_additional_node_args[0m
[32.568s] [ 61%] Built target t08_additional_node_args
[32.579s] [ 62%] [32mBuilding CXX object tests/CMakeFiles/behaviortree_cpp_test.dir/gtest_blackboard.cpp.o[0m
[32.859s] [ 63%] [32m[1mLinking CXX executable t01_first_tree_static[0m
[32.874s] [ 64%] [32m[1mLinking CXX executable t10_observer[0m
[32.874s] [ 65%] [32m[1mLinking CXX executable t09_scripting[0m
[33.029s] [ 65%] Built target t01_first_tree_static
[33.041s] [ 65%] [32mBuilding CXX object tests/CMakeFiles/behaviortree_cpp_test.dir/gtest_coroutines.cpp.o[0m
[33.049s] [ 65%] Built target t10_observer
[33.060s] [ 66%] [32mBuilding CXX object tests/CMakeFiles/behaviortree_cpp_test.dir/gtest_decorator.cpp.o[0m
[33.088s] [ 66%] Built target t09_scripting
[33.131s] [ 67%] [32mBuilding CXX object examples/CMakeFiles/t12_default_ports.dir/t12_default_ports.cpp.o[0m
[33.207s] [ 68%] [32m[1mLinking CXX executable t06_subtree_port_remapping[0m
[33.214s] [ 69%] [32m[1mLinking CXX executable t07_load_multiple_xml[0m
[33.413s] [ 69%] Built target t07_load_multiple_xml
[33.424s] [ 69%] [32m[1mLinking CXX executable t04_reactive_sequence[0m
[33.440s] [ 70%] [32mBuilding CXX object tests/CMakeFiles/behaviortree_cpp_test.dir/gtest_enums.cpp.o[0m
[33.449s] [ 70%] Built target t06_subtree_port_remapping
[33.460s] [ 70%] [32mBuilding CXX object tests/CMakeFiles/behaviortree_cpp_test.dir/gtest_factory.cpp.o[0m
[33.583s] [ 70%] Built target t04_reactive_sequence
[33.612s] [ 71%] [32mBuilding CXX object examples/CMakeFiles/t13_access_by_ref.dir/t13_access_by_ref.cpp.o[0m
[33.737s] [ 72%] [32m[1mLinking CXX executable t03_generic_ports[0m
[33.801s] [ 72%] [32m[1mLinking CXX executable t02_basic_ports[0m
[33.891s] [ 72%] Built target t03_generic_ports
[33.901s] [ 73%] [32mBuilding CXX object tests/CMakeFiles/behaviortree_cpp_test.dir/gtest_fallback.cpp.o[0m
[33.954s] [ 73%] Built target t02_basic_ports
[33.965s] [ 74%] [32mBuilding CXX object tests/CMakeFiles/behaviortree_cpp_test.dir/gtest_parallel.cpp.o[0m
[34.681s] [ 75%] [32mBuilding CXX object tests/CMakeFiles/behaviortree_cpp_test.dir/gtest_preconditions.cpp.o[0m
[35.828s] [ 75%] [32m[1mLinking CXX executable t11_groot_howto[0m
[36.012s] [ 75%] Built target t11_groot_howto
[36.023s] [ 75%] [32mBuilding CXX object tests/CMakeFiles/behaviortree_cpp_test.dir/gtest_ports.cpp.o[0m
[38.622s] [ 76%] [32mBuilding CXX object examples/CMakeFiles/t14_subtree_model.dir/t14_subtree_model.cpp.o[0m
[39.030s] [ 76%] [32m[1mLinking CXX executable t13_access_by_ref[0m
[39.181s] [ 76%] Built target t13_access_by_ref
[39.192s] [ 77%] [32mBuilding CXX object tests/CMakeFiles/behaviortree_cpp_test.dir/gtest_postconditions.cpp.o[0m
[40.490s] [ 78%] [32m[1mLinking CXX executable t12_default_ports[0m
[40.676s] [ 78%] Built target t12_default_ports
[40.690s] [ 79%] [32mBuilding CXX object tests/CMakeFiles/behaviortree_cpp_test.dir/gtest_match.cpp.o[0m
[40.794s] [ 80%] [32mBuilding CXX object examples/CMakeFiles/t15_nodes_mocking.dir/t15_nodes_mocking.cpp.o[0m
[40.983s] [ 81%] [32mBuilding CXX object tests/CMakeFiles/behaviortree_cpp_test.dir/gtest_json.cpp.o[0m
[41.638s] [ 82%] [32mBuilding CXX object examples/CMakeFiles/t16_global_blackboard.dir/t16_global_blackboard.cpp.o[0m
[42.108s] [ 82%] [32mBuilding CXX object examples/CMakeFiles/t17_blackboard_backup.dir/t17_blackboard_backup.cpp.o[0m
[42.751s] [ 82%] [32mBuilding CXX object tests/CMakeFiles/behaviortree_cpp_test.dir/gtest_reactive.cpp.o[0m
[42.878s] [ 83%] [32mBuilding CXX object examples/CMakeFiles/t18_waypoints.dir/t18_waypoints.cpp.o[0m
[42.947s] [ 84%] [32m[1mLinking CXX executable t14_subtree_model[0m
[43.102s] [ 84%] Built target t14_subtree_model
[43.160s] [ 85%] [32mBuilding CXX object examples/CMakeFiles/ex01_wrap_legacy.dir/ex01_wrap_legacy.cpp.o[0m
[44.115s] [ 86%] [32mBuilding CXX object tests/CMakeFiles/behaviortree_cpp_test.dir/gtest_reactive_backchaining.cpp.o[0m
[44.216s] [ 87%] [32mBuilding CXX object examples/CMakeFiles/ex02_runtime_ports.dir/ex02_runtime_ports.cpp.o[0m
[46.039s] [ 88%] [32mBuilding CXX object tests/CMakeFiles/behaviortree_cpp_test.dir/gtest_sequence.cpp.o[0m
[46.366s] [ 88%] [32m[1mLinking CXX executable t15_nodes_mocking[0m
[46.505s] [ 89%] [32mBuilding CXX object examples/CMakeFiles/ex03_sqlite_log.dir/ex03_sqlite_log.cpp.o[0m
[46.528s] [ 89%] Built target t15_nodes_mocking
[46.537s] [ 89%] [32mBuilding CXX object tests/CMakeFiles/behaviortree_cpp_test.dir/gtest_skipping.cpp.o[0m
[47.679s] [ 90%] [32m[1mLinking CXX executable t16_global_blackboard[0m
[47.832s] [ 90%] Built target t16_global_blackboard
[47.843s] [ 91%] [32mBuilding CXX object tests/CMakeFiles/behaviortree_cpp_test.dir/gtest_substitution.cpp.o[0m
[48.361s] [ 92%] [32m[1mLinking CXX executable t17_blackboard_backup[0m
[48.501s] [ 93%] [32m[1mLinking CXX executable ex01_wrap_legacy[0m
[48.525s] [ 93%] Built target t17_blackboard_backup
[48.536s] [ 94%] [32mBuilding CXX object tests/CMakeFiles/behaviortree_cpp_test.dir/gtest_subtree.cpp.o[0m
[48.655s] [ 94%] Built target ex01_wrap_legacy
[48.669s] [ 95%] [32mBuilding CXX object tests/CMakeFiles/behaviortree_cpp_test.dir/gtest_switch.cpp.o[0m
[50.096s] [ 96%] [32m[1mLinking CXX executable t18_waypoints[0m
[50.258s] [ 96%] Built target t18_waypoints
[50.267s] [ 96%] [32mBuilding CXX object tests/CMakeFiles/behaviortree_cpp_test.dir/gtest_tree.cpp.o[0m
[50.336s] [ 97%] [32mBuilding CXX object tests/CMakeFiles/behaviortree_cpp_test.dir/gtest_updates.cpp.o[0m
[51.017s] [ 97%] [32m[1mLinking CXX executable ex02_runtime_ports[0m
[51.174s] [ 97%] Built target ex02_runtime_ports
[51.186s] [ 98%] [32mBuilding CXX object tests/CMakeFiles/behaviortree_cpp_test.dir/gtest_wakeup.cpp.o[0m
[52.061s] [ 99%] [32mBuilding CXX object tests/CMakeFiles/behaviortree_cpp_test.dir/script_parser_test.cpp.o[0m
[54.613s] [100%] [32m[1mLinking CXX executable ex03_sqlite_log[0m
[54.766s] [100%] Built target ex03_sqlite_log
[65.306s] [100%] [32m[1mLinking CXX executable behaviortree_cpp_test[0m
[65.490s] [100%] Built target behaviortree_cpp_test
[65.498s] Invoked command in '/home/emily/sa-mrbt_ws/build/behaviortree_cpp' returned '0': CMAKE_PREFIX_PATH=${CMAKE_PREFIX_PATH}:/opt/ros/iron /usr/bin/cmake --build /home/emily/sa-mrbt_ws/build/behaviortree_cpp -- -j12 -l12
[65.583s] Invoking command in '/home/emily/sa-mrbt_ws/build/behaviortree_cpp': CMAKE_PREFIX_PATH=${CMAKE_PREFIX_PATH}:/opt/ros/iron /usr/bin/cmake --install /home/emily/sa-mrbt_ws/build/behaviortree_cpp
[65.588s] -- Install configuration: "Release"
[65.588s] -- Installing: /home/emily/sa-mrbt_ws/install/behaviortree_cpp/lib/liblexy_file.a
[65.588s] -- Up-to-date: /home/emily/sa-mrbt_ws/install/behaviortree_cpp/lib/cmake/lexy/lexyTargets.cmake
[65.588s] -- Up-to-date: /home/emily/sa-mrbt_ws/install/behaviortree_cpp/lib/cmake/lexy/lexyTargets-release.cmake
[65.588s] -- Up-to-date: /home/emily/sa-mrbt_ws/install/behaviortree_cpp/lib/cmake/lexy/lexyConfig.cmake
[65.588s] -- Up-to-date: /home/emily/sa-mrbt_ws/install/behaviortree_cpp/lib/cmake/lexy/lexyConfigVersion.cmake
[65.589s] -- Up-to-date: /home/emily/sa-mrbt_ws/install/behaviortree_cpp/include/lexy
[65.589s] -- Up-to-date: /home/emily/sa-mrbt_ws/install/behaviortree_cpp/include/lexy/lexeme.hpp
[65.589s] -- Up-to-date: /home/emily/sa-mrbt_ws/install/behaviortree_cpp/include/lexy/visualize.hpp
[65.589s] -- Up-to-date: /home/emily/sa-mrbt_ws/install/behaviortree_cpp/include/lexy/callback
[65.589s] -- Up-to-date: /home/emily/sa-mrbt_ws/install/behaviortree_cpp/include/lexy/callback/bind.hpp
[65.589s] -- Up-to-date: /home/emily/sa-mrbt_ws/install/behaviortree_cpp/include/lexy/callback/integer.hpp
[65.589s] -- Up-to-date: /home/emily/sa-mrbt_ws/install/behaviortree_cpp/include/lexy/callback/object.hpp
[65.589s] -- Up-to-date: /home/emily/sa-mrbt_ws/install/behaviortree_cpp/include/lexy/callback/forward.hpp
[65.589s] -- Up-to-date: /home/emily/sa-mrbt_ws/install/behaviortree_cpp/include/lexy/callback/string.hpp
[65.589s] -- Up-to-date: /home/emily/sa-mrbt_ws/install/behaviortree_cpp/include/lexy/callback/adapter.hpp
[65.589s] -- Up-to-date: /home/emily/sa-mrbt_ws/install/behaviortree_cpp/include/lexy/callback/noop.hpp
[65.590s] -- Up-to-date: /home/emily/sa-mrbt_ws/install/behaviortree_cpp/include/lexy/callback/bit_cast.hpp
[65.590s] -- Up-to-date: /home/emily/sa-mrbt_ws/install/behaviortree_cpp/include/lexy/callback/base.hpp
[65.590s] -- Up-to-date: /home/emily/sa-mrbt_ws/install/behaviortree_cpp/include/lexy/callback/constant.hpp
[65.590s] -- Up-to-date: /home/emily/sa-mrbt_ws/install/behaviortree_cpp/include/lexy/callback/composition.hpp
[65.590s] -- Up-to-date: /home/emily/sa-mrbt_ws/install/behaviortree_cpp/include/lexy/callback/fold.hpp
[65.590s] -- Up-to-date: /home/emily/sa-mrbt_ws/install/behaviortree_cpp/include/lexy/callback/container.hpp
[65.590s] -- Up-to-date: /home/emily/sa-mrbt_ws/install/behaviortree_cpp/include/lexy/callback/aggregate.hpp
[65.590s] -- Up-to-date: /home/emily/sa-mrbt_ws/install/behaviortree_cpp/include/lexy/_detail
[65.590s] -- Up-to-date: /home/emily/sa-mrbt_ws/install/behaviortree_cpp/include/lexy/_detail/detect.hpp
[65.590s] -- Up-to-date: /home/emily/sa-mrbt_ws/install/behaviortree_cpp/include/lexy/_detail/std.hpp
[65.590s] -- Up-to-date: /home/emily/sa-mrbt_ws/install/behaviortree_cpp/include/lexy/_detail/invoke.hpp
[65.590s] -- Up-to-date: /home/emily/sa-mrbt_ws/install/behaviortree_cpp/include/lexy/_detail/code_point.hpp
[65.590s] -- Up-to-date: /home/emily/sa-mrbt_ws/install/behaviortree_cpp/include/lexy/_detail/unicode_database.hpp
[65.591s] -- Up-to-date: /home/emily/sa-mrbt_ws/install/behaviortree_cpp/include/lexy/_detail/nttp_string.hpp
[65.591s] -- Up-to-date: /home/emily/sa-mrbt_ws/install/behaviortree_cpp/include/lexy/_detail/iterator.hpp
[65.591s] -- Up-to-date: /home/emily/sa-mrbt_ws/install/behaviortree_cpp/include/lexy/_detail/string_view.hpp
[65.591s] -- Up-to-date: /home/emily/sa-mrbt_ws/install/behaviortree_cpp/include/lexy/_detail/assert.hpp
[65.591s] -- Up-to-date: /home/emily/sa-mrbt_ws/install/behaviortree_cpp/include/lexy/_detail/buffer_builder.hpp
[65.591s] -- Up-to-date: /home/emily/sa-mrbt_ws/install/behaviortree_cpp/include/lexy/_detail/stateless_lambda.hpp
[65.591s] -- Up-to-date: /home/emily/sa-mrbt_ws/install/behaviortree_cpp/include/lexy/_detail/tuple.hpp
[65.591s] -- Up-to-date: /home/emily/sa-mrbt_ws/install/behaviortree_cpp/include/lexy/_detail/config.hpp
[65.591s] -- Up-to-date: /home/emily/sa-mrbt_ws/install/behaviortree_cpp/include/lexy/_detail/lazy_init.hpp
[65.591s] -- Up-to-date: /home/emily/sa-mrbt_ws/install/behaviortree_cpp/include/lexy/_detail/type_name.hpp
[65.591s] -- Up-to-date: /home/emily/sa-mrbt_ws/install/behaviortree_cpp/include/lexy/_detail/any_ref.hpp
[65.591s] -- Up-to-date: /home/emily/sa-mrbt_ws/install/behaviortree_cpp/include/lexy/_detail/integer_sequence.hpp
[65.591s] -- Up-to-date: /home/emily/sa-mrbt_ws/install/behaviortree_cpp/include/lexy/_detail/memory_resource.hpp
[65.591s] -- Up-to-date: /home/emily/sa-mrbt_ws/install/behaviortree_cpp/include/lexy/_detail/swar.hpp
[65.591s] -- Up-to-date: /home/emily/sa-mrbt_ws/install/behaviortree_cpp/include/lexy/dsl.hpp
[65.591s] -- Up-to-date: /home/emily/sa-mrbt_ws/install/behaviortree_cpp/include/lexy/input_location.hpp
[65.591s] -- Up-to-date: /home/emily/sa-mrbt_ws/install/behaviortree_cpp/include/lexy/error.hpp
[65.591s] -- Up-to-date: /home/emily/sa-mrbt_ws/install/behaviortree_cpp/include/lexy/code_point.hpp
[65.591s] -- Up-to-date: /home/emily/sa-mrbt_ws/install/behaviortree_cpp/include/lexy/callback.hpp
[65.591s] -- Up-to-date: /home/emily/sa-mrbt_ws/install/behaviortree_cpp/include/lexy/input
[65.592s] -- Up-to-date: /home/emily/sa-mrbt_ws/install/behaviortree_cpp/include/lexy/input/base.hpp
[65.592s] -- Up-to-date: /home/emily/sa-mrbt_ws/install/behaviortree_cpp/include/lexy/input/string_input.hpp
[65.592s] -- Up-to-date: /home/emily/sa-mrbt_ws/install/behaviortree_cpp/include/lexy/input/file.hpp
[65.592s] -- Up-to-date: /home/emily/sa-mrbt_ws/install/behaviortree_cpp/include/lexy/input/lexeme_input.hpp
[65.592s] -- Up-to-date: /home/emily/sa-mrbt_ws/install/behaviortree_cpp/include/lexy/input/parse_tree_input.hpp
[65.592s] -- Up-to-date: /home/emily/sa-mrbt_ws/install/behaviortree_cpp/include/lexy/input/buffer.hpp
[65.592s] -- Up-to-date: /home/emily/sa-mrbt_ws/install/behaviortree_cpp/include/lexy/input/range_input.hpp
[65.592s] -- Up-to-date: /home/emily/sa-mrbt_ws/install/behaviortree_cpp/include/lexy/input/argv_input.hpp
[65.592s] -- Up-to-date: /home/emily/sa-mrbt_ws/install/behaviortree_cpp/include/lexy/dsl
[65.592s] -- Up-to-date: /home/emily/sa-mrbt_ws/install/behaviortree_cpp/include/lexy/dsl/subgrammar.hpp
[65.592s] -- Up-to-date: /home/emily/sa-mrbt_ws/install/behaviortree_cpp/include/lexy/dsl/integer.hpp
[65.592s] -- Up-to-date: /home/emily/sa-mrbt_ws/install/behaviortree_cpp/include/lexy/dsl/newline.hpp
[65.592s] -- Up-to-date: /home/emily/sa-mrbt_ws/install/behaviortree_cpp/include/lexy/dsl/operator.hpp
[65.592s] -- Up-to-date: /home/emily/sa-mrbt_ws/install/behaviortree_cpp/include/lexy/dsl/punctuator.hpp
[65.592s] -- Up-to-date: /home/emily/sa-mrbt_ws/install/behaviortree_cpp/include/lexy/dsl/terminator.hpp
[65.592s] -- Up-to-date: /home/emily/sa-mrbt_ws/install/behaviortree_cpp/include/lexy/dsl/recover.hpp
[65.592s] -- Up-to-date: /home/emily/sa-mrbt_ws/install/behaviortree_cpp/include/lexy/dsl/times.hpp
[65.592s] -- Up-to-date: /home/emily/sa-mrbt_ws/install/behaviortree_cpp/include/lexy/dsl/list.hpp
[65.592s] -- Up-to-date: /home/emily/sa-mrbt_ws/install/behaviortree_cpp/include/lexy/dsl/choice.hpp
[65.592s] -- Up-to-date: /home/emily/sa-mrbt_ws/install/behaviortree_cpp/include/lexy/dsl/whitespace.hpp
[65.593s] -- Up-to-date: /home/emily/sa-mrbt_ws/install/behaviortree_cpp/include/lexy/dsl/branch.hpp
[65.593s] -- Up-to-date: /home/emily/sa-mrbt_ws/install/behaviortree_cpp/include/lexy/dsl/eof.hpp
[65.593s] -- Up-to-date: /home/emily/sa-mrbt_ws/install/behaviortree_cpp/include/lexy/dsl/combination.hpp
[65.593s] -- Up-to-date: /home/emily/sa-mrbt_ws/install/behaviortree_cpp/include/lexy/dsl/follow.hpp
[65.593s] -- Up-to-date: /home/emily/sa-mrbt_ws/install/behaviortree_cpp/include/lexy/dsl/if.hpp
[65.593s] -- Up-to-date: /home/emily/sa-mrbt_ws/install/behaviortree_cpp/include/lexy/dsl/capture.hpp
[65.593s] -- Up-to-date: /home/emily/sa-mrbt_ws/install/behaviortree_cpp/include/lexy/dsl/bom.hpp
[65.593s] -- Up-to-date: /home/emily/sa-mrbt_ws/install/behaviortree_cpp/include/lexy/dsl/error.hpp
[65.593s] -- Up-to-date: /home/emily/sa-mrbt_ws/install/behaviortree_cpp/include/lexy/dsl/code_point.hpp
[65.593s] -- Up-to-date: /home/emily/sa-mrbt_ws/install/behaviortree_cpp/include/lexy/dsl/base.hpp
[65.593s] -- Up-to-date: /home/emily/sa-mrbt_ws/install/behaviortree_cpp/include/lexy/dsl/unicode.hpp
[65.593s] -- Up-to-date: /home/emily/sa-mrbt_ws/install/behaviortree_cpp/include/lexy/dsl/brackets.hpp
[65.593s] -- Up-to-date: /home/emily/sa-mrbt_ws/install/behaviortree_cpp/include/lexy/dsl/byte.hpp
[65.593s] -- Up-to-date: /home/emily/sa-mrbt_ws/install/behaviortree_cpp/include/lexy/dsl/symbol.hpp
[65.593s] -- Up-to-date: /home/emily/sa-mrbt_ws/install/behaviortree_cpp/include/lexy/dsl/repeat.hpp
[65.593s] -- Up-to-date: /home/emily/sa-mrbt_ws/install/behaviortree_cpp/include/lexy/dsl/identifier.hpp
[65.593s] -- Up-to-date: /home/emily/sa-mrbt_ws/install/behaviortree_cpp/include/lexy/dsl/token.hpp
[65.593s] -- Up-to-date: /home/emily/sa-mrbt_ws/install/behaviortree_cpp/include/lexy/dsl/literal.hpp
[65.593s] -- Up-to-date: /home/emily/sa-mrbt_ws/install/behaviortree_cpp/include/lexy/dsl/until.hpp
[65.593s] -- Up-to-date: /home/emily/sa-mrbt_ws/install/behaviortree_cpp/include/lexy/dsl/flags.hpp
[65.594s] -- Up-to-date: /home/emily/sa-mrbt_ws/install/behaviortree_cpp/include/lexy/dsl/context_counter.hpp
[65.594s] -- Up-to-date: /home/emily/sa-mrbt_ws/install/behaviortree_cpp/include/lexy/dsl/scan.hpp
[65.594s] -- Up-to-date: /home/emily/sa-mrbt_ws/install/behaviortree_cpp/include/lexy/dsl/delimited.hpp
[65.594s] -- Up-to-date: /home/emily/sa-mrbt_ws/install/behaviortree_cpp/include/lexy/dsl/ascii.hpp
[65.594s] -- Up-to-date: /home/emily/sa-mrbt_ws/install/behaviortree_cpp/include/lexy/dsl/char_class.hpp
[65.594s] -- Up-to-date: /home/emily/sa-mrbt_ws/install/behaviortree_cpp/include/lexy/dsl/expression.hpp
[65.594s] -- Up-to-date: /home/emily/sa-mrbt_ws/install/behaviortree_cpp/include/lexy/dsl/option.hpp
[65.594s] -- Up-to-date: /home/emily/sa-mrbt_ws/install/behaviortree_cpp/include/lexy/dsl/loop.hpp
[65.594s] -- Up-to-date: /home/emily/sa-mrbt_ws/install/behaviortree_cpp/include/lexy/dsl/return.hpp
[65.594s] -- Up-to-date: /home/emily/sa-mrbt_ws/install/behaviortree_cpp/include/lexy/dsl/effect.hpp
[65.594s] -- Up-to-date: /home/emily/sa-mrbt_ws/install/behaviortree_cpp/include/lexy/dsl/context_flag.hpp
[65.594s] -- Up-to-date: /home/emily/sa-mrbt_ws/install/behaviortree_cpp/include/lexy/dsl/member.hpp
[65.594s] -- Up-to-date: /home/emily/sa-mrbt_ws/install/behaviortree_cpp/include/lexy/dsl/parse_as.hpp
[65.594s] -- Up-to-date: /home/emily/sa-mrbt_ws/install/behaviortree_cpp/include/lexy/dsl/production.hpp
[65.594s] -- Up-to-date: /home/emily/sa-mrbt_ws/install/behaviortree_cpp/include/lexy/dsl/parse_tree_node.hpp
[65.594s] -- Up-to-date: /home/emily/sa-mrbt_ws/install/behaviortree_cpp/include/lexy/dsl/peek.hpp
[65.594s] -- Up-to-date: /home/emily/sa-mrbt_ws/install/behaviortree_cpp/include/lexy/dsl/lookahead.hpp
[65.594s] -- Up-to-date: /home/emily/sa-mrbt_ws/install/behaviortree_cpp/include/lexy/dsl/separator.hpp
[65.594s] -- Up-to-date: /home/emily/sa-mrbt_ws/install/behaviortree_cpp/include/lexy/dsl/case_folding.hpp
[65.594s] -- Up-to-date: /home/emily/sa-mrbt_ws/install/behaviortree_cpp/include/lexy/dsl/context_identifier.hpp
[65.595s] -- Up-to-date: /home/emily/sa-mrbt_ws/install/behaviortree_cpp/include/lexy/dsl/sequence.hpp
[65.595s] -- Up-to-date: /home/emily/sa-mrbt_ws/install/behaviortree_cpp/include/lexy/dsl/digit.hpp
[65.595s] -- Up-to-date: /home/emily/sa-mrbt_ws/install/behaviortree_cpp/include/lexy/dsl/position.hpp
[65.595s] -- Up-to-date: /home/emily/sa-mrbt_ws/install/behaviortree_cpp/include/lexy/dsl/sign.hpp
[65.595s] -- Up-to-date: /home/emily/sa-mrbt_ws/install/behaviortree_cpp/include/lexy/dsl/any.hpp
[65.595s] -- Up-to-date: /home/emily/sa-mrbt_ws/install/behaviortree_cpp/include/lexy/dsl/bits.hpp
[65.595s] -- Up-to-date: /home/emily/sa-mrbt_ws/install/behaviortree_cpp/include/lexy/parse_tree.hpp
[65.595s] -- Up-to-date: /home/emily/sa-mrbt_ws/install/behaviortree_cpp/include/lexy/grammar.hpp
[65.595s] -- Up-to-date: /home/emily/sa-mrbt_ws/install/behaviortree_cpp/include/lexy/token.hpp
[65.595s] -- Up-to-date: /home/emily/sa-mrbt_ws/install/behaviortree_cpp/include/lexy/encoding.hpp
[65.595s] -- Up-to-date: /home/emily/sa-mrbt_ws/install/behaviortree_cpp/include/lexy/action
[65.595s] -- Up-to-date: /home/emily/sa-mrbt_ws/install/behaviortree_cpp/include/lexy/action/match.hpp
[65.595s] -- Up-to-date: /home/emily/sa-mrbt_ws/install/behaviortree_cpp/include/lexy/action/parse.hpp
[65.595s] -- Up-to-date: /home/emily/sa-mrbt_ws/install/behaviortree_cpp/include/lexy/action/base.hpp
[65.596s] -- Up-to-date: /home/emily/sa-mrbt_ws/install/behaviortree_cpp/include/lexy/action/validate.hpp
[65.596s] -- Up-to-date: /home/emily/sa-mrbt_ws/install/behaviortree_cpp/include/lexy/action/scan.hpp
[65.596s] -- Up-to-date: /home/emily/sa-mrbt_ws/install/behaviortree_cpp/include/lexy/action/parse_as_tree.hpp
[65.596s] -- Up-to-date: /home/emily/sa-mrbt_ws/install/behaviortree_cpp/include/lexy/action/trace.hpp
[65.596s] -- Up-to-date: /home/emily/sa-mrbt_ws/install/behaviortree_cpp/include/lexy_ext
[65.596s] -- Up-to-date: /home/emily/sa-mrbt_ws/install/behaviortree_cpp/include/lexy_ext/shell.hpp
[65.596s] -- Up-to-date: /home/emily/sa-mrbt_ws/install/behaviortree_cpp/include/lexy_ext/report_error.hpp
[65.596s] -- Up-to-date: /home/emily/sa-mrbt_ws/install/behaviortree_cpp/include/lexy_ext/compiler_explorer.hpp
[65.596s] -- Up-to-date: /home/emily/sa-mrbt_ws/install/behaviortree_cpp/include/lexy_ext/parse_tree_algorithm.hpp
[65.596s] -- Up-to-date: /home/emily/sa-mrbt_ws/install/behaviortree_cpp/include/lexy_ext/parse_tree_doctest.hpp
[65.596s] -- Installing: /home/emily/sa-mrbt_ws/install/behaviortree_cpp/share/behaviortree_cpp/bt_plugins/libcrossdoor_nodes_dyn.so
[65.596s] -- Set runtime path of "/home/emily/sa-mrbt_ws/install/behaviortree_cpp/share/behaviortree_cpp/bt_plugins/libcrossdoor_nodes_dyn.so" to ""
[65.596s] -- Installing: /home/emily/sa-mrbt_ws/install/behaviortree_cpp/share/behaviortree_cpp/bt_plugins/libdummy_nodes_dyn.so
[65.596s] -- Set runtime path of "/home/emily/sa-mrbt_ws/install/behaviortree_cpp/share/behaviortree_cpp/bt_plugins/libdummy_nodes_dyn.so" to ""
[65.596s] -- Installing: /home/emily/sa-mrbt_ws/install/behaviortree_cpp/share/behaviortree_cpp/bt_plugins/libmovebase_node_dyn.so
[65.596s] -- Set runtime path of "/home/emily/sa-mrbt_ws/install/behaviortree_cpp/share/behaviortree_cpp/bt_plugins/libmovebase_node_dyn.so" to ""
[65.596s] -- Installing: /home/emily/sa-mrbt_ws/install/behaviortree_cpp/bin/bt4_plugin_manifest
[65.596s] -- Set runtime path of "/home/emily/sa-mrbt_ws/install/behaviortree_cpp/bin/bt4_plugin_manifest" to ""
[65.597s] -- Installing: /home/emily/sa-mrbt_ws/install/behaviortree_cpp/lib/libbehaviortree_cpp.so
[65.597s] -- Set runtime path of "/home/emily/sa-mrbt_ws/install/behaviortree_cpp/lib/libbehaviortree_cpp.so" to ""
[65.597s] -- Up-to-date: /home/emily/sa-mrbt_ws/install/behaviortree_cpp/include
[65.597s] -- Up-to-date: /home/emily/sa-mrbt_ws/install/behaviortree_cpp/include/behaviortree_cpp
[65.597s] -- Up-to-date: /home/emily/sa-mrbt_ws/install/behaviortree_cpp/include/behaviortree_cpp/behavior_tree.h
[65.597s] -- Up-to-date: /home/emily/sa-mrbt_ws/install/behaviortree_cpp/include/behaviortree_cpp/condition_node.h
[65.597s] -- Up-to-date: /home/emily/sa-mrbt_ws/install/behaviortree_cpp/include/behaviortree_cpp/actions
[65.597s] -- Up-to-date: /home/emily/sa-mrbt_ws/install/behaviortree_cpp/include/behaviortree_cpp/actions/pop_from_queue.hpp
[65.597s] -- Up-to-date: /home/emily/sa-mrbt_ws/install/behaviortree_cpp/include/behaviortree_cpp/actions/set_blackboard_node.h
[65.597s] -- Up-to-date: /home/emily/sa-mrbt_ws/install/behaviortree_cpp/include/behaviortree_cpp/actions/unset_blackboard_node.h
[65.597s] -- Up-to-date: /home/emily/sa-mrbt_ws/install/behaviortree_cpp/include/behaviortree_cpp/actions/updated_action.h
[65.597s] -- Up-to-date: /home/emily/sa-mrbt_ws/install/behaviortree_cpp/include/behaviortree_cpp/actions/always_failure_node.h
[65.597s] -- Up-to-date: /home/emily/sa-mrbt_ws/install/behaviortree_cpp/include/behaviortree_cpp/actions/test_node.h
[65.597s] -- Up-to-date: /home/emily/sa-mrbt_ws/install/behaviortree_cpp/include/behaviortree_cpp/actions/script_node.h
[65.597s] -- Up-to-date: /home/emily/sa-mrbt_ws/install/behaviortree_cpp/include/behaviortree_cpp/actions/script_condition.h
[65.597s] -- Up-to-date: /home/emily/sa-mrbt_ws/install/behaviortree_cpp/include/behaviortree_cpp/actions/always_success_node.h
[65.597s] -- Up-to-date: /home/emily/sa-mrbt_ws/install/behaviortree_cpp/include/behaviortree_cpp/actions/sleep_node.h
[65.597s] -- Up-to-date: /home/emily/sa-mrbt_ws/install/behaviortree_cpp/include/behaviortree_cpp/leaf_node.h
[65.597s] -- Up-to-date: /home/emily/sa-mrbt_ws/install/behaviortree_cpp/include/behaviortree_cpp/scripting
[65.597s] -- Up-to-date: /home/emily/sa-mrbt_ws/install/behaviortree_cpp/include/behaviortree_cpp/scripting/any_types.hpp
[65.598s] -- Up-to-date: /home/emily/sa-mrbt_ws/install/behaviortree_cpp/include/behaviortree_cpp/scripting/operators.hpp
[65.598s] -- Up-to-date: /home/emily/sa-mrbt_ws/install/behaviortree_cpp/include/behaviortree_cpp/scripting/script_parser.hpp
[65.598s] -- Up-to-date: /home/emily/sa-mrbt_ws/install/behaviortree_cpp/include/behaviortree_cpp/controls
[65.598s] -- Up-to-date: /home/emily/sa-mrbt_ws/install/behaviortree_cpp/include/behaviortree_cpp/controls/while_do_else_node.h
[65.598s] -- Up-to-date: /home/emily/sa-mrbt_ws/install/behaviortree_cpp/include/behaviortree_cpp/controls/reactive_fallback.h
[65.598s] -- Up-to-date: /home/emily/sa-mrbt_ws/install/behaviortree_cpp/include/behaviortree_cpp/controls/fallback_node.h
[65.598s] -- Up-to-date: /home/emily/sa-mrbt_ws/install/behaviortree_cpp/include/behaviortree_cpp/controls/sequence_with_memory_node.h
[65.598s] -- Up-to-date: /home/emily/sa-mrbt_ws/install/behaviortree_cpp/include/behaviortree_cpp/controls/parallel_node.h
[65.598s] -- Up-to-date: /home/emily/sa-mrbt_ws/install/behaviortree_cpp/include/behaviortree_cpp/controls/reactive_sequence.h
[65.599s] -- Up-to-date: /home/emily/sa-mrbt_ws/install/behaviortree_cpp/include/behaviortree_cpp/controls/repeat_sequence.h
[65.599s] -- Up-to-date: /home/emily/sa-mrbt_ws/install/behaviortree_cpp/include/behaviortree_cpp/controls/switch_node.h
[65.599s] -- Up-to-date: /home/emily/sa-mrbt_ws/install/behaviortree_cpp/include/behaviortree_cpp/controls/parallel_all_node.h
[65.599s] -- Up-to-date: /home/emily/sa-mrbt_ws/install/behaviortree_cpp/include/behaviortree_cpp/controls/if_then_else_node.h
[65.599s] -- Up-to-date: /home/emily/sa-mrbt_ws/install/behaviortree_cpp/include/behaviortree_cpp/controls/sequence_node.h
[65.599s] -- Up-to-date: /home/emily/sa-mrbt_ws/install/behaviortree_cpp/include/behaviortree_cpp/controls/manual_node.h
[65.599s] -- Up-to-date: /home/emily/sa-mrbt_ws/install/behaviortree_cpp/include/behaviortree_cpp/control_node.h
[65.599s] -- Up-to-date: /home/emily/sa-mrbt_ws/install/behaviortree_cpp/include/behaviortree_cpp/xml_parsing.h
[65.599s] -- Up-to-date: /home/emily/sa-mrbt_ws/install/behaviortree_cpp/include/behaviortree_cpp/action_node.h
[65.599s] -- Up-to-date: /home/emily/sa-mrbt_ws/install/behaviortree_cpp/include/behaviortree_cpp/exceptions.h
[65.599s] -- Up-to-date: /home/emily/sa-mrbt_ws/install/behaviortree_cpp/include/behaviortree_cpp/decorators
[65.599s] -- Up-to-date: /home/emily/sa-mrbt_ws/install/behaviortree_cpp/include/behaviortree_cpp/decorators/loop_node.h
[65.599s] -- Up-to-date: /home/emily/sa-mrbt_ws/install/behaviortree_cpp/include/behaviortree_cpp/decorators/consume_queue.h
[65.599s] -- Up-to-date: /home/emily/sa-mrbt_ws/install/behaviortree_cpp/include/behaviortree_cpp/decorators/force_failure_node.h
[65.599s] -- Up-to-date: /home/emily/sa-mrbt_ws/install/behaviortree_cpp/include/behaviortree_cpp/decorators/delay_node.h
[65.599s] -- Up-to-date: /home/emily/sa-mrbt_ws/install/behaviortree_cpp/include/behaviortree_cpp/decorators/timeout_node.h
[65.599s] -- Up-to-date: /home/emily/sa-mrbt_ws/install/behaviortree_cpp/include/behaviortree_cpp/decorators/retry_node.h
[65.599s] -- Up-to-date: /home/emily/sa-mrbt_ws/install/behaviortree_cpp/include/behaviortree_cpp/decorators/repeat_node.h
[65.600s] -- Up-to-date: /home/emily/sa-mrbt_ws/install/behaviortree_cpp/include/behaviortree_cpp/decorators/force_success_node.h
[65.600s] -- Up-to-date: /home/emily/sa-mrbt_ws/install/behaviortree_cpp/include/behaviortree_cpp/decorators/run_once_node.h
[65.600s] -- Up-to-date: /home/emily/sa-mrbt_ws/install/behaviortree_cpp/include/behaviortree_cpp/decorators/inverter_node.h
[65.600s] -- Up-to-date: /home/emily/sa-mrbt_ws/install/behaviortree_cpp/include/behaviortree_cpp/decorators/subtree_node.h
[65.600s] -- Up-to-date: /home/emily/sa-mrbt_ws/install/behaviortree_cpp/include/behaviortree_cpp/decorators/keep_running_until_failure_node.h
[65.600s] -- Up-to-date: /home/emily/sa-mrbt_ws/install/behaviortree_cpp/include/behaviortree_cpp/decorators/updated_decorator.h
[65.600s] -- Up-to-date: /home/emily/sa-mrbt_ws/install/behaviortree_cpp/include/behaviortree_cpp/decorators/script_precondition.h
[65.600s] -- Up-to-date: /home/emily/sa-mrbt_ws/install/behaviortree_cpp/include/behaviortree_cpp/bt_factory.h
[65.600s] -- Up-to-date: /home/emily/sa-mrbt_ws/install/behaviortree_cpp/include/behaviortree_cpp/blackboard.h
[65.600s] -- Up-to-date: /home/emily/sa-mrbt_ws/install/behaviortree_cpp/include/behaviortree_cpp/flatbuffers
[65.600s] -- Up-to-date: /home/emily/sa-mrbt_ws/install/behaviortree_cpp/include/behaviortree_cpp/flatbuffers/bt_flatbuffer_helper.h
[65.601s] -- Up-to-date: /home/emily/sa-mrbt_ws/install/behaviortree_cpp/include/behaviortree_cpp/basic_types.h
[65.601s] -- Up-to-date: /home/emily/sa-mrbt_ws/install/behaviortree_cpp/include/behaviortree_cpp/bt_parser.h
[65.601s] -- Up-to-date: /home/emily/sa-mrbt_ws/install/behaviortree_cpp/include/behaviortree_cpp/utils
[65.601s] -- Up-to-date: /home/emily/sa-mrbt_ws/install/behaviortree_cpp/include/behaviortree_cpp/utils/convert_impl.hpp
[65.601s] -- Up-to-date: /home/emily/sa-mrbt_ws/install/behaviortree_cpp/include/behaviortree_cpp/utils/signal.h
[65.601s] -- Up-to-date: /home/emily/sa-mrbt_ws/install/behaviortree_cpp/include/behaviortree_cpp/utils/wakeup_signal.hpp
[65.601s] -- Up-to-date: /home/emily/sa-mrbt_ws/install/behaviortree_cpp/include/behaviortree_cpp/utils/platform.hpp
[65.601s] -- Up-to-date: /home/emily/sa-mrbt_ws/install/behaviortree_cpp/include/behaviortree_cpp/utils/locked_reference.hpp
[65.601s] -- Up-to-date: /home/emily/sa-mrbt_ws/install/behaviortree_cpp/include/behaviortree_cpp/utils/strcat.hpp
[65.601s] -- Up-to-date: /home/emily/sa-mrbt_ws/install/behaviortree_cpp/include/behaviortree_cpp/utils/timer_queue.h
[65.601s] -- Up-to-date: /home/emily/sa-mrbt_ws/install/behaviortree_cpp/include/behaviortree_cpp/utils/simple_string.hpp
[65.601s] -- Up-to-date: /home/emily/sa-mrbt_ws/install/behaviortree_cpp/include/behaviortree_cpp/utils/demangle_util.h
[65.601s] -- Up-to-date: /home/emily/sa-mrbt_ws/install/behaviortree_cpp/include/behaviortree_cpp/utils/safe_any.hpp
[65.601s] -- Up-to-date: /home/emily/sa-mrbt_ws/install/behaviortree_cpp/include/behaviortree_cpp/utils/shared_library.h
[65.601s] -- Up-to-date: /home/emily/sa-mrbt_ws/install/behaviortree_cpp/include/behaviortree_cpp/json_export.h
[65.601s] -- Up-to-date: /home/emily/sa-mrbt_ws/install/behaviortree_cpp/include/behaviortree_cpp/decorator_node.h
[65.601s] -- Up-to-date: /home/emily/sa-mrbt_ws/install/behaviortree_cpp/include/behaviortree_cpp/tree_node.h
[65.601s] -- Up-to-date: /home/emily/sa-mrbt_ws/install/behaviortree_cpp/include/behaviortree_cpp/loggers
[65.602s] -- Up-to-date: /home/emily/sa-mrbt_ws/install/behaviortree_cpp/include/behaviortree_cpp/loggers/bt_file_logger_v2.h
[65.602s] -- Up-to-date: /home/emily/sa-mrbt_ws/install/behaviortree_cpp/include/behaviortree_cpp/loggers/bt_minitrace_logger.h
[65.602s] -- Up-to-date: /home/emily/sa-mrbt_ws/install/behaviortree_cpp/include/behaviortree_cpp/loggers/bt_observer.h
[65.602s] -- Up-to-date: /home/emily/sa-mrbt_ws/install/behaviortree_cpp/include/behaviortree_cpp/loggers/bt_cout_logger.h
[65.602s] -- Up-to-date: /home/emily/sa-mrbt_ws/install/behaviortree_cpp/include/behaviortree_cpp/loggers/abstract_logger.h
[65.602s] -- Up-to-date: /home/emily/sa-mrbt_ws/install/behaviortree_cpp/include/behaviortree_cpp/loggers/groot2_publisher.h
[65.602s] -- Up-to-date: /home/emily/sa-mrbt_ws/install/behaviortree_cpp/include/behaviortree_cpp/loggers/bt_sqlite_logger.h
[65.602s] -- Up-to-date: /home/emily/sa-mrbt_ws/install/behaviortree_cpp/include/behaviortree_cpp/loggers/groot2_protocol.h
[65.602s] -- Up-to-date: /home/emily/sa-mrbt_ws/install/behaviortree_cpp/include/behaviortree_cpp/contrib
[65.602s] -- Up-to-date: /home/emily/sa-mrbt_ws/install/behaviortree_cpp/include/behaviortree_cpp/contrib/json.hpp
[65.602s] -- Up-to-date: /home/emily/sa-mrbt_ws/install/behaviortree_cpp/include/behaviortree_cpp/contrib/magic_enum.hpp
[65.602s] -- Up-to-date: /home/emily/sa-mrbt_ws/install/behaviortree_cpp/include/behaviortree_cpp/contrib/expected.hpp
[65.602s] -- Up-to-date: /home/emily/sa-mrbt_ws/install/behaviortree_cpp/include/behaviortree_cpp/contrib/any.hpp
[65.602s] -- Up-to-date: /home/emily/sa-mrbt_ws/install/behaviortree_cpp/share/behaviortree_cpp/environment/library_path.sh
[65.602s] -- Up-to-date: /home/emily/sa-mrbt_ws/install/behaviortree_cpp/share/behaviortree_cpp/environment/library_path.dsv
[65.603s] -- Up-to-date: /home/emily/sa-mrbt_ws/install/behaviortree_cpp/share/ament_index/resource_index/package_run_dependencies/behaviortree_cpp
[65.603s] -- Up-to-date: /home/emily/sa-mrbt_ws/install/behaviortree_cpp/share/ament_index/resource_index/parent_prefix_path/behaviortree_cpp
[65.603s] -- Up-to-date: /home/emily/sa-mrbt_ws/install/behaviortree_cpp/share/behaviortree_cpp/environment/ament_prefix_path.sh
[65.603s] -- Up-to-date: /home/emily/sa-mrbt_ws/install/behaviortree_cpp/share/behaviortree_cpp/environment/ament_prefix_path.dsv
[65.603s] -- Up-to-date: /home/emily/sa-mrbt_ws/install/behaviortree_cpp/share/behaviortree_cpp/environment/path.sh
[65.603s] -- Up-to-date: /home/emily/sa-mrbt_ws/install/behaviortree_cpp/share/behaviortree_cpp/environment/path.dsv
[65.603s] -- Up-to-date: /home/emily/sa-mrbt_ws/install/behaviortree_cpp/share/behaviortree_cpp/local_setup.bash
[65.603s] -- Up-to-date: /home/emily/sa-mrbt_ws/install/behaviortree_cpp/share/behaviortree_cpp/local_setup.sh
[65.603s] -- Up-to-date: /home/emily/sa-mrbt_ws/install/behaviortree_cpp/share/behaviortree_cpp/local_setup.zsh
[65.603s] -- Up-to-date: /home/emily/sa-mrbt_ws/install/behaviortree_cpp/share/behaviortree_cpp/local_setup.dsv
[65.603s] -- Installing: /home/emily/sa-mrbt_ws/install/behaviortree_cpp/share/behaviortree_cpp/package.dsv
[65.603s] -- Up-to-date: /home/emily/sa-mrbt_ws/install/behaviortree_cpp/share/ament_index/resource_index/packages/behaviortree_cpp
[65.603s] -- Up-to-date: /home/emily/sa-mrbt_ws/install/behaviortree_cpp/share/behaviortree_cpp/cmake/behaviortree_cppTargetsExport.cmake
[65.603s] -- Up-to-date: /home/emily/sa-mrbt_ws/install/behaviortree_cpp/share/behaviortree_cpp/cmake/behaviortree_cppTargetsExport-release.cmake
[65.603s] -- Up-to-date: /home/emily/sa-mrbt_ws/install/behaviortree_cpp/share/behaviortree_cpp/cmake/ament_cmake_export_dependencies-extras.cmake
[65.603s] -- Up-to-date: /home/emily/sa-mrbt_ws/install/behaviortree_cpp/share/behaviortree_cpp/cmake/ament_cmake_export_include_directories-extras.cmake
[65.603s] -- Up-to-date: /home/emily/sa-mrbt_ws/install/behaviortree_cpp/share/behaviortree_cpp/cmake/ament_cmake_export_libraries-extras.cmake
[65.603s] -- Up-to-date: /home/emily/sa-mrbt_ws/install/behaviortree_cpp/share/behaviortree_cpp/cmake/ament_cmake_export_targets-extras.cmake
[65.604s] -- Up-to-date: /home/emily/sa-mrbt_ws/install/behaviortree_cpp/share/behaviortree_cpp/cmake/behaviortree_cppConfig.cmake
[65.604s] -- Up-to-date: /home/emily/sa-mrbt_ws/install/behaviortree_cpp/share/behaviortree_cpp/cmake/behaviortree_cppConfig-version.cmake
[65.604s] -- Up-to-date: /home/emily/sa-mrbt_ws/install/behaviortree_cpp/share/behaviortree_cpp/package.xml
[65.604s] Invoked command in '/home/emily/sa-mrbt_ws/build/behaviortree_cpp' returned '0': CMAKE_PREFIX_PATH=${CMAKE_PREFIX_PATH}:/opt/ros/iron /usr/bin/cmake --install /home/emily/sa-mrbt_ws/build/behaviortree_cpp
