[0.006s] Invoking command in '/home/emily/sa-mrbt_ws/build/simulator': CMAKE_PREFIX_PATH=/home/emily/sa-mrbt_ws/install/behaviortree_cpp:/home/emily/sa-mrbt_ws/install/simulator:/opt/ros/iron /usr/bin/cmake --build /home/emily/sa-mrbt_ws/build/simulator -- -j12 -l12
[0.037s] [35m[1mConsolidate compiler generated dependencies of target sim[0m
[0.064s] [  7%] [32mBuilding CXX object CMakeFiles/sim.dir/src/CBGA.cpp.o[0m
[1.587s] [01m[K/home/emily/sa-mrbt_ws/src/simplified_marine_sim/src/CBGA.cpp:[m[K In member function ‘[01m[Kvoid CBGA::testResolveConflicts(int, std::vector<Msg>&, std::vector<std::vector<double, std::allocator<double> > >&, std::unordered_map<int, double>&, int, std::vector<std::vector<double, std::allocator<double> > >&, std::unordered_map<int, double>&)[m[K’:
[1.587s] [01m[K/home/emily/sa-mrbt_ws/src/simplified_marine_sim/src/CBGA.cpp:1323:38:[m[K [01;31m[Kerror: [m[Kdeclaration of ‘[01m[Kstd::vector<std::vector<double, std::allocator<double> > > winning_bids_matrix_i[m[K’ shadows a parameter
[1.588s]  1323 |     std::vector<std::vector<double>> [01;31m[Kwinning_bids_matrix_i[m[K = {
[1.588s]       |                                      [01;31m[K^~~~~~~~~~~~~~~~~~~~~[m[K
[1.588s] [01m[K/home/emily/sa-mrbt_ws/src/simplified_marine_sim/src/CBGA.cpp:1301:39:[m[K [01;36m[Knote: [m[K‘[01m[Kstd::vector<std::vector<double, std::allocator<double> > >& winning_bids_matrix_i[m[K’ previously declared here
[1.588s]  1301 |     [01;36m[Kstd::vector<std::vector<double>>& winning_bids_matrix_i[m[K, std::unordered_map<int,double>& timestamps_i,
[1.588s]       |     [01;36m[K~~~~~~~~~~~~~~~~~~~~~~~~~~~~~~~~~~^~~~~~~~~~~~~~~~~~~~~[m[K
[1.588s] [01m[K/home/emily/sa-mrbt_ws/src/simplified_marine_sim/src/CBGA.cpp:1332:38:[m[K [01;31m[Kerror: [m[Kdeclaration of ‘[01m[Kstd::vector<std::vector<double, std::allocator<double> > > winning_bids_matrix_k[m[K’ shadows a parameter
[1.588s]  1332 |     std::vector<std::vector<double>> [01;31m[Kwinning_bids_matrix_k[m[K = {
[1.588s]       |                                      [01;31m[K^~~~~~~~~~~~~~~~~~~~~[m[K
[1.588s] [01m[K/home/emily/sa-mrbt_ws/src/simplified_marine_sim/src/CBGA.cpp:1302:49:[m[K [01;36m[Knote: [m[K‘[01m[Kstd::vector<std::vector<double, std::allocator<double> > >& winning_bids_matrix_k[m[K’ previously declared here
[1.588s]  1302 |     int id_k, [01;36m[Kstd::vector<std::vector<double>>& winning_bids_matrix_k[m[K, std::unordered_map<int,double>& timestamps_k) {
[1.588s]       |               [01;36m[K~~~~~~~~~~~~~~~~~~~~~~~~~~~~~~~~~~^~~~~~~~~~~~~~~~~~~~~[m[K
[1.588s] [01m[K/home/emily/sa-mrbt_ws/src/simplified_marine_sim/src/CBGA.cpp:1344:9:[m[K [01;31m[Kerror: [m[Kredeclaration of ‘[01m[Kint task_j[m[K’
[1.588s]  1344 |     int [01;31m[Ktask_j[m[K = 2; //1; // This is random
[1.588s]       |         [01;31m[K^~~~~~[m[K
[1.589s] [01m[K/home/emily/sa-mrbt_ws/src/simplified_marine_sim/src/CBGA.cpp:1317:9:[m[K [01;36m[Knote: [m[K‘[01m[Kint task_j[m[K’ previously declared here
[1.589s]  1317 |     int [01;36m[Ktask_j[m[K = 2; //1; // This is random
[1.589s]       |         [01;36m[K^~~~~~[m[K
[2.364s] gmake[2]: *** [CMakeFiles/sim.dir/build.make:104: CMakeFiles/sim.dir/src/CBGA.cpp.o] Error 1
[2.364s] gmake[1]: *** [CMakeFiles/Makefile2:137: CMakeFiles/sim.dir/all] Error 2
[2.364s] gmake: *** [Makefile:146: all] Error 2
[2.366s] Invoked command in '/home/emily/sa-mrbt_ws/build/simulator' returned '2': CMAKE_PREFIX_PATH=/home/emily/sa-mrbt_ws/install/behaviortree_cpp:/home/emily/sa-mrbt_ws/install/simulator:/opt/ros/iron /usr/bin/cmake --build /home/emily/sa-mrbt_ws/build/simulator -- -j12 -l12
