[35m[1mConsolidate compiler generated dependencies of target sim[0m
[  7%] [32mBuilding CXX object CMakeFiles/sim.dir/src/robot.cpp.o[0m
[01m[K/home/emily/sa-mrbt_ws/src/simplified_marine_sim/src/robot.cpp:[m[K In constructor ‘[01m[KRobot::Robot(Planner*, ShortestPath*, CoveragePath*, World*, JSONParser*, const Pose2D&, int, std::string, cv::Scalar)[m[K’:
[01m[K/home/emily/sa-mrbt_ws/src/simplified_marine_sim/src/robot.cpp:116:23:[m[K [01;31m[Kerror: [m[Kno matching function for call to ‘[01m[Klog1DVector(std::vector<int>&)[m[K’
  116 |     [01;31m[Kutils::log1DVector(path)[m[K;
      |     [01;31m[K~~~~~~~~~~~~~~~~~~^~~~~~[m[K
In file included from [01m[K/home/emily/sa-mrbt_ws/src/simplified_marine_sim/src/robot.cpp:10[m[K:
[01m[K/home/emily/sa-mrbt_ws/src/simplified_marine_sim/include/utils.hpp:176:6:[m[K [01;36m[Knote: [m[Kcandidate: ‘[01m[Ktemplate<class T> void utils::log1DVector(const std::vector<_Tp>&, Robot&)[m[K’
  176 | void [01;36m[Klog1DVector[m[K(const std::vector<T>& vec, Robot& robot) {
      |      [01;36m[K^~~~~~~~~~~[m[K
[01m[K/home/emily/sa-mrbt_ws/src/simplified_marine_sim/include/utils.hpp:176:6:[m[K [01;36m[Knote: [m[K  template argument deduction/substitution failed:
[01m[K/home/emily/sa-mrbt_ws/src/simplified_marine_sim/src/robot.cpp:116:23:[m[K [01;36m[Knote: [m[K  candidate expects 2 arguments, 1 provided
  116 |     [01;36m[Kutils::log1DVector(path)[m[K;
      |     [01;36m[K~~~~~~~~~~~~~~~~~~^~~~~~[m[K
[01m[K/home/emily/sa-mrbt_ws/src/simplified_marine_sim/src/robot.cpp:119:23:[m[K [01;31m[Kerror: [m[Kno matching function for call to ‘[01m[Klog1DVector(std::vector<int>&)[m[K’
  119 |     [01;31m[Kutils::log1DVector(path)[m[K;
      |     [01;31m[K~~~~~~~~~~~~~~~~~~^~~~~~[m[K
In file included from [01m[K/home/emily/sa-mrbt_ws/src/simplified_marine_sim/src/robot.cpp:10[m[K:
[01m[K/home/emily/sa-mrbt_ws/src/simplified_marine_sim/include/utils.hpp:176:6:[m[K [01;36m[Knote: [m[Kcandidate: ‘[01m[Ktemplate<class T> void utils::log1DVector(const std::vector<_Tp>&, Robot&)[m[K’
  176 | void [01;36m[Klog1DVector[m[K(const std::vector<T>& vec, Robot& robot) {
      |      [01;36m[K^~~~~~~~~~~[m[K
[01m[K/home/emily/sa-mrbt_ws/src/simplified_marine_sim/include/utils.hpp:176:6:[m[K [01;36m[Knote: [m[K  template argument deduction/substitution failed:
[01m[K/home/emily/sa-mrbt_ws/src/simplified_marine_sim/src/robot.cpp:119:23:[m[K [01;36m[Knote: [m[K  candidate expects 2 arguments, 1 provided
  119 |     [01;36m[Kutils::log1DVector(path)[m[K;
      |     [01;36m[K~~~~~~~~~~~~~~~~~~^~~~~~[m[K
gmake[2]: *** [CMakeFiles/sim.dir/build.make:188: CMakeFiles/sim.dir/src/robot.cpp.o] Error 1
gmake[1]: *** [CMakeFiles/Makefile2:137: CMakeFiles/sim.dir/all] Error 2
gmake: *** [Makefile:146: all] Error 2
