[0.006s] Invoking command in '/home/emily/sa-mrbt_ws/build/simulator': CMAKE_PREFIX_PATH=/home/emily/sa-mrbt_ws/install/behaviortree_cpp:/home/emily/sa-mrbt_ws/install/simulator:/opt/ros/iron /usr/bin/cmake --build /home/emily/sa-mrbt_ws/build/simulator -- -j12 -l12
[0.049s] [  7%] [32mBuilding CXX object CMakeFiles/sim.dir/src/world.cpp.o[0m
[1.744s] [01m[K/home/emily/sa-mrbt_ws/src/simplified_marine_sim/src/world.cpp:[m[K In member function ‘[01m[Kdouble World::initFaultInjectionPercentage()[m[K’:
[1.744s] [01m[K/home/emily/sa-mrbt_ws/src/simplified_marine_sim/src/world.cpp:1318:60:[m[K [01;31m[Kerror: [m[Kno match for ‘[01m[Koperator/[m[K’ (operand types are ‘[01m[Knlohmann::json_abi_v3_11_3::basic_json<>::value_type[m[K’ {aka ‘[01m[Knlohmann::json_abi_v3_11_3::basic_json<>[m[K’} and ‘[01m[Kdouble[m[K’)
[1.744s]  1318 |         fault_percentage = world_attrs["fault_percentage"] / 100.0;
[1.744s] In file included from [01m[K/usr/include/opencv4/opencv2/core/cvstd.inl.hpp:47[m[K,
[1.744s]                  from [01m[K/usr/include/opencv4/opencv2/core.hpp:3306[m[K,
[1.744s]                  from [01m[K/usr/include/opencv4/opencv2/opencv.hpp:52[m[K,
[1.744s]                  from [01m[K/home/emily/sa-mrbt_ws/src/simplified_marine_sim/include/distance.hpp:4[m[K,
[1.745s]                  from [01m[K/home/emily/sa-mrbt_ws/src/simplified_marine_sim/src/world.cpp:2[m[K:
[1.745s] [01m[K/usr/include/c++/11/complex:422:5:[m[K [01;36m[Knote: [m[Kcandidate: ‘[01m[Ktemplate<class _Tp> std::complex<_Tp> std::operator/(const std::complex<_Tp>&, const std::complex<_Tp>&)[m[K’
[1.745s]   422 |     [01;36m[Koperator[m[K/(const complex<_Tp>& __x, const complex<_Tp>& __y)
[1.745s]       |     [01;36m[K^~~~~~~~[m[K
[1.745s] [01m[K/usr/include/c++/11/complex:422:5:[m[K [01;36m[Knote: [m[K  template argument deduction/substitution failed:
[1.745s] [01m[K/home/emily/sa-mrbt_ws/src/simplified_marine_sim/src/world.cpp:1318:62:[m[K [01;36m[Knote: [m[K  ‘[01m[Knlohmann::json_abi_v3_11_3::basic_json<>::value_type[m[K’ {aka ‘[01m[Knlohmann::json_abi_v3_11_3::basic_json<>[m[K’} is not derived from ‘[01m[Kconst std::complex<_Tp>[m[K’
[1.745s]  1318 |         fault_percentage = world_attrs["fault_percentage"] / [01;36m[K100.0[m[K;
[1.745s]       |                                                              [01;36m[K^~~~~[m[K
[1.745s] In file included from [01m[K/usr/include/opencv4/opencv2/core/cvstd.inl.hpp:47[m[K,
[1.745s]                  from [01m[K/usr/include/opencv4/opencv2/core.hpp:3306[m[K,
[1.745s]                  from [01m[K/usr/include/opencv4/opencv2/opencv.hpp:52[m[K,
[1.745s]                  from [01m[K/home/emily/sa-mrbt_ws/src/simplified_marine_sim/include/distance.hpp:4[m[K,
[1.745s]                  from [01m[K/home/emily/sa-mrbt_ws/src/simplified_marine_sim/src/world.cpp:2[m[K:
[1.745s] [01m[K/usr/include/c++/11/complex:431:5:[m[K [01;36m[Knote: [m[Kcandidate: ‘[01m[Ktemplate<class _Tp> std::complex<_Tp> std::operator/(const std::complex<_Tp>&, const _Tp&)[m[K’
[1.745s]   431 |     [01;36m[Koperator[m[K/(const complex<_Tp>& __x, const _Tp& __y)
[1.745s]       |     [01;36m[K^~~~~~~~[m[K
[1.745s] [01m[K/usr/include/c++/11/complex:431:5:[m[K [01;36m[Knote: [m[K  template argument deduction/substitution failed:
[1.745s] [01m[K/home/emily/sa-mrbt_ws/src/simplified_marine_sim/src/world.cpp:1318:62:[m[K [01;36m[Knote: [m[K  ‘[01m[Knlohmann::json_abi_v3_11_3::basic_json<>::value_type[m[K’ {aka ‘[01m[Knlohmann::json_abi_v3_11_3::basic_json<>[m[K’} is not derived from ‘[01m[Kconst std::complex<_Tp>[m[K’
[1.745s]  1318 |         fault_percentage = world_attrs["fault_percentage"] / [01;36m[K100.0[m[K;
[1.745s]       |                                                              [01;36m[K^~~~~[m[K
[1.745s] In file included from [01m[K/usr/include/opencv4/opencv2/core/cvstd.inl.hpp:47[m[K,
[1.745s]                  from [01m[K/usr/include/opencv4/opencv2/core.hpp:3306[m[K,
[1.746s]                  from [01m[K/usr/include/opencv4/opencv2/opencv.hpp:52[m[K,
[1.746s]                  from [01m[K/home/emily/sa-mrbt_ws/src/simplified_marine_sim/include/distance.hpp:4[m[K,
[1.746s]                  from [01m[K/home/emily/sa-mrbt_ws/src/simplified_marine_sim/src/world.cpp:2[m[K:
[1.746s] [01m[K/usr/include/c++/11/complex:440:5:[m[K [01;36m[Knote: [m[Kcandidate: ‘[01m[Ktemplate<class _Tp> std::complex<_Tp> std::operator/(const _Tp&, const std::complex<_Tp>&)[m[K’
[1.746s]   440 |     [01;36m[Koperator[m[K/(const _Tp& __x, const complex<_Tp>& __y)
[1.746s]       |     [01;36m[K^~~~~~~~[m[K
[1.746s] [01m[K/usr/include/c++/11/complex:440:5:[m[K [01;36m[Knote: [m[K  template argument deduction/substitution failed:
[1.746s] [01m[K/home/emily/sa-mrbt_ws/src/simplified_marine_sim/src/world.cpp:1318:62:[m[K [01;36m[Knote: [m[K  mismatched types ‘[01m[Kconst std::complex<_Tp>[m[K’ and ‘[01m[Kdouble[m[K’
[1.746s]  1318 |         fault_percentage = world_attrs["fault_percentage"] / [01;36m[K100.0[m[K;
[1.746s]       |                                                              [01;36m[K^~~~~[m[K
[1.746s] In file included from [01m[K/usr/include/c++/11/valarray:603[m[K,
[1.746s]                  from [01m[K/home/emily/sa-mrbt_ws/install/behaviortree_cpp/include/behaviortree_cpp/contrib/json.hpp:170[m[K,
[1.746s]                  from [01m[K/home/emily/sa-mrbt_ws/install/behaviortree_cpp/include/behaviortree_cpp/blackboard.h:9[m[K,
[1.746s]                  from [01m[K/home/emily/sa-mrbt_ws/install/behaviortree_cpp/include/behaviortree_cpp/tree_node.h:22[m[K,
[1.746s]                  from [01m[K/home/emily/sa-mrbt_ws/install/behaviortree_cpp/include/behaviortree_cpp/leaf_node.h:17[m[K,
[1.746s]                  from [01m[K/home/emily/sa-mrbt_ws/install/behaviortree_cpp/include/behaviortree_cpp/action_node.h:22[m[K,
[1.746s]                  from [01m[K/home/emily/sa-mrbt_ws/install/behaviortree_cpp/include/behaviortree_cpp/actions/pop_from_queue.hpp:17[m[K,
[1.746s]                  from [01m[K/home/emily/sa-mrbt_ws/src/simplified_marine_sim/include/planners.hpp:8[m[K,
[1.746s]                  from [01m[K/home/emily/sa-mrbt_ws/src/simplified_marine_sim/include/robot.hpp:7[m[K,
[1.746s]                  from [01m[K/home/emily/sa-mrbt_ws/src/simplified_marine_sim/include/world.hpp:8[m[K,
[1.746s]                  from [01m[K/home/emily/sa-mrbt_ws/src/simplified_marine_sim/src/world.cpp:4[m[K:
[1.746s] [01m[K/usr/include/c++/11/bits/valarray_after.h:408:5:[m[K [01;36m[Knote: [m[Kcandidate: ‘[01m[Ktemplate<class _Dom1, class _Dom2> std::_Expr<std::__detail::_BinClos<std::__divides, std::_Expr, std::_Expr, _Dom1, _Dom2>, typename std::__fun<std::__divides, typename _Dom1::value_type>::result_type> std::operator/(const std::_Expr<_Dom1, typename _Dom1::value_type>&, const std::_Expr<_Dom2, typename _Dom2::value_type>&)[m[K’
[1.747s]   408 |     [01;36m[K_DEFINE_EXPR_BINARY_OPERATOR[m[K(/, struct std::__divides)
[1.747s]       |     [01;36m[K^~~~~~~~~~~~~~~~~~~~~~~~~~~~[m[K
[1.747s] [01m[K/usr/include/c++/11/bits/valarray_after.h:408:5:[m[K [01;36m[Knote: [m[K  template argument deduction/substitution failed:
[1.747s] [01m[K/home/emily/sa-mrbt_ws/src/simplified_marine_sim/src/world.cpp:1318:62:[m[K [01;36m[Knote: [m[K  ‘[01m[Knlohmann::json_abi_v3_11_3::basic_json<>::value_type[m[K’ {aka ‘[01m[Knlohmann::json_abi_v3_11_3::basic_json<>[m[K’} is not derived from ‘[01m[Kconst std::_Expr<_Dom1, typename _Dom1::value_type>[m[K’
[1.747s]  1318 |         fault_percentage = world_attrs["fault_percentage"] / [01;36m[K100.0[m[K;
[1.747s]       |                                                              [01;36m[K^~~~~[m[K
[1.747s] In file included from [01m[K/usr/include/c++/11/valarray:603[m[K,
[1.747s]                  from [01m[K/home/emily/sa-mrbt_ws/install/behaviortree_cpp/include/behaviortree_cpp/contrib/json.hpp:170[m[K,
[1.747s]                  from [01m[K/home/emily/sa-mrbt_ws/install/behaviortree_cpp/include/behaviortree_cpp/blackboard.h:9[m[K,
[1.747s]                  from [01m[K/home/emily/sa-mrbt_ws/install/behaviortree_cpp/include/behaviortree_cpp/tree_node.h:22[m[K,
[1.747s]                  from [01m[K/home/emily/sa-mrbt_ws/install/behaviortree_cpp/include/behaviortree_cpp/leaf_node.h:17[m[K,
[1.747s]                  from [01m[K/home/emily/sa-mrbt_ws/install/behaviortree_cpp/include/behaviortree_cpp/action_node.h:22[m[K,
[1.747s]                  from [01m[K/home/emily/sa-mrbt_ws/install/behaviortree_cpp/include/behaviortree_cpp/actions/pop_from_queue.hpp:17[m[K,
[1.747s]                  from [01m[K/home/emily/sa-mrbt_ws/src/simplified_marine_sim/include/planners.hpp:8[m[K,
[1.747s]                  from [01m[K/home/emily/sa-mrbt_ws/src/simplified_marine_sim/include/robot.hpp:7[m[K,
[1.747s]                  from [01m[K/home/emily/sa-mrbt_ws/src/simplified_marine_sim/include/world.hpp:8[m[K,
[1.747s]                  from [01m[K/home/emily/sa-mrbt_ws/src/simplified_marine_sim/src/world.cpp:4[m[K:
[1.747s] [01m[K/usr/include/c++/11/bits/valarray_after.h:408:5:[m[K [01;36m[Knote: [m[Kcandidate: ‘[01m[Ktemplate<class _Dom> std::_Expr<std::__detail::_BinClos<std::__divides, std::_Expr, std::_Constant, _Dom, typename _Dom::value_type>, typename std::__fun<std::__divides, typename _Dom1::value_type>::result_type> std::operator/(const std::_Expr<_Dom1, typename _Dom1::value_type>&, const typename _Dom::value_type&)[m[K’
[1.747s]   408 |     [01;36m[K_DEFINE_EXPR_BINARY_OPERATOR[m[K(/, struct std::__divides)
[1.747s]       |     [01;36m[K^~~~~~~~~~~~~~~~~~~~~~~~~~~~[m[K
[1.747s] [01m[K/usr/include/c++/11/bits/valarray_after.h:408:5:[m[K [01;36m[Knote: [m[K  template argument deduction/substitution failed:
[1.747s] [01m[K/home/emily/sa-mrbt_ws/src/simplified_marine_sim/src/world.cpp:1318:62:[m[K [01;36m[Knote: [m[K  ‘[01m[Knlohmann::json_abi_v3_11_3::basic_json<>::value_type[m[K’ {aka ‘[01m[Knlohmann::json_abi_v3_11_3::basic_json<>[m[K’} is not derived from ‘[01m[Kconst std::_Expr<_Dom1, typename _Dom1::value_type>[m[K’
[1.748s]  1318 |         fault_percentage = world_attrs["fault_percentage"] / [01;36m[K100.0[m[K;
[1.748s]       |                                                              [01;36m[K^~~~~[m[K
[1.748s] In file included from [01m[K/usr/include/c++/11/valarray:603[m[K,
[1.748s]                  from [01m[K/home/emily/sa-mrbt_ws/install/behaviortree_cpp/include/behaviortree_cpp/contrib/json.hpp:170[m[K,
[1.748s]                  from [01m[K/home/emily/sa-mrbt_ws/install/behaviortree_cpp/include/behaviortree_cpp/blackboard.h:9[m[K,
[1.748s]                  from [01m[K/home/emily/sa-mrbt_ws/install/behaviortree_cpp/include/behaviortree_cpp/tree_node.h:22[m[K,
[1.748s]                  from [01m[K/home/emily/sa-mrbt_ws/install/behaviortree_cpp/include/behaviortree_cpp/leaf_node.h:17[m[K,
[1.748s]                  from [01m[K/home/emily/sa-mrbt_ws/install/behaviortree_cpp/include/behaviortree_cpp/action_node.h:22[m[K,
[1.748s]                  from [01m[K/home/emily/sa-mrbt_ws/install/behaviortree_cpp/include/behaviortree_cpp/actions/pop_from_queue.hpp:17[m[K,
[1.748s]                  from [01m[K/home/emily/sa-mrbt_ws/src/simplified_marine_sim/include/planners.hpp:8[m[K,
[1.748s]                  from [01m[K/home/emily/sa-mrbt_ws/src/simplified_marine_sim/include/robot.hpp:7[m[K,
[1.748s]                  from [01m[K/home/emily/sa-mrbt_ws/src/simplified_marine_sim/include/world.hpp:8[m[K,
[1.748s]                  from [01m[K/home/emily/sa-mrbt_ws/src/simplified_marine_sim/src/world.cpp:4[m[K:
[1.748s] [01m[K/usr/include/c++/11/bits/valarray_after.h:408:5:[m[K [01;36m[Knote: [m[Kcandidate: ‘[01m[Ktemplate<class _Dom> std::_Expr<std::__detail::_BinClos<std::__divides, std::_Constant, std::_Expr, typename _Dom::value_type, _Dom>, typename std::__fun<std::__divides, typename _Dom1::value_type>::result_type> std::operator/(const typename _Dom::value_type&, const std::_Expr<_Dom1, typename _Dom1::value_type>&)[m[K’
[1.748s]   408 |     [01;36m[K_DEFINE_EXPR_BINARY_OPERATOR[m[K(/, struct std::__divides)
[1.748s]       |     [01;36m[K^~~~~~~~~~~~~~~~~~~~~~~~~~~~[m[K
[1.748s] [01m[K/usr/include/c++/11/bits/valarray_after.h:408:5:[m[K [01;36m[Knote: [m[K  template argument deduction/substitution failed:
[1.748s] [01m[K/home/emily/sa-mrbt_ws/src/simplified_marine_sim/src/world.cpp:1318:62:[m[K [01;36m[Knote: [m[K  mismatched types ‘[01m[Kconst std::_Expr<_Dom1, typename _Dom1::value_type>[m[K’ and ‘[01m[Kdouble[m[K’
[1.748s]  1318 |         fault_percentage = world_attrs["fault_percentage"] / [01;36m[K100.0[m[K;
[1.748s]       |                                                              [01;36m[K^~~~~[m[K
[1.748s] In file included from [01m[K/usr/include/c++/11/valarray:603[m[K,
[1.748s]                  from [01m[K/home/emily/sa-mrbt_ws/install/behaviortree_cpp/include/behaviortree_cpp/contrib/json.hpp:170[m[K,
[1.748s]                  from [01m[K/home/emily/sa-mrbt_ws/install/behaviortree_cpp/include/behaviortree_cpp/blackboard.h:9[m[K,
[1.749s]                  from [01m[K/home/emily/sa-mrbt_ws/install/behaviortree_cpp/include/behaviortree_cpp/tree_node.h:22[m[K,
[1.749s]                  from [01m[K/home/emily/sa-mrbt_ws/install/behaviortree_cpp/include/behaviortree_cpp/leaf_node.h:17[m[K,
[1.749s]                  from [01m[K/home/emily/sa-mrbt_ws/install/behaviortree_cpp/include/behaviortree_cpp/action_node.h:22[m[K,
[1.749s]                  from [01m[K/home/emily/sa-mrbt_ws/install/behaviortree_cpp/include/behaviortree_cpp/actions/pop_from_queue.hpp:17[m[K,
[1.749s]                  from [01m[K/home/emily/sa-mrbt_ws/src/simplified_marine_sim/include/planners.hpp:8[m[K,
[1.749s]                  from [01m[K/home/emily/sa-mrbt_ws/src/simplified_marine_sim/include/robot.hpp:7[m[K,
[1.749s]                  from [01m[K/home/emily/sa-mrbt_ws/src/simplified_marine_sim/include/world.hpp:8[m[K,
[1.749s]                  from [01m[K/home/emily/sa-mrbt_ws/src/simplified_marine_sim/src/world.cpp:4[m[K:
[1.749s] [01m[K/usr/include/c++/11/bits/valarray_after.h:408:5:[m[K [01;36m[Knote: [m[Kcandidate: ‘[01m[Ktemplate<class _Dom> std::_Expr<std::__detail::_BinClos<std::__divides, std::_Expr, std::_ValArray, _Dom, typename _Dom::value_type>, typename std::__fun<std::__divides, typename _Dom1::value_type>::result_type> std::operator/(const std::_Expr<_Dom1, typename _Dom1::value_type>&, const std::valarray<typename _Dom::value_type>&)[m[K’
[1.749s]   408 |     [01;36m[K_DEFINE_EXPR_BINARY_OPERATOR[m[K(/, struct std::__divides)
[1.749s]       |     [01;36m[K^~~~~~~~~~~~~~~~~~~~~~~~~~~~[m[K
[1.749s] [01m[K/usr/include/c++/11/bits/valarray_after.h:408:5:[m[K [01;36m[Knote: [m[K  template argument deduction/substitution failed:
[1.749s] [01m[K/home/emily/sa-mrbt_ws/src/simplified_marine_sim/src/world.cpp:1318:62:[m[K [01;36m[Knote: [m[K  ‘[01m[Knlohmann::json_abi_v3_11_3::basic_json<>::value_type[m[K’ {aka ‘[01m[Knlohmann::json_abi_v3_11_3::basic_json<>[m[K’} is not derived from ‘[01m[Kconst std::_Expr<_Dom1, typename _Dom1::value_type>[m[K’
[1.749s]  1318 |         fault_percentage = world_attrs["fault_percentage"] / [01;36m[K100.0[m[K;
[1.749s]       |                                                              [01;36m[K^~~~~[m[K
[1.749s] In file included from [01m[K/usr/include/c++/11/valarray:603[m[K,
[1.749s]                  from [01m[K/home/emily/sa-mrbt_ws/install/behaviortree_cpp/include/behaviortree_cpp/contrib/json.hpp:170[m[K,
[1.749s]                  from [01m[K/home/emily/sa-mrbt_ws/install/behaviortree_cpp/include/behaviortree_cpp/blackboard.h:9[m[K,
[1.749s]                  from [01m[K/home/emily/sa-mrbt_ws/install/behaviortree_cpp/include/behaviortree_cpp/tree_node.h:22[m[K,
[1.749s]                  from [01m[K/home/emily/sa-mrbt_ws/install/behaviortree_cpp/include/behaviortree_cpp/leaf_node.h:17[m[K,
[1.749s]                  from [01m[K/home/emily/sa-mrbt_ws/install/behaviortree_cpp/include/behaviortree_cpp/action_node.h:22[m[K,
[1.749s]                  from [01m[K/home/emily/sa-mrbt_ws/install/behaviortree_cpp/include/behaviortree_cpp/actions/pop_from_queue.hpp:17[m[K,
[1.750s]                  from [01m[K/home/emily/sa-mrbt_ws/src/simplified_marine_sim/include/planners.hpp:8[m[K,
[1.750s]                  from [01m[K/home/emily/sa-mrbt_ws/src/simplified_marine_sim/include/robot.hpp:7[m[K,
[1.750s]                  from [01m[K/home/emily/sa-mrbt_ws/src/simplified_marine_sim/include/world.hpp:8[m[K,
[1.750s]                  from [01m[K/home/emily/sa-mrbt_ws/src/simplified_marine_sim/src/world.cpp:4[m[K:
[1.750s] [01m[K/usr/include/c++/11/bits/valarray_after.h:408:5:[m[K [01;36m[Knote: [m[Kcandidate: ‘[01m[Ktemplate<class _Dom> std::_Expr<std::__detail::_BinClos<std::__divides, std::_ValArray, std::_Expr, typename _Dom::value_type, _Dom>, typename std::__fun<std::__divides, typename _Dom1::value_type>::result_type> std::operator/(const std::valarray<typename _Dom::value_type>&, const std::_Expr<_Dom1, typename _Dom1::value_type>&)[m[K’
[1.750s]   408 |     [01;36m[K_DEFINE_EXPR_BINARY_OPERATOR[m[K(/, struct std::__divides)
[1.750s]       |     [01;36m[K^~~~~~~~~~~~~~~~~~~~~~~~~~~~[m[K
[1.750s] [01m[K/usr/include/c++/11/bits/valarray_after.h:408:5:[m[K [01;36m[Knote: [m[K  template argument deduction/substitution failed:
[1.750s] [01m[K/home/emily/sa-mrbt_ws/src/simplified_marine_sim/src/world.cpp:1318:62:[m[K [01;36m[Knote: [m[K  mismatched types ‘[01m[Kconst std::_Expr<_Dom1, typename _Dom1::value_type>[m[K’ and ‘[01m[Kdouble[m[K’
[1.750s]  1318 |         fault_percentage = world_attrs["fault_percentage"] / [01;36m[K100.0[m[K;
[1.750s]       |                                                              [01;36m[K^~~~~[m[K
[1.750s] In file included from [01m[K/home/emily/sa-mrbt_ws/install/behaviortree_cpp/include/behaviortree_cpp/contrib/json.hpp:170[m[K,
[1.750s]                  from [01m[K/home/emily/sa-mrbt_ws/install/behaviortree_cpp/include/behaviortree_cpp/blackboard.h:9[m[K,
[1.750s]                  from [01m[K/home/emily/sa-mrbt_ws/install/behaviortree_cpp/include/behaviortree_cpp/tree_node.h:22[m[K,
[1.750s]                  from [01m[K/home/emily/sa-mrbt_ws/install/behaviortree_cpp/include/behaviortree_cpp/leaf_node.h:17[m[K,
[1.750s]                  from [01m[K/home/emily/sa-mrbt_ws/install/behaviortree_cpp/include/behaviortree_cpp/action_node.h:22[m[K,
[1.750s]                  from [01m[K/home/emily/sa-mrbt_ws/install/behaviortree_cpp/include/behaviortree_cpp/actions/pop_from_queue.hpp:17[m[K,
[1.750s]                  from [01m[K/home/emily/sa-mrbt_ws/src/simplified_marine_sim/include/planners.hpp:8[m[K,
[1.750s]                  from [01m[K/home/emily/sa-mrbt_ws/src/simplified_marine_sim/include/robot.hpp:7[m[K,
[1.750s]                  from [01m[K/home/emily/sa-mrbt_ws/src/simplified_marine_sim/include/world.hpp:8[m[K,
[1.750s]                  from [01m[K/home/emily/sa-mrbt_ws/src/simplified_marine_sim/src/world.cpp:4[m[K:
[1.750s] [01m[K/usr/include/c++/11/valarray:1189:1:[m[K [01;36m[Knote: [m[Kcandidate: ‘[01m[Ktemplate<class _Tp> std::_Expr<std::__detail::_BinClos<std::__divides, std::_ValArray, std::_ValArray, _Tp, _Tp>, typename std::__fun<std::__divides, _Tp>::result_type> std::operator/(const std::valarray<_Tp>&, const std::valarray<_Tp>&)[m[K’
[1.750s]  1189 | [01;36m[K_DEFINE_BINARY_OPERATOR[m[K(/, __divides)
[1.751s]       | [01;36m[K^~~~~~~~~~~~~~~~~~~~~~~[m[K
[1.751s] [01m[K/usr/include/c++/11/valarray:1189:1:[m[K [01;36m[Knote: [m[K  template argument deduction/substitution failed:
[1.751s] [01m[K/home/emily/sa-mrbt_ws/src/simplified_marine_sim/src/world.cpp:1318:62:[m[K [01;36m[Knote: [m[K  ‘[01m[Knlohmann::json_abi_v3_11_3::basic_json<>::value_type[m[K’ {aka ‘[01m[Knlohmann::json_abi_v3_11_3::basic_json<>[m[K’} is not derived from ‘[01m[Kconst std::valarray<_Tp>[m[K’
[1.751s]  1318 |         fault_percentage = world_attrs["fault_percentage"] / [01;36m[K100.0[m[K;
[1.751s]       |                                                              [01;36m[K^~~~~[m[K
[1.751s] In file included from [01m[K/home/emily/sa-mrbt_ws/install/behaviortree_cpp/include/behaviortree_cpp/contrib/json.hpp:170[m[K,
[1.751s]                  from [01m[K/home/emily/sa-mrbt_ws/install/behaviortree_cpp/include/behaviortree_cpp/blackboard.h:9[m[K,
[1.751s]                  from [01m[K/home/emily/sa-mrbt_ws/install/behaviortree_cpp/include/behaviortree_cpp/tree_node.h:22[m[K,
[1.751s]                  from [01m[K/home/emily/sa-mrbt_ws/install/behaviortree_cpp/include/behaviortree_cpp/leaf_node.h:17[m[K,
[1.751s]                  from [01m[K/home/emily/sa-mrbt_ws/install/behaviortree_cpp/include/behaviortree_cpp/action_node.h:22[m[K,
[1.751s]                  from [01m[K/home/emily/sa-mrbt_ws/install/behaviortree_cpp/include/behaviortree_cpp/actions/pop_from_queue.hpp:17[m[K,
[1.751s]                  from [01m[K/home/emily/sa-mrbt_ws/src/simplified_marine_sim/include/planners.hpp:8[m[K,
[1.751s]                  from [01m[K/home/emily/sa-mrbt_ws/src/simplified_marine_sim/include/robot.hpp:7[m[K,
[1.751s]                  from [01m[K/home/emily/sa-mrbt_ws/src/simplified_marine_sim/include/world.hpp:8[m[K,
[1.751s]                  from [01m[K/home/emily/sa-mrbt_ws/src/simplified_marine_sim/src/world.cpp:4[m[K:
[1.751s] [01m[K/usr/include/c++/11/valarray:1189:1:[m[K [01;36m[Knote: [m[Kcandidate: ‘[01m[Ktemplate<class _Tp> std::_Expr<std::__detail::_BinClos<std::__divides, std::_ValArray, std::_Constant, _Tp, _Tp>, typename std::__fun<std::__divides, _Tp>::result_type> std::operator/(const std::valarray<_Tp>&, const typename std::valarray<_Tp>::value_type&)[m[K’
[1.751s]  1189 | [01;36m[K_DEFINE_BINARY_OPERATOR[m[K(/, __divides)
[1.751s]       | [01;36m[K^~~~~~~~~~~~~~~~~~~~~~~[m[K
[1.751s] [01m[K/usr/include/c++/11/valarray:1189:1:[m[K [01;36m[Knote: [m[K  template argument deduction/substitution failed:
[1.751s] [01m[K/home/emily/sa-mrbt_ws/src/simplified_marine_sim/src/world.cpp:1318:62:[m[K [01;36m[Knote: [m[K  ‘[01m[Knlohmann::json_abi_v3_11_3::basic_json<>::value_type[m[K’ {aka ‘[01m[Knlohmann::json_abi_v3_11_3::basic_json<>[m[K’} is not derived from ‘[01m[Kconst std::valarray<_Tp>[m[K’
[1.751s]  1318 |         fault_percentage = world_attrs["fault_percentage"] / [01;36m[K100.0[m[K;
[1.751s]       |                                                              [01;36m[K^~~~~[m[K
[1.752s] In file included from [01m[K/home/emily/sa-mrbt_ws/install/behaviortree_cpp/include/behaviortree_cpp/contrib/json.hpp:170[m[K,
[1.752s]                  from [01m[K/home/emily/sa-mrbt_ws/install/behaviortree_cpp/include/behaviortree_cpp/blackboard.h:9[m[K,
[1.752s]                  from [01m[K/home/emily/sa-mrbt_ws/install/behaviortree_cpp/include/behaviortree_cpp/tree_node.h:22[m[K,
[1.752s]                  from [01m[K/home/emily/sa-mrbt_ws/install/behaviortree_cpp/include/behaviortree_cpp/leaf_node.h:17[m[K,
[1.752s]                  from [01m[K/home/emily/sa-mrbt_ws/install/behaviortree_cpp/include/behaviortree_cpp/action_node.h:22[m[K,
[1.752s]                  from [01m[K/home/emily/sa-mrbt_ws/install/behaviortree_cpp/include/behaviortree_cpp/actions/pop_from_queue.hpp:17[m[K,
[1.752s]                  from [01m[K/home/emily/sa-mrbt_ws/src/simplified_marine_sim/include/planners.hpp:8[m[K,
[1.752s]                  from [01m[K/home/emily/sa-mrbt_ws/src/simplified_marine_sim/include/robot.hpp:7[m[K,
[1.752s]                  from [01m[K/home/emily/sa-mrbt_ws/src/simplified_marine_sim/include/world.hpp:8[m[K,
[1.752s]                  from [01m[K/home/emily/sa-mrbt_ws/src/simplified_marine_sim/src/world.cpp:4[m[K:
[1.752s] [01m[K/usr/include/c++/11/valarray:1189:1:[m[K [01;36m[Knote: [m[Kcandidate: ‘[01m[Ktemplate<class _Tp> std::_Expr<std::__detail::_BinClos<std::__divides, std::_Constant, std::_ValArray, _Tp, _Tp>, typename std::__fun<std::__divides, _Tp>::result_type> std::operator/(const typename std::valarray<_Tp>::value_type&, const std::valarray<_Tp>&)[m[K’
[1.752s]  1189 | [01;36m[K_DEFINE_BINARY_OPERATOR[m[K(/, __divides)
[1.752s]       | [01;36m[K^~~~~~~~~~~~~~~~~~~~~~~[m[K
[1.752s] [01m[K/usr/include/c++/11/valarray:1189:1:[m[K [01;36m[Knote: [m[K  template argument deduction/substitution failed:
[1.752s] [01m[K/home/emily/sa-mrbt_ws/src/simplified_marine_sim/src/world.cpp:1318:62:[m[K [01;36m[Knote: [m[K  mismatched types ‘[01m[Kconst std::valarray<_Tp>[m[K’ and ‘[01m[Kdouble[m[K’
[1.752s]  1318 |         fault_percentage = world_attrs["fault_percentage"] / [01;36m[K100.0[m[K;
[1.752s]       |                                                              [01;36m[K^~~~~[m[K
[2.934s] gmake[2]: *** [CMakeFiles/sim.dir/build.make:160: CMakeFiles/sim.dir/src/world.cpp.o] Error 1
[2.935s] gmake[1]: *** [CMakeFiles/Makefile2:137: CMakeFiles/sim.dir/all] Error 2
[2.935s] gmake: *** [Makefile:146: all] Error 2
[2.937s] Invoked command in '/home/emily/sa-mrbt_ws/build/simulator' returned '2': CMAKE_PREFIX_PATH=/home/emily/sa-mrbt_ws/install/behaviortree_cpp:/home/emily/sa-mrbt_ws/install/simulator:/opt/ros/iron /usr/bin/cmake --build /home/emily/sa-mrbt_ws/build/simulator -- -j12 -l12
