[35m[1mConsolidate compiler generated dependencies of target sim[0m
[  7%] [32mBuilding CXX object CMakeFiles/sim.dir/src/CBGA.cpp.o[0m
[ 23%] [32mBuilding CXX object CMakeFiles/sim.dir/src/message.cpp.o[0m
[ 23%] [32mBuilding CXX object CMakeFiles/sim.dir/src/CBBA.cpp.o[0m
[ 30%] [32mBuilding CXX object CMakeFiles/sim.dir/src/sim.cpp.o[0m
[ 38%] [32mBuilding CXX object CMakeFiles/sim.dir/src/world.cpp.o[0m
[ 46%] [32mBuilding CXX object CMakeFiles/sim.dir/src/planners.cpp.o[0m
[ 53%] [32mBuilding CXX object CMakeFiles/sim.dir/src/behavior_tree.cpp.o[0m
[ 61%] [32mBuilding CXX object CMakeFiles/sim.dir/src/robot.cpp.o[0m
[ 69%] [32mBuilding CXX object CMakeFiles/sim.dir/src/parser.cpp.o[0m
[ 76%] [32mBuilding CXX object CMakeFiles/sim.dir/src/greedy.cpp.o[0m
[01m[K/home/emily/sa-mrbt_ws/src/simplified_marine_sim/src/sim.cpp:[m[K In function ‘[01m[Kint main(int, char**)[m[K’:
[01m[K/home/emily/sa-mrbt_ws/src/simplified_marine_sim/src/sim.cpp:657:89:[m[K [01;31m[Kerror: [m[Kconversion from ‘[01m[Kunordered_map<[...],[01;32m[Kstd::unordered_map<std::__cxx11::basic_string<char>, bool>[m[K>[m[K’ to non-scalar type ‘[01m[Kunordered_map<[...],[01;32m[Kstd::vector<int>[m[K>[m[K’ requested
  657 |         std::unordered_map<std::string,std::vector<int>> test = [01;31m[Kworld.getAllCapabilities()[m[K;
      |                                                                 [01;31m[K~~~~~~~~~~~~~~~~~~~~~~~~^~[m[K
[01m[K/home/emily/sa-mrbt_ws/src/simplified_marine_sim/src/world.cpp:[m[K In member function ‘[01m[Kstd::vector<int> World::getRobotSubtaskCapabilities(Robot*)[m[K’:
[01m[K/home/emily/sa-mrbt_ws/src/simplified_marine_sim/src/world.cpp:559:84:[m[K [01;31m[Kerror: [m[Kconversion from ‘[01m[Kstd::unordered_map<std::__cxx11::basic_string<char>, std::unordered_map<std::__cxx11::basic_string<char>, bool> >::mapped_type[m[K’ {aka ‘[01m[Kstd::unordered_map<std::__cxx11::basic_string<char>, bool>[m[K’} to non-scalar type ‘[01m[Kstd::vector<int>[m[K’ requested
  559 |     std::vector<int> robot_capabilities_by_type = all_agent_capabilities[agent_type[01;31m[K][m[K;
      |                                                                                    [01;31m[K^[m[K
[01m[K/home/emily/sa-mrbt_ws/src/simplified_marine_sim/src/world.cpp:[m[K In member function ‘[01m[Kstd::vector<int> World::getRobotCapabilities(Robot*)[m[K’:
[01m[K/home/emily/sa-mrbt_ws/src/simplified_marine_sim/src/world.cpp:612:27:[m[K [01;31m[Kerror: [m[Kno matching function for call to ‘[01m[KlogMapOfVectors(std::unordered_map<std::__cxx11::basic_string<char>, std::unordered_map<std::__cxx11::basic_string<char>, bool> >&, Robot&)[m[K’
  612 |     [01;31m[Kutils::logMapOfVectors(all_agent_capabilities, *robot)[m[K;
      |     [01;31m[K~~~~~~~~~~~~~~~~~~~~~~^~~~~~~~~~~~~~~~~~~~~~~~~~~~~~~~[m[K
In file included from [01m[K/home/emily/sa-mrbt_ws/src/simplified_marine_sim/src/world.cpp:8[m[K:
[01m[K/home/emily/sa-mrbt_ws/src/simplified_marine_sim/include/utils.hpp:47:6:[m[K [01;36m[Knote: [m[Kcandidate: ‘[01m[Ktemplate<class T> void utils::logMapOfVectors(const std::unordered_map<std::__cxx11::basic_string<char>, std::vector<_Tp> >&, Robot&)[m[K’
   47 | void [01;36m[KlogMapOfVectors[m[K(const std::unordered_map<std::string, std::vector<T>>& map_data, Robot& robot) {
      |      [01;36m[K^~~~~~~~~~~~~~~[m[K
[01m[K/home/emily/sa-mrbt_ws/src/simplified_marine_sim/include/utils.hpp:47:6:[m[K [01;36m[Knote: [m[K  template argument deduction/substitution failed:
[01m[K/home/emily/sa-mrbt_ws/src/simplified_marine_sim/src/world.cpp:612:27:[m[K [01;36m[Knote: [m[K  mismatched types ‘[01m[Kstd::vector<_Tp>[m[K’ and ‘[01m[Kstd::unordered_map<std::__cxx11::basic_string<char>, bool>[m[K’
  612 |     [01;36m[Kutils::logMapOfVectors(all_agent_capabilities, *robot)[m[K;
      |     [01;36m[K~~~~~~~~~~~~~~~~~~~~~~^~~~~~~~~~~~~~~~~~~~~~~~~~~~~~~~[m[K
[01m[K/home/emily/sa-mrbt_ws/src/simplified_marine_sim/src/world.cpp:613:84:[m[K [01;31m[Kerror: [m[Kconversion from ‘[01m[Kstd::unordered_map<std::__cxx11::basic_string<char>, std::unordered_map<std::__cxx11::basic_string<char>, bool> >::mapped_type[m[K’ {aka ‘[01m[Kstd::unordered_map<std::__cxx11::basic_string<char>, bool>[m[K’} to non-scalar type ‘[01m[Kstd::vector<int>[m[K’ requested
  613 |     std::vector<int> robot_capabilities_by_type = all_agent_capabilities[agent_type[01;31m[K][m[K;
      |                                                                                    [01;31m[K^[m[K
[01m[K/home/emily/sa-mrbt_ws/src/simplified_marine_sim/src/parser.cpp:[m[K In member function ‘[01m[Kstd::unordered_map<std::__cxx11::basic_string<char>, std::unordered_map<std::__cxx11::basic_string<char>, bool> > JSONParser::getAgentCapabilities(std::vector<std::__cxx11::basic_string<char> >, std::vector<std::__cxx11::basic_string<char> >)[m[K’:
[01m[K/home/emily/sa-mrbt_ws/src/simplified_marine_sim/src/parser.cpp:188:75:[m[K [01;31m[Kerror: [m[Kconflicting declaration ‘[01m[Kstd::unordered_map<std::__cxx11::basic_string<char>, std::unordered_map<std::__cxx11::basic_string<char>, bool> > capabilities[m[K’
  188 |     std::unordered_map<std::string, std::unordered_map<std::string,bool>> [01;31m[Kcapabilities[m[K;
      |                                                                           [01;31m[K^~~~~~~~~~~~[m[K
[01m[K/home/emily/sa-mrbt_ws/src/simplified_marine_sim/src/parser.cpp:187:55:[m[K [01;36m[Knote: [m[Kprevious declaration as ‘[01m[Kstd::unordered_map<std::__cxx11::basic_string<char>, std::vector<int> > capabilities[m[K’
  187 |     std::unordered_map<std::string, std::vector<int>> [01;36m[Kcapabilities[m[K;
      |                                                       [01;36m[K^~~~~~~~~~~~[m[K
[01m[K/home/emily/sa-mrbt_ws/src/simplified_marine_sim/src/parser.cpp:197:36:[m[K [01;31m[Kerror: [m[Kno match for ‘[01m[Koperator=[m[K’ (operand types are ‘[01m[Kstd::unordered_map<std::__cxx11::basic_string<char>, std::vector<int> >::mapped_type[m[K’ {aka ‘[01m[Kstd::vector<int>[m[K’} and ‘[01m[Kstd::unordered_map<std::__cxx11::basic_string<char>, bool>[m[K’)
  197 |         capabilities[agent_type] = [01;31m[Krow[m[K; // Add capabilities map
      |                                    [01;31m[K^~~[m[K
In file included from [01m[K/usr/include/c++/11/vector:72[m[K,
                 from [01m[K/usr/include/c++/11/functional:62[m[K,
                 from [01m[K/usr/include/c++/11/pstl/glue_algorithm_defs.h:13[m[K,
                 from [01m[K/usr/include/c++/11/algorithm:74[m[K,
                 from [01m[K/usr/include/nlohmann/json.hpp:46[m[K,
                 from [01m[K/home/emily/sa-mrbt_ws/src/simplified_marine_sim/include/parser.hpp:4[m[K,
                 from [01m[K/home/emily/sa-mrbt_ws/src/simplified_marine_sim/src/parser.cpp:1[m[K:
[01m[K/usr/include/c++/11/bits/vector.tcc:198:5:[m[K [01;36m[Knote: [m[Kcandidate: ‘[01m[Kstd::vector<_Tp, _Alloc>& std::vector<_Tp, _Alloc>::operator=(const std::vector<_Tp, _Alloc>&) [with _Tp = int; _Alloc = std::allocator<int>][m[K’
  198 |     [01;36m[Kvector<_Tp, _Alloc>[m[K::
      |     [01;36m[K^~~~~~~~~~~~~~~~~~~[m[K
[01m[K/usr/include/c++/11/bits/vector.tcc:199:42:[m[K [01;36m[Knote: [m[K  no known conversion for argument 1 from ‘[01m[Kstd::unordered_map<std::__cxx11::basic_string<char>, bool>[m[K’ to ‘[01m[Kconst std::vector<int>&[m[K’
  199 |     operator=([01;36m[Kconst vector<_Tp, _Alloc>& __x[m[K)
      |               [01;36m[K~~~~~~~~~~~~~~~~~~~~~~~~~~~^~~[m[K
In file included from [01m[K/usr/include/c++/11/vector:67[m[K,
                 from [01m[K/usr/include/c++/11/functional:62[m[K,
                 from [01m[K/usr/include/c++/11/pstl/glue_algorithm_defs.h:13[m[K,
                 from [01m[K/usr/include/c++/11/algorithm:74[m[K,
                 from [01m[K/usr/include/nlohmann/json.hpp:46[m[K,
                 from [01m[K/home/emily/sa-mrbt_ws/src/simplified_marine_sim/include/parser.hpp:4[m[K,
                 from [01m[K/home/emily/sa-mrbt_ws/src/simplified_marine_sim/src/parser.cpp:1[m[K:
[01m[K/usr/include/c++/11/bits/stl_vector.h:709:7:[m[K [01;36m[Knote: [m[Kcandidate: ‘[01m[Kstd::vector<_Tp, _Alloc>& std::vector<_Tp, _Alloc>::operator=(std::vector<_Tp, _Alloc>&&) [with _Tp = int; _Alloc = std::allocator<int>][m[K’
  709 |       [01;36m[Koperator[m[K=(vector&& __x) noexcept(_Alloc_traits::_S_nothrow_move())
      |       [01;36m[K^~~~~~~~[m[K
[01m[K/usr/include/c++/11/bits/stl_vector.h:709:26:[m[K [01;36m[Knote: [m[K  no known conversion for argument 1 from ‘[01m[Kstd::unordered_map<std::__cxx11::basic_string<char>, bool>[m[K’ to ‘[01m[Kstd::vector<int>&&[m[K’
  709 |       operator=([01;36m[Kvector&& __x[m[K) noexcept(_Alloc_traits::_S_nothrow_move())
      |                 [01;36m[K~~~~~~~~~^~~[m[K
[01m[K/usr/include/c++/11/bits/stl_vector.h:730:7:[m[K [01;36m[Knote: [m[Kcandidate: ‘[01m[Kstd::vector<_Tp, _Alloc>& std::vector<_Tp, _Alloc>::operator=(std::initializer_list<_Tp>) [with _Tp = int; _Alloc = std::allocator<int>][m[K’
  730 |       [01;36m[Koperator[m[K=(initializer_list<value_type> __l)
      |       [01;36m[K^~~~~~~~[m[K
[01m[K/usr/include/c++/11/bits/stl_vector.h:730:46:[m[K [01;36m[Knote: [m[K  no known conversion for argument 1 from ‘[01m[Kstd::unordered_map<std::__cxx11::basic_string<char>, bool>[m[K’ to ‘[01m[Kstd::initializer_list<int>[m[K’
  730 |       operator=([01;36m[Kinitializer_list<value_type> __l[m[K)
      |                 [01;36m[K~~~~~~~~~~~~~~~~~~~~~~~~~~~~~^~~[m[K
[01m[K/home/emily/sa-mrbt_ws/src/simplified_marine_sim/src/parser.cpp:200:12:[m[K [01;31m[Kerror: [m[Kcould not convert ‘[01m[Kcapabilities[m[K’ from ‘[01m[Kunordered_map<[...],[01;32m[Kstd::vector<int>[m[K>[m[K’ to ‘[01m[Kunordered_map<[...],[01;32m[Kstd::unordered_map<std::__cxx11::basic_string<char>, bool>[m[K>[m[K’
  200 |     return [01;31m[Kcapabilities[m[K;
      |            [01;31m[K^~~~~~~~~~~~[m[K
      |            [01;31m[K|[m[K
      |            [01;31m[Kunordered_map<[...],std::vector<int>>[m[K
gmake[2]: *** [CMakeFiles/sim.dir/build.make:216: CMakeFiles/sim.dir/src/parser.cpp.o] Error 1
gmake[2]: *** Waiting for unfinished jobs....
gmake[2]: *** [CMakeFiles/sim.dir/build.make:160: CMakeFiles/sim.dir/src/world.cpp.o] Error 1
gmake[2]: *** [CMakeFiles/sim.dir/build.make:76: CMakeFiles/sim.dir/src/sim.cpp.o] Error 1
gmake[1]: *** [CMakeFiles/Makefile2:137: CMakeFiles/sim.dir/all] Error 2
gmake: *** [Makefile:146: all] Error 2
