[0.083s] DEBUG:colcon:Command line arguments: ['/usr/bin/colcon', 'build']
[0.083s] DEBUG:colcon:Parsed command line arguments: Namespace(log_base=None, log_level=None, verb_name='build', build_base='build', install_base='install', merge_install=False, symlink_install=False, test_result_base=None, continue_on_error=False, executor='parallel', parallel_workers=12, event_handlers=None, ignore_user_meta=False, metas=['./colcon.meta'], base_paths=['.'], packages_ignore=None, packages_ignore_regex=None, paths=None, packages_up_to=None, packages_up_to_regex=None, packages_above=None, packages_above_and_dependencies=None, packages_above_depth=None, packages_select_by_dep=None, packages_skip_by_dep=None, packages_skip_up_to=None, packages_select_build_failed=False, packages_skip_build_finished=False, packages_select_test_failures=False, packages_skip_test_passed=False, packages_select=None, packages_skip=None, packages_select_regex=None, packages_skip_regex=None, packages_start=None, packages_end=None, allow_overriding=[], cmake_args=None, cmake_target=None, cmake_target_skip_unavailable=False, cmake_clean_cache=False, cmake_clean_first=False, cmake_force_configure=False, ament_cmake_args=None, catkin_cmake_args=None, catkin_skip_building_tests=False, mixin_files=None, mixin=None, verb_parser=<colcon_mixin.mixin.mixin_argument.MixinArgumentDecorator object at 0x74a2151fd1b0>, verb_extension=<colcon_core.verb.build.BuildVerb object at 0x74a2151fc7c0>, main=<bound method BuildVerb.main of <colcon_core.verb.build.BuildVerb object at 0x74a2151fc7c0>>, mixin_verb=('build',))
[0.230s] Level 1:colcon.colcon_core.package_discovery:discover_packages(colcon_meta) check parameters
[0.230s] Level 1:colcon.colcon_core.package_discovery:discover_packages(recursive) check parameters
[0.230s] Level 1:colcon.colcon_core.package_discovery:discover_packages(ignore) check parameters
[0.230s] Level 1:colcon.colcon_core.package_discovery:discover_packages(path) check parameters
[0.231s] Level 1:colcon.colcon_core.package_discovery:discover_packages(colcon_meta) discover
[0.231s] Level 1:colcon.colcon_core.package_discovery:discover_packages(recursive) discover
[0.231s] INFO:colcon.colcon_core.package_discovery:Crawling recursively for packages in '/home/emily/sa-mrbt_ws'
[0.231s] Level 1:colcon.colcon_core.package_identification:_identify(.) by extensions ['ignore', 'ignore_ament_install']
[0.231s] Level 1:colcon.colcon_core.package_identification:_identify(.) by extension 'ignore'
[0.231s] Level 1:colcon.colcon_core.package_identification:_identify(.) by extension 'ignore_ament_install'
[0.231s] Level 1:colcon.colcon_core.package_identification:_identify(.) by extensions ['colcon_pkg']
[0.231s] Level 1:colcon.colcon_core.package_identification:_identify(.) by extension 'colcon_pkg'
[0.231s] Level 1:colcon.colcon_core.package_identification:_identify(.) by extensions ['colcon_meta']
[0.231s] Level 1:colcon.colcon_core.package_identification:_identify(.) by extension 'colcon_meta'
[0.231s] Level 1:colcon.colcon_core.package_identification:_identify(.) by extensions ['ros']
[0.231s] Level 1:colcon.colcon_core.package_identification:_identify(.) by extension 'ros'
[0.242s] Level 1:colcon.colcon_core.package_identification:_identify(.) by extensions ['cmake', 'python']
[0.242s] Level 1:colcon.colcon_core.package_identification:_identify(.) by extension 'cmake'
[0.242s] Level 1:colcon.colcon_core.package_identification:_identify(.) by extension 'python'
[0.242s] Level 1:colcon.colcon_core.package_identification:_identify(.) by extensions ['python_setup_py']
[0.242s] Level 1:colcon.colcon_core.package_identification:_identify(.) by extension 'python_setup_py'
[0.243s] Level 1:colcon.colcon_core.package_identification:_identify(build) by extensions ['ignore', 'ignore_ament_install']
[0.243s] Level 1:colcon.colcon_core.package_identification:_identify(build) by extension 'ignore'
[0.243s] Level 1:colcon.colcon_core.package_identification:_identify(build) ignored
[0.243s] Level 1:colcon.colcon_core.package_identification:_identify(install) by extensions ['ignore', 'ignore_ament_install']
[0.243s] Level 1:colcon.colcon_core.package_identification:_identify(install) by extension 'ignore'
[0.243s] Level 1:colcon.colcon_core.package_identification:_identify(install) ignored
[0.243s] Level 1:colcon.colcon_core.package_identification:_identify(log) by extensions ['ignore', 'ignore_ament_install']
[0.243s] Level 1:colcon.colcon_core.package_identification:_identify(log) by extension 'ignore'
[0.243s] Level 1:colcon.colcon_core.package_identification:_identify(log) ignored
[0.243s] Level 1:colcon.colcon_core.package_identification:_identify(src) by extensions ['ignore', 'ignore_ament_install']
[0.243s] Level 1:colcon.colcon_core.package_identification:_identify(src) by extension 'ignore'
[0.243s] Level 1:colcon.colcon_core.package_identification:_identify(src) by extension 'ignore_ament_install'
[0.244s] Level 1:colcon.colcon_core.package_identification:_identify(src) by extensions ['colcon_pkg']
[0.244s] Level 1:colcon.colcon_core.package_identification:_identify(src) by extension 'colcon_pkg'
[0.244s] Level 1:colcon.colcon_core.package_identification:_identify(src) by extensions ['colcon_meta']
[0.244s] Level 1:colcon.colcon_core.package_identification:_identify(src) by extension 'colcon_meta'
[0.244s] Level 1:colcon.colcon_core.package_identification:_identify(src) by extensions ['ros']
[0.244s] Level 1:colcon.colcon_core.package_identification:_identify(src) by extension 'ros'
[0.244s] Level 1:colcon.colcon_core.package_identification:_identify(src) by extensions ['cmake', 'python']
[0.244s] Level 1:colcon.colcon_core.package_identification:_identify(src) by extension 'cmake'
[0.244s] Level 1:colcon.colcon_core.package_identification:_identify(src) by extension 'python'
[0.244s] Level 1:colcon.colcon_core.package_identification:_identify(src) by extensions ['python_setup_py']
[0.244s] Level 1:colcon.colcon_core.package_identification:_identify(src) by extension 'python_setup_py'
[0.244s] Level 1:colcon.colcon_core.package_identification:_identify(src/BehaviorTree.CPP) by extensions ['ignore', 'ignore_ament_install']
[0.244s] Level 1:colcon.colcon_core.package_identification:_identify(src/BehaviorTree.CPP) by extension 'ignore'
[0.244s] Level 1:colcon.colcon_core.package_identification:_identify(src/BehaviorTree.CPP) by extension 'ignore_ament_install'
[0.244s] Level 1:colcon.colcon_core.package_identification:_identify(src/BehaviorTree.CPP) by extensions ['colcon_pkg']
[0.244s] Level 1:colcon.colcon_core.package_identification:_identify(src/BehaviorTree.CPP) by extension 'colcon_pkg'
[0.244s] Level 1:colcon.colcon_core.package_identification:_identify(src/BehaviorTree.CPP) by extensions ['colcon_meta']
[0.244s] Level 1:colcon.colcon_core.package_identification:_identify(src/BehaviorTree.CPP) by extension 'colcon_meta'
[0.244s] Level 1:colcon.colcon_core.package_identification:_identify(src/BehaviorTree.CPP) by extensions ['ros']
[0.244s] Level 1:colcon.colcon_core.package_identification:_identify(src/BehaviorTree.CPP) by extension 'ros'
[0.256s] DEBUG:colcon.colcon_core.package_identification:Package 'src/BehaviorTree.CPP' with type 'ros.ament_cmake' and name 'behaviortree_cpp'
[0.256s] Level 1:colcon.colcon_core.package_identification:_identify(src/simplified_marine_sim) by extensions ['ignore', 'ignore_ament_install']
[0.256s] Level 1:colcon.colcon_core.package_identification:_identify(src/simplified_marine_sim) by extension 'ignore'
[0.256s] Level 1:colcon.colcon_core.package_identification:_identify(src/simplified_marine_sim) by extension 'ignore_ament_install'
[0.257s] Level 1:colcon.colcon_core.package_identification:_identify(src/simplified_marine_sim) by extensions ['colcon_pkg']
[0.257s] Level 1:colcon.colcon_core.package_identification:_identify(src/simplified_marine_sim) by extension 'colcon_pkg'
[0.257s] Level 1:colcon.colcon_core.package_identification:_identify(src/simplified_marine_sim) by extensions ['colcon_meta']
[0.257s] Level 1:colcon.colcon_core.package_identification:_identify(src/simplified_marine_sim) by extension 'colcon_meta'
[0.257s] Level 1:colcon.colcon_core.package_identification:_identify(src/simplified_marine_sim) by extensions ['ros']
[0.257s] Level 1:colcon.colcon_core.package_identification:_identify(src/simplified_marine_sim) by extension 'ros'
[0.257s] DEBUG:colcon.colcon_core.package_identification:Package 'src/simplified_marine_sim' with type 'ros.ament_cmake' and name 'simulator'
[0.257s] Level 1:colcon.colcon_core.package_discovery:discover_packages(recursive) using defaults
[0.257s] Level 1:colcon.colcon_core.package_discovery:discover_packages(ignore) discover
[0.257s] Level 1:colcon.colcon_core.package_discovery:discover_packages(ignore) using defaults
[0.257s] Level 1:colcon.colcon_core.package_discovery:discover_packages(path) discover
[0.257s] Level 1:colcon.colcon_core.package_discovery:discover_packages(path) using defaults
[0.271s] Level 1:colcon.colcon_core.package_discovery:discover_packages(prefix_path) check parameters
[0.271s] Level 1:colcon.colcon_core.package_discovery:discover_packages(prefix_path) discover
[0.272s] DEBUG:colcon.colcon_installed_package_information.package_discovery:Found 2 installed packages in /home/emily/sa-mrbt_ws/install
[0.273s] DEBUG:colcon.colcon_installed_package_information.package_discovery:Found 281 installed packages in /opt/ros/iron
[0.274s] Level 1:colcon.colcon_core.package_discovery:discover_packages(prefix_path) using defaults
[0.304s] Level 5:colcon.colcon_core.verb:set package 'behaviortree_cpp' build argument 'cmake_args' from command line to 'None'
[0.304s] Level 5:colcon.colcon_core.verb:set package 'behaviortree_cpp' build argument 'cmake_target' from command line to 'None'
[0.304s] Level 5:colcon.colcon_core.verb:set package 'behaviortree_cpp' build argument 'cmake_target_skip_unavailable' from command line to 'False'
[0.304s] Level 5:colcon.colcon_core.verb:set package 'behaviortree_cpp' build argument 'cmake_clean_cache' from command line to 'False'
[0.304s] Level 5:colcon.colcon_core.verb:set package 'behaviortree_cpp' build argument 'cmake_clean_first' from command line to 'False'
[0.304s] Level 5:colcon.colcon_core.verb:set package 'behaviortree_cpp' build argument 'cmake_force_configure' from command line to 'False'
[0.304s] Level 5:colcon.colcon_core.verb:set package 'behaviortree_cpp' build argument 'ament_cmake_args' from command line to 'None'
[0.304s] Level 5:colcon.colcon_core.verb:set package 'behaviortree_cpp' build argument 'catkin_cmake_args' from command line to 'None'
[0.304s] Level 5:colcon.colcon_core.verb:set package 'behaviortree_cpp' build argument 'catkin_skip_building_tests' from command line to 'False'
[0.304s] DEBUG:colcon.colcon_core.verb:Building package 'behaviortree_cpp' with the following arguments: {'ament_cmake_args': None, 'build_base': '/home/emily/sa-mrbt_ws/build/behaviortree_cpp', 'catkin_cmake_args': None, 'catkin_skip_building_tests': False, 'cmake_args': None, 'cmake_clean_cache': False, 'cmake_clean_first': False, 'cmake_force_configure': False, 'cmake_target': None, 'cmake_target_skip_unavailable': False, 'install_base': '/home/emily/sa-mrbt_ws/install/behaviortree_cpp', 'merge_install': False, 'path': '/home/emily/sa-mrbt_ws/src/BehaviorTree.CPP', 'symlink_install': False, 'test_result_base': None}
[0.305s] Level 5:colcon.colcon_core.verb:set package 'simulator' build argument 'cmake_args' from command line to 'None'
[0.305s] Level 5:colcon.colcon_core.verb:set package 'simulator' build argument 'cmake_target' from command line to 'None'
[0.305s] Level 5:colcon.colcon_core.verb:set package 'simulator' build argument 'cmake_target_skip_unavailable' from command line to 'False'
[0.305s] Level 5:colcon.colcon_core.verb:set package 'simulator' build argument 'cmake_clean_cache' from command line to 'False'
[0.305s] Level 5:colcon.colcon_core.verb:set package 'simulator' build argument 'cmake_clean_first' from command line to 'False'
[0.305s] Level 5:colcon.colcon_core.verb:set package 'simulator' build argument 'cmake_force_configure' from command line to 'False'
[0.305s] Level 5:colcon.colcon_core.verb:set package 'simulator' build argument 'ament_cmake_args' from command line to 'None'
[0.305s] Level 5:colcon.colcon_core.verb:set package 'simulator' build argument 'catkin_cmake_args' from command line to 'None'
[0.305s] Level 5:colcon.colcon_core.verb:set package 'simulator' build argument 'catkin_skip_building_tests' from command line to 'False'
[0.305s] DEBUG:colcon.colcon_core.verb:Building package 'simulator' with the following arguments: {'ament_cmake_args': None, 'build_base': '/home/emily/sa-mrbt_ws/build/simulator', 'catkin_cmake_args': None, 'catkin_skip_building_tests': False, 'cmake_args': None, 'cmake_clean_cache': False, 'cmake_clean_first': False, 'cmake_force_configure': False, 'cmake_target': None, 'cmake_target_skip_unavailable': False, 'install_base': '/home/emily/sa-mrbt_ws/install/simulator', 'merge_install': False, 'path': '/home/emily/sa-mrbt_ws/src/simplified_marine_sim', 'symlink_install': False, 'test_result_base': None}
[0.305s] INFO:colcon.colcon_core.executor:Executing jobs using 'parallel' executor
[0.306s] DEBUG:colcon.colcon_parallel_executor.executor.parallel:run_until_complete
[0.306s] INFO:colcon.colcon_ros.task.ament_cmake.build:Building ROS package in '/home/emily/sa-mrbt_ws/src/BehaviorTree.CPP' with build type 'ament_cmake'
[0.306s] INFO:colcon.colcon_cmake.task.cmake.build:Building CMake package in '/home/emily/sa-mrbt_ws/src/BehaviorTree.CPP'
[0.307s] INFO:colcon.colcon_core.plugin_system:Skipping extension 'colcon_core.shell.bat': Not used on non-Windows systems
[0.308s] INFO:colcon.colcon_core.shell:Skip shell extension 'powershell' for command environment: Not usable outside of PowerShell
[0.308s] DEBUG:colcon.colcon_core.shell:Skip shell extension 'dsv' for command environment
[0.314s] DEBUG:colcon.colcon_core.event_handler.log_command:Invoking command in '/home/emily/sa-mrbt_ws/build/behaviortree_cpp': CMAKE_PREFIX_PATH=${CMAKE_PREFIX_PATH}:/opt/ros/iron /usr/bin/cmake --build /home/emily/sa-mrbt_ws/build/behaviortree_cpp -- -j12 -l12
[0.456s] DEBUG:colcon.colcon_core.event_handler.log_command:Invoked command in '/home/emily/sa-mrbt_ws/build/behaviortree_cpp' returned '0': CMAKE_PREFIX_PATH=${CMAKE_PREFIX_PATH}:/opt/ros/iron /usr/bin/cmake --build /home/emily/sa-mrbt_ws/build/behaviortree_cpp -- -j12 -l12
[0.547s] DEBUG:colcon.colcon_core.event_handler.log_command:Invoking command in '/home/emily/sa-mrbt_ws/build/behaviortree_cpp': CMAKE_PREFIX_PATH=${CMAKE_PREFIX_PATH}:/opt/ros/iron /usr/bin/cmake --install /home/emily/sa-mrbt_ws/build/behaviortree_cpp
[0.559s] Level 1:colcon.colcon_core.environment:create_environment_scripts_only(behaviortree_cpp)
[0.567s] DEBUG:colcon.colcon_core.event_handler.log_command:Invoked command in '/home/emily/sa-mrbt_ws/build/behaviortree_cpp' returned '0': CMAKE_PREFIX_PATH=${CMAKE_PREFIX_PATH}:/opt/ros/iron /usr/bin/cmake --install /home/emily/sa-mrbt_ws/build/behaviortree_cpp
[0.568s] Level 1:colcon.colcon_core.environment:checking '/home/emily/sa-mrbt_ws/install/behaviortree_cpp' for CMake module files
[0.568s] Level 1:colcon.colcon_core.environment:checking '/home/emily/sa-mrbt_ws/install/behaviortree_cpp' for CMake config files
[0.569s] Level 1:colcon.colcon_core.shell:create_environment_hook('behaviortree_cpp', 'cmake_prefix_path')
[0.569s] INFO:colcon.colcon_core.shell:Creating environment hook '/home/emily/sa-mrbt_ws/install/behaviortree_cpp/share/behaviortree_cpp/hook/cmake_prefix_path.ps1'
[0.569s] INFO:colcon.colcon_core.shell:Creating environment descriptor '/home/emily/sa-mrbt_ws/install/behaviortree_cpp/share/behaviortree_cpp/hook/cmake_prefix_path.dsv'
[0.570s] INFO:colcon.colcon_core.shell:Creating environment hook '/home/emily/sa-mrbt_ws/install/behaviortree_cpp/share/behaviortree_cpp/hook/cmake_prefix_path.sh'
[0.570s] Level 1:colcon.colcon_core.environment:checking '/home/emily/sa-mrbt_ws/install/behaviortree_cpp/lib'
[0.570s] Level 1:colcon.colcon_core.shell:create_environment_hook('behaviortree_cpp', 'ld_library_path_lib')
[0.571s] INFO:colcon.colcon_core.shell:Creating environment hook '/home/emily/sa-mrbt_ws/install/behaviortree_cpp/share/behaviortree_cpp/hook/ld_library_path_lib.ps1'
[0.571s] INFO:colcon.colcon_core.shell:Creating environment descriptor '/home/emily/sa-mrbt_ws/install/behaviortree_cpp/share/behaviortree_cpp/hook/ld_library_path_lib.dsv'
[0.571s] INFO:colcon.colcon_core.shell:Creating environment hook '/home/emily/sa-mrbt_ws/install/behaviortree_cpp/share/behaviortree_cpp/hook/ld_library_path_lib.sh'
[0.571s] Level 1:colcon.colcon_core.environment:checking '/home/emily/sa-mrbt_ws/install/behaviortree_cpp/bin'
[0.571s] Level 1:colcon.colcon_core.shell:create_environment_hook('behaviortree_cpp', 'path')
[0.572s] INFO:colcon.colcon_core.shell:Creating environment hook '/home/emily/sa-mrbt_ws/install/behaviortree_cpp/share/behaviortree_cpp/hook/path.ps1'
[0.572s] INFO:colcon.colcon_core.shell:Creating environment descriptor '/home/emily/sa-mrbt_ws/install/behaviortree_cpp/share/behaviortree_cpp/hook/path.dsv'
[0.572s] INFO:colcon.colcon_core.shell:Creating environment hook '/home/emily/sa-mrbt_ws/install/behaviortree_cpp/share/behaviortree_cpp/hook/path.sh'
[0.572s] Level 1:colcon.colcon_core.environment:checking '/home/emily/sa-mrbt_ws/install/behaviortree_cpp/lib/pkgconfig/behaviortree_cpp.pc'
[0.573s] Level 1:colcon.colcon_core.environment:checking '/home/emily/sa-mrbt_ws/install/behaviortree_cpp/lib/python3.10/site-packages'
[0.573s] Level 1:colcon.colcon_core.environment:checking '/home/emily/sa-mrbt_ws/install/behaviortree_cpp/bin'
[0.573s] Level 1:colcon.colcon_core.shell:create_environment_hook('behaviortree_cpp', 'pythonscriptspath')
[0.573s] INFO:colcon.colcon_core.shell:Creating environment hook '/home/emily/sa-mrbt_ws/install/behaviortree_cpp/share/behaviortree_cpp/hook/pythonscriptspath.ps1'
[0.573s] INFO:colcon.colcon_core.shell:Creating environment descriptor '/home/emily/sa-mrbt_ws/install/behaviortree_cpp/share/behaviortree_cpp/hook/pythonscriptspath.dsv'
[0.574s] INFO:colcon.colcon_core.shell:Creating environment hook '/home/emily/sa-mrbt_ws/install/behaviortree_cpp/share/behaviortree_cpp/hook/pythonscriptspath.sh'
[0.574s] INFO:colcon.colcon_core.shell:Creating package script '/home/emily/sa-mrbt_ws/install/behaviortree_cpp/share/behaviortree_cpp/package.ps1'
[0.575s] INFO:colcon.colcon_core.shell:Creating package descriptor '/home/emily/sa-mrbt_ws/install/behaviortree_cpp/share/behaviortree_cpp/package.dsv'
[0.575s] INFO:colcon.colcon_core.shell:Creating package script '/home/emily/sa-mrbt_ws/install/behaviortree_cpp/share/behaviortree_cpp/package.sh'
[0.576s] INFO:colcon.colcon_core.shell:Creating package script '/home/emily/sa-mrbt_ws/install/behaviortree_cpp/share/behaviortree_cpp/package.bash'
[0.576s] INFO:colcon.colcon_core.shell:Creating package script '/home/emily/sa-mrbt_ws/install/behaviortree_cpp/share/behaviortree_cpp/package.zsh'
[0.577s] Level 1:colcon.colcon_core.environment:create_file_with_runtime_dependencies(/home/emily/sa-mrbt_ws/install/behaviortree_cpp/share/colcon-core/packages/behaviortree_cpp)
[0.660s] Level 1:colcon.colcon_core.environment:create_environment_scripts_only(behaviortree_cpp)
[0.660s] Level 1:colcon.colcon_core.environment:checking '/home/emily/sa-mrbt_ws/install/behaviortree_cpp' for CMake module files
[0.660s] Level 1:colcon.colcon_core.environment:checking '/home/emily/sa-mrbt_ws/install/behaviortree_cpp' for CMake config files
[0.660s] Level 1:colcon.colcon_core.shell:create_environment_hook('behaviortree_cpp', 'cmake_prefix_path')
[0.661s] INFO:colcon.colcon_core.shell:Creating environment hook '/home/emily/sa-mrbt_ws/install/behaviortree_cpp/share/behaviortree_cpp/hook/cmake_prefix_path.ps1'
[0.661s] INFO:colcon.colcon_core.shell:Creating environment descriptor '/home/emily/sa-mrbt_ws/install/behaviortree_cpp/share/behaviortree_cpp/hook/cmake_prefix_path.dsv'
[0.661s] INFO:colcon.colcon_core.shell:Creating environment hook '/home/emily/sa-mrbt_ws/install/behaviortree_cpp/share/behaviortree_cpp/hook/cmake_prefix_path.sh'
[0.662s] Level 1:colcon.colcon_core.environment:checking '/home/emily/sa-mrbt_ws/install/behaviortree_cpp/lib'
[0.662s] Level 1:colcon.colcon_core.shell:create_environment_hook('behaviortree_cpp', 'ld_library_path_lib')
[0.662s] INFO:colcon.colcon_core.shell:Creating environment hook '/home/emily/sa-mrbt_ws/install/behaviortree_cpp/share/behaviortree_cpp/hook/ld_library_path_lib.ps1'
[0.662s] INFO:colcon.colcon_core.shell:Creating environment descriptor '/home/emily/sa-mrbt_ws/install/behaviortree_cpp/share/behaviortree_cpp/hook/ld_library_path_lib.dsv'
[0.662s] INFO:colcon.colcon_core.shell:Creating environment hook '/home/emily/sa-mrbt_ws/install/behaviortree_cpp/share/behaviortree_cpp/hook/ld_library_path_lib.sh'
[0.663s] Level 1:colcon.colcon_core.environment:checking '/home/emily/sa-mrbt_ws/install/behaviortree_cpp/bin'
[0.663s] Level 1:colcon.colcon_core.shell:create_environment_hook('behaviortree_cpp', 'path')
[0.663s] INFO:colcon.colcon_core.shell:Creating environment hook '/home/emily/sa-mrbt_ws/install/behaviortree_cpp/share/behaviortree_cpp/hook/path.ps1'
[0.663s] INFO:colcon.colcon_core.shell:Creating environment descriptor '/home/emily/sa-mrbt_ws/install/behaviortree_cpp/share/behaviortree_cpp/hook/path.dsv'
[0.663s] INFO:colcon.colcon_core.shell:Creating environment hook '/home/emily/sa-mrbt_ws/install/behaviortree_cpp/share/behaviortree_cpp/hook/path.sh'
[0.664s] Level 1:colcon.colcon_core.environment:checking '/home/emily/sa-mrbt_ws/install/behaviortree_cpp/lib/pkgconfig/behaviortree_cpp.pc'
[0.664s] Level 1:colcon.colcon_core.environment:checking '/home/emily/sa-mrbt_ws/install/behaviortree_cpp/lib/python3.10/site-packages'
[0.664s] Level 1:colcon.colcon_core.environment:checking '/home/emily/sa-mrbt_ws/install/behaviortree_cpp/bin'
[0.664s] Level 1:colcon.colcon_core.shell:create_environment_hook('behaviortree_cpp', 'pythonscriptspath')
[0.664s] INFO:colcon.colcon_core.shell:Creating environment hook '/home/emily/sa-mrbt_ws/install/behaviortree_cpp/share/behaviortree_cpp/hook/pythonscriptspath.ps1'
[0.665s] INFO:colcon.colcon_core.shell:Creating environment descriptor '/home/emily/sa-mrbt_ws/install/behaviortree_cpp/share/behaviortree_cpp/hook/pythonscriptspath.dsv'
[0.665s] INFO:colcon.colcon_core.shell:Creating environment hook '/home/emily/sa-mrbt_ws/install/behaviortree_cpp/share/behaviortree_cpp/hook/pythonscriptspath.sh'
[0.665s] INFO:colcon.colcon_core.shell:Creating package script '/home/emily/sa-mrbt_ws/install/behaviortree_cpp/share/behaviortree_cpp/package.ps1'
[0.666s] INFO:colcon.colcon_core.shell:Creating package descriptor '/home/emily/sa-mrbt_ws/install/behaviortree_cpp/share/behaviortree_cpp/package.dsv'
[0.666s] INFO:colcon.colcon_core.shell:Creating package script '/home/emily/sa-mrbt_ws/install/behaviortree_cpp/share/behaviortree_cpp/package.sh'
[0.667s] INFO:colcon.colcon_core.shell:Creating package script '/home/emily/sa-mrbt_ws/install/behaviortree_cpp/share/behaviortree_cpp/package.bash'
[0.667s] INFO:colcon.colcon_core.shell:Creating package script '/home/emily/sa-mrbt_ws/install/behaviortree_cpp/share/behaviortree_cpp/package.zsh'
[0.667s] Level 1:colcon.colcon_core.environment:create_file_with_runtime_dependencies(/home/emily/sa-mrbt_ws/install/behaviortree_cpp/share/colcon-core/packages/behaviortree_cpp)
[0.668s] INFO:colcon.colcon_ros.task.ament_cmake.build:Building ROS package in '/home/emily/sa-mrbt_ws/src/simplified_marine_sim' with build type 'ament_cmake'
[0.668s] INFO:colcon.colcon_cmake.task.cmake.build:Building CMake package in '/home/emily/sa-mrbt_ws/src/simplified_marine_sim'
[0.668s] INFO:colcon.colcon_core.shell:Skip shell extension 'powershell' for command environment: Not usable outside of PowerShell
[0.668s] DEBUG:colcon.colcon_core.shell:Skip shell extension 'dsv' for command environment
[0.675s] DEBUG:colcon.colcon_core.event_handler.log_command:Invoking command in '/home/emily/sa-mrbt_ws/build/simulator': CMAKE_PREFIX_PATH=/home/emily/sa-mrbt_ws/install/behaviortree_cpp:/home/emily/sa-mrbt_ws/install/simulator:/opt/ros/iron /usr/bin/cmake --build /home/emily/sa-mrbt_ws/build/simulator -- -j12 -l12
[4.477s] DEBUG:colcon.colcon_core.event_handler.log_command:Invoked command in '/home/emily/sa-mrbt_ws/build/simulator' returned '0': CMAKE_PREFIX_PATH=/home/emily/sa-mrbt_ws/install/behaviortree_cpp:/home/emily/sa-mrbt_ws/install/simulator:/opt/ros/iron /usr/bin/cmake --build /home/emily/sa-mrbt_ws/build/simulator -- -j12 -l12
[4.506s] DEBUG:colcon.colcon_core.event_handler.log_command:Invoking command in '/home/emily/sa-mrbt_ws/build/simulator': CMAKE_PREFIX_PATH=/home/emily/sa-mrbt_ws/install/behaviortree_cpp:/home/emily/sa-mrbt_ws/install/simulator:/opt/ros/iron /usr/bin/cmake --install /home/emily/sa-mrbt_ws/build/simulator
[4.516s] Level 1:colcon.colcon_core.environment:create_environment_scripts_only(simulator)
[4.517s] Level 1:colcon.colcon_core.environment:checking '/home/emily/sa-mrbt_ws/install/simulator' for CMake module files
[4.517s] DEBUG:colcon.colcon_core.event_handler.log_command:Invoked command in '/home/emily/sa-mrbt_ws/build/simulator' returned '0': CMAKE_PREFIX_PATH=/home/emily/sa-mrbt_ws/install/behaviortree_cpp:/home/emily/sa-mrbt_ws/install/simulator:/opt/ros/iron /usr/bin/cmake --install /home/emily/sa-mrbt_ws/build/simulator
[4.517s] Level 1:colcon.colcon_core.environment:checking '/home/emily/sa-mrbt_ws/install/simulator' for CMake config files
[4.518s] Level 1:colcon.colcon_core.shell:create_environment_hook('simulator', 'cmake_prefix_path')
[4.518s] INFO:colcon.colcon_core.shell:Creating environment hook '/home/emily/sa-mrbt_ws/install/simulator/share/simulator/hook/cmake_prefix_path.ps1'
[4.518s] INFO:colcon.colcon_core.shell:Creating environment descriptor '/home/emily/sa-mrbt_ws/install/simulator/share/simulator/hook/cmake_prefix_path.dsv'
[4.518s] INFO:colcon.colcon_core.shell:Creating environment hook '/home/emily/sa-mrbt_ws/install/simulator/share/simulator/hook/cmake_prefix_path.sh'
[4.519s] Level 1:colcon.colcon_core.environment:checking '/home/emily/sa-mrbt_ws/install/simulator/lib'
[4.519s] Level 1:colcon.colcon_core.environment:checking '/home/emily/sa-mrbt_ws/install/simulator/bin'
[4.519s] Level 1:colcon.colcon_core.environment:checking '/home/emily/sa-mrbt_ws/install/simulator/lib/pkgconfig/simulator.pc'
[4.519s] Level 1:colcon.colcon_core.environment:checking '/home/emily/sa-mrbt_ws/install/simulator/lib/python3.10/site-packages'
[4.519s] Level 1:colcon.colcon_core.environment:checking '/home/emily/sa-mrbt_ws/install/simulator/bin'
[4.519s] INFO:colcon.colcon_core.shell:Creating package script '/home/emily/sa-mrbt_ws/install/simulator/share/simulator/package.ps1'
[4.520s] INFO:colcon.colcon_core.shell:Creating package descriptor '/home/emily/sa-mrbt_ws/install/simulator/share/simulator/package.dsv'
[4.520s] INFO:colcon.colcon_core.shell:Creating package script '/home/emily/sa-mrbt_ws/install/simulator/share/simulator/package.sh'
[4.520s] INFO:colcon.colcon_core.shell:Creating package script '/home/emily/sa-mrbt_ws/install/simulator/share/simulator/package.bash'
[4.521s] INFO:colcon.colcon_core.shell:Creating package script '/home/emily/sa-mrbt_ws/install/simulator/share/simulator/package.zsh'
[4.521s] Level 1:colcon.colcon_core.environment:create_file_with_runtime_dependencies(/home/emily/sa-mrbt_ws/install/simulator/share/colcon-core/packages/simulator)
[4.549s] Level 1:colcon.colcon_core.environment:create_environment_scripts_only(simulator)
[4.550s] Level 1:colcon.colcon_core.environment:checking '/home/emily/sa-mrbt_ws/install/simulator' for CMake module files
[4.550s] Level 1:colcon.colcon_core.environment:checking '/home/emily/sa-mrbt_ws/install/simulator' for CMake config files
[4.550s] Level 1:colcon.colcon_core.shell:create_environment_hook('simulator', 'cmake_prefix_path')
[4.550s] INFO:colcon.colcon_core.shell:Creating environment hook '/home/emily/sa-mrbt_ws/install/simulator/share/simulator/hook/cmake_prefix_path.ps1'
[4.551s] INFO:colcon.colcon_core.shell:Creating environment descriptor '/home/emily/sa-mrbt_ws/install/simulator/share/simulator/hook/cmake_prefix_path.dsv'
[4.551s] INFO:colcon.colcon_core.shell:Creating environment hook '/home/emily/sa-mrbt_ws/install/simulator/share/simulator/hook/cmake_prefix_path.sh'
[4.551s] Level 1:colcon.colcon_core.environment:checking '/home/emily/sa-mrbt_ws/install/simulator/lib'
[4.552s] Level 1:colcon.colcon_core.environment:checking '/home/emily/sa-mrbt_ws/install/simulator/bin'
[4.552s] Level 1:colcon.colcon_core.environment:checking '/home/emily/sa-mrbt_ws/install/simulator/lib/pkgconfig/simulator.pc'
[4.552s] Level 1:colcon.colcon_core.environment:checking '/home/emily/sa-mrbt_ws/install/simulator/lib/python3.10/site-packages'
[4.552s] Level 1:colcon.colcon_core.environment:checking '/home/emily/sa-mrbt_ws/install/simulator/bin'
[4.552s] INFO:colcon.colcon_core.shell:Creating package script '/home/emily/sa-mrbt_ws/install/simulator/share/simulator/package.ps1'
[4.553s] INFO:colcon.colcon_core.shell:Creating package descriptor '/home/emily/sa-mrbt_ws/install/simulator/share/simulator/package.dsv'
[4.553s] INFO:colcon.colcon_core.shell:Creating package script '/home/emily/sa-mrbt_ws/install/simulator/share/simulator/package.sh'
[4.553s] INFO:colcon.colcon_core.shell:Creating package script '/home/emily/sa-mrbt_ws/install/simulator/share/simulator/package.bash'
[4.554s] INFO:colcon.colcon_core.shell:Creating package script '/home/emily/sa-mrbt_ws/install/simulator/share/simulator/package.zsh'
[4.554s] Level 1:colcon.colcon_core.environment:create_file_with_runtime_dependencies(/home/emily/sa-mrbt_ws/install/simulator/share/colcon-core/packages/simulator)
[4.554s] DEBUG:colcon.colcon_parallel_executor.executor.parallel:closing loop
[4.554s] DEBUG:colcon.colcon_parallel_executor.executor.parallel:loop closed
[4.555s] DEBUG:colcon.colcon_parallel_executor.executor.parallel:run_until_complete finished with '0'
[4.555s] DEBUG:colcon.colcon_core.event_reactor:joining thread
[4.558s] INFO:colcon.colcon_core.plugin_system:Skipping extension 'colcon_notification.desktop_notification.terminal_notifier': Not used on non-Darwin systems
[4.558s] INFO:colcon.colcon_core.plugin_system:Skipping extension 'colcon_notification.desktop_notification.win32': Not used on non-Windows systems
[4.558s] INFO:colcon.colcon_notification.desktop_notification:Sending desktop notification using 'notify2'
[4.566s] DEBUG:colcon.colcon_core.event_reactor:joined thread
[4.566s] INFO:colcon.colcon_core.shell:Creating prefix script '/home/emily/sa-mrbt_ws/install/local_setup.ps1'
[4.567s] INFO:colcon.colcon_core.shell:Creating prefix util module '/home/emily/sa-mrbt_ws/install/_local_setup_util_ps1.py'
[4.568s] INFO:colcon.colcon_core.shell:Creating prefix chain script '/home/emily/sa-mrbt_ws/install/setup.ps1'
[4.569s] INFO:colcon.colcon_core.shell:Creating prefix script '/home/emily/sa-mrbt_ws/install/local_setup.sh'
[4.570s] INFO:colcon.colcon_core.shell:Creating prefix util module '/home/emily/sa-mrbt_ws/install/_local_setup_util_sh.py'
[4.570s] INFO:colcon.colcon_core.shell:Creating prefix chain script '/home/emily/sa-mrbt_ws/install/setup.sh'
[4.571s] INFO:colcon.colcon_core.shell:Creating prefix script '/home/emily/sa-mrbt_ws/install/local_setup.bash'
[4.571s] INFO:colcon.colcon_core.shell:Creating prefix chain script '/home/emily/sa-mrbt_ws/install/setup.bash'
[4.572s] INFO:colcon.colcon_core.shell:Creating prefix script '/home/emily/sa-mrbt_ws/install/local_setup.zsh'
[4.572s] INFO:colcon.colcon_core.shell:Creating prefix chain script '/home/emily/sa-mrbt_ws/install/setup.zsh'
