[0.006s] Invoking command in '/home/emily/sa-mrbt_ws/build/simulator': CMAKE_PREFIX_PATH=/home/emily/sa-mrbt_ws/install/behaviortree_cpp:/home/emily/sa-mrbt_ws/install/simulator:/opt/ros/iron /usr/bin/cmake --build /home/emily/sa-mrbt_ws/build/simulator -- -j12 -l12
[0.041s] [35m[1mConsolidate compiler generated dependencies of target sim[0m
[0.065s] [  7%] [32mBuilding CXX object CMakeFiles/sim.dir/src/sim.cpp.o[0m
[0.065s] [ 15%] [32mBuilding CXX object CMakeFiles/sim.dir/src/CBGA.cpp.o[0m
[0.066s] [ 23%] [32mBuilding CXX object CMakeFiles/sim.dir/src/CBBA.cpp.o[0m
[0.066s] [ 38%] [32mBuilding CXX object CMakeFiles/sim.dir/src/world.cpp.o[0m
[0.066s] [ 38%] [32mBuilding CXX object CMakeFiles/sim.dir/src/message.cpp.o[0m
[0.071s] [ 46%] [32mBuilding CXX object CMakeFiles/sim.dir/src/planners.cpp.o[0m
[0.071s] [ 61%] [32mBuilding CXX object CMakeFiles/sim.dir/src/robot.cpp.o[0m
[0.071s] [ 61%] [32mBuilding CXX object CMakeFiles/sim.dir/src/behavior_tree.cpp.o[0m
[0.071s] [ 69%] [32mBuilding CXX object CMakeFiles/sim.dir/src/parser.cpp.o[0m
[0.071s] [ 76%] [32mBuilding CXX object CMakeFiles/sim.dir/src/greedy.cpp.o[0m
[3.115s] [01m[K/home/emily/sa-mrbt_ws/src/simplified_marine_sim/src/CBGA.cpp:[m[K In member function ‘[01m[Kvoid CBGA::bundleAdd(std::vector<int>&, std::vector<int>&, std::map<int, double>&, std::vector<std::vector<double, std::allocator<double> > >&)[m[K’:
[3.115s] [01m[K/home/emily/sa-mrbt_ws/src/simplified_marine_sim/src/CBGA.cpp:887:27:[m[K [01;31m[Kerror: [m[K‘[01m[Kclass World[m[K’ has no member named ‘[01m[KtaskAlreadyStarted[m[K’
[3.115s]   887 |                 if (world.[01;31m[KtaskAlreadyStarted[m[K(task_id)) {
[3.115s]       |                           [01;31m[K^~~~~~~~~~~~~~~~~~[m[K
[3.133s] [01m[K/home/emily/sa-mrbt_ws/src/simplified_marine_sim/src/CBGA.cpp:[m[K In member function ‘[01m[Kvoid CBGA::resolveConflicts(bool)[m[K’:
[3.133s] [01m[K/home/emily/sa-mrbt_ws/src/simplified_marine_sim/src/CBGA.cpp:1435:23:[m[K [01;31m[Kerror: [m[K‘[01m[Kclass World[m[K’ has no member named ‘[01m[KtaskAlreadyStarted[m[K’
[3.133s]  1435 |             if (world.[01;31m[KtaskAlreadyStarted[m[K(task_id)) {
[3.134s]       |                       [01;31m[K^~~~~~~~~~~~~~~~~~[m[K
[4.590s] gmake[2]: *** [CMakeFiles/sim.dir/build.make:104: CMakeFiles/sim.dir/src/CBGA.cpp.o] Error 1
[4.590s] gmake[2]: *** Waiting for unfinished jobs....
[5.544s] [01m[K/home/emily/sa-mrbt_ws/src/simplified_marine_sim/src/robot.cpp:[m[K In function ‘[01m[Kvoid updateTaskProgress()[m[K’:
[5.544s] [01m[K/home/emily/sa-mrbt_ws/src/simplified_marine_sim/src/robot.cpp:1132:28:[m[K [01;31m[Kerror: [m[K‘[01m[Kmessages[m[K’ was not declared in this scope; did you mean ‘[01m[Kstd::__cxx11::messages[m[K’?
[5.544s]  1132 |     for (const auto& msg : [01;31m[Kmessages[m[K) {
[5.544s]       |                            [01;31m[K^~~~~~~~[m[K
[5.544s]       |                            [32m[Kstd::__cxx11::messages[m[K
[5.544s] In file included from [01m[K/usr/include/c++/11/string:43[m[K,
[5.544s]                  from [01m[K/usr/include/c++/11/stdexcept:39[m[K,
[5.544s]                  from [01m[K/home/emily/sa-mrbt_ws/src/simplified_marine_sim/src/robot.cpp:2[m[K:
[5.544s] [01m[K/usr/include/c++/11/bits/localefwd.h:206:11:[m[K [01;36m[Knote: [m[K‘[01m[Kstd::__cxx11::messages[m[K’ declared here
[5.544s]   206 |     class [01;36m[Kmessages[m[K;
[5.544s]       |           [01;36m[K^~~~~~~~[m[K
[5.550s] [01m[K/home/emily/sa-mrbt_ws/src/simplified_marine_sim/src/robot.cpp:1138:17:[m[K [01;31m[Kerror: [m[K‘[01m[Ktask_progress[m[K’ was not declared in this scope
[5.550s]  1138 |                 [01;31m[Ktask_progress[m[K[task_id] = 1;
[5.550s]       |                 [01;31m[K^~~~~~~~~~~~~[m[K
[6.734s] gmake[2]: *** [CMakeFiles/sim.dir/build.make:188: CMakeFiles/sim.dir/src/robot.cpp.o] Error 1
[6.735s] gmake[1]: *** [CMakeFiles/Makefile2:137: CMakeFiles/sim.dir/all] Error 2
[6.735s] gmake: *** [Makefile:146: all] Error 2
[6.737s] Invoked command in '/home/emily/sa-mrbt_ws/build/simulator' returned '2': CMAKE_PREFIX_PATH=/home/emily/sa-mrbt_ws/install/behaviortree_cpp:/home/emily/sa-mrbt_ws/install/simulator:/opt/ros/iron /usr/bin/cmake --build /home/emily/sa-mrbt_ws/build/simulator -- -j12 -l12
