[0.006s] Invoking command in '/home/emily/sa-mrbt_ws/build/simulator': CMAKE_PREFIX_PATH=/home/emily/sa-mrbt_ws/install/behaviortree_cpp:/home/emily/sa-mrbt_ws/install/simulator:/opt/ros/iron /usr/bin/cmake --build /home/emily/sa-mrbt_ws/build/simulator -- -j12 -l12
[0.038s] [35m[1mConsolidate compiler generated dependencies of target sim[0m
[0.063s] [ 15%] [32mBuilding CXX object CMakeFiles/sim.dir/src/message.cpp.o[0m
[0.063s] [ 15%] [32mBuilding CXX object CMakeFiles/sim.dir/src/sim.cpp.o[0m
[0.063s] [ 23%] [32mBuilding CXX object CMakeFiles/sim.dir/src/CBBA.cpp.o[0m
[0.063s] [ 30%] [32mBuilding CXX object CMakeFiles/sim.dir/src/CBGA.cpp.o[0m
[0.064s] [ 46%] [32mBuilding CXX object CMakeFiles/sim.dir/src/planners.cpp.o[0m
[0.064s] [ 46%] [32mBuilding CXX object CMakeFiles/sim.dir/src/world.cpp.o[0m
[0.068s] [ 61%] [32mBuilding CXX object CMakeFiles/sim.dir/src/robot.cpp.o[0m
[0.068s] [ 61%] [32mBuilding CXX object CMakeFiles/sim.dir/src/behavior_tree.cpp.o[0m
[0.068s] [ 69%] [32mBuilding CXX object CMakeFiles/sim.dir/src/parser.cpp.o[0m
[0.068s] [ 76%] [32mBuilding CXX object CMakeFiles/sim.dir/src/greedy.cpp.o[0m
[2.332s] [01m[K/home/emily/sa-mrbt_ws/src/simplified_marine_sim/src/behavior_tree.cpp:1152:1:[m[K [01;31m[Kerror: [m[K‘[01m[KCollectSample[m[K’ does not name a type
[2.332s]  1152 | [01;31m[KCollectSample[m[K::CollectSample(const std::string& name, const NodeConfig& config, Robot& robot, World& world)
[2.332s]       | [01;31m[K^~~~~~~~~~~~~[m[K
[2.332s] [01m[K/home/emily/sa-mrbt_ws/src/simplified_marine_sim/src/behavior_tree.cpp:1155:12:[m[K [01;31m[Kerror: [m[K‘[01m[KCollectSample[m[K’ has not been declared
[2.332s]  1155 | NodeStatus [01;31m[KCollectSample[m[K::tick()
[2.332s]       |            [01;31m[K^~~~~~~~~~~~~[m[K
[2.335s] [01m[K/home/emily/sa-mrbt_ws/src/simplified_marine_sim/src/behavior_tree.cpp:[m[K In function ‘[01m[KBT::NodeStatus tick()[m[K’:
[2.335s] [01m[K/home/emily/sa-mrbt_ws/src/simplified_marine_sim/src/behavior_tree.cpp:1161:13:[m[K [01;31m[Kerror: [m[K‘[01m[K_robot[m[K’ was not declared in this scope; did you mean ‘[01m[KRobot[m[K’?
[2.335s]  1161 |         if ([01;31m[K_robot[m[K.SampleCollectionNeeded()) {
[2.335s]       |             [01;31m[K^~~~~~[m[K
[2.335s]       |             [32m[KRobot[m[K
[2.339s] [01m[K/home/emily/sa-mrbt_ws/src/simplified_marine_sim/src/behavior_tree.cpp:1165:13:[m[K [01;31m[Kerror: [m[K‘[01m[KsetOutput[m[K’ was not declared in this scope
[2.339s]  1165 |             [01;31m[KsetOutput[m[K("start_loc", start_loc);
[2.340s]       |             [01;31m[K^~~~~~~~~[m[K
[2.340s] [01m[K/home/emily/sa-mrbt_ws/src/simplified_marine_sim/src/behavior_tree.cpp:[m[K At global scope:
[2.340s] [01m[K/home/emily/sa-mrbt_ws/src/simplified_marine_sim/src/behavior_tree.cpp:1177:11:[m[K [01;31m[Kerror: [m[K‘[01m[KCollectSample[m[K’ has not been declared
[2.340s]  1177 | PortsList [01;31m[KCollectSample[m[K::providedPorts()
[2.340s]       |           [01;31m[K^~~~~~~~~~~~~[m[K
[3.882s] [01m[K/home/emily/sa-mrbt_ws/src/simplified_marine_sim/src/behavior_tree.cpp:[m[K In function ‘[01m[KBT::NodeStatus tick()[m[K’:
[3.883s] [01m[K/home/emily/sa-mrbt_ws/src/simplified_marine_sim/src/behavior_tree.cpp:1175:1:[m[K [01;35m[Kwarning: [m[Kcontrol reaches end of non-void function [[01;35m[K]8;;https://gcc.gnu.org/onlinedocs/gcc/Warning-Options.html#index-Wreturn-type-Wreturn-type]8;;[m[K]
[3.883s]  1175 | [01;35m[K}[m[K
[3.883s]       | [01;35m[K^[m[K
[3.909s] gmake[2]: *** [CMakeFiles/sim.dir/build.make:202: CMakeFiles/sim.dir/src/behavior_tree.cpp.o] Error 1
[3.909s] gmake[2]: *** Waiting for unfinished jobs....
[7.910s] gmake[1]: *** [CMakeFiles/Makefile2:137: CMakeFiles/sim.dir/all] Error 2
[7.910s] gmake: *** [Makefile:146: all] Error 2
[7.912s] Invoked command in '/home/emily/sa-mrbt_ws/build/simulator' returned '2': CMAKE_PREFIX_PATH=/home/emily/sa-mrbt_ws/install/behaviortree_cpp:/home/emily/sa-mrbt_ws/install/simulator:/opt/ros/iron /usr/bin/cmake --build /home/emily/sa-mrbt_ws/build/simulator -- -j12 -l12
