[35m[1mConsolidate compiler generated dependencies of target sim[0m
[  7%] [32mBuilding CXX object CMakeFiles/sim.dir/src/CBBA.cpp.o[0m
[ 15%] [32mBuilding CXX object CMakeFiles/sim.dir/src/sim.cpp.o[0m
[ 23%] [32mBuilding CXX object CMakeFiles/sim.dir/src/CBGA.cpp.o[0m
[ 38%] [32mBuilding CXX object CMakeFiles/sim.dir/src/message.cpp.o[0m
[ 38%] [32mBuilding CXX object CMakeFiles/sim.dir/src/planners.cpp.o[0m
[ 46%] [32mBuilding CXX object CMakeFiles/sim.dir/src/world.cpp.o[0m
[ 53%] [32mBuilding CXX object CMakeFiles/sim.dir/src/robot.cpp.o[0m
[ 61%] [32mBuilding CXX object CMakeFiles/sim.dir/src/behavior_tree.cpp.o[0m
[ 69%] [32mBuilding CXX object CMakeFiles/sim.dir/src/greedy.cpp.o[0m
[ 76%] [32mBuilding CXX object CMakeFiles/sim.dir/src/parser.cpp.o[0m
[01m[K/home/emily/sa-mrbt_ws/src/simplified_marine_sim/src/world.cpp:[m[K In constructor ‘[01m[KWorld::World(int, int, Distance*, SensorModel*, JSONParser*, double)[m[K’:
[01m[K/home/emily/sa-mrbt_ws/src/simplified_marine_sim/src/world.cpp:57:58:[m[K [01;31m[Kerror: [m[Kexpected ‘[01m[K;[m[K’ before ‘[01m[KisObstacle[m[K’
   57 |         log_info("isObstacle for 0,0 (should be false):")
      |                                                          [01;31m[K^[m[K
      |                                                          [32m[K;[m[K
   58 |         [32m[KisObstacle[m[K(0,0);
      |         [32m[K~~~~~~~~~~[m[K                                        
[01m[K/home/emily/sa-mrbt_ws/src/simplified_marine_sim/src/world.cpp:59:59:[m[K [01;31m[Kerror: [m[Kexpected ‘[01m[K;[m[K’ before ‘[01m[KisObstacle[m[K’
   59 |         log_info("isObstacle for 51,51 (should be true):")
      |                                                           [01;31m[K^[m[K
      |                                                           [32m[K;[m[K
   60 |         [32m[KisObstacle[m[K(51,51);
      |         [32m[K~~~~~~~~~~[m[K                                         
gmake[2]: *** [CMakeFiles/sim.dir/build.make:160: CMakeFiles/sim.dir/src/world.cpp.o] Error 1
gmake[2]: *** Waiting for unfinished jobs....
gmake[1]: *** [CMakeFiles/Makefile2:137: CMakeFiles/sim.dir/all] Error 2
gmake: *** [Makefile:146: all] Error 2
