[0.006s] Invoking command in '/home/emily/sa-mrbt_ws/build/simulator': CMAKE_PREFIX_PATH=/home/emily/sa-mrbt_ws/install/behaviortree_cpp:/home/emily/sa-mrbt_ws/install/simulator:/opt/ros/iron /usr/bin/cmake --build /home/emily/sa-mrbt_ws/build/simulator -- -j12 -l12
[0.042s] [35m[1mConsolidate compiler generated dependencies of target sim[0m
[0.071s] [  7%] [32mBuilding CXX object CMakeFiles/sim.dir/src/CBBA.cpp.o[0m
[0.071s] [ 15%] [32mBuilding CXX object CMakeFiles/sim.dir/src/sim.cpp.o[0m
[0.071s] [ 23%] [32mBuilding CXX object CMakeFiles/sim.dir/src/CBGA.cpp.o[0m
[0.072s] [ 38%] [32mBuilding CXX object CMakeFiles/sim.dir/src/message.cpp.o[0m
[0.073s] [ 38%] [32mBuilding CXX object CMakeFiles/sim.dir/src/planners.cpp.o[0m
[0.073s] [ 46%] [32mBuilding CXX object CMakeFiles/sim.dir/src/world.cpp.o[0m
[0.077s] [ 53%] [32mBuilding CXX object CMakeFiles/sim.dir/src/robot.cpp.o[0m
[0.077s] [ 61%] [32mBuilding CXX object CMakeFiles/sim.dir/src/behavior_tree.cpp.o[0m
[0.077s] [ 69%] [32mBuilding CXX object CMakeFiles/sim.dir/src/greedy.cpp.o[0m
[0.077s] [ 76%] [32mBuilding CXX object CMakeFiles/sim.dir/src/parser.cpp.o[0m
[3.047s] [01m[K/home/emily/sa-mrbt_ws/src/simplified_marine_sim/src/world.cpp:[m[K In constructor ‘[01m[KWorld::World(int, int, Distance*, SensorModel*, JSONParser*, double)[m[K’:
[3.047s] [01m[K/home/emily/sa-mrbt_ws/src/simplified_marine_sim/src/world.cpp:57:58:[m[K [01;31m[Kerror: [m[Kexpected ‘[01m[K;[m[K’ before ‘[01m[KisObstacle[m[K’
[3.047s]    57 |         log_info("isObstacle for 0,0 (should be false):")
[3.047s]       |                                                          [01;31m[K^[m[K
[3.047s]       |                                                          [32m[K;[m[K
[3.047s]    58 |         [32m[KisObstacle[m[K(0,0);
[3.048s]       |         [32m[K~~~~~~~~~~[m[K                                        
[3.048s] [01m[K/home/emily/sa-mrbt_ws/src/simplified_marine_sim/src/world.cpp:59:59:[m[K [01;31m[Kerror: [m[Kexpected ‘[01m[K;[m[K’ before ‘[01m[KisObstacle[m[K’
[3.048s]    59 |         log_info("isObstacle for 51,51 (should be true):")
[3.048s]       |                                                           [01;31m[K^[m[K
[3.048s]       |                                                           [32m[K;[m[K
[3.048s]    60 |         [32m[KisObstacle[m[K(51,51);
[3.048s]       |         [32m[K~~~~~~~~~~[m[K                                         
[4.939s] gmake[2]: *** [CMakeFiles/sim.dir/build.make:160: CMakeFiles/sim.dir/src/world.cpp.o] Error 1
[4.939s] gmake[2]: *** Waiting for unfinished jobs....
[8.104s] gmake[1]: *** [CMakeFiles/Makefile2:137: CMakeFiles/sim.dir/all] Error 2
[8.104s] gmake: *** [Makefile:146: all] Error 2
[8.106s] Invoked command in '/home/emily/sa-mrbt_ws/build/simulator' returned '2': CMAKE_PREFIX_PATH=/home/emily/sa-mrbt_ws/install/behaviortree_cpp:/home/emily/sa-mrbt_ws/install/simulator:/opt/ros/iron /usr/bin/cmake --build /home/emily/sa-mrbt_ws/build/simulator -- -j12 -l12
