[0.009s] Invoking command in '/home/emily/sa-mrbt_ws/build/behaviortree_cpp': CMAKE_PREFIX_PATH=${CMAKE_PREFIX_PATH}:/opt/ros/iron /usr/bin/cmake --build /home/emily/sa-mrbt_ws/build/behaviortree_cpp -- -j12 -l12
[0.042s] [  2%] [32mBuilding CXX object CMakeFiles/minitrace.dir/3rdparty/minitrace/minitrace.cpp.o[0m
[0.042s] [  2%] [32mBuilding CXX object gtest/CMakeFiles/gtest_main.dir/src/gtest_main.cc.o[0m
[0.043s] [  2%] [32mBuilding CXX object 3rdparty/lexy/src/CMakeFiles/lexy_file.dir/input/file.cpp.o[0m
[0.043s] [  3%] [32mBuilding CXX object gtest/CMakeFiles/gtest.dir/src/gtest-all.cc.o[0m
[0.146s] [  3%] [32m[1mLinking CXX static library liblexy_file.a[0m
[0.170s] [  3%] Built target lexy_file
[0.170s] [  4%] [32m[1mLinking CXX static library libminitrace.a[0m
[0.192s] [  4%] Built target minitrace
[0.229s] [  4%] [32mBuilding CXX object CMakeFiles/behaviortree_cpp.dir/src/action_node.cpp.o[0m
[0.229s] [  4%] [32mBuilding CXX object CMakeFiles/behaviortree_cpp.dir/src/blackboard.cpp.o[0m
[0.229s] [  5%] [32mBuilding CXX object CMakeFiles/behaviortree_cpp.dir/src/basic_types.cpp.o[0m
[0.229s] [  6%] [32mBuilding CXX object CMakeFiles/behaviortree_cpp.dir/src/decorator_node.cpp.o[0m
[0.230s] [  6%] [32mBuilding CXX object CMakeFiles/behaviortree_cpp.dir/src/control_node.cpp.o[0m
[0.230s] [  8%] [32mBuilding CXX object CMakeFiles/behaviortree_cpp.dir/src/condition_node.cpp.o[0m
[0.230s] [  8%] [32mBuilding CXX object CMakeFiles/behaviortree_cpp.dir/src/shared_library.cpp.o[0m
[0.230s] [  9%] [32mBuilding CXX object CMakeFiles/behaviortree_cpp.dir/src/tree_node.cpp.o[0m
[0.232s] [ 10%] [32mBuilding CXX object CMakeFiles/behaviortree_cpp.dir/src/json_export.cpp.o[0m
[0.236s] [ 10%] [32mBuilding CXX object CMakeFiles/behaviortree_cpp.dir/src/script_parser.cpp.o[0m
[1.028s] [ 11%] [32mBuilding CXX object CMakeFiles/behaviortree_cpp.dir/src/actions/test_node.cpp.o[0m
[1.223s] [ 12%] [32m[1mLinking CXX static library libgtest_main.a[0m
[1.261s] [ 12%] Built target gtest_main
[1.273s] [ 12%] [32mBuilding CXX object CMakeFiles/behaviortree_cpp.dir/src/actions/sleep_node.cpp.o[0m
[3.521s] [ 13%] [32mBuilding CXX object CMakeFiles/behaviortree_cpp.dir/src/decorators/delay_node.cpp.o[0m
[3.616s] [ 13%] [32mBuilding CXX object CMakeFiles/behaviortree_cpp.dir/src/decorators/inverter_node.cpp.o[0m
[3.685s] [ 14%] [32mBuilding CXX object CMakeFiles/behaviortree_cpp.dir/src/decorators/repeat_node.cpp.o[0m
[4.606s] [ 15%] [32mBuilding CXX object CMakeFiles/behaviortree_cpp.dir/src/decorators/retry_node.cpp.o[0m
[4.635s] [ 16%] [32mBuilding CXX object CMakeFiles/behaviortree_cpp.dir/src/decorators/subtree_node.cpp.o[0m
[4.904s] [ 16%] [32mBuilding CXX object CMakeFiles/behaviortree_cpp.dir/src/decorators/timeout_node.cpp.o[0m
[4.914s] [ 17%] [32mBuilding CXX object CMakeFiles/behaviortree_cpp.dir/src/controls/if_then_else_node.cpp.o[0m
[5.025s] [ 17%] [32mBuilding CXX object CMakeFiles/behaviortree_cpp.dir/src/controls/fallback_node.cpp.o[0m
[6.256s] [ 18%] [32mBuilding CXX object CMakeFiles/behaviortree_cpp.dir/src/controls/parallel_node.cpp.o[0m
[6.786s] [ 19%] [32mBuilding CXX object CMakeFiles/behaviortree_cpp.dir/src/controls/parallel_all_node.cpp.o[0m
[7.746s] [ 20%] [32mBuilding CXX object CMakeFiles/behaviortree_cpp.dir/src/controls/reactive_sequence.cpp.o[0m
[7.924s] [ 20%] [32mBuilding CXX object CMakeFiles/behaviortree_cpp.dir/src/controls/repeat_sequence.cpp.o[0m
[7.958s] [ 21%] [32mBuilding CXX object CMakeFiles/behaviortree_cpp.dir/src/controls/reactive_fallback.cpp.o[0m
[8.292s] [ 22%] [32mBuilding CXX object CMakeFiles/behaviortree_cpp.dir/src/controls/sequence_node.cpp.o[0m
[8.386s] [ 22%] [32mBuilding CXX object CMakeFiles/behaviortree_cpp.dir/src/controls/sequence_with_memory_node.cpp.o[0m
[8.853s] [ 23%] [32mBuilding CXX object CMakeFiles/behaviortree_cpp.dir/src/controls/switch_node.cpp.o[0m
[8.939s] [ 24%] [32mBuilding CXX object CMakeFiles/behaviortree_cpp.dir/src/controls/while_do_else_node.cpp.o[0m
[9.673s] [ 24%] [32mBuilding CXX object CMakeFiles/behaviortree_cpp.dir/3rdparty/tinyxml2/tinyxml2.cpp.o[0m
[10.810s] [ 25%] [32m[1mLinking CXX static library libgtest.a[0m
[10.919s] [ 25%] Built target gtest
[10.931s] [ 25%] [32mBuilding CXX object CMakeFiles/behaviortree_cpp.dir/src/shared_library_UNIX.cpp.o[0m
[12.908s] [ 26%] [32m[1mLinking CXX shared library libbehaviortree_cpp.so[0m
[13.038s] [ 37%] Built target behaviortree_cpp
[13.054s] [ 38%] [32m[1mLinking CXX shared library bin/libcrossdoor_nodes_dyn.so[0m
[13.054s] [ 38%] [32m[1mLinking CXX shared library bin/libdummy_nodes_dyn.so[0m
[13.054s] [ 38%] [32m[1mLinking CXX shared library bin/libmovebase_node_dyn.so[0m
[13.055s] [ 41%] Built target bt_sample_nodes
[13.056s] [ 42%] [32m[1mLinking CXX executable bt4_plugin_manifest[0m
[13.059s] [ 43%] [32m[1mLinking CXX shared library test_plugin_action.so[0m
[13.059s] [ 45%] [32m[1mLinking CXX executable t01_first_tree_dynamic[0m
[13.059s] [ 45%] [32m[1mLinking CXX executable test_plugin_executor[0m
[13.079s] [ 47%] [32m[1mLinking CXX executable t02_basic_ports[0m
[13.079s] [ 47%] [32m[1mLinking CXX executable t03_generic_ports[0m
[13.081s] [ 48%] [32m[1mLinking CXX executable t01_first_tree_static[0m
[13.082s] [ 48%] [32m[1mLinking CXX executable t04_reactive_sequence[0m
[13.111s] [ 49%] [32mBuilding CXX object tests/CMakeFiles/behaviortree_cpp_test.dir/src/action_test_node.cpp.o[0m
[13.237s] [ 50%] Built target movebase_node_dyn
[13.239s] [ 51%] Built target crossdoor_nodes_dyn
[13.243s] [ 52%] Built target test_plugin_action
[13.243s] [ 52%] Built target dummy_nodes_dyn
[13.254s] [ 52%] [32mBuilding CXX object tests/CMakeFiles/behaviortree_cpp_test.dir/gtest_any.cpp.o[0m
[13.255s] [ 53%] [32mBuilding CXX object tests/CMakeFiles/behaviortree_cpp_test.dir/src/condition_test_node.cpp.o[0m
[13.259s] [ 54%] Built target test_plugin_executor
[13.270s] [ 55%] [32m[1mLinking CXX executable t06_subtree_port_remapping[0m
[13.270s] [ 55%] [32m[1mLinking CXX executable t05_crossdoor[0m
[13.270s] [ 55%] Built target bt4_plugin_manifest
[13.275s] [ 56%] Built target t01_first_tree_dynamic
[13.279s] [ 56%] [32mBuilding CXX object tests/CMakeFiles/behaviortree_cpp_test.dir/gtest_match.cpp.o[0m
[13.281s] [ 56%] Built target t03_generic_ports
[13.283s] [ 57%] [32m[1mLinking CXX executable t07_load_multiple_xml[0m
[13.283s] [ 57%] Built target t01_first_tree_static
[13.284s] [ 58%] Built target t02_basic_ports
[13.287s] [ 59%] Built target t04_reactive_sequence
[13.294s] [ 60%] [32mBuilding CXX object tests/CMakeFiles/behaviortree_cpp_test.dir/gtest_json.cpp.o[0m
[13.300s] [ 60%] [32m[1mLinking CXX executable t08_additional_node_args[0m
[13.313s] [ 61%] [32m[1mLinking CXX executable t09_scripting[0m
[13.313s] [ 62%] [32m[1mLinking CXX executable t10_observer[0m
[13.319s] [ 63%] [32m[1mLinking CXX executable t11_groot_howto[0m
[13.444s] [ 64%] Built target t06_subtree_port_remapping
[13.444s] [ 65%] Built target t05_crossdoor
[13.469s] [ 66%] [32m[1mLinking CXX executable t12_default_ports[0m
[13.469s] [ 66%] [32m[1mLinking CXX executable t13_access_by_ref[0m
[13.470s] [ 67%] Built target t07_load_multiple_xml
[13.479s] [ 68%] Built target t08_additional_node_args
[13.486s] [ 69%] Built target t09_scripting
[13.498s] [ 70%] [32m[1mLinking CXX executable t14_subtree_model[0m
[13.503s] [ 70%] Built target t10_observer
[13.507s] [ 70%] [32m[1mLinking CXX executable t15_nodes_mocking[0m
[13.512s] [ 71%] [32m[1mLinking CXX executable t16_global_blackboard[0m
[13.517s] [ 72%] Built target t11_groot_howto
[13.532s] [ 73%] [32m[1mLinking CXX executable t17_blackboard_backup[0m
[13.544s] [ 74%] [32m[1mLinking CXX executable t18_waypoints[0m
[13.643s] [ 74%] Built target t12_default_ports
[13.655s] [ 75%] Built target t13_access_by_ref
[13.667s] [ 76%] Built target t14_subtree_model
[13.670s] [ 77%] [32m[1mLinking CXX executable ex01_wrap_legacy[0m
[13.679s] [ 78%] [32m[1mLinking CXX executable ex02_runtime_ports[0m
[13.688s] [ 79%] Built target t15_nodes_mocking
[13.690s] [ 80%] Built target t16_global_blackboard
[13.692s] [ 81%] [32m[1mLinking CXX executable ex03_sqlite_log[0m
[13.718s] [ 82%] Built target t18_waypoints
[13.718s] [ 82%] Built target t17_blackboard_backup
[13.800s] [ 83%] Built target ex02_runtime_ports
[13.820s] [ 83%] Built target ex01_wrap_legacy
[13.850s] [ 83%] Built target ex03_sqlite_log
[18.725s] [ 84%] [32m[1mLinking CXX executable behaviortree_cpp_test[0m
[18.948s] [100%] Built target behaviortree_cpp_test
[18.956s] Invoked command in '/home/emily/sa-mrbt_ws/build/behaviortree_cpp' returned '0': CMAKE_PREFIX_PATH=${CMAKE_PREFIX_PATH}:/opt/ros/iron /usr/bin/cmake --build /home/emily/sa-mrbt_ws/build/behaviortree_cpp -- -j12 -l12
[19.045s] Invoking command in '/home/emily/sa-mrbt_ws/build/behaviortree_cpp': CMAKE_PREFIX_PATH=${CMAKE_PREFIX_PATH}:/opt/ros/iron /usr/bin/cmake --install /home/emily/sa-mrbt_ws/build/behaviortree_cpp
[19.050s] -- Install configuration: "Release"
[19.050s] -- Installing: /home/emily/sa-mrbt_ws/install/behaviortree_cpp/lib/liblexy_file.a
[19.053s] -- Up-to-date: /home/emily/sa-mrbt_ws/install/behaviortree_cpp/lib/cmake/lexy/lexyTargets.cmake
[19.053s] -- Up-to-date: /home/emily/sa-mrbt_ws/install/behaviortree_cpp/lib/cmake/lexy/lexyTargets-release.cmake
[19.053s] -- Up-to-date: /home/emily/sa-mrbt_ws/install/behaviortree_cpp/lib/cmake/lexy/lexyConfig.cmake
[19.053s] -- Up-to-date: /home/emily/sa-mrbt_ws/install/behaviortree_cpp/lib/cmake/lexy/lexyConfigVersion.cmake
[19.053s] -- Up-to-date: /home/emily/sa-mrbt_ws/install/behaviortree_cpp/include/lexy
[19.054s] -- Up-to-date: /home/emily/sa-mrbt_ws/install/behaviortree_cpp/include/lexy/lexeme.hpp
[19.054s] -- Up-to-date: /home/emily/sa-mrbt_ws/install/behaviortree_cpp/include/lexy/visualize.hpp
[19.054s] -- Up-to-date: /home/emily/sa-mrbt_ws/install/behaviortree_cpp/include/lexy/callback
[19.054s] -- Up-to-date: /home/emily/sa-mrbt_ws/install/behaviortree_cpp/include/lexy/callback/bind.hpp
[19.054s] -- Up-to-date: /home/emily/sa-mrbt_ws/install/behaviortree_cpp/include/lexy/callback/integer.hpp
[19.054s] -- Up-to-date: /home/emily/sa-mrbt_ws/install/behaviortree_cpp/include/lexy/callback/object.hpp
[19.054s] -- Up-to-date: /home/emily/sa-mrbt_ws/install/behaviortree_cpp/include/lexy/callback/forward.hpp
[19.054s] -- Up-to-date: /home/emily/sa-mrbt_ws/install/behaviortree_cpp/include/lexy/callback/string.hpp
[19.054s] -- Up-to-date: /home/emily/sa-mrbt_ws/install/behaviortree_cpp/include/lexy/callback/adapter.hpp
[19.054s] -- Up-to-date: /home/emily/sa-mrbt_ws/install/behaviortree_cpp/include/lexy/callback/noop.hpp
[19.054s] -- Up-to-date: /home/emily/sa-mrbt_ws/install/behaviortree_cpp/include/lexy/callback/bit_cast.hpp
[19.054s] -- Up-to-date: /home/emily/sa-mrbt_ws/install/behaviortree_cpp/include/lexy/callback/base.hpp
[19.055s] -- Up-to-date: /home/emily/sa-mrbt_ws/install/behaviortree_cpp/include/lexy/callback/constant.hpp
[19.055s] -- Up-to-date: /home/emily/sa-mrbt_ws/install/behaviortree_cpp/include/lexy/callback/composition.hpp
[19.055s] -- Up-to-date: /home/emily/sa-mrbt_ws/install/behaviortree_cpp/include/lexy/callback/fold.hpp
[19.055s] -- Up-to-date: /home/emily/sa-mrbt_ws/install/behaviortree_cpp/include/lexy/callback/container.hpp
[19.055s] -- Up-to-date: /home/emily/sa-mrbt_ws/install/behaviortree_cpp/include/lexy/callback/aggregate.hpp
[19.055s] -- Up-to-date: /home/emily/sa-mrbt_ws/install/behaviortree_cpp/include/lexy/_detail
[19.055s] -- Up-to-date: /home/emily/sa-mrbt_ws/install/behaviortree_cpp/include/lexy/_detail/detect.hpp
[19.055s] -- Up-to-date: /home/emily/sa-mrbt_ws/install/behaviortree_cpp/include/lexy/_detail/std.hpp
[19.055s] -- Up-to-date: /home/emily/sa-mrbt_ws/install/behaviortree_cpp/include/lexy/_detail/invoke.hpp
[19.055s] -- Up-to-date: /home/emily/sa-mrbt_ws/install/behaviortree_cpp/include/lexy/_detail/code_point.hpp
[19.055s] -- Up-to-date: /home/emily/sa-mrbt_ws/install/behaviortree_cpp/include/lexy/_detail/unicode_database.hpp
[19.055s] -- Up-to-date: /home/emily/sa-mrbt_ws/install/behaviortree_cpp/include/lexy/_detail/nttp_string.hpp
[19.055s] -- Up-to-date: /home/emily/sa-mrbt_ws/install/behaviortree_cpp/include/lexy/_detail/iterator.hpp
[19.055s] -- Up-to-date: /home/emily/sa-mrbt_ws/install/behaviortree_cpp/include/lexy/_detail/string_view.hpp
[19.055s] -- Up-to-date: /home/emily/sa-mrbt_ws/install/behaviortree_cpp/include/lexy/_detail/assert.hpp
[19.055s] -- Up-to-date: /home/emily/sa-mrbt_ws/install/behaviortree_cpp/include/lexy/_detail/buffer_builder.hpp
[19.055s] -- Up-to-date: /home/emily/sa-mrbt_ws/install/behaviortree_cpp/include/lexy/_detail/stateless_lambda.hpp
[19.055s] -- Up-to-date: /home/emily/sa-mrbt_ws/install/behaviortree_cpp/include/lexy/_detail/tuple.hpp
[19.055s] -- Up-to-date: /home/emily/sa-mrbt_ws/install/behaviortree_cpp/include/lexy/_detail/config.hpp
[19.056s] -- Up-to-date: /home/emily/sa-mrbt_ws/install/behaviortree_cpp/include/lexy/_detail/lazy_init.hpp
[19.056s] -- Up-to-date: /home/emily/sa-mrbt_ws/install/behaviortree_cpp/include/lexy/_detail/type_name.hpp
[19.056s] -- Up-to-date: /home/emily/sa-mrbt_ws/install/behaviortree_cpp/include/lexy/_detail/any_ref.hpp
[19.056s] -- Up-to-date: /home/emily/sa-mrbt_ws/install/behaviortree_cpp/include/lexy/_detail/integer_sequence.hpp
[19.056s] -- Up-to-date: /home/emily/sa-mrbt_ws/install/behaviortree_cpp/include/lexy/_detail/memory_resource.hpp
[19.056s] -- Up-to-date: /home/emily/sa-mrbt_ws/install/behaviortree_cpp/include/lexy/_detail/swar.hpp
[19.056s] -- Up-to-date: /home/emily/sa-mrbt_ws/install/behaviortree_cpp/include/lexy/dsl.hpp
[19.056s] -- Up-to-date: /home/emily/sa-mrbt_ws/install/behaviortree_cpp/include/lexy/input_location.hpp
[19.056s] -- Up-to-date: /home/emily/sa-mrbt_ws/install/behaviortree_cpp/include/lexy/error.hpp
[19.056s] -- Up-to-date: /home/emily/sa-mrbt_ws/install/behaviortree_cpp/include/lexy/code_point.hpp
[19.056s] -- Up-to-date: /home/emily/sa-mrbt_ws/install/behaviortree_cpp/include/lexy/callback.hpp
[19.056s] -- Up-to-date: /home/emily/sa-mrbt_ws/install/behaviortree_cpp/include/lexy/input
[19.056s] -- Up-to-date: /home/emily/sa-mrbt_ws/install/behaviortree_cpp/include/lexy/input/base.hpp
[19.056s] -- Up-to-date: /home/emily/sa-mrbt_ws/install/behaviortree_cpp/include/lexy/input/string_input.hpp
[19.056s] -- Up-to-date: /home/emily/sa-mrbt_ws/install/behaviortree_cpp/include/lexy/input/file.hpp
[19.056s] -- Up-to-date: /home/emily/sa-mrbt_ws/install/behaviortree_cpp/include/lexy/input/lexeme_input.hpp
[19.056s] -- Up-to-date: /home/emily/sa-mrbt_ws/install/behaviortree_cpp/include/lexy/input/parse_tree_input.hpp
[19.057s] -- Up-to-date: /home/emily/sa-mrbt_ws/install/behaviortree_cpp/include/lexy/input/buffer.hpp
[19.057s] -- Up-to-date: /home/emily/sa-mrbt_ws/install/behaviortree_cpp/include/lexy/input/range_input.hpp
[19.057s] -- Up-to-date: /home/emily/sa-mrbt_ws/install/behaviortree_cpp/include/lexy/input/argv_input.hpp
[19.057s] -- Up-to-date: /home/emily/sa-mrbt_ws/install/behaviortree_cpp/include/lexy/dsl
[19.057s] -- Up-to-date: /home/emily/sa-mrbt_ws/install/behaviortree_cpp/include/lexy/dsl/subgrammar.hpp
[19.057s] -- Up-to-date: /home/emily/sa-mrbt_ws/install/behaviortree_cpp/include/lexy/dsl/integer.hpp
[19.057s] -- Up-to-date: /home/emily/sa-mrbt_ws/install/behaviortree_cpp/include/lexy/dsl/newline.hpp
[19.057s] -- Up-to-date: /home/emily/sa-mrbt_ws/install/behaviortree_cpp/include/lexy/dsl/operator.hpp
[19.057s] -- Up-to-date: /home/emily/sa-mrbt_ws/install/behaviortree_cpp/include/lexy/dsl/punctuator.hpp
[19.057s] -- Up-to-date: /home/emily/sa-mrbt_ws/install/behaviortree_cpp/include/lexy/dsl/terminator.hpp
[19.057s] -- Up-to-date: /home/emily/sa-mrbt_ws/install/behaviortree_cpp/include/lexy/dsl/recover.hpp
[19.057s] -- Up-to-date: /home/emily/sa-mrbt_ws/install/behaviortree_cpp/include/lexy/dsl/times.hpp
[19.057s] -- Up-to-date: /home/emily/sa-mrbt_ws/install/behaviortree_cpp/include/lexy/dsl/list.hpp
[19.057s] -- Up-to-date: /home/emily/sa-mrbt_ws/install/behaviortree_cpp/include/lexy/dsl/choice.hpp
[19.057s] -- Up-to-date: /home/emily/sa-mrbt_ws/install/behaviortree_cpp/include/lexy/dsl/whitespace.hpp
[19.057s] -- Up-to-date: /home/emily/sa-mrbt_ws/install/behaviortree_cpp/include/lexy/dsl/branch.hpp
[19.057s] -- Up-to-date: /home/emily/sa-mrbt_ws/install/behaviortree_cpp/include/lexy/dsl/eof.hpp
[19.057s] -- Up-to-date: /home/emily/sa-mrbt_ws/install/behaviortree_cpp/include/lexy/dsl/combination.hpp
[19.057s] -- Up-to-date: /home/emily/sa-mrbt_ws/install/behaviortree_cpp/include/lexy/dsl/follow.hpp
[19.057s] -- Up-to-date: /home/emily/sa-mrbt_ws/install/behaviortree_cpp/include/lexy/dsl/if.hpp
[19.057s] -- Up-to-date: /home/emily/sa-mrbt_ws/install/behaviortree_cpp/include/lexy/dsl/capture.hpp
[19.058s] -- Up-to-date: /home/emily/sa-mrbt_ws/install/behaviortree_cpp/include/lexy/dsl/bom.hpp
[19.058s] -- Up-to-date: /home/emily/sa-mrbt_ws/install/behaviortree_cpp/include/lexy/dsl/error.hpp
[19.058s] -- Up-to-date: /home/emily/sa-mrbt_ws/install/behaviortree_cpp/include/lexy/dsl/code_point.hpp
[19.058s] -- Up-to-date: /home/emily/sa-mrbt_ws/install/behaviortree_cpp/include/lexy/dsl/base.hpp
[19.058s] -- Up-to-date: /home/emily/sa-mrbt_ws/install/behaviortree_cpp/include/lexy/dsl/unicode.hpp
[19.058s] -- Up-to-date: /home/emily/sa-mrbt_ws/install/behaviortree_cpp/include/lexy/dsl/brackets.hpp
[19.058s] -- Up-to-date: /home/emily/sa-mrbt_ws/install/behaviortree_cpp/include/lexy/dsl/byte.hpp
[19.058s] -- Up-to-date: /home/emily/sa-mrbt_ws/install/behaviortree_cpp/include/lexy/dsl/symbol.hpp
[19.058s] -- Up-to-date: /home/emily/sa-mrbt_ws/install/behaviortree_cpp/include/lexy/dsl/repeat.hpp
[19.058s] -- Up-to-date: /home/emily/sa-mrbt_ws/install/behaviortree_cpp/include/lexy/dsl/identifier.hpp
[19.058s] -- Up-to-date: /home/emily/sa-mrbt_ws/install/behaviortree_cpp/include/lexy/dsl/token.hpp
[19.058s] -- Up-to-date: /home/emily/sa-mrbt_ws/install/behaviortree_cpp/include/lexy/dsl/literal.hpp
[19.058s] -- Up-to-date: /home/emily/sa-mrbt_ws/install/behaviortree_cpp/include/lexy/dsl/until.hpp
[19.058s] -- Up-to-date: /home/emily/sa-mrbt_ws/install/behaviortree_cpp/include/lexy/dsl/flags.hpp
[19.058s] -- Up-to-date: /home/emily/sa-mrbt_ws/install/behaviortree_cpp/include/lexy/dsl/context_counter.hpp
[19.058s] -- Up-to-date: /home/emily/sa-mrbt_ws/install/behaviortree_cpp/include/lexy/dsl/scan.hpp
[19.058s] -- Up-to-date: /home/emily/sa-mrbt_ws/install/behaviortree_cpp/include/lexy/dsl/delimited.hpp
[19.058s] -- Up-to-date: /home/emily/sa-mrbt_ws/install/behaviortree_cpp/include/lexy/dsl/ascii.hpp
[19.058s] -- Up-to-date: /home/emily/sa-mrbt_ws/install/behaviortree_cpp/include/lexy/dsl/char_class.hpp
[19.059s] -- Up-to-date: /home/emily/sa-mrbt_ws/install/behaviortree_cpp/include/lexy/dsl/expression.hpp
[19.059s] -- Up-to-date: /home/emily/sa-mrbt_ws/install/behaviortree_cpp/include/lexy/dsl/option.hpp
[19.059s] -- Up-to-date: /home/emily/sa-mrbt_ws/install/behaviortree_cpp/include/lexy/dsl/loop.hpp
[19.059s] -- Up-to-date: /home/emily/sa-mrbt_ws/install/behaviortree_cpp/include/lexy/dsl/return.hpp
[19.059s] -- Up-to-date: /home/emily/sa-mrbt_ws/install/behaviortree_cpp/include/lexy/dsl/effect.hpp
[19.059s] -- Up-to-date: /home/emily/sa-mrbt_ws/install/behaviortree_cpp/include/lexy/dsl/context_flag.hpp
[19.059s] -- Up-to-date: /home/emily/sa-mrbt_ws/install/behaviortree_cpp/include/lexy/dsl/member.hpp
[19.059s] -- Up-to-date: /home/emily/sa-mrbt_ws/install/behaviortree_cpp/include/lexy/dsl/parse_as.hpp
[19.059s] -- Up-to-date: /home/emily/sa-mrbt_ws/install/behaviortree_cpp/include/lexy/dsl/production.hpp
[19.059s] -- Up-to-date: /home/emily/sa-mrbt_ws/install/behaviortree_cpp/include/lexy/dsl/parse_tree_node.hpp
[19.059s] -- Up-to-date: /home/emily/sa-mrbt_ws/install/behaviortree_cpp/include/lexy/dsl/peek.hpp
[19.059s] -- Up-to-date: /home/emily/sa-mrbt_ws/install/behaviortree_cpp/include/lexy/dsl/lookahead.hpp
[19.059s] -- Up-to-date: /home/emily/sa-mrbt_ws/install/behaviortree_cpp/include/lexy/dsl/separator.hpp
[19.059s] -- Up-to-date: /home/emily/sa-mrbt_ws/install/behaviortree_cpp/include/lexy/dsl/case_folding.hpp
[19.059s] -- Up-to-date: /home/emily/sa-mrbt_ws/install/behaviortree_cpp/include/lexy/dsl/context_identifier.hpp
[19.059s] -- Up-to-date: /home/emily/sa-mrbt_ws/install/behaviortree_cpp/include/lexy/dsl/sequence.hpp
[19.059s] -- Up-to-date: /home/emily/sa-mrbt_ws/install/behaviortree_cpp/include/lexy/dsl/digit.hpp
[19.059s] -- Up-to-date: /home/emily/sa-mrbt_ws/install/behaviortree_cpp/include/lexy/dsl/position.hpp
[19.059s] -- Up-to-date: /home/emily/sa-mrbt_ws/install/behaviortree_cpp/include/lexy/dsl/sign.hpp
[19.059s] -- Up-to-date: /home/emily/sa-mrbt_ws/install/behaviortree_cpp/include/lexy/dsl/any.hpp
[19.059s] -- Up-to-date: /home/emily/sa-mrbt_ws/install/behaviortree_cpp/include/lexy/dsl/bits.hpp
[19.060s] -- Up-to-date: /home/emily/sa-mrbt_ws/install/behaviortree_cpp/include/lexy/parse_tree.hpp
[19.060s] -- Up-to-date: /home/emily/sa-mrbt_ws/install/behaviortree_cpp/include/lexy/grammar.hpp
[19.060s] -- Up-to-date: /home/emily/sa-mrbt_ws/install/behaviortree_cpp/include/lexy/token.hpp
[19.060s] -- Up-to-date: /home/emily/sa-mrbt_ws/install/behaviortree_cpp/include/lexy/encoding.hpp
[19.060s] -- Up-to-date: /home/emily/sa-mrbt_ws/install/behaviortree_cpp/include/lexy/action
[19.060s] -- Up-to-date: /home/emily/sa-mrbt_ws/install/behaviortree_cpp/include/lexy/action/match.hpp
[19.060s] -- Up-to-date: /home/emily/sa-mrbt_ws/install/behaviortree_cpp/include/lexy/action/parse.hpp
[19.060s] -- Up-to-date: /home/emily/sa-mrbt_ws/install/behaviortree_cpp/include/lexy/action/base.hpp
[19.060s] -- Up-to-date: /home/emily/sa-mrbt_ws/install/behaviortree_cpp/include/lexy/action/validate.hpp
[19.060s] -- Up-to-date: /home/emily/sa-mrbt_ws/install/behaviortree_cpp/include/lexy/action/scan.hpp
[19.060s] -- Up-to-date: /home/emily/sa-mrbt_ws/install/behaviortree_cpp/include/lexy/action/parse_as_tree.hpp
[19.060s] -- Up-to-date: /home/emily/sa-mrbt_ws/install/behaviortree_cpp/include/lexy/action/trace.hpp
[19.060s] -- Up-to-date: /home/emily/sa-mrbt_ws/install/behaviortree_cpp/include/lexy_ext
[19.060s] -- Up-to-date: /home/emily/sa-mrbt_ws/install/behaviortree_cpp/include/lexy_ext/shell.hpp
[19.060s] -- Up-to-date: /home/emily/sa-mrbt_ws/install/behaviortree_cpp/include/lexy_ext/report_error.hpp
[19.060s] -- Up-to-date: /home/emily/sa-mrbt_ws/install/behaviortree_cpp/include/lexy_ext/compiler_explorer.hpp
[19.060s] -- Up-to-date: /home/emily/sa-mrbt_ws/install/behaviortree_cpp/include/lexy_ext/parse_tree_algorithm.hpp
[19.060s] -- Up-to-date: /home/emily/sa-mrbt_ws/install/behaviortree_cpp/include/lexy_ext/parse_tree_doctest.hpp
[19.060s] -- Installing: /home/emily/sa-mrbt_ws/install/behaviortree_cpp/share/behaviortree_cpp/bt_plugins/libcrossdoor_nodes_dyn.so
[19.060s] -- Set runtime path of "/home/emily/sa-mrbt_ws/install/behaviortree_cpp/share/behaviortree_cpp/bt_plugins/libcrossdoor_nodes_dyn.so" to ""
[19.060s] -- Installing: /home/emily/sa-mrbt_ws/install/behaviortree_cpp/share/behaviortree_cpp/bt_plugins/libdummy_nodes_dyn.so
[19.061s] -- Set runtime path of "/home/emily/sa-mrbt_ws/install/behaviortree_cpp/share/behaviortree_cpp/bt_plugins/libdummy_nodes_dyn.so" to ""
[19.061s] -- Installing: /home/emily/sa-mrbt_ws/install/behaviortree_cpp/share/behaviortree_cpp/bt_plugins/libmovebase_node_dyn.so
[19.061s] -- Set runtime path of "/home/emily/sa-mrbt_ws/install/behaviortree_cpp/share/behaviortree_cpp/bt_plugins/libmovebase_node_dyn.so" to ""
[19.061s] -- Installing: /home/emily/sa-mrbt_ws/install/behaviortree_cpp/bin/bt4_plugin_manifest
[19.061s] -- Set runtime path of "/home/emily/sa-mrbt_ws/install/behaviortree_cpp/bin/bt4_plugin_manifest" to ""
[19.061s] -- Installing: /home/emily/sa-mrbt_ws/install/behaviortree_cpp/lib/libbehaviortree_cpp.so
[19.061s] -- Set runtime path of "/home/emily/sa-mrbt_ws/install/behaviortree_cpp/lib/libbehaviortree_cpp.so" to ""
[19.061s] -- Up-to-date: /home/emily/sa-mrbt_ws/install/behaviortree_cpp/include
[19.061s] -- Up-to-date: /home/emily/sa-mrbt_ws/install/behaviortree_cpp/include/behaviortree_cpp
[19.061s] -- Up-to-date: /home/emily/sa-mrbt_ws/install/behaviortree_cpp/include/behaviortree_cpp/behavior_tree.h
[19.061s] -- Up-to-date: /home/emily/sa-mrbt_ws/install/behaviortree_cpp/include/behaviortree_cpp/condition_node.h
[19.061s] -- Up-to-date: /home/emily/sa-mrbt_ws/install/behaviortree_cpp/include/behaviortree_cpp/actions
[19.061s] -- Up-to-date: /home/emily/sa-mrbt_ws/install/behaviortree_cpp/include/behaviortree_cpp/actions/pop_from_queue.hpp
[19.061s] -- Up-to-date: /home/emily/sa-mrbt_ws/install/behaviortree_cpp/include/behaviortree_cpp/actions/set_blackboard_node.h
[19.061s] -- Up-to-date: /home/emily/sa-mrbt_ws/install/behaviortree_cpp/include/behaviortree_cpp/actions/unset_blackboard_node.h
[19.062s] -- Up-to-date: /home/emily/sa-mrbt_ws/install/behaviortree_cpp/include/behaviortree_cpp/actions/updated_action.h
[19.062s] -- Up-to-date: /home/emily/sa-mrbt_ws/install/behaviortree_cpp/include/behaviortree_cpp/actions/always_failure_node.h
[19.062s] -- Up-to-date: /home/emily/sa-mrbt_ws/install/behaviortree_cpp/include/behaviortree_cpp/actions/test_node.h
[19.062s] -- Up-to-date: /home/emily/sa-mrbt_ws/install/behaviortree_cpp/include/behaviortree_cpp/actions/script_node.h
[19.062s] -- Up-to-date: /home/emily/sa-mrbt_ws/install/behaviortree_cpp/include/behaviortree_cpp/actions/script_condition.h
[19.062s] -- Up-to-date: /home/emily/sa-mrbt_ws/install/behaviortree_cpp/include/behaviortree_cpp/actions/always_success_node.h
[19.062s] -- Up-to-date: /home/emily/sa-mrbt_ws/install/behaviortree_cpp/include/behaviortree_cpp/actions/sleep_node.h
[19.062s] -- Up-to-date: /home/emily/sa-mrbt_ws/install/behaviortree_cpp/include/behaviortree_cpp/leaf_node.h
[19.062s] -- Up-to-date: /home/emily/sa-mrbt_ws/install/behaviortree_cpp/include/behaviortree_cpp/scripting
[19.062s] -- Up-to-date: /home/emily/sa-mrbt_ws/install/behaviortree_cpp/include/behaviortree_cpp/scripting/any_types.hpp
[19.062s] -- Up-to-date: /home/emily/sa-mrbt_ws/install/behaviortree_cpp/include/behaviortree_cpp/scripting/operators.hpp
[19.062s] -- Up-to-date: /home/emily/sa-mrbt_ws/install/behaviortree_cpp/include/behaviortree_cpp/scripting/script_parser.hpp
[19.062s] -- Up-to-date: /home/emily/sa-mrbt_ws/install/behaviortree_cpp/include/behaviortree_cpp/controls
[19.062s] -- Up-to-date: /home/emily/sa-mrbt_ws/install/behaviortree_cpp/include/behaviortree_cpp/controls/while_do_else_node.h
[19.062s] -- Up-to-date: /home/emily/sa-mrbt_ws/install/behaviortree_cpp/include/behaviortree_cpp/controls/reactive_fallback.h
[19.062s] -- Up-to-date: /home/emily/sa-mrbt_ws/install/behaviortree_cpp/include/behaviortree_cpp/controls/fallback_node.h
[19.062s] -- Up-to-date: /home/emily/sa-mrbt_ws/install/behaviortree_cpp/include/behaviortree_cpp/controls/sequence_with_memory_node.h
[19.062s] -- Up-to-date: /home/emily/sa-mrbt_ws/install/behaviortree_cpp/include/behaviortree_cpp/controls/parallel_node.h
[19.062s] -- Up-to-date: /home/emily/sa-mrbt_ws/install/behaviortree_cpp/include/behaviortree_cpp/controls/reactive_sequence.h
[19.063s] -- Up-to-date: /home/emily/sa-mrbt_ws/install/behaviortree_cpp/include/behaviortree_cpp/controls/repeat_sequence.h
[19.063s] -- Up-to-date: /home/emily/sa-mrbt_ws/install/behaviortree_cpp/include/behaviortree_cpp/controls/switch_node.h
[19.063s] -- Up-to-date: /home/emily/sa-mrbt_ws/install/behaviortree_cpp/include/behaviortree_cpp/controls/parallel_all_node.h
[19.063s] -- Up-to-date: /home/emily/sa-mrbt_ws/install/behaviortree_cpp/include/behaviortree_cpp/controls/if_then_else_node.h
[19.063s] -- Up-to-date: /home/emily/sa-mrbt_ws/install/behaviortree_cpp/include/behaviortree_cpp/controls/counter_sequence.h
[19.063s] -- Up-to-date: /home/emily/sa-mrbt_ws/install/behaviortree_cpp/include/behaviortree_cpp/controls/sequence_node.h
[19.063s] -- Up-to-date: /home/emily/sa-mrbt_ws/install/behaviortree_cpp/include/behaviortree_cpp/controls/manual_node.h
[19.063s] -- Up-to-date: /home/emily/sa-mrbt_ws/install/behaviortree_cpp/include/behaviortree_cpp/control_node.h
[19.063s] -- Up-to-date: /home/emily/sa-mrbt_ws/install/behaviortree_cpp/include/behaviortree_cpp/xml_parsing.h
[19.063s] -- Up-to-date: /home/emily/sa-mrbt_ws/install/behaviortree_cpp/include/behaviortree_cpp/action_node.h
[19.063s] -- Up-to-date: /home/emily/sa-mrbt_ws/install/behaviortree_cpp/include/behaviortree_cpp/exceptions.h
[19.063s] -- Up-to-date: /home/emily/sa-mrbt_ws/install/behaviortree_cpp/include/behaviortree_cpp/decorators
[19.063s] -- Up-to-date: /home/emily/sa-mrbt_ws/install/behaviortree_cpp/include/behaviortree_cpp/decorators/loop_node.h
[19.063s] -- Up-to-date: /home/emily/sa-mrbt_ws/install/behaviortree_cpp/include/behaviortree_cpp/decorators/consume_queue.h
[19.063s] -- Up-to-date: /home/emily/sa-mrbt_ws/install/behaviortree_cpp/include/behaviortree_cpp/decorators/force_failure_node.h
[19.063s] -- Up-to-date: /home/emily/sa-mrbt_ws/install/behaviortree_cpp/include/behaviortree_cpp/decorators/delay_node.h
[19.063s] -- Up-to-date: /home/emily/sa-mrbt_ws/install/behaviortree_cpp/include/behaviortree_cpp/decorators/timeout_node.h
[19.063s] -- Up-to-date: /home/emily/sa-mrbt_ws/install/behaviortree_cpp/include/behaviortree_cpp/decorators/retry_node.h
[19.064s] -- Up-to-date: /home/emily/sa-mrbt_ws/install/behaviortree_cpp/include/behaviortree_cpp/decorators/repeat_node.h
[19.064s] -- Up-to-date: /home/emily/sa-mrbt_ws/install/behaviortree_cpp/include/behaviortree_cpp/decorators/force_success_node.h
[19.064s] -- Up-to-date: /home/emily/sa-mrbt_ws/install/behaviortree_cpp/include/behaviortree_cpp/decorators/run_once_node.h
[19.064s] -- Up-to-date: /home/emily/sa-mrbt_ws/install/behaviortree_cpp/include/behaviortree_cpp/decorators/inverter_node.h
[19.064s] -- Up-to-date: /home/emily/sa-mrbt_ws/install/behaviortree_cpp/include/behaviortree_cpp/decorators/subtree_node.h
[19.064s] -- Up-to-date: /home/emily/sa-mrbt_ws/install/behaviortree_cpp/include/behaviortree_cpp/decorators/keep_running_until_failure_node.h
[19.064s] -- Up-to-date: /home/emily/sa-mrbt_ws/install/behaviortree_cpp/include/behaviortree_cpp/decorators/updated_decorator.h
[19.064s] -- Up-to-date: /home/emily/sa-mrbt_ws/install/behaviortree_cpp/include/behaviortree_cpp/decorators/script_precondition.h
[19.064s] -- Up-to-date: /home/emily/sa-mrbt_ws/install/behaviortree_cpp/include/behaviortree_cpp/bt_factory.h
[19.064s] -- Up-to-date: /home/emily/sa-mrbt_ws/install/behaviortree_cpp/include/behaviortree_cpp/blackboard.h
[19.065s] -- Up-to-date: /home/emily/sa-mrbt_ws/install/behaviortree_cpp/include/behaviortree_cpp/flatbuffers
[19.065s] -- Up-to-date: /home/emily/sa-mrbt_ws/install/behaviortree_cpp/include/behaviortree_cpp/flatbuffers/bt_flatbuffer_helper.h
[19.065s] -- Up-to-date: /home/emily/sa-mrbt_ws/install/behaviortree_cpp/include/behaviortree_cpp/basic_types.h
[19.065s] -- Up-to-date: /home/emily/sa-mrbt_ws/install/behaviortree_cpp/include/behaviortree_cpp/bt_parser.h
[19.065s] -- Up-to-date: /home/emily/sa-mrbt_ws/install/behaviortree_cpp/include/behaviortree_cpp/utils
[19.065s] -- Up-to-date: /home/emily/sa-mrbt_ws/install/behaviortree_cpp/include/behaviortree_cpp/utils/convert_impl.hpp
[19.065s] -- Up-to-date: /home/emily/sa-mrbt_ws/install/behaviortree_cpp/include/behaviortree_cpp/utils/signal.h
[19.065s] -- Up-to-date: /home/emily/sa-mrbt_ws/install/behaviortree_cpp/include/behaviortree_cpp/utils/wakeup_signal.hpp
[19.065s] -- Up-to-date: /home/emily/sa-mrbt_ws/install/behaviortree_cpp/include/behaviortree_cpp/utils/platform.hpp
[19.065s] -- Up-to-date: /home/emily/sa-mrbt_ws/install/behaviortree_cpp/include/behaviortree_cpp/utils/locked_reference.hpp
[19.065s] -- Up-to-date: /home/emily/sa-mrbt_ws/install/behaviortree_cpp/include/behaviortree_cpp/utils/strcat.hpp
[19.065s] -- Up-to-date: /home/emily/sa-mrbt_ws/install/behaviortree_cpp/include/behaviortree_cpp/utils/timer_queue.h
[19.065s] -- Up-to-date: /home/emily/sa-mrbt_ws/install/behaviortree_cpp/include/behaviortree_cpp/utils/simple_string.hpp
[19.065s] -- Up-to-date: /home/emily/sa-mrbt_ws/install/behaviortree_cpp/include/behaviortree_cpp/utils/demangle_util.h
[19.066s] -- Up-to-date: /home/emily/sa-mrbt_ws/install/behaviortree_cpp/include/behaviortree_cpp/utils/safe_any.hpp
[19.066s] -- Up-to-date: /home/emily/sa-mrbt_ws/install/behaviortree_cpp/include/behaviortree_cpp/utils/shared_library.h
[19.066s] -- Up-to-date: /home/emily/sa-mrbt_ws/install/behaviortree_cpp/include/behaviortree_cpp/json_export.h
[19.066s] -- Up-to-date: /home/emily/sa-mrbt_ws/install/behaviortree_cpp/include/behaviortree_cpp/decorator_node.h
[19.066s] -- Up-to-date: /home/emily/sa-mrbt_ws/install/behaviortree_cpp/include/behaviortree_cpp/tree_node.h
[19.066s] -- Up-to-date: /home/emily/sa-mrbt_ws/install/behaviortree_cpp/include/behaviortree_cpp/loggers
[19.066s] -- Up-to-date: /home/emily/sa-mrbt_ws/install/behaviortree_cpp/include/behaviortree_cpp/loggers/bt_file_logger_v2.h
[19.066s] -- Up-to-date: /home/emily/sa-mrbt_ws/install/behaviortree_cpp/include/behaviortree_cpp/loggers/bt_minitrace_logger.h
[19.066s] -- Up-to-date: /home/emily/sa-mrbt_ws/install/behaviortree_cpp/include/behaviortree_cpp/loggers/bt_observer.h
[19.066s] -- Up-to-date: /home/emily/sa-mrbt_ws/install/behaviortree_cpp/include/behaviortree_cpp/loggers/bt_cout_logger.h
[19.066s] -- Up-to-date: /home/emily/sa-mrbt_ws/install/behaviortree_cpp/include/behaviortree_cpp/loggers/abstract_logger.h
[19.066s] -- Up-to-date: /home/emily/sa-mrbt_ws/install/behaviortree_cpp/include/behaviortree_cpp/loggers/groot2_publisher.h
[19.066s] -- Up-to-date: /home/emily/sa-mrbt_ws/install/behaviortree_cpp/include/behaviortree_cpp/loggers/bt_sqlite_logger.h
[19.066s] -- Up-to-date: /home/emily/sa-mrbt_ws/install/behaviortree_cpp/include/behaviortree_cpp/loggers/groot2_protocol.h
[19.067s] -- Up-to-date: /home/emily/sa-mrbt_ws/install/behaviortree_cpp/include/behaviortree_cpp/contrib
[19.067s] -- Up-to-date: /home/emily/sa-mrbt_ws/install/behaviortree_cpp/include/behaviortree_cpp/contrib/json.hpp
[19.067s] -- Up-to-date: /home/emily/sa-mrbt_ws/install/behaviortree_cpp/include/behaviortree_cpp/contrib/magic_enum.hpp
[19.067s] -- Up-to-date: /home/emily/sa-mrbt_ws/install/behaviortree_cpp/include/behaviortree_cpp/contrib/expected.hpp
[19.067s] -- Up-to-date: /home/emily/sa-mrbt_ws/install/behaviortree_cpp/include/behaviortree_cpp/contrib/any.hpp
[19.067s] -- Up-to-date: /home/emily/sa-mrbt_ws/install/behaviortree_cpp/share/behaviortree_cpp/environment/library_path.sh
[19.067s] -- Up-to-date: /home/emily/sa-mrbt_ws/install/behaviortree_cpp/share/behaviortree_cpp/environment/library_path.dsv
[19.067s] -- Up-to-date: /home/emily/sa-mrbt_ws/install/behaviortree_cpp/share/ament_index/resource_index/package_run_dependencies/behaviortree_cpp
[19.067s] -- Up-to-date: /home/emily/sa-mrbt_ws/install/behaviortree_cpp/share/ament_index/resource_index/parent_prefix_path/behaviortree_cpp
[19.067s] -- Up-to-date: /home/emily/sa-mrbt_ws/install/behaviortree_cpp/share/behaviortree_cpp/environment/ament_prefix_path.sh
[19.067s] -- Up-to-date: /home/emily/sa-mrbt_ws/install/behaviortree_cpp/share/behaviortree_cpp/environment/ament_prefix_path.dsv
[19.067s] -- Up-to-date: /home/emily/sa-mrbt_ws/install/behaviortree_cpp/share/behaviortree_cpp/environment/path.sh
[19.067s] -- Up-to-date: /home/emily/sa-mrbt_ws/install/behaviortree_cpp/share/behaviortree_cpp/environment/path.dsv
[19.067s] -- Up-to-date: /home/emily/sa-mrbt_ws/install/behaviortree_cpp/share/behaviortree_cpp/local_setup.bash
[19.067s] -- Up-to-date: /home/emily/sa-mrbt_ws/install/behaviortree_cpp/share/behaviortree_cpp/local_setup.sh
[19.068s] -- Up-to-date: /home/emily/sa-mrbt_ws/install/behaviortree_cpp/share/behaviortree_cpp/local_setup.zsh
[19.068s] -- Up-to-date: /home/emily/sa-mrbt_ws/install/behaviortree_cpp/share/behaviortree_cpp/local_setup.dsv
[19.068s] -- Installing: /home/emily/sa-mrbt_ws/install/behaviortree_cpp/share/behaviortree_cpp/package.dsv
[19.068s] -- Up-to-date: /home/emily/sa-mrbt_ws/install/behaviortree_cpp/share/ament_index/resource_index/packages/behaviortree_cpp
[19.068s] -- Up-to-date: /home/emily/sa-mrbt_ws/install/behaviortree_cpp/share/behaviortree_cpp/cmake/behaviortree_cppTargetsExport.cmake
[19.068s] -- Up-to-date: /home/emily/sa-mrbt_ws/install/behaviortree_cpp/share/behaviortree_cpp/cmake/behaviortree_cppTargetsExport-release.cmake
[19.068s] -- Up-to-date: /home/emily/sa-mrbt_ws/install/behaviortree_cpp/share/behaviortree_cpp/cmake/ament_cmake_export_dependencies-extras.cmake
[19.068s] -- Up-to-date: /home/emily/sa-mrbt_ws/install/behaviortree_cpp/share/behaviortree_cpp/cmake/ament_cmake_export_include_directories-extras.cmake
[19.068s] -- Up-to-date: /home/emily/sa-mrbt_ws/install/behaviortree_cpp/share/behaviortree_cpp/cmake/ament_cmake_export_libraries-extras.cmake
[19.068s] -- Up-to-date: /home/emily/sa-mrbt_ws/install/behaviortree_cpp/share/behaviortree_cpp/cmake/ament_cmake_export_targets-extras.cmake
[19.068s] -- Up-to-date: /home/emily/sa-mrbt_ws/install/behaviortree_cpp/share/behaviortree_cpp/cmake/behaviortree_cppConfig.cmake
[19.068s] -- Up-to-date: /home/emily/sa-mrbt_ws/install/behaviortree_cpp/share/behaviortree_cpp/cmake/behaviortree_cppConfig-version.cmake
[19.068s] -- Up-to-date: /home/emily/sa-mrbt_ws/install/behaviortree_cpp/share/behaviortree_cpp/package.xml
[19.069s] Invoked command in '/home/emily/sa-mrbt_ws/build/behaviortree_cpp' returned '0': CMAKE_PREFIX_PATH=${CMAKE_PREFIX_PATH}:/opt/ros/iron /usr/bin/cmake --install /home/emily/sa-mrbt_ws/build/behaviortree_cpp
