[0.008s] Invoking command in '/home/emily/sa-mrbt_ws/build/behaviortree_cpp': CMAKE_PREFIX_PATH=${CMAKE_PREFIX_PATH}:/opt/ros/iron /usr/bin/cmake --build /home/emily/sa-mrbt_ws/build/behaviortree_cpp -- -j12 -l12
[0.041s] [  3%] Built target lexy_file
[0.041s] [  4%] Built target gtest_main
[0.041s] [  4%] Built target minitrace
[0.041s] [  6%] Built target gtest
[0.060s] [35m[1mConsolidate compiler generated dependencies of target behaviortree_cpp[0m
[0.103s] [  8%] [32mBuilding CXX object CMakeFiles/behaviortree_cpp.dir/src/behavior_tree.cpp.o[0m
[0.103s] [  8%] [32mBuilding CXX object CMakeFiles/behaviortree_cpp.dir/src/bt_factory.cpp.o[0m
[0.103s] [  9%] [32mBuilding CXX object CMakeFiles/behaviortree_cpp.dir/src/xml_parsing.cpp.o[0m
[0.103s] [ 11%] [32mBuilding CXX object CMakeFiles/behaviortree_cpp.dir/src/decorators/updated_decorator.cpp.o[0m
[0.103s] [ 11%] [32mBuilding CXX object CMakeFiles/behaviortree_cpp.dir/src/actions/updated_action.cpp.o[0m
[0.103s] [ 12%] [32mBuilding CXX object CMakeFiles/behaviortree_cpp.dir/src/controls/counter_sequence.cpp.o[0m
[0.104s] [ 13%] [32mBuilding CXX object CMakeFiles/behaviortree_cpp.dir/src/loggers/bt_file_logger_v2.cpp.o[0m
[0.104s] [ 13%] [32mBuilding CXX object CMakeFiles/behaviortree_cpp.dir/src/loggers/bt_cout_logger.cpp.o[0m
[0.104s] [ 14%] [32mBuilding CXX object CMakeFiles/behaviortree_cpp.dir/src/loggers/bt_minitrace_logger.cpp.o[0m
[0.105s] [ 16%] [32mBuilding CXX object CMakeFiles/behaviortree_cpp.dir/src/loggers/bt_observer.cpp.o[0m
[0.105s] [ 16%] [32mBuilding CXX object CMakeFiles/behaviortree_cpp.dir/src/loggers/groot2_publisher.cpp.o[0m
[0.106s] [ 17%] [32mBuilding CXX object CMakeFiles/behaviortree_cpp.dir/src/loggers/bt_sqlite_logger.cpp.o[0m
[13.844s] [ 18%] [32m[1mLinking CXX shared library libbehaviortree_cpp.so[0m
[13.961s] [ 37%] Built target behaviortree_cpp
[13.977s] [ 37%] [32mBuilding CXX object tools/CMakeFiles/bt4_plugin_manifest.dir/bt_plugin_manifest.cpp.o[0m
[13.977s] [ 38%] [32mBuilding CXX object examples/CMakeFiles/test_plugin_executor.dir/plugin_example/plugin_executor.cpp.o[0m
[13.978s] [ 39%] [32mBuilding CXX object examples/CMakeFiles/t01_first_tree_dynamic.dir/t01_build_your_first_tree.cpp.o[0m
[13.980s] [ 40%] [32mBuilding CXX object sample_nodes/CMakeFiles/crossdoor_nodes_dyn.dir/crossdoor_nodes.cpp.o[0m
[13.980s] [ 41%] [32mBuilding CXX object sample_nodes/CMakeFiles/movebase_node_dyn.dir/movebase_node.cpp.o[0m
[13.981s] [ 41%] [32mBuilding CXX object examples/CMakeFiles/test_plugin_action.dir/plugin_example/plugin_action.cpp.o[0m
[13.981s] [ 42%] [32mBuilding CXX object sample_nodes/CMakeFiles/dummy_nodes_dyn.dir/dummy_nodes.cpp.o[0m
[13.982s] [ 43%] [32mBuilding CXX object sample_nodes/CMakeFiles/bt_sample_nodes.dir/dummy_nodes.cpp.o[0m
[13.983s] [ 43%] [32mBuilding CXX object sample_nodes/CMakeFiles/bt_sample_nodes.dir/crossdoor_nodes.cpp.o[0m
[13.983s] [ 44%] [32mBuilding CXX object sample_nodes/CMakeFiles/bt_sample_nodes.dir/movebase_node.cpp.o[0m
[17.418s] [ 45%] [32m[1mLinking CXX executable bt4_plugin_manifest[0m
[17.513s] [ 45%] Built target bt4_plugin_manifest
[17.948s] [ 45%] [32m[1mLinking CXX shared library bin/libcrossdoor_nodes_dyn.so[0m
[18.027s] [ 45%] Built target crossdoor_nodes_dyn
[18.068s] [ 46%] [32m[1mLinking CXX shared library bin/libdummy_nodes_dyn.so[0m
[18.076s] [ 47%] [32m[1mLinking CXX executable t01_first_tree_dynamic[0m
[18.108s] [ 48%] [32m[1mLinking CXX executable test_plugin_executor[0m
[18.151s] [ 48%] Built target dummy_nodes_dyn
[18.172s] [ 48%] Built target t01_first_tree_dynamic
[18.186s] [ 49%] [32m[1mLinking CXX static library lib/libbt_sample_nodes.a[0m
[18.198s] [ 49%] Built target test_plugin_executor
[18.212s] [ 49%] Built target bt_sample_nodes
[18.238s] [ 53%] [32mBuilding CXX object examples/CMakeFiles/t03_generic_ports.dir/t03_generic_ports.cpp.o[0m
[18.238s] [ 53%] [32mBuilding CXX object examples/CMakeFiles/t07_load_multiple_xml.dir/t07_load_multiple_xml.cpp.o[0m
[18.238s] [ 53%] [32mBuilding CXX object examples/CMakeFiles/t01_first_tree_static.dir/t01_build_your_first_tree.cpp.o[0m
[18.238s] [ 53%] [32mBuilding CXX object examples/CMakeFiles/t05_crossdoor.dir/t05_crossdoor.cpp.o[0m
[18.238s] [ 53%] [32mBuilding CXX object examples/CMakeFiles/t06_subtree_port_remapping.dir/t06_subtree_port_remapping.cpp.o[0m
[18.238s] [ 53%] [32mBuilding CXX object examples/CMakeFiles/t04_reactive_sequence.dir/t04_reactive_sequence.cpp.o[0m
[18.240s] [ 56%] [32mBuilding CXX object examples/CMakeFiles/t09_scripting.dir/t09_scripting.cpp.o[0m
[18.240s] [ 56%] [32mBuilding CXX object examples/CMakeFiles/t02_basic_ports.dir/t02_basic_ports.cpp.o[0m
[18.240s] [ 56%] [32mBuilding CXX object examples/CMakeFiles/t08_additional_node_args.dir/t08_additional_node_args.cpp.o[0m
[18.268s] [ 57%] [32mBuilding CXX object tests/CMakeFiles/behaviortree_cpp_test.dir/gtest_blackboard.cpp.o[0m
[18.355s] [ 58%] [32m[1mLinking CXX shared library test_plugin_action.so[0m
[18.479s] [ 58%] Built target test_plugin_action
[18.487s] [ 59%] [32mBuilding CXX object tests/CMakeFiles/behaviortree_cpp_test.dir/gtest_coroutines.cpp.o[0m
[19.024s] [ 59%] [32m[1mLinking CXX shared library bin/libmovebase_node_dyn.so[0m
[19.155s] [ 59%] Built target movebase_node_dyn
[19.166s] [ 59%] [32mBuilding CXX object tests/CMakeFiles/behaviortree_cpp_test.dir/gtest_decorator.cpp.o[0m
[22.629s] [ 60%] [32m[1mLinking CXX executable t05_crossdoor[0m
[22.778s] [ 60%] Built target t05_crossdoor
[22.790s] [ 61%] [32mBuilding CXX object tests/CMakeFiles/behaviortree_cpp_test.dir/gtest_enums.cpp.o[0m
[22.975s] [ 61%] [32m[1mLinking CXX executable t08_additional_node_args[0m
[23.123s] [ 61%] Built target t08_additional_node_args
[23.135s] [ 62%] [32mBuilding CXX object tests/CMakeFiles/behaviortree_cpp_test.dir/gtest_factory.cpp.o[0m
[23.349s] [ 63%] [32m[1mLinking CXX executable t01_first_tree_static[0m
[23.393s] [ 64%] [32m[1mLinking CXX executable t09_scripting[0m
[23.450s] [ 65%] [32m[1mLinking CXX executable t07_load_multiple_xml[0m
[23.514s] [ 65%] Built target t01_first_tree_static
[23.523s] [ 66%] [32mBuilding CXX object tests/CMakeFiles/behaviortree_cpp_test.dir/gtest_fallback.cpp.o[0m
[23.567s] [ 66%] Built target t09_scripting
[23.588s] [ 66%] [32mBuilding CXX object tests/CMakeFiles/behaviortree_cpp_test.dir/gtest_parallel.cpp.o[0m
[23.611s] [ 66%] Built target t07_load_multiple_xml
[23.631s] [ 67%] [32mBuilding CXX object tests/CMakeFiles/behaviortree_cpp_test.dir/gtest_preconditions.cpp.o[0m
[23.663s] [ 67%] [32m[1mLinking CXX executable t04_reactive_sequence[0m
[23.794s] [ 67%] [32m[1mLinking CXX executable t06_subtree_port_remapping[0m
[23.823s] [ 67%] Built target t04_reactive_sequence
[23.853s] [ 67%] [32mBuilding CXX object examples/CMakeFiles/t10_observer.dir/t10_observer.cpp.o[0m
[23.949s] [ 67%] Built target t06_subtree_port_remapping
[23.959s] [ 68%] [32mBuilding CXX object tests/CMakeFiles/behaviortree_cpp_test.dir/gtest_ports.cpp.o[0m
[24.229s] [ 69%] [32m[1mLinking CXX executable t02_basic_ports[0m
[24.326s] [ 70%] [32m[1mLinking CXX executable t03_generic_ports[0m
[24.395s] [ 70%] Built target t02_basic_ports
[24.407s] [ 71%] [32mBuilding CXX object tests/CMakeFiles/behaviortree_cpp_test.dir/gtest_postconditions.cpp.o[0m
[24.478s] [ 71%] Built target t03_generic_ports
[24.489s] [ 72%] [32mBuilding CXX object tests/CMakeFiles/behaviortree_cpp_test.dir/gtest_reactive.cpp.o[0m
[26.507s] [ 73%] [32mBuilding CXX object examples/CMakeFiles/t11_groot_howto.dir/t11_groot_howto.cpp.o[0m
[27.301s] [ 73%] [32mBuilding CXX object examples/CMakeFiles/t12_default_ports.dir/t12_default_ports.cpp.o[0m
[28.598s] [ 74%] [32m[1mLinking CXX executable t10_observer[0m
[28.743s] [ 74%] Built target t10_observer
[28.771s] [ 75%] [32mBuilding CXX object examples/CMakeFiles/t13_access_by_ref.dir/t13_access_by_ref.cpp.o[0m
[31.717s] [ 76%] [32mBuilding CXX object examples/CMakeFiles/t14_subtree_model.dir/t14_subtree_model.cpp.o[0m
[31.816s] [ 77%] [32mBuilding CXX object examples/CMakeFiles/t15_nodes_mocking.dir/t15_nodes_mocking.cpp.o[0m
[32.183s] [ 78%] [32mBuilding CXX object examples/CMakeFiles/t16_global_blackboard.dir/t16_global_blackboard.cpp.o[0m
[32.223s] [ 78%] [32mBuilding CXX object examples/CMakeFiles/t17_blackboard_backup.dir/t17_blackboard_backup.cpp.o[0m
[32.255s] [ 79%] [32mBuilding CXX object examples/CMakeFiles/t18_waypoints.dir/t18_waypoints.cpp.o[0m
[32.985s] [ 79%] [32mBuilding CXX object examples/CMakeFiles/ex01_wrap_legacy.dir/ex01_wrap_legacy.cpp.o[0m
[33.235s] [ 80%] [32mBuilding CXX object examples/CMakeFiles/ex02_runtime_ports.dir/ex02_runtime_ports.cpp.o[0m
[33.872s] [ 81%] [32m[1mLinking CXX executable t11_groot_howto[0m
[34.042s] [ 81%] Built target t11_groot_howto
[34.070s] [ 81%] [32mBuilding CXX object examples/CMakeFiles/ex03_sqlite_log.dir/ex03_sqlite_log.cpp.o[0m
[34.198s] [ 81%] [32mBuilding CXX object tests/CMakeFiles/behaviortree_cpp_test.dir/gtest_reactive_backchaining.cpp.o[0m
[34.661s] [ 81%] [32m[1mLinking CXX executable t13_access_by_ref[0m
[34.683s] [ 82%] [32m[1mLinking CXX executable t12_default_ports[0m
[34.844s] [ 82%] Built target t12_default_ports
[34.856s] [ 83%] [32mBuilding CXX object tests/CMakeFiles/behaviortree_cpp_test.dir/gtest_sequence.cpp.o[0m
[34.906s] [ 83%] Built target t13_access_by_ref
[34.914s] [ 84%] [32mBuilding CXX object tests/CMakeFiles/behaviortree_cpp_test.dir/gtest_skipping.cpp.o[0m
[36.491s] [ 85%] [32m[1mLinking CXX executable t14_subtree_model[0m
[36.648s] [ 85%] Built target t14_subtree_model
[36.659s] [ 86%] [32mBuilding CXX object tests/CMakeFiles/behaviortree_cpp_test.dir/gtest_substitution.cpp.o[0m
[37.476s] [ 86%] [32m[1mLinking CXX executable t15_nodes_mocking[0m
[37.638s] [ 86%] Built target t15_nodes_mocking
[37.646s] [ 86%] [32mBuilding CXX object tests/CMakeFiles/behaviortree_cpp_test.dir/gtest_subtree.cpp.o[0m
[38.258s] [ 87%] [32m[1mLinking CXX executable ex01_wrap_legacy[0m
[38.416s] [ 87%] Built target ex01_wrap_legacy
[38.430s] [ 88%] [32m[1mLinking CXX executable t16_global_blackboard[0m
[38.430s] [ 89%] [32mBuilding CXX object tests/CMakeFiles/behaviortree_cpp_test.dir/gtest_switch.cpp.o[0m
[38.620s] [ 89%] Built target t16_global_blackboard
[38.662s] [ 90%] [32mBuilding CXX object tests/CMakeFiles/behaviortree_cpp_test.dir/gtest_tree.cpp.o[0m
[38.666s] [ 91%] [32m[1mLinking CXX executable t17_blackboard_backup[0m
[38.822s] [ 91%] Built target t17_blackboard_backup
[38.834s] [ 91%] [32mBuilding CXX object tests/CMakeFiles/behaviortree_cpp_test.dir/gtest_updates.cpp.o[0m
[39.598s] [ 92%] [32m[1mLinking CXX executable ex02_runtime_ports[0m
[39.655s] [ 93%] [32m[1mLinking CXX executable t18_waypoints[0m
[39.752s] [ 93%] Built target ex02_runtime_ports
[39.764s] [ 94%] [32mBuilding CXX object tests/CMakeFiles/behaviortree_cpp_test.dir/gtest_wakeup.cpp.o[0m
[39.953s] [ 94%] Built target t18_waypoints
[39.968s] [ 95%] [32mBuilding CXX object tests/CMakeFiles/behaviortree_cpp_test.dir/script_parser_test.cpp.o[0m
[42.609s] [ 96%] [32m[1mLinking CXX executable ex03_sqlite_log[0m
[42.774s] [ 96%] Built target ex03_sqlite_log
[54.762s] [ 97%] [32m[1mLinking CXX executable behaviortree_cpp_test[0m
[54.950s] [100%] Built target behaviortree_cpp_test
[54.958s] Invoked command in '/home/emily/sa-mrbt_ws/build/behaviortree_cpp' returned '0': CMAKE_PREFIX_PATH=${CMAKE_PREFIX_PATH}:/opt/ros/iron /usr/bin/cmake --build /home/emily/sa-mrbt_ws/build/behaviortree_cpp -- -j12 -l12
[55.049s] Invoking command in '/home/emily/sa-mrbt_ws/build/behaviortree_cpp': CMAKE_PREFIX_PATH=${CMAKE_PREFIX_PATH}:/opt/ros/iron /usr/bin/cmake --install /home/emily/sa-mrbt_ws/build/behaviortree_cpp
[55.053s] -- Install configuration: "Release"
[55.053s] -- Up-to-date: /home/emily/sa-mrbt_ws/install/behaviortree_cpp/lib/liblexy_file.a
[55.054s] -- Up-to-date: /home/emily/sa-mrbt_ws/install/behaviortree_cpp/lib/cmake/lexy/lexyTargets.cmake
[55.054s] -- Up-to-date: /home/emily/sa-mrbt_ws/install/behaviortree_cpp/lib/cmake/lexy/lexyTargets-release.cmake
[55.054s] -- Up-to-date: /home/emily/sa-mrbt_ws/install/behaviortree_cpp/lib/cmake/lexy/lexyConfig.cmake
[55.054s] -- Up-to-date: /home/emily/sa-mrbt_ws/install/behaviortree_cpp/lib/cmake/lexy/lexyConfigVersion.cmake
[55.054s] -- Up-to-date: /home/emily/sa-mrbt_ws/install/behaviortree_cpp/include/lexy
[55.054s] -- Up-to-date: /home/emily/sa-mrbt_ws/install/behaviortree_cpp/include/lexy/lexeme.hpp
[55.054s] -- Up-to-date: /home/emily/sa-mrbt_ws/install/behaviortree_cpp/include/lexy/visualize.hpp
[55.054s] -- Up-to-date: /home/emily/sa-mrbt_ws/install/behaviortree_cpp/include/lexy/callback
[55.054s] -- Up-to-date: /home/emily/sa-mrbt_ws/install/behaviortree_cpp/include/lexy/callback/bind.hpp
[55.054s] -- Up-to-date: /home/emily/sa-mrbt_ws/install/behaviortree_cpp/include/lexy/callback/integer.hpp
[55.054s] -- Up-to-date: /home/emily/sa-mrbt_ws/install/behaviortree_cpp/include/lexy/callback/object.hpp
[55.054s] -- Up-to-date: /home/emily/sa-mrbt_ws/install/behaviortree_cpp/include/lexy/callback/forward.hpp
[55.054s] -- Up-to-date: /home/emily/sa-mrbt_ws/install/behaviortree_cpp/include/lexy/callback/string.hpp
[55.054s] -- Up-to-date: /home/emily/sa-mrbt_ws/install/behaviortree_cpp/include/lexy/callback/adapter.hpp
[55.055s] -- Up-to-date: /home/emily/sa-mrbt_ws/install/behaviortree_cpp/include/lexy/callback/noop.hpp
[55.055s] -- Up-to-date: /home/emily/sa-mrbt_ws/install/behaviortree_cpp/include/lexy/callback/bit_cast.hpp
[55.055s] -- Up-to-date: /home/emily/sa-mrbt_ws/install/behaviortree_cpp/include/lexy/callback/base.hpp
[55.055s] -- Up-to-date: /home/emily/sa-mrbt_ws/install/behaviortree_cpp/include/lexy/callback/constant.hpp
[55.055s] -- Up-to-date: /home/emily/sa-mrbt_ws/install/behaviortree_cpp/include/lexy/callback/composition.hpp
[55.055s] -- Up-to-date: /home/emily/sa-mrbt_ws/install/behaviortree_cpp/include/lexy/callback/fold.hpp
[55.055s] -- Up-to-date: /home/emily/sa-mrbt_ws/install/behaviortree_cpp/include/lexy/callback/container.hpp
[55.055s] -- Up-to-date: /home/emily/sa-mrbt_ws/install/behaviortree_cpp/include/lexy/callback/aggregate.hpp
[55.055s] -- Up-to-date: /home/emily/sa-mrbt_ws/install/behaviortree_cpp/include/lexy/_detail
[55.055s] -- Up-to-date: /home/emily/sa-mrbt_ws/install/behaviortree_cpp/include/lexy/_detail/detect.hpp
[55.055s] -- Up-to-date: /home/emily/sa-mrbt_ws/install/behaviortree_cpp/include/lexy/_detail/std.hpp
[55.055s] -- Up-to-date: /home/emily/sa-mrbt_ws/install/behaviortree_cpp/include/lexy/_detail/invoke.hpp
[55.055s] -- Up-to-date: /home/emily/sa-mrbt_ws/install/behaviortree_cpp/include/lexy/_detail/code_point.hpp
[55.055s] -- Up-to-date: /home/emily/sa-mrbt_ws/install/behaviortree_cpp/include/lexy/_detail/unicode_database.hpp
[55.056s] -- Up-to-date: /home/emily/sa-mrbt_ws/install/behaviortree_cpp/include/lexy/_detail/nttp_string.hpp
[55.056s] -- Up-to-date: /home/emily/sa-mrbt_ws/install/behaviortree_cpp/include/lexy/_detail/iterator.hpp
[55.056s] -- Up-to-date: /home/emily/sa-mrbt_ws/install/behaviortree_cpp/include/lexy/_detail/string_view.hpp
[55.056s] -- Up-to-date: /home/emily/sa-mrbt_ws/install/behaviortree_cpp/include/lexy/_detail/assert.hpp
[55.056s] -- Up-to-date: /home/emily/sa-mrbt_ws/install/behaviortree_cpp/include/lexy/_detail/buffer_builder.hpp
[55.056s] -- Up-to-date: /home/emily/sa-mrbt_ws/install/behaviortree_cpp/include/lexy/_detail/stateless_lambda.hpp
[55.056s] -- Up-to-date: /home/emily/sa-mrbt_ws/install/behaviortree_cpp/include/lexy/_detail/tuple.hpp
[55.056s] -- Up-to-date: /home/emily/sa-mrbt_ws/install/behaviortree_cpp/include/lexy/_detail/config.hpp
[55.056s] -- Up-to-date: /home/emily/sa-mrbt_ws/install/behaviortree_cpp/include/lexy/_detail/lazy_init.hpp
[55.056s] -- Up-to-date: /home/emily/sa-mrbt_ws/install/behaviortree_cpp/include/lexy/_detail/type_name.hpp
[55.056s] -- Up-to-date: /home/emily/sa-mrbt_ws/install/behaviortree_cpp/include/lexy/_detail/any_ref.hpp
[55.056s] -- Up-to-date: /home/emily/sa-mrbt_ws/install/behaviortree_cpp/include/lexy/_detail/integer_sequence.hpp
[55.056s] -- Up-to-date: /home/emily/sa-mrbt_ws/install/behaviortree_cpp/include/lexy/_detail/memory_resource.hpp
[55.056s] -- Up-to-date: /home/emily/sa-mrbt_ws/install/behaviortree_cpp/include/lexy/_detail/swar.hpp
[55.056s] -- Up-to-date: /home/emily/sa-mrbt_ws/install/behaviortree_cpp/include/lexy/dsl.hpp
[55.056s] -- Up-to-date: /home/emily/sa-mrbt_ws/install/behaviortree_cpp/include/lexy/input_location.hpp
[55.056s] -- Up-to-date: /home/emily/sa-mrbt_ws/install/behaviortree_cpp/include/lexy/error.hpp
[55.056s] -- Up-to-date: /home/emily/sa-mrbt_ws/install/behaviortree_cpp/include/lexy/code_point.hpp
[55.056s] -- Up-to-date: /home/emily/sa-mrbt_ws/install/behaviortree_cpp/include/lexy/callback.hpp
[55.056s] -- Up-to-date: /home/emily/sa-mrbt_ws/install/behaviortree_cpp/include/lexy/input
[55.057s] -- Up-to-date: /home/emily/sa-mrbt_ws/install/behaviortree_cpp/include/lexy/input/base.hpp
[55.057s] -- Up-to-date: /home/emily/sa-mrbt_ws/install/behaviortree_cpp/include/lexy/input/string_input.hpp
[55.057s] -- Up-to-date: /home/emily/sa-mrbt_ws/install/behaviortree_cpp/include/lexy/input/file.hpp
[55.057s] -- Up-to-date: /home/emily/sa-mrbt_ws/install/behaviortree_cpp/include/lexy/input/lexeme_input.hpp
[55.057s] -- Up-to-date: /home/emily/sa-mrbt_ws/install/behaviortree_cpp/include/lexy/input/parse_tree_input.hpp
[55.057s] -- Up-to-date: /home/emily/sa-mrbt_ws/install/behaviortree_cpp/include/lexy/input/buffer.hpp
[55.057s] -- Up-to-date: /home/emily/sa-mrbt_ws/install/behaviortree_cpp/include/lexy/input/range_input.hpp
[55.057s] -- Up-to-date: /home/emily/sa-mrbt_ws/install/behaviortree_cpp/include/lexy/input/argv_input.hpp
[55.057s] -- Up-to-date: /home/emily/sa-mrbt_ws/install/behaviortree_cpp/include/lexy/dsl
[55.057s] -- Up-to-date: /home/emily/sa-mrbt_ws/install/behaviortree_cpp/include/lexy/dsl/subgrammar.hpp
[55.057s] -- Up-to-date: /home/emily/sa-mrbt_ws/install/behaviortree_cpp/include/lexy/dsl/integer.hpp
[55.057s] -- Up-to-date: /home/emily/sa-mrbt_ws/install/behaviortree_cpp/include/lexy/dsl/newline.hpp
[55.057s] -- Up-to-date: /home/emily/sa-mrbt_ws/install/behaviortree_cpp/include/lexy/dsl/operator.hpp
[55.057s] -- Up-to-date: /home/emily/sa-mrbt_ws/install/behaviortree_cpp/include/lexy/dsl/punctuator.hpp
[55.057s] -- Up-to-date: /home/emily/sa-mrbt_ws/install/behaviortree_cpp/include/lexy/dsl/terminator.hpp
[55.057s] -- Up-to-date: /home/emily/sa-mrbt_ws/install/behaviortree_cpp/include/lexy/dsl/recover.hpp
[55.057s] -- Up-to-date: /home/emily/sa-mrbt_ws/install/behaviortree_cpp/include/lexy/dsl/times.hpp
[55.057s] -- Up-to-date: /home/emily/sa-mrbt_ws/install/behaviortree_cpp/include/lexy/dsl/list.hpp
[55.057s] -- Up-to-date: /home/emily/sa-mrbt_ws/install/behaviortree_cpp/include/lexy/dsl/choice.hpp
[55.058s] -- Up-to-date: /home/emily/sa-mrbt_ws/install/behaviortree_cpp/include/lexy/dsl/whitespace.hpp
[55.058s] -- Up-to-date: /home/emily/sa-mrbt_ws/install/behaviortree_cpp/include/lexy/dsl/branch.hpp
[55.058s] -- Up-to-date: /home/emily/sa-mrbt_ws/install/behaviortree_cpp/include/lexy/dsl/eof.hpp
[55.058s] -- Up-to-date: /home/emily/sa-mrbt_ws/install/behaviortree_cpp/include/lexy/dsl/combination.hpp
[55.058s] -- Up-to-date: /home/emily/sa-mrbt_ws/install/behaviortree_cpp/include/lexy/dsl/follow.hpp
[55.058s] -- Up-to-date: /home/emily/sa-mrbt_ws/install/behaviortree_cpp/include/lexy/dsl/if.hpp
[55.058s] -- Up-to-date: /home/emily/sa-mrbt_ws/install/behaviortree_cpp/include/lexy/dsl/capture.hpp
[55.058s] -- Up-to-date: /home/emily/sa-mrbt_ws/install/behaviortree_cpp/include/lexy/dsl/bom.hpp
[55.058s] -- Up-to-date: /home/emily/sa-mrbt_ws/install/behaviortree_cpp/include/lexy/dsl/error.hpp
[55.058s] -- Up-to-date: /home/emily/sa-mrbt_ws/install/behaviortree_cpp/include/lexy/dsl/code_point.hpp
[55.058s] -- Up-to-date: /home/emily/sa-mrbt_ws/install/behaviortree_cpp/include/lexy/dsl/base.hpp
[55.058s] -- Up-to-date: /home/emily/sa-mrbt_ws/install/behaviortree_cpp/include/lexy/dsl/unicode.hpp
[55.058s] -- Up-to-date: /home/emily/sa-mrbt_ws/install/behaviortree_cpp/include/lexy/dsl/brackets.hpp
[55.058s] -- Up-to-date: /home/emily/sa-mrbt_ws/install/behaviortree_cpp/include/lexy/dsl/byte.hpp
[55.058s] -- Up-to-date: /home/emily/sa-mrbt_ws/install/behaviortree_cpp/include/lexy/dsl/symbol.hpp
[55.058s] -- Up-to-date: /home/emily/sa-mrbt_ws/install/behaviortree_cpp/include/lexy/dsl/repeat.hpp
[55.058s] -- Up-to-date: /home/emily/sa-mrbt_ws/install/behaviortree_cpp/include/lexy/dsl/identifier.hpp
[55.058s] -- Up-to-date: /home/emily/sa-mrbt_ws/install/behaviortree_cpp/include/lexy/dsl/token.hpp
[55.058s] -- Up-to-date: /home/emily/sa-mrbt_ws/install/behaviortree_cpp/include/lexy/dsl/literal.hpp
[55.058s] -- Up-to-date: /home/emily/sa-mrbt_ws/install/behaviortree_cpp/include/lexy/dsl/until.hpp
[55.058s] -- Up-to-date: /home/emily/sa-mrbt_ws/install/behaviortree_cpp/include/lexy/dsl/flags.hpp
[55.058s] -- Up-to-date: /home/emily/sa-mrbt_ws/install/behaviortree_cpp/include/lexy/dsl/context_counter.hpp
[55.059s] -- Up-to-date: /home/emily/sa-mrbt_ws/install/behaviortree_cpp/include/lexy/dsl/scan.hpp
[55.059s] -- Up-to-date: /home/emily/sa-mrbt_ws/install/behaviortree_cpp/include/lexy/dsl/delimited.hpp
[55.059s] -- Up-to-date: /home/emily/sa-mrbt_ws/install/behaviortree_cpp/include/lexy/dsl/ascii.hpp
[55.059s] -- Up-to-date: /home/emily/sa-mrbt_ws/install/behaviortree_cpp/include/lexy/dsl/char_class.hpp
[55.059s] -- Up-to-date: /home/emily/sa-mrbt_ws/install/behaviortree_cpp/include/lexy/dsl/expression.hpp
[55.059s] -- Up-to-date: /home/emily/sa-mrbt_ws/install/behaviortree_cpp/include/lexy/dsl/option.hpp
[55.059s] -- Up-to-date: /home/emily/sa-mrbt_ws/install/behaviortree_cpp/include/lexy/dsl/loop.hpp
[55.059s] -- Up-to-date: /home/emily/sa-mrbt_ws/install/behaviortree_cpp/include/lexy/dsl/return.hpp
[55.059s] -- Up-to-date: /home/emily/sa-mrbt_ws/install/behaviortree_cpp/include/lexy/dsl/effect.hpp
[55.059s] -- Up-to-date: /home/emily/sa-mrbt_ws/install/behaviortree_cpp/include/lexy/dsl/context_flag.hpp
[55.059s] -- Up-to-date: /home/emily/sa-mrbt_ws/install/behaviortree_cpp/include/lexy/dsl/member.hpp
[55.059s] -- Up-to-date: /home/emily/sa-mrbt_ws/install/behaviortree_cpp/include/lexy/dsl/parse_as.hpp
[55.059s] -- Up-to-date: /home/emily/sa-mrbt_ws/install/behaviortree_cpp/include/lexy/dsl/production.hpp
[55.059s] -- Up-to-date: /home/emily/sa-mrbt_ws/install/behaviortree_cpp/include/lexy/dsl/parse_tree_node.hpp
[55.059s] -- Up-to-date: /home/emily/sa-mrbt_ws/install/behaviortree_cpp/include/lexy/dsl/peek.hpp
[55.059s] -- Up-to-date: /home/emily/sa-mrbt_ws/install/behaviortree_cpp/include/lexy/dsl/lookahead.hpp
[55.059s] -- Up-to-date: /home/emily/sa-mrbt_ws/install/behaviortree_cpp/include/lexy/dsl/separator.hpp
[55.059s] -- Up-to-date: /home/emily/sa-mrbt_ws/install/behaviortree_cpp/include/lexy/dsl/case_folding.hpp
[55.059s] -- Up-to-date: /home/emily/sa-mrbt_ws/install/behaviortree_cpp/include/lexy/dsl/context_identifier.hpp
[55.059s] -- Up-to-date: /home/emily/sa-mrbt_ws/install/behaviortree_cpp/include/lexy/dsl/sequence.hpp
[55.059s] -- Up-to-date: /home/emily/sa-mrbt_ws/install/behaviortree_cpp/include/lexy/dsl/digit.hpp
[55.060s] -- Up-to-date: /home/emily/sa-mrbt_ws/install/behaviortree_cpp/include/lexy/dsl/position.hpp
[55.060s] -- Up-to-date: /home/emily/sa-mrbt_ws/install/behaviortree_cpp/include/lexy/dsl/sign.hpp
[55.060s] -- Up-to-date: /home/emily/sa-mrbt_ws/install/behaviortree_cpp/include/lexy/dsl/any.hpp
[55.060s] -- Up-to-date: /home/emily/sa-mrbt_ws/install/behaviortree_cpp/include/lexy/dsl/bits.hpp
[55.060s] -- Up-to-date: /home/emily/sa-mrbt_ws/install/behaviortree_cpp/include/lexy/parse_tree.hpp
[55.060s] -- Up-to-date: /home/emily/sa-mrbt_ws/install/behaviortree_cpp/include/lexy/grammar.hpp
[55.060s] -- Up-to-date: /home/emily/sa-mrbt_ws/install/behaviortree_cpp/include/lexy/token.hpp
[55.060s] -- Up-to-date: /home/emily/sa-mrbt_ws/install/behaviortree_cpp/include/lexy/encoding.hpp
[55.060s] -- Up-to-date: /home/emily/sa-mrbt_ws/install/behaviortree_cpp/include/lexy/action
[55.060s] -- Up-to-date: /home/emily/sa-mrbt_ws/install/behaviortree_cpp/include/lexy/action/match.hpp
[55.060s] -- Up-to-date: /home/emily/sa-mrbt_ws/install/behaviortree_cpp/include/lexy/action/parse.hpp
[55.060s] -- Up-to-date: /home/emily/sa-mrbt_ws/install/behaviortree_cpp/include/lexy/action/base.hpp
[55.060s] -- Up-to-date: /home/emily/sa-mrbt_ws/install/behaviortree_cpp/include/lexy/action/validate.hpp
[55.060s] -- Up-to-date: /home/emily/sa-mrbt_ws/install/behaviortree_cpp/include/lexy/action/scan.hpp
[55.060s] -- Up-to-date: /home/emily/sa-mrbt_ws/install/behaviortree_cpp/include/lexy/action/parse_as_tree.hpp
[55.060s] -- Up-to-date: /home/emily/sa-mrbt_ws/install/behaviortree_cpp/include/lexy/action/trace.hpp
[55.060s] -- Up-to-date: /home/emily/sa-mrbt_ws/install/behaviortree_cpp/include/lexy_ext
[55.060s] -- Up-to-date: /home/emily/sa-mrbt_ws/install/behaviortree_cpp/include/lexy_ext/shell.hpp
[55.061s] -- Up-to-date: /home/emily/sa-mrbt_ws/install/behaviortree_cpp/include/lexy_ext/report_error.hpp
[55.061s] -- Up-to-date: /home/emily/sa-mrbt_ws/install/behaviortree_cpp/include/lexy_ext/compiler_explorer.hpp
[55.061s] -- Up-to-date: /home/emily/sa-mrbt_ws/install/behaviortree_cpp/include/lexy_ext/parse_tree_algorithm.hpp
[55.061s] -- Up-to-date: /home/emily/sa-mrbt_ws/install/behaviortree_cpp/include/lexy_ext/parse_tree_doctest.hpp
[55.061s] -- Installing: /home/emily/sa-mrbt_ws/install/behaviortree_cpp/share/behaviortree_cpp/bt_plugins/libcrossdoor_nodes_dyn.so
[55.061s] -- Set runtime path of "/home/emily/sa-mrbt_ws/install/behaviortree_cpp/share/behaviortree_cpp/bt_plugins/libcrossdoor_nodes_dyn.so" to ""
[55.061s] -- Installing: /home/emily/sa-mrbt_ws/install/behaviortree_cpp/share/behaviortree_cpp/bt_plugins/libdummy_nodes_dyn.so
[55.061s] -- Set runtime path of "/home/emily/sa-mrbt_ws/install/behaviortree_cpp/share/behaviortree_cpp/bt_plugins/libdummy_nodes_dyn.so" to ""
[55.061s] -- Installing: /home/emily/sa-mrbt_ws/install/behaviortree_cpp/share/behaviortree_cpp/bt_plugins/libmovebase_node_dyn.so
[55.061s] -- Set runtime path of "/home/emily/sa-mrbt_ws/install/behaviortree_cpp/share/behaviortree_cpp/bt_plugins/libmovebase_node_dyn.so" to ""
[55.061s] -- Installing: /home/emily/sa-mrbt_ws/install/behaviortree_cpp/bin/bt4_plugin_manifest
[55.061s] -- Set runtime path of "/home/emily/sa-mrbt_ws/install/behaviortree_cpp/bin/bt4_plugin_manifest" to ""
[55.061s] -- Installing: /home/emily/sa-mrbt_ws/install/behaviortree_cpp/lib/libbehaviortree_cpp.so
[55.061s] -- Set runtime path of "/home/emily/sa-mrbt_ws/install/behaviortree_cpp/lib/libbehaviortree_cpp.so" to ""
[55.062s] -- Up-to-date: /home/emily/sa-mrbt_ws/install/behaviortree_cpp/include
[55.062s] -- Up-to-date: /home/emily/sa-mrbt_ws/install/behaviortree_cpp/include/behaviortree_cpp
[55.062s] -- Up-to-date: /home/emily/sa-mrbt_ws/install/behaviortree_cpp/include/behaviortree_cpp/behavior_tree.h
[55.062s] -- Up-to-date: /home/emily/sa-mrbt_ws/install/behaviortree_cpp/include/behaviortree_cpp/condition_node.h
[55.062s] -- Up-to-date: /home/emily/sa-mrbt_ws/install/behaviortree_cpp/include/behaviortree_cpp/actions
[55.062s] -- Up-to-date: /home/emily/sa-mrbt_ws/install/behaviortree_cpp/include/behaviortree_cpp/actions/pop_from_queue.hpp
[55.062s] -- Up-to-date: /home/emily/sa-mrbt_ws/install/behaviortree_cpp/include/behaviortree_cpp/actions/set_blackboard_node.h
[55.062s] -- Up-to-date: /home/emily/sa-mrbt_ws/install/behaviortree_cpp/include/behaviortree_cpp/actions/unset_blackboard_node.h
[55.062s] -- Up-to-date: /home/emily/sa-mrbt_ws/install/behaviortree_cpp/include/behaviortree_cpp/actions/updated_action.h
[55.062s] -- Up-to-date: /home/emily/sa-mrbt_ws/install/behaviortree_cpp/include/behaviortree_cpp/actions/always_failure_node.h
[55.062s] -- Up-to-date: /home/emily/sa-mrbt_ws/install/behaviortree_cpp/include/behaviortree_cpp/actions/test_node.h
[55.062s] -- Up-to-date: /home/emily/sa-mrbt_ws/install/behaviortree_cpp/include/behaviortree_cpp/actions/script_node.h
[55.062s] -- Up-to-date: /home/emily/sa-mrbt_ws/install/behaviortree_cpp/include/behaviortree_cpp/actions/script_condition.h
[55.062s] -- Up-to-date: /home/emily/sa-mrbt_ws/install/behaviortree_cpp/include/behaviortree_cpp/actions/always_success_node.h
[55.062s] -- Up-to-date: /home/emily/sa-mrbt_ws/install/behaviortree_cpp/include/behaviortree_cpp/actions/sleep_node.h
[55.062s] -- Up-to-date: /home/emily/sa-mrbt_ws/install/behaviortree_cpp/include/behaviortree_cpp/leaf_node.h
[55.062s] -- Up-to-date: /home/emily/sa-mrbt_ws/install/behaviortree_cpp/include/behaviortree_cpp/scripting
[55.063s] -- Up-to-date: /home/emily/sa-mrbt_ws/install/behaviortree_cpp/include/behaviortree_cpp/scripting/any_types.hpp
[55.063s] -- Up-to-date: /home/emily/sa-mrbt_ws/install/behaviortree_cpp/include/behaviortree_cpp/scripting/operators.hpp
[55.063s] -- Up-to-date: /home/emily/sa-mrbt_ws/install/behaviortree_cpp/include/behaviortree_cpp/scripting/script_parser.hpp
[55.063s] -- Up-to-date: /home/emily/sa-mrbt_ws/install/behaviortree_cpp/include/behaviortree_cpp/controls
[55.063s] -- Up-to-date: /home/emily/sa-mrbt_ws/install/behaviortree_cpp/include/behaviortree_cpp/controls/while_do_else_node.h
[55.063s] -- Up-to-date: /home/emily/sa-mrbt_ws/install/behaviortree_cpp/include/behaviortree_cpp/controls/reactive_fallback.h
[55.063s] -- Up-to-date: /home/emily/sa-mrbt_ws/install/behaviortree_cpp/include/behaviortree_cpp/controls/fallback_node.h
[55.063s] -- Up-to-date: /home/emily/sa-mrbt_ws/install/behaviortree_cpp/include/behaviortree_cpp/controls/sequence_with_memory_node.h
[55.063s] -- Up-to-date: /home/emily/sa-mrbt_ws/install/behaviortree_cpp/include/behaviortree_cpp/controls/parallel_node.h
[55.063s] -- Up-to-date: /home/emily/sa-mrbt_ws/install/behaviortree_cpp/include/behaviortree_cpp/controls/reactive_sequence.h
[55.063s] -- Up-to-date: /home/emily/sa-mrbt_ws/install/behaviortree_cpp/include/behaviortree_cpp/controls/repeat_sequence.h
[55.063s] -- Up-to-date: /home/emily/sa-mrbt_ws/install/behaviortree_cpp/include/behaviortree_cpp/controls/switch_node.h
[55.063s] -- Up-to-date: /home/emily/sa-mrbt_ws/install/behaviortree_cpp/include/behaviortree_cpp/controls/parallel_all_node.h
[55.064s] -- Up-to-date: /home/emily/sa-mrbt_ws/install/behaviortree_cpp/include/behaviortree_cpp/controls/if_then_else_node.h
[55.064s] -- Installing: /home/emily/sa-mrbt_ws/install/behaviortree_cpp/include/behaviortree_cpp/controls/counter_sequence.h
[55.064s] -- Up-to-date: /home/emily/sa-mrbt_ws/install/behaviortree_cpp/include/behaviortree_cpp/controls/sequence_node.h
[55.064s] -- Up-to-date: /home/emily/sa-mrbt_ws/install/behaviortree_cpp/include/behaviortree_cpp/controls/manual_node.h
[55.064s] -- Up-to-date: /home/emily/sa-mrbt_ws/install/behaviortree_cpp/include/behaviortree_cpp/control_node.h
[55.064s] -- Up-to-date: /home/emily/sa-mrbt_ws/install/behaviortree_cpp/include/behaviortree_cpp/xml_parsing.h
[55.064s] -- Up-to-date: /home/emily/sa-mrbt_ws/install/behaviortree_cpp/include/behaviortree_cpp/action_node.h
[55.064s] -- Up-to-date: /home/emily/sa-mrbt_ws/install/behaviortree_cpp/include/behaviortree_cpp/exceptions.h
[55.064s] -- Up-to-date: /home/emily/sa-mrbt_ws/install/behaviortree_cpp/include/behaviortree_cpp/decorators
[55.065s] -- Up-to-date: /home/emily/sa-mrbt_ws/install/behaviortree_cpp/include/behaviortree_cpp/decorators/loop_node.h
[55.065s] -- Up-to-date: /home/emily/sa-mrbt_ws/install/behaviortree_cpp/include/behaviortree_cpp/decorators/consume_queue.h
[55.065s] -- Up-to-date: /home/emily/sa-mrbt_ws/install/behaviortree_cpp/include/behaviortree_cpp/decorators/force_failure_node.h
[55.065s] -- Up-to-date: /home/emily/sa-mrbt_ws/install/behaviortree_cpp/include/behaviortree_cpp/decorators/delay_node.h
[55.065s] -- Up-to-date: /home/emily/sa-mrbt_ws/install/behaviortree_cpp/include/behaviortree_cpp/decorators/timeout_node.h
[55.065s] -- Up-to-date: /home/emily/sa-mrbt_ws/install/behaviortree_cpp/include/behaviortree_cpp/decorators/retry_node.h
[55.065s] -- Up-to-date: /home/emily/sa-mrbt_ws/install/behaviortree_cpp/include/behaviortree_cpp/decorators/repeat_node.h
[55.065s] -- Up-to-date: /home/emily/sa-mrbt_ws/install/behaviortree_cpp/include/behaviortree_cpp/decorators/force_success_node.h
[55.065s] -- Up-to-date: /home/emily/sa-mrbt_ws/install/behaviortree_cpp/include/behaviortree_cpp/decorators/run_once_node.h
[55.065s] -- Up-to-date: /home/emily/sa-mrbt_ws/install/behaviortree_cpp/include/behaviortree_cpp/decorators/inverter_node.h
[55.066s] -- Up-to-date: /home/emily/sa-mrbt_ws/install/behaviortree_cpp/include/behaviortree_cpp/decorators/subtree_node.h
[55.066s] -- Up-to-date: /home/emily/sa-mrbt_ws/install/behaviortree_cpp/include/behaviortree_cpp/decorators/keep_running_until_failure_node.h
[55.066s] -- Up-to-date: /home/emily/sa-mrbt_ws/install/behaviortree_cpp/include/behaviortree_cpp/decorators/updated_decorator.h
[55.066s] -- Up-to-date: /home/emily/sa-mrbt_ws/install/behaviortree_cpp/include/behaviortree_cpp/decorators/script_precondition.h
[55.066s] -- Up-to-date: /home/emily/sa-mrbt_ws/install/behaviortree_cpp/include/behaviortree_cpp/bt_factory.h
[55.066s] -- Up-to-date: /home/emily/sa-mrbt_ws/install/behaviortree_cpp/include/behaviortree_cpp/blackboard.h
[55.066s] -- Up-to-date: /home/emily/sa-mrbt_ws/install/behaviortree_cpp/include/behaviortree_cpp/flatbuffers
[55.066s] -- Up-to-date: /home/emily/sa-mrbt_ws/install/behaviortree_cpp/include/behaviortree_cpp/flatbuffers/bt_flatbuffer_helper.h
[55.066s] -- Up-to-date: /home/emily/sa-mrbt_ws/install/behaviortree_cpp/include/behaviortree_cpp/basic_types.h
[55.066s] -- Up-to-date: /home/emily/sa-mrbt_ws/install/behaviortree_cpp/include/behaviortree_cpp/bt_parser.h
[55.066s] -- Up-to-date: /home/emily/sa-mrbt_ws/install/behaviortree_cpp/include/behaviortree_cpp/utils
[55.067s] -- Up-to-date: /home/emily/sa-mrbt_ws/install/behaviortree_cpp/include/behaviortree_cpp/utils/convert_impl.hpp
[55.067s] -- Up-to-date: /home/emily/sa-mrbt_ws/install/behaviortree_cpp/include/behaviortree_cpp/utils/signal.h
[55.067s] -- Up-to-date: /home/emily/sa-mrbt_ws/install/behaviortree_cpp/include/behaviortree_cpp/utils/wakeup_signal.hpp
[55.067s] -- Up-to-date: /home/emily/sa-mrbt_ws/install/behaviortree_cpp/include/behaviortree_cpp/utils/platform.hpp
[55.067s] -- Up-to-date: /home/emily/sa-mrbt_ws/install/behaviortree_cpp/include/behaviortree_cpp/utils/locked_reference.hpp
[55.067s] -- Up-to-date: /home/emily/sa-mrbt_ws/install/behaviortree_cpp/include/behaviortree_cpp/utils/strcat.hpp
[55.067s] -- Up-to-date: /home/emily/sa-mrbt_ws/install/behaviortree_cpp/include/behaviortree_cpp/utils/timer_queue.h
[55.067s] -- Up-to-date: /home/emily/sa-mrbt_ws/install/behaviortree_cpp/include/behaviortree_cpp/utils/simple_string.hpp
[55.067s] -- Up-to-date: /home/emily/sa-mrbt_ws/install/behaviortree_cpp/include/behaviortree_cpp/utils/demangle_util.h
[55.067s] -- Up-to-date: /home/emily/sa-mrbt_ws/install/behaviortree_cpp/include/behaviortree_cpp/utils/safe_any.hpp
[55.067s] -- Up-to-date: /home/emily/sa-mrbt_ws/install/behaviortree_cpp/include/behaviortree_cpp/utils/shared_library.h
[55.067s] -- Up-to-date: /home/emily/sa-mrbt_ws/install/behaviortree_cpp/include/behaviortree_cpp/json_export.h
[55.068s] -- Up-to-date: /home/emily/sa-mrbt_ws/install/behaviortree_cpp/include/behaviortree_cpp/decorator_node.h
[55.068s] -- Up-to-date: /home/emily/sa-mrbt_ws/install/behaviortree_cpp/include/behaviortree_cpp/tree_node.h
[55.068s] -- Up-to-date: /home/emily/sa-mrbt_ws/install/behaviortree_cpp/include/behaviortree_cpp/loggers
[55.068s] -- Up-to-date: /home/emily/sa-mrbt_ws/install/behaviortree_cpp/include/behaviortree_cpp/loggers/bt_file_logger_v2.h
[55.068s] -- Up-to-date: /home/emily/sa-mrbt_ws/install/behaviortree_cpp/include/behaviortree_cpp/loggers/bt_minitrace_logger.h
[55.068s] -- Up-to-date: /home/emily/sa-mrbt_ws/install/behaviortree_cpp/include/behaviortree_cpp/loggers/bt_observer.h
[55.068s] -- Up-to-date: /home/emily/sa-mrbt_ws/install/behaviortree_cpp/include/behaviortree_cpp/loggers/bt_cout_logger.h
[55.068s] -- Up-to-date: /home/emily/sa-mrbt_ws/install/behaviortree_cpp/include/behaviortree_cpp/loggers/abstract_logger.h
[55.068s] -- Up-to-date: /home/emily/sa-mrbt_ws/install/behaviortree_cpp/include/behaviortree_cpp/loggers/groot2_publisher.h
[55.069s] -- Up-to-date: /home/emily/sa-mrbt_ws/install/behaviortree_cpp/include/behaviortree_cpp/loggers/bt_sqlite_logger.h
[55.069s] -- Up-to-date: /home/emily/sa-mrbt_ws/install/behaviortree_cpp/include/behaviortree_cpp/loggers/groot2_protocol.h
[55.069s] -- Up-to-date: /home/emily/sa-mrbt_ws/install/behaviortree_cpp/include/behaviortree_cpp/contrib
[55.069s] -- Up-to-date: /home/emily/sa-mrbt_ws/install/behaviortree_cpp/include/behaviortree_cpp/contrib/json.hpp
[55.069s] -- Up-to-date: /home/emily/sa-mrbt_ws/install/behaviortree_cpp/include/behaviortree_cpp/contrib/magic_enum.hpp
[55.069s] -- Up-to-date: /home/emily/sa-mrbt_ws/install/behaviortree_cpp/include/behaviortree_cpp/contrib/expected.hpp
[55.069s] -- Up-to-date: /home/emily/sa-mrbt_ws/install/behaviortree_cpp/include/behaviortree_cpp/contrib/any.hpp
[55.069s] -- Up-to-date: /home/emily/sa-mrbt_ws/install/behaviortree_cpp/share/behaviortree_cpp/environment/library_path.sh
[55.069s] -- Up-to-date: /home/emily/sa-mrbt_ws/install/behaviortree_cpp/share/behaviortree_cpp/environment/library_path.dsv
[55.069s] -- Up-to-date: /home/emily/sa-mrbt_ws/install/behaviortree_cpp/share/ament_index/resource_index/package_run_dependencies/behaviortree_cpp
[55.069s] -- Up-to-date: /home/emily/sa-mrbt_ws/install/behaviortree_cpp/share/ament_index/resource_index/parent_prefix_path/behaviortree_cpp
[55.069s] -- Up-to-date: /home/emily/sa-mrbt_ws/install/behaviortree_cpp/share/behaviortree_cpp/environment/ament_prefix_path.sh
[55.070s] -- Up-to-date: /home/emily/sa-mrbt_ws/install/behaviortree_cpp/share/behaviortree_cpp/environment/ament_prefix_path.dsv
[55.070s] -- Up-to-date: /home/emily/sa-mrbt_ws/install/behaviortree_cpp/share/behaviortree_cpp/environment/path.sh
[55.070s] -- Up-to-date: /home/emily/sa-mrbt_ws/install/behaviortree_cpp/share/behaviortree_cpp/environment/path.dsv
[55.070s] -- Up-to-date: /home/emily/sa-mrbt_ws/install/behaviortree_cpp/share/behaviortree_cpp/local_setup.bash
[55.070s] -- Up-to-date: /home/emily/sa-mrbt_ws/install/behaviortree_cpp/share/behaviortree_cpp/local_setup.sh
[55.070s] -- Up-to-date: /home/emily/sa-mrbt_ws/install/behaviortree_cpp/share/behaviortree_cpp/local_setup.zsh
[55.070s] -- Up-to-date: /home/emily/sa-mrbt_ws/install/behaviortree_cpp/share/behaviortree_cpp/local_setup.dsv
[55.070s] -- Installing: /home/emily/sa-mrbt_ws/install/behaviortree_cpp/share/behaviortree_cpp/package.dsv
[55.070s] -- Up-to-date: /home/emily/sa-mrbt_ws/install/behaviortree_cpp/share/ament_index/resource_index/packages/behaviortree_cpp
[55.070s] -- Up-to-date: /home/emily/sa-mrbt_ws/install/behaviortree_cpp/share/behaviortree_cpp/cmake/behaviortree_cppTargetsExport.cmake
[55.070s] -- Up-to-date: /home/emily/sa-mrbt_ws/install/behaviortree_cpp/share/behaviortree_cpp/cmake/behaviortree_cppTargetsExport-release.cmake
[55.070s] -- Up-to-date: /home/emily/sa-mrbt_ws/install/behaviortree_cpp/share/behaviortree_cpp/cmake/ament_cmake_export_dependencies-extras.cmake
[55.070s] -- Up-to-date: /home/emily/sa-mrbt_ws/install/behaviortree_cpp/share/behaviortree_cpp/cmake/ament_cmake_export_include_directories-extras.cmake
[55.070s] -- Up-to-date: /home/emily/sa-mrbt_ws/install/behaviortree_cpp/share/behaviortree_cpp/cmake/ament_cmake_export_libraries-extras.cmake
[55.070s] -- Up-to-date: /home/emily/sa-mrbt_ws/install/behaviortree_cpp/share/behaviortree_cpp/cmake/ament_cmake_export_targets-extras.cmake
[55.071s] -- Up-to-date: /home/emily/sa-mrbt_ws/install/behaviortree_cpp/share/behaviortree_cpp/cmake/behaviortree_cppConfig.cmake
[55.071s] -- Up-to-date: /home/emily/sa-mrbt_ws/install/behaviortree_cpp/share/behaviortree_cpp/cmake/behaviortree_cppConfig-version.cmake
[55.071s] -- Up-to-date: /home/emily/sa-mrbt_ws/install/behaviortree_cpp/share/behaviortree_cpp/package.xml
[55.071s] Invoked command in '/home/emily/sa-mrbt_ws/build/behaviortree_cpp' returned '0': CMAKE_PREFIX_PATH=${CMAKE_PREFIX_PATH}:/opt/ros/iron /usr/bin/cmake --install /home/emily/sa-mrbt_ws/build/behaviortree_cpp
