[0.006s] Invoking command in '/home/emily/sa-mrbt_ws/build/simulator': CMAKE_PREFIX_PATH=/home/emily/sa-mrbt_ws/install/behaviortree_cpp:/home/emily/sa-mrbt_ws/install/simulator:/opt/ros/iron /usr/bin/cmake --build /home/emily/sa-mrbt_ws/build/simulator -- -j12 -l12
[0.039s] [35m[1mConsolidate compiler generated dependencies of target sim[0m
[0.061s] [  7%] [32mBuilding CXX object CMakeFiles/sim.dir/src/sim.cpp.o[0m
[0.062s] [ 15%] [32mBuilding CXX object CMakeFiles/sim.dir/src/behavior_tree.cpp.o[0m
[1.760s] [01m[K/home/emily/sa-mrbt_ws/src/simplified_marine_sim/src/behavior_tree.cpp:[m[K In member function ‘[01m[Kvirtual BT::NodeStatus NewInfoAvailable::tick()[m[K’:
[1.760s] [01m[K/home/emily/sa-mrbt_ws/src/simplified_marine_sim/src/behavior_tree.cpp:76:25:[m[K [01;31m[Kerror: [m[K‘[01m[Kclass Robot[m[K’ has no member named ‘[01m[KresetNumCBGARounds[m[K’; did you mean ‘[01m[KresetNumCBBARounds[m[K’?
[1.760s]    76 |                  _robot.[01;31m[KresetNumCBGARounds[m[K(); // Clear rounds counted from last time CBGA ran
[1.761s]       |                         [01;31m[K^~~~~~~~~~~~~~~~~~[m[K
[1.761s]       |                         [32m[KresetNumCBBARounds[m[K
[1.761s] [01m[K/home/emily/sa-mrbt_ws/src/simplified_marine_sim/src/behavior_tree.cpp:[m[K At global scope:
[1.761s] [01m[K/home/emily/sa-mrbt_ws/src/simplified_marine_sim/src/behavior_tree.cpp:95:11:[m[K [01;31m[Kerror: [m[K‘[01m[KBT::PortsList NewInfoAvailable::providedPorts[m[K’ is not a static data member of ‘[01m[Kclass NewInfoAvailable[m[K’
[1.761s]    95 | PortsList [01;31m[KNewInfoAvailable[m[K::providedPorts {
[1.761s]       |           [01;31m[K^~~~~~~~~~~~~~~~[m[K
[1.761s] [01m[K/home/emily/sa-mrbt_ws/src/simplified_marine_sim/src/behavior_tree.cpp:97:5:[m[K [01;31m[Kerror: [m[Kexpected primary-expression before ‘[01m[Kreturn[m[K’
[1.761s]    97 |     [01;31m[Kreturn[m[K {InputPort<int>("do_cbga")};
[1.761s]       |     [01;31m[K^~~~~~[m[K
[1.761s] [01m[K/home/emily/sa-mrbt_ws/src/simplified_marine_sim/src/behavior_tree.cpp:97:5:[m[K [01;31m[Kerror: [m[Kexpected ‘[01m[K}[m[K’ before ‘[01m[Kreturn[m[K’
[1.761s] [01m[K/home/emily/sa-mrbt_ws/src/simplified_marine_sim/src/behavior_tree.cpp:96:1:[m[K [01;36m[Knote: [m[Kto match this ‘[01m[K{[m[K’
[1.762s]    96 | [01;36m[K{[m[K
[1.762s]       | [01;36m[K^[m[K
[1.762s] [01m[K/home/emily/sa-mrbt_ws/src/simplified_marine_sim/src/behavior_tree.cpp:97:5:[m[K [01;31m[Kerror: [m[Kexpected ‘[01m[K}[m[K’ before ‘[01m[Kreturn[m[K’
[1.762s]    97 |     [01;31m[Kreturn[m[K {InputPort<int>("do_cbga")};
[1.762s]       |     [01;31m[K^~~~~~[m[K
[1.762s] [01m[K/home/emily/sa-mrbt_ws/src/simplified_marine_sim/src/behavior_tree.cpp:95:43:[m[K [01;36m[Knote: [m[Kto match this ‘[01m[K{[m[K’
[1.762s]    95 | PortsList NewInfoAvailable::providedPorts [01;36m[K{[m[K
[1.762s]       |                                           [01;36m[K^[m[K
[1.762s] [01m[K/home/emily/sa-mrbt_ws/src/simplified_marine_sim/src/behavior_tree.cpp:97:5:[m[K [01;31m[Kerror: [m[Kno matching function for call to ‘[01m[Kstd::unordered_map<std::__cxx11::basic_string<char>, BT::PortInfo>::unordered_map(<brace-enclosed initializer list>)[m[K’
[1.762s]    97 |     [01;31m[Kreturn[m[K {InputPort<int>("do_cbga")};
[1.762s]       |     [01;31m[K^~~~~~[m[K
[1.763s] In file included from [01m[K/usr/include/c++/11/unordered_map:47[m[K,
[1.763s]                  from [01m[K/usr/include/c++/11/functional:61[m[K,
[1.763s]                  from [01m[K/home/emily/sa-mrbt_ws/install/behaviortree_cpp/include/behaviortree_cpp/bt_factory.h:18[m[K,
[1.763s]                  from [01m[K/home/emily/sa-mrbt_ws/src/simplified_marine_sim/include/behavior_tree.hpp:6[m[K,
[1.763s]                  from [01m[K/home/emily/sa-mrbt_ws/src/simplified_marine_sim/src/behavior_tree.cpp:1[m[K:
[1.763s] [01m[K/usr/include/c++/11/bits/unordered_map.h:252:9:[m[K [01;36m[Knote: [m[Kcandidate: ‘[01m[Ktemplate<class _InputIterator> std::unordered_map<_Key, _Tp, _Hash, _Pred, _Alloc>::unordered_map(_InputIterator, _InputIterator, std::unordered_map<_Key, _Tp, _Hash, _Pred, _Alloc>::size_type, const hasher&, const allocator_type&) [with _InputIterator = _InputIterator; _Key = std::__cxx11::basic_string<char>; _Tp = BT::PortInfo; _Hash = std::hash<std::__cxx11::basic_string<char> >; _Pred = std::equal_to<std::__cxx11::basic_string<char> >; _Alloc = std::allocator<std::pair<const std::__cxx11::basic_string<char>, BT::PortInfo> >][m[K’
[1.763s]   252 |         [01;36m[Kunordered_map[m[K(_InputIterator __first, _InputIterator __last,
[1.763s]       |         [01;36m[K^~~~~~~~~~~~~[m[K
[1.763s] [01m[K/usr/include/c++/11/bits/unordered_map.h:252:9:[m[K [01;36m[Knote: [m[K  template argument deduction/substitution failed:
[1.763s] [01m[K/home/emily/sa-mrbt_ws/src/simplified_marine_sim/src/behavior_tree.cpp:97:5:[m[K [01;36m[Knote: [m[K  candidate expects 5 arguments, 1 provided
[1.763s]    97 |     [01;36m[Kreturn[m[K {InputPort<int>("do_cbga")};
[1.763s]       |     [01;36m[K^~~~~~[m[K
[1.764s] In file included from [01m[K/usr/include/c++/11/unordered_map:47[m[K,
[1.764s]                  from [01m[K/usr/include/c++/11/functional:61[m[K,
[1.764s]                  from [01m[K/home/emily/sa-mrbt_ws/install/behaviortree_cpp/include/behaviortree_cpp/bt_factory.h:18[m[K,
[1.764s]                  from [01m[K/home/emily/sa-mrbt_ws/src/simplified_marine_sim/include/behavior_tree.hpp:6[m[K,
[1.764s]                  from [01m[K/home/emily/sa-mrbt_ws/src/simplified_marine_sim/src/behavior_tree.cpp:1[m[K:
[1.764s] [01m[K/usr/include/c++/11/bits/unordered_map.h:245:9:[m[K [01;36m[Knote: [m[Kcandidate: ‘[01m[Ktemplate<class _InputIterator> std::unordered_map<_Key, _Tp, _Hash, _Pred, _Alloc>::unordered_map(_InputIterator, _InputIterator, std::unordered_map<_Key, _Tp, _Hash, _Pred, _Alloc>::size_type, const allocator_type&) [with _InputIterator = _InputIterator; _Key = std::__cxx11::basic_string<char>; _Tp = BT::PortInfo; _Hash = std::hash<std::__cxx11::basic_string<char> >; _Pred = std::equal_to<std::__cxx11::basic_string<char> >; _Alloc = std::allocator<std::pair<const std::__cxx11::basic_string<char>, BT::PortInfo> >][m[K’
[1.764s]   245 |         [01;36m[Kunordered_map[m[K(_InputIterator __first, _InputIterator __last,
[1.764s]       |         [01;36m[K^~~~~~~~~~~~~[m[K
[1.764s] [01m[K/usr/include/c++/11/bits/unordered_map.h:245:9:[m[K [01;36m[Knote: [m[K  template argument deduction/substitution failed:
[1.764s] [01m[K/home/emily/sa-mrbt_ws/src/simplified_marine_sim/src/behavior_tree.cpp:97:5:[m[K [01;36m[Knote: [m[K  candidate expects 4 arguments, 1 provided
[1.764s]    97 |     [01;36m[Kreturn[m[K {InputPort<int>("do_cbga")};
[1.765s]       |     [01;36m[K^~~~~~[m[K
[1.765s] In file included from [01m[K/usr/include/c++/11/unordered_map:47[m[K,
[1.765s]                  from [01m[K/usr/include/c++/11/functional:61[m[K,
[1.765s]                  from [01m[K/home/emily/sa-mrbt_ws/install/behaviortree_cpp/include/behaviortree_cpp/bt_factory.h:18[m[K,
[1.765s]                  from [01m[K/home/emily/sa-mrbt_ws/src/simplified_marine_sim/include/behavior_tree.hpp:6[m[K,
[1.765s]                  from [01m[K/home/emily/sa-mrbt_ws/src/simplified_marine_sim/src/behavior_tree.cpp:1[m[K:
[1.765s] [01m[K/usr/include/c++/11/bits/unordered_map.h:172:9:[m[K [01;36m[Knote: [m[Kcandidate: ‘[01m[Ktemplate<class _InputIterator> std::unordered_map<_Key, _Tp, _Hash, _Pred, _Alloc>::unordered_map(_InputIterator, _InputIterator, std::unordered_map<_Key, _Tp, _Hash, _Pred, _Alloc>::size_type, const hasher&, const key_equal&, const allocator_type&) [with _InputIterator = _InputIterator; _Key = std::__cxx11::basic_string<char>; _Tp = BT::PortInfo; _Hash = std::hash<std::__cxx11::basic_string<char> >; _Pred = std::equal_to<std::__cxx11::basic_string<char> >; _Alloc = std::allocator<std::pair<const std::__cxx11::basic_string<char>, BT::PortInfo> >][m[K’
[1.765s]   172 |         [01;36m[Kunordered_map[m[K(_InputIterator __first, _InputIterator __last,
[1.765s]       |         [01;36m[K^~~~~~~~~~~~~[m[K
[1.765s] [01m[K/usr/include/c++/11/bits/unordered_map.h:172:9:[m[K [01;36m[Knote: [m[K  template argument deduction/substitution failed:
[1.765s] [01m[K/home/emily/sa-mrbt_ws/src/simplified_marine_sim/src/behavior_tree.cpp:97:5:[m[K [01;36m[Knote: [m[K  candidate expects 6 arguments, 1 provided
[1.766s]    97 |     [01;36m[Kreturn[m[K {InputPort<int>("do_cbga")};
[1.766s]       |     [01;36m[K^~~~~~[m[K
[1.766s] In file included from [01m[K/usr/include/c++/11/unordered_map:47[m[K,
[1.766s]                  from [01m[K/usr/include/c++/11/functional:61[m[K,
[1.766s]                  from [01m[K/home/emily/sa-mrbt_ws/install/behaviortree_cpp/include/behaviortree_cpp/bt_factory.h:18[m[K,
[1.766s]                  from [01m[K/home/emily/sa-mrbt_ws/src/simplified_marine_sim/include/behavior_tree.hpp:6[m[K,
[1.766s]                  from [01m[K/home/emily/sa-mrbt_ws/src/simplified_marine_sim/src/behavior_tree.cpp:1[m[K:
[1.766s] [01m[K/usr/include/c++/11/bits/unordered_map.h:264:7:[m[K [01;36m[Knote: [m[Kcandidate: ‘[01m[Kstd::unordered_map<_Key, _Tp, _Hash, _Pred, _Alloc>::unordered_map(std::initializer_list<typename std::_Hashtable<_Key, std::pair<const _Key, _Tp>, _Alloc, std::__detail::_Select1st, _Pred, _Hash, std::__detail::_Mod_range_hashing, std::__detail::_Default_ranged_hash, std::__detail::_Prime_rehash_policy, std::__detail::_Hashtable_traits<std::__not_<std::__and_<std::__is_fast_hash<_Hash>, std::__is_nothrow_invocable<const _Hash&, const _Key&> > >::value, false, true> >::value_type>, std::unordered_map<_Key, _Tp, _Hash, _Pred, _Alloc>::size_type, const hasher&, const allocator_type&) [with _Key = std::__cxx11::basic_string<char>; _Tp = BT::PortInfo; _Hash = std::hash<std::__cxx11::basic_string<char> >; _Pred = std::equal_to<std::__cxx11::basic_string<char> >; _Alloc = std::allocator<std::pair<const std::__cxx11::basic_string<char>, BT::PortInfo> >; typename std::_Hashtable<_Key, std::pair<const _Key, _Tp>, _Alloc, std::__detail::_Select1st, _Pred, _Hash, std::__detail::_Mod_range_hashing, std::__detail::_Default_ranged_hash, std::__detail::_Prime_rehash_policy, std::__detail::_Hashtable_traits<std::__not_<std::__and_<std::__is_fast_hash<_Hash>, std::__is_nothrow_invocable<const _Hash&, const _Key&> > >::value, false, true> >::value_type = std::pair<const std::__cxx11::basic_string<char>, BT::PortInfo>; std::unordered_map<_Key, _Tp, _Hash, _Pred, _Alloc>::size_type = long unsigned int; std::unordered_map<_Key, _Tp, _Hash, _Pred, _Alloc>::hasher = std::hash<std::__cxx11::basic_string<char> >; std::unordered_map<_Key, _Tp, _Hash, _Pred, _Alloc>::allocator_type = std::allocator<std::pair<const std::__cxx11::basic_string<char>, BT::PortInfo> >][m[K’
[1.766s]   264 |       [01;36m[Kunordered_map[m[K(initializer_list<value_type> __l,
[1.766s]       |       [01;36m[K^~~~~~~~~~~~~[m[K
[1.766s] [01m[K/usr/include/c++/11/bits/unordered_map.h:264:7:[m[K [01;36m[Knote: [m[K  candidate expects 4 arguments, 1 provided
[1.767s] [01m[K/usr/include/c++/11/bits/unordered_map.h:258:7:[m[K [01;36m[Knote: [m[Kcandidate: ‘[01m[Kstd::unordered_map<_Key, _Tp, _Hash, _Pred, _Alloc>::unordered_map(std::initializer_list<typename std::_Hashtable<_Key, std::pair<const _Key, _Tp>, _Alloc, std::__detail::_Select1st, _Pred, _Hash, std::__detail::_Mod_range_hashing, std::__detail::_Default_ranged_hash, std::__detail::_Prime_rehash_policy, std::__detail::_Hashtable_traits<std::__not_<std::__and_<std::__is_fast_hash<_Hash>, std::__is_nothrow_invocable<const _Hash&, const _Key&> > >::value, false, true> >::value_type>, std::unordered_map<_Key, _Tp, _Hash, _Pred, _Alloc>::size_type, const allocator_type&) [with _Key = std::__cxx11::basic_string<char>; _Tp = BT::PortInfo; _Hash = std::hash<std::__cxx11::basic_string<char> >; _Pred = std::equal_to<std::__cxx11::basic_string<char> >; _Alloc = std::allocator<std::pair<const std::__cxx11::basic_string<char>, BT::PortInfo> >; typename std::_Hashtable<_Key, std::pair<const _Key, _Tp>, _Alloc, std::__detail::_Select1st, _Pred, _Hash, std::__detail::_Mod_range_hashing, std::__detail::_Default_ranged_hash, std::__detail::_Prime_rehash_policy, std::__detail::_Hashtable_traits<std::__not_<std::__and_<std::__is_fast_hash<_Hash>, std::__is_nothrow_invocable<const _Hash&, const _Key&> > >::value, false, true> >::value_type = std::pair<const std::__cxx11::basic_string<char>, BT::PortInfo>; std::unordered_map<_Key, _Tp, _Hash, _Pred, _Alloc>::size_type = long unsigned int; std::unordered_map<_Key, _Tp, _Hash, _Pred, _Alloc>::allocator_type = std::allocator<std::pair<const std::__cxx11::basic_string<char>, BT::PortInfo> >][m[K’
[1.767s]   258 |       [01;36m[Kunordered_map[m[K(initializer_list<value_type> __l,
[1.767s]       |       [01;36m[K^~~~~~~~~~~~~[m[K
[1.767s] [01m[K/usr/include/c++/11/bits/unordered_map.h:258:7:[m[K [01;36m[Knote: [m[K  candidate expects 3 arguments, 1 provided
[1.767s] [01m[K/usr/include/c++/11/bits/unordered_map.h:239:7:[m[K [01;36m[Knote: [m[Kcandidate: ‘[01m[Kstd::unordered_map<_Key, _Tp, _Hash, _Pred, _Alloc>::unordered_map(std::unordered_map<_Key, _Tp, _Hash, _Pred, _Alloc>::size_type, const hasher&, const allocator_type&) [with _Key = std::__cxx11::basic_string<char>; _Tp = BT::PortInfo; _Hash = std::hash<std::__cxx11::basic_string<char> >; _Pred = std::equal_to<std::__cxx11::basic_string<char> >; _Alloc = std::allocator<std::pair<const std::__cxx11::basic_string<char>, BT::PortInfo> >; std::unordered_map<_Key, _Tp, _Hash, _Pred, _Alloc>::size_type = long unsigned int; std::unordered_map<_Key, _Tp, _Hash, _Pred, _Alloc>::hasher = std::hash<std::__cxx11::basic_string<char> >; std::unordered_map<_Key, _Tp, _Hash, _Pred, _Alloc>::allocator_type = std::allocator<std::pair<const std::__cxx11::basic_string<char>, BT::PortInfo> >][m[K’
[1.767s]   239 |       [01;36m[Kunordered_map[m[K(size_type __n, const hasher& __hf,
[1.767s]       |       [01;36m[K^~~~~~~~~~~~~[m[K
[1.767s] [01m[K/usr/include/c++/11/bits/unordered_map.h:239:7:[m[K [01;36m[Knote: [m[K  candidate expects 3 arguments, 1 provided
[1.767s] [01m[K/usr/include/c++/11/bits/unordered_map.h:235:7:[m[K [01;36m[Knote: [m[Kcandidate: ‘[01m[Kstd::unordered_map<_Key, _Tp, _Hash, _Pred, _Alloc>::unordered_map(std::unordered_map<_Key, _Tp, _Hash, _Pred, _Alloc>::size_type, const allocator_type&) [with _Key = std::__cxx11::basic_string<char>; _Tp = BT::PortInfo; _Hash = std::hash<std::__cxx11::basic_string<char> >; _Pred = std::equal_to<std::__cxx11::basic_string<char> >; _Alloc = std::allocator<std::pair<const std::__cxx11::basic_string<char>, BT::PortInfo> >; std::unordered_map<_Key, _Tp, _Hash, _Pred, _Alloc>::size_type = long unsigned int; std::unordered_map<_Key, _Tp, _Hash, _Pred, _Alloc>::allocator_type = std::allocator<std::pair<const std::__cxx11::basic_string<char>, BT::PortInfo> >][m[K’
[1.767s]   235 |       [01;36m[Kunordered_map[m[K(size_type __n, const allocator_type& __a)
[1.767s]       |       [01;36m[K^~~~~~~~~~~~~[m[K
[1.768s] [01m[K/usr/include/c++/11/bits/unordered_map.h:235:7:[m[K [01;36m[Knote: [m[K  candidate expects 2 arguments, 1 provided
[1.768s] [01m[K/usr/include/c++/11/bits/unordered_map.h:227:7:[m[K [01;36m[Knote: [m[Kcandidate: ‘[01m[Kstd::unordered_map<_Key, _Tp, _Hash, _Pred, _Alloc>::unordered_map(std::initializer_list<typename std::_Hashtable<_Key, std::pair<const _Key, _Tp>, _Alloc, std::__detail::_Select1st, _Pred, _Hash, std::__detail::_Mod_range_hashing, std::__detail::_Default_ranged_hash, std::__detail::_Prime_rehash_policy, std::__detail::_Hashtable_traits<std::__not_<std::__and_<std::__is_fast_hash<_Hash>, std::__is_nothrow_invocable<const _Hash&, const _Key&> > >::value, false, true> >::value_type>, std::unordered_map<_Key, _Tp, _Hash, _Pred, _Alloc>::size_type, const hasher&, const key_equal&, const allocator_type&) [with _Key = std::__cxx11::basic_string<char>; _Tp = BT::PortInfo; _Hash = std::hash<std::__cxx11::basic_string<char> >; _Pred = std::equal_to<std::__cxx11::basic_string<char> >; _Alloc = std::allocator<std::pair<const std::__cxx11::basic_string<char>, BT::PortInfo> >; typename std::_Hashtable<_Key, std::pair<const _Key, _Tp>, _Alloc, std::__detail::_Select1st, _Pred, _Hash, std::__detail::_Mod_range_hashing, std::__detail::_Default_ranged_hash, std::__detail::_Prime_rehash_policy, std::__detail::_Hashtable_traits<std::__not_<std::__and_<std::__is_fast_hash<_Hash>, std::__is_nothrow_invocable<const _Hash&, const _Key&> > >::value, false, true> >::value_type = std::pair<const std::__cxx11::basic_string<char>, BT::PortInfo>; std::unordered_map<_Key, _Tp, _Hash, _Pred, _Alloc>::size_type = long unsigned int; std::unordered_map<_Key, _Tp, _Hash, _Pred, _Alloc>::hasher = std::hash<std::__cxx11::basic_string<char> >; std::unordered_map<_Key, _Tp, _Hash, _Pred, _Alloc>::key_equal = std::equal_to<std::__cxx11::basic_string<char> >; std::unordered_map<_Key, _Tp, _Hash, _Pred, _Alloc>::allocator_type = std::allocator<std::pair<const std::__cxx11::basic_string<char>, BT::PortInfo> >][m[K’
[1.768s]   227 |       [01;36m[Kunordered_map[m[K(initializer_list<value_type> __l,
[1.768s]       |       [01;36m[K^~~~~~~~~~~~~[m[K
[1.768s] [01m[K/usr/include/c++/11/bits/unordered_map.h:227:50:[m[K [01;36m[Knote: [m[K  no known conversion for argument 1 from ‘[01m[K<brace-enclosed initializer list>[m[K’ to ‘[01m[Kstd::initializer_list<std::pair<const std::__cxx11::basic_string<char>, BT::PortInfo> >[m[K’
[1.768s]   227 |       unordered_map([01;36m[Kinitializer_list<value_type> __l[m[K,
[1.768s]       |                     [01;36m[K~~~~~~~~~~~~~~~~~~~~~~~~~~~~~^~~[m[K
[1.768s] [01m[K/usr/include/c++/11/bits/unordered_map.h:210:7:[m[K [01;36m[Knote: [m[Kcandidate: ‘[01m[Kstd::unordered_map<_Key, _Tp, _Hash, _Pred, _Alloc>::unordered_map(std::unordered_map<_Key, _Tp, _Hash, _Pred, _Alloc>&&, const allocator_type&) [with _Key = std::__cxx11::basic_string<char>; _Tp = BT::PortInfo; _Hash = std::hash<std::__cxx11::basic_string<char> >; _Pred = std::equal_to<std::__cxx11::basic_string<char> >; _Alloc = std::allocator<std::pair<const std::__cxx11::basic_string<char>, BT::PortInfo> >; std::unordered_map<_Key, _Tp, _Hash, _Pred, _Alloc>::allocator_type = std::allocator<std::pair<const std::__cxx11::basic_string<char>, BT::PortInfo> >][m[K’
[1.768s]   210 |       [01;36m[Kunordered_map[m[K(unordered_map&& __umap,
[1.768s]       |       [01;36m[K^~~~~~~~~~~~~[m[K
[1.768s] [01m[K/usr/include/c++/11/bits/unordered_map.h:210:7:[m[K [01;36m[Knote: [m[K  candidate expects 2 arguments, 1 provided
[1.769s] [01m[K/usr/include/c++/11/bits/unordered_map.h:200:7:[m[K [01;36m[Knote: [m[Kcandidate: ‘[01m[Kstd::unordered_map<_Key, _Tp, _Hash, _Pred, _Alloc>::unordered_map(const std::unordered_map<_Key, _Tp, _Hash, _Pred, _Alloc>&, const allocator_type&) [with _Key = std::__cxx11::basic_string<char>; _Tp = BT::PortInfo; _Hash = std::hash<std::__cxx11::basic_string<char> >; _Pred = std::equal_to<std::__cxx11::basic_string<char> >; _Alloc = std::allocator<std::pair<const std::__cxx11::basic_string<char>, BT::PortInfo> >; std::unordered_map<_Key, _Tp, _Hash, _Pred, _Alloc>::allocator_type = std::allocator<std::pair<const std::__cxx11::basic_string<char>, BT::PortInfo> >][m[K’
[1.769s]   200 |       [01;36m[Kunordered_map[m[K(const unordered_map& __umap,
[1.769s]       |       [01;36m[K^~~~~~~~~~~~~[m[K
[1.769s] [01m[K/usr/include/c++/11/bits/unordered_map.h:200:7:[m[K [01;36m[Knote: [m[K  candidate expects 2 arguments, 1 provided
[1.769s] [01m[K/usr/include/c++/11/bits/unordered_map.h:191:7:[m[K [01;36m[Knote: [m[Kcandidate: ‘[01m[Kstd::unordered_map<_Key, _Tp, _Hash, _Pred, _Alloc>::unordered_map(const allocator_type&) [with _Key = std::__cxx11::basic_string<char>; _Tp = BT::PortInfo; _Hash = std::hash<std::__cxx11::basic_string<char> >; _Pred = std::equal_to<std::__cxx11::basic_string<char> >; _Alloc = std::allocator<std::pair<const std::__cxx11::basic_string<char>, BT::PortInfo> >; std::unordered_map<_Key, _Tp, _Hash, _Pred, _Alloc>::allocator_type = std::allocator<std::pair<const std::__cxx11::basic_string<char>, BT::PortInfo> >][m[K’
[1.769s]   191 |       [01;36m[Kunordered_map[m[K(const allocator_type& __a)
[1.769s]       |       [01;36m[K^~~~~~~~~~~~~[m[K
[1.769s] [01m[K/usr/include/c++/11/bits/unordered_map.h:191:43:[m[K [01;36m[Knote: [m[K  no known conversion for argument 1 from ‘[01m[K<brace-enclosed initializer list>[m[K’ to ‘[01m[Kconst allocator_type&[m[K’ {aka ‘[01m[Kconst std::allocator<std::pair<const std::__cxx11::basic_string<char>, BT::PortInfo> >&[m[K’}
[1.769s]   191 |       unordered_map([01;36m[Kconst allocator_type& __a[m[K)
[1.769s]       |                     [01;36m[K~~~~~~~~~~~~~~~~~~~~~~^~~[m[K
[1.769s] [01m[K/usr/include/c++/11/bits/unordered_map.h:184:7:[m[K [01;36m[Knote: [m[Kcandidate: ‘[01m[Kstd::unordered_map<_Key, _Tp, _Hash, _Pred, _Alloc>::unordered_map(std::unordered_map<_Key, _Tp, _Hash, _Pred, _Alloc>&&) [with _Key = std::__cxx11::basic_string<char>; _Tp = BT::PortInfo; _Hash = std::hash<std::__cxx11::basic_string<char> >; _Pred = std::equal_to<std::__cxx11::basic_string<char> >; _Alloc = std::allocator<std::pair<const std::__cxx11::basic_string<char>, BT::PortInfo> >][m[K’
[1.770s]   184 |       [01;36m[Kunordered_map[m[K(unordered_map&&) = default;
[1.770s]       |       [01;36m[K^~~~~~~~~~~~~[m[K
[1.770s] [01m[K/usr/include/c++/11/bits/unordered_map.h:184:21:[m[K [01;36m[Knote: [m[K  no known conversion for argument 1 from ‘[01m[K<brace-enclosed initializer list>[m[K’ to ‘[01m[Kstd::unordered_map<std::__cxx11::basic_string<char>, BT::PortInfo>&&[m[K’
[1.770s]   184 |       unordered_map([01;36m[Kunordered_map&&[m[K) = default;
[1.770s]       |                     [01;36m[K^~~~~~~~~~~~~~~[m[K
[1.770s] [01m[K/usr/include/c++/11/bits/unordered_map.h:181:7:[m[K [01;36m[Knote: [m[Kcandidate: ‘[01m[Kstd::unordered_map<_Key, _Tp, _Hash, _Pred, _Alloc>::unordered_map(const std::unordered_map<_Key, _Tp, _Hash, _Pred, _Alloc>&) [with _Key = std::__cxx11::basic_string<char>; _Tp = BT::PortInfo; _Hash = std::hash<std::__cxx11::basic_string<char> >; _Pred = std::equal_to<std::__cxx11::basic_string<char> >; _Alloc = std::allocator<std::pair<const std::__cxx11::basic_string<char>, BT::PortInfo> >][m[K’
[1.770s]   181 |       [01;36m[Kunordered_map[m[K(const unordered_map&) = default;
[1.770s]       |       [01;36m[K^~~~~~~~~~~~~[m[K
[1.770s] [01m[K/usr/include/c++/11/bits/unordered_map.h:181:21:[m[K [01;36m[Knote: [m[K  no known conversion for argument 1 from ‘[01m[K<brace-enclosed initializer list>[m[K’ to ‘[01m[Kconst std::unordered_map<std::__cxx11::basic_string<char>, BT::PortInfo>&[m[K’
[1.770s]   181 |       unordered_map([01;36m[Kconst unordered_map&[m[K) = default;
[1.770s]       |                     [01;36m[K^~~~~~~~~~~~~~~~~~~~[m[K
[1.771s] [01m[K/usr/include/c++/11/bits/unordered_map.h:151:7:[m[K [01;36m[Knote: [m[Kcandidate: ‘[01m[Kstd::unordered_map<_Key, _Tp, _Hash, _Pred, _Alloc>::unordered_map(std::unordered_map<_Key, _Tp, _Hash, _Pred, _Alloc>::size_type, const hasher&, const key_equal&, const allocator_type&) [with _Key = std::__cxx11::basic_string<char>; _Tp = BT::PortInfo; _Hash = std::hash<std::__cxx11::basic_string<char> >; _Pred = std::equal_to<std::__cxx11::basic_string<char> >; _Alloc = std::allocator<std::pair<const std::__cxx11::basic_string<char>, BT::PortInfo> >; std::unordered_map<_Key, _Tp, _Hash, _Pred, _Alloc>::size_type = long unsigned int; std::unordered_map<_Key, _Tp, _Hash, _Pred, _Alloc>::hasher = std::hash<std::__cxx11::basic_string<char> >; std::unordered_map<_Key, _Tp, _Hash, _Pred, _Alloc>::key_equal = std::equal_to<std::__cxx11::basic_string<char> >; std::unordered_map<_Key, _Tp, _Hash, _Pred, _Alloc>::allocator_type = std::allocator<std::pair<const std::__cxx11::basic_string<char>, BT::PortInfo> >][m[K’
[1.771s]   151 |       [01;36m[Kunordered_map[m[K(size_type __n,
[1.771s]       |       [01;36m[K^~~~~~~~~~~~~[m[K
[1.771s] [01m[K/usr/include/c++/11/bits/unordered_map.h:151:31:[m[K [01;36m[Knote: [m[K  no known conversion for argument 1 from ‘[01m[K<brace-enclosed initializer list>[m[K’ to ‘[01m[Kstd::unordered_map<std::__cxx11::basic_string<char>, BT::PortInfo>::size_type[m[K’ {aka ‘[01m[Klong unsigned int[m[K’}
[1.771s]   151 |       unordered_map([01;36m[Ksize_type __n[m[K,
[1.771s]       |                     [01;36m[K~~~~~~~~~~^~~[m[K
[1.771s] [01m[K/usr/include/c++/11/bits/unordered_map.h:141:7:[m[K [01;36m[Knote: [m[Kcandidate: ‘[01m[Kstd::unordered_map<_Key, _Tp, _Hash, _Pred, _Alloc>::unordered_map() [with _Key = std::__cxx11::basic_string<char>; _Tp = BT::PortInfo; _Hash = std::hash<std::__cxx11::basic_string<char> >; _Pred = std::equal_to<std::__cxx11::basic_string<char> >; _Alloc = std::allocator<std::pair<const std::__cxx11::basic_string<char>, BT::PortInfo> >][m[K’
[1.771s]   141 |       [01;36m[Kunordered_map[m[K() = default;
[1.771s]       |       [01;36m[K^~~~~~~~~~~~~[m[K
[1.771s] [01m[K/usr/include/c++/11/bits/unordered_map.h:141:7:[m[K [01;36m[Knote: [m[K  candidate expects 0 arguments, 1 provided
[1.771s] [01m[K/home/emily/sa-mrbt_ws/src/simplified_marine_sim/src/behavior_tree.cpp:97:5:[m[K [01;31m[Kerror: [m[Kexpected ‘[01m[K,[m[K’ or ‘[01m[K;[m[K’ before ‘[01m[Kreturn[m[K’
[1.771s]    97 |     [01;31m[Kreturn[m[K {InputPort<int>("do_cbga")};
[1.772s]       |     [01;31m[K^~~~~~[m[K
[1.772s] [01m[K/home/emily/sa-mrbt_ws/src/simplified_marine_sim/src/behavior_tree.cpp:98:1:[m[K [01;31m[Kerror: [m[Kexpected declaration before ‘[01m[K}[m[K’ token
[1.772s]    98 | [01;31m[K}[m[K
[1.772s]       | [01;31m[K^[m[K
[3.011s] gmake[2]: *** [CMakeFiles/sim.dir/build.make:202: CMakeFiles/sim.dir/src/behavior_tree.cpp.o] Error 1
[3.011s] gmake[2]: *** Waiting for unfinished jobs....
[4.264s] gmake[1]: *** [CMakeFiles/Makefile2:137: CMakeFiles/sim.dir/all] Error 2
[4.264s] gmake: *** [Makefile:146: all] Error 2
[4.266s] Invoked command in '/home/emily/sa-mrbt_ws/build/simulator' returned '2': CMAKE_PREFIX_PATH=/home/emily/sa-mrbt_ws/install/behaviortree_cpp:/home/emily/sa-mrbt_ws/install/simulator:/opt/ros/iron /usr/bin/cmake --build /home/emily/sa-mrbt_ws/build/simulator -- -j12 -l12
