[  7%] [32mBuilding CXX object CMakeFiles/sim.dir/src/behavior_tree.cpp.o[0m
[01m[K/home/emily/sa-mrbt_ws/src/simplified_marine_sim/src/behavior_tree.cpp:[m[K In member function ‘[01m[Kvirtual BT::NodeStatus HandleFailures::onRunning()[m[K’:
[01m[K/home/emily/sa-mrbt_ws/src/simplified_marine_sim/src/behavior_tree.cpp:1379:35:[m[K [01;31m[Kerror: [m[Kno matching function for call to ‘[01m[KlogUnorderedMap(std::unordered_map<int, bool>&, HandleFailures&)[m[K’
 1379 |             [01;31m[Kutils::logUnorderedMap(current_subtask_failures, *this)[m[K;
      |             [01;31m[K~~~~~~~~~~~~~~~~~~~~~~^~~~~~~~~~~~~~~~~~~~~~~~~~~~~~~~~[m[K
In file included from [01m[K/home/emily/sa-mrbt_ws/src/simplified_marine_sim/src/behavior_tree.cpp:13[m[K:
[01m[K/home/emily/sa-mrbt_ws/src/simplified_marine_sim/include/utils.hpp:100:6:[m[K [01;36m[Knote: [m[Kcandidate: ‘[01m[Ktemplate<class K, class V> void utils::logUnorderedMap(const std::unordered_map<K, V>&, Robot&)[m[K’
  100 | void [01;36m[KlogUnorderedMap[m[K(const std::unordered_map<K, V>& my_map, Robot& robot) {
      |      [01;36m[K^~~~~~~~~~~~~~~[m[K
[01m[K/home/emily/sa-mrbt_ws/src/simplified_marine_sim/include/utils.hpp:100:6:[m[K [01;36m[Knote: [m[K  template argument deduction/substitution failed:
[01m[K/home/emily/sa-mrbt_ws/src/simplified_marine_sim/src/behavior_tree.cpp:1379:62:[m[K [01;36m[Knote: [m[K  cannot convert ‘[01m[K*(HandleFailures*)this[m[K’ (type ‘[01m[KHandleFailures[m[K’) to type ‘[01m[KRobot&[m[K’
 1379 |             utils::logUnorderedMap(current_subtask_failures, [01;36m[K*this[m[K);
      |                                                              [01;36m[K^~~~~[m[K
In file included from [01m[K/home/emily/sa-mrbt_ws/src/simplified_marine_sim/src/behavior_tree.cpp:13[m[K:
[01m[K/home/emily/sa-mrbt_ws/src/simplified_marine_sim/include/utils.hpp:131:6:[m[K [01;36m[Knote: [m[Kcandidate: ‘[01m[Ktemplate<class K1, class K2, class V2> void utils::logUnorderedMap(const std::unordered_map<K1, std::unordered_map<K2, V2> >&, Robot&)[m[K’
  131 | void [01;36m[KlogUnorderedMap[m[K(const std::unordered_map<K1, std::unordered_map<K2, V2>>& my_map, Robot& robot) {
      |      [01;36m[K^~~~~~~~~~~~~~~[m[K
[01m[K/home/emily/sa-mrbt_ws/src/simplified_marine_sim/include/utils.hpp:131:6:[m[K [01;36m[Knote: [m[K  template argument deduction/substitution failed:
[01m[K/home/emily/sa-mrbt_ws/src/simplified_marine_sim/src/behavior_tree.cpp:1379:35:[m[K [01;36m[Knote: [m[K  mismatched types ‘[01m[Kstd::unordered_map<K2, V2>[m[K’ and ‘[01m[Kbool[m[K’
 1379 |             [01;36m[Kutils::logUnorderedMap(current_subtask_failures, *this)[m[K;
      |             [01;36m[K~~~~~~~~~~~~~~~~~~~~~~^~~~~~~~~~~~~~~~~~~~~~~~~~~~~~~~~[m[K
gmake[2]: *** [CMakeFiles/sim.dir/build.make:202: CMakeFiles/sim.dir/src/behavior_tree.cpp.o] Error 1
gmake[1]: *** [CMakeFiles/Makefile2:137: CMakeFiles/sim.dir/all] Error 2
gmake: *** [Makefile:146: all] Error 2
