[0.007s] Invoking command in '/home/emily/sa-mrbt_ws/build/behaviortree_cpp': CMAKE_PREFIX_PATH=${CMAKE_PREFIX_PATH}:/opt/ros/iron /usr/bin/cmake --build /home/emily/sa-mrbt_ws/build/behaviortree_cpp -- -j12 -l12
[0.040s] [  3%] Built target lexy_file
[0.040s] [  3%] Built target minitrace
[0.040s] [  4%] Built target gtest_main
[0.040s] [  6%] Built target gtest
[0.056s] [35m[1mConsolidate compiler generated dependencies of target behaviortree_cpp[0m
[0.095s] [  7%] [32mBuilding CXX object CMakeFiles/behaviortree_cpp.dir/src/controls/counter_sequence.cpp.o[0m
[1.144s] [01m[K/home/emily/sa-mrbt_ws/src/BehaviorTree.CPP/src/controls/counter_sequence.cpp:[m[K In member function ‘[01m[Kvirtual BT::NodeStatus BT::CounterSequence::tick()[m[K’:
[1.144s] [01m[K/home/emily/sa-mrbt_ws/src/BehaviorTree.CPP/src/controls/counter_sequence.cpp:84:8:[m[K [01;31m[Kerror: [m[Kinvalid use of member function ‘[01m[Kconst BT::TreeNode* BT::ControlNode::child(size_t) const[m[K’ (did you forget the ‘[01m[K()[m[K’ ?)
[1.144s]    84 |     if([01;31m[Kchild[m[K->status() == NodeStatus::RUNNING)
[1.144s]       |        [01;31m[K^~~~~[m[K
[1.144s] [01m[K/home/emily/sa-mrbt_ws/src/BehaviorTree.CPP/src/controls/counter_sequence.cpp:86:7:[m[K [01;31m[Kerror: [m[Kinvalid use of member function ‘[01m[Kconst BT::TreeNode* BT::ControlNode::child(size_t) const[m[K’ (did you forget the ‘[01m[K()[m[K’ ?)
[1.144s]    86 |       [01;31m[Kchild[m[K->haltNode();
[1.144s]       |       [01;31m[K^~~~~[m[K
[1.144s] [01m[K/home/emily/sa-mrbt_ws/src/BehaviorTree.CPP/src/controls/counter_sequence.cpp:88:5:[m[K [01;31m[Kerror: [m[Kinvalid use of member function ‘[01m[Kconst BT::TreeNode* BT::ControlNode::child(size_t) const[m[K’ (did you forget the ‘[01m[K()[m[K’ ?)
[1.144s]    88 |     [01;31m[Kchild[m[K->resetStatus();
[1.144s]       |     [01;31m[K^~~~~[m[K
[1.836s] gmake[2]: *** [CMakeFiles/behaviortree_cpp.dir/build.make:482: CMakeFiles/behaviortree_cpp.dir/src/controls/counter_sequence.cpp.o] Error 1
[1.837s] gmake[1]: *** [CMakeFiles/Makefile2:340: CMakeFiles/behaviortree_cpp.dir/all] Error 2
[1.837s] gmake: *** [Makefile:146: all] Error 2
[1.838s] Invoked command in '/home/emily/sa-mrbt_ws/build/behaviortree_cpp' returned '2': CMAKE_PREFIX_PATH=${CMAKE_PREFIX_PATH}:/opt/ros/iron /usr/bin/cmake --build /home/emily/sa-mrbt_ws/build/behaviortree_cpp -- -j12 -l12
