[35m[1mConsolidate compiler generated dependencies of target sim[0m
[  7%] [32mBuilding CXX object CMakeFiles/sim.dir/src/CBGA.cpp.o[0m
[ 30%] [32mBuilding CXX object CMakeFiles/sim.dir/src/message.cpp.o[0m
[ 30%] [32mBuilding CXX object CMakeFiles/sim.dir/src/sim.cpp.o[0m
[ 30%] [32mBuilding CXX object CMakeFiles/sim.dir/src/CBBA.cpp.o[0m
[ 38%] [32mBuilding CXX object CMakeFiles/sim.dir/src/world.cpp.o[0m
[ 46%] [32mBuilding CXX object CMakeFiles/sim.dir/src/planners.cpp.o[0m
[ 53%] [32mBuilding CXX object CMakeFiles/sim.dir/src/robot.cpp.o[0m
[ 61%] [32mBuilding CXX object CMakeFiles/sim.dir/src/behavior_tree.cpp.o[0m
[ 69%] [32mBuilding CXX object CMakeFiles/sim.dir/src/parser.cpp.o[0m
[ 76%] [32mBuilding CXX object CMakeFiles/sim.dir/src/greedy.cpp.o[0m
[01m[K/home/emily/sa-mrbt_ws/src/simplified_marine_sim/src/world.cpp:1229:6:[m[K [01;31m[Kerror: [m[Kno declaration matches ‘[01m[Kvoid World::addUnknownObstacle(std::vector<cv::Point_<int> >)[m[K’
 1229 | void [01;31m[KWorld[m[K::addUnknownObstacle(std::vector<cv::Point> polygon) { // to list, not plotting yet
      |      [01;31m[K^~~~~[m[K
[01m[K/home/emily/sa-mrbt_ws/src/simplified_marine_sim/src/world.cpp:1229:6:[m[K [01;36m[Knote: [m[Kno functions named ‘[01m[Kvoid World::addUnknownObstacle(std::vector<cv::Point_<int> >)[m[K’
In file included from [01m[K/home/emily/sa-mrbt_ws/src/simplified_marine_sim/src/world.cpp:4[m[K:
[01m[K/home/emily/sa-mrbt_ws/src/simplified_marine_sim/include/world.hpp:20:7:[m[K [01;36m[Knote: [m[K‘[01m[Kclass World[m[K’ defined here
   20 | class [01;36m[KWorld[m[K {
      |       [01;36m[K^~~~~[m[K
[01m[K/home/emily/sa-mrbt_ws/src/simplified_marine_sim/src/world.cpp:[m[K In member function ‘[01m[Kvoid World::getUnknownObstacles()[m[K’:
[01m[K/home/emily/sa-mrbt_ws/src/simplified_marine_sim/src/world.cpp:1296:13:[m[K [01;31m[Kerror: [m[K‘[01m[KaddUnknownObstacle[m[K’ was not declared in this scope; did you mean ‘[01m[KgetUnknownObstacles[m[K’?
 1296 |             [01;31m[KaddUnknownObstacle[m[K(polygon);
      |             [01;31m[K^~~~~~~~~~~~~~~~~~[m[K
      |             [32m[KgetUnknownObstacles[m[K
gmake[2]: *** [CMakeFiles/sim.dir/build.make:160: CMakeFiles/sim.dir/src/world.cpp.o] Error 1
gmake[2]: *** Waiting for unfinished jobs....
gmake[1]: *** [CMakeFiles/Makefile2:137: CMakeFiles/sim.dir/all] Error 2
gmake: *** [Makefile:146: all] Error 2
