[0.006s] Invoking command in '/home/emily/sa-mrbt_ws/build/simulator': CMAKE_PREFIX_PATH=/home/emily/sa-mrbt_ws/install/behaviortree_cpp:/home/emily/sa-mrbt_ws/install/simulator:/opt/ros/iron /usr/bin/cmake --build /home/emily/sa-mrbt_ws/build/simulator -- -j12 -l12
[0.038s] [35m[1mConsolidate compiler generated dependencies of target sim[0m
[0.063s] [  7%] [32mBuilding CXX object CMakeFiles/sim.dir/src/CBGA.cpp.o[0m
[0.063s] [ 30%] [32mBuilding CXX object CMakeFiles/sim.dir/src/message.cpp.o[0m
[0.063s] [ 30%] [32mBuilding CXX object CMakeFiles/sim.dir/src/sim.cpp.o[0m
[0.063s] [ 30%] [32mBuilding CXX object CMakeFiles/sim.dir/src/CBBA.cpp.o[0m
[0.064s] [ 38%] [32mBuilding CXX object CMakeFiles/sim.dir/src/world.cpp.o[0m
[0.065s] [ 46%] [32mBuilding CXX object CMakeFiles/sim.dir/src/planners.cpp.o[0m
[0.065s] [ 53%] [32mBuilding CXX object CMakeFiles/sim.dir/src/robot.cpp.o[0m
[0.068s] [ 61%] [32mBuilding CXX object CMakeFiles/sim.dir/src/behavior_tree.cpp.o[0m
[0.068s] [ 69%] [32mBuilding CXX object CMakeFiles/sim.dir/src/parser.cpp.o[0m
[0.068s] [ 76%] [32mBuilding CXX object CMakeFiles/sim.dir/src/greedy.cpp.o[0m
[3.155s] [01m[K/home/emily/sa-mrbt_ws/src/simplified_marine_sim/src/world.cpp:1229:6:[m[K [01;31m[Kerror: [m[Kno declaration matches ‘[01m[Kvoid World::addUnknownObstacle(std::vector<cv::Point_<int> >)[m[K’
[3.155s]  1229 | void [01;31m[KWorld[m[K::addUnknownObstacle(std::vector<cv::Point> polygon) { // to list, not plotting yet
[3.155s]       |      [01;31m[K^~~~~[m[K
[3.155s] [01m[K/home/emily/sa-mrbt_ws/src/simplified_marine_sim/src/world.cpp:1229:6:[m[K [01;36m[Knote: [m[Kno functions named ‘[01m[Kvoid World::addUnknownObstacle(std::vector<cv::Point_<int> >)[m[K’
[3.155s] In file included from [01m[K/home/emily/sa-mrbt_ws/src/simplified_marine_sim/src/world.cpp:4[m[K:
[3.155s] [01m[K/home/emily/sa-mrbt_ws/src/simplified_marine_sim/include/world.hpp:20:7:[m[K [01;36m[Knote: [m[K‘[01m[Kclass World[m[K’ defined here
[3.155s]    20 | class [01;36m[KWorld[m[K {
[3.155s]       |       [01;36m[K^~~~~[m[K
[3.181s] [01m[K/home/emily/sa-mrbt_ws/src/simplified_marine_sim/src/world.cpp:[m[K In member function ‘[01m[Kvoid World::getUnknownObstacles()[m[K’:
[3.182s] [01m[K/home/emily/sa-mrbt_ws/src/simplified_marine_sim/src/world.cpp:1296:13:[m[K [01;31m[Kerror: [m[K‘[01m[KaddUnknownObstacle[m[K’ was not declared in this scope; did you mean ‘[01m[KgetUnknownObstacles[m[K’?
[3.182s]  1296 |             [01;31m[KaddUnknownObstacle[m[K(polygon);
[3.182s]       |             [01;31m[K^~~~~~~~~~~~~~~~~~[m[K
[3.182s]       |             [32m[KgetUnknownObstacles[m[K
[5.262s] gmake[2]: *** [CMakeFiles/sim.dir/build.make:160: CMakeFiles/sim.dir/src/world.cpp.o] Error 1
[5.262s] gmake[2]: *** Waiting for unfinished jobs....
[8.365s] gmake[1]: *** [CMakeFiles/Makefile2:137: CMakeFiles/sim.dir/all] Error 2
[8.365s] gmake: *** [Makefile:146: all] Error 2
[8.367s] Invoked command in '/home/emily/sa-mrbt_ws/build/simulator' returned '2': CMAKE_PREFIX_PATH=/home/emily/sa-mrbt_ws/install/behaviortree_cpp:/home/emily/sa-mrbt_ws/install/simulator:/opt/ros/iron /usr/bin/cmake --build /home/emily/sa-mrbt_ws/build/simulator -- -j12 -l12
