[35m[1mConsolidate compiler generated dependencies of target sim[0m
[ 23%] [32mBuilding CXX object CMakeFiles/sim.dir/src/sim.cpp.o[0m
[ 23%] [32mBuilding CXX object CMakeFiles/sim.dir/src/CBBA.cpp.o[0m
[ 23%] [32mBuilding CXX object CMakeFiles/sim.dir/src/CBGA.cpp.o[0m
[ 30%] [32mBuilding CXX object CMakeFiles/sim.dir/src/message.cpp.o[0m
[ 38%] [32mBuilding CXX object CMakeFiles/sim.dir/src/world.cpp.o[0m
[ 46%] [32mBuilding CXX object CMakeFiles/sim.dir/src/robot.cpp.o[0m
[ 53%] [32mBuilding CXX object CMakeFiles/sim.dir/src/behavior_tree.cpp.o[0m
[ 61%] [32mBuilding CXX object CMakeFiles/sim.dir/src/parser.cpp.o[0m
[ 69%] [32mBuilding CXX object CMakeFiles/sim.dir/src/greedy.cpp.o[0m
[ 76%] [32m[1mLinking CXX executable sim[0m
/usr/bin/ld: CMakeFiles/sim.dir/src/CBBA.cpp.o: in function `utils::log2DUnorderedMap(std::unordered_map<int, std::unordered_map<int, bool, std::hash<int>, std::equal_to<int>, std::allocator<std::pair<int const, bool> > >, std::hash<int>, std::equal_to<int>, std::allocator<std::pair<int const, std::unordered_map<int, bool, std::hash<int>, std::equal_to<int>, std::allocator<std::pair<int const, bool> > > > > > const&, Robot&)':
CBBA.cpp:(.text+0x0): multiple definition of `utils::log2DUnorderedMap(std::unordered_map<int, std::unordered_map<int, bool, std::hash<int>, std::equal_to<int>, std::allocator<std::pair<int const, bool> > >, std::hash<int>, std::equal_to<int>, std::allocator<std::pair<int const, std::unordered_map<int, bool, std::hash<int>, std::equal_to<int>, std::allocator<std::pair<int const, bool> > > > > > const&, Robot&)'; CMakeFiles/sim.dir/src/sim.cpp.o:sim.cpp:(.text+0xb): first defined here
/usr/bin/ld: CMakeFiles/sim.dir/src/CBGA.cpp.o: in function `utils::log2DUnorderedMap(std::unordered_map<int, std::unordered_map<int, bool, std::hash<int>, std::equal_to<int>, std::allocator<std::pair<int const, bool> > >, std::hash<int>, std::equal_to<int>, std::allocator<std::pair<int const, std::unordered_map<int, bool, std::hash<int>, std::equal_to<int>, std::allocator<std::pair<int const, bool> > > > > > const&, Robot&)':
CBGA.cpp:(.text+0x0): multiple definition of `utils::log2DUnorderedMap(std::unordered_map<int, std::unordered_map<int, bool, std::hash<int>, std::equal_to<int>, std::allocator<std::pair<int const, bool> > >, std::hash<int>, std::equal_to<int>, std::allocator<std::pair<int const, std::unordered_map<int, bool, std::hash<int>, std::equal_to<int>, std::allocator<std::pair<int const, bool> > > > > > const&, Robot&)'; CMakeFiles/sim.dir/src/sim.cpp.o:sim.cpp:(.text+0xb): first defined here
/usr/bin/ld: CMakeFiles/sim.dir/src/message.cpp.o: in function `utils::log2DUnorderedMap(std::unordered_map<int, std::unordered_map<int, bool, std::hash<int>, std::equal_to<int>, std::allocator<std::pair<int const, bool> > >, std::hash<int>, std::equal_to<int>, std::allocator<std::pair<int const, std::unordered_map<int, bool, std::hash<int>, std::equal_to<int>, std::allocator<std::pair<int const, bool> > > > > > const&, Robot&)':
message.cpp:(.text+0xb): multiple definition of `utils::log2DUnorderedMap(std::unordered_map<int, std::unordered_map<int, bool, std::hash<int>, std::equal_to<int>, std::allocator<std::pair<int const, bool> > >, std::hash<int>, std::equal_to<int>, std::allocator<std::pair<int const, std::unordered_map<int, bool, std::hash<int>, std::equal_to<int>, std::allocator<std::pair<int const, bool> > > > > > const&, Robot&)'; CMakeFiles/sim.dir/src/sim.cpp.o:sim.cpp:(.text+0xb): first defined here
/usr/bin/ld: CMakeFiles/sim.dir/src/world.cpp.o: in function `utils::log2DUnorderedMap(std::unordered_map<int, std::unordered_map<int, bool, std::hash<int>, std::equal_to<int>, std::allocator<std::pair<int const, bool> > >, std::hash<int>, std::equal_to<int>, std::allocator<std::pair<int const, std::unordered_map<int, bool, std::hash<int>, std::equal_to<int>, std::allocator<std::pair<int const, bool> > > > > > const&, Robot&)':
world.cpp:(.text+0xb): multiple definition of `utils::log2DUnorderedMap(std::unordered_map<int, std::unordered_map<int, bool, std::hash<int>, std::equal_to<int>, std::allocator<std::pair<int const, bool> > >, std::hash<int>, std::equal_to<int>, std::allocator<std::pair<int const, std::unordered_map<int, bool, std::hash<int>, std::equal_to<int>, std::allocator<std::pair<int const, bool> > > > > > const&, Robot&)'; CMakeFiles/sim.dir/src/sim.cpp.o:sim.cpp:(.text+0xb): first defined here
/usr/bin/ld: CMakeFiles/sim.dir/src/robot.cpp.o: in function `utils::log2DUnorderedMap(std::unordered_map<int, std::unordered_map<int, bool, std::hash<int>, std::equal_to<int>, std::allocator<std::pair<int const, bool> > >, std::hash<int>, std::equal_to<int>, std::allocator<std::pair<int const, std::unordered_map<int, bool, std::hash<int>, std::equal_to<int>, std::allocator<std::pair<int const, bool> > > > > > const&, Robot&)':
robot.cpp:(.text+0x0): multiple definition of `utils::log2DUnorderedMap(std::unordered_map<int, std::unordered_map<int, bool, std::hash<int>, std::equal_to<int>, std::allocator<std::pair<int const, bool> > >, std::hash<int>, std::equal_to<int>, std::allocator<std::pair<int const, std::unordered_map<int, bool, std::hash<int>, std::equal_to<int>, std::allocator<std::pair<int const, bool> > > > > > const&, Robot&)'; CMakeFiles/sim.dir/src/sim.cpp.o:sim.cpp:(.text+0xb): first defined here
/usr/bin/ld: CMakeFiles/sim.dir/src/behavior_tree.cpp.o: in function `utils::log2DUnorderedMap(std::unordered_map<int, std::unordered_map<int, bool, std::hash<int>, std::equal_to<int>, std::allocator<std::pair<int const, bool> > >, std::hash<int>, std::equal_to<int>, std::allocator<std::pair<int const, std::unordered_map<int, bool, std::hash<int>, std::equal_to<int>, std::allocator<std::pair<int const, bool> > > > > > const&, Robot&)':
behavior_tree.cpp:(.text+0xb): multiple definition of `utils::log2DUnorderedMap(std::unordered_map<int, std::unordered_map<int, bool, std::hash<int>, std::equal_to<int>, std::allocator<std::pair<int const, bool> > >, std::hash<int>, std::equal_to<int>, std::allocator<std::pair<int const, std::unordered_map<int, bool, std::hash<int>, std::equal_to<int>, std::allocator<std::pair<int const, bool> > > > > > const&, Robot&)'; CMakeFiles/sim.dir/src/sim.cpp.o:sim.cpp:(.text+0xb): first defined here
/usr/bin/ld: CMakeFiles/sim.dir/src/parser.cpp.o: in function `utils::log2DUnorderedMap(std::unordered_map<int, std::unordered_map<int, bool, std::hash<int>, std::equal_to<int>, std::allocator<std::pair<int const, bool> > >, std::hash<int>, std::equal_to<int>, std::allocator<std::pair<int const, std::unordered_map<int, bool, std::hash<int>, std::equal_to<int>, std::allocator<std::pair<int const, bool> > > > > > const&, Robot&)':
parser.cpp:(.text+0x212): multiple definition of `utils::log2DUnorderedMap(std::unordered_map<int, std::unordered_map<int, bool, std::hash<int>, std::equal_to<int>, std::allocator<std::pair<int const, bool> > >, std::hash<int>, std::equal_to<int>, std::allocator<std::pair<int const, std::unordered_map<int, bool, std::hash<int>, std::equal_to<int>, std::allocator<std::pair<int const, bool> > > > > > const&, Robot&)'; CMakeFiles/sim.dir/src/sim.cpp.o:sim.cpp:(.text+0xb): first defined here
/usr/bin/ld: CMakeFiles/sim.dir/src/greedy.cpp.o: in function `utils::log2DUnorderedMap(std::unordered_map<int, std::unordered_map<int, bool, std::hash<int>, std::equal_to<int>, std::allocator<std::pair<int const, bool> > >, std::hash<int>, std::equal_to<int>, std::allocator<std::pair<int const, std::unordered_map<int, bool, std::hash<int>, std::equal_to<int>, std::allocator<std::pair<int const, bool> > > > > > const&, Robot&)':
greedy.cpp:(.text+0x0): multiple definition of `utils::log2DUnorderedMap(std::unordered_map<int, std::unordered_map<int, bool, std::hash<int>, std::equal_to<int>, std::allocator<std::pair<int const, bool> > >, std::hash<int>, std::equal_to<int>, std::allocator<std::pair<int const, std::unordered_map<int, bool, std::hash<int>, std::equal_to<int>, std::allocator<std::pair<int const, bool> > > > > > const&, Robot&)'; CMakeFiles/sim.dir/src/sim.cpp.o:sim.cpp:(.text+0xb): first defined here
collect2: error: ld returned 1 exit status
gmake[2]: *** [CMakeFiles/sim.dir/build.make:744: sim] Error 1
gmake[1]: *** [CMakeFiles/Makefile2:137: CMakeFiles/sim.dir/all] Error 2
gmake: *** [Makefile:146: all] Error 2
