[0.006s] Invoking command in '/home/emily/sa-mrbt_ws/build/simulator': CMAKE_PREFIX_PATH=/home/emily/sa-mrbt_ws/install/behaviortree_cpp:/home/emily/sa-mrbt_ws/install/simulator:/opt/ros/iron /usr/bin/cmake --build /home/emily/sa-mrbt_ws/build/simulator -- -j12 -l12
[0.038s] [35m[1mConsolidate compiler generated dependencies of target sim[0m
[0.063s] [ 23%] [32mBuilding CXX object CMakeFiles/sim.dir/src/sim.cpp.o[0m
[0.063s] [ 23%] [32mBuilding CXX object CMakeFiles/sim.dir/src/CBBA.cpp.o[0m
[0.063s] [ 23%] [32mBuilding CXX object CMakeFiles/sim.dir/src/CBGA.cpp.o[0m
[0.063s] [ 30%] [32mBuilding CXX object CMakeFiles/sim.dir/src/message.cpp.o[0m
[0.063s] [ 38%] [32mBuilding CXX object CMakeFiles/sim.dir/src/world.cpp.o[0m
[0.065s] [ 46%] [32mBuilding CXX object CMakeFiles/sim.dir/src/robot.cpp.o[0m
[0.067s] [ 53%] [32mBuilding CXX object CMakeFiles/sim.dir/src/behavior_tree.cpp.o[0m
[0.067s] [ 61%] [32mBuilding CXX object CMakeFiles/sim.dir/src/parser.cpp.o[0m
[0.067s] [ 69%] [32mBuilding CXX object CMakeFiles/sim.dir/src/greedy.cpp.o[0m
[8.103s] [ 76%] [32m[1mLinking CXX executable sim[0m
[8.129s] /usr/bin/ld: CMakeFiles/sim.dir/src/CBBA.cpp.o: in function `utils::log2DUnorderedMap(std::unordered_map<int, std::unordered_map<int, bool, std::hash<int>, std::equal_to<int>, std::allocator<std::pair<int const, bool> > >, std::hash<int>, std::equal_to<int>, std::allocator<std::pair<int const, std::unordered_map<int, bool, std::hash<int>, std::equal_to<int>, std::allocator<std::pair<int const, bool> > > > > > const&, Robot&)':
[8.130s] CBBA.cpp:(.text+0x0): multiple definition of `utils::log2DUnorderedMap(std::unordered_map<int, std::unordered_map<int, bool, std::hash<int>, std::equal_to<int>, std::allocator<std::pair<int const, bool> > >, std::hash<int>, std::equal_to<int>, std::allocator<std::pair<int const, std::unordered_map<int, bool, std::hash<int>, std::equal_to<int>, std::allocator<std::pair<int const, bool> > > > > > const&, Robot&)'; CMakeFiles/sim.dir/src/sim.cpp.o:sim.cpp:(.text+0xb): first defined here
[8.133s] /usr/bin/ld: CMakeFiles/sim.dir/src/CBGA.cpp.o: in function `utils::log2DUnorderedMap(std::unordered_map<int, std::unordered_map<int, bool, std::hash<int>, std::equal_to<int>, std::allocator<std::pair<int const, bool> > >, std::hash<int>, std::equal_to<int>, std::allocator<std::pair<int const, std::unordered_map<int, bool, std::hash<int>, std::equal_to<int>, std::allocator<std::pair<int const, bool> > > > > > const&, Robot&)':
[8.133s] CBGA.cpp:(.text+0x0): multiple definition of `utils::log2DUnorderedMap(std::unordered_map<int, std::unordered_map<int, bool, std::hash<int>, std::equal_to<int>, std::allocator<std::pair<int const, bool> > >, std::hash<int>, std::equal_to<int>, std::allocator<std::pair<int const, std::unordered_map<int, bool, std::hash<int>, std::equal_to<int>, std::allocator<std::pair<int const, bool> > > > > > const&, Robot&)'; CMakeFiles/sim.dir/src/sim.cpp.o:sim.cpp:(.text+0xb): first defined here
[8.136s] /usr/bin/ld: CMakeFiles/sim.dir/src/message.cpp.o: in function `utils::log2DUnorderedMap(std::unordered_map<int, std::unordered_map<int, bool, std::hash<int>, std::equal_to<int>, std::allocator<std::pair<int const, bool> > >, std::hash<int>, std::equal_to<int>, std::allocator<std::pair<int const, std::unordered_map<int, bool, std::hash<int>, std::equal_to<int>, std::allocator<std::pair<int const, bool> > > > > > const&, Robot&)':
[8.136s] message.cpp:(.text+0xb): multiple definition of `utils::log2DUnorderedMap(std::unordered_map<int, std::unordered_map<int, bool, std::hash<int>, std::equal_to<int>, std::allocator<std::pair<int const, bool> > >, std::hash<int>, std::equal_to<int>, std::allocator<std::pair<int const, std::unordered_map<int, bool, std::hash<int>, std::equal_to<int>, std::allocator<std::pair<int const, bool> > > > > > const&, Robot&)'; CMakeFiles/sim.dir/src/sim.cpp.o:sim.cpp:(.text+0xb): first defined here
[8.143s] /usr/bin/ld: CMakeFiles/sim.dir/src/world.cpp.o: in function `utils::log2DUnorderedMap(std::unordered_map<int, std::unordered_map<int, bool, std::hash<int>, std::equal_to<int>, std::allocator<std::pair<int const, bool> > >, std::hash<int>, std::equal_to<int>, std::allocator<std::pair<int const, std::unordered_map<int, bool, std::hash<int>, std::equal_to<int>, std::allocator<std::pair<int const, bool> > > > > > const&, Robot&)':
[8.143s] world.cpp:(.text+0xb): multiple definition of `utils::log2DUnorderedMap(std::unordered_map<int, std::unordered_map<int, bool, std::hash<int>, std::equal_to<int>, std::allocator<std::pair<int const, bool> > >, std::hash<int>, std::equal_to<int>, std::allocator<std::pair<int const, std::unordered_map<int, bool, std::hash<int>, std::equal_to<int>, std::allocator<std::pair<int const, bool> > > > > > const&, Robot&)'; CMakeFiles/sim.dir/src/sim.cpp.o:sim.cpp:(.text+0xb): first defined here
[8.151s] /usr/bin/ld: CMakeFiles/sim.dir/src/robot.cpp.o: in function `utils::log2DUnorderedMap(std::unordered_map<int, std::unordered_map<int, bool, std::hash<int>, std::equal_to<int>, std::allocator<std::pair<int const, bool> > >, std::hash<int>, std::equal_to<int>, std::allocator<std::pair<int const, std::unordered_map<int, bool, std::hash<int>, std::equal_to<int>, std::allocator<std::pair<int const, bool> > > > > > const&, Robot&)':
[8.152s] robot.cpp:(.text+0x0): multiple definition of `utils::log2DUnorderedMap(std::unordered_map<int, std::unordered_map<int, bool, std::hash<int>, std::equal_to<int>, std::allocator<std::pair<int const, bool> > >, std::hash<int>, std::equal_to<int>, std::allocator<std::pair<int const, std::unordered_map<int, bool, std::hash<int>, std::equal_to<int>, std::allocator<std::pair<int const, bool> > > > > > const&, Robot&)'; CMakeFiles/sim.dir/src/sim.cpp.o:sim.cpp:(.text+0xb): first defined here
[8.158s] /usr/bin/ld: CMakeFiles/sim.dir/src/behavior_tree.cpp.o: in function `utils::log2DUnorderedMap(std::unordered_map<int, std::unordered_map<int, bool, std::hash<int>, std::equal_to<int>, std::allocator<std::pair<int const, bool> > >, std::hash<int>, std::equal_to<int>, std::allocator<std::pair<int const, std::unordered_map<int, bool, std::hash<int>, std::equal_to<int>, std::allocator<std::pair<int const, bool> > > > > > const&, Robot&)':
[8.158s] behavior_tree.cpp:(.text+0xb): multiple definition of `utils::log2DUnorderedMap(std::unordered_map<int, std::unordered_map<int, bool, std::hash<int>, std::equal_to<int>, std::allocator<std::pair<int const, bool> > >, std::hash<int>, std::equal_to<int>, std::allocator<std::pair<int const, std::unordered_map<int, bool, std::hash<int>, std::equal_to<int>, std::allocator<std::pair<int const, bool> > > > > > const&, Robot&)'; CMakeFiles/sim.dir/src/sim.cpp.o:sim.cpp:(.text+0xb): first defined here
[8.163s] /usr/bin/ld: CMakeFiles/sim.dir/src/parser.cpp.o: in function `utils::log2DUnorderedMap(std::unordered_map<int, std::unordered_map<int, bool, std::hash<int>, std::equal_to<int>, std::allocator<std::pair<int const, bool> > >, std::hash<int>, std::equal_to<int>, std::allocator<std::pair<int const, std::unordered_map<int, bool, std::hash<int>, std::equal_to<int>, std::allocator<std::pair<int const, bool> > > > > > const&, Robot&)':
[8.164s] parser.cpp:(.text+0x212): multiple definition of `utils::log2DUnorderedMap(std::unordered_map<int, std::unordered_map<int, bool, std::hash<int>, std::equal_to<int>, std::allocator<std::pair<int const, bool> > >, std::hash<int>, std::equal_to<int>, std::allocator<std::pair<int const, std::unordered_map<int, bool, std::hash<int>, std::equal_to<int>, std::allocator<std::pair<int const, bool> > > > > > const&, Robot&)'; CMakeFiles/sim.dir/src/sim.cpp.o:sim.cpp:(.text+0xb): first defined here
[8.166s] /usr/bin/ld: CMakeFiles/sim.dir/src/greedy.cpp.o: in function `utils::log2DUnorderedMap(std::unordered_map<int, std::unordered_map<int, bool, std::hash<int>, std::equal_to<int>, std::allocator<std::pair<int const, bool> > >, std::hash<int>, std::equal_to<int>, std::allocator<std::pair<int const, std::unordered_map<int, bool, std::hash<int>, std::equal_to<int>, std::allocator<std::pair<int const, bool> > > > > > const&, Robot&)':
[8.166s] greedy.cpp:(.text+0x0): multiple definition of `utils::log2DUnorderedMap(std::unordered_map<int, std::unordered_map<int, bool, std::hash<int>, std::equal_to<int>, std::allocator<std::pair<int const, bool> > >, std::hash<int>, std::equal_to<int>, std::allocator<std::pair<int const, std::unordered_map<int, bool, std::hash<int>, std::equal_to<int>, std::allocator<std::pair<int const, bool> > > > > > const&, Robot&)'; CMakeFiles/sim.dir/src/sim.cpp.o:sim.cpp:(.text+0xb): first defined here
[8.973s] collect2: error: ld returned 1 exit status
[8.974s] gmake[2]: *** [CMakeFiles/sim.dir/build.make:744: sim] Error 1
[8.975s] gmake[1]: *** [CMakeFiles/Makefile2:137: CMakeFiles/sim.dir/all] Error 2
[8.975s] gmake: *** [Makefile:146: all] Error 2
[8.977s] Invoked command in '/home/emily/sa-mrbt_ws/build/simulator' returned '2': CMAKE_PREFIX_PATH=/home/emily/sa-mrbt_ws/install/behaviortree_cpp:/home/emily/sa-mrbt_ws/install/simulator:/opt/ros/iron /usr/bin/cmake --build /home/emily/sa-mrbt_ws/build/simulator -- -j12 -l12
