[0.006s] Invoking command in '/home/emily/sa-mrbt_ws/build/simulator': CMAKE_PREFIX_PATH=/home/emily/sa-mrbt_ws/install/behaviortree_cpp:/home/emily/sa-mrbt_ws/install/simulator:/opt/ros/iron /usr/bin/cmake --build /home/emily/sa-mrbt_ws/build/simulator -- -j12 -l12
[0.038s] [35m[1mConsolidate compiler generated dependencies of target sim[0m
[0.061s] [ 15%] [32mBuilding CXX object CMakeFiles/sim.dir/src/world.cpp.o[0m
[0.061s] [ 15%] [32mBuilding CXX object CMakeFiles/sim.dir/src/CBGA.cpp.o[0m
[0.062s] [ 23%] [32mBuilding CXX object CMakeFiles/sim.dir/src/robot.cpp.o[0m
[0.062s] [ 30%] [32mBuilding CXX object CMakeFiles/sim.dir/src/behavior_tree.cpp.o[0m
[1.777s] [01m[K/home/emily/sa-mrbt_ws/src/simplified_marine_sim/src/CBGA.cpp:[m[K In member function ‘[01m[Kvoid CBGA::bundleAdd(std::vector<int>&, std::vector<int>&, std::map<int, double>&, std::vector<std::vector<double, std::allocator<double> > >&)[m[K’:
[1.778s] [01m[K/home/emily/sa-mrbt_ws/src/simplified_marine_sim/src/CBGA.cpp:887:27:[m[K [01;31m[Kerror: [m[K‘[01m[Kclass Robot[m[K’ has no member named ‘[01m[KtaskAlreadyStarted[m[K’
[1.778s]   887 |                 if (robot.[01;31m[KtaskAlreadyStarted[m[K(task_id)) {
[1.778s]       |                           [01;31m[K^~~~~~~~~~~~~~~~~~[m[K
[1.788s] [01m[K/home/emily/sa-mrbt_ws/src/simplified_marine_sim/src/CBGA.cpp:[m[K In member function ‘[01m[Kvoid CBGA::resolveConflicts(bool)[m[K’:
[1.788s] [01m[K/home/emily/sa-mrbt_ws/src/simplified_marine_sim/src/CBGA.cpp:1435:23:[m[K [01;31m[Kerror: [m[K‘[01m[Kclass Robot[m[K’ has no member named ‘[01m[KtaskAlreadyStarted[m[K’
[1.788s]  1435 |             if (robot.[01;31m[KtaskAlreadyStarted[m[K(task_id)) {
[1.788s]       |                       [01;31m[K^~~~~~~~~~~~~~~~~~[m[K
[1.890s] [01m[K/home/emily/sa-mrbt_ws/src/simplified_marine_sim/src/behavior_tree.cpp:[m[K In member function ‘[01m[Kvirtual BT::NodeStatus CheckConvergence::tick()[m[K’:
[1.890s] [01m[K/home/emily/sa-mrbt_ws/src/simplified_marine_sim/src/behavior_tree.cpp:459:102:[m[K [01;31m[Kerror: [m[Kno matching function for call to ‘[01m[Kto_string(std::unordered_map<int, int>&)[m[K’
[1.890s]   459 |             std::string task_progress_str = "Task progress tracker at convergence: " + [01;31m[Kstd::to_string(_robot.getTaskProgress())[m[K;
[1.890s]       |                                                                                        [01;31m[K~~~~~~~~~~~~~~^~~~~~~~~~~~~~~~~~~~~~~~~~[m[K
[1.890s] In file included from [01m[K/usr/include/c++/11/string:55[m[K,
[1.891s]                  from [01m[K/usr/include/c++/11/stdexcept:39[m[K,
[1.891s]                  from [01m[K/usr/include/c++/11/system_error:41[m[K,
[1.891s]                  from [01m[K/usr/include/c++/11/mutex:42[m[K,
[1.891s]                  from [01m[K/home/emily/sa-mrbt_ws/src/simplified_marine_sim/include/behavior_tree.hpp:4[m[K,
[1.891s]                  from [01m[K/home/emily/sa-mrbt_ws/src/simplified_marine_sim/src/behavior_tree.cpp:1[m[K:
[1.891s] [01m[K/usr/include/c++/11/bits/basic_string.h:6660:3:[m[K [01;36m[Knote: [m[Kcandidate: ‘[01m[Kstd::string std::__cxx11::to_string(int)[m[K’
[1.891s]  6660 |   [01;36m[Kto_string[m[K(int __val)
[1.891s]       |   [01;36m[K^~~~~~~~~[m[K
[1.891s] [01m[K/usr/include/c++/11/bits/basic_string.h:6660:17:[m[K [01;36m[Knote: [m[K  no known conversion for argument 1 from ‘[01m[Kstd::unordered_map<int, int>[m[K’ to ‘[01m[Kint[m[K’
[1.891s]  6660 |   to_string([01;36m[Kint __val[m[K)
[1.891s]       |             [01;36m[K~~~~^~~~~[m[K
[1.892s] [01m[K/usr/include/c++/11/bits/basic_string.h:6671:3:[m[K [01;36m[Knote: [m[Kcandidate: ‘[01m[Kstd::string std::__cxx11::to_string(unsigned int)[m[K’
[1.892s]  6671 |   [01;36m[Kto_string[m[K(unsigned __val)
[1.892s]       |   [01;36m[K^~~~~~~~~[m[K
[1.892s] [01m[K/usr/include/c++/11/bits/basic_string.h:6671:22:[m[K [01;36m[Knote: [m[K  no known conversion for argument 1 from ‘[01m[Kstd::unordered_map<int, int>[m[K’ to ‘[01m[Kunsigned int[m[K’
[1.892s]  6671 |   to_string([01;36m[Kunsigned __val[m[K)
[1.892s]       |             [01;36m[K~~~~~~~~~^~~~~[m[K
[1.892s] [01m[K/usr/include/c++/11/bits/basic_string.h:6679:3:[m[K [01;36m[Knote: [m[Kcandidate: ‘[01m[Kstd::string std::__cxx11::to_string(long int)[m[K’
[1.892s]  6679 |   [01;36m[Kto_string[m[K(long __val)
[1.892s]       |   [01;36m[K^~~~~~~~~[m[K
[1.892s] [01m[K/usr/include/c++/11/bits/basic_string.h:6679:18:[m[K [01;36m[Knote: [m[K  no known conversion for argument 1 from ‘[01m[Kstd::unordered_map<int, int>[m[K’ to ‘[01m[Klong int[m[K’
[1.892s]  6679 |   to_string([01;36m[Klong __val[m[K)
[1.893s]       |             [01;36m[K~~~~~^~~~~[m[K
[1.893s] [01m[K/usr/include/c++/11/bits/basic_string.h:6690:3:[m[K [01;36m[Knote: [m[Kcandidate: ‘[01m[Kstd::string std::__cxx11::to_string(long unsigned int)[m[K’
[1.893s]  6690 |   [01;36m[Kto_string[m[K(unsigned long __val)
[1.893s]       |   [01;36m[K^~~~~~~~~[m[K
[1.893s] [01m[K/usr/include/c++/11/bits/basic_string.h:6690:27:[m[K [01;36m[Knote: [m[K  no known conversion for argument 1 from ‘[01m[Kstd::unordered_map<int, int>[m[K’ to ‘[01m[Klong unsigned int[m[K’
[1.893s]  6690 |   to_string([01;36m[Kunsigned long __val[m[K)
[1.893s]       |             [01;36m[K~~~~~~~~~~~~~~^~~~~[m[K
[1.893s] [01m[K/usr/include/c++/11/bits/basic_string.h:6698:3:[m[K [01;36m[Knote: [m[Kcandidate: ‘[01m[Kstd::string std::__cxx11::to_string(long long int)[m[K’
[1.893s]  6698 |   [01;36m[Kto_string[m[K(long long __val)
[1.893s]       |   [01;36m[K^~~~~~~~~[m[K
[1.893s] [01m[K/usr/include/c++/11/bits/basic_string.h:6698:23:[m[K [01;36m[Knote: [m[K  no known conversion for argument 1 from ‘[01m[Kstd::unordered_map<int, int>[m[K’ to ‘[01m[Klong long int[m[K’
[1.894s]  6698 |   to_string([01;36m[Klong long __val[m[K)
[1.894s]       |             [01;36m[K~~~~~~~~~~^~~~~[m[K
[1.894s] [01m[K/usr/include/c++/11/bits/basic_string.h:6710:3:[m[K [01;36m[Knote: [m[Kcandidate: ‘[01m[Kstd::string std::__cxx11::to_string(long long unsigned int)[m[K’
[1.894s]  6710 |   [01;36m[Kto_string[m[K(unsigned long long __val)
[1.894s]       |   [01;36m[K^~~~~~~~~[m[K
[1.894s] [01m[K/usr/include/c++/11/bits/basic_string.h:6710:32:[m[K [01;36m[Knote: [m[K  no known conversion for argument 1 from ‘[01m[Kstd::unordered_map<int, int>[m[K’ to ‘[01m[Klong long unsigned int[m[K’
[1.894s]  6710 |   to_string([01;36m[Kunsigned long long __val[m[K)
[1.894s]       |             [01;36m[K~~~~~~~~~~~~~~~~~~~^~~~~[m[K
[1.894s] [01m[K/usr/include/c++/11/bits/basic_string.h:6721:3:[m[K [01;36m[Knote: [m[Kcandidate: ‘[01m[Kstd::string std::__cxx11::to_string(float)[m[K’
[1.894s]  6721 |   [01;36m[Kto_string[m[K(float __val)
[1.894s]       |   [01;36m[K^~~~~~~~~[m[K
[1.894s] [01m[K/usr/include/c++/11/bits/basic_string.h:6721:19:[m[K [01;36m[Knote: [m[K  no known conversion for argument 1 from ‘[01m[Kstd::unordered_map<int, int>[m[K’ to ‘[01m[Kfloat[m[K’
[1.895s]  6721 |   to_string([01;36m[Kfloat __val[m[K)
[1.895s]       |             [01;36m[K~~~~~~^~~~~[m[K
[1.895s] [01m[K/usr/include/c++/11/bits/basic_string.h:6730:3:[m[K [01;36m[Knote: [m[Kcandidate: ‘[01m[Kstd::string std::__cxx11::to_string(double)[m[K’
[1.895s]  6730 |   [01;36m[Kto_string[m[K(double __val)
[1.895s]       |   [01;36m[K^~~~~~~~~[m[K
[1.895s] [01m[K/usr/include/c++/11/bits/basic_string.h:6730:20:[m[K [01;36m[Knote: [m[K  no known conversion for argument 1 from ‘[01m[Kstd::unordered_map<int, int>[m[K’ to ‘[01m[Kdouble[m[K’
[1.895s]  6730 |   to_string([01;36m[Kdouble __val[m[K)
[1.895s]       |             [01;36m[K~~~~~~~^~~~~[m[K
[1.895s] [01m[K/usr/include/c++/11/bits/basic_string.h:6739:3:[m[K [01;36m[Knote: [m[Kcandidate: ‘[01m[Kstd::string std::__cxx11::to_string(long double)[m[K’
[1.895s]  6739 |   [01;36m[Kto_string[m[K(long double __val)
[1.895s]       |   [01;36m[K^~~~~~~~~[m[K
[1.896s] [01m[K/usr/include/c++/11/bits/basic_string.h:6739:25:[m[K [01;36m[Knote: [m[K  no known conversion for argument 1 from ‘[01m[Kstd::unordered_map<int, int>[m[K’ to ‘[01m[Klong double[m[K’
[1.896s]  6739 |   to_string([01;36m[Klong double __val[m[K)
[1.896s]       |             [01;36m[K~~~~~~~~~~~~^~~~~[m[K
[2.650s] gmake[2]: *** [CMakeFiles/sim.dir/build.make:104: CMakeFiles/sim.dir/src/CBGA.cpp.o] Error 1
[2.650s] gmake[2]: *** Waiting for unfinished jobs....
[3.216s] gmake[2]: *** [CMakeFiles/sim.dir/build.make:202: CMakeFiles/sim.dir/src/behavior_tree.cpp.o] Error 1
[3.436s] [01m[K/home/emily/sa-mrbt_ws/src/simplified_marine_sim/src/robot.cpp:1146:6:[m[K [01;31m[Kerror: [m[K‘[01m[Kbool Robot::taskAlreadyStarted[m[K’ is not a static data member of ‘[01m[Kclass Robot[m[K’
[3.436s]  1146 | bool [01;31m[KRobot[m[K::taskAlreadyStarted(task_id) {
[3.436s]       |      [01;31m[K^~~~~[m[K
[3.436s] [01m[K/home/emily/sa-mrbt_ws/src/simplified_marine_sim/src/robot.cpp:1146:32:[m[K [01;31m[Kerror: [m[Kinvalid use of non-static data member ‘[01m[KRobot::task_id[m[K’
[3.436s]  1146 | bool Robot::taskAlreadyStarted([01;31m[Ktask_id[m[K) {
[3.436s]       |                                [01;31m[K^~~~~~~[m[K
[3.436s] In file included from [01m[K/home/emily/sa-mrbt_ws/src/simplified_marine_sim/include/world.hpp:8[m[K,
[3.437s]                  from [01m[K/home/emily/sa-mrbt_ws/src/simplified_marine_sim/src/robot.cpp:4[m[K:
[3.437s] [01m[K/home/emily/sa-mrbt_ws/src/simplified_marine_sim/include/robot.hpp:23:9:[m[K [01;36m[Knote: [m[Kdeclared here
[3.437s]    23 |     int [01;36m[Ktask_id[m[K;
[3.437s]       |         [01;36m[K^~~~~~~[m[K
[4.577s] gmake[2]: *** [CMakeFiles/sim.dir/build.make:188: CMakeFiles/sim.dir/src/robot.cpp.o] Error 1
[4.578s] gmake[1]: *** [CMakeFiles/Makefile2:137: CMakeFiles/sim.dir/all] Error 2
[4.578s] gmake: *** [Makefile:146: all] Error 2
[4.580s] Invoked command in '/home/emily/sa-mrbt_ws/build/simulator' returned '2': CMAKE_PREFIX_PATH=/home/emily/sa-mrbt_ws/install/behaviortree_cpp:/home/emily/sa-mrbt_ws/install/simulator:/opt/ros/iron /usr/bin/cmake --build /home/emily/sa-mrbt_ws/build/simulator -- -j12 -l12
