[0.007s] Invoking command in '/home/emily/sa-mrbt_ws/build/simulator': CMAKE_PREFIX_PATH=/home/emily/sa-mrbt_ws/install/behaviortree_cpp:/home/emily/sa-mrbt_ws/install/simulator:/opt/ros/iron /usr/bin/cmake --build /home/emily/sa-mrbt_ws/build/simulator -- -j12 -l12
[0.039s] [35m[1mConsolidate compiler generated dependencies of target sim[0m
[0.063s] [  7%] [32mBuilding CXX object CMakeFiles/sim.dir/src/robot.cpp.o[0m
[0.064s] [ 15%] [32mBuilding CXX object CMakeFiles/sim.dir/src/behavior_tree.cpp.o[0m
[1.829s] [01m[K/home/emily/sa-mrbt_ws/src/simplified_marine_sim/src/behavior_tree.cpp:[m[K In member function ‘[01m[Kvirtual BT::NodeStatus Subtask_1::onRunning()[m[K’:
[1.829s] [01m[K/home/emily/sa-mrbt_ws/src/simplified_marine_sim/src/behavior_tree.cpp:1675:19:[m[K [01;31m[Kerror: [m[K‘[01m[Kclass Robot[m[K’ has no member named ‘[01m[KfoundObstacle[m[K’
[1.829s]  1675 |         if(_robot.[01;31m[KfoundObstacle[m[K(waypoint)) {
[1.829s]       |                   [01;31m[K^~~~~~~~~~~~~[m[K
[3.154s] gmake[2]: *** [CMakeFiles/sim.dir/build.make:202: CMakeFiles/sim.dir/src/behavior_tree.cpp.o] Error 1
[3.154s] gmake[2]: *** Waiting for unfinished jobs....
[3.252s] [01m[K/home/emily/sa-mrbt_ws/src/simplified_marine_sim/src/robot.cpp:707:6:[m[K [01;31m[Kerror: [m[Kno declaration matches ‘[01m[Kbool Robot::foundObstacle(Pose2D)[m[K’
[3.252s]   707 | bool [01;31m[KRobot[m[K::foundObstacle(Pose2D waypoint) {
[3.252s]       |      [01;31m[K^~~~~[m[K
[3.252s] [01m[K/home/emily/sa-mrbt_ws/src/simplified_marine_sim/src/robot.cpp:707:6:[m[K [01;36m[Knote: [m[Kno functions named ‘[01m[Kbool Robot::foundObstacle(Pose2D)[m[K’
[3.252s] In file included from [01m[K/home/emily/sa-mrbt_ws/src/simplified_marine_sim/include/world.hpp:8[m[K,
[3.252s]                  from [01m[K/home/emily/sa-mrbt_ws/src/simplified_marine_sim/src/robot.cpp:5[m[K:
[3.252s] [01m[K/home/emily/sa-mrbt_ws/src/simplified_marine_sim/include/robot.hpp:19:7:[m[K [01;36m[Knote: [m[K‘[01m[Kclass Robot[m[K’ defined here
[3.252s]    19 | class [01;36m[KRobot[m[K {
[3.252s]       |       [01;36m[K^~~~~[m[K
[4.887s] gmake[2]: *** [CMakeFiles/sim.dir/build.make:188: CMakeFiles/sim.dir/src/robot.cpp.o] Error 1
[4.887s] gmake[1]: *** [CMakeFiles/Makefile2:137: CMakeFiles/sim.dir/all] Error 2
[4.887s] gmake: *** [Makefile:146: all] Error 2
[4.889s] Invoked command in '/home/emily/sa-mrbt_ws/build/simulator' returned '2': CMAKE_PREFIX_PATH=/home/emily/sa-mrbt_ws/install/behaviortree_cpp:/home/emily/sa-mrbt_ws/install/simulator:/opt/ros/iron /usr/bin/cmake --build /home/emily/sa-mrbt_ws/build/simulator -- -j12 -l12
