[0.007s] Invoking command in '/home/emily/sa-mrbt_ws/build/simulator': CMAKE_PREFIX_PATH=/home/emily/sa-mrbt_ws/install/behaviortree_cpp:/home/emily/sa-mrbt_ws/install/simulator:/opt/ros/iron /usr/bin/cmake --build /home/emily/sa-mrbt_ws/build/simulator -- -j12 -l12
[0.037s] [35m[1mConsolidate compiler generated dependencies of target sim[0m
[0.061s] [  7%] [32mBuilding CXX object CMakeFiles/sim.dir/src/sim.cpp.o[0m
[0.061s] [ 15%] [32mBuilding CXX object CMakeFiles/sim.dir/src/world.cpp.o[0m
[0.062s] [ 23%] [32mBuilding CXX object CMakeFiles/sim.dir/src/CBGA.cpp.o[0m
[0.062s] [ 30%] [32mBuilding CXX object CMakeFiles/sim.dir/src/CBBA.cpp.o[0m
[0.063s] [ 38%] [32mBuilding CXX object CMakeFiles/sim.dir/src/message.cpp.o[0m
[0.065s] [ 46%] [32mBuilding CXX object CMakeFiles/sim.dir/src/planners.cpp.o[0m
[0.065s] [ 61%] [32mBuilding CXX object CMakeFiles/sim.dir/src/behavior_tree.cpp.o[0m
[0.066s] [ 61%] [32mBuilding CXX object CMakeFiles/sim.dir/src/robot.cpp.o[0m
[0.067s] [ 69%] [32mBuilding CXX object CMakeFiles/sim.dir/src/greedy.cpp.o[0m
[0.067s] [ 76%] [32mBuilding CXX object CMakeFiles/sim.dir/src/parser.cpp.o[0m
[8.614s] [ 84%] [32m[1mLinking CXX executable sim[0m
[9.536s] /usr/bin/ld: CMakeFiles/sim.dir/src/behavior_tree.cpp.o: in function `taskSuccessProcessing(World&, Robot&, int, int)':
[9.536s] behavior_tree.cpp:(.text+0x676): undefined reference to `World::updateCumulativeDiscountedReward(double)'
[9.536s] /usr/bin/ld: behavior_tree.cpp:(.text+0x69b): undefined reference to `World::getCumulativeDiscountedReward()'
[9.588s] collect2: error: ld returned 1 exit status
[9.590s] gmake[2]: *** [CMakeFiles/sim.dir/build.make:744: sim] Error 1
[9.590s] gmake[1]: *** [CMakeFiles/Makefile2:137: CMakeFiles/sim.dir/all] Error 2
[9.590s] gmake: *** [Makefile:146: all] Error 2
[9.592s] Invoked command in '/home/emily/sa-mrbt_ws/build/simulator' returned '2': CMAKE_PREFIX_PATH=/home/emily/sa-mrbt_ws/install/behaviortree_cpp:/home/emily/sa-mrbt_ws/install/simulator:/opt/ros/iron /usr/bin/cmake --build /home/emily/sa-mrbt_ws/build/simulator -- -j12 -l12
