[0.007s] Invoking command in '/home/emily/sa-mrbt_ws/build/simulator': AMENT_PREFIX_PATH=/home/emily/sa-mrbt_ws/install/behaviortree_cpp:${AMENT_PREFIX_PATH} CMAKE_PREFIX_PATH=/home/emily/sa-mrbt_ws/install/behaviortree_cpp:/opt/ros/iron LD_LIBRARY_PATH=/home/emily/sa-mrbt_ws/install/behaviortree_cpp/lib:${LD_LIBRARY_PATH} PATH=/home/emily/sa-mrbt_ws/install/behaviortree_cpp/bin:${PATH} /usr/bin/cmake --build /home/emily/sa-mrbt_ws/build/simulator -- -j12 -l12
[0.046s] [35m[1mConsolidate compiler generated dependencies of target sim[0m
[0.084s] [  7%] [32mBuilding CXX object CMakeFiles/sim.dir/src/behavior_tree.cpp.o[0m
[4.040s] [ 15%] [32m[1mLinking CXX executable sim[0m
[5.129s] [100%] Built target sim
[5.136s] Invoked command in '/home/emily/sa-mrbt_ws/build/simulator' returned '0': AMENT_PREFIX_PATH=/home/emily/sa-mrbt_ws/install/behaviortree_cpp:${AMENT_PREFIX_PATH} CMAKE_PREFIX_PATH=/home/emily/sa-mrbt_ws/install/behaviortree_cpp:/opt/ros/iron LD_LIBRARY_PATH=/home/emily/sa-mrbt_ws/install/behaviortree_cpp/lib:${LD_LIBRARY_PATH} PATH=/home/emily/sa-mrbt_ws/install/behaviortree_cpp/bin:${PATH} /usr/bin/cmake --build /home/emily/sa-mrbt_ws/build/simulator -- -j12 -l12
[5.165s] Invoking command in '/home/emily/sa-mrbt_ws/build/simulator': AMENT_PREFIX_PATH=/home/emily/sa-mrbt_ws/install/behaviortree_cpp:${AMENT_PREFIX_PATH} CMAKE_PREFIX_PATH=/home/emily/sa-mrbt_ws/install/behaviortree_cpp:/opt/ros/iron LD_LIBRARY_PATH=/home/emily/sa-mrbt_ws/install/behaviortree_cpp/lib:${LD_LIBRARY_PATH} PATH=/home/emily/sa-mrbt_ws/install/behaviortree_cpp/bin:${PATH} /usr/bin/cmake --install /home/emily/sa-mrbt_ws/build/simulator
[5.171s] -- Install configuration: ""
[5.172s] -- Installing: /home/emily/sa-mrbt_ws/install/simulator/lib/simulator/sim
[5.176s] -- Set runtime path of "/home/emily/sa-mrbt_ws/install/simulator/lib/simulator/sim" to ""
[5.177s] -- Up-to-date: /home/emily/sa-mrbt_ws/install/simulator/share/ament_index/resource_index/package_run_dependencies/simulator
[5.177s] -- Up-to-date: /home/emily/sa-mrbt_ws/install/simulator/share/ament_index/resource_index/parent_prefix_path/simulator
[5.177s] -- Up-to-date: /home/emily/sa-mrbt_ws/install/simulator/share/simulator/environment/ament_prefix_path.sh
[5.177s] -- Up-to-date: /home/emily/sa-mrbt_ws/install/simulator/share/simulator/environment/ament_prefix_path.dsv
[5.177s] -- Up-to-date: /home/emily/sa-mrbt_ws/install/simulator/share/simulator/environment/path.sh
[5.177s] -- Up-to-date: /home/emily/sa-mrbt_ws/install/simulator/share/simulator/environment/path.dsv
[5.177s] -- Up-to-date: /home/emily/sa-mrbt_ws/install/simulator/share/simulator/local_setup.bash
[5.177s] -- Up-to-date: /home/emily/sa-mrbt_ws/install/simulator/share/simulator/local_setup.sh
[5.177s] -- Up-to-date: /home/emily/sa-mrbt_ws/install/simulator/share/simulator/local_setup.zsh
[5.177s] -- Up-to-date: /home/emily/sa-mrbt_ws/install/simulator/share/simulator/local_setup.dsv
[5.177s] -- Installing: /home/emily/sa-mrbt_ws/install/simulator/share/simulator/package.dsv
[5.178s] -- Up-to-date: /home/emily/sa-mrbt_ws/install/simulator/share/ament_index/resource_index/packages/simulator
[5.178s] -- Up-to-date: /home/emily/sa-mrbt_ws/install/simulator/share/simulator/cmake/simulatorConfig.cmake
[5.178s] -- Up-to-date: /home/emily/sa-mrbt_ws/install/simulator/share/simulator/cmake/simulatorConfig-version.cmake
[5.178s] -- Up-to-date: /home/emily/sa-mrbt_ws/install/simulator/share/simulator/package.xml
[5.179s] Invoked command in '/home/emily/sa-mrbt_ws/build/simulator' returned '0': AMENT_PREFIX_PATH=/home/emily/sa-mrbt_ws/install/behaviortree_cpp:${AMENT_PREFIX_PATH} CMAKE_PREFIX_PATH=/home/emily/sa-mrbt_ws/install/behaviortree_cpp:/opt/ros/iron LD_LIBRARY_PATH=/home/emily/sa-mrbt_ws/install/behaviortree_cpp/lib:${LD_LIBRARY_PATH} PATH=/home/emily/sa-mrbt_ws/install/behaviortree_cpp/bin:${PATH} /usr/bin/cmake --install /home/emily/sa-mrbt_ws/build/simulator
