[0.006s] Invoking command in '/home/emily/sa-mrbt_ws/build/simulator': CMAKE_PREFIX_PATH=/home/emily/sa-mrbt_ws/install/behaviortree_cpp:/home/emily/sa-mrbt_ws/install/simulator:/opt/ros/iron /usr/bin/cmake --build /home/emily/sa-mrbt_ws/build/simulator -- -j12 -l12
[0.038s] [35m[1mConsolidate compiler generated dependencies of target sim[0m
[0.064s] [  7%] [32mBuilding CXX object CMakeFiles/sim.dir/src/sim.cpp.o[0m
[0.064s] [ 15%] [32mBuilding CXX object CMakeFiles/sim.dir/src/CBBA.cpp.o[0m
[0.064s] [ 23%] [32mBuilding CXX object CMakeFiles/sim.dir/src/CBGA.cpp.o[0m
[0.066s] [ 30%] [32mBuilding CXX object CMakeFiles/sim.dir/src/world.cpp.o[0m
[0.066s] [ 38%] [32mBuilding CXX object CMakeFiles/sim.dir/src/message.cpp.o[0m
[0.066s] [ 53%] [32mBuilding CXX object CMakeFiles/sim.dir/src/robot.cpp.o[0m
[0.066s] [ 53%] [32mBuilding CXX object CMakeFiles/sim.dir/src/planners.cpp.o[0m
[0.069s] [ 61%] [32mBuilding CXX object CMakeFiles/sim.dir/src/behavior_tree.cpp.o[0m
[0.069s] [ 69%] [32mBuilding CXX object CMakeFiles/sim.dir/src/parser.cpp.o[0m
[0.070s] [ 76%] [32mBuilding CXX object CMakeFiles/sim.dir/src/greedy.cpp.o[0m
[6.715s] [01m[K/home/emily/sa-mrbt_ws/src/simplified_marine_sim/src/robot.cpp:[m[K In member function ‘[01m[Kvoid Robot::updateLocations()[m[K’:
[6.715s] [01m[K/home/emily/sa-mrbt_ws/src/simplified_marine_sim/src/robot.cpp:507:75:[m[K [01;31m[Kerror: [m[Kno matching function for call to ‘[01m[KRobot::getMostUpToDateNeighborInfo(std::tuple_element<0, std::pair<const int, Pose2D> >::type&)[m[K’
[6.715s]   507 |             std::pair<int, Pose2D> best_info = [01;31m[KgetMostUpToDateNeighborInfo(id_k)[m[K;
[6.715s]       |                                                [01;31m[K~~~~~~~~~~~~~~~~~~~~~~~~~~~^~~~~~[m[K
[6.715s] In file included from [01m[K/home/emily/sa-mrbt_ws/src/simplified_marine_sim/include/world.hpp:8[m[K,
[6.715s]                  from [01m[K/home/emily/sa-mrbt_ws/src/simplified_marine_sim/src/robot.cpp:4[m[K:
[6.715s] [01m[K/home/emily/sa-mrbt_ws/src/simplified_marine_sim/include/robot.hpp:93:28:[m[K [01;36m[Knote: [m[Kcandidate: ‘[01m[Kstd::pair<int, Pose2D> Robot::getMostUpToDateNeighborInfo()[m[K’
[6.715s]    93 |     std::pair<int, Pose2D> [01;36m[KgetMostUpToDateNeighborInfo[m[K();
[6.715s]       |                            [01;36m[K^~~~~~~~~~~~~~~~~~~~~~~~~~~[m[K
[6.715s] [01m[K/home/emily/sa-mrbt_ws/src/simplified_marine_sim/include/robot.hpp:93:28:[m[K [01;36m[Knote: [m[K  candidate expects 0 arguments, 1 provided
[6.715s] [01m[K/home/emily/sa-mrbt_ws/src/simplified_marine_sim/src/robot.cpp:[m[K At global scope:
[6.715s] [01m[K/home/emily/sa-mrbt_ws/src/simplified_marine_sim/src/robot.cpp:521:24:[m[K [01;31m[Kerror: [m[Kno declaration matches ‘[01m[Kstd::pair<int, Pose2D> Robot::getMostUpToDateNeighborInfo(int)[m[K’
[6.716s]   521 | std::pair<int, Pose2D> [01;31m[KRobot[m[K::getMostUpToDateNeighborInfo(int id_k) {
[6.716s]       |                        [01;31m[K^~~~~[m[K
[6.716s] In file included from [01m[K/home/emily/sa-mrbt_ws/src/simplified_marine_sim/include/world.hpp:8[m[K,
[6.716s]                  from [01m[K/home/emily/sa-mrbt_ws/src/simplified_marine_sim/src/robot.cpp:4[m[K:
[6.716s] [01m[K/home/emily/sa-mrbt_ws/src/simplified_marine_sim/include/robot.hpp:93:28:[m[K [01;36m[Knote: [m[Kcandidate is: ‘[01m[Kstd::pair<int, Pose2D> Robot::getMostUpToDateNeighborInfo()[m[K’
[6.716s]    93 |     std::pair<int, Pose2D> [01;36m[KgetMostUpToDateNeighborInfo[m[K();
[6.716s]       |                            [01;36m[K^~~~~~~~~~~~~~~~~~~~~~~~~~~[m[K
[6.716s] In file included from [01m[K/home/emily/sa-mrbt_ws/src/simplified_marine_sim/include/world.hpp:8[m[K,
[6.716s]                  from [01m[K/home/emily/sa-mrbt_ws/src/simplified_marine_sim/src/robot.cpp:4[m[K:
[6.716s] [01m[K/home/emily/sa-mrbt_ws/src/simplified_marine_sim/include/robot.hpp:19:7:[m[K [01;36m[Knote: [m[K‘[01m[Kclass Robot[m[K’ defined here
[6.716s]    19 | class [01;36m[KRobot[m[K {
[6.716s]       |       [01;36m[K^~~~~[m[K
[7.992s] gmake[2]: *** [CMakeFiles/sim.dir/build.make:188: CMakeFiles/sim.dir/src/robot.cpp.o] Error 1
[7.992s] gmake[1]: *** [CMakeFiles/Makefile2:137: CMakeFiles/sim.dir/all] Error 2
[7.992s] gmake: *** [Makefile:146: all] Error 2
[7.994s] Invoked command in '/home/emily/sa-mrbt_ws/build/simulator' returned '2': CMAKE_PREFIX_PATH=/home/emily/sa-mrbt_ws/install/behaviortree_cpp:/home/emily/sa-mrbt_ws/install/simulator:/opt/ros/iron /usr/bin/cmake --build /home/emily/sa-mrbt_ws/build/simulator -- -j12 -l12
