[01m[K/home/emily/sa-mrbt_ws/src/simplified_marine_sim/src/CBGA.cpp:[m[K In member function ‘[01m[Kvoid CBGA::testBundleAdd(std::map<int, double>&)[m[K’:
[01m[K/home/emily/sa-mrbt_ws/src/simplified_marine_sim/src/CBGA.cpp:76:22:[m[K [01;31m[Kerror: [m[Kconflicting declaration ‘[01m[Kstd::vector<int> bundle[m[K’
   76 |     std::vector<int> [01;31m[Kbundle[m[K = {1,2,-1};
      |                      [01;31m[K^~~~~~[m[K
[01m[K/home/emily/sa-mrbt_ws/src/simplified_marine_sim/src/CBGA.cpp:67:23:[m[K [01;36m[Knote: [m[Kprevious declaration as ‘[01m[Kstd::vector<int>& bundle[m[K’
   67 |     std::vector<int>& [01;36m[Kbundle[m[K = robot.getBundle();
      |                       [01;36m[K^~~~~~[m[K
[01m[K/home/emily/sa-mrbt_ws/src/simplified_marine_sim/src/CBGA.cpp:77:22:[m[K [01;31m[Kerror: [m[Kconflicting declaration ‘[01m[Kstd::vector<int> path[m[K’
   77 |     std::vector<int> [01;31m[Kpath[m[K = {1,2,-1};
      |                      [01;31m[K^~~~[m[K
[01m[K/home/emily/sa-mrbt_ws/src/simplified_marine_sim/src/CBGA.cpp:68:23:[m[K [01;36m[Knote: [m[Kprevious declaration as ‘[01m[Kstd::vector<int>& path[m[K’
   68 |     std::vector<int>& [01;36m[Kpath[m[K = robot.getPath();
      |                       [01;36m[K^~~~[m[K
[01m[K/home/emily/sa-mrbt_ws/src/simplified_marine_sim/src/CBGA.cpp:78:38:[m[K [01;31m[Kerror: [m[Kconflicting declaration ‘[01m[Kstd::vector<std::vector<double, std::allocator<double> > > winning_bids_matrix[m[K’
   78 |     std::vector<std::vector<double>> [01;31m[Kwinning_bids_matrix[m[K = {
      |                                      [01;31m[K^~~~~~~~~~~~~~~~~~~[m[K
[01m[K/home/emily/sa-mrbt_ws/src/simplified_marine_sim/src/CBGA.cpp:69:39:[m[K [01;36m[Knote: [m[Kprevious declaration as ‘[01m[Kstd::vector<std::vector<double, std::allocator<double> > >& winning_bids_matrix[m[K’
   69 |     std::vector<std::vector<double>>& [01;36m[Kwinning_bids_matrix[m[K = robot.getWinningBidsMatrix();
      |                                       [01;36m[K^~~~~~~~~~~~~~~~~~~[m[K
gmake[2]: *** [CMakeFiles/sim.dir/build.make:104: CMakeFiles/sim.dir/src/CBGA.cpp.o] Error 1
gmake[1]: *** [CMakeFiles/Makefile2:137: CMakeFiles/sim.dir/all] Error 2
gmake: *** [Makefile:146: all] Error 2
