[0.006s] Invoking command in '/home/emily/sa-mrbt_ws/build/simulator': CMAKE_PREFIX_PATH=/home/emily/sa-mrbt_ws/install/behaviortree_cpp:/home/emily/sa-mrbt_ws/install/simulator:/opt/ros/iron /usr/bin/cmake --build /home/emily/sa-mrbt_ws/build/simulator -- -j12 -l12
[0.036s] [35m[1mConsolidate compiler generated dependencies of target sim[0m
[0.059s] [  7%] [32mBuilding CXX object CMakeFiles/sim.dir/src/CBGA.cpp.o[0m
[1.544s] [01m[K/home/emily/sa-mrbt_ws/src/simplified_marine_sim/src/CBGA.cpp:[m[K In member function ‘[01m[Kvoid CBGA::testBundleAdd(std::map<int, double>&)[m[K’:
[1.545s] [01m[K/home/emily/sa-mrbt_ws/src/simplified_marine_sim/src/CBGA.cpp:76:22:[m[K [01;31m[Kerror: [m[Kconflicting declaration ‘[01m[Kstd::vector<int> bundle[m[K’
[1.545s]    76 |     std::vector<int> [01;31m[Kbundle[m[K = {1,2,-1};
[1.545s]       |                      [01;31m[K^~~~~~[m[K
[1.545s] [01m[K/home/emily/sa-mrbt_ws/src/simplified_marine_sim/src/CBGA.cpp:67:23:[m[K [01;36m[Knote: [m[Kprevious declaration as ‘[01m[Kstd::vector<int>& bundle[m[K’
[1.545s]    67 |     std::vector<int>& [01;36m[Kbundle[m[K = robot.getBundle();
[1.545s]       |                       [01;36m[K^~~~~~[m[K
[1.545s] [01m[K/home/emily/sa-mrbt_ws/src/simplified_marine_sim/src/CBGA.cpp:77:22:[m[K [01;31m[Kerror: [m[Kconflicting declaration ‘[01m[Kstd::vector<int> path[m[K’
[1.545s]    77 |     std::vector<int> [01;31m[Kpath[m[K = {1,2,-1};
[1.545s]       |                      [01;31m[K^~~~[m[K
[1.545s] [01m[K/home/emily/sa-mrbt_ws/src/simplified_marine_sim/src/CBGA.cpp:68:23:[m[K [01;36m[Knote: [m[Kprevious declaration as ‘[01m[Kstd::vector<int>& path[m[K’
[1.545s]    68 |     std::vector<int>& [01;36m[Kpath[m[K = robot.getPath();
[1.545s]       |                       [01;36m[K^~~~[m[K
[1.546s] [01m[K/home/emily/sa-mrbt_ws/src/simplified_marine_sim/src/CBGA.cpp:78:38:[m[K [01;31m[Kerror: [m[Kconflicting declaration ‘[01m[Kstd::vector<std::vector<double, std::allocator<double> > > winning_bids_matrix[m[K’
[1.546s]    78 |     std::vector<std::vector<double>> [01;31m[Kwinning_bids_matrix[m[K = {
[1.546s]       |                                      [01;31m[K^~~~~~~~~~~~~~~~~~~[m[K
[1.546s] [01m[K/home/emily/sa-mrbt_ws/src/simplified_marine_sim/src/CBGA.cpp:69:39:[m[K [01;36m[Knote: [m[Kprevious declaration as ‘[01m[Kstd::vector<std::vector<double, std::allocator<double> > >& winning_bids_matrix[m[K’
[1.546s]    69 |     std::vector<std::vector<double>>& [01;36m[Kwinning_bids_matrix[m[K = robot.getWinningBidsMatrix();
[1.546s]       |                                       [01;36m[K^~~~~~~~~~~~~~~~~~~[m[K
[2.350s] gmake[2]: *** [CMakeFiles/sim.dir/build.make:104: CMakeFiles/sim.dir/src/CBGA.cpp.o] Error 1
[2.350s] gmake[1]: *** [CMakeFiles/Makefile2:137: CMakeFiles/sim.dir/all] Error 2
[2.350s] gmake: *** [Makefile:146: all] Error 2
[2.352s] Invoked command in '/home/emily/sa-mrbt_ws/build/simulator' returned '2': CMAKE_PREFIX_PATH=/home/emily/sa-mrbt_ws/install/behaviortree_cpp:/home/emily/sa-mrbt_ws/install/simulator:/opt/ros/iron /usr/bin/cmake --build /home/emily/sa-mrbt_ws/build/simulator -- -j12 -l12
