[  7%] [32mBuilding CXX object CMakeFiles/sim.dir/src/sim.cpp.o[0m
[ 15%] [32mBuilding CXX object CMakeFiles/sim.dir/src/CBBA.cpp.o[0m
[ 23%] [32mBuilding CXX object CMakeFiles/sim.dir/src/CBGA.cpp.o[0m
[ 30%] [32mBuilding CXX object CMakeFiles/sim.dir/src/world.cpp.o[0m
[ 38%] [32mBuilding CXX object CMakeFiles/sim.dir/src/message.cpp.o[0m
[ 46%] [32mBuilding CXX object CMakeFiles/sim.dir/src/planners.cpp.o[0m
[ 53%] [32mBuilding CXX object CMakeFiles/sim.dir/src/robot.cpp.o[0m
[ 61%] [32mBuilding CXX object CMakeFiles/sim.dir/src/behavior_tree.cpp.o[0m
[ 69%] [32mBuilding CXX object CMakeFiles/sim.dir/src/parser.cpp.o[0m
[ 76%] [32mBuilding CXX object CMakeFiles/sim.dir/src/greedy.cpp.o[0m
[01m[K/home/emily/sa-mrbt_ws/src/simplified_marine_sim/src/sim.cpp:[m[K In function ‘[01m[Kvoid run_robot(int, std::string, Pose2D, cv::Scalar, int, World&)[m[K’:
[01m[K/home/emily/sa-mrbt_ws/src/simplified_marine_sim/src/sim.cpp:485:83:[m[K [01;31m[Kerror: [m[Kno matching function for call to ‘[01m[KRobot::Robot(World*, JSONParser*, Pose2D&, int&, std::string&, cv::Scalar&)[m[K’
  485 |             Robot robot(&world, &parser, initial_pose, robot_id, robot_type, color[01;31m[K)[m[K;
      |                                                                                   [01;31m[K^[m[K
In file included from [01m[K/home/emily/sa-mrbt_ws/src/simplified_marine_sim/include/world.hpp:8[m[K,
                 from [01m[K/home/emily/sa-mrbt_ws/src/simplified_marine_sim/src/sim.cpp:8[m[K:
[01m[K/home/emily/sa-mrbt_ws/src/simplified_marine_sim/include/robot.hpp:82:5:[m[K [01;36m[Knote: [m[Kcandidate: ‘[01m[KRobot::Robot(Planner*, ShortestPath*, CoveragePath*, World*, JSONParser*, const Pose2D&, int, std::string, cv::Scalar)[m[K’
   82 |     [01;36m[KRobot[m[K(Planner* planner, ShortestPath* shortest_path, CoveragePath* coverage_path, World* world, JSONParser* parser, const Pose2D& initial_pose, int robot_id, std::string robot_type, cv::Scalar color); // Is this right with planners?
      |     [01;36m[K^~~~~[m[K
[01m[K/home/emily/sa-mrbt_ws/src/simplified_marine_sim/include/robot.hpp:82:5:[m[K [01;36m[Knote: [m[K  candidate expects 9 arguments, 6 provided
In file included from [01m[K/home/emily/sa-mrbt_ws/src/simplified_marine_sim/include/world.hpp:8[m[K,
                 from [01m[K/home/emily/sa-mrbt_ws/src/simplified_marine_sim/src/sim.cpp:8[m[K:
[01m[K/home/emily/sa-mrbt_ws/src/simplified_marine_sim/include/robot.hpp:19:7:[m[K [01;36m[Knote: [m[Kcandidate: ‘[01m[KRobot::Robot(Robot&&)[m[K’
   19 | class [01;36m[KRobot[m[K {
      |       [01;36m[K^~~~~[m[K
[01m[K/home/emily/sa-mrbt_ws/src/simplified_marine_sim/include/robot.hpp:19:7:[m[K [01;36m[Knote: [m[K  candidate expects 1 argument, 6 provided
[01m[K/home/emily/sa-mrbt_ws/src/simplified_marine_sim/src/sim.cpp:522:127:[m[K [01;31m[Kerror: [m[K‘[01m[Kshortest_path[m[K’ was not declared in this scope; did you mean ‘[01m[KShortestPath[m[K’?
  522 |                 factory.registerNodeType<FollowShortestPath>("FollowShortestPath", std::ref(robot), std::ref(world), std::ref([01;31m[Kshortest_path[m[K));
      |                                                                                                                               [01;31m[K^~~~~~~~~~~~~[m[K
      |                                                                                                                               [32m[KShortestPath[m[K
[01m[K/home/emily/sa-mrbt_ws/src/simplified_marine_sim/src/sim.cpp:527:127:[m[K [01;31m[Kerror: [m[K‘[01m[Kcoverage_path[m[K’ was not declared in this scope; did you mean ‘[01m[KCoveragePath[m[K’?
  527 |                 factory.registerNodeType<FollowCoveragePath>("FollowCoveragePath", std::ref(robot), std::ref(world), std::ref([01;31m[Kcoverage_path[m[K));
      |                                                                                                                               [01;31m[K^~~~~~~~~~~~~[m[K
      |                                                                                                                               [32m[KCoveragePath[m[K
[01m[K/home/emily/sa-mrbt_ws/src/simplified_marine_sim/src/robot.cpp:16:1:[m[K [01;31m[Kerror: [m[Kno declaration matches ‘[01m[KRobot::Robot(World*, JSONParser*, const Pose2D&, int, std::string, cv::Scalar)[m[K’
   16 | [01;31m[KRobot[m[K::Robot( World* w, JSONParser* psr, const Pose2D& initial_pose, int robot_id, std::string robot_type, cv::Scalar dot_color)
      | [01;31m[K^~~~~[m[K
In file included from [01m[K/home/emily/sa-mrbt_ws/src/simplified_marine_sim/include/world.hpp:8[m[K,
                 from [01m[K/home/emily/sa-mrbt_ws/src/simplified_marine_sim/src/robot.cpp:5[m[K:
[01m[K/home/emily/sa-mrbt_ws/src/simplified_marine_sim/include/robot.hpp:19:7:[m[K [01;36m[Knote: [m[Kcandidates are: ‘[01m[KRobot::Robot(Robot&&)[m[K’
   19 | class [01;36m[KRobot[m[K {
      |       [01;36m[K^~~~~[m[K
[01m[K/home/emily/sa-mrbt_ws/src/simplified_marine_sim/include/robot.hpp:19:7:[m[K [01;36m[Knote: [m[K                ‘[01m[KRobot::Robot(const Robot&)[m[K’
In file included from [01m[K/home/emily/sa-mrbt_ws/src/simplified_marine_sim/include/world.hpp:8[m[K,
                 from [01m[K/home/emily/sa-mrbt_ws/src/simplified_marine_sim/src/robot.cpp:5[m[K:
[01m[K/home/emily/sa-mrbt_ws/src/simplified_marine_sim/include/robot.hpp:82:5:[m[K [01;36m[Knote: [m[K                ‘[01m[KRobot::Robot(Planner*, ShortestPath*, CoveragePath*, World*, JSONParser*, const Pose2D&, int, std::string, cv::Scalar)[m[K’
   82 |     [01;36m[KRobot[m[K(Planner* planner, ShortestPath* shortest_path, CoveragePath* coverage_path, World* world, JSONParser* parser, const Pose2D& initial_pose, int robot_id, std::string robot_type, cv::Scalar color); // Is this right with planners?
      |     [01;36m[K^~~~~[m[K
In file included from [01m[K/home/emily/sa-mrbt_ws/src/simplified_marine_sim/include/world.hpp:8[m[K,
                 from [01m[K/home/emily/sa-mrbt_ws/src/simplified_marine_sim/src/robot.cpp:5[m[K:
[01m[K/home/emily/sa-mrbt_ws/src/simplified_marine_sim/include/robot.hpp:19:7:[m[K [01;36m[Knote: [m[K‘[01m[Kclass Robot[m[K’ defined here
   19 | class [01;36m[KRobot[m[K {
      |       [01;36m[K^~~~~[m[K
gmake[2]: *** [CMakeFiles/sim.dir/build.make:76: CMakeFiles/sim.dir/src/sim.cpp.o] Error 1
gmake[2]: *** Waiting for unfinished jobs....
gmake[2]: *** [CMakeFiles/sim.dir/build.make:188: CMakeFiles/sim.dir/src/robot.cpp.o] Error 1
gmake[1]: *** [CMakeFiles/Makefile2:137: CMakeFiles/sim.dir/all] Error 2
gmake: *** [Makefile:146: all] Error 2
