[0.007s] Invoking command in '/home/emily/sa-mrbt_ws/build/behaviortree_cpp': CMAKE_PREFIX_PATH=${CMAKE_PREFIX_PATH}:/opt/ros/iron /usr/bin/cmake --build /home/emily/sa-mrbt_ws/build/behaviortree_cpp -- -j12 -l12
[0.041s] [  3%] Built target lexy_file
[0.041s] [  3%] Built target minitrace
[0.041s] [  4%] Built target gtest_main
[0.041s] [  6%] Built target gtest
[0.057s] [35m[1mConsolidate compiler generated dependencies of target behaviortree_cpp[0m
[0.099s] [  8%] [32mBuilding CXX object CMakeFiles/behaviortree_cpp.dir/src/bt_factory.cpp.o[0m
[0.099s] [  8%] [32mBuilding CXX object CMakeFiles/behaviortree_cpp.dir/src/behavior_tree.cpp.o[0m
[0.099s] [  9%] [32mBuilding CXX object CMakeFiles/behaviortree_cpp.dir/src/xml_parsing.cpp.o[0m
[0.099s] [ 10%] [32mBuilding CXX object CMakeFiles/behaviortree_cpp.dir/src/decorators/updated_decorator.cpp.o[0m
[0.099s] [ 11%] [32mBuilding CXX object CMakeFiles/behaviortree_cpp.dir/src/actions/updated_action.cpp.o[0m
[0.099s] [ 12%] [32mBuilding CXX object CMakeFiles/behaviortree_cpp.dir/src/controls/counter_sequence.cpp.o[0m
[0.100s] [ 12%] [32mBuilding CXX object CMakeFiles/behaviortree_cpp.dir/src/loggers/bt_cout_logger.cpp.o[0m
[0.101s] [ 13%] [32mBuilding CXX object CMakeFiles/behaviortree_cpp.dir/src/loggers/bt_file_logger_v2.cpp.o[0m
[0.101s] [ 14%] [32mBuilding CXX object CMakeFiles/behaviortree_cpp.dir/src/loggers/bt_minitrace_logger.cpp.o[0m
[0.101s] [ 15%] [32mBuilding CXX object CMakeFiles/behaviortree_cpp.dir/src/loggers/bt_observer.cpp.o[0m
[0.101s] [ 16%] [32mBuilding CXX object CMakeFiles/behaviortree_cpp.dir/src/loggers/groot2_publisher.cpp.o[0m
[0.103s] [ 17%] [32mBuilding CXX object CMakeFiles/behaviortree_cpp.dir/src/loggers/bt_sqlite_logger.cpp.o[0m
[2.330s] [01m[K/home/emily/sa-mrbt_ws/src/BehaviorTree.CPP/src/controls/counter_sequence.cpp:[m[K In member function ‘[01m[Kvirtual int BT::CounterSequence::getSubtaskID(int)[m[K’:
[2.330s] [01m[K/home/emily/sa-mrbt_ws/src/BehaviorTree.CPP/src/controls/counter_sequence.cpp:58:19:[m[K [01;31m[Kerror: [m[K‘[01m[Ksubtask_failure_thresholds[m[K’ was not declared in this scope; did you mean ‘[01m[Ksubtask_failure_thresholds_[m[K’?
[2.330s]    58 |         auto it = [01;31m[Ksubtask_failure_thresholds[m[K.begin();
[2.330s]       |                   [01;31m[K^~~~~~~~~~~~~~~~~~~~~~~~~~[m[K
[2.330s]       |                   [32m[Ksubtask_failure_thresholds_[m[K
[2.331s] [01m[K/home/emily/sa-mrbt_ws/src/BehaviorTree.CPP/src/controls/counter_sequence.cpp:62:26:[m[K [01;31m[Kerror: [m[Kexpected ‘[01m[K;[m[K’ before ‘[01m[K}[m[K’ token
[2.331s]    62 |         return subtask_id
[2.331s]       |                          [01;31m[K^[m[K
[2.331s]       |                          [32m[K;[m[K
[2.331s]    63 | [32m[K}[m[K
[2.331s]       | [32m[K~[m[K                         
[2.361s] [01m[K/home/emily/sa-mrbt_ws/src/BehaviorTree.CPP/src/controls/counter_sequence.cpp:[m[K In member function ‘[01m[Kvirtual BT::NodeStatus BT::CounterSequence::tick()[m[K’:
[2.361s] [01m[K/home/emily/sa-mrbt_ws/src/BehaviorTree.CPP/src/controls/counter_sequence.cpp:151:37:[m[K [01;35m[Kwarning: [m[Kunused variable ‘[01m[Kcurrent_subtask_id_[m[K’ [[01;35m[K]8;;https://gcc.gnu.org/onlinedocs/gcc/Warning-Options.html#index-Wunused-variable-Wunused-variable]8;;[m[K]
[2.361s]   151 |                                 int [01;35m[Kcurrent_subtask_id_[m[K = getSubtaskID(current_child_idx_);
[2.361s]       |                                     [01;35m[K^~~~~~~~~~~~~~~~~~~[m[K
[3.669s] gmake[2]: *** [CMakeFiles/behaviortree_cpp.dir/build.make:482: CMakeFiles/behaviortree_cpp.dir/src/controls/counter_sequence.cpp.o] Error 1
[3.669s] gmake[2]: *** Waiting for unfinished jobs....
[13.757s] gmake[1]: *** [CMakeFiles/Makefile2:340: CMakeFiles/behaviortree_cpp.dir/all] Error 2
[13.757s] gmake: *** [Makefile:146: all] Error 2
[13.759s] Invoked command in '/home/emily/sa-mrbt_ws/build/behaviortree_cpp' returned '2': CMAKE_PREFIX_PATH=${CMAKE_PREFIX_PATH}:/opt/ros/iron /usr/bin/cmake --build /home/emily/sa-mrbt_ws/build/behaviortree_cpp -- -j12 -l12
