[35m[1mConsolidate compiler generated dependencies of target sim[0m
[  7%] [32mBuilding CXX object CMakeFiles/sim.dir/src/robot.cpp.o[0m
[ 15%] [32m[1mLinking CXX executable sim[0m
/usr/bin/ld: CMakeFiles/sim.dir/src/CBBA.cpp.o: in function `utils::logMsgVector(std::vector<Msg, std::allocator<Msg> > const&, Robot&)':
CBBA.cpp:(.text+0x0): multiple definition of `utils::logMsgVector(std::vector<Msg, std::allocator<Msg> > const&, Robot&)'; CMakeFiles/sim.dir/src/sim.cpp.o:sim.cpp:(.text+0xb): first defined here
/usr/bin/ld: CMakeFiles/sim.dir/src/CBGA.cpp.o: in function `utils::logMsgVector(std::vector<Msg, std::allocator<Msg> > const&, Robot&)':
CBGA.cpp:(.text+0x0): multiple definition of `utils::logMsgVector(std::vector<Msg, std::allocator<Msg> > const&, Robot&)'; CMakeFiles/sim.dir/src/sim.cpp.o:sim.cpp:(.text+0xb): first defined here
/usr/bin/ld: CMakeFiles/sim.dir/src/message.cpp.o: in function `utils::logMsgVector(std::vector<Msg, std::allocator<Msg> > const&, Robot&)':
message.cpp:(.text+0xb): multiple definition of `utils::logMsgVector(std::vector<Msg, std::allocator<Msg> > const&, Robot&)'; CMakeFiles/sim.dir/src/sim.cpp.o:sim.cpp:(.text+0xb): first defined here
/usr/bin/ld: CMakeFiles/sim.dir/src/world.cpp.o: in function `utils::logMsgVector(std::vector<Msg, std::allocator<Msg> > const&, Robot&)':
world.cpp:(.text+0xb): multiple definition of `utils::logMsgVector(std::vector<Msg, std::allocator<Msg> > const&, Robot&)'; CMakeFiles/sim.dir/src/sim.cpp.o:sim.cpp:(.text+0xb): first defined here
/usr/bin/ld: CMakeFiles/sim.dir/src/robot.cpp.o: in function `utils::logMsgVector(std::vector<Msg, std::allocator<Msg> > const&, Robot&)':
robot.cpp:(.text+0x0): multiple definition of `utils::logMsgVector(std::vector<Msg, std::allocator<Msg> > const&, Robot&)'; CMakeFiles/sim.dir/src/sim.cpp.o:sim.cpp:(.text+0xb): first defined here
/usr/bin/ld: CMakeFiles/sim.dir/src/behavior_tree.cpp.o: in function `utils::logMsgVector(std::vector<Msg, std::allocator<Msg> > const&, Robot&)':
behavior_tree.cpp:(.text+0xb): multiple definition of `utils::logMsgVector(std::vector<Msg, std::allocator<Msg> > const&, Robot&)'; CMakeFiles/sim.dir/src/sim.cpp.o:sim.cpp:(.text+0xb): first defined here
/usr/bin/ld: CMakeFiles/sim.dir/src/parser.cpp.o: in function `utils::logMsgVector(std::vector<Msg, std::allocator<Msg> > const&, Robot&)':
parser.cpp:(.text+0x212): multiple definition of `utils::logMsgVector(std::vector<Msg, std::allocator<Msg> > const&, Robot&)'; CMakeFiles/sim.dir/src/sim.cpp.o:sim.cpp:(.text+0xb): first defined here
/usr/bin/ld: CMakeFiles/sim.dir/src/greedy.cpp.o: in function `utils::logMsgVector(std::vector<Msg, std::allocator<Msg> > const&, Robot&)':
greedy.cpp:(.text+0x0): multiple definition of `utils::logMsgVector(std::vector<Msg, std::allocator<Msg> > const&, Robot&)'; CMakeFiles/sim.dir/src/sim.cpp.o:sim.cpp:(.text+0xb): first defined here
collect2: error: ld returned 1 exit status
gmake[2]: *** [CMakeFiles/sim.dir/build.make:744: sim] Error 1
gmake[1]: *** [CMakeFiles/Makefile2:137: CMakeFiles/sim.dir/all] Error 2
gmake: *** [Makefile:146: all] Error 2
