[0.006s] Invoking command in '/home/emily/sa-mrbt_ws/build/simulator': CMAKE_PREFIX_PATH=/home/emily/sa-mrbt_ws/install/behaviortree_cpp:/home/emily/sa-mrbt_ws/install/simulator:/opt/ros/iron /usr/bin/cmake --build /home/emily/sa-mrbt_ws/build/simulator -- -j12 -l12
[0.040s] [35m[1mConsolidate compiler generated dependencies of target sim[0m
[0.064s] [  7%] [32mBuilding CXX object CMakeFiles/sim.dir/src/robot.cpp.o[0m
[4.940s] [ 15%] [32m[1mLinking CXX executable sim[0m
[4.963s] /usr/bin/ld: CMakeFiles/sim.dir/src/CBBA.cpp.o: in function `utils::logMsgVector(std::vector<Msg, std::allocator<Msg> > const&, Robot&)':
[4.964s] CBBA.cpp:(.text+0x0): multiple definition of `utils::logMsgVector(std::vector<Msg, std::allocator<Msg> > const&, Robot&)'; CMakeFiles/sim.dir/src/sim.cpp.o:sim.cpp:(.text+0xb): first defined here
[4.967s] /usr/bin/ld: CMakeFiles/sim.dir/src/CBGA.cpp.o: in function `utils::logMsgVector(std::vector<Msg, std::allocator<Msg> > const&, Robot&)':
[4.967s] CBGA.cpp:(.text+0x0): multiple definition of `utils::logMsgVector(std::vector<Msg, std::allocator<Msg> > const&, Robot&)'; CMakeFiles/sim.dir/src/sim.cpp.o:sim.cpp:(.text+0xb): first defined here
[4.969s] /usr/bin/ld: CMakeFiles/sim.dir/src/message.cpp.o: in function `utils::logMsgVector(std::vector<Msg, std::allocator<Msg> > const&, Robot&)':
[4.970s] message.cpp:(.text+0xb): multiple definition of `utils::logMsgVector(std::vector<Msg, std::allocator<Msg> > const&, Robot&)'; CMakeFiles/sim.dir/src/sim.cpp.o:sim.cpp:(.text+0xb): first defined here
[4.976s] /usr/bin/ld: CMakeFiles/sim.dir/src/world.cpp.o: in function `utils::logMsgVector(std::vector<Msg, std::allocator<Msg> > const&, Robot&)':
[4.976s] world.cpp:(.text+0xb): multiple definition of `utils::logMsgVector(std::vector<Msg, std::allocator<Msg> > const&, Robot&)'; CMakeFiles/sim.dir/src/sim.cpp.o:sim.cpp:(.text+0xb): first defined here
[4.983s] /usr/bin/ld: CMakeFiles/sim.dir/src/robot.cpp.o: in function `utils::logMsgVector(std::vector<Msg, std::allocator<Msg> > const&, Robot&)':
[4.983s] robot.cpp:(.text+0x0): multiple definition of `utils::logMsgVector(std::vector<Msg, std::allocator<Msg> > const&, Robot&)'; CMakeFiles/sim.dir/src/sim.cpp.o:sim.cpp:(.text+0xb): first defined here
[4.988s] /usr/bin/ld: CMakeFiles/sim.dir/src/behavior_tree.cpp.o: in function `utils::logMsgVector(std::vector<Msg, std::allocator<Msg> > const&, Robot&)':
[4.989s] behavior_tree.cpp:(.text+0xb): multiple definition of `utils::logMsgVector(std::vector<Msg, std::allocator<Msg> > const&, Robot&)'; CMakeFiles/sim.dir/src/sim.cpp.o:sim.cpp:(.text+0xb): first defined here
[4.994s] /usr/bin/ld: CMakeFiles/sim.dir/src/parser.cpp.o: in function `utils::logMsgVector(std::vector<Msg, std::allocator<Msg> > const&, Robot&)':
[4.994s] parser.cpp:(.text+0x212): multiple definition of `utils::logMsgVector(std::vector<Msg, std::allocator<Msg> > const&, Robot&)'; CMakeFiles/sim.dir/src/sim.cpp.o:sim.cpp:(.text+0xb): first defined here
[4.996s] /usr/bin/ld: CMakeFiles/sim.dir/src/greedy.cpp.o: in function `utils::logMsgVector(std::vector<Msg, std::allocator<Msg> > const&, Robot&)':
[4.996s] greedy.cpp:(.text+0x0): multiple definition of `utils::logMsgVector(std::vector<Msg, std::allocator<Msg> > const&, Robot&)'; CMakeFiles/sim.dir/src/sim.cpp.o:sim.cpp:(.text+0xb): first defined here
[5.736s] collect2: error: ld returned 1 exit status
[5.737s] gmake[2]: *** [CMakeFiles/sim.dir/build.make:744: sim] Error 1
[5.738s] gmake[1]: *** [CMakeFiles/Makefile2:137: CMakeFiles/sim.dir/all] Error 2
[5.738s] gmake: *** [Makefile:146: all] Error 2
[5.740s] Invoked command in '/home/emily/sa-mrbt_ws/build/simulator' returned '2': CMAKE_PREFIX_PATH=/home/emily/sa-mrbt_ws/install/behaviortree_cpp:/home/emily/sa-mrbt_ws/install/simulator:/opt/ros/iron /usr/bin/cmake --build /home/emily/sa-mrbt_ws/build/simulator -- -j12 -l12
