[0.008s] Invoking command in '/home/emily/sa-mrbt_ws/build/simulator': CMAKE_PREFIX_PATH=/home/emily/sa-mrbt_ws/install/behaviortree_cpp:/home/emily/sa-mrbt_ws/install/simulator:/opt/ros/iron /usr/bin/cmake --build /home/emily/sa-mrbt_ws/build/simulator -- -j12 -l12
[0.051s] [  7%] [32mBuilding CXX object CMakeFiles/sim.dir/src/sim.cpp.o[0m
[0.051s] [ 15%] [32mBuilding CXX object CMakeFiles/sim.dir/src/CBBA.cpp.o[0m
[0.051s] [ 23%] [32mBuilding CXX object CMakeFiles/sim.dir/src/message.cpp.o[0m
[0.052s] [ 30%] [32mBuilding CXX object CMakeFiles/sim.dir/src/CBGA.cpp.o[0m
[0.053s] [ 38%] [32mBuilding CXX object CMakeFiles/sim.dir/src/robot.cpp.o[0m
[0.053s] [ 46%] [32mBuilding CXX object CMakeFiles/sim.dir/src/world.cpp.o[0m
[0.056s] [ 69%] [32mBuilding CXX object CMakeFiles/sim.dir/src/parser.cpp.o[0m
[0.056s] [ 69%] [32mBuilding CXX object CMakeFiles/sim.dir/src/behavior_tree.cpp.o[0m
[0.056s] [ 69%] [32mBuilding CXX object CMakeFiles/sim.dir/src/greedy.cpp.o[0m
[7.181s] [ 76%] [32m[1mLinking CXX executable sim[0m
[8.109s] [100%] Built target sim
[8.116s] Invoked command in '/home/emily/sa-mrbt_ws/build/simulator' returned '0': CMAKE_PREFIX_PATH=/home/emily/sa-mrbt_ws/install/behaviortree_cpp:/home/emily/sa-mrbt_ws/install/simulator:/opt/ros/iron /usr/bin/cmake --build /home/emily/sa-mrbt_ws/build/simulator -- -j12 -l12
[8.146s] Invoking command in '/home/emily/sa-mrbt_ws/build/simulator': CMAKE_PREFIX_PATH=/home/emily/sa-mrbt_ws/install/behaviortree_cpp:/home/emily/sa-mrbt_ws/install/simulator:/opt/ros/iron /usr/bin/cmake --install /home/emily/sa-mrbt_ws/build/simulator
[8.151s] -- Install configuration: ""
[8.151s] -- Installing: /home/emily/sa-mrbt_ws/install/simulator/lib/simulator/sim
[8.156s] -- Set runtime path of "/home/emily/sa-mrbt_ws/install/simulator/lib/simulator/sim" to ""
[8.156s] -- Up-to-date: /home/emily/sa-mrbt_ws/install/simulator/share/ament_index/resource_index/package_run_dependencies/simulator
[8.156s] -- Up-to-date: /home/emily/sa-mrbt_ws/install/simulator/share/ament_index/resource_index/parent_prefix_path/simulator
[8.156s] -- Up-to-date: /home/emily/sa-mrbt_ws/install/simulator/share/simulator/environment/ament_prefix_path.sh
[8.156s] -- Up-to-date: /home/emily/sa-mrbt_ws/install/simulator/share/simulator/environment/ament_prefix_path.dsv
[8.156s] -- Up-to-date: /home/emily/sa-mrbt_ws/install/simulator/share/simulator/environment/path.sh
[8.156s] -- Up-to-date: /home/emily/sa-mrbt_ws/install/simulator/share/simulator/environment/path.dsv
[8.157s] -- Up-to-date: /home/emily/sa-mrbt_ws/install/simulator/share/simulator/local_setup.bash
[8.157s] -- Up-to-date: /home/emily/sa-mrbt_ws/install/simulator/share/simulator/local_setup.sh
[8.157s] -- Up-to-date: /home/emily/sa-mrbt_ws/install/simulator/share/simulator/local_setup.zsh
[8.157s] -- Up-to-date: /home/emily/sa-mrbt_ws/install/simulator/share/simulator/local_setup.dsv
[8.157s] -- Installing: /home/emily/sa-mrbt_ws/install/simulator/share/simulator/package.dsv
[8.157s] -- Up-to-date: /home/emily/sa-mrbt_ws/install/simulator/share/ament_index/resource_index/packages/simulator
[8.157s] -- Up-to-date: /home/emily/sa-mrbt_ws/install/simulator/share/simulator/cmake/simulatorConfig.cmake
[8.157s] -- Up-to-date: /home/emily/sa-mrbt_ws/install/simulator/share/simulator/cmake/simulatorConfig-version.cmake
[8.157s] -- Up-to-date: /home/emily/sa-mrbt_ws/install/simulator/share/simulator/package.xml
[8.158s] Invoked command in '/home/emily/sa-mrbt_ws/build/simulator' returned '0': CMAKE_PREFIX_PATH=/home/emily/sa-mrbt_ws/install/behaviortree_cpp:/home/emily/sa-mrbt_ws/install/simulator:/opt/ros/iron /usr/bin/cmake --install /home/emily/sa-mrbt_ws/build/simulator
