[0.006s] Invoking command in '/home/emily/sa-mrbt_ws/build/simulator': CMAKE_PREFIX_PATH=/home/emily/sa-mrbt_ws/install/behaviortree_cpp:/home/emily/sa-mrbt_ws/install/simulator:/opt/ros/iron /usr/bin/cmake --build /home/emily/sa-mrbt_ws/build/simulator -- -j12 -l12
[0.040s] [35m[1mConsolidate compiler generated dependencies of target sim[0m
[0.065s] [  7%] [32mBuilding CXX object CMakeFiles/sim.dir/src/message.cpp.o[0m
[0.065s] [ 15%] [32mBuilding CXX object CMakeFiles/sim.dir/src/sim.cpp.o[0m
[0.065s] [ 23%] [32mBuilding CXX object CMakeFiles/sim.dir/src/CBBA.cpp.o[0m
[0.065s] [ 30%] [32mBuilding CXX object CMakeFiles/sim.dir/src/CBGA.cpp.o[0m
[0.065s] [ 38%] [32mBuilding CXX object CMakeFiles/sim.dir/src/world.cpp.o[0m
[0.066s] [ 46%] [32mBuilding CXX object CMakeFiles/sim.dir/src/planners.cpp.o[0m
[0.068s] [ 53%] [32mBuilding CXX object CMakeFiles/sim.dir/src/robot.cpp.o[0m
[0.068s] [ 61%] [32mBuilding CXX object CMakeFiles/sim.dir/src/behavior_tree.cpp.o[0m
[0.071s] [ 76%] [32mBuilding CXX object CMakeFiles/sim.dir/src/parser.cpp.o[0m
[0.071s] [ 76%] [32mBuilding CXX object CMakeFiles/sim.dir/src/greedy.cpp.o[0m
[3.331s] [01m[K/home/emily/sa-mrbt_ws/src/simplified_marine_sim/src/behavior_tree.cpp:[m[K In member function ‘[01m[Kvirtual BT::NodeStatus NewInfoAvailable::tick()[m[K’:
[3.331s] [01m[K/home/emily/sa-mrbt_ws/src/simplified_marine_sim/src/behavior_tree.cpp:79:9:[m[K [01;31m[Kerror: [m[K‘[01m[KNEED[m[K’ was not declared in this scope
[3.331s]    79 |         [01;31m[KNEED[m[K TO ADD HANDLING FOR WHEN NEW FAILURES ARISE AND ROBOTS ARE STILL IN COMMS WITH EACH OTHER
[3.331s]       |         [01;31m[K^~~~[m[K
[3.340s] [01m[K/home/emily/sa-mrbt_ws/src/simplified_marine_sim/src/behavior_tree.cpp:88:13:[m[K [01;31m[Kerror: [m[K‘[01m[Kinfo_available[m[K’ was not declared in this scope; did you mean ‘[01m[KNewInfoAvailable[m[K’?
[3.340s]    88 |         if ([01;31m[Kinfo_available[m[K) {
[3.340s]       |             [01;31m[K^~~~~~~~~~~~~~[m[K
[3.340s]       |             [32m[KNewInfoAvailable[m[K
[5.330s] [01m[K/home/emily/sa-mrbt_ws/src/simplified_marine_sim/src/behavior_tree.cpp:109:1:[m[K [01;35m[Kwarning: [m[Kcontrol reaches end of non-void function [[01;35m[K]8;;https://gcc.gnu.org/onlinedocs/gcc/Warning-Options.html#index-Wreturn-type-Wreturn-type]8;;[m[K]
[5.331s]   109 | [01;35m[K}[m[K
[5.331s]       | [01;35m[K^[m[K
[5.403s] gmake[2]: *** [CMakeFiles/sim.dir/build.make:202: CMakeFiles/sim.dir/src/behavior_tree.cpp.o] Error 1
[5.403s] gmake[2]: *** Waiting for unfinished jobs....
[5.578s] [01m[K/home/emily/sa-mrbt_ws/src/simplified_marine_sim/src/robot.cpp:907:6:[m[K [01;31m[Kerror: [m[Kno declaration matches ‘[01m[Kvoid Robot::printWorldPingTracker(std::unordered_map<int, std::vector<std::tuple<int, double, bool> > >&)[m[K’
[5.578s]   907 | void [01;31m[KRobot[m[K::printWorldPingTracker(std::unordered_map<int, std::vector<std::tuple<int,double,bool>>>& world_ping_tracker) {
[5.578s]       |      [01;31m[K^~~~~[m[K
[5.579s] In file included from [01m[K/home/emily/sa-mrbt_ws/src/simplified_marine_sim/include/world.hpp:8[m[K,
[5.579s]                  from [01m[K/home/emily/sa-mrbt_ws/src/simplified_marine_sim/src/robot.cpp:5[m[K:
[5.579s] [01m[K/home/emily/sa-mrbt_ws/src/simplified_marine_sim/include/robot.hpp:130:10:[m[K [01;36m[Knote: [m[Kcandidate is: ‘[01m[Kvoid Robot::printWorldPingTracker(std::unordered_map<int, std::vector<std::pair<int, double> > >&)[m[K’
[5.579s]   130 |     void [01;36m[KprintWorldPingTracker[m[K(std::unordered_map<int, std::vector<std::pair<int,double>>>& world_ping_tracker);
[5.579s]       |          [01;36m[K^~~~~~~~~~~~~~~~~~~~~[m[K
[5.579s] In file included from [01m[K/home/emily/sa-mrbt_ws/src/simplified_marine_sim/include/world.hpp:8[m[K,
[5.579s]                  from [01m[K/home/emily/sa-mrbt_ws/src/simplified_marine_sim/src/robot.cpp:5[m[K:
[5.579s] [01m[K/home/emily/sa-mrbt_ws/src/simplified_marine_sim/include/robot.hpp:19:7:[m[K [01;36m[Knote: [m[K‘[01m[Kclass Robot[m[K’ defined here
[5.579s]    19 | class [01;36m[KRobot[m[K {
[5.579s]       |       [01;36m[K^~~~~[m[K
[7.271s] gmake[2]: *** [CMakeFiles/sim.dir/build.make:188: CMakeFiles/sim.dir/src/robot.cpp.o] Error 1
[7.272s] gmake[1]: *** [CMakeFiles/Makefile2:137: CMakeFiles/sim.dir/all] Error 2
[7.272s] gmake: *** [Makefile:146: all] Error 2
[7.274s] Invoked command in '/home/emily/sa-mrbt_ws/build/simulator' returned '2': CMAKE_PREFIX_PATH=/home/emily/sa-mrbt_ws/install/behaviortree_cpp:/home/emily/sa-mrbt_ws/install/simulator:/opt/ros/iron /usr/bin/cmake --build /home/emily/sa-mrbt_ws/build/simulator -- -j12 -l12
