[0.006s] Invoking command in '/home/emily/sa-mrbt_ws/build/simulator': CMAKE_PREFIX_PATH=/home/emily/sa-mrbt_ws/install/behaviortree_cpp:/home/emily/sa-mrbt_ws/install/simulator:/opt/ros/iron /usr/bin/cmake --build /home/emily/sa-mrbt_ws/build/simulator -- -j12 -l12
[0.037s] [35m[1mConsolidate compiler generated dependencies of target sim[0m
[0.061s] [  7%] [32mBuilding CXX object CMakeFiles/sim.dir/src/CBGA.cpp.o[0m
[0.062s] [ 15%] [32mBuilding CXX object CMakeFiles/sim.dir/src/behavior_tree.cpp.o[0m
[1.724s] [01m[K/home/emily/sa-mrbt_ws/src/simplified_marine_sim/src/CBGA.cpp:[m[K In member function ‘[01m[Kvoid CBGA::testResolveConflicts(int, std::vector<Msg>&, std::vector<std::vector<double, std::allocator<double> > >&, std::unordered_map<int, double>&, int, std::vector<std::vector<double, std::allocator<double> > >&, std::unordered_map<int, double>&)[m[K’:
[1.724s] [01m[K/home/emily/sa-mrbt_ws/src/simplified_marine_sim/src/CBGA.cpp:1307:28:[m[K [01;31m[Kerror: [m[K‘[01m[Kwinners_i[m[K’ was not declared in this scope
[1.724s]  1307 |     utils::logUnorderedMap([01;31m[Kwinners_i[m[K, robot);
[1.724s]       |                            [01;31m[K^~~~~~~~~[m[K
[1.729s] [01m[K/home/emily/sa-mrbt_ws/src/simplified_marine_sim/src/CBGA.cpp:1308:28:[m[K [01;31m[Kerror: [m[K‘[01m[Kwinning_bids_i[m[K’ was not declared in this scope; did you mean ‘[01m[Kwinning_bids_matrix_i[m[K’?
[1.729s]  1308 |     utils::logUnorderedMap([01;31m[Kwinning_bids_i[m[K, robot);
[1.729s]       |                            [01;31m[K^~~~~~~~~~~~~~[m[K
[1.729s]       |                            [32m[Kwinning_bids_matrix_i[m[K
[1.733s] [01m[K/home/emily/sa-mrbt_ws/src/simplified_marine_sim/src/CBGA.cpp:1312:28:[m[K [01;31m[Kerror: [m[K‘[01m[Kwinners_k[m[K’ was not declared in this scope
[1.733s]  1312 |     utils::logUnorderedMap([01;31m[Kwinners_k[m[K, robot);
[1.733s]       |                            [01;31m[K^~~~~~~~~[m[K
[1.738s] [01m[K/home/emily/sa-mrbt_ws/src/simplified_marine_sim/src/CBGA.cpp:1313:28:[m[K [01;31m[Kerror: [m[K‘[01m[Kwinning_bids_k[m[K’ was not declared in this scope; did you mean ‘[01m[Kwinning_bids_matrix_k[m[K’?
[1.738s]  1313 |     utils::logUnorderedMap([01;31m[Kwinning_bids_k[m[K, robot);
[1.738s]       |                            [01;31m[K^~~~~~~~~~~~~~[m[K
[1.738s]       |                            [32m[Kwinning_bids_matrix_k[m[K
[2.569s] gmake[2]: *** [CMakeFiles/sim.dir/build.make:104: CMakeFiles/sim.dir/src/CBGA.cpp.o] Error 1
[2.570s] gmake[2]: *** Waiting for unfinished jobs....
[3.692s] gmake[1]: *** [CMakeFiles/Makefile2:137: CMakeFiles/sim.dir/all] Error 2
[3.692s] gmake: *** [Makefile:146: all] Error 2
[3.693s] Invoked command in '/home/emily/sa-mrbt_ws/build/simulator' returned '2': CMAKE_PREFIX_PATH=/home/emily/sa-mrbt_ws/install/behaviortree_cpp:/home/emily/sa-mrbt_ws/install/simulator:/opt/ros/iron /usr/bin/cmake --build /home/emily/sa-mrbt_ws/build/simulator -- -j12 -l12
