[0.006s] Invoking command in '/home/emily/sa-mrbt_ws/build/simulator': AMENT_PREFIX_PATH=/home/emily/sa-mrbt_ws/install/behaviortree_cpp:${AMENT_PREFIX_PATH} CMAKE_PREFIX_PATH=/home/emily/sa-mrbt_ws/install/behaviortree_cpp:/opt/ros/iron LD_LIBRARY_PATH=/home/emily/sa-mrbt_ws/install/behaviortree_cpp/lib:${LD_LIBRARY_PATH} PATH=/home/emily/sa-mrbt_ws/install/behaviortree_cpp/bin:${PATH} /usr/bin/cmake --build /home/emily/sa-mrbt_ws/build/simulator -- -j12 -l12
[0.037s] [35m[1mConsolidate compiler generated dependencies of target sim[0m
[0.060s] [  7%] [32mBuilding CXX object CMakeFiles/sim.dir/src/robot.cpp.o[0m
[3.076s] [01m[K/home/emily/sa-mrbt_ws/src/simplified_marine_sim/src/robot.cpp:[m[K In member function ‘[01m[Kstd::unordered_map<int, std::unordered_map<int, bool> > Robot::initSubtaskFailures()[m[K’:
[3.076s] [01m[K/home/emily/sa-mrbt_ws/src/simplified_marine_sim/src/robot.cpp:263:58:[m[K [01;31m[Kerror: [m[K‘[01m[Kclass World[m[K’ has no member named ‘[01m[KgetAllSubtasksInfo[m[K’; did you mean ‘[01m[KgetAllSubasksInfo[m[K’?
[3.076s]   263 |     for (const auto& [subtask_id, subtask_info] : world->[01;31m[KgetAllSubtasksInfo[m[K()) {
[3.076s]       |                                                          [01;31m[K^~~~~~~~~~~~~~~~~~[m[K
[3.076s]       |                                                          [32m[KgetAllSubasksInfo[m[K
[3.076s] [01m[K/home/emily/sa-mrbt_ws/src/simplified_marine_sim/src/robot.cpp:[m[K At global scope:
[3.077s] [01m[K/home/emily/sa-mrbt_ws/src/simplified_marine_sim/src/robot.cpp:274:6:[m[K [01;31m[Kerror: [m[Kno declaration matches ‘[01m[Kvoid Robot::setSubtaskFailure(int, int, bool)[m[K’
[3.077s]   274 | void [01;31m[KRobot[m[K::setSubtaskFailure(int subtask_id, int agent_id, bool failed) {
[3.077s]       |      [01;31m[K^~~~~[m[K
[3.077s] In file included from [01m[K/home/emily/sa-mrbt_ws/src/simplified_marine_sim/include/world.hpp:8[m[K,
[3.077s]                  from [01m[K/home/emily/sa-mrbt_ws/src/simplified_marine_sim/src/robot.cpp:4[m[K:
[3.077s] [01m[K/home/emily/sa-mrbt_ws/src/simplified_marine_sim/include/robot.hpp:96:10:[m[K [01;36m[Knote: [m[Kcandidate is: ‘[01m[Kbool Robot::setSubtaskFailure(int, int, bool)[m[K’
[3.077s]    96 |     bool [01;36m[KsetSubtaskFailure[m[K(int subtask_id, int agent_id, bool failed);
[3.077s]       |          [01;36m[K^~~~~~~~~~~~~~~~~[m[K
[3.077s] In file included from [01m[K/home/emily/sa-mrbt_ws/src/simplified_marine_sim/include/world.hpp:8[m[K,
[3.077s]                  from [01m[K/home/emily/sa-mrbt_ws/src/simplified_marine_sim/src/robot.cpp:4[m[K:
[3.077s] [01m[K/home/emily/sa-mrbt_ws/src/simplified_marine_sim/include/robot.hpp:19:7:[m[K [01;36m[Knote: [m[K‘[01m[Kclass Robot[m[K’ defined here
[3.077s]    19 | class [01;36m[KRobot[m[K {
[3.077s]       |       [01;36m[K^~~~~[m[K
[4.249s] gmake[2]: *** [CMakeFiles/sim.dir/build.make:188: CMakeFiles/sim.dir/src/robot.cpp.o] Error 1
[4.249s] gmake[1]: *** [CMakeFiles/Makefile2:137: CMakeFiles/sim.dir/all] Error 2
[4.249s] gmake: *** [Makefile:146: all] Error 2
[4.251s] Invoked command in '/home/emily/sa-mrbt_ws/build/simulator' returned '2': AMENT_PREFIX_PATH=/home/emily/sa-mrbt_ws/install/behaviortree_cpp:${AMENT_PREFIX_PATH} CMAKE_PREFIX_PATH=/home/emily/sa-mrbt_ws/install/behaviortree_cpp:/opt/ros/iron LD_LIBRARY_PATH=/home/emily/sa-mrbt_ws/install/behaviortree_cpp/lib:${LD_LIBRARY_PATH} PATH=/home/emily/sa-mrbt_ws/install/behaviortree_cpp/bin:${PATH} /usr/bin/cmake --build /home/emily/sa-mrbt_ws/build/simulator -- -j12 -l12
