[0.006s] Invoking command in '/home/emily/sa-mrbt_ws/build/simulator': CMAKE_PREFIX_PATH=/home/emily/sa-mrbt_ws/install/behaviortree_cpp:/home/emily/sa-mrbt_ws/install/simulator:/opt/ros/iron /usr/bin/cmake --build /home/emily/sa-mrbt_ws/build/simulator -- -j12 -l12
[0.037s] [35m[1mConsolidate compiler generated dependencies of target sim[0m
[0.060s] [  7%] [32mBuilding CXX object CMakeFiles/sim.dir/src/world.cpp.o[0m
[0.060s] [ 15%] [32mBuilding CXX object CMakeFiles/sim.dir/src/behavior_tree.cpp.o[0m
[1.740s] [01m[K/home/emily/sa-mrbt_ws/src/simplified_marine_sim/src/world.cpp:610:6:[m[K [01;31m[Kerror: [m[Kno declaration matches ‘[01m[Kvoid World::debugTaskAccess(int, Robot&)[m[K’
[1.740s]   610 | void [01;31m[KWorld[m[K::debugTaskAccess(int task_id, Robot& robot) {
[1.740s]       |      [01;31m[K^~~~~[m[K
[1.741s] [01m[K/home/emily/sa-mrbt_ws/src/simplified_marine_sim/src/world.cpp:610:6:[m[K [01;36m[Knote: [m[Kno functions named ‘[01m[Kvoid World::debugTaskAccess(int, Robot&)[m[K’
[1.741s] In file included from [01m[K/home/emily/sa-mrbt_ws/src/simplified_marine_sim/src/world.cpp:4[m[K:
[1.741s] [01m[K/home/emily/sa-mrbt_ws/src/simplified_marine_sim/include/world.hpp:20:7:[m[K [01;36m[Knote: [m[K‘[01m[Kclass World[m[K’ defined here
[1.741s]    20 | class [01;36m[KWorld[m[K {
[1.741s]       |       [01;36m[K^~~~~[m[K
[1.780s] [01m[K/home/emily/sa-mrbt_ws/src/simplified_marine_sim/src/behavior_tree.cpp:[m[K In member function ‘[01m[Kvirtual BT::NodeStatus GreedyTaskAllocator::onRunning()[m[K’:
[1.780s] [01m[K/home/emily/sa-mrbt_ws/src/simplified_marine_sim/src/behavior_tree.cpp:488:16:[m[K [01;31m[Kerror: [m[K‘[01m[Kclass World[m[K’ has no member named ‘[01m[KdebugTaskAccess[m[K’
[1.780s]   488 |         _world.[01;31m[KdebugTaskAccess[m[K(1, _robot);
[1.780s]       |                [01;31m[K^~~~~~~~~~~~~~~[m[K
[2.665s] gmake[2]: *** [CMakeFiles/sim.dir/build.make:160: CMakeFiles/sim.dir/src/world.cpp.o] Error 1
[2.665s] gmake[2]: *** Waiting for unfinished jobs....
[3.012s] gmake[2]: *** [CMakeFiles/sim.dir/build.make:202: CMakeFiles/sim.dir/src/behavior_tree.cpp.o] Error 1
[3.012s] gmake[1]: *** [CMakeFiles/Makefile2:137: CMakeFiles/sim.dir/all] Error 2
[3.012s] gmake: *** [Makefile:146: all] Error 2
[3.014s] Invoked command in '/home/emily/sa-mrbt_ws/build/simulator' returned '2': CMAKE_PREFIX_PATH=/home/emily/sa-mrbt_ws/install/behaviortree_cpp:/home/emily/sa-mrbt_ws/install/simulator:/opt/ros/iron /usr/bin/cmake --build /home/emily/sa-mrbt_ws/build/simulator -- -j12 -l12
