[0.006s] Invoking command in '/home/emily/sa-mrbt_ws/build/simulator': CMAKE_PREFIX_PATH=/home/emily/sa-mrbt_ws/install/behaviortree_cpp:/home/emily/sa-mrbt_ws/install/simulator:/opt/ros/iron /usr/bin/cmake --build /home/emily/sa-mrbt_ws/build/simulator -- -j12 -l12
[0.041s] [35m[1mConsolidate compiler generated dependencies of target sim[0m
[0.064s] [ 15%] [32mBuilding CXX object CMakeFiles/sim.dir/src/CBBA.cpp.o[0m
[0.064s] [ 15%] [32mBuilding CXX object CMakeFiles/sim.dir/src/message.cpp.o[0m
[0.064s] [ 30%] [32mBuilding CXX object CMakeFiles/sim.dir/src/sim.cpp.o[0m
[0.064s] [ 30%] [32mBuilding CXX object CMakeFiles/sim.dir/src/CBGA.cpp.o[0m
[0.065s] [ 38%] [32mBuilding CXX object CMakeFiles/sim.dir/src/planners.cpp.o[0m
[0.067s] [ 46%] [32mBuilding CXX object CMakeFiles/sim.dir/src/world.cpp.o[0m
[0.069s] [ 53%] [32mBuilding CXX object CMakeFiles/sim.dir/src/behavior_tree.cpp.o[0m
[0.069s] [ 61%] [32mBuilding CXX object CMakeFiles/sim.dir/src/robot.cpp.o[0m
[0.070s] [ 69%] [32mBuilding CXX object CMakeFiles/sim.dir/src/parser.cpp.o[0m
[0.071s] [ 76%] [32mBuilding CXX object CMakeFiles/sim.dir/src/greedy.cpp.o[0m
[2.382s] [01m[K/home/emily/sa-mrbt_ws/src/simplified_marine_sim/src/behavior_tree.cpp:[m[K In member function ‘[01m[Kvirtual BT::NodeStatus FollowCoveragePath::onRunning()[m[K’:
[2.383s] [01m[K/home/emily/sa-mrbt_ws/src/simplified_marine_sim/src/behavior_tree.cpp:899:42:[m[K [01;31m[Kerror: [m[Kno matching function for call to ‘[01m[KWorld::updateCumulativeReward()[m[K’
[2.383s]   899 |             [01;31m[K_world.updateCumulativeReward()[m[K;
[2.383s]       |             [01;31m[K~~~~~~~~~~~~~~~~~~~~~~~~~~~~~^~[m[K
[2.383s] In file included from [01m[K/home/emily/sa-mrbt_ws/src/simplified_marine_sim/include/behavior_tree.hpp:7[m[K,
[2.383s]                  from [01m[K/home/emily/sa-mrbt_ws/src/simplified_marine_sim/src/behavior_tree.cpp:1[m[K:
[2.383s] [01m[K/home/emily/sa-mrbt_ws/src/simplified_marine_sim/include/world.hpp:186:10:[m[K [01;36m[Knote: [m[Kcandidate: ‘[01m[Kvoid World::updateCumulativeReward(double)[m[K’
[2.383s]   186 |     void [01;36m[KupdateCumulativeReward[m[K(double reward);
[2.383s]       |          [01;36m[K^~~~~~~~~~~~~~~~~~~~~~[m[K
[2.383s] [01m[K/home/emily/sa-mrbt_ws/src/simplified_marine_sim/include/world.hpp:186:10:[m[K [01;36m[Knote: [m[K  candidate expects 1 argument, 0 provided
[3.896s] gmake[2]: *** [CMakeFiles/sim.dir/build.make:202: CMakeFiles/sim.dir/src/behavior_tree.cpp.o] Error 1
[3.896s] gmake[2]: *** Waiting for unfinished jobs....
[7.782s] gmake[1]: *** [CMakeFiles/Makefile2:137: CMakeFiles/sim.dir/all] Error 2
[7.782s] gmake: *** [Makefile:146: all] Error 2
[7.783s] Invoked command in '/home/emily/sa-mrbt_ws/build/simulator' returned '2': CMAKE_PREFIX_PATH=/home/emily/sa-mrbt_ws/install/behaviortree_cpp:/home/emily/sa-mrbt_ws/install/simulator:/opt/ros/iron /usr/bin/cmake --build /home/emily/sa-mrbt_ws/build/simulator -- -j12 -l12
