[35m[1mConsolidate compiler generated dependencies of target sim[0m
[  7%] [32mBuilding CXX object CMakeFiles/sim.dir/src/CBGA.cpp.o[0m
[ 15%] [32mBuilding CXX object CMakeFiles/sim.dir/src/behavior_tree.cpp.o[0m
[01m[K/home/emily/sa-mrbt_ws/src/simplified_marine_sim/src/CBGA.cpp:[m[K In lambda function:
[01m[K/home/emily/sa-mrbt_ws/src/simplified_marine_sim/src/CBGA.cpp:1099:16:[m[K [01;31m[Kerror: [m[K‘[01m[Ktimestamps_k[m[K’ was not declared in this scope
 1099 |         return [01;31m[Ktimestamps_k[m[K.find(m) != timestamps_k.end() ? timestamps_k.at(m) : -1.0;
      |                [01;31m[K^~~~~~~~~~~~[m[K
[01m[K/home/emily/sa-mrbt_ws/src/simplified_marine_sim/src/CBGA.cpp:[m[K In lambda function:
[01m[K/home/emily/sa-mrbt_ws/src/simplified_marine_sim/src/CBGA.cpp:1104:16:[m[K [01;31m[Kerror: [m[K‘[01m[Ktimestamps_i[m[K’ was not declared in this scope
 1104 |         return [01;31m[Ktimestamps_i[m[K.find(m) != timestamps_i.end() ? timestamps_i.at(m) : -1.0;
      |                [01;31m[K^~~~~~~~~~~~[m[K
[01m[K/home/emily/sa-mrbt_ws/src/simplified_marine_sim/src/CBGA.cpp:[m[K In member function ‘[01m[Kvoid CBGA::runCBBAresolveConflicts(int, int, double, double)[m[K’:
[01m[K/home/emily/sa-mrbt_ws/src/simplified_marine_sim/src/CBGA.cpp:1108:26:[m[K [01;31m[Kerror: [m[K‘[01m[Kid_k[m[K’ was not declared in this scope; did you mean ‘[01m[Kid_t[m[K’?
 1108 |         if (winner_ij == [01;31m[Kid_k[m[K) {
      |                          [01;31m[K^~~~[m[K
      |                          [32m[Kid_t[m[K
[01m[K/home/emily/sa-mrbt_ws/src/simplified_marine_sim/src/CBGA.cpp:1109:20:[m[K [01;31m[Kerror: [m[K‘[01m[Kj[m[K’ was not declared in this scope; did you mean ‘[01m[Kjn[m[K’?
 1109 |             update([01;31m[Kj[m[K, winner_kj, winning_bids_matrix_i);
      |                    [01;31m[K^[m[K
      |                    [32m[Kjn[m[K
[01m[K/home/emily/sa-mrbt_ws/src/simplified_marine_sim/src/CBGA.cpp:1109:34:[m[K [01;31m[Kerror: [m[K‘[01m[Kwinning_bids_matrix_i[m[K’ was not declared in this scope
 1109 |             update(j, winner_kj, [01;31m[Kwinning_bids_matrix_i[m[K);
      |                                  [01;31m[K^~~~~~~~~~~~~~~~~~~~~[m[K
[01m[K/home/emily/sa-mrbt_ws/src/simplified_marine_sim/src/CBGA.cpp:1110:52:[m[K [01;31m[Kerror: [m[K‘[01m[Kid_i[m[K’ was not declared in this scope; did you mean ‘[01m[Kid_t[m[K’?
 1110 |         } else if (winner_ij != -1 && winner_ij != [01;31m[Kid_i[m[K) {
      |                                                    [01;31m[K^~~~[m[K
      |                                                    [32m[Kid_t[m[K
[01m[K/home/emily/sa-mrbt_ws/src/simplified_marine_sim/src/CBGA.cpp:1113:24:[m[K [01;31m[Kerror: [m[K‘[01m[Kj[m[K’ was not declared in this scope; did you mean ‘[01m[Kjn[m[K’?
 1113 |                 update([01;31m[Kj[m[K, winner_kj, winning_bids_matrix_i);
      |                        [01;31m[K^[m[K
      |                        [32m[Kjn[m[K
[01m[K/home/emily/sa-mrbt_ws/src/simplified_marine_sim/src/CBGA.cpp:1113:38:[m[K [01;31m[Kerror: [m[K‘[01m[Kwinning_bids_matrix_i[m[K’ was not declared in this scope
 1113 |                 update(j, winner_kj, [01;31m[Kwinning_bids_matrix_i[m[K);
      |                                      [01;31m[K^~~~~~~~~~~~~~~~~~~~~[m[K
[01m[K/home/emily/sa-mrbt_ws/src/simplified_marine_sim/src/CBGA.cpp:1117:29:[m[K [01;31m[Kerror: [m[K‘[01m[Kid_k[m[K’ was not declared in this scope; did you mean ‘[01m[Kid_t[m[K’?
 1117 |     } else if (winner_kj == [01;31m[Kid_k[m[K) {
      |                             [01;31m[K^~~~[m[K
      |                             [32m[Kid_t[m[K
[01m[K/home/emily/sa-mrbt_ws/src/simplified_marine_sim/src/CBGA.cpp:1120:26:[m[K [01;31m[Kerror: [m[K‘[01m[Kid_i[m[K’ was not declared in this scope; did you mean ‘[01m[Kid_t[m[K’?
 1120 |         if (winner_ij == [01;31m[Kid_i[m[K) {
      |                          [01;31m[K^~~~[m[K
      |                          [32m[Kid_t[m[K
[01m[K/home/emily/sa-mrbt_ws/src/simplified_marine_sim/src/CBGA.cpp:1123:24:[m[K [01;31m[Kerror: [m[K‘[01m[Kj[m[K’ was not declared in this scope; did you mean ‘[01m[Kjn[m[K’?
 1123 |                 update([01;31m[Kj[m[K, winner_kj, winning_bids_matrix_i);
      |                        [01;31m[K^[m[K
      |                        [32m[Kjn[m[K
[01m[K/home/emily/sa-mrbt_ws/src/simplified_marine_sim/src/CBGA.cpp:1123:38:[m[K [01;31m[Kerror: [m[K‘[01m[Kwinning_bids_matrix_i[m[K’ was not declared in this scope
 1123 |                 update(j, winner_kj, [01;31m[Kwinning_bids_matrix_i[m[K);
      |                                      [01;31m[K^~~~~~~~~~~~~~~~~~~~~[m[K
[01m[K/home/emily/sa-mrbt_ws/src/simplified_marine_sim/src/CBGA.cpp:1127:20:[m[K [01;31m[Kerror: [m[K‘[01m[Kj[m[K’ was not declared in this scope; did you mean ‘[01m[Kjn[m[K’?
 1127 |             update([01;31m[Kj[m[K, winner_kj, winning_bids_matrix_i);
      |                    [01;31m[K^[m[K
      |                    [32m[Kjn[m[K
[01m[K/home/emily/sa-mrbt_ws/src/simplified_marine_sim/src/CBGA.cpp:1127:34:[m[K [01;31m[Kerror: [m[K‘[01m[Kwinning_bids_matrix_i[m[K’ was not declared in this scope
 1127 |             update(j, winner_kj, [01;31m[Kwinning_bids_matrix_i[m[K);
      |                                  [01;31m[K^~~~~~~~~~~~~~~~~~~~~[m[K
[01m[K/home/emily/sa-mrbt_ws/src/simplified_marine_sim/src/CBGA.cpp:1132:42:[m[K [01;31m[Kerror: [m[K‘[01m[Kwinning_bids_k[m[K’ was not declared in this scope; did you mean ‘[01m[Kwinning_bid_kj[m[K’?
 1132 |             if (ts_k_m(m) > ts_i_m(m) || [01;31m[Kwinning_bids_k[m[K[j] > winning_bids_i[j]) {
      |                                          [01;31m[K^~~~~~~~~~~~~~[m[K
      |                                          [32m[Kwinning_bid_kj[m[K
[01m[K/home/emily/sa-mrbt_ws/src/simplified_marine_sim/src/CBGA.cpp:1132:57:[m[K [01;31m[Kerror: [m[K‘[01m[Kj[m[K’ was not declared in this scope; did you mean ‘[01m[Kjn[m[K’?
 1132 |             if (ts_k_m(m) > ts_i_m(m) || winning_bids_k[[01;31m[Kj[m[K] > winning_bids_i[j]) {
      |                                                         [01;31m[K^[m[K
      |                                                         [32m[Kjn[m[K
[01m[K/home/emily/sa-mrbt_ws/src/simplified_marine_sim/src/CBGA.cpp:1132:62:[m[K [01;31m[Kerror: [m[K‘[01m[Kwinning_bids_i[m[K’ was not declared in this scope; did you mean ‘[01m[Kwinning_bid_ij[m[K’?
 1132 |             if (ts_k_m(m) > ts_i_m(m) || winning_bids_k[j] > [01;31m[Kwinning_bids_i[m[K[j]) {
      |                                                              [01;31m[K^~~~~~~~~~~~~~[m[K
      |                                                              [32m[Kwinning_bid_ij[m[K
[01m[K/home/emily/sa-mrbt_ws/src/simplified_marine_sim/src/CBGA.cpp:1134:38:[m[K [01;31m[Kerror: [m[K‘[01m[Kwinning_bids_matrix_i[m[K’ was not declared in this scope
 1134 |                 update(j, winner_kj, [01;31m[Kwinning_bids_matrix_i[m[K);
      |                                      [01;31m[K^~~~~~~~~~~~~~~~~~~~~[m[K
[01m[K/home/emily/sa-mrbt_ws/src/simplified_marine_sim/src/CBGA.cpp:1138:29:[m[K [01;31m[Kerror: [m[K‘[01m[Kid_i[m[K’ was not declared in this scope; did you mean ‘[01m[Kid_t[m[K’?
 1138 |     } else if (winner_kj == [01;31m[Kid_i[m[K) {
      |                             [01;31m[K^~~~[m[K
      |                             [32m[Kid_t[m[K
[01m[K/home/emily/sa-mrbt_ws/src/simplified_marine_sim/src/CBGA.cpp:1140:19:[m[K [01;31m[Kerror: [m[K‘[01m[Kj[m[K’ was not declared in this scope; did you mean ‘[01m[Kjn[m[K’?
 1140 |             reset([01;31m[Kj[m[K, winners_i, winning_bids_i);
      |                   [01;31m[K^[m[K
      |                   [32m[Kjn[m[K
[01m[K/home/emily/sa-mrbt_ws/src/simplified_marine_sim/src/CBGA.cpp:1140:22:[m[K [01;31m[Kerror: [m[K‘[01m[Kwinners_i[m[K’ was not declared in this scope; did you mean ‘[01m[Kwinner_ij[m[K’?
 1140 |             reset(j, [01;31m[Kwinners_i[m[K, winning_bids_i);
      |                      [01;31m[K^~~~~~~~~[m[K
      |                      [32m[Kwinner_ij[m[K
[01m[K/home/emily/sa-mrbt_ws/src/simplified_marine_sim/src/CBGA.cpp:1140:33:[m[K [01;31m[Kerror: [m[K‘[01m[Kwinning_bids_i[m[K’ was not declared in this scope; did you mean ‘[01m[Kwinning_bid_ij[m[K’?
 1140 |             reset(j, winners_i, [01;31m[Kwinning_bids_i[m[K);
      |                                 [01;31m[K^~~~~~~~~~~~~~[m[K
      |                                 [32m[Kwinning_bid_ij[m[K
[01m[K/home/emily/sa-mrbt_ws/src/simplified_marine_sim/src/CBGA.cpp:1144:23:[m[K [01;31m[Kerror: [m[K‘[01m[Kj[m[K’ was not declared in this scope; did you mean ‘[01m[Kjn[m[K’?
 1144 |                 reset([01;31m[Kj[m[K, winning_bids_matrix_i);
      |                       [01;31m[K^[m[K
      |                       [32m[Kjn[m[K
[01m[K/home/emily/sa-mrbt_ws/src/simplified_marine_sim/src/CBGA.cpp:1144:26:[m[K [01;31m[Kerror: [m[K‘[01m[Kwinning_bids_matrix_i[m[K’ was not declared in this scope
 1144 |                 reset(j, [01;31m[Kwinning_bids_matrix_i[m[K);
      |                          [01;31m[K^~~~~~~~~~~~~~~~~~~~~[m[K
[01m[K/home/emily/sa-mrbt_ws/src/simplified_marine_sim/src/CBGA.cpp:1153:24:[m[K [01;31m[Kerror: [m[K‘[01m[Kj[m[K’ was not declared in this scope; did you mean ‘[01m[Kjn[m[K’?
 1153 |                 update([01;31m[Kj[m[K, winner_kj, winning_bids_matrix_i);
      |                        [01;31m[K^[m[K
      |                        [32m[Kjn[m[K
[01m[K/home/emily/sa-mrbt_ws/src/simplified_marine_sim/src/CBGA.cpp:1153:38:[m[K [01;31m[Kerror: [m[K‘[01m[Kwinning_bids_matrix_i[m[K’ was not declared in this scope
 1153 |                 update(j, winner_kj, [01;31m[Kwinning_bids_matrix_i[m[K);
      |                                      [01;31m[K^~~~~~~~~~~~~~~~~~~~~[m[K
[01m[K/home/emily/sa-mrbt_ws/src/simplified_marine_sim/src/CBGA.cpp:1157:24:[m[K [01;31m[Kerror: [m[K‘[01m[Kj[m[K’ was not declared in this scope; did you mean ‘[01m[Kjn[m[K’?
 1157 |                 update([01;31m[Kj[m[K, winner_kj, winning_bids_matrix_i);;
      |                        [01;31m[K^[m[K
      |                        [32m[Kjn[m[K
[01m[K/home/emily/sa-mrbt_ws/src/simplified_marine_sim/src/CBGA.cpp:1157:38:[m[K [01;31m[Kerror: [m[K‘[01m[Kwinning_bids_matrix_i[m[K’ was not declared in this scope
 1157 |                 update(j, winner_kj, [01;31m[Kwinning_bids_matrix_i[m[K);;
      |                                      [01;31m[K^~~~~~~~~~~~~~~~~~~~~[m[K
[01m[K/home/emily/sa-mrbt_ws/src/simplified_marine_sim/src/CBGA.cpp:1159:23:[m[K [01;31m[Kerror: [m[K‘[01m[Kj[m[K’ was not declared in this scope; did you mean ‘[01m[Kjn[m[K’?
 1159 |                 reset([01;31m[Kj[m[K, winning_bids_matrix_i);
      |                       [01;31m[K^[m[K
      |                       [32m[Kjn[m[K
[01m[K/home/emily/sa-mrbt_ws/src/simplified_marine_sim/src/CBGA.cpp:1159:26:[m[K [01;31m[Kerror: [m[K‘[01m[Kwinning_bids_matrix_i[m[K’ was not declared in this scope
 1159 |                 reset(j, [01;31m[Kwinning_bids_matrix_i[m[K);
      |                          [01;31m[K^~~~~~~~~~~~~~~~~~~~~[m[K
[01m[K/home/emily/sa-mrbt_ws/src/simplified_marine_sim/src/CBGA.cpp:1163:24:[m[K [01;31m[Kerror: [m[K‘[01m[Kj[m[K’ was not declared in this scope; did you mean ‘[01m[Kjn[m[K’?
 1163 |                 update([01;31m[Kj[m[K, winner_kj, winning_bids_matrix_i);;
      |                        [01;31m[K^[m[K
      |                        [32m[Kjn[m[K
[01m[K/home/emily/sa-mrbt_ws/src/simplified_marine_sim/src/CBGA.cpp:1163:38:[m[K [01;31m[Kerror: [m[K‘[01m[Kwinning_bids_matrix_i[m[K’ was not declared in this scope
 1163 |                 update(j, winner_kj, [01;31m[Kwinning_bids_matrix_i[m[K);;
      |                                      [01;31m[K^~~~~~~~~~~~~~~~~~~~~[m[K
[01m[K/home/emily/sa-mrbt_ws/src/simplified_marine_sim/src/CBGA.cpp:1169:24:[m[K [01;31m[Kerror: [m[K‘[01m[Kj[m[K’ was not declared in this scope; did you mean ‘[01m[Kjn[m[K’?
 1169 |                 update([01;31m[Kj[m[K, winner_kj, winning_bids_matrix_i);
      |                        [01;31m[K^[m[K
      |                        [32m[Kjn[m[K
[01m[K/home/emily/sa-mrbt_ws/src/simplified_marine_sim/src/CBGA.cpp:1169:38:[m[K [01;31m[Kerror: [m[K‘[01m[Kwinning_bids_matrix_i[m[K’ was not declared in this scope
 1169 |                 update(j, winner_kj, [01;31m[Kwinning_bids_matrix_i[m[K);
      |                                      [01;31m[K^~~~~~~~~~~~~~~~~~~~~[m[K
[01m[K/home/emily/sa-mrbt_ws/src/simplified_marine_sim/src/CBGA.cpp:1171:23:[m[K [01;31m[Kerror: [m[K‘[01m[Kj[m[K’ was not declared in this scope; did you mean ‘[01m[Kjn[m[K’?
 1171 |                 reset([01;31m[Kj[m[K, winning_bids_matrix_i);
      |                       [01;31m[K^[m[K
      |                       [32m[Kjn[m[K
[01m[K/home/emily/sa-mrbt_ws/src/simplified_marine_sim/src/CBGA.cpp:1171:26:[m[K [01;31m[Kerror: [m[K‘[01m[Kwinning_bids_matrix_i[m[K’ was not declared in this scope
 1171 |                 reset(j, [01;31m[Kwinning_bids_matrix_i[m[K);
      |                          [01;31m[K^~~~~~~~~~~~~~~~~~~~~[m[K
[01m[K/home/emily/sa-mrbt_ws/src/simplified_marine_sim/src/CBGA.cpp:1177:20:[m[K [01;31m[Kerror: [m[K‘[01m[Kj[m[K’ was not declared in this scope; did you mean ‘[01m[Kjn[m[K’?
 1177 |             update([01;31m[Kj[m[K, winner_kj, winning_bids_matrix_i);
      |                    [01;31m[K^[m[K
      |                    [32m[Kjn[m[K
[01m[K/home/emily/sa-mrbt_ws/src/simplified_marine_sim/src/CBGA.cpp:1177:34:[m[K [01;31m[Kerror: [m[K‘[01m[Kwinning_bids_matrix_i[m[K’ was not declared in this scope
 1177 |             update(j, winner_kj, [01;31m[Kwinning_bids_matrix_i[m[K);
      |                                  [01;31m[K^~~~~~~~~~~~~~~~~~~~~[m[K
[01m[K/home/emily/sa-mrbt_ws/src/simplified_marine_sim/src/CBGA.cpp:1181:24:[m[K [01;31m[Kerror: [m[K‘[01m[Kj[m[K’ was not declared in this scope; did you mean ‘[01m[Kjn[m[K’?
 1181 |                 update([01;31m[Kj[m[K, winner_kj, winning_bids_matrix_i);
      |                        [01;31m[K^[m[K
      |                        [32m[Kjn[m[K
[01m[K/home/emily/sa-mrbt_ws/src/simplified_marine_sim/src/CBGA.cpp:1181:38:[m[K [01;31m[Kerror: [m[K‘[01m[Kwinning_bids_matrix_i[m[K’ was not declared in this scope
 1181 |                 update(j, winner_kj, [01;31m[Kwinning_bids_matrix_i[m[K);
      |                                      [01;31m[K^~~~~~~~~~~~~~~~~~~~~[m[K
gmake[2]: *** [CMakeFiles/sim.dir/build.make:104: CMakeFiles/sim.dir/src/CBGA.cpp.o] Error 1
gmake[2]: *** Waiting for unfinished jobs....
gmake[1]: *** [CMakeFiles/Makefile2:137: CMakeFiles/sim.dir/all] Error 2
gmake: *** [Makefile:146: all] Error 2
