[0.006s] Invoking command in '/home/emily/sa-mrbt_ws/build/simulator': CMAKE_PREFIX_PATH=/home/emily/sa-mrbt_ws/install/behaviortree_cpp:/home/emily/sa-mrbt_ws/install/simulator:/opt/ros/iron /usr/bin/cmake --build /home/emily/sa-mrbt_ws/build/simulator -- -j12 -l12
[0.038s] [35m[1mConsolidate compiler generated dependencies of target sim[0m
[0.061s] [  7%] [32mBuilding CXX object CMakeFiles/sim.dir/src/CBGA.cpp.o[0m
[0.061s] [ 15%] [32mBuilding CXX object CMakeFiles/sim.dir/src/behavior_tree.cpp.o[0m
[1.697s] [01m[K/home/emily/sa-mrbt_ws/src/simplified_marine_sim/src/CBGA.cpp:[m[K In lambda function:
[1.697s] [01m[K/home/emily/sa-mrbt_ws/src/simplified_marine_sim/src/CBGA.cpp:1099:16:[m[K [01;31m[Kerror: [m[K‘[01m[Ktimestamps_k[m[K’ was not declared in this scope
[1.697s]  1099 |         return [01;31m[Ktimestamps_k[m[K.find(m) != timestamps_k.end() ? timestamps_k.at(m) : -1.0;
[1.697s]       |                [01;31m[K^~~~~~~~~~~~[m[K
[1.702s] [01m[K/home/emily/sa-mrbt_ws/src/simplified_marine_sim/src/CBGA.cpp:[m[K In lambda function:
[1.702s] [01m[K/home/emily/sa-mrbt_ws/src/simplified_marine_sim/src/CBGA.cpp:1104:16:[m[K [01;31m[Kerror: [m[K‘[01m[Ktimestamps_i[m[K’ was not declared in this scope
[1.702s]  1104 |         return [01;31m[Ktimestamps_i[m[K.find(m) != timestamps_i.end() ? timestamps_i.at(m) : -1.0;
[1.702s]       |                [01;31m[K^~~~~~~~~~~~[m[K
[1.705s] [01m[K/home/emily/sa-mrbt_ws/src/simplified_marine_sim/src/CBGA.cpp:[m[K In member function ‘[01m[Kvoid CBGA::runCBBAresolveConflicts(int, int, double, double)[m[K’:
[1.705s] [01m[K/home/emily/sa-mrbt_ws/src/simplified_marine_sim/src/CBGA.cpp:1108:26:[m[K [01;31m[Kerror: [m[K‘[01m[Kid_k[m[K’ was not declared in this scope; did you mean ‘[01m[Kid_t[m[K’?
[1.705s]  1108 |         if (winner_ij == [01;31m[Kid_k[m[K) {
[1.705s]       |                          [01;31m[K^~~~[m[K
[1.705s]       |                          [32m[Kid_t[m[K
[1.708s] [01m[K/home/emily/sa-mrbt_ws/src/simplified_marine_sim/src/CBGA.cpp:1109:20:[m[K [01;31m[Kerror: [m[K‘[01m[Kj[m[K’ was not declared in this scope; did you mean ‘[01m[Kjn[m[K’?
[1.708s]  1109 |             update([01;31m[Kj[m[K, winner_kj, winning_bids_matrix_i);
[1.708s]       |                    [01;31m[K^[m[K
[1.708s]       |                    [32m[Kjn[m[K
[1.713s] [01m[K/home/emily/sa-mrbt_ws/src/simplified_marine_sim/src/CBGA.cpp:1109:34:[m[K [01;31m[Kerror: [m[K‘[01m[Kwinning_bids_matrix_i[m[K’ was not declared in this scope
[1.713s]  1109 |             update(j, winner_kj, [01;31m[Kwinning_bids_matrix_i[m[K);
[1.713s]       |                                  [01;31m[K^~~~~~~~~~~~~~~~~~~~~[m[K
[1.716s] [01m[K/home/emily/sa-mrbt_ws/src/simplified_marine_sim/src/CBGA.cpp:1110:52:[m[K [01;31m[Kerror: [m[K‘[01m[Kid_i[m[K’ was not declared in this scope; did you mean ‘[01m[Kid_t[m[K’?
[1.716s]  1110 |         } else if (winner_ij != -1 && winner_ij != [01;31m[Kid_i[m[K) {
[1.716s]       |                                                    [01;31m[K^~~~[m[K
[1.716s]       |                                                    [32m[Kid_t[m[K
[1.719s] [01m[K/home/emily/sa-mrbt_ws/src/simplified_marine_sim/src/CBGA.cpp:1113:24:[m[K [01;31m[Kerror: [m[K‘[01m[Kj[m[K’ was not declared in this scope; did you mean ‘[01m[Kjn[m[K’?
[1.719s]  1113 |                 update([01;31m[Kj[m[K, winner_kj, winning_bids_matrix_i);
[1.719s]       |                        [01;31m[K^[m[K
[1.719s]       |                        [32m[Kjn[m[K
[1.725s] [01m[K/home/emily/sa-mrbt_ws/src/simplified_marine_sim/src/CBGA.cpp:1113:38:[m[K [01;31m[Kerror: [m[K‘[01m[Kwinning_bids_matrix_i[m[K’ was not declared in this scope
[1.725s]  1113 |                 update(j, winner_kj, [01;31m[Kwinning_bids_matrix_i[m[K);
[1.725s]       |                                      [01;31m[K^~~~~~~~~~~~~~~~~~~~~[m[K
[1.728s] [01m[K/home/emily/sa-mrbt_ws/src/simplified_marine_sim/src/CBGA.cpp:1117:29:[m[K [01;31m[Kerror: [m[K‘[01m[Kid_k[m[K’ was not declared in this scope; did you mean ‘[01m[Kid_t[m[K’?
[1.728s]  1117 |     } else if (winner_kj == [01;31m[Kid_k[m[K) {
[1.728s]       |                             [01;31m[K^~~~[m[K
[1.728s]       |                             [32m[Kid_t[m[K
[1.731s] [01m[K/home/emily/sa-mrbt_ws/src/simplified_marine_sim/src/CBGA.cpp:1120:26:[m[K [01;31m[Kerror: [m[K‘[01m[Kid_i[m[K’ was not declared in this scope; did you mean ‘[01m[Kid_t[m[K’?
[1.731s]  1120 |         if (winner_ij == [01;31m[Kid_i[m[K) {
[1.731s]       |                          [01;31m[K^~~~[m[K
[1.731s]       |                          [32m[Kid_t[m[K
[1.733s] [01m[K/home/emily/sa-mrbt_ws/src/simplified_marine_sim/src/CBGA.cpp:1123:24:[m[K [01;31m[Kerror: [m[K‘[01m[Kj[m[K’ was not declared in this scope; did you mean ‘[01m[Kjn[m[K’?
[1.733s]  1123 |                 update([01;31m[Kj[m[K, winner_kj, winning_bids_matrix_i);
[1.733s]       |                        [01;31m[K^[m[K
[1.733s]       |                        [32m[Kjn[m[K
[1.739s] [01m[K/home/emily/sa-mrbt_ws/src/simplified_marine_sim/src/CBGA.cpp:1123:38:[m[K [01;31m[Kerror: [m[K‘[01m[Kwinning_bids_matrix_i[m[K’ was not declared in this scope
[1.739s]  1123 |                 update(j, winner_kj, [01;31m[Kwinning_bids_matrix_i[m[K);
[1.739s]       |                                      [01;31m[K^~~~~~~~~~~~~~~~~~~~~[m[K
[1.741s] [01m[K/home/emily/sa-mrbt_ws/src/simplified_marine_sim/src/CBGA.cpp:1127:20:[m[K [01;31m[Kerror: [m[K‘[01m[Kj[m[K’ was not declared in this scope; did you mean ‘[01m[Kjn[m[K’?
[1.741s]  1127 |             update([01;31m[Kj[m[K, winner_kj, winning_bids_matrix_i);
[1.741s]       |                    [01;31m[K^[m[K
[1.742s]       |                    [32m[Kjn[m[K
[1.747s] [01m[K/home/emily/sa-mrbt_ws/src/simplified_marine_sim/src/CBGA.cpp:1127:34:[m[K [01;31m[Kerror: [m[K‘[01m[Kwinning_bids_matrix_i[m[K’ was not declared in this scope
[1.747s]  1127 |             update(j, winner_kj, [01;31m[Kwinning_bids_matrix_i[m[K);
[1.747s]       |                                  [01;31m[K^~~~~~~~~~~~~~~~~~~~~[m[K
[1.751s] [01m[K/home/emily/sa-mrbt_ws/src/simplified_marine_sim/src/CBGA.cpp:1132:42:[m[K [01;31m[Kerror: [m[K‘[01m[Kwinning_bids_k[m[K’ was not declared in this scope; did you mean ‘[01m[Kwinning_bid_kj[m[K’?
[1.751s]  1132 |             if (ts_k_m(m) > ts_i_m(m) || [01;31m[Kwinning_bids_k[m[K[j] > winning_bids_i[j]) {
[1.751s]       |                                          [01;31m[K^~~~~~~~~~~~~~[m[K
[1.751s]       |                                          [32m[Kwinning_bid_kj[m[K
[1.754s] [01m[K/home/emily/sa-mrbt_ws/src/simplified_marine_sim/src/CBGA.cpp:1132:57:[m[K [01;31m[Kerror: [m[K‘[01m[Kj[m[K’ was not declared in this scope; did you mean ‘[01m[Kjn[m[K’?
[1.754s]  1132 |             if (ts_k_m(m) > ts_i_m(m) || winning_bids_k[[01;31m[Kj[m[K] > winning_bids_i[j]) {
[1.754s]       |                                                         [01;31m[K^[m[K
[1.754s]       |                                                         [32m[Kjn[m[K
[1.758s] [01m[K/home/emily/sa-mrbt_ws/src/simplified_marine_sim/src/CBGA.cpp:1132:62:[m[K [01;31m[Kerror: [m[K‘[01m[Kwinning_bids_i[m[K’ was not declared in this scope; did you mean ‘[01m[Kwinning_bid_ij[m[K’?
[1.758s]  1132 |             if (ts_k_m(m) > ts_i_m(m) || winning_bids_k[j] > [01;31m[Kwinning_bids_i[m[K[j]) {
[1.758s]       |                                                              [01;31m[K^~~~~~~~~~~~~~[m[K
[1.758s]       |                                                              [32m[Kwinning_bid_ij[m[K
[1.763s] [01m[K/home/emily/sa-mrbt_ws/src/simplified_marine_sim/src/CBGA.cpp:1134:38:[m[K [01;31m[Kerror: [m[K‘[01m[Kwinning_bids_matrix_i[m[K’ was not declared in this scope
[1.763s]  1134 |                 update(j, winner_kj, [01;31m[Kwinning_bids_matrix_i[m[K);
[1.763s]       |                                      [01;31m[K^~~~~~~~~~~~~~~~~~~~~[m[K
[1.766s] [01m[K/home/emily/sa-mrbt_ws/src/simplified_marine_sim/src/CBGA.cpp:1138:29:[m[K [01;31m[Kerror: [m[K‘[01m[Kid_i[m[K’ was not declared in this scope; did you mean ‘[01m[Kid_t[m[K’?
[1.766s]  1138 |     } else if (winner_kj == [01;31m[Kid_i[m[K) {
[1.766s]       |                             [01;31m[K^~~~[m[K
[1.766s]       |                             [32m[Kid_t[m[K
[1.768s] [01m[K/home/emily/sa-mrbt_ws/src/simplified_marine_sim/src/CBGA.cpp:1140:19:[m[K [01;31m[Kerror: [m[K‘[01m[Kj[m[K’ was not declared in this scope; did you mean ‘[01m[Kjn[m[K’?
[1.768s]  1140 |             reset([01;31m[Kj[m[K, winners_i, winning_bids_i);
[1.768s]       |                   [01;31m[K^[m[K
[1.768s]       |                   [32m[Kjn[m[K
[1.772s] [01m[K/home/emily/sa-mrbt_ws/src/simplified_marine_sim/src/CBGA.cpp:1140:22:[m[K [01;31m[Kerror: [m[K‘[01m[Kwinners_i[m[K’ was not declared in this scope; did you mean ‘[01m[Kwinner_ij[m[K’?
[1.772s]  1140 |             reset(j, [01;31m[Kwinners_i[m[K, winning_bids_i);
[1.772s]       |                      [01;31m[K^~~~~~~~~[m[K
[1.772s]       |                      [32m[Kwinner_ij[m[K
[1.776s] [01m[K/home/emily/sa-mrbt_ws/src/simplified_marine_sim/src/CBGA.cpp:1140:33:[m[K [01;31m[Kerror: [m[K‘[01m[Kwinning_bids_i[m[K’ was not declared in this scope; did you mean ‘[01m[Kwinning_bid_ij[m[K’?
[1.776s]  1140 |             reset(j, winners_i, [01;31m[Kwinning_bids_i[m[K);
[1.776s]       |                                 [01;31m[K^~~~~~~~~~~~~~[m[K
[1.776s]       |                                 [32m[Kwinning_bid_ij[m[K
[1.779s] [01m[K/home/emily/sa-mrbt_ws/src/simplified_marine_sim/src/CBGA.cpp:1144:23:[m[K [01;31m[Kerror: [m[K‘[01m[Kj[m[K’ was not declared in this scope; did you mean ‘[01m[Kjn[m[K’?
[1.779s]  1144 |                 reset([01;31m[Kj[m[K, winning_bids_matrix_i);
[1.779s]       |                       [01;31m[K^[m[K
[1.779s]       |                       [32m[Kjn[m[K
[1.785s] [01m[K/home/emily/sa-mrbt_ws/src/simplified_marine_sim/src/CBGA.cpp:1144:26:[m[K [01;31m[Kerror: [m[K‘[01m[Kwinning_bids_matrix_i[m[K’ was not declared in this scope
[1.785s]  1144 |                 reset(j, [01;31m[Kwinning_bids_matrix_i[m[K);
[1.785s]       |                          [01;31m[K^~~~~~~~~~~~~~~~~~~~~[m[K
[1.787s] [01m[K/home/emily/sa-mrbt_ws/src/simplified_marine_sim/src/CBGA.cpp:1153:24:[m[K [01;31m[Kerror: [m[K‘[01m[Kj[m[K’ was not declared in this scope; did you mean ‘[01m[Kjn[m[K’?
[1.787s]  1153 |                 update([01;31m[Kj[m[K, winner_kj, winning_bids_matrix_i);
[1.787s]       |                        [01;31m[K^[m[K
[1.788s]       |                        [32m[Kjn[m[K
[1.793s] [01m[K/home/emily/sa-mrbt_ws/src/simplified_marine_sim/src/CBGA.cpp:1153:38:[m[K [01;31m[Kerror: [m[K‘[01m[Kwinning_bids_matrix_i[m[K’ was not declared in this scope
[1.793s]  1153 |                 update(j, winner_kj, [01;31m[Kwinning_bids_matrix_i[m[K);
[1.793s]       |                                      [01;31m[K^~~~~~~~~~~~~~~~~~~~~[m[K
[1.795s] [01m[K/home/emily/sa-mrbt_ws/src/simplified_marine_sim/src/CBGA.cpp:1157:24:[m[K [01;31m[Kerror: [m[K‘[01m[Kj[m[K’ was not declared in this scope; did you mean ‘[01m[Kjn[m[K’?
[1.795s]  1157 |                 update([01;31m[Kj[m[K, winner_kj, winning_bids_matrix_i);;
[1.796s]       |                        [01;31m[K^[m[K
[1.796s]       |                        [32m[Kjn[m[K
[1.801s] [01m[K/home/emily/sa-mrbt_ws/src/simplified_marine_sim/src/CBGA.cpp:1157:38:[m[K [01;31m[Kerror: [m[K‘[01m[Kwinning_bids_matrix_i[m[K’ was not declared in this scope
[1.801s]  1157 |                 update(j, winner_kj, [01;31m[Kwinning_bids_matrix_i[m[K);;
[1.801s]       |                                      [01;31m[K^~~~~~~~~~~~~~~~~~~~~[m[K
[1.803s] [01m[K/home/emily/sa-mrbt_ws/src/simplified_marine_sim/src/CBGA.cpp:1159:23:[m[K [01;31m[Kerror: [m[K‘[01m[Kj[m[K’ was not declared in this scope; did you mean ‘[01m[Kjn[m[K’?
[1.803s]  1159 |                 reset([01;31m[Kj[m[K, winning_bids_matrix_i);
[1.804s]       |                       [01;31m[K^[m[K
[1.804s]       |                       [32m[Kjn[m[K
[1.809s] [01m[K/home/emily/sa-mrbt_ws/src/simplified_marine_sim/src/CBGA.cpp:1159:26:[m[K [01;31m[Kerror: [m[K‘[01m[Kwinning_bids_matrix_i[m[K’ was not declared in this scope
[1.809s]  1159 |                 reset(j, [01;31m[Kwinning_bids_matrix_i[m[K);
[1.809s]       |                          [01;31m[K^~~~~~~~~~~~~~~~~~~~~[m[K
[1.812s] [01m[K/home/emily/sa-mrbt_ws/src/simplified_marine_sim/src/CBGA.cpp:1163:24:[m[K [01;31m[Kerror: [m[K‘[01m[Kj[m[K’ was not declared in this scope; did you mean ‘[01m[Kjn[m[K’?
[1.812s]  1163 |                 update([01;31m[Kj[m[K, winner_kj, winning_bids_matrix_i);;
[1.812s]       |                        [01;31m[K^[m[K
[1.812s]       |                        [32m[Kjn[m[K
[1.817s] [01m[K/home/emily/sa-mrbt_ws/src/simplified_marine_sim/src/CBGA.cpp:1163:38:[m[K [01;31m[Kerror: [m[K‘[01m[Kwinning_bids_matrix_i[m[K’ was not declared in this scope
[1.817s]  1163 |                 update(j, winner_kj, [01;31m[Kwinning_bids_matrix_i[m[K);;
[1.817s]       |                                      [01;31m[K^~~~~~~~~~~~~~~~~~~~~[m[K
[1.820s] [01m[K/home/emily/sa-mrbt_ws/src/simplified_marine_sim/src/CBGA.cpp:1169:24:[m[K [01;31m[Kerror: [m[K‘[01m[Kj[m[K’ was not declared in this scope; did you mean ‘[01m[Kjn[m[K’?
[1.820s]  1169 |                 update([01;31m[Kj[m[K, winner_kj, winning_bids_matrix_i);
[1.820s]       |                        [01;31m[K^[m[K
[1.820s]       |                        [32m[Kjn[m[K
[1.825s] [01m[K/home/emily/sa-mrbt_ws/src/simplified_marine_sim/src/CBGA.cpp:1169:38:[m[K [01;31m[Kerror: [m[K‘[01m[Kwinning_bids_matrix_i[m[K’ was not declared in this scope
[1.826s]  1169 |                 update(j, winner_kj, [01;31m[Kwinning_bids_matrix_i[m[K);
[1.826s]       |                                      [01;31m[K^~~~~~~~~~~~~~~~~~~~~[m[K
[1.828s] [01m[K/home/emily/sa-mrbt_ws/src/simplified_marine_sim/src/CBGA.cpp:1171:23:[m[K [01;31m[Kerror: [m[K‘[01m[Kj[m[K’ was not declared in this scope; did you mean ‘[01m[Kjn[m[K’?
[1.828s]  1171 |                 reset([01;31m[Kj[m[K, winning_bids_matrix_i);
[1.828s]       |                       [01;31m[K^[m[K
[1.828s]       |                       [32m[Kjn[m[K
[1.834s] [01m[K/home/emily/sa-mrbt_ws/src/simplified_marine_sim/src/CBGA.cpp:1171:26:[m[K [01;31m[Kerror: [m[K‘[01m[Kwinning_bids_matrix_i[m[K’ was not declared in this scope
[1.834s]  1171 |                 reset(j, [01;31m[Kwinning_bids_matrix_i[m[K);
[1.834s]       |                          [01;31m[K^~~~~~~~~~~~~~~~~~~~~[m[K
[1.837s] [01m[K/home/emily/sa-mrbt_ws/src/simplified_marine_sim/src/CBGA.cpp:1177:20:[m[K [01;31m[Kerror: [m[K‘[01m[Kj[m[K’ was not declared in this scope; did you mean ‘[01m[Kjn[m[K’?
[1.837s]  1177 |             update([01;31m[Kj[m[K, winner_kj, winning_bids_matrix_i);
[1.837s]       |                    [01;31m[K^[m[K
[1.837s]       |                    [32m[Kjn[m[K
[1.842s] [01m[K/home/emily/sa-mrbt_ws/src/simplified_marine_sim/src/CBGA.cpp:1177:34:[m[K [01;31m[Kerror: [m[K‘[01m[Kwinning_bids_matrix_i[m[K’ was not declared in this scope
[1.843s]  1177 |             update(j, winner_kj, [01;31m[Kwinning_bids_matrix_i[m[K);
[1.843s]       |                                  [01;31m[K^~~~~~~~~~~~~~~~~~~~~[m[K
[1.845s] [01m[K/home/emily/sa-mrbt_ws/src/simplified_marine_sim/src/CBGA.cpp:1181:24:[m[K [01;31m[Kerror: [m[K‘[01m[Kj[m[K’ was not declared in this scope; did you mean ‘[01m[Kjn[m[K’?
[1.845s]  1181 |                 update([01;31m[Kj[m[K, winner_kj, winning_bids_matrix_i);
[1.845s]       |                        [01;31m[K^[m[K
[1.846s]       |                        [32m[Kjn[m[K
[1.851s] [01m[K/home/emily/sa-mrbt_ws/src/simplified_marine_sim/src/CBGA.cpp:1181:38:[m[K [01;31m[Kerror: [m[K‘[01m[Kwinning_bids_matrix_i[m[K’ was not declared in this scope
[1.851s]  1181 |                 update(j, winner_kj, [01;31m[Kwinning_bids_matrix_i[m[K);
[1.851s]       |                                      [01;31m[K^~~~~~~~~~~~~~~~~~~~~[m[K
[2.677s] gmake[2]: *** [CMakeFiles/sim.dir/build.make:104: CMakeFiles/sim.dir/src/CBGA.cpp.o] Error 1
[2.677s] gmake[2]: *** Waiting for unfinished jobs....
[3.638s] gmake[1]: *** [CMakeFiles/Makefile2:137: CMakeFiles/sim.dir/all] Error 2
[3.638s] gmake: *** [Makefile:146: all] Error 2
[3.640s] Invoked command in '/home/emily/sa-mrbt_ws/build/simulator' returned '2': CMAKE_PREFIX_PATH=/home/emily/sa-mrbt_ws/install/behaviortree_cpp:/home/emily/sa-mrbt_ws/install/simulator:/opt/ros/iron /usr/bin/cmake --build /home/emily/sa-mrbt_ws/build/simulator -- -j12 -l12
