[0.006s] Invoking command in '/home/emily/sa-mrbt_ws/build/simulator': CMAKE_PREFIX_PATH=/home/emily/sa-mrbt_ws/install/behaviortree_cpp:/home/emily/sa-mrbt_ws/install/simulator:/opt/ros/iron /usr/bin/cmake --build /home/emily/sa-mrbt_ws/build/simulator -- -j12 -l12
[0.038s] [35m[1mConsolidate compiler generated dependencies of target sim[0m
[0.063s] [ 30%] [32mBuilding CXX object CMakeFiles/sim.dir/src/world.cpp.o[0m
[0.063s] [ 30%] [32mBuilding CXX object CMakeFiles/sim.dir/src/CBGA.cpp.o[0m
[0.063s] [ 30%] [32mBuilding CXX object CMakeFiles/sim.dir/src/sim.cpp.o[0m
[0.063s] [ 30%] [32mBuilding CXX object CMakeFiles/sim.dir/src/CBBA.cpp.o[0m
[0.063s] [ 38%] [32mBuilding CXX object CMakeFiles/sim.dir/src/message.cpp.o[0m
[0.064s] [ 46%] [32mBuilding CXX object CMakeFiles/sim.dir/src/planners.cpp.o[0m
[0.064s] [ 53%] [32mBuilding CXX object CMakeFiles/sim.dir/src/behavior_tree.cpp.o[0m
[0.066s] [ 61%] [32mBuilding CXX object CMakeFiles/sim.dir/src/robot.cpp.o[0m
[0.068s] [ 69%] [32mBuilding CXX object CMakeFiles/sim.dir/src/greedy.cpp.o[0m
[0.068s] [ 76%] [32mBuilding CXX object CMakeFiles/sim.dir/src/parser.cpp.o[0m
[3.245s] [01m[K/home/emily/sa-mrbt_ws/src/simplified_marine_sim/src/world.cpp:[m[K In member function ‘[01m[Kstd::unordered_map<int, TaskInfo> World::initAllTasksInfo()[m[K’:
[3.246s] [01m[K/home/emily/sa-mrbt_ws/src/simplified_marine_sim/src/world.cpp:252:71:[m[K [01;31m[Kerror: [m[Kno match for ‘[01m[Koperator=[m[K’ (operand types are ‘[01m[Kstd::vector<int>[m[K’ and ‘[01m[Kstd::vector<std::__cxx11::basic_string<char> >[m[K’)
[3.246s]   252 |             subtasks = task["subtasks"].get<std::vector<std::string>>([01;31m[K)[m[K;
[3.246s]       |                                                                       [01;31m[K^[m[K
[3.246s] In file included from [01m[K/usr/include/c++/11/vector:72[m[K,
[3.246s]                  from [01m[K/usr/include/c++/11/functional:62[m[K,
[3.246s]                  from [01m[K/usr/include/c++/11/pstl/glue_algorithm_defs.h:13[m[K,
[3.246s]                  from [01m[K/usr/include/c++/11/algorithm:74[m[K,
[3.246s]                  from [01m[K/usr/include/opencv4/opencv2/core/base.hpp:55[m[K,
[3.246s]                  from [01m[K/usr/include/opencv4/opencv2/core.hpp:53[m[K,
[3.247s]                  from [01m[K/usr/include/opencv4/opencv2/opencv.hpp:52[m[K,
[3.247s]                  from [01m[K/home/emily/sa-mrbt_ws/src/simplified_marine_sim/include/distance.hpp:4[m[K,
[3.247s]                  from [01m[K/home/emily/sa-mrbt_ws/src/simplified_marine_sim/src/world.cpp:2[m[K:
[3.247s] [01m[K/usr/include/c++/11/bits/vector.tcc:198:5:[m[K [01;36m[Knote: [m[Kcandidate: ‘[01m[Kstd::vector<_Tp, _Alloc>& std::vector<_Tp, _Alloc>::operator=(const std::vector<_Tp, _Alloc>&) [with _Tp = int; _Alloc = std::allocator<int>][m[K’
[3.247s]   198 |     [01;36m[Kvector<_Tp, _Alloc>[m[K::
[3.247s]       |     [01;36m[K^~~~~~~~~~~~~~~~~~~[m[K
[3.247s] [01m[K/usr/include/c++/11/bits/vector.tcc:199:42:[m[K [01;36m[Knote: [m[K  no known conversion for argument 1 from ‘[01m[Kstd::vector<std::__cxx11::basic_string<char> >[m[K’ to ‘[01m[Kconst std::vector<int>&[m[K’
[3.247s]   199 |     operator=([01;36m[Kconst vector<_Tp, _Alloc>& __x[m[K)
[3.247s]       |               [01;36m[K~~~~~~~~~~~~~~~~~~~~~~~~~~~^~~[m[K
[3.247s] In file included from [01m[K/usr/include/c++/11/vector:67[m[K,
[3.247s]                  from [01m[K/usr/include/c++/11/functional:62[m[K,
[3.247s]                  from [01m[K/usr/include/c++/11/pstl/glue_algorithm_defs.h:13[m[K,
[3.248s]                  from [01m[K/usr/include/c++/11/algorithm:74[m[K,
[3.248s]                  from [01m[K/usr/include/opencv4/opencv2/core/base.hpp:55[m[K,
[3.248s]                  from [01m[K/usr/include/opencv4/opencv2/core.hpp:53[m[K,
[3.248s]                  from [01m[K/usr/include/opencv4/opencv2/opencv.hpp:52[m[K,
[3.248s]                  from [01m[K/home/emily/sa-mrbt_ws/src/simplified_marine_sim/include/distance.hpp:4[m[K,
[3.248s]                  from [01m[K/home/emily/sa-mrbt_ws/src/simplified_marine_sim/src/world.cpp:2[m[K:
[3.248s] [01m[K/usr/include/c++/11/bits/stl_vector.h:709:7:[m[K [01;36m[Knote: [m[Kcandidate: ‘[01m[Kstd::vector<_Tp, _Alloc>& std::vector<_Tp, _Alloc>::operator=(std::vector<_Tp, _Alloc>&&) [with _Tp = int; _Alloc = std::allocator<int>][m[K’
[3.248s]   709 |       [01;36m[Koperator[m[K=(vector&& __x) noexcept(_Alloc_traits::_S_nothrow_move())
[3.248s]       |       [01;36m[K^~~~~~~~[m[K
[3.248s] [01m[K/usr/include/c++/11/bits/stl_vector.h:709:26:[m[K [01;36m[Knote: [m[K  no known conversion for argument 1 from ‘[01m[Kstd::vector<std::__cxx11::basic_string<char> >[m[K’ to ‘[01m[Kstd::vector<int>&&[m[K’
[3.248s]   709 |       operator=([01;36m[Kvector&& __x[m[K) noexcept(_Alloc_traits::_S_nothrow_move())
[3.249s]       |                 [01;36m[K~~~~~~~~~^~~[m[K
[3.249s] [01m[K/usr/include/c++/11/bits/stl_vector.h:730:7:[m[K [01;36m[Knote: [m[Kcandidate: ‘[01m[Kstd::vector<_Tp, _Alloc>& std::vector<_Tp, _Alloc>::operator=(std::initializer_list<_Tp>) [with _Tp = int; _Alloc = std::allocator<int>][m[K’
[3.249s]   730 |       [01;36m[Koperator[m[K=(initializer_list<value_type> __l)
[3.249s]       |       [01;36m[K^~~~~~~~[m[K
[3.249s] [01m[K/usr/include/c++/11/bits/stl_vector.h:730:46:[m[K [01;36m[Knote: [m[K  no known conversion for argument 1 from ‘[01m[Kstd::vector<std::__cxx11::basic_string<char> >[m[K’ to ‘[01m[Kstd::initializer_list<int>[m[K’
[3.249s]   730 |       operator=([01;36m[Kinitializer_list<value_type> __l[m[K)
[3.249s]       |                 [01;36m[K~~~~~~~~~~~~~~~~~~~~~~~~~~~~~^~~[m[K
[4.009s] [01m[K/home/emily/sa-mrbt_ws/src/simplified_marine_sim/src/robot.cpp:[m[K In member function ‘[01m[Kstd::unordered_map<int, int> Robot::initFailureThresholdsDict(TaskInfo&)[m[K’:
[4.009s] [01m[K/home/emily/sa-mrbt_ws/src/simplified_marine_sim/src/robot.cpp:1523:41:[m[K [01;31m[Kerror: [m[K‘[01m[Kclass World[m[K’ has no member named ‘[01m[KgetSubtaskInfo[m[K’; did you mean ‘[01m[KgetSubTaskInfo[m[K’?
[4.009s]  1523 |         TaskInfo& subtask_info = world->[01;31m[KgetSubtaskInfo[m[K(subtask_id);
[4.009s]       |                                         [01;31m[K^~~~~~~~~~~~~~[m[K
[4.009s]       |                                         [32m[KgetSubTaskInfo[m[K
[5.001s] gmake[2]: *** [CMakeFiles/sim.dir/build.make:160: CMakeFiles/sim.dir/src/world.cpp.o] Error 1
[5.002s] gmake[2]: *** Waiting for unfinished jobs....
[5.423s] gmake[2]: *** [CMakeFiles/sim.dir/build.make:188: CMakeFiles/sim.dir/src/robot.cpp.o] Error 1
[6.702s] gmake[1]: *** [CMakeFiles/Makefile2:137: CMakeFiles/sim.dir/all] Error 2
[6.702s] gmake: *** [Makefile:146: all] Error 2
[6.704s] Invoked command in '/home/emily/sa-mrbt_ws/build/simulator' returned '2': CMAKE_PREFIX_PATH=/home/emily/sa-mrbt_ws/install/behaviortree_cpp:/home/emily/sa-mrbt_ws/install/simulator:/opt/ros/iron /usr/bin/cmake --build /home/emily/sa-mrbt_ws/build/simulator -- -j12 -l12
