[  2%] Built target lexy_file
[  3%] Built target minitrace
[  4%] Built target gtest_main
[  6%] Built target gtest
[35m[1mConsolidate compiler generated dependencies of target behaviortree_cpp[0m
[  8%] [32mBuilding CXX object CMakeFiles/behaviortree_cpp.dir/src/behavior_tree.cpp.o[0m
[  8%] [32mBuilding CXX object CMakeFiles/behaviortree_cpp.dir/src/bt_factory.cpp.o[0m
[  9%] [32mBuilding CXX object CMakeFiles/behaviortree_cpp.dir/src/xml_parsing.cpp.o[0m
[ 11%] [32mBuilding CXX object CMakeFiles/behaviortree_cpp.dir/src/decorators/updated_decorator.cpp.o[0m
[ 11%] [32mBuilding CXX object CMakeFiles/behaviortree_cpp.dir/src/actions/updated_action.cpp.o[0m
[ 12%] [32mBuilding CXX object CMakeFiles/behaviortree_cpp.dir/src/controls/counter_sequence.cpp.o[0m
[ 12%] [32mBuilding CXX object CMakeFiles/behaviortree_cpp.dir/src/loggers/bt_cout_logger.cpp.o[0m
[ 13%] [32mBuilding CXX object CMakeFiles/behaviortree_cpp.dir/src/loggers/bt_file_logger_v2.cpp.o[0m
[ 15%] [32mBuilding CXX object CMakeFiles/behaviortree_cpp.dir/src/loggers/bt_observer.cpp.o[0m
[ 15%] [32mBuilding CXX object CMakeFiles/behaviortree_cpp.dir/src/loggers/bt_minitrace_logger.cpp.o[0m
[ 16%] [32mBuilding CXX object CMakeFiles/behaviortree_cpp.dir/src/loggers/groot2_publisher.cpp.o[0m
[ 17%] [32mBuilding CXX object CMakeFiles/behaviortree_cpp.dir/src/loggers/bt_sqlite_logger.cpp.o[0m
[01m[K/home/emily/sa-mrbt_ws/src/BehaviorTree.CPP/src/controls/counter_sequence.cpp:[m[K In member function ‘[01m[Kvirtual BT::NodeStatus BT::CounterSequence::tick()[m[K’:
[01m[K/home/emily/sa-mrbt_ws/src/BehaviorTree.CPP/src/controls/counter_sequence.cpp:108:80:[m[K [01;31m[Kerror: [m[Kno match for ‘[01m[Koperator=[m[K’ (operand types are ‘[01m[Kstd::map<int, int>[m[K’ and ‘[01m[Knonstd::expected_lite::expected<std::unordered_map<int, int>, std::__cxx11::basic_string<char> >::value_type[m[K’ {aka ‘[01m[Kstd::unordered_map<int, int>[m[K’})
  108 |                 subtask_failure_thresholds_ = subtask_failure_thresholds.value([01;31m[K)[m[K;
      |                                                                                [01;31m[K^[m[K
In file included from [01m[K/usr/include/c++/11/map:61[m[K,
                 from [01m[K/home/emily/sa-mrbt_ws/src/BehaviorTree.CPP/include/behaviortree_cpp/tree_node.h:17[m[K,
                 from [01m[K/home/emily/sa-mrbt_ws/src/BehaviorTree.CPP/include/behaviortree_cpp/control_node.h:17[m[K,
                 from [01m[K/home/emily/sa-mrbt_ws/src/BehaviorTree.CPP/include/behaviortree_cpp/controls/counter_sequence.h:74[m[K,
                 from [01m[K/home/emily/sa-mrbt_ws/src/BehaviorTree.CPP/src/controls/counter_sequence.cpp:15[m[K:
[01m[K/usr/include/c++/11/bits/stl_map.h:319:7:[m[K [01;36m[Knote: [m[Kcandidate: ‘[01m[Kstd::map<_Key, _Tp, _Compare, _Alloc>& std::map<_Key, _Tp, _Compare, _Alloc>::operator=(const std::map<_Key, _Tp, _Compare, _Alloc>&) [with _Key = int; _Tp = int; _Compare = std::less<int>; _Alloc = std::allocator<std::pair<const int, int> >][m[K’
  319 |       [01;36m[Koperator[m[K=(const map&) = default;
      |       [01;36m[K^~~~~~~~[m[K
[01m[K/usr/include/c++/11/bits/stl_map.h:319:17:[m[K [01;36m[Knote: [m[K  no known conversion for argument 1 from ‘[01m[Knonstd::expected_lite::expected<std::unordered_map<int, int>, std::__cxx11::basic_string<char> >::value_type[m[K’ {aka ‘[01m[Kstd::unordered_map<int, int>[m[K’} to ‘[01m[Kconst std::map<int, int>&[m[K’
  319 |       operator=([01;36m[Kconst map&[m[K) = default;
      |                 [01;36m[K^~~~~~~~~~[m[K
[01m[K/usr/include/c++/11/bits/stl_map.h:323:7:[m[K [01;36m[Knote: [m[Kcandidate: ‘[01m[Kstd::map<_Key, _Tp, _Compare, _Alloc>& std::map<_Key, _Tp, _Compare, _Alloc>::operator=(std::map<_Key, _Tp, _Compare, _Alloc>&&) [with _Key = int; _Tp = int; _Compare = std::less<int>; _Alloc = std::allocator<std::pair<const int, int> >][m[K’
  323 |       [01;36m[Koperator[m[K=(map&&) = default;
      |       [01;36m[K^~~~~~~~[m[K
[01m[K/usr/include/c++/11/bits/stl_map.h:323:17:[m[K [01;36m[Knote: [m[K  no known conversion for argument 1 from ‘[01m[Knonstd::expected_lite::expected<std::unordered_map<int, int>, std::__cxx11::basic_string<char> >::value_type[m[K’ {aka ‘[01m[Kstd::unordered_map<int, int>[m[K’} to ‘[01m[Kstd::map<int, int>&&[m[K’
  323 |       operator=([01;36m[Kmap&&[m[K) = default;
      |                 [01;36m[K^~~~~[m[K
[01m[K/usr/include/c++/11/bits/stl_map.h:337:7:[m[K [01;36m[Knote: [m[Kcandidate: ‘[01m[Kstd::map<_Key, _Tp, _Compare, _Alloc>& std::map<_Key, _Tp, _Compare, _Alloc>::operator=(std::initializer_list<std::pair<const _Key, _Tp> >) [with _Key = int; _Tp = int; _Compare = std::less<int>; _Alloc = std::allocator<std::pair<const int, int> >][m[K’
  337 |       [01;36m[Koperator[m[K=(initializer_list<value_type> __l)
      |       [01;36m[K^~~~~~~~[m[K
[01m[K/usr/include/c++/11/bits/stl_map.h:337:46:[m[K [01;36m[Knote: [m[K  no known conversion for argument 1 from ‘[01m[Knonstd::expected_lite::expected<std::unordered_map<int, int>, std::__cxx11::basic_string<char> >::value_type[m[K’ {aka ‘[01m[Kstd::unordered_map<int, int>[m[K’} to ‘[01m[Kstd::initializer_list<std::pair<const int, int> >[m[K’
  337 |       operator=([01;36m[Kinitializer_list<value_type> __l[m[K)
      |                 [01;36m[K~~~~~~~~~~~~~~~~~~~~~~~~~~~~~^~~[m[K
gmake[2]: *** [CMakeFiles/behaviortree_cpp.dir/build.make:482: CMakeFiles/behaviortree_cpp.dir/src/controls/counter_sequence.cpp.o] Error 1
gmake[2]: *** Waiting for unfinished jobs....
gmake[1]: *** [CMakeFiles/Makefile2:340: CMakeFiles/behaviortree_cpp.dir/all] Error 2
gmake: *** [Makefile:146: all] Error 2
