[0.006s] Invoking command in '/home/emily/sa-mrbt_ws/build/simulator': CMAKE_PREFIX_PATH=/home/emily/sa-mrbt_ws/install/behaviortree_cpp:/home/emily/sa-mrbt_ws/install/simulator:/opt/ros/iron /usr/bin/cmake --build /home/emily/sa-mrbt_ws/build/simulator -- -j12 -l12
[0.040s] [35m[1mConsolidate compiler generated dependencies of target sim[0m
[0.063s] [  7%] [32mBuilding CXX object CMakeFiles/sim.dir/src/sim.cpp.o[0m
[0.064s] [ 15%] [32mBuilding CXX object CMakeFiles/sim.dir/src/message.cpp.o[0m
[0.064s] [ 23%] [32mBuilding CXX object CMakeFiles/sim.dir/src/CBBA.cpp.o[0m
[0.064s] [ 30%] [32mBuilding CXX object CMakeFiles/sim.dir/src/world.cpp.o[0m
[0.065s] [ 38%] [32mBuilding CXX object CMakeFiles/sim.dir/src/CBGA.cpp.o[0m
[0.066s] [ 46%] [32mBuilding CXX object CMakeFiles/sim.dir/src/planners.cpp.o[0m
[0.070s] [ 61%] [32mBuilding CXX object CMakeFiles/sim.dir/src/robot.cpp.o[0m
[0.070s] [ 61%] [32mBuilding CXX object CMakeFiles/sim.dir/src/behavior_tree.cpp.o[0m
[0.070s] [ 69%] [32mBuilding CXX object CMakeFiles/sim.dir/src/parser.cpp.o[0m
[0.070s] [ 76%] [32mBuilding CXX object CMakeFiles/sim.dir/src/greedy.cpp.o[0m
[3.097s] [01m[K/home/emily/sa-mrbt_ws/src/simplified_marine_sim/src/world.cpp:[m[K In member function ‘[01m[Kvoid World::logCurrentTeamAssignment()[m[K’:
[3.097s] [01m[K/home/emily/sa-mrbt_ws/src/simplified_marine_sim/src/world.cpp:97:40:[m[K [01;31m[Kerror: [m[Krequest for member ‘[01m[KgetPath[m[K’ in ‘[01m[Krobot[m[K’, which is of pointer type ‘[01m[KRobot*[m[K’ (maybe you meant to use ‘[01m[K->[m[K’ ?)
[3.097s]    97 |         std::vector<int>& path = robot.[01;31m[KgetPath[m[K();
[3.097s]       |                                        [01;31m[K^~~~~~~[m[K
[4.965s] gmake[2]: *** [CMakeFiles/sim.dir/build.make:160: CMakeFiles/sim.dir/src/world.cpp.o] Error 1
[4.965s] gmake[2]: *** Waiting for unfinished jobs....
[6.732s] gmake[1]: *** [CMakeFiles/Makefile2:137: CMakeFiles/sim.dir/all] Error 2
[6.732s] gmake: *** [Makefile:146: all] Error 2
[6.733s] Invoked command in '/home/emily/sa-mrbt_ws/build/simulator' returned '2': CMAKE_PREFIX_PATH=/home/emily/sa-mrbt_ws/install/behaviortree_cpp:/home/emily/sa-mrbt_ws/install/simulator:/opt/ros/iron /usr/bin/cmake --build /home/emily/sa-mrbt_ws/build/simulator -- -j12 -l12
