[0.006s] Invoking command in '/home/emily/sa-mrbt_ws/build/simulator': AMENT_PREFIX_PATH=/home/emily/sa-mrbt_ws/install/behaviortree_cpp:${AMENT_PREFIX_PATH} CMAKE_PREFIX_PATH=/home/emily/sa-mrbt_ws/install/behaviortree_cpp:/opt/ros/iron LD_LIBRARY_PATH=/home/emily/sa-mrbt_ws/install/behaviortree_cpp/lib:${LD_LIBRARY_PATH} PATH=/home/emily/sa-mrbt_ws/install/behaviortree_cpp/bin:${PATH} /usr/bin/cmake --build /home/emily/sa-mrbt_ws/build/simulator -- -j12 -l12
[0.040s] [35m[1mConsolidate compiler generated dependencies of target sim[0m
[0.063s] [  7%] [32mBuilding CXX object CMakeFiles/sim.dir/src/sim.cpp.o[0m
[0.064s] [ 15%] [32mBuilding CXX object CMakeFiles/sim.dir/src/CBGA.cpp.o[0m
[0.064s] [ 23%] [32mBuilding CXX object CMakeFiles/sim.dir/src/message.cpp.o[0m
[0.064s] [ 30%] [32mBuilding CXX object CMakeFiles/sim.dir/src/CBBA.cpp.o[0m
[0.065s] [ 38%] [32mBuilding CXX object CMakeFiles/sim.dir/src/world.cpp.o[0m
[0.069s] [ 46%] [32mBuilding CXX object CMakeFiles/sim.dir/src/planners.cpp.o[0m
[0.069s] [ 53%] [32mBuilding CXX object CMakeFiles/sim.dir/src/robot.cpp.o[0m
[0.069s] [ 69%] [32mBuilding CXX object CMakeFiles/sim.dir/src/behavior_tree.cpp.o[0m
[0.069s] [ 69%] [32mBuilding CXX object CMakeFiles/sim.dir/src/parser.cpp.o[0m
[0.070s] [ 76%] [32mBuilding CXX object CMakeFiles/sim.dir/src/greedy.cpp.o[0m
[2.229s] In file included from [01m[K/home/emily/sa-mrbt_ws/src/simplified_marine_sim/include/utils.hpp:7[m[K,
[2.229s]                  from [01m[K/home/emily/sa-mrbt_ws/src/simplified_marine_sim/src/parser.cpp:7[m[K:
[2.229s] [01m[K/home/emily/sa-mrbt_ws/src/simplified_marine_sim/include/robot.hpp:180:10:[m[K [01;31m[Kerror: [m[K‘[01m[Kvoid Robot::updateSubtaskFailures()[m[K’ cannot be overloaded with ‘[01m[Kvoid Robot::updateSubtaskFailures()[m[K’
[2.229s]   180 |     void [01;31m[KupdateSubtaskFailures[m[K(); // Traverse received messages and subdate subtask failures tracker, deferring to 1's (maining fails), except for self
[2.229s]       |          [01;31m[K^~~~~~~~~~~~~~~~~~~~~[m[K
[2.229s] [01m[K/home/emily/sa-mrbt_ws/src/simplified_marine_sim/include/robot.hpp:97:10:[m[K [01;36m[Knote: [m[Kprevious declaration ‘[01m[Kvoid Robot::updateSubtaskFailures()[m[K’
[2.229s]    97 |     void [01;36m[KupdateSubtaskFailures[m[K();
[2.229s]       |          [01;36m[K^~~~~~~~~~~~~~~~~~~~~[m[K
[2.556s] In file included from [01m[K/home/emily/sa-mrbt_ws/src/simplified_marine_sim/include/world.hpp:8[m[K,
[2.556s]                  from [01m[K/home/emily/sa-mrbt_ws/src/simplified_marine_sim/src/greedy.cpp:6[m[K:
[2.556s] [01m[K/home/emily/sa-mrbt_ws/src/simplified_marine_sim/include/robot.hpp:180:10:[m[K [01;31m[Kerror: [m[K‘[01m[Kvoid Robot::updateSubtaskFailures()[m[K’ cannot be overloaded with ‘[01m[Kvoid Robot::updateSubtaskFailures()[m[K’
[2.556s]   180 |     void [01;31m[KupdateSubtaskFailures[m[K(); // Traverse received messages and subdate subtask failures tracker, deferring to 1's (maining fails), except for self
[2.556s]       |          [01;31m[K^~~~~~~~~~~~~~~~~~~~~[m[K
[2.556s] [01m[K/home/emily/sa-mrbt_ws/src/simplified_marine_sim/include/robot.hpp:97:10:[m[K [01;36m[Knote: [m[Kprevious declaration ‘[01m[Kvoid Robot::updateSubtaskFailures()[m[K’
[2.556s]    97 |     void [01;36m[KupdateSubtaskFailures[m[K();
[2.557s]       |          [01;36m[K^~~~~~~~~~~~~~~~~~~~~[m[K
[2.653s] In file included from [01m[K/home/emily/sa-mrbt_ws/src/simplified_marine_sim/include/world.hpp:8[m[K,
[2.653s]                  from [01m[K/home/emily/sa-mrbt_ws/src/simplified_marine_sim/include/behavior_tree.hpp:7[m[K,
[2.653s]                  from [01m[K/home/emily/sa-mrbt_ws/src/simplified_marine_sim/src/behavior_tree.cpp:1[m[K:
[2.653s] [01m[K/home/emily/sa-mrbt_ws/src/simplified_marine_sim/include/robot.hpp:180:10:[m[K [01;31m[Kerror: [m[K‘[01m[Kvoid Robot::updateSubtaskFailures()[m[K’ cannot be overloaded with ‘[01m[Kvoid Robot::updateSubtaskFailures()[m[K’
[2.653s]   180 |     void [01;31m[KupdateSubtaskFailures[m[K(); // Traverse received messages and subdate subtask failures tracker, deferring to 1's (maining fails), except for self
[2.653s]       |          [01;31m[K^~~~~~~~~~~~~~~~~~~~~[m[K
[2.653s] [01m[K/home/emily/sa-mrbt_ws/src/simplified_marine_sim/include/robot.hpp:97:10:[m[K [01;36m[Knote: [m[Kprevious declaration ‘[01m[Kvoid Robot::updateSubtaskFailures()[m[K’
[2.653s]    97 |     void [01;36m[KupdateSubtaskFailures[m[K();
[2.653s]       |          [01;36m[K^~~~~~~~~~~~~~~~~~~~~[m[K
[2.680s] In file included from [01m[K/home/emily/sa-mrbt_ws/src/simplified_marine_sim/include/world.hpp:8[m[K,
[2.680s]                  from [01m[K/home/emily/sa-mrbt_ws/src/simplified_marine_sim/include/message.hpp:6[m[K,
[2.680s]                  from [01m[K/home/emily/sa-mrbt_ws/src/simplified_marine_sim/src/message.cpp:2[m[K:
[2.681s] [01m[K/home/emily/sa-mrbt_ws/src/simplified_marine_sim/include/robot.hpp:180:10:[m[K [01;31m[Kerror: [m[K‘[01m[Kvoid Robot::updateSubtaskFailures()[m[K’ cannot be overloaded with ‘[01m[Kvoid Robot::updateSubtaskFailures()[m[K’
[2.681s]   180 |     void [01;31m[KupdateSubtaskFailures[m[K(); // Traverse received messages and subdate subtask failures tracker, deferring to 1's (maining fails), except for self
[2.681s]       |          [01;31m[K^~~~~~~~~~~~~~~~~~~~~[m[K
[2.681s] [01m[K/home/emily/sa-mrbt_ws/src/simplified_marine_sim/include/robot.hpp:97:10:[m[K [01;36m[Knote: [m[Kprevious declaration ‘[01m[Kvoid Robot::updateSubtaskFailures()[m[K’
[2.681s]    97 |     void [01;36m[KupdateSubtaskFailures[m[K();
[2.681s]       |          [01;36m[K^~~~~~~~~~~~~~~~~~~~~[m[K
[2.703s] In file included from [01m[K/home/emily/sa-mrbt_ws/src/simplified_marine_sim/include/world.hpp:8[m[K,
[2.703s]                  from [01m[K/home/emily/sa-mrbt_ws/src/simplified_marine_sim/src/world.cpp:4[m[K:
[2.703s] [01m[K/home/emily/sa-mrbt_ws/src/simplified_marine_sim/include/robot.hpp:180:10:[m[K [01;31m[Kerror: [m[K‘[01m[Kvoid Robot::updateSubtaskFailures()[m[K’ cannot be overloaded with ‘[01m[Kvoid Robot::updateSubtaskFailures()[m[K’
[2.703s]   180 |     void [01;31m[KupdateSubtaskFailures[m[K(); // Traverse received messages and subdate subtask failures tracker, deferring to 1's (maining fails), except for self
[2.703s]       |          [01;31m[K^~~~~~~~~~~~~~~~~~~~~[m[K
[2.703s] [01m[K/home/emily/sa-mrbt_ws/src/simplified_marine_sim/include/robot.hpp:97:10:[m[K [01;36m[Knote: [m[Kprevious declaration ‘[01m[Kvoid Robot::updateSubtaskFailures()[m[K’
[2.704s]    97 |     void [01;36m[KupdateSubtaskFailures[m[K();
[2.704s]       |          [01;36m[K^~~~~~~~~~~~~~~~~~~~~[m[K
[2.966s] In file included from [01m[K/home/emily/sa-mrbt_ws/src/simplified_marine_sim/include/world.hpp:8[m[K,
[2.966s]                  from [01m[K/home/emily/sa-mrbt_ws/src/simplified_marine_sim/src/CBGA.cpp:6[m[K:
[2.966s] [01m[K/home/emily/sa-mrbt_ws/src/simplified_marine_sim/include/robot.hpp:180:10:[m[K [01;31m[Kerror: [m[K‘[01m[Kvoid Robot::updateSubtaskFailures()[m[K’ cannot be overloaded with ‘[01m[Kvoid Robot::updateSubtaskFailures()[m[K’
[2.967s]   180 |     void [01;31m[KupdateSubtaskFailures[m[K(); // Traverse received messages and subdate subtask failures tracker, deferring to 1's (maining fails), except for self
[2.967s]       |          [01;31m[K^~~~~~~~~~~~~~~~~~~~~[m[K
[2.967s] [01m[K/home/emily/sa-mrbt_ws/src/simplified_marine_sim/include/robot.hpp:97:10:[m[K [01;36m[Knote: [m[Kprevious declaration ‘[01m[Kvoid Robot::updateSubtaskFailures()[m[K’
[2.967s]    97 |     void [01;36m[KupdateSubtaskFailures[m[K();
[2.967s]       |          [01;36m[K^~~~~~~~~~~~~~~~~~~~~[m[K
[2.990s] In file included from [01m[K/home/emily/sa-mrbt_ws/src/simplified_marine_sim/include/world.hpp:8[m[K,
[2.990s]                  from [01m[K/home/emily/sa-mrbt_ws/src/simplified_marine_sim/src/CBBA.cpp:6[m[K:
[2.991s] [01m[K/home/emily/sa-mrbt_ws/src/simplified_marine_sim/include/robot.hpp:180:10:[m[K [01;31m[Kerror: [m[K‘[01m[Kvoid Robot::updateSubtaskFailures()[m[K’ cannot be overloaded with ‘[01m[Kvoid Robot::updateSubtaskFailures()[m[K’
[2.991s]   180 |     void [01;31m[KupdateSubtaskFailures[m[K(); // Traverse received messages and subdate subtask failures tracker, deferring to 1's (maining fails), except for self
[2.991s]       |          [01;31m[K^~~~~~~~~~~~~~~~~~~~~[m[K
[2.991s] [01m[K/home/emily/sa-mrbt_ws/src/simplified_marine_sim/include/robot.hpp:97:10:[m[K [01;36m[Knote: [m[Kprevious declaration ‘[01m[Kvoid Robot::updateSubtaskFailures()[m[K’
[2.991s]    97 |     void [01;36m[KupdateSubtaskFailures[m[K();
[2.991s]       |          [01;36m[K^~~~~~~~~~~~~~~~~~~~~[m[K
[3.011s] In file included from [01m[K/home/emily/sa-mrbt_ws/src/simplified_marine_sim/include/world.hpp:8[m[K,
[3.011s]                  from [01m[K/home/emily/sa-mrbt_ws/src/simplified_marine_sim/src/sim.cpp:8[m[K:
[3.011s] [01m[K/home/emily/sa-mrbt_ws/src/simplified_marine_sim/include/robot.hpp:180:10:[m[K [01;31m[Kerror: [m[K‘[01m[Kvoid Robot::updateSubtaskFailures()[m[K’ cannot be overloaded with ‘[01m[Kvoid Robot::updateSubtaskFailures()[m[K’
[3.011s]   180 |     void [01;31m[KupdateSubtaskFailures[m[K(); // Traverse received messages and subdate subtask failures tracker, deferring to 1's (maining fails), except for self
[3.011s]       |          [01;31m[K^~~~~~~~~~~~~~~~~~~~~[m[K
[3.011s] [01m[K/home/emily/sa-mrbt_ws/src/simplified_marine_sim/include/robot.hpp:97:10:[m[K [01;36m[Knote: [m[Kprevious declaration ‘[01m[Kvoid Robot::updateSubtaskFailures()[m[K’
[3.011s]    97 |     void [01;36m[KupdateSubtaskFailures[m[K();
[3.011s]       |          [01;36m[K^~~~~~~~~~~~~~~~~~~~~[m[K
[3.049s] In file included from [01m[K/home/emily/sa-mrbt_ws/src/simplified_marine_sim/include/world.hpp:8[m[K,
[3.049s]                  from [01m[K/home/emily/sa-mrbt_ws/src/simplified_marine_sim/src/planners.cpp:4[m[K:
[3.049s] [01m[K/home/emily/sa-mrbt_ws/src/simplified_marine_sim/include/robot.hpp:180:10:[m[K [01;31m[Kerror: [m[K‘[01m[Kvoid Robot::updateSubtaskFailures()[m[K’ cannot be overloaded with ‘[01m[Kvoid Robot::updateSubtaskFailures()[m[K’
[3.049s]   180 |     void [01;31m[KupdateSubtaskFailures[m[K(); // Traverse received messages and subdate subtask failures tracker, deferring to 1's (maining fails), except for self
[3.049s]       |          [01;31m[K^~~~~~~~~~~~~~~~~~~~~[m[K
[3.049s] [01m[K/home/emily/sa-mrbt_ws/src/simplified_marine_sim/include/robot.hpp:97:10:[m[K [01;36m[Knote: [m[Kprevious declaration ‘[01m[Kvoid Robot::updateSubtaskFailures()[m[K’
[3.049s]    97 |     void [01;36m[KupdateSubtaskFailures[m[K();
[3.049s]       |          [01;36m[K^~~~~~~~~~~~~~~~~~~~~[m[K
[3.145s] In file included from [01m[K/home/emily/sa-mrbt_ws/src/simplified_marine_sim/include/world.hpp:8[m[K,
[3.145s]                  from [01m[K/home/emily/sa-mrbt_ws/src/simplified_marine_sim/src/robot.cpp:4[m[K:
[3.145s] [01m[K/home/emily/sa-mrbt_ws/src/simplified_marine_sim/include/robot.hpp:180:10:[m[K [01;31m[Kerror: [m[K‘[01m[Kvoid Robot::updateSubtaskFailures()[m[K’ cannot be overloaded with ‘[01m[Kvoid Robot::updateSubtaskFailures()[m[K’
[3.145s]   180 |     void [01;31m[KupdateSubtaskFailures[m[K(); // Traverse received messages and subdate subtask failures tracker, deferring to 1's (maining fails), except for self
[3.145s]       |          [01;31m[K^~~~~~~~~~~~~~~~~~~~~[m[K
[3.145s] [01m[K/home/emily/sa-mrbt_ws/src/simplified_marine_sim/include/robot.hpp:97:10:[m[K [01;36m[Knote: [m[Kprevious declaration ‘[01m[Kvoid Robot::updateSubtaskFailures()[m[K’
[3.145s]    97 |     void [01;36m[KupdateSubtaskFailures[m[K();
[3.146s]       |          [01;36m[K^~~~~~~~~~~~~~~~~~~~~[m[K
[3.757s] gmake[2]: *** [CMakeFiles/sim.dir/build.make:216: CMakeFiles/sim.dir/src/parser.cpp.o] Error 1
[3.757s] gmake[2]: *** Waiting for unfinished jobs....
[3.978s] gmake[2]: *** [CMakeFiles/sim.dir/build.make:230: CMakeFiles/sim.dir/src/greedy.cpp.o] Error 1
[4.034s] gmake[2]: *** [CMakeFiles/sim.dir/build.make:132: CMakeFiles/sim.dir/src/message.cpp.o] Error 1
[4.219s] gmake[2]: *** [CMakeFiles/sim.dir/build.make:202: CMakeFiles/sim.dir/src/behavior_tree.cpp.o] Error 1
[4.342s] gmake[2]: *** [CMakeFiles/sim.dir/build.make:104: CMakeFiles/sim.dir/src/CBGA.cpp.o] Error 1
[4.434s] gmake[2]: *** [CMakeFiles/sim.dir/build.make:90: CMakeFiles/sim.dir/src/CBBA.cpp.o] Error 1
[4.443s] gmake[2]: *** [CMakeFiles/sim.dir/build.make:160: CMakeFiles/sim.dir/src/world.cpp.o] Error 1
[4.444s] gmake[2]: *** [CMakeFiles/sim.dir/build.make:174: CMakeFiles/sim.dir/src/planners.cpp.o] Error 1
[5.272s] gmake[2]: *** [CMakeFiles/sim.dir/build.make:76: CMakeFiles/sim.dir/src/sim.cpp.o] Error 1
[5.295s] [01m[K/home/emily/sa-mrbt_ws/src/simplified_marine_sim/src/robot.cpp:[m[K In member function ‘[01m[Kvoid Robot::updateSubtaskFailures()[m[K’:
[5.295s] [01m[K/home/emily/sa-mrbt_ws/src/simplified_marine_sim/src/robot.cpp:294:36:[m[K [01;31m[Kerror: [m[K‘[01m[Kall_subtasks_info[m[K’ was not declared in this scope
[5.295s]   294 |         for (const auto& subtask : [01;31m[Kall_subtasks_info[m[K) {
[5.295s]       |                                    [01;31m[K^~~~~~~~~~~~~~~~~[m[K
[5.296s] [01m[K/home/emily/sa-mrbt_ws/src/simplified_marine_sim/src/robot.cpp:295:53:[m[K [01;31m[Kerror: [m[K‘[01m[Kbegin[m[K’ was not declared in this scope
[5.296s]   295 |             for (int agent_id : world->getNumAgents([01;31m[K)[m[K) {
[5.296s]       |                                                     [01;31m[K^[m[K
[5.296s] [01m[K/home/emily/sa-mrbt_ws/src/simplified_marine_sim/src/robot.cpp:295:53:[m[K [01;36m[Knote: [m[Ksuggested alternatives:
[5.296s] In file included from [01m[K/home/emily/sa-mrbt_ws/install/behaviortree_cpp/include/behaviortree_cpp/contrib/json.hpp:170[m[K,
[5.296s]                  from [01m[K/home/emily/sa-mrbt_ws/install/behaviortree_cpp/include/behaviortree_cpp/blackboard.h:9[m[K,
[5.296s]                  from [01m[K/home/emily/sa-mrbt_ws/install/behaviortree_cpp/include/behaviortree_cpp/tree_node.h:22[m[K,
[5.296s]                  from [01m[K/home/emily/sa-mrbt_ws/install/behaviortree_cpp/include/behaviortree_cpp/leaf_node.h:17[m[K,
[5.296s]                  from [01m[K/home/emily/sa-mrbt_ws/install/behaviortree_cpp/include/behaviortree_cpp/action_node.h:22[m[K,
[5.296s]                  from [01m[K/home/emily/sa-mrbt_ws/install/behaviortree_cpp/include/behaviortree_cpp/actions/pop_from_queue.hpp:17[m[K,
[5.296s]                  from [01m[K/home/emily/sa-mrbt_ws/src/simplified_marine_sim/include/planners.hpp:8[m[K,
[5.296s]                  from [01m[K/home/emily/sa-mrbt_ws/src/simplified_marine_sim/src/robot.cpp:3[m[K:
[5.296s] [01m[K/usr/include/c++/11/valarray:1228:5:[m[K [01;36m[Knote: [m[K  ‘[01m[Kstd::begin[m[K’
[5.296s]  1228 |     [01;36m[Kbegin[m[K(const valarray<_Tp>& __va) noexcept
[5.296s]       |     [01;36m[K^~~~~[m[K
[5.297s] In file included from [01m[K/usr/include/c++/11/filesystem:46[m[K,
[5.297s]                  from [01m[K/home/emily/sa-mrbt_ws/install/behaviortree_cpp/include/behaviortree_cpp/contrib/json.hpp:4643[m[K,
[5.297s]                  from [01m[K/home/emily/sa-mrbt_ws/install/behaviortree_cpp/include/behaviortree_cpp/blackboard.h:9[m[K,
[5.297s]                  from [01m[K/home/emily/sa-mrbt_ws/install/behaviortree_cpp/include/behaviortree_cpp/tree_node.h:22[m[K,
[5.297s]                  from [01m[K/home/emily/sa-mrbt_ws/install/behaviortree_cpp/include/behaviortree_cpp/leaf_node.h:17[m[K,
[5.297s]                  from [01m[K/home/emily/sa-mrbt_ws/install/behaviortree_cpp/include/behaviortree_cpp/action_node.h:22[m[K,
[5.297s]                  from [01m[K/home/emily/sa-mrbt_ws/install/behaviortree_cpp/include/behaviortree_cpp/actions/pop_from_queue.hpp:17[m[K,
[5.297s]                  from [01m[K/home/emily/sa-mrbt_ws/src/simplified_marine_sim/include/planners.hpp:8[m[K,
[5.297s]                  from [01m[K/home/emily/sa-mrbt_ws/src/simplified_marine_sim/src/robot.cpp:3[m[K:
[5.297s] [01m[K/usr/include/c++/11/bits/fs_dir.h:549:3:[m[K [01;36m[Knote: [m[K  ‘[01m[Kstd::filesystem::__cxx11::begin[m[K’
[5.297s]   549 |   [01;36m[Kbegin[m[K(recursive_directory_iterator __iter) noexcept
[5.297s]       |   [01;36m[K^~~~~[m[K
[5.297s] [01m[K/home/emily/sa-mrbt_ws/src/simplified_marine_sim/src/robot.cpp:295:53:[m[K [01;31m[Kerror: [m[K‘[01m[Kend[m[K’ was not declared in this scope
[5.297s]   295 |             for (int agent_id : world->getNumAgents([01;31m[K)[m[K) {
[5.297s]       |                                                     [01;31m[K^[m[K
[5.297s] [01m[K/home/emily/sa-mrbt_ws/src/simplified_marine_sim/src/robot.cpp:295:53:[m[K [01;36m[Knote: [m[Ksuggested alternatives:
[5.297s] In file included from [01m[K/home/emily/sa-mrbt_ws/install/behaviortree_cpp/include/behaviortree_cpp/contrib/json.hpp:170[m[K,
[5.298s]                  from [01m[K/home/emily/sa-mrbt_ws/install/behaviortree_cpp/include/behaviortree_cpp/blackboard.h:9[m[K,
[5.298s]                  from [01m[K/home/emily/sa-mrbt_ws/install/behaviortree_cpp/include/behaviortree_cpp/tree_node.h:22[m[K,
[5.298s]                  from [01m[K/home/emily/sa-mrbt_ws/install/behaviortree_cpp/include/behaviortree_cpp/leaf_node.h:17[m[K,
[5.298s]                  from [01m[K/home/emily/sa-mrbt_ws/install/behaviortree_cpp/include/behaviortree_cpp/action_node.h:22[m[K,
[5.298s]                  from [01m[K/home/emily/sa-mrbt_ws/install/behaviortree_cpp/include/behaviortree_cpp/actions/pop_from_queue.hpp:17[m[K,
[5.298s]                  from [01m[K/home/emily/sa-mrbt_ws/src/simplified_marine_sim/include/planners.hpp:8[m[K,
[5.298s]                  from [01m[K/home/emily/sa-mrbt_ws/src/simplified_marine_sim/src/robot.cpp:3[m[K:
[5.298s] [01m[K/usr/include/c++/11/valarray:1255:5:[m[K [01;36m[Knote: [m[K  ‘[01m[Kstd::end[m[K’
[5.298s]  1255 |     [01;36m[Kend[m[K(const valarray<_Tp>& __va) noexcept
[5.298s]       |     [01;36m[K^~~[m[K
[5.298s] In file included from [01m[K/usr/include/c++/11/filesystem:46[m[K,
[5.298s]                  from [01m[K/home/emily/sa-mrbt_ws/install/behaviortree_cpp/include/behaviortree_cpp/contrib/json.hpp:4643[m[K,
[5.298s]                  from [01m[K/home/emily/sa-mrbt_ws/install/behaviortree_cpp/include/behaviortree_cpp/blackboard.h:9[m[K,
[5.298s]                  from [01m[K/home/emily/sa-mrbt_ws/install/behaviortree_cpp/include/behaviortree_cpp/tree_node.h:22[m[K,
[5.298s]                  from [01m[K/home/emily/sa-mrbt_ws/install/behaviortree_cpp/include/behaviortree_cpp/leaf_node.h:17[m[K,
[5.298s]                  from [01m[K/home/emily/sa-mrbt_ws/install/behaviortree_cpp/include/behaviortree_cpp/action_node.h:22[m[K,
[5.298s]                  from [01m[K/home/emily/sa-mrbt_ws/install/behaviortree_cpp/include/behaviortree_cpp/actions/pop_from_queue.hpp:17[m[K,
[5.298s]                  from [01m[K/home/emily/sa-mrbt_ws/src/simplified_marine_sim/include/planners.hpp:8[m[K,
[5.298s]                  from [01m[K/home/emily/sa-mrbt_ws/src/simplified_marine_sim/src/robot.cpp:3[m[K:
[5.299s] [01m[K/usr/include/c++/11/bits/fs_dir.h:554:3:[m[K [01;36m[Knote: [m[K  ‘[01m[Kstd::filesystem::__cxx11::end[m[K’
[5.299s]   554 |   [01;36m[Kend[m[K(recursive_directory_iterator) noexcept
[5.299s]       |   [01;36m[K^~~[m[K
[6.511s] gmake[2]: *** [CMakeFiles/sim.dir/build.make:188: CMakeFiles/sim.dir/src/robot.cpp.o] Error 1
[6.511s] gmake[1]: *** [CMakeFiles/Makefile2:137: CMakeFiles/sim.dir/all] Error 2
[6.511s] gmake: *** [Makefile:146: all] Error 2
[6.513s] Invoked command in '/home/emily/sa-mrbt_ws/build/simulator' returned '2': AMENT_PREFIX_PATH=/home/emily/sa-mrbt_ws/install/behaviortree_cpp:${AMENT_PREFIX_PATH} CMAKE_PREFIX_PATH=/home/emily/sa-mrbt_ws/install/behaviortree_cpp:/opt/ros/iron LD_LIBRARY_PATH=/home/emily/sa-mrbt_ws/install/behaviortree_cpp/lib:${LD_LIBRARY_PATH} PATH=/home/emily/sa-mrbt_ws/install/behaviortree_cpp/bin:${PATH} /usr/bin/cmake --build /home/emily/sa-mrbt_ws/build/simulator -- -j12 -l12
