[0.006s] Invoking command in '/home/emily/sa-mrbt_ws/build/simulator': CMAKE_PREFIX_PATH=/home/emily/sa-mrbt_ws/install/behaviortree_cpp:/home/emily/sa-mrbt_ws/install/simulator:/opt/ros/iron /usr/bin/cmake --build /home/emily/sa-mrbt_ws/build/simulator -- -j12 -l12
[0.042s] [35m[1mConsolidate compiler generated dependencies of target sim[0m
[0.076s] [ 15%] [32mBuilding CXX object CMakeFiles/sim.dir/src/sim.cpp.o[0m
[0.076s] [ 23%] [32mBuilding CXX object CMakeFiles/sim.dir/src/CBGA.cpp.o[0m
[0.076s] [ 23%] [32mBuilding CXX object CMakeFiles/sim.dir/src/CBBA.cpp.o[0m
[0.076s] [ 30%] [32mBuilding CXX object CMakeFiles/sim.dir/src/message.cpp.o[0m
[0.079s] [ 38%] [32mBuilding CXX object CMakeFiles/sim.dir/src/world.cpp.o[0m
[0.084s] [ 46%] [32mBuilding CXX object CMakeFiles/sim.dir/src/planners.cpp.o[0m
[0.085s] [ 61%] [32mBuilding CXX object CMakeFiles/sim.dir/src/behavior_tree.cpp.o[0m
[0.085s] [ 61%] [32mBuilding CXX object CMakeFiles/sim.dir/src/robot.cpp.o[0m
[0.088s] [ 69%] [32mBuilding CXX object CMakeFiles/sim.dir/src/parser.cpp.o[0m
[0.095s] [ 76%] [32mBuilding CXX object CMakeFiles/sim.dir/src/greedy.cpp.o[0m
[2.852s] In file included from [01m[K/home/emily/sa-mrbt_ws/src/simplified_marine_sim/include/message.hpp:6[m[K,
[2.852s]                  from [01m[K/home/emily/sa-mrbt_ws/src/simplified_marine_sim/src/message.cpp:2[m[K:
[2.852s] [01m[K/home/emily/sa-mrbt_ws/src/simplified_marine_sim/include/world.hpp:162:37:[m[K [01;31m[Kerror: [m[Kexpected ‘[01m[K;[m[K’ at end of member declaration
[2.853s]   162 |     void debugTaskAccess(int task_id[01;31m[K)[m[K
[2.853s]       |                                     [01;31m[K^[m[K
[2.853s]       |                                      [32m[K;[m[K
[2.857s] In file included from [01m[K/home/emily/sa-mrbt_ws/src/simplified_marine_sim/src/planners.cpp:4[m[K:
[2.857s] [01m[K/home/emily/sa-mrbt_ws/src/simplified_marine_sim/include/world.hpp:162:37:[m[K [01;31m[Kerror: [m[Kexpected ‘[01m[K;[m[K’ at end of member declaration
[2.857s]   162 |     void debugTaskAccess(int task_id[01;31m[K)[m[K
[2.858s]       |                                     [01;31m[K^[m[K
[2.858s]       |                                      [32m[K;[m[K
[2.913s] In file included from [01m[K/home/emily/sa-mrbt_ws/src/simplified_marine_sim/src/sim.cpp:8[m[K:
[2.914s] [01m[K/home/emily/sa-mrbt_ws/src/simplified_marine_sim/include/world.hpp:162:37:[m[K [01;31m[Kerror: [m[Kexpected ‘[01m[K;[m[K’ at end of member declaration
[2.914s]   162 |     void debugTaskAccess(int task_id[01;31m[K)[m[K
[2.914s]       |                                     [01;31m[K^[m[K
[2.914s]       |                                      [32m[K;[m[K
[2.933s] In file included from [01m[K/home/emily/sa-mrbt_ws/src/simplified_marine_sim/src/CBGA.cpp:6[m[K:
[2.933s] [01m[K/home/emily/sa-mrbt_ws/src/simplified_marine_sim/include/world.hpp:162:37:[m[K [01;31m[Kerror: [m[Kexpected ‘[01m[K;[m[K’ at end of member declaration
[2.933s]   162 |     void debugTaskAccess(int task_id[01;31m[K)[m[K
[2.933s]       |                                     [01;31m[K^[m[K
[2.933s]       |                                      [32m[K;[m[K
[3.037s] In file included from [01m[K/home/emily/sa-mrbt_ws/src/simplified_marine_sim/src/world.cpp:4[m[K:
[3.037s] [01m[K/home/emily/sa-mrbt_ws/src/simplified_marine_sim/include/world.hpp:162:37:[m[K [01;31m[Kerror: [m[Kexpected ‘[01m[K;[m[K’ at end of member declaration
[3.037s]   162 |     void debugTaskAccess(int task_id[01;31m[K)[m[K
[3.037s]       |                                     [01;31m[K^[m[K
[3.037s]       |                                      [32m[K;[m[K
[3.045s] In file included from [01m[K/home/emily/sa-mrbt_ws/src/simplified_marine_sim/src/robot.cpp:4[m[K:
[3.045s] [01m[K/home/emily/sa-mrbt_ws/src/simplified_marine_sim/include/world.hpp:162:37:[m[K [01;31m[Kerror: [m[Kexpected ‘[01m[K;[m[K’ at end of member declaration
[3.046s]   162 |     void debugTaskAccess(int task_id[01;31m[K)[m[K
[3.046s]       |                                     [01;31m[K^[m[K
[3.046s]       |                                      [32m[K;[m[K
[3.050s] In file included from [01m[K/home/emily/sa-mrbt_ws/src/simplified_marine_sim/src/CBBA.cpp:6[m[K:
[3.050s] [01m[K/home/emily/sa-mrbt_ws/src/simplified_marine_sim/include/world.hpp:162:37:[m[K [01;31m[Kerror: [m[Kexpected ‘[01m[K;[m[K’ at end of member declaration
[3.050s]   162 |     void debugTaskAccess(int task_id[01;31m[K)[m[K
[3.050s]       |                                     [01;31m[K^[m[K
[3.051s]       |                                      [32m[K;[m[K
[3.101s] In file included from [01m[K/home/emily/sa-mrbt_ws/src/simplified_marine_sim/src/greedy.cpp:6[m[K:
[3.101s] [01m[K/home/emily/sa-mrbt_ws/src/simplified_marine_sim/include/world.hpp:162:37:[m[K [01;31m[Kerror: [m[Kexpected ‘[01m[K;[m[K’ at end of member declaration
[3.101s]   162 |     void debugTaskAccess(int task_id[01;31m[K)[m[K
[3.102s]       |                                     [01;31m[K^[m[K
[3.102s]       |                                      [32m[K;[m[K
[3.196s] In file included from [01m[K/home/emily/sa-mrbt_ws/src/simplified_marine_sim/include/robot.hpp:8[m[K,
[3.196s]                  from [01m[K/home/emily/sa-mrbt_ws/src/simplified_marine_sim/include/utils.hpp:7[m[K,
[3.196s]                  from [01m[K/home/emily/sa-mrbt_ws/src/simplified_marine_sim/src/parser.cpp:7[m[K:
[3.196s] [01m[K/home/emily/sa-mrbt_ws/src/simplified_marine_sim/include/world.hpp:162:37:[m[K [01;31m[Kerror: [m[Kexpected ‘[01m[K;[m[K’ at end of member declaration
[3.196s]   162 |     void debugTaskAccess(int task_id[01;31m[K)[m[K
[3.196s]       |                                     [01;31m[K^[m[K
[3.196s]       |                                      [32m[K;[m[K
[3.404s] In file included from [01m[K/home/emily/sa-mrbt_ws/src/simplified_marine_sim/include/behavior_tree.hpp:7[m[K,
[3.405s]                  from [01m[K/home/emily/sa-mrbt_ws/src/simplified_marine_sim/src/behavior_tree.cpp:1[m[K:
[3.405s] [01m[K/home/emily/sa-mrbt_ws/src/simplified_marine_sim/include/world.hpp:162:37:[m[K [01;31m[Kerror: [m[Kexpected ‘[01m[K;[m[K’ at end of member declaration
[3.405s]   162 |     void debugTaskAccess(int task_id[01;31m[K)[m[K
[3.405s]       |                                     [01;31m[K^[m[K
[3.405s]       |                                      [32m[K;[m[K
[4.175s] gmake[2]: *** [CMakeFiles/sim.dir/build.make:132: CMakeFiles/sim.dir/src/message.cpp.o] Error 1
[4.175s] gmake[2]: *** Waiting for unfinished jobs....
[4.291s] gmake[2]: *** [CMakeFiles/sim.dir/build.make:174: CMakeFiles/sim.dir/src/planners.cpp.o] Error 1
[4.438s] gmake[2]: *** [CMakeFiles/sim.dir/build.make:230: CMakeFiles/sim.dir/src/greedy.cpp.o] Error 1
[4.503s] gmake[2]: *** [CMakeFiles/sim.dir/build.make:104: CMakeFiles/sim.dir/src/CBGA.cpp.o] Error 1
[4.572s] gmake[2]: *** [CMakeFiles/sim.dir/build.make:90: CMakeFiles/sim.dir/src/CBBA.cpp.o] Error 1
[4.731s] gmake[2]: *** [CMakeFiles/sim.dir/build.make:160: CMakeFiles/sim.dir/src/world.cpp.o] Error 1
[4.744s] gmake[2]: *** [CMakeFiles/sim.dir/build.make:216: CMakeFiles/sim.dir/src/parser.cpp.o] Error 1
[5.179s] gmake[2]: *** [CMakeFiles/sim.dir/build.make:76: CMakeFiles/sim.dir/src/sim.cpp.o] Error 1
[5.375s] gmake[2]: *** [CMakeFiles/sim.dir/build.make:202: CMakeFiles/sim.dir/src/behavior_tree.cpp.o] Error 1
[6.633s] gmake[2]: *** [CMakeFiles/sim.dir/build.make:188: CMakeFiles/sim.dir/src/robot.cpp.o] Error 1
[6.633s] gmake[1]: *** [CMakeFiles/Makefile2:137: CMakeFiles/sim.dir/all] Error 2
[6.633s] gmake: *** [Makefile:146: all] Error 2
[6.635s] Invoked command in '/home/emily/sa-mrbt_ws/build/simulator' returned '2': CMAKE_PREFIX_PATH=/home/emily/sa-mrbt_ws/install/behaviortree_cpp:/home/emily/sa-mrbt_ws/install/simulator:/opt/ros/iron /usr/bin/cmake --build /home/emily/sa-mrbt_ws/build/simulator -- -j12 -l12
