[0.007s] Invoking command in '/home/emily/sa-mrbt_ws/build/simulator': CMAKE_PREFIX_PATH=/home/emily/sa-mrbt_ws/install/behaviortree_cpp:/home/emily/sa-mrbt_ws/install/simulator:/opt/ros/iron /usr/bin/cmake --build /home/emily/sa-mrbt_ws/build/simulator -- -j12 -l12
[0.041s] [35m[1mConsolidate compiler generated dependencies of target sim[0m
[0.064s] [  7%] [32mBuilding CXX object CMakeFiles/sim.dir/src/CBGA.cpp.o[0m
[0.064s] [ 15%] [32mBuilding CXX object CMakeFiles/sim.dir/src/CBBA.cpp.o[0m
[0.065s] [ 30%] [32mBuilding CXX object CMakeFiles/sim.dir/src/message.cpp.o[0m
[0.065s] [ 30%] [32mBuilding CXX object CMakeFiles/sim.dir/src/sim.cpp.o[0m
[0.065s] [ 38%] [32mBuilding CXX object CMakeFiles/sim.dir/src/world.cpp.o[0m
[0.068s] [ 46%] [32mBuilding CXX object CMakeFiles/sim.dir/src/planners.cpp.o[0m
[0.069s] [ 53%] [32mBuilding CXX object CMakeFiles/sim.dir/src/robot.cpp.o[0m
[0.070s] [ 61%] [32mBuilding CXX object CMakeFiles/sim.dir/src/behavior_tree.cpp.o[0m
[0.070s] [ 69%] [32mBuilding CXX object CMakeFiles/sim.dir/src/greedy.cpp.o[0m
[0.071s] [ 76%] [32mBuilding CXX object CMakeFiles/sim.dir/src/parser.cpp.o[0m
[3.306s] [01m[K/home/emily/sa-mrbt_ws/src/simplified_marine_sim/src/behavior_tree.cpp:[m[K In member function ‘[01m[Kvirtual BT::NodeStatus FollowShortestPath::onStart()[m[K’:
[3.306s] [01m[K/home/emily/sa-mrbt_ws/src/simplified_marine_sim/src/behavior_tree.cpp:651:32:[m[K [01;31m[Kerror: [m[K‘[01m[Kclass Robot[m[K’ has no member named ‘[01m[KgetGoalPose[m[K’; did you mean ‘[01m[KgetPose[m[K’?
[3.306s]   651 |             goal_pose = _robot.[01;31m[KgetGoalPose[m[K();
[3.306s]       |                                [01;31m[K^~~~~~~~~~~[m[K
[3.306s]       |                                [32m[KgetPose[m[K
[3.346s] [01m[K/home/emily/sa-mrbt_ws/src/simplified_marine_sim/src/sim.cpp:[m[K In function ‘[01m[Kint main(int, char**)[m[K’:
[3.346s] [01m[K/home/emily/sa-mrbt_ws/src/simplified_marine_sim/src/sim.cpp:358:80:[m[K [01;31m[Kerror: [m[K‘[01m[Kconst struct AgentInfo[m[K’ has no member named ‘[01m[Kgoal_pose[m[K’
[3.346s]   358 |                     run_robot, agent.id, agent.type, agent.initial_pose, agent.[01;31m[Kgoal_pose[m[K, agent.color,
[3.346s]       |                                                                                [01;31m[K^~~~~~~~~[m[K
[4.962s] gmake[2]: *** [CMakeFiles/sim.dir/build.make:202: CMakeFiles/sim.dir/src/behavior_tree.cpp.o] Error 1
[4.962s] gmake[2]: *** Waiting for unfinished jobs....
[5.296s] gmake[2]: *** [CMakeFiles/sim.dir/build.make:76: CMakeFiles/sim.dir/src/sim.cpp.o] Error 1
[5.517s] [01m[K/home/emily/sa-mrbt_ws/src/simplified_marine_sim/src/robot.cpp:15:1:[m[K [01;31m[Kerror: [m[Kno declaration matches ‘[01m[KRobot::Robot(Planner*, ShortestPath*, CoveragePath*, World*, JSONParser*, const Pose2D&, int, std::string, cv::Scalar)[m[K’
[5.518s]    15 | [01;31m[KRobot[m[K::Robot(Planner* p, ShortestPath* sp, CoveragePath* cp, World* w, JSONParser* psr, const Pose2D& initial_pose, int robot_id, std::string robot_type, cv::Scalar dot_color)
[5.518s]       | [01;31m[K^~~~~[m[K
[5.518s] In file included from [01m[K/home/emily/sa-mrbt_ws/src/simplified_marine_sim/include/world.hpp:8[m[K,
[5.518s]                  from [01m[K/home/emily/sa-mrbt_ws/src/simplified_marine_sim/src/robot.cpp:4[m[K:
[5.518s] [01m[K/home/emily/sa-mrbt_ws/src/simplified_marine_sim/include/robot.hpp:19:7:[m[K [01;36m[Knote: [m[Kcandidates are: ‘[01m[KRobot::Robot(Robot&&)[m[K’
[5.518s]    19 | class [01;36m[KRobot[m[K {
[5.518s]       |       [01;36m[K^~~~~[m[K
[5.518s] [01m[K/home/emily/sa-mrbt_ws/src/simplified_marine_sim/include/robot.hpp:19:7:[m[K [01;36m[Knote: [m[K                ‘[01m[KRobot::Robot(const Robot&)[m[K’
[5.518s] In file included from [01m[K/home/emily/sa-mrbt_ws/src/simplified_marine_sim/include/world.hpp:8[m[K,
[5.518s]                  from [01m[K/home/emily/sa-mrbt_ws/src/simplified_marine_sim/src/robot.cpp:4[m[K:
[5.518s] [01m[K/home/emily/sa-mrbt_ws/src/simplified_marine_sim/include/robot.hpp:70:5:[m[K [01;36m[Knote: [m[K                ‘[01m[KRobot::Robot(Planner*, ShortestPath*, CoveragePath*, World*, JSONParser*, const Pose2D&, const Pose2D&, int, std::string, cv::Scalar)[m[K’
[5.518s]    70 |     [01;36m[KRobot[m[K(Planner* planner, ShortestPath* shortest_path, CoveragePath* coverage_path, World* world, JSONParser* parser, const Pose2D& initial_pose, const Pose2D& goal_pose, int robot_id, std::string robot_type, cv::Scalar color); // Is this right with planners?
[5.518s]       |     [01;36m[K^~~~~[m[K
[5.518s] In file included from [01m[K/home/emily/sa-mrbt_ws/src/simplified_marine_sim/include/world.hpp:8[m[K,
[5.518s]                  from [01m[K/home/emily/sa-mrbt_ws/src/simplified_marine_sim/src/robot.cpp:4[m[K:
[5.518s] [01m[K/home/emily/sa-mrbt_ws/src/simplified_marine_sim/include/robot.hpp:19:7:[m[K [01;36m[Knote: [m[K‘[01m[Kclass Robot[m[K’ defined here
[5.518s]    19 | class [01;36m[KRobot[m[K {
[5.518s]       |       [01;36m[K^~~~~[m[K
[6.621s] gmake[2]: *** [CMakeFiles/sim.dir/build.make:188: CMakeFiles/sim.dir/src/robot.cpp.o] Error 1
[6.622s] gmake[1]: *** [CMakeFiles/Makefile2:137: CMakeFiles/sim.dir/all] Error 2
[6.622s] gmake: *** [Makefile:146: all] Error 2
[6.624s] Invoked command in '/home/emily/sa-mrbt_ws/build/simulator' returned '2': CMAKE_PREFIX_PATH=/home/emily/sa-mrbt_ws/install/behaviortree_cpp:/home/emily/sa-mrbt_ws/install/simulator:/opt/ros/iron /usr/bin/cmake --build /home/emily/sa-mrbt_ws/build/simulator -- -j12 -l12
