[0.007s] Invoking command in '/home/emily/sa-mrbt_ws/build/behaviortree_cpp': CMAKE_PREFIX_PATH=${CMAKE_PREFIX_PATH}:/opt/ros/iron /usr/bin/cmake --build /home/emily/sa-mrbt_ws/build/behaviortree_cpp -- -j12 -l12
[0.040s] [  2%] Built target lexy_file
[0.041s] [  3%] Built target minitrace
[0.041s] [  4%] Built target gtest_main
[0.041s] [  6%] Built target gtest
[0.057s] [35m[1mConsolidate compiler generated dependencies of target behaviortree_cpp[0m
[0.096s] [  7%] [32mBuilding CXX object CMakeFiles/behaviortree_cpp.dir/src/controls/counter_sequence.cpp.o[0m
[2.850s] [  8%] [32m[1mLinking CXX shared library libbehaviortree_cpp.so[0m
[2.968s] [ 37%] Built target behaviortree_cpp
[2.976s] [35m[1mConsolidate compiler generated dependencies of target crossdoor_nodes_dyn[0m
[2.976s] [35m[1mConsolidate compiler generated dependencies of target dummy_nodes_dyn[0m
[2.976s] [35m[1mConsolidate compiler generated dependencies of target movebase_node_dyn[0m
[2.977s] [35m[1mConsolidate compiler generated dependencies of target bt4_plugin_manifest[0m
[2.978s] [35m[1mConsolidate compiler generated dependencies of target t01_first_tree_dynamic[0m
[2.978s] [35m[1mConsolidate compiler generated dependencies of target bt_sample_nodes[0m
[2.979s] [35m[1mConsolidate compiler generated dependencies of target test_plugin_action[0m
[2.979s] [35m[1mConsolidate compiler generated dependencies of target test_plugin_executor[0m
[2.986s] [ 39%] [32mBuilding CXX object sample_nodes/CMakeFiles/movebase_node_dyn.dir/movebase_node.cpp.o[0m
[2.986s] [ 39%] [32mBuilding CXX object tools/CMakeFiles/bt4_plugin_manifest.dir/bt_plugin_manifest.cpp.o[0m
[2.986s] [ 39%] [32mBuilding CXX object sample_nodes/CMakeFiles/dummy_nodes_dyn.dir/dummy_nodes.cpp.o[0m
[2.989s] [ 40%] [32mBuilding CXX object sample_nodes/CMakeFiles/crossdoor_nodes_dyn.dir/crossdoor_nodes.cpp.o[0m
[2.992s] [ 41%] [32mBuilding CXX object examples/CMakeFiles/test_plugin_action.dir/plugin_example/plugin_action.cpp.o[0m
[2.992s] [ 41%] [32mBuilding CXX object examples/CMakeFiles/t01_first_tree_dynamic.dir/t01_build_your_first_tree.cpp.o[0m
[2.993s] [ 42%] [32mBuilding CXX object examples/CMakeFiles/test_plugin_executor.dir/plugin_example/plugin_executor.cpp.o[0m
[2.993s] [ 43%] [32mBuilding CXX object sample_nodes/CMakeFiles/bt_sample_nodes.dir/movebase_node.cpp.o[0m
[2.993s] [ 43%] [32mBuilding CXX object sample_nodes/CMakeFiles/bt_sample_nodes.dir/dummy_nodes.cpp.o[0m
[2.993s] [ 44%] [32mBuilding CXX object sample_nodes/CMakeFiles/bt_sample_nodes.dir/crossdoor_nodes.cpp.o[0m
[6.151s] [ 45%] [32m[1mLinking CXX executable test_plugin_executor[0m
[6.283s] [ 45%] Built target test_plugin_executor
[6.732s] [ 46%] [32m[1mLinking CXX shared library bin/libdummy_nodes_dyn.so[0m
[6.810s] [ 46%] Built target dummy_nodes_dyn
[6.920s] [ 46%] [32m[1mLinking CXX shared library bin/libcrossdoor_nodes_dyn.so[0m
[6.930s] [ 47%] [32m[1mLinking CXX executable t01_first_tree_dynamic[0m
[6.932s] [ 48%] [32m[1mLinking CXX executable bt4_plugin_manifest[0m
[7.025s] [ 48%] [32m[1mLinking CXX shared library bin/libmovebase_node_dyn.so[0m
[7.028s] [ 48%] Built target bt4_plugin_manifest
[7.029s] [ 48%] Built target t01_first_tree_dynamic
[7.038s] [ 48%] Built target crossdoor_nodes_dyn
[7.080s] [ 49%] [32m[1mLinking CXX static library lib/libbt_sample_nodes.a[0m
[7.086s] [ 49%] Built target movebase_node_dyn
[7.104s] [ 49%] Built target bt_sample_nodes
[7.119s] [35m[1mConsolidate compiler generated dependencies of target t01_first_tree_static[0m
[7.119s] [35m[1mConsolidate compiler generated dependencies of target t02_basic_ports[0m
[7.119s] [35m[1mConsolidate compiler generated dependencies of target t04_reactive_sequence[0m
[7.119s] [35m[1mConsolidate compiler generated dependencies of target t03_generic_ports[0m
[7.119s] [35m[1mConsolidate compiler generated dependencies of target t05_crossdoor[0m
[7.119s] [35m[1mConsolidate compiler generated dependencies of target t06_subtree_port_remapping[0m
[7.119s] [35m[1mConsolidate compiler generated dependencies of target t08_additional_node_args[0m
[7.120s] [35m[1mConsolidate compiler generated dependencies of target t07_load_multiple_xml[0m
[7.120s] [35m[1mConsolidate compiler generated dependencies of target t09_scripting[0m
[7.120s] [35m[1mConsolidate compiler generated dependencies of target t10_observer[0m
[7.130s] [ 53%] [32mBuilding CXX object examples/CMakeFiles/t05_crossdoor.dir/t05_crossdoor.cpp.o[0m
[7.130s] [ 53%] [32mBuilding CXX object examples/CMakeFiles/t08_additional_node_args.dir/t08_additional_node_args.cpp.o[0m
[7.130s] [ 53%] [32mBuilding CXX object examples/CMakeFiles/t01_first_tree_static.dir/t01_build_your_first_tree.cpp.o[0m
[7.130s] [ 53%] [32mBuilding CXX object examples/CMakeFiles/t03_generic_ports.dir/t03_generic_ports.cpp.o[0m
[7.132s] [ 53%] [32mBuilding CXX object examples/CMakeFiles/t02_basic_ports.dir/t02_basic_ports.cpp.o[0m
[7.132s] [ 53%] [32mBuilding CXX object examples/CMakeFiles/t06_subtree_port_remapping.dir/t06_subtree_port_remapping.cpp.o[0m
[7.132s] [ 54%] [32mBuilding CXX object examples/CMakeFiles/t09_scripting.dir/t09_scripting.cpp.o[0m
[7.132s] [ 54%] [32mBuilding CXX object examples/CMakeFiles/t10_observer.dir/t10_observer.cpp.o[0m
[7.132s] [ 55%] [32mBuilding CXX object examples/CMakeFiles/t04_reactive_sequence.dir/t04_reactive_sequence.cpp.o[0m
[7.133s] [ 56%] [32mBuilding CXX object examples/CMakeFiles/t07_load_multiple_xml.dir/t07_load_multiple_xml.cpp.o[0m
[7.143s] [35m[1mConsolidate compiler generated dependencies of target behaviortree_cpp_test[0m
[7.324s] [ 57%] [32mBuilding CXX object tests/CMakeFiles/behaviortree_cpp_test.dir/gtest_blackboard.cpp.o[0m
[7.697s] [ 58%] [32m[1mLinking CXX shared library test_plugin_action.so[0m
[7.931s] [ 58%] Built target test_plugin_action
[7.959s] [35m[1mConsolidate compiler generated dependencies of target t11_groot_howto[0m
[7.999s] [ 59%] [32mBuilding CXX object examples/CMakeFiles/t11_groot_howto.dir/t11_groot_howto.cpp.o[0m
[11.229s] [ 60%] [32m[1mLinking CXX executable t05_crossdoor[0m
[11.373s] [ 60%] Built target t05_crossdoor
[11.387s] [ 61%] [32mBuilding CXX object tests/CMakeFiles/behaviortree_cpp_test.dir/gtest_coroutines.cpp.o[0m
[11.521s] [ 62%] [32m[1mLinking CXX executable t10_observer[0m
[11.625s] [ 62%] [32m[1mLinking CXX executable t08_additional_node_args[0m
[11.751s] [ 62%] Built target t10_observer
[11.761s] [ 62%] [32mBuilding CXX object tests/CMakeFiles/behaviortree_cpp_test.dir/gtest_decorator.cpp.o[0m
[11.774s] [ 62%] Built target t08_additional_node_args
[11.788s] [ 63%] [32mBuilding CXX object tests/CMakeFiles/behaviortree_cpp_test.dir/gtest_enums.cpp.o[0m
[11.937s] [ 64%] [32m[1mLinking CXX executable t07_load_multiple_xml[0m
[11.998s] [ 65%] [32m[1mLinking CXX executable t09_scripting[0m
[12.081s] [ 66%] [32m[1mLinking CXX executable t01_first_tree_static[0m
[12.091s] [ 66%] Built target t07_load_multiple_xml
[12.097s] [ 67%] [32mBuilding CXX object tests/CMakeFiles/behaviortree_cpp_test.dir/gtest_factory.cpp.o[0m
[12.158s] [ 67%] Built target t09_scripting
[12.169s] [ 68%] [32mBuilding CXX object tests/CMakeFiles/behaviortree_cpp_test.dir/gtest_fallback.cpp.o[0m
[12.223s] [ 68%] Built target t01_first_tree_static
[12.236s] [ 68%] [32mBuilding CXX object tests/CMakeFiles/behaviortree_cpp_test.dir/gtest_parallel.cpp.o[0m
[12.444s] [ 68%] [32m[1mLinking CXX executable t06_subtree_port_remapping[0m
[12.598s] [ 68%] Built target t06_subtree_port_remapping
[12.607s] [ 69%] [32mBuilding CXX object tests/CMakeFiles/behaviortree_cpp_test.dir/gtest_preconditions.cpp.o[0m
[12.610s] [ 69%] [32m[1mLinking CXX executable t04_reactive_sequence[0m
[12.773s] [ 69%] Built target t04_reactive_sequence
[12.790s] [ 70%] [32mBuilding CXX object tests/CMakeFiles/behaviortree_cpp_test.dir/gtest_ports.cpp.o[0m
[12.979s] [ 71%] [32m[1mLinking CXX executable t02_basic_ports[0m
[13.027s] [ 72%] [32m[1mLinking CXX executable t03_generic_ports[0m
[13.137s] [ 72%] Built target t02_basic_ports
[13.149s] [ 73%] [32mBuilding CXX object tests/CMakeFiles/behaviortree_cpp_test.dir/gtest_postconditions.cpp.o[0m
[13.181s] [ 73%] Built target t03_generic_ports
[13.193s] [ 74%] [32mBuilding CXX object tests/CMakeFiles/behaviortree_cpp_test.dir/gtest_reactive.cpp.o[0m
[15.370s] [ 75%] [32m[1mLinking CXX executable t11_groot_howto[0m
[15.536s] [ 75%] Built target t11_groot_howto
[15.550s] [ 75%] [32mBuilding CXX object tests/CMakeFiles/behaviortree_cpp_test.dir/gtest_reactive_backchaining.cpp.o[0m
[19.073s] [35m[1mConsolidate compiler generated dependencies of target t12_default_ports[0m
[19.087s] [ 75%] [32mBuilding CXX object examples/CMakeFiles/t12_default_ports.dir/t12_default_ports.cpp.o[0m
[19.562s] [35m[1mConsolidate compiler generated dependencies of target t13_access_by_ref[0m
[19.579s] [ 76%] [32mBuilding CXX object examples/CMakeFiles/t13_access_by_ref.dir/t13_access_by_ref.cpp.o[0m
[20.384s] [35m[1mConsolidate compiler generated dependencies of target t14_subtree_model[0m
[20.391s] [35m[1mConsolidate compiler generated dependencies of target t15_nodes_mocking[0m
[20.411s] [ 77%] [32mBuilding CXX object examples/CMakeFiles/t15_nodes_mocking.dir/t15_nodes_mocking.cpp.o[0m
[20.412s] [ 78%] [32mBuilding CXX object examples/CMakeFiles/t14_subtree_model.dir/t14_subtree_model.cpp.o[0m
[20.514s] [35m[1mConsolidate compiler generated dependencies of target t16_global_blackboard[0m
[20.537s] [ 79%] [32mBuilding CXX object examples/CMakeFiles/t16_global_blackboard.dir/t16_global_blackboard.cpp.o[0m
[20.602s] [35m[1mConsolidate compiler generated dependencies of target t17_blackboard_backup[0m
[20.621s] [ 79%] [32mBuilding CXX object examples/CMakeFiles/t17_blackboard_backup.dir/t17_blackboard_backup.cpp.o[0m
[20.733s] [35m[1mConsolidate compiler generated dependencies of target t18_waypoints[0m
[20.756s] [ 80%] [32mBuilding CXX object examples/CMakeFiles/t18_waypoints.dir/t18_waypoints.cpp.o[0m
[21.892s] [35m[1mConsolidate compiler generated dependencies of target ex01_wrap_legacy[0m
[21.910s] [ 80%] [32mBuilding CXX object examples/CMakeFiles/ex01_wrap_legacy.dir/ex01_wrap_legacy.cpp.o[0m
[22.196s] [35m[1mConsolidate compiler generated dependencies of target ex02_runtime_ports[0m
[22.230s] [ 81%] [32mBuilding CXX object examples/CMakeFiles/ex02_runtime_ports.dir/ex02_runtime_ports.cpp.o[0m
[22.571s] [35m[1mConsolidate compiler generated dependencies of target ex03_sqlite_log[0m
[22.598s] [ 81%] [32mBuilding CXX object examples/CMakeFiles/ex03_sqlite_log.dir/ex03_sqlite_log.cpp.o[0m
[23.762s] [ 82%] [32mBuilding CXX object tests/CMakeFiles/behaviortree_cpp_test.dir/gtest_sequence.cpp.o[0m
[24.847s] [ 83%] [32m[1mLinking CXX executable t14_subtree_model[0m
[24.997s] [ 83%] Built target t14_subtree_model
[25.009s] [ 84%] [32mBuilding CXX object tests/CMakeFiles/behaviortree_cpp_test.dir/gtest_skipping.cpp.o[0m
[25.065s] [ 84%] [32m[1mLinking CXX executable t13_access_by_ref[0m
[25.227s] [ 84%] Built target t13_access_by_ref
[25.237s] [ 85%] [32mBuilding CXX object tests/CMakeFiles/behaviortree_cpp_test.dir/gtest_substitution.cpp.o[0m
[25.901s] [ 85%] [32m[1mLinking CXX executable t15_nodes_mocking[0m
[26.054s] [ 85%] Built target t15_nodes_mocking
[26.065s] [ 85%] [32mBuilding CXX object tests/CMakeFiles/behaviortree_cpp_test.dir/gtest_subtree.cpp.o[0m
[26.643s] [ 86%] [32m[1mLinking CXX executable t12_default_ports[0m
[26.658s] [ 87%] [32m[1mLinking CXX executable t16_global_blackboard[0m
[26.820s] [ 87%] Built target t16_global_blackboard
[26.832s] [ 88%] [32mBuilding CXX object tests/CMakeFiles/behaviortree_cpp_test.dir/gtest_switch.cpp.o[0m
[26.843s] [ 88%] Built target t12_default_ports
[26.858s] [ 89%] [32mBuilding CXX object tests/CMakeFiles/behaviortree_cpp_test.dir/gtest_tree.cpp.o[0m
[26.882s] [ 90%] [32m[1mLinking CXX executable t17_blackboard_backup[0m
[27.050s] [ 90%] Built target t17_blackboard_backup
[27.061s] [ 90%] [32mBuilding CXX object tests/CMakeFiles/behaviortree_cpp_test.dir/gtest_updates.cpp.o[0m
[27.178s] [ 91%] [32m[1mLinking CXX executable ex01_wrap_legacy[0m
[27.328s] [ 91%] Built target ex01_wrap_legacy
[27.340s] [ 92%] [32mBuilding CXX object tests/CMakeFiles/behaviortree_cpp_test.dir/gtest_wakeup.cpp.o[0m
[27.954s] [ 93%] [32m[1mLinking CXX executable t18_waypoints[0m
[28.162s] [ 93%] Built target t18_waypoints
[28.177s] [ 94%] [32mBuilding CXX object tests/CMakeFiles/behaviortree_cpp_test.dir/script_parser_test.cpp.o[0m
[28.299s] [ 95%] [32m[1mLinking CXX executable ex02_runtime_ports[0m
[28.457s] [ 95%] Built target ex02_runtime_ports
[30.772s] [ 96%] [32m[1mLinking CXX executable ex03_sqlite_log[0m
[30.930s] [ 96%] Built target ex03_sqlite_log
[42.480s] [ 97%] [32m[1mLinking CXX executable behaviortree_cpp_test[0m
[42.674s] [100%] Built target behaviortree_cpp_test
[42.682s] Invoked command in '/home/emily/sa-mrbt_ws/build/behaviortree_cpp' returned '0': CMAKE_PREFIX_PATH=${CMAKE_PREFIX_PATH}:/opt/ros/iron /usr/bin/cmake --build /home/emily/sa-mrbt_ws/build/behaviortree_cpp -- -j12 -l12
[42.774s] Invoking command in '/home/emily/sa-mrbt_ws/build/behaviortree_cpp': CMAKE_PREFIX_PATH=${CMAKE_PREFIX_PATH}:/opt/ros/iron /usr/bin/cmake --install /home/emily/sa-mrbt_ws/build/behaviortree_cpp
[42.779s] -- Install configuration: "Release"
[42.779s] -- Up-to-date: /home/emily/sa-mrbt_ws/install/behaviortree_cpp/lib/liblexy_file.a
[42.779s] -- Up-to-date: /home/emily/sa-mrbt_ws/install/behaviortree_cpp/lib/cmake/lexy/lexyTargets.cmake
[42.779s] -- Up-to-date: /home/emily/sa-mrbt_ws/install/behaviortree_cpp/lib/cmake/lexy/lexyTargets-release.cmake
[42.779s] -- Up-to-date: /home/emily/sa-mrbt_ws/install/behaviortree_cpp/lib/cmake/lexy/lexyConfig.cmake
[42.779s] -- Up-to-date: /home/emily/sa-mrbt_ws/install/behaviortree_cpp/lib/cmake/lexy/lexyConfigVersion.cmake
[42.779s] -- Up-to-date: /home/emily/sa-mrbt_ws/install/behaviortree_cpp/include/lexy
[42.780s] -- Up-to-date: /home/emily/sa-mrbt_ws/install/behaviortree_cpp/include/lexy/lexeme.hpp
[42.780s] -- Up-to-date: /home/emily/sa-mrbt_ws/install/behaviortree_cpp/include/lexy/visualize.hpp
[42.780s] -- Up-to-date: /home/emily/sa-mrbt_ws/install/behaviortree_cpp/include/lexy/callback
[42.780s] -- Up-to-date: /home/emily/sa-mrbt_ws/install/behaviortree_cpp/include/lexy/callback/bind.hpp
[42.780s] -- Up-to-date: /home/emily/sa-mrbt_ws/install/behaviortree_cpp/include/lexy/callback/integer.hpp
[42.780s] -- Up-to-date: /home/emily/sa-mrbt_ws/install/behaviortree_cpp/include/lexy/callback/object.hpp
[42.780s] -- Up-to-date: /home/emily/sa-mrbt_ws/install/behaviortree_cpp/include/lexy/callback/forward.hpp
[42.781s] -- Up-to-date: /home/emily/sa-mrbt_ws/install/behaviortree_cpp/include/lexy/callback/string.hpp
[42.781s] -- Up-to-date: /home/emily/sa-mrbt_ws/install/behaviortree_cpp/include/lexy/callback/adapter.hpp
[42.781s] -- Up-to-date: /home/emily/sa-mrbt_ws/install/behaviortree_cpp/include/lexy/callback/noop.hpp
[42.781s] -- Up-to-date: /home/emily/sa-mrbt_ws/install/behaviortree_cpp/include/lexy/callback/bit_cast.hpp
[42.781s] -- Up-to-date: /home/emily/sa-mrbt_ws/install/behaviortree_cpp/include/lexy/callback/base.hpp
[42.781s] -- Up-to-date: /home/emily/sa-mrbt_ws/install/behaviortree_cpp/include/lexy/callback/constant.hpp
[42.781s] -- Up-to-date: /home/emily/sa-mrbt_ws/install/behaviortree_cpp/include/lexy/callback/composition.hpp
[42.781s] -- Up-to-date: /home/emily/sa-mrbt_ws/install/behaviortree_cpp/include/lexy/callback/fold.hpp
[42.781s] -- Up-to-date: /home/emily/sa-mrbt_ws/install/behaviortree_cpp/include/lexy/callback/container.hpp
[42.781s] -- Up-to-date: /home/emily/sa-mrbt_ws/install/behaviortree_cpp/include/lexy/callback/aggregate.hpp
[42.781s] -- Up-to-date: /home/emily/sa-mrbt_ws/install/behaviortree_cpp/include/lexy/_detail
[42.781s] -- Up-to-date: /home/emily/sa-mrbt_ws/install/behaviortree_cpp/include/lexy/_detail/detect.hpp
[42.781s] -- Up-to-date: /home/emily/sa-mrbt_ws/install/behaviortree_cpp/include/lexy/_detail/std.hpp
[42.782s] -- Up-to-date: /home/emily/sa-mrbt_ws/install/behaviortree_cpp/include/lexy/_detail/invoke.hpp
[42.782s] -- Up-to-date: /home/emily/sa-mrbt_ws/install/behaviortree_cpp/include/lexy/_detail/code_point.hpp
[42.782s] -- Up-to-date: /home/emily/sa-mrbt_ws/install/behaviortree_cpp/include/lexy/_detail/unicode_database.hpp
[42.782s] -- Up-to-date: /home/emily/sa-mrbt_ws/install/behaviortree_cpp/include/lexy/_detail/nttp_string.hpp
[42.782s] -- Up-to-date: /home/emily/sa-mrbt_ws/install/behaviortree_cpp/include/lexy/_detail/iterator.hpp
[42.782s] -- Up-to-date: /home/emily/sa-mrbt_ws/install/behaviortree_cpp/include/lexy/_detail/string_view.hpp
[42.782s] -- Up-to-date: /home/emily/sa-mrbt_ws/install/behaviortree_cpp/include/lexy/_detail/assert.hpp
[42.782s] -- Up-to-date: /home/emily/sa-mrbt_ws/install/behaviortree_cpp/include/lexy/_detail/buffer_builder.hpp
[42.782s] -- Up-to-date: /home/emily/sa-mrbt_ws/install/behaviortree_cpp/include/lexy/_detail/stateless_lambda.hpp
[42.782s] -- Up-to-date: /home/emily/sa-mrbt_ws/install/behaviortree_cpp/include/lexy/_detail/tuple.hpp
[42.782s] -- Up-to-date: /home/emily/sa-mrbt_ws/install/behaviortree_cpp/include/lexy/_detail/config.hpp
[42.782s] -- Up-to-date: /home/emily/sa-mrbt_ws/install/behaviortree_cpp/include/lexy/_detail/lazy_init.hpp
[42.782s] -- Up-to-date: /home/emily/sa-mrbt_ws/install/behaviortree_cpp/include/lexy/_detail/type_name.hpp
[42.783s] -- Up-to-date: /home/emily/sa-mrbt_ws/install/behaviortree_cpp/include/lexy/_detail/any_ref.hpp
[42.783s] -- Up-to-date: /home/emily/sa-mrbt_ws/install/behaviortree_cpp/include/lexy/_detail/integer_sequence.hpp
[42.783s] -- Up-to-date: /home/emily/sa-mrbt_ws/install/behaviortree_cpp/include/lexy/_detail/memory_resource.hpp
[42.783s] -- Up-to-date: /home/emily/sa-mrbt_ws/install/behaviortree_cpp/include/lexy/_detail/swar.hpp
[42.783s] -- Up-to-date: /home/emily/sa-mrbt_ws/install/behaviortree_cpp/include/lexy/dsl.hpp
[42.783s] -- Up-to-date: /home/emily/sa-mrbt_ws/install/behaviortree_cpp/include/lexy/input_location.hpp
[42.783s] -- Up-to-date: /home/emily/sa-mrbt_ws/install/behaviortree_cpp/include/lexy/error.hpp
[42.783s] -- Up-to-date: /home/emily/sa-mrbt_ws/install/behaviortree_cpp/include/lexy/code_point.hpp
[42.783s] -- Up-to-date: /home/emily/sa-mrbt_ws/install/behaviortree_cpp/include/lexy/callback.hpp
[42.783s] -- Up-to-date: /home/emily/sa-mrbt_ws/install/behaviortree_cpp/include/lexy/input
[42.783s] -- Up-to-date: /home/emily/sa-mrbt_ws/install/behaviortree_cpp/include/lexy/input/base.hpp
[42.783s] -- Up-to-date: /home/emily/sa-mrbt_ws/install/behaviortree_cpp/include/lexy/input/string_input.hpp
[42.783s] -- Up-to-date: /home/emily/sa-mrbt_ws/install/behaviortree_cpp/include/lexy/input/file.hpp
[42.784s] -- Up-to-date: /home/emily/sa-mrbt_ws/install/behaviortree_cpp/include/lexy/input/lexeme_input.hpp
[42.784s] -- Up-to-date: /home/emily/sa-mrbt_ws/install/behaviortree_cpp/include/lexy/input/parse_tree_input.hpp
[42.784s] -- Up-to-date: /home/emily/sa-mrbt_ws/install/behaviortree_cpp/include/lexy/input/buffer.hpp
[42.784s] -- Up-to-date: /home/emily/sa-mrbt_ws/install/behaviortree_cpp/include/lexy/input/range_input.hpp
[42.784s] -- Up-to-date: /home/emily/sa-mrbt_ws/install/behaviortree_cpp/include/lexy/input/argv_input.hpp
[42.784s] -- Up-to-date: /home/emily/sa-mrbt_ws/install/behaviortree_cpp/include/lexy/dsl
[42.784s] -- Up-to-date: /home/emily/sa-mrbt_ws/install/behaviortree_cpp/include/lexy/dsl/subgrammar.hpp
[42.784s] -- Up-to-date: /home/emily/sa-mrbt_ws/install/behaviortree_cpp/include/lexy/dsl/integer.hpp
[42.784s] -- Up-to-date: /home/emily/sa-mrbt_ws/install/behaviortree_cpp/include/lexy/dsl/newline.hpp
[42.784s] -- Up-to-date: /home/emily/sa-mrbt_ws/install/behaviortree_cpp/include/lexy/dsl/operator.hpp
[42.784s] -- Up-to-date: /home/emily/sa-mrbt_ws/install/behaviortree_cpp/include/lexy/dsl/punctuator.hpp
[42.784s] -- Up-to-date: /home/emily/sa-mrbt_ws/install/behaviortree_cpp/include/lexy/dsl/terminator.hpp
[42.784s] -- Up-to-date: /home/emily/sa-mrbt_ws/install/behaviortree_cpp/include/lexy/dsl/recover.hpp
[42.785s] -- Up-to-date: /home/emily/sa-mrbt_ws/install/behaviortree_cpp/include/lexy/dsl/times.hpp
[42.785s] -- Up-to-date: /home/emily/sa-mrbt_ws/install/behaviortree_cpp/include/lexy/dsl/list.hpp
[42.785s] -- Up-to-date: /home/emily/sa-mrbt_ws/install/behaviortree_cpp/include/lexy/dsl/choice.hpp
[42.785s] -- Up-to-date: /home/emily/sa-mrbt_ws/install/behaviortree_cpp/include/lexy/dsl/whitespace.hpp
[42.785s] -- Up-to-date: /home/emily/sa-mrbt_ws/install/behaviortree_cpp/include/lexy/dsl/branch.hpp
[42.785s] -- Up-to-date: /home/emily/sa-mrbt_ws/install/behaviortree_cpp/include/lexy/dsl/eof.hpp
[42.785s] -- Up-to-date: /home/emily/sa-mrbt_ws/install/behaviortree_cpp/include/lexy/dsl/combination.hpp
[42.785s] -- Up-to-date: /home/emily/sa-mrbt_ws/install/behaviortree_cpp/include/lexy/dsl/follow.hpp
[42.785s] -- Up-to-date: /home/emily/sa-mrbt_ws/install/behaviortree_cpp/include/lexy/dsl/if.hpp
[42.785s] -- Up-to-date: /home/emily/sa-mrbt_ws/install/behaviortree_cpp/include/lexy/dsl/capture.hpp
[42.786s] -- Up-to-date: /home/emily/sa-mrbt_ws/install/behaviortree_cpp/include/lexy/dsl/bom.hpp
[42.786s] -- Up-to-date: /home/emily/sa-mrbt_ws/install/behaviortree_cpp/include/lexy/dsl/error.hpp
[42.786s] -- Up-to-date: /home/emily/sa-mrbt_ws/install/behaviortree_cpp/include/lexy/dsl/code_point.hpp
[42.786s] -- Up-to-date: /home/emily/sa-mrbt_ws/install/behaviortree_cpp/include/lexy/dsl/base.hpp
[42.786s] -- Up-to-date: /home/emily/sa-mrbt_ws/install/behaviortree_cpp/include/lexy/dsl/unicode.hpp
[42.786s] -- Up-to-date: /home/emily/sa-mrbt_ws/install/behaviortree_cpp/include/lexy/dsl/brackets.hpp
[42.786s] -- Up-to-date: /home/emily/sa-mrbt_ws/install/behaviortree_cpp/include/lexy/dsl/byte.hpp
[42.786s] -- Up-to-date: /home/emily/sa-mrbt_ws/install/behaviortree_cpp/include/lexy/dsl/symbol.hpp
[42.787s] -- Up-to-date: /home/emily/sa-mrbt_ws/install/behaviortree_cpp/include/lexy/dsl/repeat.hpp
[42.787s] -- Up-to-date: /home/emily/sa-mrbt_ws/install/behaviortree_cpp/include/lexy/dsl/identifier.hpp
[42.787s] -- Up-to-date: /home/emily/sa-mrbt_ws/install/behaviortree_cpp/include/lexy/dsl/token.hpp
[42.787s] -- Up-to-date: /home/emily/sa-mrbt_ws/install/behaviortree_cpp/include/lexy/dsl/literal.hpp
[42.787s] -- Up-to-date: /home/emily/sa-mrbt_ws/install/behaviortree_cpp/include/lexy/dsl/until.hpp
[42.787s] -- Up-to-date: /home/emily/sa-mrbt_ws/install/behaviortree_cpp/include/lexy/dsl/flags.hpp
[42.787s] -- Up-to-date: /home/emily/sa-mrbt_ws/install/behaviortree_cpp/include/lexy/dsl/context_counter.hpp
[42.787s] -- Up-to-date: /home/emily/sa-mrbt_ws/install/behaviortree_cpp/include/lexy/dsl/scan.hpp
[42.787s] -- Up-to-date: /home/emily/sa-mrbt_ws/install/behaviortree_cpp/include/lexy/dsl/delimited.hpp
[42.787s] -- Up-to-date: /home/emily/sa-mrbt_ws/install/behaviortree_cpp/include/lexy/dsl/ascii.hpp
[42.788s] -- Up-to-date: /home/emily/sa-mrbt_ws/install/behaviortree_cpp/include/lexy/dsl/char_class.hpp
[42.788s] -- Up-to-date: /home/emily/sa-mrbt_ws/install/behaviortree_cpp/include/lexy/dsl/expression.hpp
[42.788s] -- Up-to-date: /home/emily/sa-mrbt_ws/install/behaviortree_cpp/include/lexy/dsl/option.hpp
[42.788s] -- Up-to-date: /home/emily/sa-mrbt_ws/install/behaviortree_cpp/include/lexy/dsl/loop.hpp
[42.788s] -- Up-to-date: /home/emily/sa-mrbt_ws/install/behaviortree_cpp/include/lexy/dsl/return.hpp
[42.788s] -- Up-to-date: /home/emily/sa-mrbt_ws/install/behaviortree_cpp/include/lexy/dsl/effect.hpp
[42.788s] -- Up-to-date: /home/emily/sa-mrbt_ws/install/behaviortree_cpp/include/lexy/dsl/context_flag.hpp
[42.788s] -- Up-to-date: /home/emily/sa-mrbt_ws/install/behaviortree_cpp/include/lexy/dsl/member.hpp
[42.788s] -- Up-to-date: /home/emily/sa-mrbt_ws/install/behaviortree_cpp/include/lexy/dsl/parse_as.hpp
[42.788s] -- Up-to-date: /home/emily/sa-mrbt_ws/install/behaviortree_cpp/include/lexy/dsl/production.hpp
[42.789s] -- Up-to-date: /home/emily/sa-mrbt_ws/install/behaviortree_cpp/include/lexy/dsl/parse_tree_node.hpp
[42.789s] -- Up-to-date: /home/emily/sa-mrbt_ws/install/behaviortree_cpp/include/lexy/dsl/peek.hpp
[42.789s] -- Up-to-date: /home/emily/sa-mrbt_ws/install/behaviortree_cpp/include/lexy/dsl/lookahead.hpp
[42.789s] -- Up-to-date: /home/emily/sa-mrbt_ws/install/behaviortree_cpp/include/lexy/dsl/separator.hpp
[42.790s] -- Up-to-date: /home/emily/sa-mrbt_ws/install/behaviortree_cpp/include/lexy/dsl/case_folding.hpp
[42.790s] -- Up-to-date: /home/emily/sa-mrbt_ws/install/behaviortree_cpp/include/lexy/dsl/context_identifier.hpp
[42.790s] -- Up-to-date: /home/emily/sa-mrbt_ws/install/behaviortree_cpp/include/lexy/dsl/sequence.hpp
[42.790s] -- Up-to-date: /home/emily/sa-mrbt_ws/install/behaviortree_cpp/include/lexy/dsl/digit.hpp
[42.790s] -- Up-to-date: /home/emily/sa-mrbt_ws/install/behaviortree_cpp/include/lexy/dsl/position.hpp
[42.790s] -- Up-to-date: /home/emily/sa-mrbt_ws/install/behaviortree_cpp/include/lexy/dsl/sign.hpp
[42.790s] -- Up-to-date: /home/emily/sa-mrbt_ws/install/behaviortree_cpp/include/lexy/dsl/any.hpp
[42.790s] -- Up-to-date: /home/emily/sa-mrbt_ws/install/behaviortree_cpp/include/lexy/dsl/bits.hpp
[42.791s] -- Up-to-date: /home/emily/sa-mrbt_ws/install/behaviortree_cpp/include/lexy/parse_tree.hpp
[42.791s] -- Up-to-date: /home/emily/sa-mrbt_ws/install/behaviortree_cpp/include/lexy/grammar.hpp
[42.791s] -- Up-to-date: /home/emily/sa-mrbt_ws/install/behaviortree_cpp/include/lexy/token.hpp
[42.791s] -- Up-to-date: /home/emily/sa-mrbt_ws/install/behaviortree_cpp/include/lexy/encoding.hpp
[42.791s] -- Up-to-date: /home/emily/sa-mrbt_ws/install/behaviortree_cpp/include/lexy/action
[42.791s] -- Up-to-date: /home/emily/sa-mrbt_ws/install/behaviortree_cpp/include/lexy/action/match.hpp
[42.792s] -- Up-to-date: /home/emily/sa-mrbt_ws/install/behaviortree_cpp/include/lexy/action/parse.hpp
[42.792s] -- Up-to-date: /home/emily/sa-mrbt_ws/install/behaviortree_cpp/include/lexy/action/base.hpp
[42.792s] -- Up-to-date: /home/emily/sa-mrbt_ws/install/behaviortree_cpp/include/lexy/action/validate.hpp
[42.792s] -- Up-to-date: /home/emily/sa-mrbt_ws/install/behaviortree_cpp/include/lexy/action/scan.hpp
[42.793s] -- Up-to-date: /home/emily/sa-mrbt_ws/install/behaviortree_cpp/include/lexy/action/parse_as_tree.hpp
[42.793s] -- Up-to-date: /home/emily/sa-mrbt_ws/install/behaviortree_cpp/include/lexy/action/trace.hpp
[42.793s] -- Up-to-date: /home/emily/sa-mrbt_ws/install/behaviortree_cpp/include/lexy_ext
[42.793s] -- Up-to-date: /home/emily/sa-mrbt_ws/install/behaviortree_cpp/include/lexy_ext/shell.hpp
[42.793s] -- Up-to-date: /home/emily/sa-mrbt_ws/install/behaviortree_cpp/include/lexy_ext/report_error.hpp
[42.793s] -- Up-to-date: /home/emily/sa-mrbt_ws/install/behaviortree_cpp/include/lexy_ext/compiler_explorer.hpp
[42.793s] -- Up-to-date: /home/emily/sa-mrbt_ws/install/behaviortree_cpp/include/lexy_ext/parse_tree_algorithm.hpp
[42.793s] -- Up-to-date: /home/emily/sa-mrbt_ws/install/behaviortree_cpp/include/lexy_ext/parse_tree_doctest.hpp
[42.794s] -- Installing: /home/emily/sa-mrbt_ws/install/behaviortree_cpp/share/behaviortree_cpp/bt_plugins/libcrossdoor_nodes_dyn.so
[42.794s] -- Set runtime path of "/home/emily/sa-mrbt_ws/install/behaviortree_cpp/share/behaviortree_cpp/bt_plugins/libcrossdoor_nodes_dyn.so" to ""
[42.794s] -- Installing: /home/emily/sa-mrbt_ws/install/behaviortree_cpp/share/behaviortree_cpp/bt_plugins/libdummy_nodes_dyn.so
[42.794s] -- Set runtime path of "/home/emily/sa-mrbt_ws/install/behaviortree_cpp/share/behaviortree_cpp/bt_plugins/libdummy_nodes_dyn.so" to ""
[42.794s] -- Installing: /home/emily/sa-mrbt_ws/install/behaviortree_cpp/share/behaviortree_cpp/bt_plugins/libmovebase_node_dyn.so
[42.794s] -- Set runtime path of "/home/emily/sa-mrbt_ws/install/behaviortree_cpp/share/behaviortree_cpp/bt_plugins/libmovebase_node_dyn.so" to ""
[42.794s] -- Installing: /home/emily/sa-mrbt_ws/install/behaviortree_cpp/bin/bt4_plugin_manifest
[42.794s] -- Set runtime path of "/home/emily/sa-mrbt_ws/install/behaviortree_cpp/bin/bt4_plugin_manifest" to ""
[42.794s] -- Installing: /home/emily/sa-mrbt_ws/install/behaviortree_cpp/lib/libbehaviortree_cpp.so
[42.794s] -- Set runtime path of "/home/emily/sa-mrbt_ws/install/behaviortree_cpp/lib/libbehaviortree_cpp.so" to ""
[42.795s] -- Up-to-date: /home/emily/sa-mrbt_ws/install/behaviortree_cpp/include
[42.795s] -- Up-to-date: /home/emily/sa-mrbt_ws/install/behaviortree_cpp/include/behaviortree_cpp
[42.795s] -- Up-to-date: /home/emily/sa-mrbt_ws/install/behaviortree_cpp/include/behaviortree_cpp/behavior_tree.h
[42.795s] -- Up-to-date: /home/emily/sa-mrbt_ws/install/behaviortree_cpp/include/behaviortree_cpp/condition_node.h
[42.795s] -- Up-to-date: /home/emily/sa-mrbt_ws/install/behaviortree_cpp/include/behaviortree_cpp/actions
[42.796s] -- Up-to-date: /home/emily/sa-mrbt_ws/install/behaviortree_cpp/include/behaviortree_cpp/actions/pop_from_queue.hpp
[42.796s] -- Up-to-date: /home/emily/sa-mrbt_ws/install/behaviortree_cpp/include/behaviortree_cpp/actions/set_blackboard_node.h
[42.796s] -- Up-to-date: /home/emily/sa-mrbt_ws/install/behaviortree_cpp/include/behaviortree_cpp/actions/unset_blackboard_node.h
[42.796s] -- Up-to-date: /home/emily/sa-mrbt_ws/install/behaviortree_cpp/include/behaviortree_cpp/actions/updated_action.h
[42.797s] -- Up-to-date: /home/emily/sa-mrbt_ws/install/behaviortree_cpp/include/behaviortree_cpp/actions/always_failure_node.h
[42.797s] -- Up-to-date: /home/emily/sa-mrbt_ws/install/behaviortree_cpp/include/behaviortree_cpp/actions/test_node.h
[42.797s] -- Up-to-date: /home/emily/sa-mrbt_ws/install/behaviortree_cpp/include/behaviortree_cpp/actions/script_node.h
[42.797s] -- Up-to-date: /home/emily/sa-mrbt_ws/install/behaviortree_cpp/include/behaviortree_cpp/actions/script_condition.h
[42.797s] -- Up-to-date: /home/emily/sa-mrbt_ws/install/behaviortree_cpp/include/behaviortree_cpp/actions/always_success_node.h
[42.798s] -- Up-to-date: /home/emily/sa-mrbt_ws/install/behaviortree_cpp/include/behaviortree_cpp/actions/sleep_node.h
[42.798s] -- Up-to-date: /home/emily/sa-mrbt_ws/install/behaviortree_cpp/include/behaviortree_cpp/leaf_node.h
[42.798s] -- Up-to-date: /home/emily/sa-mrbt_ws/install/behaviortree_cpp/include/behaviortree_cpp/scripting
[42.798s] -- Up-to-date: /home/emily/sa-mrbt_ws/install/behaviortree_cpp/include/behaviortree_cpp/scripting/any_types.hpp
[42.798s] -- Up-to-date: /home/emily/sa-mrbt_ws/install/behaviortree_cpp/include/behaviortree_cpp/scripting/operators.hpp
[42.798s] -- Up-to-date: /home/emily/sa-mrbt_ws/install/behaviortree_cpp/include/behaviortree_cpp/scripting/script_parser.hpp
[42.798s] -- Up-to-date: /home/emily/sa-mrbt_ws/install/behaviortree_cpp/include/behaviortree_cpp/controls
[42.799s] -- Up-to-date: /home/emily/sa-mrbt_ws/install/behaviortree_cpp/include/behaviortree_cpp/controls/while_do_else_node.h
[42.799s] -- Up-to-date: /home/emily/sa-mrbt_ws/install/behaviortree_cpp/include/behaviortree_cpp/controls/reactive_fallback.h
[42.799s] -- Up-to-date: /home/emily/sa-mrbt_ws/install/behaviortree_cpp/include/behaviortree_cpp/controls/fallback_node.h
[42.799s] -- Up-to-date: /home/emily/sa-mrbt_ws/install/behaviortree_cpp/include/behaviortree_cpp/controls/sequence_with_memory_node.h
[42.799s] -- Up-to-date: /home/emily/sa-mrbt_ws/install/behaviortree_cpp/include/behaviortree_cpp/controls/parallel_node.h
[42.799s] -- Up-to-date: /home/emily/sa-mrbt_ws/install/behaviortree_cpp/include/behaviortree_cpp/controls/reactive_sequence.h
[42.800s] -- Up-to-date: /home/emily/sa-mrbt_ws/install/behaviortree_cpp/include/behaviortree_cpp/controls/repeat_sequence.h
[42.800s] -- Up-to-date: /home/emily/sa-mrbt_ws/install/behaviortree_cpp/include/behaviortree_cpp/controls/switch_node.h
[42.800s] -- Up-to-date: /home/emily/sa-mrbt_ws/install/behaviortree_cpp/include/behaviortree_cpp/controls/parallel_all_node.h
[42.800s] -- Up-to-date: /home/emily/sa-mrbt_ws/install/behaviortree_cpp/include/behaviortree_cpp/controls/if_then_else_node.h
[42.800s] -- Installing: /home/emily/sa-mrbt_ws/install/behaviortree_cpp/include/behaviortree_cpp/controls/counter_sequence.h
[42.800s] -- Up-to-date: /home/emily/sa-mrbt_ws/install/behaviortree_cpp/include/behaviortree_cpp/controls/sequence_node.h
[42.800s] -- Up-to-date: /home/emily/sa-mrbt_ws/install/behaviortree_cpp/include/behaviortree_cpp/controls/manual_node.h
[42.801s] -- Up-to-date: /home/emily/sa-mrbt_ws/install/behaviortree_cpp/include/behaviortree_cpp/control_node.h
[42.801s] -- Up-to-date: /home/emily/sa-mrbt_ws/install/behaviortree_cpp/include/behaviortree_cpp/xml_parsing.h
[42.801s] -- Up-to-date: /home/emily/sa-mrbt_ws/install/behaviortree_cpp/include/behaviortree_cpp/action_node.h
[42.801s] -- Up-to-date: /home/emily/sa-mrbt_ws/install/behaviortree_cpp/include/behaviortree_cpp/exceptions.h
[42.802s] -- Up-to-date: /home/emily/sa-mrbt_ws/install/behaviortree_cpp/include/behaviortree_cpp/decorators
[42.802s] -- Up-to-date: /home/emily/sa-mrbt_ws/install/behaviortree_cpp/include/behaviortree_cpp/decorators/loop_node.h
[42.802s] -- Up-to-date: /home/emily/sa-mrbt_ws/install/behaviortree_cpp/include/behaviortree_cpp/decorators/consume_queue.h
[42.802s] -- Up-to-date: /home/emily/sa-mrbt_ws/install/behaviortree_cpp/include/behaviortree_cpp/decorators/force_failure_node.h
[42.802s] -- Up-to-date: /home/emily/sa-mrbt_ws/install/behaviortree_cpp/include/behaviortree_cpp/decorators/delay_node.h
[42.802s] -- Up-to-date: /home/emily/sa-mrbt_ws/install/behaviortree_cpp/include/behaviortree_cpp/decorators/timeout_node.h
[42.803s] -- Up-to-date: /home/emily/sa-mrbt_ws/install/behaviortree_cpp/include/behaviortree_cpp/decorators/retry_node.h
[42.803s] -- Up-to-date: /home/emily/sa-mrbt_ws/install/behaviortree_cpp/include/behaviortree_cpp/decorators/repeat_node.h
[42.803s] -- Up-to-date: /home/emily/sa-mrbt_ws/install/behaviortree_cpp/include/behaviortree_cpp/decorators/force_success_node.h
[42.803s] -- Up-to-date: /home/emily/sa-mrbt_ws/install/behaviortree_cpp/include/behaviortree_cpp/decorators/run_once_node.h
[42.803s] -- Up-to-date: /home/emily/sa-mrbt_ws/install/behaviortree_cpp/include/behaviortree_cpp/decorators/inverter_node.h
[42.804s] -- Up-to-date: /home/emily/sa-mrbt_ws/install/behaviortree_cpp/include/behaviortree_cpp/decorators/subtree_node.h
[42.804s] -- Up-to-date: /home/emily/sa-mrbt_ws/install/behaviortree_cpp/include/behaviortree_cpp/decorators/keep_running_until_failure_node.h
[42.804s] -- Up-to-date: /home/emily/sa-mrbt_ws/install/behaviortree_cpp/include/behaviortree_cpp/decorators/updated_decorator.h
[42.804s] -- Up-to-date: /home/emily/sa-mrbt_ws/install/behaviortree_cpp/include/behaviortree_cpp/decorators/script_precondition.h
[42.805s] -- Up-to-date: /home/emily/sa-mrbt_ws/install/behaviortree_cpp/include/behaviortree_cpp/bt_factory.h
[42.805s] -- Up-to-date: /home/emily/sa-mrbt_ws/install/behaviortree_cpp/include/behaviortree_cpp/blackboard.h
[42.805s] -- Up-to-date: /home/emily/sa-mrbt_ws/install/behaviortree_cpp/include/behaviortree_cpp/flatbuffers
[42.805s] -- Up-to-date: /home/emily/sa-mrbt_ws/install/behaviortree_cpp/include/behaviortree_cpp/flatbuffers/bt_flatbuffer_helper.h
[42.806s] -- Up-to-date: /home/emily/sa-mrbt_ws/install/behaviortree_cpp/include/behaviortree_cpp/basic_types.h
[42.806s] -- Up-to-date: /home/emily/sa-mrbt_ws/install/behaviortree_cpp/include/behaviortree_cpp/bt_parser.h
[42.806s] -- Up-to-date: /home/emily/sa-mrbt_ws/install/behaviortree_cpp/include/behaviortree_cpp/utils
[42.807s] -- Up-to-date: /home/emily/sa-mrbt_ws/install/behaviortree_cpp/include/behaviortree_cpp/utils/convert_impl.hpp
[42.807s] -- Up-to-date: /home/emily/sa-mrbt_ws/install/behaviortree_cpp/include/behaviortree_cpp/utils/signal.h
[42.807s] -- Up-to-date: /home/emily/sa-mrbt_ws/install/behaviortree_cpp/include/behaviortree_cpp/utils/wakeup_signal.hpp
[42.807s] -- Up-to-date: /home/emily/sa-mrbt_ws/install/behaviortree_cpp/include/behaviortree_cpp/utils/platform.hpp
[42.807s] -- Up-to-date: /home/emily/sa-mrbt_ws/install/behaviortree_cpp/include/behaviortree_cpp/utils/locked_reference.hpp
[42.808s] -- Up-to-date: /home/emily/sa-mrbt_ws/install/behaviortree_cpp/include/behaviortree_cpp/utils/strcat.hpp
[42.808s] -- Up-to-date: /home/emily/sa-mrbt_ws/install/behaviortree_cpp/include/behaviortree_cpp/utils/timer_queue.h
[42.808s] -- Up-to-date: /home/emily/sa-mrbt_ws/install/behaviortree_cpp/include/behaviortree_cpp/utils/simple_string.hpp
[42.808s] -- Up-to-date: /home/emily/sa-mrbt_ws/install/behaviortree_cpp/include/behaviortree_cpp/utils/demangle_util.h
[42.809s] -- Up-to-date: /home/emily/sa-mrbt_ws/install/behaviortree_cpp/include/behaviortree_cpp/utils/safe_any.hpp
[42.809s] -- Up-to-date: /home/emily/sa-mrbt_ws/install/behaviortree_cpp/include/behaviortree_cpp/utils/shared_library.h
[42.809s] -- Up-to-date: /home/emily/sa-mrbt_ws/install/behaviortree_cpp/include/behaviortree_cpp/json_export.h
[42.809s] -- Up-to-date: /home/emily/sa-mrbt_ws/install/behaviortree_cpp/include/behaviortree_cpp/decorator_node.h
[42.809s] -- Up-to-date: /home/emily/sa-mrbt_ws/install/behaviortree_cpp/include/behaviortree_cpp/tree_node.h
[42.809s] -- Up-to-date: /home/emily/sa-mrbt_ws/install/behaviortree_cpp/include/behaviortree_cpp/loggers
[42.809s] -- Up-to-date: /home/emily/sa-mrbt_ws/install/behaviortree_cpp/include/behaviortree_cpp/loggers/bt_file_logger_v2.h
[42.809s] -- Up-to-date: /home/emily/sa-mrbt_ws/install/behaviortree_cpp/include/behaviortree_cpp/loggers/bt_minitrace_logger.h
[42.809s] -- Up-to-date: /home/emily/sa-mrbt_ws/install/behaviortree_cpp/include/behaviortree_cpp/loggers/bt_observer.h
[42.809s] -- Up-to-date: /home/emily/sa-mrbt_ws/install/behaviortree_cpp/include/behaviortree_cpp/loggers/bt_cout_logger.h
[42.809s] -- Up-to-date: /home/emily/sa-mrbt_ws/install/behaviortree_cpp/include/behaviortree_cpp/loggers/abstract_logger.h
[42.809s] -- Up-to-date: /home/emily/sa-mrbt_ws/install/behaviortree_cpp/include/behaviortree_cpp/loggers/groot2_publisher.h
[42.809s] -- Up-to-date: /home/emily/sa-mrbt_ws/install/behaviortree_cpp/include/behaviortree_cpp/loggers/bt_sqlite_logger.h
[42.809s] -- Up-to-date: /home/emily/sa-mrbt_ws/install/behaviortree_cpp/include/behaviortree_cpp/loggers/groot2_protocol.h
[42.809s] -- Up-to-date: /home/emily/sa-mrbt_ws/install/behaviortree_cpp/include/behaviortree_cpp/contrib
[42.809s] -- Up-to-date: /home/emily/sa-mrbt_ws/install/behaviortree_cpp/include/behaviortree_cpp/contrib/json.hpp
[42.810s] -- Up-to-date: /home/emily/sa-mrbt_ws/install/behaviortree_cpp/include/behaviortree_cpp/contrib/magic_enum.hpp
[42.810s] -- Up-to-date: /home/emily/sa-mrbt_ws/install/behaviortree_cpp/include/behaviortree_cpp/contrib/expected.hpp
[42.810s] -- Up-to-date: /home/emily/sa-mrbt_ws/install/behaviortree_cpp/include/behaviortree_cpp/contrib/any.hpp
[42.810s] -- Up-to-date: /home/emily/sa-mrbt_ws/install/behaviortree_cpp/share/behaviortree_cpp/environment/library_path.sh
[42.810s] -- Up-to-date: /home/emily/sa-mrbt_ws/install/behaviortree_cpp/share/behaviortree_cpp/environment/library_path.dsv
[42.810s] -- Up-to-date: /home/emily/sa-mrbt_ws/install/behaviortree_cpp/share/ament_index/resource_index/package_run_dependencies/behaviortree_cpp
[42.810s] -- Up-to-date: /home/emily/sa-mrbt_ws/install/behaviortree_cpp/share/ament_index/resource_index/parent_prefix_path/behaviortree_cpp
[42.810s] -- Up-to-date: /home/emily/sa-mrbt_ws/install/behaviortree_cpp/share/behaviortree_cpp/environment/ament_prefix_path.sh
[42.810s] -- Up-to-date: /home/emily/sa-mrbt_ws/install/behaviortree_cpp/share/behaviortree_cpp/environment/ament_prefix_path.dsv
[42.810s] -- Up-to-date: /home/emily/sa-mrbt_ws/install/behaviortree_cpp/share/behaviortree_cpp/environment/path.sh
[42.810s] -- Up-to-date: /home/emily/sa-mrbt_ws/install/behaviortree_cpp/share/behaviortree_cpp/environment/path.dsv
[42.810s] -- Up-to-date: /home/emily/sa-mrbt_ws/install/behaviortree_cpp/share/behaviortree_cpp/local_setup.bash
[42.810s] -- Up-to-date: /home/emily/sa-mrbt_ws/install/behaviortree_cpp/share/behaviortree_cpp/local_setup.sh
[42.810s] -- Up-to-date: /home/emily/sa-mrbt_ws/install/behaviortree_cpp/share/behaviortree_cpp/local_setup.zsh
[42.810s] -- Up-to-date: /home/emily/sa-mrbt_ws/install/behaviortree_cpp/share/behaviortree_cpp/local_setup.dsv
[42.810s] -- Installing: /home/emily/sa-mrbt_ws/install/behaviortree_cpp/share/behaviortree_cpp/package.dsv
[42.810s] -- Up-to-date: /home/emily/sa-mrbt_ws/install/behaviortree_cpp/share/ament_index/resource_index/packages/behaviortree_cpp
[42.810s] -- Up-to-date: /home/emily/sa-mrbt_ws/install/behaviortree_cpp/share/behaviortree_cpp/cmake/behaviortree_cppTargetsExport.cmake
[42.810s] -- Up-to-date: /home/emily/sa-mrbt_ws/install/behaviortree_cpp/share/behaviortree_cpp/cmake/behaviortree_cppTargetsExport-release.cmake
[42.810s] -- Up-to-date: /home/emily/sa-mrbt_ws/install/behaviortree_cpp/share/behaviortree_cpp/cmake/ament_cmake_export_dependencies-extras.cmake
[42.810s] -- Up-to-date: /home/emily/sa-mrbt_ws/install/behaviortree_cpp/share/behaviortree_cpp/cmake/ament_cmake_export_include_directories-extras.cmake
[42.811s] -- Up-to-date: /home/emily/sa-mrbt_ws/install/behaviortree_cpp/share/behaviortree_cpp/cmake/ament_cmake_export_libraries-extras.cmake
[42.811s] -- Up-to-date: /home/emily/sa-mrbt_ws/install/behaviortree_cpp/share/behaviortree_cpp/cmake/ament_cmake_export_targets-extras.cmake
[42.811s] -- Up-to-date: /home/emily/sa-mrbt_ws/install/behaviortree_cpp/share/behaviortree_cpp/cmake/behaviortree_cppConfig.cmake
[42.811s] -- Up-to-date: /home/emily/sa-mrbt_ws/install/behaviortree_cpp/share/behaviortree_cpp/cmake/behaviortree_cppConfig-version.cmake
[42.811s] -- Up-to-date: /home/emily/sa-mrbt_ws/install/behaviortree_cpp/share/behaviortree_cpp/package.xml
[42.811s] Invoked command in '/home/emily/sa-mrbt_ws/build/behaviortree_cpp' returned '0': CMAKE_PREFIX_PATH=${CMAKE_PREFIX_PATH}:/opt/ros/iron /usr/bin/cmake --install /home/emily/sa-mrbt_ws/build/behaviortree_cpp
