[0.006s] Invoking command in '/home/emily/sa-mrbt_ws/build/simulator': CMAKE_PREFIX_PATH=/home/emily/sa-mrbt_ws/install/behaviortree_cpp:/home/emily/sa-mrbt_ws/install/simulator:/opt/ros/iron /usr/bin/cmake --build /home/emily/sa-mrbt_ws/build/simulator -- -j12 -l12
[0.041s] [35m[1mConsolidate compiler generated dependencies of target sim[0m
[0.064s] [  7%] [32mBuilding CXX object CMakeFiles/sim.dir/src/behavior_tree.cpp.o[0m
[1.677s] [01m[K/home/emily/sa-mrbt_ws/src/simplified_marine_sim/src/behavior_tree.cpp:[m[K In member function ‘[01m[Kvirtual BT::NodeStatus FollowCoveragePath::onRunning()[m[K’:
[1.677s] [01m[K/home/emily/sa-mrbt_ws/src/simplified_marine_sim/src/behavior_tree.cpp:811:13:[m[K [01;31m[Kerror: [m[K‘[01m[Kadd[m[K’ was not declared in this scope
[1.677s]   811 |             [01;31m[Kadd[m[K logic here
[1.677s]       |             [01;31m[K^~~[m[K
[1.677s] [01m[K/home/emily/sa-mrbt_ws/src/simplified_marine_sim/src/behavior_tree.cpp:811:13:[m[K [01;36m[Knote: [m[Ksuggested alternatives:
[1.677s] In file included from [01m[K/usr/include/opencv4/opencv2/opencv.hpp:52[m[K,
[1.677s]                  from [01m[K/home/emily/sa-mrbt_ws/src/simplified_marine_sim/include/world.hpp:4[m[K,
[1.677s]                  from [01m[K/home/emily/sa-mrbt_ws/src/simplified_marine_sim/include/behavior_tree.hpp:7[m[K,
[1.677s]                  from [01m[K/home/emily/sa-mrbt_ws/src/simplified_marine_sim/src/behavior_tree.cpp:1[m[K:
[1.677s] [01m[K/usr/include/opencv4/opencv2/core.hpp:360:19:[m[K [01;36m[Knote: [m[K  ‘[01m[Kcv::add[m[K’
[1.677s]   360 | CV_EXPORTS_W void [01;36m[Kadd[m[K(InputArray src1, InputArray src2, OutputArray dst,
[1.677s]       |                   [01;36m[K^~~[m[K
[1.677s] In file included from [01m[K/usr/include/c++/11/filesystem:44[m[K,
[1.677s]                  from [01m[K/home/emily/sa-mrbt_ws/install/behaviortree_cpp/include/behaviortree_cpp/bt_factory.h:17[m[K,
[1.677s]                  from [01m[K/home/emily/sa-mrbt_ws/src/simplified_marine_sim/include/behavior_tree.hpp:6[m[K,
[1.678s]                  from [01m[K/home/emily/sa-mrbt_ws/src/simplified_marine_sim/src/behavior_tree.cpp:1[m[K:
[1.678s] [01m[K/usr/include/c++/11/bits/fs_fwd.h:211:7:[m[K [01;36m[Knote: [m[K  ‘[01m[Kstd::filesystem::perm_options::add[m[K’
[1.678s]   211 |       [01;36m[Kadd[m[K       = 0x2,
[1.678s]       |       [01;36m[K^~~[m[K
[1.682s] [01m[K/home/emily/sa-mrbt_ws/src/simplified_marine_sim/src/behavior_tree.cpp:813:29:[m[K [01;31m[Kerror: [m[K‘[01m[Kcurrent_task[m[K’ was not declared in this scope
[1.682s]   813 |             double reward = [01;31m[Kcurrent_task[m[K.reward;
[1.682s]       |                             [01;31m[K^~~~~~~~~~~~[m[K
[2.828s] gmake[2]: *** [CMakeFiles/sim.dir/build.make:202: CMakeFiles/sim.dir/src/behavior_tree.cpp.o] Error 1
[2.828s] gmake[1]: *** [CMakeFiles/Makefile2:137: CMakeFiles/sim.dir/all] Error 2
[2.829s] gmake: *** [Makefile:146: all] Error 2
[2.830s] Invoked command in '/home/emily/sa-mrbt_ws/build/simulator' returned '2': CMAKE_PREFIX_PATH=/home/emily/sa-mrbt_ws/install/behaviortree_cpp:/home/emily/sa-mrbt_ws/install/simulator:/opt/ros/iron /usr/bin/cmake --build /home/emily/sa-mrbt_ws/build/simulator -- -j12 -l12
