[0.006s] Invoking command in '/home/emily/sa-mrbt_ws/build/simulator': CMAKE_PREFIX_PATH=/home/emily/sa-mrbt_ws/install/behaviortree_cpp:/home/emily/sa-mrbt_ws/install/simulator:/opt/ros/iron /usr/bin/cmake --build /home/emily/sa-mrbt_ws/build/simulator -- -j12 -l12
[0.040s] [35m[1mConsolidate compiler generated dependencies of target sim[0m
[0.064s] [ 15%] [32mBuilding CXX object CMakeFiles/sim.dir/src/CBBA.cpp.o[0m
[0.064s] [ 15%] [32mBuilding CXX object CMakeFiles/sim.dir/src/sim.cpp.o[0m
[0.064s] [ 23%] [32mBuilding CXX object CMakeFiles/sim.dir/src/CBGA.cpp.o[0m
[0.064s] [ 30%] [32mBuilding CXX object CMakeFiles/sim.dir/src/planners.cpp.o[0m
[0.065s] [ 38%] [32mBuilding CXX object CMakeFiles/sim.dir/src/world.cpp.o[0m
[0.065s] [ 46%] [32mBuilding CXX object CMakeFiles/sim.dir/src/message.cpp.o[0m
[0.068s] [ 53%] [32mBuilding CXX object CMakeFiles/sim.dir/src/behavior_tree.cpp.o[0m
[0.069s] [ 61%] [32mBuilding CXX object CMakeFiles/sim.dir/src/robot.cpp.o[0m
[0.069s] [ 69%] [32mBuilding CXX object CMakeFiles/sim.dir/src/parser.cpp.o[0m
[0.070s] [ 76%] [32mBuilding CXX object CMakeFiles/sim.dir/src/greedy.cpp.o[0m
[4.411s] [01m[K/home/emily/sa-mrbt_ws/src/simplified_marine_sim/src/robot.cpp:[m[K In member function ‘[01m[Kvoid Robot::updateLocations()[m[K’:
[4.411s] [01m[K/home/emily/sa-mrbt_ws/src/simplified_marine_sim/src/robot.cpp:507:48:[m[K [01;31m[Kerror: [m[K‘[01m[KgetMostUpToDateNeighborInfo[m[K’ was not declared in this scope
[4.412s]   507 |             std::pair<int, Pose2D> best_info = [01;31m[KgetMostUpToDateNeighborInfo[m[K(id_k);
[4.412s]       |                                                [01;31m[K^~~~~~~~~~~~~~~~~~~~~~~~~~~[m[K
[4.419s] [01m[K/home/emily/sa-mrbt_ws/src/simplified_marine_sim/src/robot.cpp:513:35:[m[K [01;31m[Kerror: [m[K‘[01m[Klocations_m[m[K’ was not declared in this scope; did you mean ‘[01m[Klocations[m[K’?
[4.419s]   513 |                 locations[id_k] = [01;31m[Klocations_m[m[K[id_k];
[4.419s]       |                                   [01;31m[K^~~~~~~~~~~[m[K
[4.419s]       |                                   [32m[Klocations[m[K
[4.426s] [01m[K/home/emily/sa-mrbt_ws/src/simplified_marine_sim/src/robot.cpp:[m[K In function ‘[01m[Kstd::pair<int, Pose2D> getMostUpToDateNeighborInfo(int)[m[K’:
[4.426s] [01m[K/home/emily/sa-mrbt_ws/src/simplified_marine_sim/src/robot.cpp:530:5:[m[K [01;31m[Kerror: [m[K‘[01m[Kdefer_to_id[m[K’ was not declared in this scope
[4.426s]   530 |     [01;31m[Kdefer_to_id[m[K = id;
[4.426s]       |     [01;31m[K^~~~~~~~~~~[m[K
[4.430s] [01m[K/home/emily/sa-mrbt_ws/src/simplified_marine_sim/src/robot.cpp:530:19:[m[K [01;31m[Kerror: [m[K‘[01m[Kid[m[K’ was not declared in this scope; did you mean ‘[01m[Kid_k[m[K’?
[4.430s]   530 |     defer_to_id = [01;31m[Kid[m[K;
[4.430s]       |                   [01;31m[K^~[m[K
[4.430s]       |                   [32m[Kid_k[m[K
[4.437s] [01m[K/home/emily/sa-mrbt_ws/src/simplified_marine_sim/src/robot.cpp:531:5:[m[K [01;31m[Kerror: [m[K‘[01m[Kmax_k_timestamp[m[K’ was not declared in this scope
[4.437s]   531 |     [01;31m[Kmax_k_timestamp[m[K = timestamps[id_k];
[4.437s]       |     [01;31m[K^~~~~~~~~~~~~~~[m[K
[4.442s] [01m[K/home/emily/sa-mrbt_ws/src/simplified_marine_sim/src/robot.cpp:531:23:[m[K [01;31m[Kerror: [m[K‘[01m[Ktimestamps[m[K’ was not declared in this scope; did you mean ‘[01m[Kmkstemps[m[K’?
[4.442s]   531 |     max_k_timestamp = [01;31m[Ktimestamps[m[K[id_k];
[4.443s]       |                       [01;31m[K^~~~~~~~~~[m[K
[4.443s]       |                       [32m[Kmkstemps[m[K
[4.452s] [01m[K/home/emily/sa-mrbt_ws/src/simplified_marine_sim/src/robot.cpp:532:5:[m[K [01;31m[Kerror: [m[K‘[01m[Kmost_recent_k_location[m[K’ was not declared in this scope
[4.452s]   532 |     [01;31m[Kmost_recent_k_location[m[K = locations[id_k];
[4.452s]       |     [01;31m[K^~~~~~~~~~~~~~~~~~~~~~[m[K
[4.457s] [01m[K/home/emily/sa-mrbt_ws/src/simplified_marine_sim/src/robot.cpp:532:30:[m[K [01;31m[Kerror: [m[K‘[01m[Klocations[m[K’ was not declared in this scope
[4.457s]   532 |     most_recent_k_location = [01;31m[Klocations[m[K[id_k];
[4.457s]       |                              [01;31m[K^~~~~~~~~[m[K
[4.464s] [01m[K/home/emily/sa-mrbt_ws/src/simplified_marine_sim/src/robot.cpp:534:21:[m[K [01;31m[Kerror: [m[K‘[01m[Kmessage_queue[m[K’ was not declared in this scope
[4.464s]   534 |     for (Msg& msg : [01;31m[Kmessage_queue[m[K) {
[4.464s]       |                     [01;31m[K^~~~~~~~~~~~~[m[K
[4.464s] [01m[K/home/emily/sa-mrbt_ws/src/simplified_marine_sim/src/robot.cpp:539:36:[m[K [01;31m[Kerror: [m[Kno match for ‘[01m[Koperator=[m[K’ (operand types are ‘[01m[KPose2D[m[K’ and ‘[01m[Kstd::unordered_map<int, Pose2D>[m[K’)
[4.464s]   539 |             best_info.second = msg.[01;31m[Klocations[m[K; // locations_m
[4.464s]       |                                    [01;31m[K^~~~~~~~~[m[K
[4.464s] In file included from [01m[K/home/emily/sa-mrbt_ws/src/simplified_marine_sim/src/robot.cpp:3[m[K:
[4.464s] [01m[K/home/emily/sa-mrbt_ws/src/simplified_marine_sim/include/planners.hpp:17:8:[m[K [01;36m[Knote: [m[Kcandidate: ‘[01m[Kconstexpr Pose2D& Pose2D::operator=(const Pose2D&)[m[K’
[4.464s]    17 | struct [01;36m[KPose2D[m[K
[4.465s]       |        [01;36m[K^~~~~~[m[K
[4.465s] [01m[K/home/emily/sa-mrbt_ws/src/simplified_marine_sim/include/planners.hpp:17:8:[m[K [01;36m[Knote: [m[K  no known conversion for argument 1 from ‘[01m[Kstd::unordered_map<int, Pose2D>[m[K’ to ‘[01m[Kconst Pose2D&[m[K’
[4.465s] [01m[K/home/emily/sa-mrbt_ws/src/simplified_marine_sim/include/planners.hpp:17:8:[m[K [01;36m[Knote: [m[Kcandidate: ‘[01m[Kconstexpr Pose2D& Pose2D::operator=(Pose2D&&)[m[K’
[4.465s] [01m[K/home/emily/sa-mrbt_ws/src/simplified_marine_sim/include/planners.hpp:17:8:[m[K [01;36m[Knote: [m[K  no known conversion for argument 1 from ‘[01m[Kstd::unordered_map<int, Pose2D>[m[K’ to ‘[01m[KPose2D&&[m[K’
[5.739s] gmake[2]: *** [CMakeFiles/sim.dir/build.make:188: CMakeFiles/sim.dir/src/robot.cpp.o] Error 1
[5.739s] gmake[2]: *** Waiting for unfinished jobs....
[6.152s] gmake[1]: *** [CMakeFiles/Makefile2:137: CMakeFiles/sim.dir/all] Error 2
[6.152s] gmake: *** [Makefile:146: all] Error 2
[6.154s] Invoked command in '/home/emily/sa-mrbt_ws/build/simulator' returned '2': CMAKE_PREFIX_PATH=/home/emily/sa-mrbt_ws/install/behaviortree_cpp:/home/emily/sa-mrbt_ws/install/simulator:/opt/ros/iron /usr/bin/cmake --build /home/emily/sa-mrbt_ws/build/simulator -- -j12 -l12
