[35m[1mConsolidate compiler generated dependencies of target sim[0m
[  7%] [32mBuilding CXX object CMakeFiles/sim.dir/src/CBGA.cpp.o[0m
[ 15%] [32mBuilding CXX object CMakeFiles/sim.dir/src/robot.cpp.o[0m
[01m[K/home/emily/sa-mrbt_ws/src/simplified_marine_sim/src/CBGA.cpp:[m[K In member function ‘[01m[Kvoid CBGA::bundleAdd(std::vector<int>&, std::vector<int>&, std::map<int, double>&, std::vector<std::vector<double, std::allocator<double> > >&)[m[K’:
[01m[K/home/emily/sa-mrbt_ws/src/simplified_marine_sim/src/CBGA.cpp:887:27:[m[K [01;31m[Kerror: [m[K‘[01m[Kclass World[m[K’ has no member named ‘[01m[KtaskAlreadyStarted[m[K’
  887 |                 if (world.[01;31m[KtaskAlreadyStarted[m[K(task_id)) {
      |                           [01;31m[K^~~~~~~~~~~~~~~~~~[m[K
[01m[K/home/emily/sa-mrbt_ws/src/simplified_marine_sim/src/CBGA.cpp:[m[K In member function ‘[01m[Kvoid CBGA::resolveConflicts(bool)[m[K’:
[01m[K/home/emily/sa-mrbt_ws/src/simplified_marine_sim/src/CBGA.cpp:1435:23:[m[K [01;31m[Kerror: [m[K‘[01m[Kclass World[m[K’ has no member named ‘[01m[KtaskAlreadyStarted[m[K’
 1435 |             if (world.[01;31m[KtaskAlreadyStarted[m[K(task_id)) {
      |                       [01;31m[K^~~~~~~~~~~~~~~~~~[m[K
gmake[2]: *** [CMakeFiles/sim.dir/build.make:104: CMakeFiles/sim.dir/src/CBGA.cpp.o] Error 1
gmake[2]: *** Waiting for unfinished jobs....
[01m[K/home/emily/sa-mrbt_ws/src/simplified_marine_sim/src/robot.cpp:[m[K In member function ‘[01m[Kvoid Robot::updateTaskProgress()[m[K’:
[01m[K/home/emily/sa-mrbt_ws/src/simplified_marine_sim/src/robot.cpp:1132:28:[m[K [01;31m[Kerror: [m[K‘[01m[Kmessages[m[K’ was not declared in this scope; did you mean ‘[01m[Kstd::__cxx11::messages[m[K’?
 1132 |     for (const auto& msg : [01;31m[Kmessages[m[K) {
      |                            [01;31m[K^~~~~~~~[m[K
      |                            [32m[Kstd::__cxx11::messages[m[K
In file included from [01m[K/usr/include/c++/11/string:43[m[K,
                 from [01m[K/usr/include/c++/11/stdexcept:39[m[K,
                 from [01m[K/home/emily/sa-mrbt_ws/src/simplified_marine_sim/src/robot.cpp:2[m[K:
[01m[K/usr/include/c++/11/bits/localefwd.h:206:11:[m[K [01;36m[Knote: [m[K‘[01m[Kstd::__cxx11::messages[m[K’ declared here
  206 |     class [01;36m[Kmessages[m[K;
      |           [01;36m[K^~~~~~~~[m[K
gmake[2]: *** [CMakeFiles/sim.dir/build.make:188: CMakeFiles/sim.dir/src/robot.cpp.o] Error 1
gmake[1]: *** [CMakeFiles/Makefile2:137: CMakeFiles/sim.dir/all] Error 2
gmake: *** [Makefile:146: all] Error 2
