[0.006s] Invoking command in '/home/emily/sa-mrbt_ws/build/simulator': CMAKE_PREFIX_PATH=/home/emily/sa-mrbt_ws/install/behaviortree_cpp:/home/emily/sa-mrbt_ws/install/simulator:/opt/ros/iron /usr/bin/cmake --build /home/emily/sa-mrbt_ws/build/simulator -- -j12 -l12
[0.040s] [35m[1mConsolidate compiler generated dependencies of target sim[0m
[0.063s] [  7%] [32mBuilding CXX object CMakeFiles/sim.dir/src/CBGA.cpp.o[0m
[0.064s] [ 15%] [32mBuilding CXX object CMakeFiles/sim.dir/src/robot.cpp.o[0m
[1.708s] [01m[K/home/emily/sa-mrbt_ws/src/simplified_marine_sim/src/CBGA.cpp:[m[K In member function ‘[01m[Kvoid CBGA::bundleAdd(std::vector<int>&, std::vector<int>&, std::map<int, double>&, std::vector<std::vector<double, std::allocator<double> > >&)[m[K’:
[1.708s] [01m[K/home/emily/sa-mrbt_ws/src/simplified_marine_sim/src/CBGA.cpp:887:27:[m[K [01;31m[Kerror: [m[K‘[01m[Kclass World[m[K’ has no member named ‘[01m[KtaskAlreadyStarted[m[K’
[1.708s]   887 |                 if (world.[01;31m[KtaskAlreadyStarted[m[K(task_id)) {
[1.708s]       |                           [01;31m[K^~~~~~~~~~~~~~~~~~[m[K
[1.718s] [01m[K/home/emily/sa-mrbt_ws/src/simplified_marine_sim/src/CBGA.cpp:[m[K In member function ‘[01m[Kvoid CBGA::resolveConflicts(bool)[m[K’:
[1.718s] [01m[K/home/emily/sa-mrbt_ws/src/simplified_marine_sim/src/CBGA.cpp:1435:23:[m[K [01;31m[Kerror: [m[K‘[01m[Kclass World[m[K’ has no member named ‘[01m[KtaskAlreadyStarted[m[K’
[1.718s]  1435 |             if (world.[01;31m[KtaskAlreadyStarted[m[K(task_id)) {
[1.718s]       |                       [01;31m[K^~~~~~~~~~~~~~~~~~[m[K
[2.574s] gmake[2]: *** [CMakeFiles/sim.dir/build.make:104: CMakeFiles/sim.dir/src/CBGA.cpp.o] Error 1
[2.574s] gmake[2]: *** Waiting for unfinished jobs....
[3.272s] [01m[K/home/emily/sa-mrbt_ws/src/simplified_marine_sim/src/robot.cpp:[m[K In member function ‘[01m[Kvoid Robot::updateTaskProgress()[m[K’:
[3.272s] [01m[K/home/emily/sa-mrbt_ws/src/simplified_marine_sim/src/robot.cpp:1132:28:[m[K [01;31m[Kerror: [m[K‘[01m[Kmessages[m[K’ was not declared in this scope; did you mean ‘[01m[Kstd::__cxx11::messages[m[K’?
[3.272s]  1132 |     for (const auto& msg : [01;31m[Kmessages[m[K) {
[3.272s]       |                            [01;31m[K^~~~~~~~[m[K
[3.272s]       |                            [32m[Kstd::__cxx11::messages[m[K
[3.272s] In file included from [01m[K/usr/include/c++/11/string:43[m[K,
[3.272s]                  from [01m[K/usr/include/c++/11/stdexcept:39[m[K,
[3.272s]                  from [01m[K/home/emily/sa-mrbt_ws/src/simplified_marine_sim/src/robot.cpp:2[m[K:
[3.272s] [01m[K/usr/include/c++/11/bits/localefwd.h:206:11:[m[K [01;36m[Knote: [m[K‘[01m[Kstd::__cxx11::messages[m[K’ declared here
[3.272s]   206 |     class [01;36m[Kmessages[m[K;
[3.272s]       |           [01;36m[K^~~~~~~~[m[K
[4.413s] gmake[2]: *** [CMakeFiles/sim.dir/build.make:188: CMakeFiles/sim.dir/src/robot.cpp.o] Error 1
[4.413s] gmake[1]: *** [CMakeFiles/Makefile2:137: CMakeFiles/sim.dir/all] Error 2
[4.414s] gmake: *** [Makefile:146: all] Error 2
[4.415s] Invoked command in '/home/emily/sa-mrbt_ws/build/simulator' returned '2': CMAKE_PREFIX_PATH=/home/emily/sa-mrbt_ws/install/behaviortree_cpp:/home/emily/sa-mrbt_ws/install/simulator:/opt/ros/iron /usr/bin/cmake --build /home/emily/sa-mrbt_ws/build/simulator -- -j12 -l12
