[01m[K/home/emily/sa-mrbt_ws/src/simplified_marine_sim/src/CBBA.cpp:[m[K In member function ‘[01m[Kvoid CBBA::buildBundle()[m[K’:
[01m[K/home/emily/sa-mrbt_ws/src/simplified_marine_sim/src/CBBA.cpp:95:15:[m[K [01;31m[Kerror: [m[Kexpected ‘[01m[K;[m[K’ before ‘[01m[Kthis[m[K’
   95 |         update[01;31m[K [m[K[32m[Kthis[m[K to match new reset in CBGA if it avoids seg fault for CBGA
      |               [01;31m[K^[m[K[32m[K~~~~[m[K
      |               [32m[K;[m[K
[01m[K/home/emily/sa-mrbt_ws/src/simplified_marine_sim/src/CBBA.cpp:95:9:[m[K [01;31m[Kerror: [m[Kinvalid use of non-static member function ‘[01m[Kvoid CBBA::update(int, std::unordered_map<int, int>&, std::unordered_map<int, int>, std::unordered_map<int, double>&, std::unordered_map<int, double>)[m[K’
   95 |         [01;31m[Kupdate[m[K this to match new reset in CBGA if it avoids seg fault for CBGA
      |         [01;31m[K^~~~~~[m[K
In file included from [01m[K/home/emily/sa-mrbt_ws/src/simplified_marine_sim/include/robot.hpp:11[m[K,
                 from [01m[K/home/emily/sa-mrbt_ws/src/simplified_marine_sim/include/world.hpp:8[m[K,
                 from [01m[K/home/emily/sa-mrbt_ws/src/simplified_marine_sim/src/CBBA.cpp:6[m[K:
[01m[K/home/emily/sa-mrbt_ws/src/simplified_marine_sim/include/CBBA.hpp:125:10:[m[K [01;36m[Knote: [m[Kdeclared here
  125 |     void [01;36m[Kupdate[m[K(int j, std::unordered_map<int, int>& winners_i, std::unordered_map<int, int> winners_k,
      |          [01;36m[K^~~~~~[m[K
[01m[K/home/emily/sa-mrbt_ws/src/simplified_marine_sim/src/CBBA.cpp:97:9:[m[K [01;31m[Kerror: [m[K‘[01m[Kbids[m[K’ was not declared in this scope
   97 |         [01;31m[Kbids[m[K = robot.initBids();
      |         [01;31m[K^~~~[m[K
gmake[2]: *** [CMakeFiles/sim.dir/build.make:90: CMakeFiles/sim.dir/src/CBBA.cpp.o] Error 1
gmake[2]: *** Waiting for unfinished jobs....
gmake[1]: *** [CMakeFiles/Makefile2:137: CMakeFiles/sim.dir/all] Error 2
gmake: *** [Makefile:146: all] Error 2
