[0.006s] Invoking command in '/home/emily/sa-mrbt_ws/build/simulator': CMAKE_PREFIX_PATH=/home/emily/sa-mrbt_ws/install/behaviortree_cpp:/home/emily/sa-mrbt_ws/install/simulator:/opt/ros/iron /usr/bin/cmake --build /home/emily/sa-mrbt_ws/build/simulator -- -j12 -l12
[0.040s] [35m[1mConsolidate compiler generated dependencies of target sim[0m
[0.064s] [  7%] [32mBuilding CXX object CMakeFiles/sim.dir/src/sim.cpp.o[0m
[0.064s] [ 15%] [32mBuilding CXX object CMakeFiles/sim.dir/src/CBBA.cpp.o[0m
[0.065s] [ 23%] [32mBuilding CXX object CMakeFiles/sim.dir/src/message.cpp.o[0m
[0.065s] [ 30%] [32mBuilding CXX object CMakeFiles/sim.dir/src/CBGA.cpp.o[0m
[0.066s] [ 38%] [32mBuilding CXX object CMakeFiles/sim.dir/src/planners.cpp.o[0m
[0.066s] [ 46%] [32mBuilding CXX object CMakeFiles/sim.dir/src/world.cpp.o[0m
[0.069s] [ 53%] [32mBuilding CXX object CMakeFiles/sim.dir/src/robot.cpp.o[0m
[0.070s] [ 61%] [32mBuilding CXX object CMakeFiles/sim.dir/src/parser.cpp.o[0m
[0.070s] [ 69%] [32mBuilding CXX object CMakeFiles/sim.dir/src/behavior_tree.cpp.o[0m
[0.071s] [ 76%] [32mBuilding CXX object CMakeFiles/sim.dir/src/greedy.cpp.o[0m
[2.238s] [01m[K/home/emily/sa-mrbt_ws/src/simplified_marine_sim/src/CBBA.cpp:[m[K In member function ‘[01m[Kvoid CBBA::buildBundle()[m[K’:
[2.238s] [01m[K/home/emily/sa-mrbt_ws/src/simplified_marine_sim/src/CBBA.cpp:95:15:[m[K [01;31m[Kerror: [m[Kexpected ‘[01m[K;[m[K’ before ‘[01m[Kthis[m[K’
[2.239s]    95 |         update[01;31m[K [m[K[32m[Kthis[m[K to match new reset in CBGA if it avoids seg fault for CBGA
[2.239s]       |               [01;31m[K^[m[K[32m[K~~~~[m[K
[2.239s]       |               [32m[K;[m[K
[2.239s] [01m[K/home/emily/sa-mrbt_ws/src/simplified_marine_sim/src/CBBA.cpp:95:9:[m[K [01;31m[Kerror: [m[Kinvalid use of non-static member function ‘[01m[Kvoid CBBA::update(int, std::unordered_map<int, int>&, std::unordered_map<int, int>, std::unordered_map<int, double>&, std::unordered_map<int, double>)[m[K’
[2.239s]    95 |         [01;31m[Kupdate[m[K this to match new reset in CBGA if it avoids seg fault for CBGA
[2.239s]       |         [01;31m[K^~~~~~[m[K
[2.239s] In file included from [01m[K/home/emily/sa-mrbt_ws/src/simplified_marine_sim/include/robot.hpp:11[m[K,
[2.239s]                  from [01m[K/home/emily/sa-mrbt_ws/src/simplified_marine_sim/include/world.hpp:8[m[K,
[2.239s]                  from [01m[K/home/emily/sa-mrbt_ws/src/simplified_marine_sim/src/CBBA.cpp:6[m[K:
[2.239s] [01m[K/home/emily/sa-mrbt_ws/src/simplified_marine_sim/include/CBBA.hpp:125:10:[m[K [01;36m[Knote: [m[Kdeclared here
[2.239s]   125 |     void [01;36m[Kupdate[m[K(int j, std::unordered_map<int, int>& winners_i, std::unordered_map<int, int> winners_k,
[2.240s]       |          [01;36m[K^~~~~~[m[K
[2.242s] [01m[K/home/emily/sa-mrbt_ws/src/simplified_marine_sim/src/CBBA.cpp:97:9:[m[K [01;31m[Kerror: [m[K‘[01m[Kbids[m[K’ was not declared in this scope
[2.243s]    97 |         [01;31m[Kbids[m[K = robot.initBids();
[2.243s]       |         [01;31m[K^~~~[m[K
[3.644s] gmake[2]: *** [CMakeFiles/sim.dir/build.make:90: CMakeFiles/sim.dir/src/CBBA.cpp.o] Error 1
[3.644s] gmake[2]: *** Waiting for unfinished jobs....
[7.318s] gmake[1]: *** [CMakeFiles/Makefile2:137: CMakeFiles/sim.dir/all] Error 2
[7.318s] gmake: *** [Makefile:146: all] Error 2
[7.320s] Invoked command in '/home/emily/sa-mrbt_ws/build/simulator' returned '2': CMAKE_PREFIX_PATH=/home/emily/sa-mrbt_ws/install/behaviortree_cpp:/home/emily/sa-mrbt_ws/install/simulator:/opt/ros/iron /usr/bin/cmake --build /home/emily/sa-mrbt_ws/build/simulator -- -j12 -l12
