[0.006s] Invoking command in '/home/emily/sa-mrbt_ws/build/simulator': CMAKE_PREFIX_PATH=/home/emily/sa-mrbt_ws/install/behaviortree_cpp:/home/emily/sa-mrbt_ws/install/simulator:/opt/ros/iron /usr/bin/cmake --build /home/emily/sa-mrbt_ws/build/simulator -- -j12 -l12
[0.040s] [35m[1mConsolidate compiler generated dependencies of target sim[0m
[0.063s] [  7%] [32mBuilding CXX object CMakeFiles/sim.dir/src/behavior_tree.cpp.o[0m
[1.748s] [01m[K/home/emily/sa-mrbt_ws/src/simplified_marine_sim/src/behavior_tree.cpp:[m[K In lambda function:
[1.749s] [01m[K/home/emily/sa-mrbt_ws/src/simplified_marine_sim/src/behavior_tree.cpp:1679:28:[m[K [01;31m[Kerror: [m[Kexpected ‘[01m[K{[m[K’ before ‘[01m[K;[m[K’ token
[1.749s]  1679 |             _waypoints = [][01;31m[K;[m[K //_shortest_path_planner.replan(current_pose, goal_pose, _world.getX(), _world.getY());
[1.749s]       |                            [01;31m[K^[m[K
[1.749s] [01m[K/home/emily/sa-mrbt_ws/src/simplified_marine_sim/src/behavior_tree.cpp:[m[K In member function ‘[01m[Kvirtual BT::NodeStatus Subtask_1::onRunning()[m[K’:
[1.749s] [01m[K/home/emily/sa-mrbt_ws/src/simplified_marine_sim/src/behavior_tree.cpp:1679:28:[m[K [01;31m[Kerror: [m[Kno match for ‘[01m[Koperator=[m[K’ (operand types are ‘[01m[Kstd::vector<Pose2D>[m[K’ and ‘[01m[KSubtask_1::onRunning()::<lambda()>[m[K’)
[1.749s] In file included from [01m[K/usr/include/c++/11/vector:72[m[K,
[1.749s]                  from [01m[K/usr/include/c++/11/functional:62[m[K,
[1.749s]                  from [01m[K/home/emily/sa-mrbt_ws/install/behaviortree_cpp/include/behaviortree_cpp/bt_factory.h:18[m[K,
[1.749s]                  from [01m[K/home/emily/sa-mrbt_ws/src/simplified_marine_sim/include/behavior_tree.hpp:6[m[K,
[1.750s]                  from [01m[K/home/emily/sa-mrbt_ws/src/simplified_marine_sim/src/behavior_tree.cpp:1[m[K:
[1.750s] [01m[K/usr/include/c++/11/bits/vector.tcc:198:5:[m[K [01;36m[Knote: [m[Kcandidate: ‘[01m[Kstd::vector<_Tp, _Alloc>& std::vector<_Tp, _Alloc>::operator=(const std::vector<_Tp, _Alloc>&) [with _Tp = Pose2D; _Alloc = std::allocator<Pose2D>][m[K’
[1.750s]   198 |     [01;36m[Kvector<_Tp, _Alloc>[m[K::
[1.750s]       |     [01;36m[K^~~~~~~~~~~~~~~~~~~[m[K
[1.750s] [01m[K/usr/include/c++/11/bits/vector.tcc:199:42:[m[K [01;36m[Knote: [m[K  no known conversion for argument 1 from ‘[01m[KSubtask_1::onRunning()::<lambda()>[m[K’ to ‘[01m[Kconst std::vector<Pose2D>&[m[K’
[1.750s]   199 |     operator=([01;36m[Kconst vector<_Tp, _Alloc>& __x[m[K)
[1.750s]       |               [01;36m[K~~~~~~~~~~~~~~~~~~~~~~~~~~~^~~[m[K
[1.750s] In file included from [01m[K/usr/include/c++/11/vector:67[m[K,
[1.750s]                  from [01m[K/usr/include/c++/11/functional:62[m[K,
[1.750s]                  from [01m[K/home/emily/sa-mrbt_ws/install/behaviortree_cpp/include/behaviortree_cpp/bt_factory.h:18[m[K,
[1.750s]                  from [01m[K/home/emily/sa-mrbt_ws/src/simplified_marine_sim/include/behavior_tree.hpp:6[m[K,
[1.750s]                  from [01m[K/home/emily/sa-mrbt_ws/src/simplified_marine_sim/src/behavior_tree.cpp:1[m[K:
[1.751s] [01m[K/usr/include/c++/11/bits/stl_vector.h:709:7:[m[K [01;36m[Knote: [m[Kcandidate: ‘[01m[Kstd::vector<_Tp, _Alloc>& std::vector<_Tp, _Alloc>::operator=(std::vector<_Tp, _Alloc>&&) [with _Tp = Pose2D; _Alloc = std::allocator<Pose2D>][m[K’
[1.751s]   709 |       [01;36m[Koperator[m[K=(vector&& __x) noexcept(_Alloc_traits::_S_nothrow_move())
[1.751s]       |       [01;36m[K^~~~~~~~[m[K
[1.751s] [01m[K/usr/include/c++/11/bits/stl_vector.h:709:26:[m[K [01;36m[Knote: [m[K  no known conversion for argument 1 from ‘[01m[KSubtask_1::onRunning()::<lambda()>[m[K’ to ‘[01m[Kstd::vector<Pose2D>&&[m[K’
[1.751s]   709 |       operator=([01;36m[Kvector&& __x[m[K) noexcept(_Alloc_traits::_S_nothrow_move())
[1.751s]       |                 [01;36m[K~~~~~~~~~^~~[m[K
[1.751s] [01m[K/usr/include/c++/11/bits/stl_vector.h:730:7:[m[K [01;36m[Knote: [m[Kcandidate: ‘[01m[Kstd::vector<_Tp, _Alloc>& std::vector<_Tp, _Alloc>::operator=(std::initializer_list<_Tp>) [with _Tp = Pose2D; _Alloc = std::allocator<Pose2D>][m[K’
[1.751s]   730 |       [01;36m[Koperator[m[K=(initializer_list<value_type> __l)
[1.751s]       |       [01;36m[K^~~~~~~~[m[K
[1.751s] [01m[K/usr/include/c++/11/bits/stl_vector.h:730:46:[m[K [01;36m[Knote: [m[K  no known conversion for argument 1 from ‘[01m[KSubtask_1::onRunning()::<lambda()>[m[K’ to ‘[01m[Kstd::initializer_list<Pose2D>[m[K’
[1.751s]   730 |       operator=([01;36m[Kinitializer_list<value_type> __l[m[K)
[1.751s]       |                 [01;36m[K~~~~~~~~~~~~~~~~~~~~~~~~~~~~~^~~[m[K
[2.951s] gmake[2]: *** [CMakeFiles/sim.dir/build.make:202: CMakeFiles/sim.dir/src/behavior_tree.cpp.o] Error 1
[2.951s] gmake[1]: *** [CMakeFiles/Makefile2:137: CMakeFiles/sim.dir/all] Error 2
[2.951s] gmake: *** [Makefile:146: all] Error 2
[2.953s] Invoked command in '/home/emily/sa-mrbt_ws/build/simulator' returned '2': CMAKE_PREFIX_PATH=/home/emily/sa-mrbt_ws/install/behaviortree_cpp:/home/emily/sa-mrbt_ws/install/simulator:/opt/ros/iron /usr/bin/cmake --build /home/emily/sa-mrbt_ws/build/simulator -- -j12 -l12
