In file included from [01m[K/home/emily/sa-mrbt_ws/src/BehaviorTree.CPP/include/behaviortree_cpp/behavior_tree.h:24[m[K,
                 from [01m[K/home/emily/sa-mrbt_ws/src/BehaviorTree.CPP/include/behaviortree_cpp/loggers/abstract_logger.h:4[m[K,
                 from [01m[K/home/emily/sa-mrbt_ws/src/BehaviorTree.CPP/include/behaviortree_cpp/loggers/bt_observer.h:5[m[K,
                 from [01m[K/home/emily/sa-mrbt_ws/src/BehaviorTree.CPP/src/loggers/bt_observer.cpp:1[m[K:
[01m[K/home/emily/sa-mrbt_ws/src/BehaviorTree.CPP/include/behaviortree_cpp/controls/counter_sequence.h:98:16:[m[K [01;31m[Kerror: [m[K‘[01m[Kvirtual void BT::CounterSequence::test()[m[K’ marked ‘[01m[Koverride[m[K’, but does not override
   98 |   virtual void [01;31m[Ktest[m[K() override;
      |                [01;31m[K^~~~[m[K
In file included from [01m[K/home/emily/sa-mrbt_ws/src/BehaviorTree.CPP/include/behaviortree_cpp/behavior_tree.h:24[m[K,
                 from [01m[K/home/emily/sa-mrbt_ws/src/BehaviorTree.CPP/include/behaviortree_cpp/bt_factory.h:25[m[K,
                 from [01m[K/home/emily/sa-mrbt_ws/src/BehaviorTree.CPP/src/decorators/updated_decorator.cpp:14[m[K:
[01m[K/home/emily/sa-mrbt_ws/src/BehaviorTree.CPP/include/behaviortree_cpp/controls/counter_sequence.h:98:16:[m[K [01;31m[Kerror: [m[K‘[01m[Kvirtual void BT::CounterSequence::test()[m[K’ marked ‘[01m[Koverride[m[K’, but does not override
   98 |   virtual void [01;31m[Ktest[m[K() override;
      |                [01;31m[K^~~~[m[K
In file included from [01m[K/home/emily/sa-mrbt_ws/src/BehaviorTree.CPP/include/behaviortree_cpp/behavior_tree.h:24[m[K,
                 from [01m[K/home/emily/sa-mrbt_ws/src/BehaviorTree.CPP/include/behaviortree_cpp/bt_factory.h:25[m[K,
                 from [01m[K/home/emily/sa-mrbt_ws/src/BehaviorTree.CPP/include/behaviortree_cpp/bt_parser.h:16[m[K,
                 from [01m[K/home/emily/sa-mrbt_ws/src/BehaviorTree.CPP/include/behaviortree_cpp/xml_parsing.h:4[m[K,
                 from [01m[K/home/emily/sa-mrbt_ws/src/BehaviorTree.CPP/src/xml_parsing.cpp:34[m[K:
[01m[K/home/emily/sa-mrbt_ws/src/BehaviorTree.CPP/include/behaviortree_cpp/controls/counter_sequence.h:98:16:[m[K [01;31m[Kerror: [m[K‘[01m[Kvirtual void BT::CounterSequence::test()[m[K’ marked ‘[01m[Koverride[m[K’, but does not override
   98 |   virtual void [01;31m[Ktest[m[K() override;
      |                [01;31m[K^~~~[m[K
In file included from [01m[K/home/emily/sa-mrbt_ws/src/BehaviorTree.CPP/include/behaviortree_cpp/behavior_tree.h:24[m[K,
                 from [01m[K/home/emily/sa-mrbt_ws/src/BehaviorTree.CPP/include/behaviortree_cpp/loggers/abstract_logger.h:4[m[K,
                 from [01m[K/home/emily/sa-mrbt_ws/src/BehaviorTree.CPP/include/behaviortree_cpp/loggers/bt_file_logger_v2.h:6[m[K,
                 from [01m[K/home/emily/sa-mrbt_ws/src/BehaviorTree.CPP/src/loggers/bt_file_logger_v2.cpp:1[m[K:
[01m[K/home/emily/sa-mrbt_ws/src/BehaviorTree.CPP/include/behaviortree_cpp/controls/counter_sequence.h:98:16:[m[K [01;31m[Kerror: [m[K‘[01m[Kvirtual void BT::CounterSequence::test()[m[K’ marked ‘[01m[Koverride[m[K’, but does not override
   98 |   virtual void [01;31m[Ktest[m[K() override;
      |                [01;31m[K^~~~[m[K
In file included from [01m[K/home/emily/sa-mrbt_ws/src/BehaviorTree.CPP/include/behaviortree_cpp/behavior_tree.h:24[m[K,
                 from [01m[K/home/emily/sa-mrbt_ws/src/BehaviorTree.CPP/include/behaviortree_cpp/bt_factory.h:25[m[K,
                 from [01m[K/home/emily/sa-mrbt_ws/src/BehaviorTree.CPP/src/bt_factory.cpp:14[m[K:
[01m[K/home/emily/sa-mrbt_ws/src/BehaviorTree.CPP/include/behaviortree_cpp/controls/counter_sequence.h:98:16:[m[K [01;31m[Kerror: [m[K‘[01m[Kvirtual void BT::CounterSequence::test()[m[K’ marked ‘[01m[Koverride[m[K’, but does not override
   98 |   virtual void [01;31m[Ktest[m[K() override;
      |                [01;31m[K^~~~[m[K
In file included from [01m[K/home/emily/sa-mrbt_ws/src/BehaviorTree.CPP/include/behaviortree_cpp/behavior_tree.h:24[m[K,
                 from [01m[K/home/emily/sa-mrbt_ws/src/BehaviorTree.CPP/include/behaviortree_cpp/loggers/abstract_logger.h:4[m[K,
                 from [01m[K/home/emily/sa-mrbt_ws/src/BehaviorTree.CPP/include/behaviortree_cpp/loggers/bt_minitrace_logger.h:3[m[K,
                 from [01m[K/home/emily/sa-mrbt_ws/src/BehaviorTree.CPP/src/loggers/bt_minitrace_logger.cpp:2[m[K:
[01m[K/home/emily/sa-mrbt_ws/src/BehaviorTree.CPP/include/behaviortree_cpp/controls/counter_sequence.h:98:16:[m[K [01;31m[Kerror: [m[K‘[01m[Kvirtual void BT::CounterSequence::test()[m[K’ marked ‘[01m[Koverride[m[K’, but does not override
   98 |   virtual void [01;31m[Ktest[m[K() override;
      |                [01;31m[K^~~~[m[K
In file included from [01m[K/home/emily/sa-mrbt_ws/src/BehaviorTree.CPP/include/behaviortree_cpp/behavior_tree.h:24[m[K,
                 from [01m[K/home/emily/sa-mrbt_ws/src/BehaviorTree.CPP/include/behaviortree_cpp/loggers/abstract_logger.h:4[m[K,
                 from [01m[K/home/emily/sa-mrbt_ws/src/BehaviorTree.CPP/include/behaviortree_cpp/loggers/groot2_publisher.h:5[m[K,
                 from [01m[K/home/emily/sa-mrbt_ws/src/BehaviorTree.CPP/src/loggers/groot2_publisher.cpp:1[m[K:
[01m[K/home/emily/sa-mrbt_ws/src/BehaviorTree.CPP/include/behaviortree_cpp/controls/counter_sequence.h:98:16:[m[K [01;31m[Kerror: [m[K‘[01m[Kvirtual void BT::CounterSequence::test()[m[K’ marked ‘[01m[Koverride[m[K’, but does not override
   98 |   virtual void [01;31m[Ktest[m[K() override;
      |                [01;31m[K^~~~[m[K
In file included from [01m[K/home/emily/sa-mrbt_ws/src/BehaviorTree.CPP/include/behaviortree_cpp/behavior_tree.h:24[m[K,
                 from [01m[K/home/emily/sa-mrbt_ws/src/BehaviorTree.CPP/include/behaviortree_cpp/loggers/abstract_logger.h:4[m[K,
                 from [01m[K/home/emily/sa-mrbt_ws/src/BehaviorTree.CPP/include/behaviortree_cpp/loggers/bt_cout_logger.h:5[m[K,
                 from [01m[K/home/emily/sa-mrbt_ws/src/BehaviorTree.CPP/src/loggers/bt_cout_logger.cpp:1[m[K:
[01m[K/home/emily/sa-mrbt_ws/src/BehaviorTree.CPP/include/behaviortree_cpp/controls/counter_sequence.h:98:16:[m[K [01;31m[Kerror: [m[K‘[01m[Kvirtual void BT::CounterSequence::test()[m[K’ marked ‘[01m[Koverride[m[K’, but does not override
   98 |   virtual void [01;31m[Ktest[m[K() override;
      |                [01;31m[K^~~~[m[K
In file included from [01m[K/home/emily/sa-mrbt_ws/src/BehaviorTree.CPP/src/controls/counter_sequence.cpp:15[m[K:
[01m[K/home/emily/sa-mrbt_ws/src/BehaviorTree.CPP/include/behaviortree_cpp/controls/counter_sequence.h:98:16:[m[K [01;31m[Kerror: [m[K‘[01m[Kvirtual void BT::CounterSequence::test()[m[K’ marked ‘[01m[Koverride[m[K’, but does not override
   98 |   virtual void [01;31m[Ktest[m[K() override;
      |                [01;31m[K^~~~[m[K
In file included from [01m[K/home/emily/sa-mrbt_ws/src/BehaviorTree.CPP/include/behaviortree_cpp/behavior_tree.h:24[m[K,
                 from [01m[K/home/emily/sa-mrbt_ws/src/BehaviorTree.CPP/include/behaviortree_cpp/loggers/abstract_logger.h:4[m[K,
                 from [01m[K/home/emily/sa-mrbt_ws/src/BehaviorTree.CPP/include/behaviortree_cpp/loggers/bt_sqlite_logger.h:4[m[K,
                 from [01m[K/home/emily/sa-mrbt_ws/src/BehaviorTree.CPP/src/loggers/bt_sqlite_logger.cpp:1[m[K:
[01m[K/home/emily/sa-mrbt_ws/src/BehaviorTree.CPP/include/behaviortree_cpp/controls/counter_sequence.h:98:16:[m[K [01;31m[Kerror: [m[K‘[01m[Kvirtual void BT::CounterSequence::test()[m[K’ marked ‘[01m[Koverride[m[K’, but does not override
   98 |   virtual void [01;31m[Ktest[m[K() override;
      |                [01;31m[K^~~~[m[K
In file included from [01m[K/home/emily/sa-mrbt_ws/src/BehaviorTree.CPP/include/behaviortree_cpp/behavior_tree.h:24[m[K,
                 from [01m[K/home/emily/sa-mrbt_ws/src/BehaviorTree.CPP/include/behaviortree_cpp/bt_factory.h:25[m[K,
                 from [01m[K/home/emily/sa-mrbt_ws/src/BehaviorTree.CPP/src/actions/updated_action.cpp:14[m[K:
[01m[K/home/emily/sa-mrbt_ws/src/BehaviorTree.CPP/include/behaviortree_cpp/controls/counter_sequence.h:98:16:[m[K [01;31m[Kerror: [m[K‘[01m[Kvirtual void BT::CounterSequence::test()[m[K’ marked ‘[01m[Koverride[m[K’, but does not override
   98 |   virtual void [01;31m[Ktest[m[K() override;
      |                [01;31m[K^~~~[m[K
In file included from [01m[K/home/emily/sa-mrbt_ws/src/BehaviorTree.CPP/include/behaviortree_cpp/behavior_tree.h:24[m[K,
                 from [01m[K/home/emily/sa-mrbt_ws/src/BehaviorTree.CPP/src/behavior_tree.cpp:13[m[K:
[01m[K/home/emily/sa-mrbt_ws/src/BehaviorTree.CPP/include/behaviortree_cpp/controls/counter_sequence.h:98:16:[m[K [01;31m[Kerror: [m[K‘[01m[Kvirtual void BT::CounterSequence::test()[m[K’ marked ‘[01m[Koverride[m[K’, but does not override
   98 |   virtual void [01;31m[Ktest[m[K() override;
      |                [01;31m[K^~~~[m[K
gmake[2]: *** [CMakeFiles/behaviortree_cpp.dir/build.make:482: CMakeFiles/behaviortree_cpp.dir/src/controls/counter_sequence.cpp.o] Error 1
gmake[2]: *** Waiting for unfinished jobs....
gmake[2]: *** [CMakeFiles/behaviortree_cpp.dir/build.make:286: CMakeFiles/behaviortree_cpp.dir/src/actions/updated_action.cpp.o] Error 1
gmake[2]: *** [CMakeFiles/behaviortree_cpp.dir/build.make:384: CMakeFiles/behaviortree_cpp.dir/src/decorators/updated_decorator.cpp.o] Error 1
gmake[2]: *** [CMakeFiles/behaviortree_cpp.dir/build.make:594: CMakeFiles/behaviortree_cpp.dir/src/loggers/bt_minitrace_logger.cpp.o] Error 1
gmake[2]: *** [CMakeFiles/behaviortree_cpp.dir/build.make:104: CMakeFiles/behaviortree_cpp.dir/src/behavior_tree.cpp.o] Error 1
gmake[2]: *** [CMakeFiles/behaviortree_cpp.dir/build.make:580: CMakeFiles/behaviortree_cpp.dir/src/loggers/bt_file_logger_v2.cpp.o] Error 1
gmake[2]: *** [CMakeFiles/behaviortree_cpp.dir/build.make:566: CMakeFiles/behaviortree_cpp.dir/src/loggers/bt_cout_logger.cpp.o] Error 1
gmake[2]: *** [CMakeFiles/behaviortree_cpp.dir/build.make:650: CMakeFiles/behaviortree_cpp.dir/src/loggers/bt_sqlite_logger.cpp.o] Error 1
gmake[2]: *** [CMakeFiles/behaviortree_cpp.dir/build.make:608: CMakeFiles/behaviortree_cpp.dir/src/loggers/bt_observer.cpp.o] Error 1
gmake[2]: *** [CMakeFiles/behaviortree_cpp.dir/build.make:244: CMakeFiles/behaviortree_cpp.dir/src/xml_parsing.cpp.o] Error 1
gmake[2]: *** [CMakeFiles/behaviortree_cpp.dir/build.make:636: CMakeFiles/behaviortree_cpp.dir/src/loggers/groot2_publisher.cpp.o] Error 1
gmake[2]: *** [CMakeFiles/behaviortree_cpp.dir/build.make:132: CMakeFiles/behaviortree_cpp.dir/src/bt_factory.cpp.o] Error 1
gmake[1]: *** [CMakeFiles/Makefile2:340: CMakeFiles/behaviortree_cpp.dir/all] Error 2
gmake: *** [Makefile:146: all] Error 2
