[0.007s] Invoking command in '/home/emily/sa-mrbt_ws/build/behaviortree_cpp': CMAKE_PREFIX_PATH=${CMAKE_PREFIX_PATH}:/opt/ros/iron /usr/bin/cmake --build /home/emily/sa-mrbt_ws/build/behaviortree_cpp -- -j12 -l12
[0.041s] [  3%] Built target lexy_file
[0.041s] [  3%] Built target minitrace
[0.041s] [  5%] Built target gtest
[0.041s] [  6%] Built target gtest_main
[0.057s] [35m[1mConsolidate compiler generated dependencies of target behaviortree_cpp[0m
[0.100s] [  7%] [32mBuilding CXX object CMakeFiles/behaviortree_cpp.dir/src/behavior_tree.cpp.o[0m
[0.100s] [  8%] [32mBuilding CXX object CMakeFiles/behaviortree_cpp.dir/src/xml_parsing.cpp.o[0m
[0.100s] [  9%] [32mBuilding CXX object CMakeFiles/behaviortree_cpp.dir/src/actions/updated_action.cpp.o[0m
[0.100s] [ 10%] [32mBuilding CXX object CMakeFiles/behaviortree_cpp.dir/src/bt_factory.cpp.o[0m
[0.101s] [ 11%] [32mBuilding CXX object CMakeFiles/behaviortree_cpp.dir/src/decorators/updated_decorator.cpp.o[0m
[0.101s] [ 12%] [32mBuilding CXX object CMakeFiles/behaviortree_cpp.dir/src/controls/counter_sequence.cpp.o[0m
[0.102s] [ 14%] [32mBuilding CXX object CMakeFiles/behaviortree_cpp.dir/src/loggers/groot2_publisher.cpp.o[0m
[0.102s] [ 15%] [32mBuilding CXX object CMakeFiles/behaviortree_cpp.dir/src/loggers/bt_file_logger_v2.cpp.o[0m
[0.102s] [ 15%] [32mBuilding CXX object CMakeFiles/behaviortree_cpp.dir/src/loggers/bt_observer.cpp.o[0m
[0.103s] [ 16%] [32mBuilding CXX object CMakeFiles/behaviortree_cpp.dir/src/loggers/bt_sqlite_logger.cpp.o[0m
[0.104s] [ 16%] [32mBuilding CXX object CMakeFiles/behaviortree_cpp.dir/src/loggers/bt_cout_logger.cpp.o[0m
[0.105s] [ 17%] [32mBuilding CXX object CMakeFiles/behaviortree_cpp.dir/src/loggers/bt_minitrace_logger.cpp.o[0m
[2.250s] In file included from [01m[K/home/emily/sa-mrbt_ws/src/BehaviorTree.CPP/include/behaviortree_cpp/behavior_tree.h:24[m[K,
[2.250s]                  from [01m[K/home/emily/sa-mrbt_ws/src/BehaviorTree.CPP/include/behaviortree_cpp/loggers/abstract_logger.h:4[m[K,
[2.250s]                  from [01m[K/home/emily/sa-mrbt_ws/src/BehaviorTree.CPP/include/behaviortree_cpp/loggers/bt_observer.h:5[m[K,
[2.250s]                  from [01m[K/home/emily/sa-mrbt_ws/src/BehaviorTree.CPP/src/loggers/bt_observer.cpp:1[m[K:
[2.250s] [01m[K/home/emily/sa-mrbt_ws/src/BehaviorTree.CPP/include/behaviortree_cpp/controls/counter_sequence.h:98:16:[m[K [01;31m[Kerror: [m[K‘[01m[Kvirtual void BT::CounterSequence::test()[m[K’ marked ‘[01m[Koverride[m[K’, but does not override
[2.251s]    98 |   virtual void [01;31m[Ktest[m[K() override;
[2.251s]       |                [01;31m[K^~~~[m[K
[2.254s] In file included from [01m[K/home/emily/sa-mrbt_ws/src/BehaviorTree.CPP/include/behaviortree_cpp/behavior_tree.h:24[m[K,
[2.254s]                  from [01m[K/home/emily/sa-mrbt_ws/src/BehaviorTree.CPP/include/behaviortree_cpp/bt_factory.h:25[m[K,
[2.254s]                  from [01m[K/home/emily/sa-mrbt_ws/src/BehaviorTree.CPP/src/decorators/updated_decorator.cpp:14[m[K:
[2.254s] [01m[K/home/emily/sa-mrbt_ws/src/BehaviorTree.CPP/include/behaviortree_cpp/controls/counter_sequence.h:98:16:[m[K [01;31m[Kerror: [m[K‘[01m[Kvirtual void BT::CounterSequence::test()[m[K’ marked ‘[01m[Koverride[m[K’, but does not override
[2.254s]    98 |   virtual void [01;31m[Ktest[m[K() override;
[2.254s]       |                [01;31m[K^~~~[m[K
[2.283s] In file included from [01m[K/home/emily/sa-mrbt_ws/src/BehaviorTree.CPP/include/behaviortree_cpp/behavior_tree.h:24[m[K,
[2.283s]                  from [01m[K/home/emily/sa-mrbt_ws/src/BehaviorTree.CPP/include/behaviortree_cpp/bt_factory.h:25[m[K,
[2.284s]                  from [01m[K/home/emily/sa-mrbt_ws/src/BehaviorTree.CPP/include/behaviortree_cpp/bt_parser.h:16[m[K,
[2.284s]                  from [01m[K/home/emily/sa-mrbt_ws/src/BehaviorTree.CPP/include/behaviortree_cpp/xml_parsing.h:4[m[K,
[2.284s]                  from [01m[K/home/emily/sa-mrbt_ws/src/BehaviorTree.CPP/src/xml_parsing.cpp:34[m[K:
[2.284s] [01m[K/home/emily/sa-mrbt_ws/src/BehaviorTree.CPP/include/behaviortree_cpp/controls/counter_sequence.h:98:16:[m[K [01;31m[Kerror: [m[K‘[01m[Kvirtual void BT::CounterSequence::test()[m[K’ marked ‘[01m[Koverride[m[K’, but does not override
[2.288s]    98 |   virtual void [01;31m[Ktest[m[K() override;
[2.288s]       |                [01;31m[K^~~~[m[K
[2.288s] In file included from [01m[K/home/emily/sa-mrbt_ws/src/BehaviorTree.CPP/include/behaviortree_cpp/behavior_tree.h:24[m[K,
[2.288s]                  from [01m[K/home/emily/sa-mrbt_ws/src/BehaviorTree.CPP/include/behaviortree_cpp/loggers/abstract_logger.h:4[m[K,
[2.289s]                  from [01m[K/home/emily/sa-mrbt_ws/src/BehaviorTree.CPP/include/behaviortree_cpp/loggers/bt_file_logger_v2.h:6[m[K,
[2.289s]                  from [01m[K/home/emily/sa-mrbt_ws/src/BehaviorTree.CPP/src/loggers/bt_file_logger_v2.cpp:1[m[K:
[2.289s] [01m[K/home/emily/sa-mrbt_ws/src/BehaviorTree.CPP/include/behaviortree_cpp/controls/counter_sequence.h:98:16:[m[K [01;31m[Kerror: [m[K‘[01m[Kvirtual void BT::CounterSequence::test()[m[K’ marked ‘[01m[Koverride[m[K’, but does not override
[2.289s]    98 |   virtual void [01;31m[Ktest[m[K() override;
[2.289s]       |                [01;31m[K^~~~[m[K
[2.298s] In file included from [01m[K/home/emily/sa-mrbt_ws/src/BehaviorTree.CPP/include/behaviortree_cpp/behavior_tree.h:24[m[K,
[2.298s]                  from [01m[K/home/emily/sa-mrbt_ws/src/BehaviorTree.CPP/include/behaviortree_cpp/bt_factory.h:25[m[K,
[2.298s]                  from [01m[K/home/emily/sa-mrbt_ws/src/BehaviorTree.CPP/src/bt_factory.cpp:14[m[K:
[2.298s] [01m[K/home/emily/sa-mrbt_ws/src/BehaviorTree.CPP/include/behaviortree_cpp/controls/counter_sequence.h:98:16:[m[K [01;31m[Kerror: [m[K‘[01m[Kvirtual void BT::CounterSequence::test()[m[K’ marked ‘[01m[Koverride[m[K’, but does not override
[2.298s]    98 |   virtual void [01;31m[Ktest[m[K() override;
[2.299s]       |                [01;31m[K^~~~[m[K
[2.299s] In file included from [01m[K/home/emily/sa-mrbt_ws/src/BehaviorTree.CPP/include/behaviortree_cpp/behavior_tree.h:24[m[K,
[2.299s]                  from [01m[K/home/emily/sa-mrbt_ws/src/BehaviorTree.CPP/include/behaviortree_cpp/loggers/abstract_logger.h:4[m[K,
[2.299s]                  from [01m[K/home/emily/sa-mrbt_ws/src/BehaviorTree.CPP/include/behaviortree_cpp/loggers/bt_minitrace_logger.h:3[m[K,
[2.299s]                  from [01m[K/home/emily/sa-mrbt_ws/src/BehaviorTree.CPP/src/loggers/bt_minitrace_logger.cpp:2[m[K:
[2.299s] [01m[K/home/emily/sa-mrbt_ws/src/BehaviorTree.CPP/include/behaviortree_cpp/controls/counter_sequence.h:98:16:[m[K [01;31m[Kerror: [m[K‘[01m[Kvirtual void BT::CounterSequence::test()[m[K’ marked ‘[01m[Koverride[m[K’, but does not override
[2.300s]    98 |   virtual void [01;31m[Ktest[m[K() override;
[2.300s]       |                [01;31m[K^~~~[m[K
[2.318s] In file included from [01m[K/home/emily/sa-mrbt_ws/src/BehaviorTree.CPP/include/behaviortree_cpp/behavior_tree.h:24[m[K,
[2.318s]                  from [01m[K/home/emily/sa-mrbt_ws/src/BehaviorTree.CPP/include/behaviortree_cpp/loggers/abstract_logger.h:4[m[K,
[2.318s]                  from [01m[K/home/emily/sa-mrbt_ws/src/BehaviorTree.CPP/include/behaviortree_cpp/loggers/groot2_publisher.h:5[m[K,
[2.318s]                  from [01m[K/home/emily/sa-mrbt_ws/src/BehaviorTree.CPP/src/loggers/groot2_publisher.cpp:1[m[K:
[2.318s] [01m[K/home/emily/sa-mrbt_ws/src/BehaviorTree.CPP/include/behaviortree_cpp/controls/counter_sequence.h:98:16:[m[K [01;31m[Kerror: [m[K‘[01m[Kvirtual void BT::CounterSequence::test()[m[K’ marked ‘[01m[Koverride[m[K’, but does not override
[2.318s]    98 |   virtual void [01;31m[Ktest[m[K() override;
[2.319s]       |                [01;31m[K^~~~[m[K
[2.342s] In file included from [01m[K/home/emily/sa-mrbt_ws/src/BehaviorTree.CPP/include/behaviortree_cpp/behavior_tree.h:24[m[K,
[2.342s]                  from [01m[K/home/emily/sa-mrbt_ws/src/BehaviorTree.CPP/include/behaviortree_cpp/loggers/abstract_logger.h:4[m[K,
[2.342s]                  from [01m[K/home/emily/sa-mrbt_ws/src/BehaviorTree.CPP/include/behaviortree_cpp/loggers/bt_cout_logger.h:5[m[K,
[2.343s]                  from [01m[K/home/emily/sa-mrbt_ws/src/BehaviorTree.CPP/src/loggers/bt_cout_logger.cpp:1[m[K:
[2.343s] [01m[K/home/emily/sa-mrbt_ws/src/BehaviorTree.CPP/include/behaviortree_cpp/controls/counter_sequence.h:98:16:[m[K [01;31m[Kerror: [m[K‘[01m[Kvirtual void BT::CounterSequence::test()[m[K’ marked ‘[01m[Koverride[m[K’, but does not override
[2.343s]    98 |   virtual void [01;31m[Ktest[m[K() override;
[2.343s]       |                [01;31m[K^~~~[m[K
[2.350s] In file included from [01m[K/home/emily/sa-mrbt_ws/src/BehaviorTree.CPP/src/controls/counter_sequence.cpp:15[m[K:
[2.350s] [01m[K/home/emily/sa-mrbt_ws/src/BehaviorTree.CPP/include/behaviortree_cpp/controls/counter_sequence.h:98:16:[m[K [01;31m[Kerror: [m[K‘[01m[Kvirtual void BT::CounterSequence::test()[m[K’ marked ‘[01m[Koverride[m[K’, but does not override
[2.350s]    98 |   virtual void [01;31m[Ktest[m[K() override;
[2.350s]       |                [01;31m[K^~~~[m[K
[2.363s] In file included from [01m[K/home/emily/sa-mrbt_ws/src/BehaviorTree.CPP/include/behaviortree_cpp/behavior_tree.h:24[m[K,
[2.363s]                  from [01m[K/home/emily/sa-mrbt_ws/src/BehaviorTree.CPP/include/behaviortree_cpp/loggers/abstract_logger.h:4[m[K,
[2.363s]                  from [01m[K/home/emily/sa-mrbt_ws/src/BehaviorTree.CPP/include/behaviortree_cpp/loggers/bt_sqlite_logger.h:4[m[K,
[2.363s]                  from [01m[K/home/emily/sa-mrbt_ws/src/BehaviorTree.CPP/src/loggers/bt_sqlite_logger.cpp:1[m[K:
[2.363s] [01m[K/home/emily/sa-mrbt_ws/src/BehaviorTree.CPP/include/behaviortree_cpp/controls/counter_sequence.h:98:16:[m[K [01;31m[Kerror: [m[K‘[01m[Kvirtual void BT::CounterSequence::test()[m[K’ marked ‘[01m[Koverride[m[K’, but does not override
[2.363s]    98 |   virtual void [01;31m[Ktest[m[K() override;
[2.364s]       |                [01;31m[K^~~~[m[K
[2.364s] In file included from [01m[K/home/emily/sa-mrbt_ws/src/BehaviorTree.CPP/include/behaviortree_cpp/behavior_tree.h:24[m[K,
[2.364s]                  from [01m[K/home/emily/sa-mrbt_ws/src/BehaviorTree.CPP/include/behaviortree_cpp/bt_factory.h:25[m[K,
[2.364s]                  from [01m[K/home/emily/sa-mrbt_ws/src/BehaviorTree.CPP/src/actions/updated_action.cpp:14[m[K:
[2.364s] [01m[K/home/emily/sa-mrbt_ws/src/BehaviorTree.CPP/include/behaviortree_cpp/controls/counter_sequence.h:98:16:[m[K [01;31m[Kerror: [m[K‘[01m[Kvirtual void BT::CounterSequence::test()[m[K’ marked ‘[01m[Koverride[m[K’, but does not override
[2.364s]    98 |   virtual void [01;31m[Ktest[m[K() override;
[2.364s]       |                [01;31m[K^~~~[m[K
[2.374s] In file included from [01m[K/home/emily/sa-mrbt_ws/src/BehaviorTree.CPP/include/behaviortree_cpp/behavior_tree.h:24[m[K,
[2.374s]                  from [01m[K/home/emily/sa-mrbt_ws/src/BehaviorTree.CPP/src/behavior_tree.cpp:13[m[K:
[2.374s] [01m[K/home/emily/sa-mrbt_ws/src/BehaviorTree.CPP/include/behaviortree_cpp/controls/counter_sequence.h:98:16:[m[K [01;31m[Kerror: [m[K‘[01m[Kvirtual void BT::CounterSequence::test()[m[K’ marked ‘[01m[Koverride[m[K’, but does not override
[2.374s]    98 |   virtual void [01;31m[Ktest[m[K() override;
[2.375s]       |                [01;31m[K^~~~[m[K
[3.682s] gmake[2]: *** [CMakeFiles/behaviortree_cpp.dir/build.make:482: CMakeFiles/behaviortree_cpp.dir/src/controls/counter_sequence.cpp.o] Error 1
[3.682s] gmake[2]: *** Waiting for unfinished jobs....
[4.050s] gmake[2]: *** [CMakeFiles/behaviortree_cpp.dir/build.make:286: CMakeFiles/behaviortree_cpp.dir/src/actions/updated_action.cpp.o] Error 1
[4.090s] gmake[2]: *** [CMakeFiles/behaviortree_cpp.dir/build.make:384: CMakeFiles/behaviortree_cpp.dir/src/decorators/updated_decorator.cpp.o] Error 1
[4.123s] gmake[2]: *** [CMakeFiles/behaviortree_cpp.dir/build.make:594: CMakeFiles/behaviortree_cpp.dir/src/loggers/bt_minitrace_logger.cpp.o] Error 1
[4.153s] gmake[2]: *** [CMakeFiles/behaviortree_cpp.dir/build.make:104: CMakeFiles/behaviortree_cpp.dir/src/behavior_tree.cpp.o] Error 1
[4.160s] gmake[2]: *** [CMakeFiles/behaviortree_cpp.dir/build.make:580: CMakeFiles/behaviortree_cpp.dir/src/loggers/bt_file_logger_v2.cpp.o] Error 1
[4.180s] gmake[2]: *** [CMakeFiles/behaviortree_cpp.dir/build.make:566: CMakeFiles/behaviortree_cpp.dir/src/loggers/bt_cout_logger.cpp.o] Error 1
[4.241s] gmake[2]: *** [CMakeFiles/behaviortree_cpp.dir/build.make:650: CMakeFiles/behaviortree_cpp.dir/src/loggers/bt_sqlite_logger.cpp.o] Error 1
[4.279s] gmake[2]: *** [CMakeFiles/behaviortree_cpp.dir/build.make:608: CMakeFiles/behaviortree_cpp.dir/src/loggers/bt_observer.cpp.o] Error 1
[4.453s] gmake[2]: *** [CMakeFiles/behaviortree_cpp.dir/build.make:244: CMakeFiles/behaviortree_cpp.dir/src/xml_parsing.cpp.o] Error 1
[4.797s] gmake[2]: *** [CMakeFiles/behaviortree_cpp.dir/build.make:636: CMakeFiles/behaviortree_cpp.dir/src/loggers/groot2_publisher.cpp.o] Error 1
[5.561s] gmake[2]: *** [CMakeFiles/behaviortree_cpp.dir/build.make:132: CMakeFiles/behaviortree_cpp.dir/src/bt_factory.cpp.o] Error 1
[5.561s] gmake[1]: *** [CMakeFiles/Makefile2:340: CMakeFiles/behaviortree_cpp.dir/all] Error 2
[5.561s] gmake: *** [Makefile:146: all] Error 2
[5.563s] Invoked command in '/home/emily/sa-mrbt_ws/build/behaviortree_cpp' returned '2': CMAKE_PREFIX_PATH=${CMAKE_PREFIX_PATH}:/opt/ros/iron /usr/bin/cmake --build /home/emily/sa-mrbt_ws/build/behaviortree_cpp -- -j12 -l12
