[0.006s] Invoking command in '/home/emily/sa-mrbt_ws/build/simulator': CMAKE_PREFIX_PATH=/home/emily/sa-mrbt_ws/install/behaviortree_cpp:/home/emily/sa-mrbt_ws/install/simulator:/opt/ros/iron /usr/bin/cmake --build /home/emily/sa-mrbt_ws/build/simulator -- -j12 -l12
[0.050s] [ 15%] [32mBuilding CXX object CMakeFiles/sim.dir/src/CBBA.cpp.o[0m
[0.050s] [ 15%] [32mBuilding CXX object CMakeFiles/sim.dir/src/message.cpp.o[0m
[0.050s] [ 30%] [32mBuilding CXX object CMakeFiles/sim.dir/src/CBGA.cpp.o[0m
[0.050s] [ 30%] [32mBuilding CXX object CMakeFiles/sim.dir/src/sim.cpp.o[0m
[0.051s] [ 38%] [32mBuilding CXX object CMakeFiles/sim.dir/src/world.cpp.o[0m
[0.053s] [ 46%] [32mBuilding CXX object CMakeFiles/sim.dir/src/planners.cpp.o[0m
[0.054s] [ 53%] [32mBuilding CXX object CMakeFiles/sim.dir/src/robot.cpp.o[0m
[0.054s] [ 61%] [32mBuilding CXX object CMakeFiles/sim.dir/src/behavior_tree.cpp.o[0m
[0.055s] [ 69%] [32mBuilding CXX object CMakeFiles/sim.dir/src/parser.cpp.o[0m
[0.055s] [ 76%] [32mBuilding CXX object CMakeFiles/sim.dir/src/greedy.cpp.o[0m
[3.442s] [01m[K/home/emily/sa-mrbt_ws/src/simplified_marine_sim/src/behavior_tree.cpp:[m[K In member function ‘[01m[Kvirtual BT::NodeStatus Subtask_1::onRunning()[m[K’:
[3.442s] [01m[K/home/emily/sa-mrbt_ws/src/simplified_marine_sim/src/behavior_tree.cpp:1675:19:[m[K [01;31m[Kerror: [m[K‘[01m[Kclass Robot[m[K’ has no member named ‘[01m[KfoundObstacle[m[K’
[3.442s]  1675 |         if(_robot.[01;31m[KfoundObstacle[m[K(Pose2D waypoint)) {
[3.442s]       |                   [01;31m[K^~~~~~~~~~~~~[m[K
[3.442s] [01m[K/home/emily/sa-mrbt_ws/src/simplified_marine_sim/src/behavior_tree.cpp:1675:40:[m[K [01;31m[Kerror: [m[Kexpected primary-expression before ‘[01m[Kwaypoint[m[K’
[3.442s]  1675 |         if(_robot.foundObstacle(Pose2D [01;31m[Kwaypoint[m[K)) {
[3.442s]       |                                        [01;31m[K^~~~~~~~[m[K
[5.471s] gmake[2]: *** [CMakeFiles/sim.dir/build.make:202: CMakeFiles/sim.dir/src/behavior_tree.cpp.o] Error 1
[5.472s] gmake[2]: *** Waiting for unfinished jobs....
[5.666s] [01m[K/home/emily/sa-mrbt_ws/src/simplified_marine_sim/src/robot.cpp:707:6:[m[K [01;31m[Kerror: [m[Kno declaration matches ‘[01m[Kbool Robot::foundObstacle(Pose2D)[m[K’
[5.666s]   707 | bool [01;31m[KRobot[m[K::foundObstacle(Pose2D waypoint) {
[5.666s]       |      [01;31m[K^~~~~[m[K
[5.666s] [01m[K/home/emily/sa-mrbt_ws/src/simplified_marine_sim/src/robot.cpp:707:6:[m[K [01;36m[Knote: [m[Kno functions named ‘[01m[Kbool Robot::foundObstacle(Pose2D)[m[K’
[5.667s] In file included from [01m[K/home/emily/sa-mrbt_ws/src/simplified_marine_sim/include/world.hpp:8[m[K,
[5.667s]                  from [01m[K/home/emily/sa-mrbt_ws/src/simplified_marine_sim/src/robot.cpp:5[m[K:
[5.667s] [01m[K/home/emily/sa-mrbt_ws/src/simplified_marine_sim/include/robot.hpp:19:7:[m[K [01;36m[Knote: [m[K‘[01m[Kclass Robot[m[K’ defined here
[5.667s]    19 | class [01;36m[KRobot[m[K {
[5.667s]       |       [01;36m[K^~~~~[m[K
[7.436s] gmake[2]: *** [CMakeFiles/sim.dir/build.make:188: CMakeFiles/sim.dir/src/robot.cpp.o] Error 1
[7.436s] gmake[1]: *** [CMakeFiles/Makefile2:137: CMakeFiles/sim.dir/all] Error 2
[7.436s] gmake: *** [Makefile:146: all] Error 2
[7.438s] Invoked command in '/home/emily/sa-mrbt_ws/build/simulator' returned '2': CMAKE_PREFIX_PATH=/home/emily/sa-mrbt_ws/install/behaviortree_cpp:/home/emily/sa-mrbt_ws/install/simulator:/opt/ros/iron /usr/bin/cmake --build /home/emily/sa-mrbt_ws/build/simulator -- -j12 -l12
