[0.007s] Invoking command in '/home/emily/sa-mrbt_ws/build/simulator': CMAKE_PREFIX_PATH=/home/emily/sa-mrbt_ws/install/behaviortree_cpp:/home/emily/sa-mrbt_ws/install/simulator:/opt/ros/iron /usr/bin/cmake --build /home/emily/sa-mrbt_ws/build/simulator -- -j12 -l12
[0.049s] [  7%] [32mBuilding CXX object CMakeFiles/sim.dir/src/CBGA.cpp.o[0m
[0.049s] [ 15%] [32mBuilding CXX object CMakeFiles/sim.dir/src/sim.cpp.o[0m
[0.049s] [ 23%] [32mBuilding CXX object CMakeFiles/sim.dir/src/CBBA.cpp.o[0m
[0.050s] [ 30%] [32mBuilding CXX object CMakeFiles/sim.dir/src/world.cpp.o[0m
[0.051s] [ 38%] [32mBuilding CXX object CMakeFiles/sim.dir/src/message.cpp.o[0m
[0.052s] [ 53%] [32mBuilding CXX object CMakeFiles/sim.dir/src/planners.cpp.o[0m
[0.053s] [ 53%] [32mBuilding CXX object CMakeFiles/sim.dir/src/robot.cpp.o[0m
[0.054s] [ 61%] [32mBuilding CXX object CMakeFiles/sim.dir/src/greedy.cpp.o[0m
[0.054s] [ 69%] [32mBuilding CXX object CMakeFiles/sim.dir/src/behavior_tree.cpp.o[0m
[0.054s] [ 76%] [32mBuilding CXX object CMakeFiles/sim.dir/src/parser.cpp.o[0m
[2.302s] [01m[K/home/emily/sa-mrbt_ws/src/simplified_marine_sim/src/world.cpp:[m[K In member function ‘[01m[Kstd::map<int, Robot*>& World::getRobotTracker()[m[K’:
[2.302s] [01m[K/home/emily/sa-mrbt_ws/src/simplified_marine_sim/src/world.cpp:336:12:[m[K [01;31m[Kerror: [m[Kinvalid initialization of reference of type ‘[01m[Kstd::map<int, Robot*>&[m[K’ from expression of type ‘[01m[Kstd::unordered_map<int, Robot*>[m[K’
[2.302s]   336 |     return [01;31m[Krobot_tracker[m[K;
[2.302s]       |            [01;31m[K^~~~~~~~~~~~~[m[K
[2.540s] [01m[K/home/emily/sa-mrbt_ws/src/simplified_marine_sim/src/message.cpp:[m[K In member function ‘[01m[Kvoid Message::ping(World&)[m[K’:
[2.540s] [01m[K/home/emily/sa-mrbt_ws/src/simplified_marine_sim/src/message.cpp:122:80:[m[K [01;31m[Kerror: [m[Kconversion from ‘[01m[Kstd::map<int, Robot*>[m[K’ to non-scalar type ‘[01m[Kstd::unordered_map<int, Robot*>[m[K’ requested
[2.540s]   122 |     std::unordered_map<int, Robot*> world_robot_tracker = [01;31m[Kworld.getRobotTracker()[m[K;
[2.540s]       |                                                           [01;31m[K~~~~~~~~~~~~~~~~~~~~~^~[m[K
[3.345s] gmake[2]: *** [CMakeFiles/sim.dir/build.make:160: CMakeFiles/sim.dir/src/world.cpp.o] Error 1
[3.345s] gmake[2]: *** Waiting for unfinished jobs....
[3.880s] gmake[2]: *** [CMakeFiles/sim.dir/build.make:132: CMakeFiles/sim.dir/src/message.cpp.o] Error 1
[6.992s] gmake[1]: *** [CMakeFiles/Makefile2:137: CMakeFiles/sim.dir/all] Error 2
[6.992s] gmake: *** [Makefile:146: all] Error 2
[6.993s] Invoked command in '/home/emily/sa-mrbt_ws/build/simulator' returned '2': CMAKE_PREFIX_PATH=/home/emily/sa-mrbt_ws/install/behaviortree_cpp:/home/emily/sa-mrbt_ws/install/simulator:/opt/ros/iron /usr/bin/cmake --build /home/emily/sa-mrbt_ws/build/simulator -- -j12 -l12
