[35m[1mConsolidate compiler generated dependencies of target sim[0m
[ 15%] [32mBuilding CXX object CMakeFiles/sim.dir/src/sim.cpp.o[0m
[ 15%] [32mBuilding CXX object CMakeFiles/sim.dir/src/CBBA.cpp.o[0m
[ 23%] [32mBuilding CXX object CMakeFiles/sim.dir/src/CBGA.cpp.o[0m
[ 30%] [32mBuilding CXX object CMakeFiles/sim.dir/src/message.cpp.o[0m
[ 38%] [32mBuilding CXX object CMakeFiles/sim.dir/src/world.cpp.o[0m
[ 46%] [32mBuilding CXX object CMakeFiles/sim.dir/src/planners.cpp.o[0m
[ 61%] [32mBuilding CXX object CMakeFiles/sim.dir/src/robot.cpp.o[0m
[ 61%] [32mBuilding CXX object CMakeFiles/sim.dir/src/behavior_tree.cpp.o[0m
[ 69%] [32mBuilding CXX object CMakeFiles/sim.dir/src/parser.cpp.o[0m
[ 76%] [32mBuilding CXX object CMakeFiles/sim.dir/src/greedy.cpp.o[0m
In file included from [01m[K/home/emily/sa-mrbt_ws/src/simplified_marine_sim/include/world.hpp:8[m[K,
                 from [01m[K/home/emily/sa-mrbt_ws/src/simplified_marine_sim/src/greedy.cpp:6[m[K:
[01m[K/home/emily/sa-mrbt_ws/src/simplified_marine_sim/include/robot.hpp:99:31:[m[K [01;31m[Kerror: [m[Ktype/value mismatch at argument 2 in template parameter list for ‘[01m[Ktemplate<class _T1, class _T2> struct std::pair[m[K’
   99 |     std::pair<bool,std::vector[01;31m[K>[m[K newNeighborSubtaskFailure();
      |                               [01;31m[K^[m[K
[01m[K/home/emily/sa-mrbt_ws/src/simplified_marine_sim/include/robot.hpp:99:31:[m[K [01;36m[Knote: [m[K  expected a type, got ‘[01m[Kvector[m[K’
In file included from [01m[K/home/emily/sa-mrbt_ws/src/simplified_marine_sim/include/world.hpp:8[m[K,
                 from [01m[K/home/emily/sa-mrbt_ws/src/simplified_marine_sim/src/robot.cpp:4[m[K:
[01m[K/home/emily/sa-mrbt_ws/src/simplified_marine_sim/include/robot.hpp:99:31:[m[K [01;31m[Kerror: [m[Ktype/value mismatch at argument 2 in template parameter list for ‘[01m[Ktemplate<class _T1, class _T2> struct std::pair[m[K’
   99 |     std::pair<bool,std::vector[01;31m[K>[m[K newNeighborSubtaskFailure();
      |                               [01;31m[K^[m[K
[01m[K/home/emily/sa-mrbt_ws/src/simplified_marine_sim/include/robot.hpp:99:31:[m[K [01;36m[Knote: [m[K  expected a type, got ‘[01m[Kvector[m[K’
In file included from [01m[K/home/emily/sa-mrbt_ws/src/simplified_marine_sim/include/world.hpp:8[m[K,
                 from [01m[K/home/emily/sa-mrbt_ws/src/simplified_marine_sim/src/world.cpp:4[m[K:
[01m[K/home/emily/sa-mrbt_ws/src/simplified_marine_sim/include/robot.hpp:99:31:[m[K [01;31m[Kerror: [m[Ktype/value mismatch at argument 2 in template parameter list for ‘[01m[Ktemplate<class _T1, class _T2> struct std::pair[m[K’
   99 |     std::pair<bool,std::vector[01;31m[K>[m[K newNeighborSubtaskFailure();
      |                               [01;31m[K^[m[K
[01m[K/home/emily/sa-mrbt_ws/src/simplified_marine_sim/include/robot.hpp:99:31:[m[K [01;36m[Knote: [m[K  expected a type, got ‘[01m[Kvector[m[K’
In file included from [01m[K/home/emily/sa-mrbt_ws/src/simplified_marine_sim/include/world.hpp:8[m[K,
                 from [01m[K/home/emily/sa-mrbt_ws/src/simplified_marine_sim/src/CBGA.cpp:6[m[K:
[01m[K/home/emily/sa-mrbt_ws/src/simplified_marine_sim/include/robot.hpp:99:31:[m[K [01;31m[Kerror: [m[Ktype/value mismatch at argument 2 in template parameter list for ‘[01m[Ktemplate<class _T1, class _T2> struct std::pair[m[K’
   99 |     std::pair<bool,std::vector[01;31m[K>[m[K newNeighborSubtaskFailure();
      |                               [01;31m[K^[m[K
[01m[K/home/emily/sa-mrbt_ws/src/simplified_marine_sim/include/robot.hpp:99:31:[m[K [01;36m[Knote: [m[K  expected a type, got ‘[01m[Kvector[m[K’
In file included from [01m[K/home/emily/sa-mrbt_ws/src/simplified_marine_sim/include/world.hpp:8[m[K,
                 from [01m[K/home/emily/sa-mrbt_ws/src/simplified_marine_sim/include/message.hpp:6[m[K,
                 from [01m[K/home/emily/sa-mrbt_ws/src/simplified_marine_sim/src/message.cpp:2[m[K:
[01m[K/home/emily/sa-mrbt_ws/src/simplified_marine_sim/include/robot.hpp:99:31:[m[K [01;31m[Kerror: [m[Ktype/value mismatch at argument 2 in template parameter list for ‘[01m[Ktemplate<class _T1, class _T2> struct std::pair[m[K’
   99 |     std::pair<bool,std::vector[01;31m[K>[m[K newNeighborSubtaskFailure();
      |                               [01;31m[K^[m[K
[01m[K/home/emily/sa-mrbt_ws/src/simplified_marine_sim/include/robot.hpp:99:31:[m[K [01;36m[Knote: [m[K  expected a type, got ‘[01m[Kvector[m[K’
In file included from [01m[K/home/emily/sa-mrbt_ws/src/simplified_marine_sim/include/world.hpp:8[m[K,
                 from [01m[K/home/emily/sa-mrbt_ws/src/simplified_marine_sim/src/sim.cpp:8[m[K:
[01m[K/home/emily/sa-mrbt_ws/src/simplified_marine_sim/include/robot.hpp:99:31:[m[K [01;31m[Kerror: [m[Ktype/value mismatch at argument 2 in template parameter list for ‘[01m[Ktemplate<class _T1, class _T2> struct std::pair[m[K’
   99 |     std::pair<bool,std::vector[01;31m[K>[m[K newNeighborSubtaskFailure();
      |                               [01;31m[K^[m[K
[01m[K/home/emily/sa-mrbt_ws/src/simplified_marine_sim/include/robot.hpp:99:31:[m[K [01;36m[Knote: [m[K  expected a type, got ‘[01m[Kvector[m[K’
In file included from [01m[K/home/emily/sa-mrbt_ws/src/simplified_marine_sim/include/world.hpp:8[m[K,
                 from [01m[K/home/emily/sa-mrbt_ws/src/simplified_marine_sim/src/CBBA.cpp:6[m[K:
[01m[K/home/emily/sa-mrbt_ws/src/simplified_marine_sim/include/robot.hpp:99:31:[m[K [01;31m[Kerror: [m[Ktype/value mismatch at argument 2 in template parameter list for ‘[01m[Ktemplate<class _T1, class _T2> struct std::pair[m[K’
   99 |     std::pair<bool,std::vector[01;31m[K>[m[K newNeighborSubtaskFailure();
      |                               [01;31m[K^[m[K
[01m[K/home/emily/sa-mrbt_ws/src/simplified_marine_sim/include/robot.hpp:99:31:[m[K [01;36m[Knote: [m[K  expected a type, got ‘[01m[Kvector[m[K’
gmake[2]: *** [CMakeFiles/sim.dir/build.make:230: CMakeFiles/sim.dir/src/greedy.cpp.o] Error 1
gmake[2]: *** Waiting for unfinished jobs....
In file included from [01m[K/home/emily/sa-mrbt_ws/src/simplified_marine_sim/include/world.hpp:8[m[K,
                 from [01m[K/home/emily/sa-mrbt_ws/src/simplified_marine_sim/src/planners.cpp:4[m[K:
[01m[K/home/emily/sa-mrbt_ws/src/simplified_marine_sim/include/robot.hpp:99:31:[m[K [01;31m[Kerror: [m[Ktype/value mismatch at argument 2 in template parameter list for ‘[01m[Ktemplate<class _T1, class _T2> struct std::pair[m[K’
   99 |     std::pair<bool,std::vector[01;31m[K>[m[K newNeighborSubtaskFailure();
      |                               [01;31m[K^[m[K
[01m[K/home/emily/sa-mrbt_ws/src/simplified_marine_sim/include/robot.hpp:99:31:[m[K [01;36m[Knote: [m[K  expected a type, got ‘[01m[Kvector[m[K’
In file included from [01m[K/home/emily/sa-mrbt_ws/src/simplified_marine_sim/include/utils.hpp:7[m[K,
                 from [01m[K/home/emily/sa-mrbt_ws/src/simplified_marine_sim/src/parser.cpp:7[m[K:
[01m[K/home/emily/sa-mrbt_ws/src/simplified_marine_sim/include/robot.hpp:99:31:[m[K [01;31m[Kerror: [m[Ktype/value mismatch at argument 2 in template parameter list for ‘[01m[Ktemplate<class _T1, class _T2> struct std::pair[m[K’
   99 |     std::pair<bool,std::vector[01;31m[K>[m[K newNeighborSubtaskFailure();
      |                               [01;31m[K^[m[K
[01m[K/home/emily/sa-mrbt_ws/src/simplified_marine_sim/include/robot.hpp:99:31:[m[K [01;36m[Knote: [m[K  expected a type, got ‘[01m[Kvector[m[K’
In file included from [01m[K/home/emily/sa-mrbt_ws/src/simplified_marine_sim/include/world.hpp:8[m[K,
                 from [01m[K/home/emily/sa-mrbt_ws/src/simplified_marine_sim/include/behavior_tree.hpp:7[m[K,
                 from [01m[K/home/emily/sa-mrbt_ws/src/simplified_marine_sim/src/behavior_tree.cpp:1[m[K:
[01m[K/home/emily/sa-mrbt_ws/src/simplified_marine_sim/include/robot.hpp:99:31:[m[K [01;31m[Kerror: [m[Ktype/value mismatch at argument 2 in template parameter list for ‘[01m[Ktemplate<class _T1, class _T2> struct std::pair[m[K’
   99 |     std::pair<bool,std::vector[01;31m[K>[m[K newNeighborSubtaskFailure();
      |                               [01;31m[K^[m[K
[01m[K/home/emily/sa-mrbt_ws/src/simplified_marine_sim/include/robot.hpp:99:31:[m[K [01;36m[Knote: [m[K  expected a type, got ‘[01m[Kvector[m[K’
gmake[2]: *** [CMakeFiles/sim.dir/build.make:104: CMakeFiles/sim.dir/src/CBGA.cpp.o] Error 1
[01m[K/home/emily/sa-mrbt_ws/src/simplified_marine_sim/src/robot.cpp:313:27:[m[K [01;31m[Kerror: [m[Ktype/value mismatch at argument 2 in template parameter list for ‘[01m[Ktemplate<class _T1, class _T2> struct std::pair[m[K’
  313 | std::pair<bool,std::vector[01;31m[K>[m[K newNeighborSubtaskFailures() {
      |                           [01;31m[K^[m[K
[01m[K/home/emily/sa-mrbt_ws/src/simplified_marine_sim/src/robot.cpp:313:27:[m[K [01;36m[Knote: [m[K  expected a type, got ‘[01m[Kvector[m[K’
[01m[K/home/emily/sa-mrbt_ws/src/simplified_marine_sim/src/robot.cpp:[m[K In function ‘[01m[Kint newNeighborSubtaskFailures()[m[K’:
[01m[K/home/emily/sa-mrbt_ws/src/simplified_marine_sim/src/robot.cpp:319:63:[m[K [01;31m[Kerror: [m[Ktemplate argument 2 is invalid
  319 |     std::pair<bool,std::vector<int> neighbor_fail_info = std::[01;31m[Kmake_pair[m[K{false,new_failed_subtask_ids};
      |                                                               [01;31m[K^~~~~~~~~[m[K
[01m[K/home/emily/sa-mrbt_ws/src/simplified_marine_sim/src/robot.cpp:324:9:[m[K [01;31m[Kerror: [m[K‘[01m[Kprev_subtask_failures[m[K’ was not declared in this scope
  324 |     if ([01;31m[Kprev_subtask_failures[m[K != subtask_failures) {
      |         [01;31m[K^~~~~~~~~~~~~~~~~~~~~[m[K
[01m[K/home/emily/sa-mrbt_ws/src/simplified_marine_sim/src/robot.cpp:324:34:[m[K [01;31m[Kerror: [m[K‘[01m[Ksubtask_failures[m[K’ was not declared in this scope
  324 |     if (prev_subtask_failures != [01;31m[Ksubtask_failures[m[K) {
      |                                  [01;31m[K^~~~~~~~~~~~~~~~[m[K
[01m[K/home/emily/sa-mrbt_ws/src/simplified_marine_sim/src/robot.cpp:326:26:[m[K [01;31m[Kerror: [m[Kcannot convert ‘[01m[K<brace-enclosed initializer list>[m[K’ to ‘[01m[Kint[m[K’ in return
  326 |         return {false, {}[01;31m[K}[m[K; // could also return neighbor_fail_info which should be same at this point
      |                          [01;31m[K^[m[K
[01m[K/home/emily/sa-mrbt_ws/src/simplified_marine_sim/src/robot.cpp:329:31:[m[K [01;31m[Kerror: [m[K‘[01m[Kworld[m[K’ was not declared in this scope; did you mean ‘[01m[KWorld[m[K’?
  329 |         for (int subtask_id : [01;31m[Kworld[m[K->getSubtaskIDs()) {
      |                               [01;31m[K^~~~~[m[K
      |                               [32m[KWorld[m[K
[01m[K/home/emily/sa-mrbt_ws/src/simplified_marine_sim/src/robot.cpp:331:33:[m[K [01;31m[Kerror: [m[K‘[01m[Kid[m[K’ was not declared in this scope
  331 |                 if (agent_id != [01;31m[Kid[m[K && prev_subtask_failures[subtask_id][agent_id] != subtask_failures[subtask_id][agent_id]) {
      |                                 [01;31m[K^~[m[K
[01m[K/home/emily/sa-mrbt_ws/src/simplified_marine_sim/src/robot.cpp:340:12:[m[K [01;31m[Kerror: [m[K‘[01m[Kneighbor_fail_info[m[K’ was not declared in this scope
  340 |     return [01;31m[Kneighbor_fail_info[m[K;
      |            [01;31m[K^~~~~~~~~~~~~~~~~~[m[K
[01m[K/home/emily/sa-mrbt_ws/src/simplified_marine_sim/src/robot.cpp:[m[K In function ‘[01m[Kvoid updateDoableTasks()[m[K’:
[01m[K/home/emily/sa-mrbt_ws/src/simplified_marine_sim/src/robot.cpp:348:9:[m[K [01;31m[Kerror: [m[K‘[01m[Kprev_subtask_failures[m[K’ was not declared in this scope
  348 |     if ([01;31m[Kprev_subtask_failures[m[K != subtask_failures for all agents except self (given by id)) {
      |         [01;31m[K^~~~~~~~~~~~~~~~~~~~~[m[K
[01m[K/home/emily/sa-mrbt_ws/src/simplified_marine_sim/src/robot.cpp:348:34:[m[K [01;31m[Kerror: [m[K‘[01m[Ksubtask_failures[m[K’ was not declared in this scope
  348 |     if (prev_subtask_failures != [01;31m[Ksubtask_failures[m[K for all agents except self (given by id)) {
      |                                  [01;31m[K^~~~~~~~~~~~~~~~[m[K
[01m[K/home/emily/sa-mrbt_ws/src/simplified_marine_sim/src/robot.cpp:348:50:[m[K [01;31m[Kerror: [m[Kexpected ‘[01m[K)[m[K’ before ‘[01m[Kfor[m[K’
  348 |     if [34m[K([m[Kprev_subtask_failures != subtask_failures[01;31m[K [m[K[32m[Kfor[m[K all agents except self (given by id)) {
      |        [34m[K~[m[K                                         [01;31m[K^[m[K[32m[K~~~[m[K
      |                                                  [32m[K)[m[K
[01m[K/home/emily/sa-mrbt_ws/src/simplified_marine_sim/src/robot.cpp:349:9:[m[K [01;31m[Kerror: [m[K‘[01m[Kget[m[K’ was not declared in this scope; did you mean ‘[01m[Kstd::get[m[K’?
  349 |         [01;31m[Kget[m[K vector of subtasks that have changes (failures) by robots other than self (should just be 1 each since each subtask is for single task instance)
      |         [01;31m[K^~~[m[K
      |         [32m[Kstd::get[m[K
In file included from [01m[K/home/emily/sa-mrbt_ws/install/behaviortree_cpp/include/behaviortree_cpp/basic_types.h:10[m[K,
                 from [01m[K/home/emily/sa-mrbt_ws/install/behaviortree_cpp/include/behaviortree_cpp/tree_node.h:21[m[K,
                 from [01m[K/home/emily/sa-mrbt_ws/install/behaviortree_cpp/include/behaviortree_cpp/leaf_node.h:17[m[K,
                 from [01m[K/home/emily/sa-mrbt_ws/install/behaviortree_cpp/include/behaviortree_cpp/action_node.h:22[m[K,
                 from [01m[K/home/emily/sa-mrbt_ws/install/behaviortree_cpp/include/behaviortree_cpp/actions/pop_from_queue.hpp:17[m[K,
                 from [01m[K/home/emily/sa-mrbt_ws/src/simplified_marine_sim/include/planners.hpp:8[m[K,
                 from [01m[K/home/emily/sa-mrbt_ws/src/simplified_marine_sim/src/robot.cpp:3[m[K:
[01m[K/usr/include/c++/11/variant:1145:27:[m[K [01;36m[Knote: [m[K‘[01m[Kstd::get[m[K’ declared here
 1145 |     constexpr const _Tp&& [01;36m[Kget[m[K(const variant<_Types...>&& __v)
      |                           [01;36m[K^~~[m[K
[01m[K/home/emily/sa-mrbt_ws/src/simplified_marine_sim/src/robot.cpp:352:9:[m[K [01;31m[Kerror: [m[Kexpected ‘[01m[K([m[K’ before ‘[01m[Keach[m[K’
  352 |     for [01;31m[Ke[m[K[32m[Kach[m[K subtask that another neighboring robot has failed
      |         [01;31m[K^[m[K[32m[K~~~[m[K
      |         [32m[K([m[K
[01m[K/home/emily/sa-mrbt_ws/src/simplified_marine_sim/src/robot.cpp:352:9:[m[K [01;31m[Kerror: [m[K‘[01m[Keach[m[K’ was not declared in this scope
  352 |     for [01;31m[Keach[m[K subtask that another neighboring robot has failed
      |         [01;31m[K^~~~[m[K
[01m[K/home/emily/sa-mrbt_ws/src/simplified_marine_sim/src/robot.cpp:359:1:[m[K [01;31m[Kerror: [m[Kexpected primary-expression before ‘[01m[K}[m[K’ token
  359 | [01;31m[K}[m[K
      | [01;31m[K^[m[K
[01m[K/home/emily/sa-mrbt_ws/src/simplified_marine_sim/src/robot.cpp:354:132:[m[K [01;31m[Kerror: [m[Kexpected ‘[01m[K;[m[K’ before ‘[01m[K}[m[K’ token
  354 |         (for now can leave doable_subtask_ids unchanged - other option is to fully move from doable_subtask_ids to doable_task_ids)
      |                                                                                                                                    [01;31m[K^[m[K
      |                                                                                                                                    [32m[K;[m[K
......
  359 | [32m[K}[m[K
      | [32m[K~[m[K                                                                                                                                   
[01m[K/home/emily/sa-mrbt_ws/src/simplified_marine_sim/src/robot.cpp:359:1:[m[K [01;31m[Kerror: [m[Kexpected primary-expression before ‘[01m[K}[m[K’ token
  359 | [01;31m[K}[m[K
      | [01;31m[K^[m[K
[01m[K/home/emily/sa-mrbt_ws/src/simplified_marine_sim/src/robot.cpp:354:132:[m[K [01;31m[Kerror: [m[Kexpected ‘[01m[K)[m[K’ before ‘[01m[K}[m[K’ token
  354 |         (for now can leave doable_subtask_ids unchanged - other option is to fully move from doable_subtask_ids to doable_task_ids)
      |                                                                                                                                    [01;31m[K^[m[K
      |                                                                                                                                    [32m[K)[m[K
......
  359 | [32m[K}[m[K
      | [32m[K~[m[K                                                                                                                                   
[01m[K/home/emily/sa-mrbt_ws/src/simplified_marine_sim/src/robot.cpp:352:9:[m[K [01;36m[Knote: [m[Kto match this ‘[01m[K([m[K’
  352 |     for [01;36m[Keach[m[K subtask that another neighboring robot has failed
      |         [01;36m[K^~~~[m[K
[01m[K/home/emily/sa-mrbt_ws/src/simplified_marine_sim/src/robot.cpp:359:1:[m[K [01;31m[Kerror: [m[Kexpected primary-expression before ‘[01m[K}[m[K’ token
  359 | [01;31m[K}[m[K
      | [01;31m[K^[m[K
gmake[2]: *** [CMakeFiles/sim.dir/build.make:132: CMakeFiles/sim.dir/src/message.cpp.o] Error 1
gmake[2]: *** [CMakeFiles/sim.dir/build.make:174: CMakeFiles/sim.dir/src/planners.cpp.o] Error 1
gmake[2]: *** [CMakeFiles/sim.dir/build.make:90: CMakeFiles/sim.dir/src/CBBA.cpp.o] Error 1
gmake[2]: *** [CMakeFiles/sim.dir/build.make:216: CMakeFiles/sim.dir/src/parser.cpp.o] Error 1
gmake[2]: *** [CMakeFiles/sim.dir/build.make:160: CMakeFiles/sim.dir/src/world.cpp.o] Error 1
gmake[2]: *** [CMakeFiles/sim.dir/build.make:76: CMakeFiles/sim.dir/src/sim.cpp.o] Error 1
gmake[2]: *** [CMakeFiles/sim.dir/build.make:202: CMakeFiles/sim.dir/src/behavior_tree.cpp.o] Error 1
gmake[2]: *** [CMakeFiles/sim.dir/build.make:188: CMakeFiles/sim.dir/src/robot.cpp.o] Error 1
gmake[1]: *** [CMakeFiles/Makefile2:137: CMakeFiles/sim.dir/all] Error 2
gmake: *** [Makefile:146: all] Error 2
