[0.007s] Invoking command in '/home/emily/sa-mrbt_ws/build/simulator': AMENT_PREFIX_PATH=/home/emily/sa-mrbt_ws/install/behaviortree_cpp:${AMENT_PREFIX_PATH} CMAKE_PREFIX_PATH=/home/emily/sa-mrbt_ws/install/behaviortree_cpp:/opt/ros/iron LD_LIBRARY_PATH=/home/emily/sa-mrbt_ws/install/behaviortree_cpp/lib:${LD_LIBRARY_PATH} PATH=/home/emily/sa-mrbt_ws/install/behaviortree_cpp/bin:${PATH} /usr/bin/cmake --build /home/emily/sa-mrbt_ws/build/simulator -- -j12 -l12
[0.046s] [35m[1mConsolidate compiler generated dependencies of target sim[0m
[0.072s] [ 15%] [32mBuilding CXX object CMakeFiles/sim.dir/src/sim.cpp.o[0m
[0.072s] [ 15%] [32mBuilding CXX object CMakeFiles/sim.dir/src/CBBA.cpp.o[0m
[0.072s] [ 23%] [32mBuilding CXX object CMakeFiles/sim.dir/src/CBGA.cpp.o[0m
[0.072s] [ 30%] [32mBuilding CXX object CMakeFiles/sim.dir/src/message.cpp.o[0m
[0.073s] [ 38%] [32mBuilding CXX object CMakeFiles/sim.dir/src/world.cpp.o[0m
[0.073s] [ 46%] [32mBuilding CXX object CMakeFiles/sim.dir/src/planners.cpp.o[0m
[0.085s] [ 61%] [32mBuilding CXX object CMakeFiles/sim.dir/src/robot.cpp.o[0m
[0.085s] [ 61%] [32mBuilding CXX object CMakeFiles/sim.dir/src/behavior_tree.cpp.o[0m
[0.087s] [ 69%] [32mBuilding CXX object CMakeFiles/sim.dir/src/parser.cpp.o[0m
[0.087s] [ 76%] [32mBuilding CXX object CMakeFiles/sim.dir/src/greedy.cpp.o[0m
[2.280s] In file included from [01m[K/home/emily/sa-mrbt_ws/src/simplified_marine_sim/include/world.hpp:8[m[K,
[2.280s]                  from [01m[K/home/emily/sa-mrbt_ws/src/simplified_marine_sim/src/greedy.cpp:6[m[K:
[2.281s] [01m[K/home/emily/sa-mrbt_ws/src/simplified_marine_sim/include/robot.hpp:99:31:[m[K [01;31m[Kerror: [m[Ktype/value mismatch at argument 2 in template parameter list for ‘[01m[Ktemplate<class _T1, class _T2> struct std::pair[m[K’
[2.281s]    99 |     std::pair<bool,std::vector[01;31m[K>[m[K newNeighborSubtaskFailure();
[2.281s]       |                               [01;31m[K^[m[K
[2.281s] [01m[K/home/emily/sa-mrbt_ws/src/simplified_marine_sim/include/robot.hpp:99:31:[m[K [01;36m[Knote: [m[K  expected a type, got ‘[01m[Kvector[m[K’
[2.406s] In file included from [01m[K/home/emily/sa-mrbt_ws/src/simplified_marine_sim/include/world.hpp:8[m[K,
[2.407s]                  from [01m[K/home/emily/sa-mrbt_ws/src/simplified_marine_sim/src/robot.cpp:4[m[K:
[2.407s] [01m[K/home/emily/sa-mrbt_ws/src/simplified_marine_sim/include/robot.hpp:99:31:[m[K [01;31m[Kerror: [m[Ktype/value mismatch at argument 2 in template parameter list for ‘[01m[Ktemplate<class _T1, class _T2> struct std::pair[m[K’
[2.407s]    99 |     std::pair<bool,std::vector[01;31m[K>[m[K newNeighborSubtaskFailure();
[2.407s]       |                               [01;31m[K^[m[K
[2.407s] [01m[K/home/emily/sa-mrbt_ws/src/simplified_marine_sim/include/robot.hpp:99:31:[m[K [01;36m[Knote: [m[K  expected a type, got ‘[01m[Kvector[m[K’
[3.292s] In file included from [01m[K/home/emily/sa-mrbt_ws/src/simplified_marine_sim/include/world.hpp:8[m[K,
[3.292s]                  from [01m[K/home/emily/sa-mrbt_ws/src/simplified_marine_sim/src/world.cpp:4[m[K:
[3.293s] [01m[K/home/emily/sa-mrbt_ws/src/simplified_marine_sim/include/robot.hpp:99:31:[m[K [01;31m[Kerror: [m[Ktype/value mismatch at argument 2 in template parameter list for ‘[01m[Ktemplate<class _T1, class _T2> struct std::pair[m[K’
[3.293s]    99 |     std::pair<bool,std::vector[01;31m[K>[m[K newNeighborSubtaskFailure();
[3.293s]       |                               [01;31m[K^[m[K
[3.293s] [01m[K/home/emily/sa-mrbt_ws/src/simplified_marine_sim/include/robot.hpp:99:31:[m[K [01;36m[Knote: [m[K  expected a type, got ‘[01m[Kvector[m[K’
[3.296s] In file included from [01m[K/home/emily/sa-mrbt_ws/src/simplified_marine_sim/include/world.hpp:8[m[K,
[3.296s]                  from [01m[K/home/emily/sa-mrbt_ws/src/simplified_marine_sim/src/CBGA.cpp:6[m[K:
[3.296s] [01m[K/home/emily/sa-mrbt_ws/src/simplified_marine_sim/include/robot.hpp:99:31:[m[K [01;31m[Kerror: [m[Ktype/value mismatch at argument 2 in template parameter list for ‘[01m[Ktemplate<class _T1, class _T2> struct std::pair[m[K’
[3.296s]    99 |     std::pair<bool,std::vector[01;31m[K>[m[K newNeighborSubtaskFailure();
[3.296s]       |                               [01;31m[K^[m[K
[3.296s] [01m[K/home/emily/sa-mrbt_ws/src/simplified_marine_sim/include/robot.hpp:99:31:[m[K [01;36m[Knote: [m[K  expected a type, got ‘[01m[Kvector[m[K’
[3.299s] In file included from [01m[K/home/emily/sa-mrbt_ws/src/simplified_marine_sim/include/world.hpp:8[m[K,
[3.299s]                  from [01m[K/home/emily/sa-mrbt_ws/src/simplified_marine_sim/include/message.hpp:6[m[K,
[3.299s]                  from [01m[K/home/emily/sa-mrbt_ws/src/simplified_marine_sim/src/message.cpp:2[m[K:
[3.299s] [01m[K/home/emily/sa-mrbt_ws/src/simplified_marine_sim/include/robot.hpp:99:31:[m[K [01;31m[Kerror: [m[Ktype/value mismatch at argument 2 in template parameter list for ‘[01m[Ktemplate<class _T1, class _T2> struct std::pair[m[K’
[3.299s]    99 |     std::pair<bool,std::vector[01;31m[K>[m[K newNeighborSubtaskFailure();
[3.299s]       |                               [01;31m[K^[m[K
[3.299s] [01m[K/home/emily/sa-mrbt_ws/src/simplified_marine_sim/include/robot.hpp:99:31:[m[K [01;36m[Knote: [m[K  expected a type, got ‘[01m[Kvector[m[K’
[3.306s] In file included from [01m[K/home/emily/sa-mrbt_ws/src/simplified_marine_sim/include/world.hpp:8[m[K,
[3.306s]                  from [01m[K/home/emily/sa-mrbt_ws/src/simplified_marine_sim/src/sim.cpp:8[m[K:
[3.306s] [01m[K/home/emily/sa-mrbt_ws/src/simplified_marine_sim/include/robot.hpp:99:31:[m[K [01;31m[Kerror: [m[Ktype/value mismatch at argument 2 in template parameter list for ‘[01m[Ktemplate<class _T1, class _T2> struct std::pair[m[K’
[3.306s]    99 |     std::pair<bool,std::vector[01;31m[K>[m[K newNeighborSubtaskFailure();
[3.306s]       |                               [01;31m[K^[m[K
[3.307s] [01m[K/home/emily/sa-mrbt_ws/src/simplified_marine_sim/include/robot.hpp:99:31:[m[K [01;36m[Knote: [m[K  expected a type, got ‘[01m[Kvector[m[K’
[3.317s] In file included from [01m[K/home/emily/sa-mrbt_ws/src/simplified_marine_sim/include/world.hpp:8[m[K,
[3.317s]                  from [01m[K/home/emily/sa-mrbt_ws/src/simplified_marine_sim/src/CBBA.cpp:6[m[K:
[3.317s] [01m[K/home/emily/sa-mrbt_ws/src/simplified_marine_sim/include/robot.hpp:99:31:[m[K [01;31m[Kerror: [m[Ktype/value mismatch at argument 2 in template parameter list for ‘[01m[Ktemplate<class _T1, class _T2> struct std::pair[m[K’
[3.317s]    99 |     std::pair<bool,std::vector[01;31m[K>[m[K newNeighborSubtaskFailure();
[3.317s]       |                               [01;31m[K^[m[K
[3.317s] [01m[K/home/emily/sa-mrbt_ws/src/simplified_marine_sim/include/robot.hpp:99:31:[m[K [01;36m[Knote: [m[K  expected a type, got ‘[01m[Kvector[m[K’
[3.328s] gmake[2]: *** [CMakeFiles/sim.dir/build.make:230: CMakeFiles/sim.dir/src/greedy.cpp.o] Error 1
[3.328s] gmake[2]: *** Waiting for unfinished jobs....
[3.333s] In file included from [01m[K/home/emily/sa-mrbt_ws/src/simplified_marine_sim/include/world.hpp:8[m[K,
[3.333s]                  from [01m[K/home/emily/sa-mrbt_ws/src/simplified_marine_sim/src/planners.cpp:4[m[K:
[3.333s] [01m[K/home/emily/sa-mrbt_ws/src/simplified_marine_sim/include/robot.hpp:99:31:[m[K [01;31m[Kerror: [m[Ktype/value mismatch at argument 2 in template parameter list for ‘[01m[Ktemplate<class _T1, class _T2> struct std::pair[m[K’
[3.333s]    99 |     std::pair<bool,std::vector[01;31m[K>[m[K newNeighborSubtaskFailure();
[3.334s]       |                               [01;31m[K^[m[K
[3.334s] [01m[K/home/emily/sa-mrbt_ws/src/simplified_marine_sim/include/robot.hpp:99:31:[m[K [01;36m[Knote: [m[K  expected a type, got ‘[01m[Kvector[m[K’
[3.422s] In file included from [01m[K/home/emily/sa-mrbt_ws/src/simplified_marine_sim/include/utils.hpp:7[m[K,
[3.422s]                  from [01m[K/home/emily/sa-mrbt_ws/src/simplified_marine_sim/src/parser.cpp:7[m[K:
[3.422s] [01m[K/home/emily/sa-mrbt_ws/src/simplified_marine_sim/include/robot.hpp:99:31:[m[K [01;31m[Kerror: [m[Ktype/value mismatch at argument 2 in template parameter list for ‘[01m[Ktemplate<class _T1, class _T2> struct std::pair[m[K’
[3.422s]    99 |     std::pair<bool,std::vector[01;31m[K>[m[K newNeighborSubtaskFailure();
[3.422s]       |                               [01;31m[K^[m[K
[3.422s] [01m[K/home/emily/sa-mrbt_ws/src/simplified_marine_sim/include/robot.hpp:99:31:[m[K [01;36m[Knote: [m[K  expected a type, got ‘[01m[Kvector[m[K’
[3.495s] In file included from [01m[K/home/emily/sa-mrbt_ws/src/simplified_marine_sim/include/world.hpp:8[m[K,
[3.495s]                  from [01m[K/home/emily/sa-mrbt_ws/src/simplified_marine_sim/include/behavior_tree.hpp:7[m[K,
[3.495s]                  from [01m[K/home/emily/sa-mrbt_ws/src/simplified_marine_sim/src/behavior_tree.cpp:1[m[K:
[3.495s] [01m[K/home/emily/sa-mrbt_ws/src/simplified_marine_sim/include/robot.hpp:99:31:[m[K [01;31m[Kerror: [m[Ktype/value mismatch at argument 2 in template parameter list for ‘[01m[Ktemplate<class _T1, class _T2> struct std::pair[m[K’
[3.495s]    99 |     std::pair<bool,std::vector[01;31m[K>[m[K newNeighborSubtaskFailure();
[3.496s]       |                               [01;31m[K^[m[K
[3.496s] [01m[K/home/emily/sa-mrbt_ws/src/simplified_marine_sim/include/robot.hpp:99:31:[m[K [01;36m[Knote: [m[K  expected a type, got ‘[01m[Kvector[m[K’
[4.653s] gmake[2]: *** [CMakeFiles/sim.dir/build.make:104: CMakeFiles/sim.dir/src/CBGA.cpp.o] Error 1
[4.793s] [01m[K/home/emily/sa-mrbt_ws/src/simplified_marine_sim/src/robot.cpp:313:27:[m[K [01;31m[Kerror: [m[Ktype/value mismatch at argument 2 in template parameter list for ‘[01m[Ktemplate<class _T1, class _T2> struct std::pair[m[K’
[4.793s]   313 | std::pair<bool,std::vector[01;31m[K>[m[K newNeighborSubtaskFailures() {
[4.793s]       |                           [01;31m[K^[m[K
[4.793s] [01m[K/home/emily/sa-mrbt_ws/src/simplified_marine_sim/src/robot.cpp:313:27:[m[K [01;36m[Knote: [m[K  expected a type, got ‘[01m[Kvector[m[K’
[4.793s] [01m[K/home/emily/sa-mrbt_ws/src/simplified_marine_sim/src/robot.cpp:[m[K In function ‘[01m[Kint newNeighborSubtaskFailures()[m[K’:
[4.793s] [01m[K/home/emily/sa-mrbt_ws/src/simplified_marine_sim/src/robot.cpp:319:63:[m[K [01;31m[Kerror: [m[Ktemplate argument 2 is invalid
[4.793s]   319 |     std::pair<bool,std::vector<int> neighbor_fail_info = std::[01;31m[Kmake_pair[m[K{false,new_failed_subtask_ids};
[4.793s]       |                                                               [01;31m[K^~~~~~~~~[m[K
[4.801s] [01m[K/home/emily/sa-mrbt_ws/src/simplified_marine_sim/src/robot.cpp:324:9:[m[K [01;31m[Kerror: [m[K‘[01m[Kprev_subtask_failures[m[K’ was not declared in this scope
[4.802s]   324 |     if ([01;31m[Kprev_subtask_failures[m[K != subtask_failures) {
[4.802s]       |         [01;31m[K^~~~~~~~~~~~~~~~~~~~~[m[K
[4.809s] [01m[K/home/emily/sa-mrbt_ws/src/simplified_marine_sim/src/robot.cpp:324:34:[m[K [01;31m[Kerror: [m[K‘[01m[Ksubtask_failures[m[K’ was not declared in this scope
[4.809s]   324 |     if (prev_subtask_failures != [01;31m[Ksubtask_failures[m[K) {
[4.809s]       |                                  [01;31m[K^~~~~~~~~~~~~~~~[m[K
[4.809s] [01m[K/home/emily/sa-mrbt_ws/src/simplified_marine_sim/src/robot.cpp:326:26:[m[K [01;31m[Kerror: [m[Kcannot convert ‘[01m[K<brace-enclosed initializer list>[m[K’ to ‘[01m[Kint[m[K’ in return
[4.810s]   326 |         return {false, {}[01;31m[K}[m[K; // could also return neighbor_fail_info which should be same at this point
[4.810s]       |                          [01;31m[K^[m[K
[4.814s] [01m[K/home/emily/sa-mrbt_ws/src/simplified_marine_sim/src/robot.cpp:329:31:[m[K [01;31m[Kerror: [m[K‘[01m[Kworld[m[K’ was not declared in this scope; did you mean ‘[01m[KWorld[m[K’?
[4.814s]   329 |         for (int subtask_id : [01;31m[Kworld[m[K->getSubtaskIDs()) {
[4.814s]       |                               [01;31m[K^~~~~[m[K
[4.814s]       |                               [32m[KWorld[m[K
[4.818s] [01m[K/home/emily/sa-mrbt_ws/src/simplified_marine_sim/src/robot.cpp:331:33:[m[K [01;31m[Kerror: [m[K‘[01m[Kid[m[K’ was not declared in this scope
[4.818s]   331 |                 if (agent_id != [01;31m[Kid[m[K && prev_subtask_failures[subtask_id][agent_id] != subtask_failures[subtask_id][agent_id]) {
[4.818s]       |                                 [01;31m[K^~[m[K
[4.826s] [01m[K/home/emily/sa-mrbt_ws/src/simplified_marine_sim/src/robot.cpp:340:12:[m[K [01;31m[Kerror: [m[K‘[01m[Kneighbor_fail_info[m[K’ was not declared in this scope
[4.826s]   340 |     return [01;31m[Kneighbor_fail_info[m[K;
[4.826s]       |            [01;31m[K^~~~~~~~~~~~~~~~~~[m[K
[4.835s] [01m[K/home/emily/sa-mrbt_ws/src/simplified_marine_sim/src/robot.cpp:[m[K In function ‘[01m[Kvoid updateDoableTasks()[m[K’:
[4.835s] [01m[K/home/emily/sa-mrbt_ws/src/simplified_marine_sim/src/robot.cpp:348:9:[m[K [01;31m[Kerror: [m[K‘[01m[Kprev_subtask_failures[m[K’ was not declared in this scope
[4.835s]   348 |     if ([01;31m[Kprev_subtask_failures[m[K != subtask_failures for all agents except self (given by id)) {
[4.835s]       |         [01;31m[K^~~~~~~~~~~~~~~~~~~~~[m[K
[4.843s] [01m[K/home/emily/sa-mrbt_ws/src/simplified_marine_sim/src/robot.cpp:348:34:[m[K [01;31m[Kerror: [m[K‘[01m[Ksubtask_failures[m[K’ was not declared in this scope
[4.843s]   348 |     if (prev_subtask_failures != [01;31m[Ksubtask_failures[m[K for all agents except self (given by id)) {
[4.843s]       |                                  [01;31m[K^~~~~~~~~~~~~~~~[m[K
[4.843s] [01m[K/home/emily/sa-mrbt_ws/src/simplified_marine_sim/src/robot.cpp:348:50:[m[K [01;31m[Kerror: [m[Kexpected ‘[01m[K)[m[K’ before ‘[01m[Kfor[m[K’
[4.843s]   348 |     if [34m[K([m[Kprev_subtask_failures != subtask_failures[01;31m[K [m[K[32m[Kfor[m[K all agents except self (given by id)) {
[4.843s]       |        [34m[K~[m[K                                         [01;31m[K^[m[K[32m[K~~~[m[K
[4.843s]       |                                                  [32m[K)[m[K
[4.844s] [01m[K/home/emily/sa-mrbt_ws/src/simplified_marine_sim/src/robot.cpp:349:9:[m[K [01;31m[Kerror: [m[K‘[01m[Kget[m[K’ was not declared in this scope; did you mean ‘[01m[Kstd::get[m[K’?
[4.844s]   349 |         [01;31m[Kget[m[K vector of subtasks that have changes (failures) by robots other than self (should just be 1 each since each subtask is for single task instance)
[4.844s]       |         [01;31m[K^~~[m[K
[4.844s]       |         [32m[Kstd::get[m[K
[4.844s] In file included from [01m[K/home/emily/sa-mrbt_ws/install/behaviortree_cpp/include/behaviortree_cpp/basic_types.h:10[m[K,
[4.844s]                  from [01m[K/home/emily/sa-mrbt_ws/install/behaviortree_cpp/include/behaviortree_cpp/tree_node.h:21[m[K,
[4.844s]                  from [01m[K/home/emily/sa-mrbt_ws/install/behaviortree_cpp/include/behaviortree_cpp/leaf_node.h:17[m[K,
[4.844s]                  from [01m[K/home/emily/sa-mrbt_ws/install/behaviortree_cpp/include/behaviortree_cpp/action_node.h:22[m[K,
[4.845s]                  from [01m[K/home/emily/sa-mrbt_ws/install/behaviortree_cpp/include/behaviortree_cpp/actions/pop_from_queue.hpp:17[m[K,
[4.845s]                  from [01m[K/home/emily/sa-mrbt_ws/src/simplified_marine_sim/include/planners.hpp:8[m[K,
[4.845s]                  from [01m[K/home/emily/sa-mrbt_ws/src/simplified_marine_sim/src/robot.cpp:3[m[K:
[4.845s] [01m[K/usr/include/c++/11/variant:1145:27:[m[K [01;36m[Knote: [m[K‘[01m[Kstd::get[m[K’ declared here
[4.845s]  1145 |     constexpr const _Tp&& [01;36m[Kget[m[K(const variant<_Types...>&& __v)
[4.845s]       |                           [01;36m[K^~~[m[K
[4.845s] [01m[K/home/emily/sa-mrbt_ws/src/simplified_marine_sim/src/robot.cpp:352:9:[m[K [01;31m[Kerror: [m[Kexpected ‘[01m[K([m[K’ before ‘[01m[Keach[m[K’
[4.845s]   352 |     for [01;31m[Ke[m[K[32m[Kach[m[K subtask that another neighboring robot has failed
[4.845s]       |         [01;31m[K^[m[K[32m[K~~~[m[K
[4.846s]       |         [32m[K([m[K
[4.848s] [01m[K/home/emily/sa-mrbt_ws/src/simplified_marine_sim/src/robot.cpp:352:9:[m[K [01;31m[Kerror: [m[K‘[01m[Keach[m[K’ was not declared in this scope
[4.848s]   352 |     for [01;31m[Keach[m[K subtask that another neighboring robot has failed
[4.848s]       |         [01;31m[K^~~~[m[K
[4.848s] [01m[K/home/emily/sa-mrbt_ws/src/simplified_marine_sim/src/robot.cpp:359:1:[m[K [01;31m[Kerror: [m[Kexpected primary-expression before ‘[01m[K}[m[K’ token
[4.849s]   359 | [01;31m[K}[m[K
[4.849s]       | [01;31m[K^[m[K
[4.849s] [01m[K/home/emily/sa-mrbt_ws/src/simplified_marine_sim/src/robot.cpp:354:132:[m[K [01;31m[Kerror: [m[Kexpected ‘[01m[K;[m[K’ before ‘[01m[K}[m[K’ token
[4.849s]   354 |         (for now can leave doable_subtask_ids unchanged - other option is to fully move from doable_subtask_ids to doable_task_ids)
[4.849s]       |                                                                                                                                    [01;31m[K^[m[K
[4.849s]       |                                                                                                                                    [32m[K;[m[K
[4.849s] ......
[4.849s]   359 | [32m[K}[m[K
[4.849s]       | [32m[K~[m[K                                                                                                                                   
[4.850s] [01m[K/home/emily/sa-mrbt_ws/src/simplified_marine_sim/src/robot.cpp:359:1:[m[K [01;31m[Kerror: [m[Kexpected primary-expression before ‘[01m[K}[m[K’ token
[4.850s]   359 | [01;31m[K}[m[K
[4.850s]       | [01;31m[K^[m[K
[4.850s] [01m[K/home/emily/sa-mrbt_ws/src/simplified_marine_sim/src/robot.cpp:354:132:[m[K [01;31m[Kerror: [m[Kexpected ‘[01m[K)[m[K’ before ‘[01m[K}[m[K’ token
[4.850s]   354 |         (for now can leave doable_subtask_ids unchanged - other option is to fully move from doable_subtask_ids to doable_task_ids)
[4.850s]       |                                                                                                                                    [01;31m[K^[m[K
[4.850s]       |                                                                                                                                    [32m[K)[m[K
[4.850s] ......
[4.850s]   359 | [32m[K}[m[K
[4.851s]       | [32m[K~[m[K                                                                                                                                   
[4.851s] [01m[K/home/emily/sa-mrbt_ws/src/simplified_marine_sim/src/robot.cpp:352:9:[m[K [01;36m[Knote: [m[Kto match this ‘[01m[K([m[K’
[4.851s]   352 |     for [01;36m[Keach[m[K subtask that another neighboring robot has failed
[4.851s]       |         [01;36m[K^~~~[m[K
[4.851s] [01m[K/home/emily/sa-mrbt_ws/src/simplified_marine_sim/src/robot.cpp:359:1:[m[K [01;31m[Kerror: [m[Kexpected primary-expression before ‘[01m[K}[m[K’ token
[4.851s]   359 | [01;31m[K}[m[K
[4.851s]       | [01;31m[K^[m[K
[4.930s] gmake[2]: *** [CMakeFiles/sim.dir/build.make:132: CMakeFiles/sim.dir/src/message.cpp.o] Error 1
[4.985s] gmake[2]: *** [CMakeFiles/sim.dir/build.make:174: CMakeFiles/sim.dir/src/planners.cpp.o] Error 1
[5.010s] gmake[2]: *** [CMakeFiles/sim.dir/build.make:90: CMakeFiles/sim.dir/src/CBBA.cpp.o] Error 1
[5.071s] gmake[2]: *** [CMakeFiles/sim.dir/build.make:216: CMakeFiles/sim.dir/src/parser.cpp.o] Error 1
[5.159s] gmake[2]: *** [CMakeFiles/sim.dir/build.make:160: CMakeFiles/sim.dir/src/world.cpp.o] Error 1
[5.507s] gmake[2]: *** [CMakeFiles/sim.dir/build.make:76: CMakeFiles/sim.dir/src/sim.cpp.o] Error 1
[5.604s] gmake[2]: *** [CMakeFiles/sim.dir/build.make:202: CMakeFiles/sim.dir/src/behavior_tree.cpp.o] Error 1
[6.123s] gmake[2]: *** [CMakeFiles/sim.dir/build.make:188: CMakeFiles/sim.dir/src/robot.cpp.o] Error 1
[6.123s] gmake[1]: *** [CMakeFiles/Makefile2:137: CMakeFiles/sim.dir/all] Error 2
[6.123s] gmake: *** [Makefile:146: all] Error 2
[6.125s] Invoked command in '/home/emily/sa-mrbt_ws/build/simulator' returned '2': AMENT_PREFIX_PATH=/home/emily/sa-mrbt_ws/install/behaviortree_cpp:${AMENT_PREFIX_PATH} CMAKE_PREFIX_PATH=/home/emily/sa-mrbt_ws/install/behaviortree_cpp:/opt/ros/iron LD_LIBRARY_PATH=/home/emily/sa-mrbt_ws/install/behaviortree_cpp/lib:${LD_LIBRARY_PATH} PATH=/home/emily/sa-mrbt_ws/install/behaviortree_cpp/bin:${PATH} /usr/bin/cmake --build /home/emily/sa-mrbt_ws/build/simulator -- -j12 -l12
