[35m[1mConsolidate compiler generated dependencies of target sim[0m
[  7%] [32mBuilding CXX object CMakeFiles/sim.dir/src/world.cpp.o[0m
[01m[K/home/emily/sa-mrbt_ws/src/simplified_marine_sim/src/world.cpp:[m[K In member function ‘[01m[Kbool World::inComms(int, int)[m[K’:
[01m[K/home/emily/sa-mrbt_ws/src/simplified_marine_sim/src/world.cpp:747:12:[m[K [01;31m[Kerror: [m[Krequest for member ‘[01m[Klog_info[m[K’ in ‘[01m[Krobot1[m[K’, which is of pointer type ‘[01m[KRobot*[m[K’ (maybe you meant to use ‘[01m[K->[m[K’ ?)
  747 |     robot1.[01;31m[Klog_info[m[K("here in incomms 1");
      |            [01;31m[K^~~~~~~~[m[K
[01m[K/home/emily/sa-mrbt_ws/src/simplified_marine_sim/src/world.cpp:748:12:[m[K [01;31m[Kerror: [m[Krequest for member ‘[01m[Klog_info[m[K’ in ‘[01m[Krobot2[m[K’, which is of pointer type ‘[01m[KRobot*[m[K’ (maybe you meant to use ‘[01m[K->[m[K’ ?)
  748 |     robot2.[01;31m[Klog_info[m[K("here in incomms 1");
      |            [01;31m[K^~~~~~~~[m[K
[01m[K/home/emily/sa-mrbt_ws/src/simplified_marine_sim/src/world.cpp:752:16:[m[K [01;31m[Kerror: [m[Krequest for member ‘[01m[Klog_info[m[K’ in ‘[01m[Krobot1[m[K’, which is of pointer type ‘[01m[KRobot*[m[K’ (maybe you meant to use ‘[01m[K->[m[K’ ?)
  752 |         robot1.[01;31m[Klog_info[m[K("binary comms...");
      |                [01;31m[K^~~~~~~~[m[K
[01m[K/home/emily/sa-mrbt_ws/src/simplified_marine_sim/src/world.cpp:753:16:[m[K [01;31m[Kerror: [m[Krequest for member ‘[01m[Klog_info[m[K’ in ‘[01m[Krobot2[m[K’, which is of pointer type ‘[01m[KRobot*[m[K’ (maybe you meant to use ‘[01m[K->[m[K’ ?)
  753 |         robot2.[01;31m[Klog_info[m[K("binary comms...");
      |                [01;31m[K^~~~~~~~[m[K
[01m[K/home/emily/sa-mrbt_ws/src/simplified_marine_sim/src/world.cpp:757:16:[m[K [01;31m[Kerror: [m[Krequest for member ‘[01m[Klog_info[m[K’ in ‘[01m[Krobot1[m[K’, which is of pointer type ‘[01m[KRobot*[m[K’ (maybe you meant to use ‘[01m[K->[m[K’ ?)
  757 |         robot1.[01;31m[Klog_info[m[K("degrading comms...");
      |                [01;31m[K^~~~~~~~[m[K
[01m[K/home/emily/sa-mrbt_ws/src/simplified_marine_sim/src/world.cpp:758:16:[m[K [01;31m[Kerror: [m[Krequest for member ‘[01m[Klog_info[m[K’ in ‘[01m[Krobot2[m[K’, which is of pointer type ‘[01m[KRobot*[m[K’ (maybe you meant to use ‘[01m[K->[m[K’ ?)
  758 |         robot2.[01;31m[Klog_info[m[K("degrading comms...");
      |                [01;31m[K^~~~~~~~[m[K
[01m[K/home/emily/sa-mrbt_ws/src/simplified_marine_sim/src/world.cpp:771:16:[m[K [01;31m[Kerror: [m[Krequest for member ‘[01m[Klog_info[m[K’ in ‘[01m[Krobot1[m[K’, which is of pointer type ‘[01m[KRobot*[m[K’ (maybe you meant to use ‘[01m[K->[m[K’ ?)
  771 |         robot1.[01;31m[Klog_info[m[K(s); robot2.log_info(s);
      |                [01;31m[K^~~~~~~~[m[K
[01m[K/home/emily/sa-mrbt_ws/src/simplified_marine_sim/src/world.cpp:771:36:[m[K [01;31m[Kerror: [m[Krequest for member ‘[01m[Klog_info[m[K’ in ‘[01m[Krobot2[m[K’, which is of pointer type ‘[01m[KRobot*[m[K’ (maybe you meant to use ‘[01m[K->[m[K’ ?)
  771 |         robot1.log_info(s); robot2.[01;31m[Klog_info[m[K(s);
      |                                    [01;31m[K^~~~~~~~[m[K
[01m[K/home/emily/sa-mrbt_ws/src/simplified_marine_sim/src/world.cpp:774:16:[m[K [01;31m[Kerror: [m[Krequest for member ‘[01m[Klog_info[m[K’ in ‘[01m[Krobot1[m[K’, which is of pointer type ‘[01m[KRobot*[m[K’ (maybe you meant to use ‘[01m[K->[m[K’ ?)
  774 |         robot1.[01;31m[Klog_info[m[K(s2); robot2.log_info(s2);
      |                [01;31m[K^~~~~~~~[m[K
[01m[K/home/emily/sa-mrbt_ws/src/simplified_marine_sim/src/world.cpp:774:37:[m[K [01;31m[Kerror: [m[Krequest for member ‘[01m[Klog_info[m[K’ in ‘[01m[Krobot2[m[K’, which is of pointer type ‘[01m[KRobot*[m[K’ (maybe you meant to use ‘[01m[K->[m[K’ ?)
  774 |         robot1.log_info(s2); robot2.[01;31m[Klog_info[m[K(s2);
      |                                     [01;31m[K^~~~~~~~[m[K
gmake[2]: *** [CMakeFiles/sim.dir/build.make:160: CMakeFiles/sim.dir/src/world.cpp.o] Error 1
gmake[1]: *** [CMakeFiles/Makefile2:137: CMakeFiles/sim.dir/all] Error 2
gmake: *** [Makefile:146: all] Error 2
