[0.006s] Invoking command in '/home/emily/sa-mrbt_ws/build/simulator': CMAKE_PREFIX_PATH=/home/emily/sa-mrbt_ws/install/behaviortree_cpp:/home/emily/sa-mrbt_ws/install/simulator:/opt/ros/iron /usr/bin/cmake --build /home/emily/sa-mrbt_ws/build/simulator -- -j12 -l12
[0.037s] [35m[1mConsolidate compiler generated dependencies of target sim[0m
[0.060s] [  7%] [32mBuilding CXX object CMakeFiles/sim.dir/src/world.cpp.o[0m
[1.728s] [01m[K/home/emily/sa-mrbt_ws/src/simplified_marine_sim/src/world.cpp:[m[K In member function ‘[01m[Kbool World::inComms(int, int)[m[K’:
[1.728s] [01m[K/home/emily/sa-mrbt_ws/src/simplified_marine_sim/src/world.cpp:747:12:[m[K [01;31m[Kerror: [m[Krequest for member ‘[01m[Klog_info[m[K’ in ‘[01m[Krobot1[m[K’, which is of pointer type ‘[01m[KRobot*[m[K’ (maybe you meant to use ‘[01m[K->[m[K’ ?)
[1.728s]   747 |     robot1.[01;31m[Klog_info[m[K("here in incomms 1");
[1.728s]       |            [01;31m[K^~~~~~~~[m[K
[1.728s] [01m[K/home/emily/sa-mrbt_ws/src/simplified_marine_sim/src/world.cpp:748:12:[m[K [01;31m[Kerror: [m[Krequest for member ‘[01m[Klog_info[m[K’ in ‘[01m[Krobot2[m[K’, which is of pointer type ‘[01m[KRobot*[m[K’ (maybe you meant to use ‘[01m[K->[m[K’ ?)
[1.728s]   748 |     robot2.[01;31m[Klog_info[m[K("here in incomms 1");
[1.728s]       |            [01;31m[K^~~~~~~~[m[K
[1.728s] [01m[K/home/emily/sa-mrbt_ws/src/simplified_marine_sim/src/world.cpp:752:16:[m[K [01;31m[Kerror: [m[Krequest for member ‘[01m[Klog_info[m[K’ in ‘[01m[Krobot1[m[K’, which is of pointer type ‘[01m[KRobot*[m[K’ (maybe you meant to use ‘[01m[K->[m[K’ ?)
[1.729s]   752 |         robot1.[01;31m[Klog_info[m[K("binary comms...");
[1.729s]       |                [01;31m[K^~~~~~~~[m[K
[1.729s] [01m[K/home/emily/sa-mrbt_ws/src/simplified_marine_sim/src/world.cpp:753:16:[m[K [01;31m[Kerror: [m[Krequest for member ‘[01m[Klog_info[m[K’ in ‘[01m[Krobot2[m[K’, which is of pointer type ‘[01m[KRobot*[m[K’ (maybe you meant to use ‘[01m[K->[m[K’ ?)
[1.729s]   753 |         robot2.[01;31m[Klog_info[m[K("binary comms...");
[1.729s]       |                [01;31m[K^~~~~~~~[m[K
[1.729s] [01m[K/home/emily/sa-mrbt_ws/src/simplified_marine_sim/src/world.cpp:757:16:[m[K [01;31m[Kerror: [m[Krequest for member ‘[01m[Klog_info[m[K’ in ‘[01m[Krobot1[m[K’, which is of pointer type ‘[01m[KRobot*[m[K’ (maybe you meant to use ‘[01m[K->[m[K’ ?)
[1.729s]   757 |         robot1.[01;31m[Klog_info[m[K("degrading comms...");
[1.729s]       |                [01;31m[K^~~~~~~~[m[K
[1.729s] [01m[K/home/emily/sa-mrbt_ws/src/simplified_marine_sim/src/world.cpp:758:16:[m[K [01;31m[Kerror: [m[Krequest for member ‘[01m[Klog_info[m[K’ in ‘[01m[Krobot2[m[K’, which is of pointer type ‘[01m[KRobot*[m[K’ (maybe you meant to use ‘[01m[K->[m[K’ ?)
[1.729s]   758 |         robot2.[01;31m[Klog_info[m[K("degrading comms...");
[1.729s]       |                [01;31m[K^~~~~~~~[m[K
[1.729s] [01m[K/home/emily/sa-mrbt_ws/src/simplified_marine_sim/src/world.cpp:771:16:[m[K [01;31m[Kerror: [m[Krequest for member ‘[01m[Klog_info[m[K’ in ‘[01m[Krobot1[m[K’, which is of pointer type ‘[01m[KRobot*[m[K’ (maybe you meant to use ‘[01m[K->[m[K’ ?)
[1.729s]   771 |         robot1.[01;31m[Klog_info[m[K(s); robot2.log_info(s);
[1.729s]       |                [01;31m[K^~~~~~~~[m[K
[1.729s] [01m[K/home/emily/sa-mrbt_ws/src/simplified_marine_sim/src/world.cpp:771:36:[m[K [01;31m[Kerror: [m[Krequest for member ‘[01m[Klog_info[m[K’ in ‘[01m[Krobot2[m[K’, which is of pointer type ‘[01m[KRobot*[m[K’ (maybe you meant to use ‘[01m[K->[m[K’ ?)
[1.730s]   771 |         robot1.log_info(s); robot2.[01;31m[Klog_info[m[K(s);
[1.730s]       |                                    [01;31m[K^~~~~~~~[m[K
[1.730s] [01m[K/home/emily/sa-mrbt_ws/src/simplified_marine_sim/src/world.cpp:774:16:[m[K [01;31m[Kerror: [m[Krequest for member ‘[01m[Klog_info[m[K’ in ‘[01m[Krobot1[m[K’, which is of pointer type ‘[01m[KRobot*[m[K’ (maybe you meant to use ‘[01m[K->[m[K’ ?)
[1.730s]   774 |         robot1.[01;31m[Klog_info[m[K(s2); robot2.log_info(s2);
[1.730s]       |                [01;31m[K^~~~~~~~[m[K
[1.730s] [01m[K/home/emily/sa-mrbt_ws/src/simplified_marine_sim/src/world.cpp:774:37:[m[K [01;31m[Kerror: [m[Krequest for member ‘[01m[Klog_info[m[K’ in ‘[01m[Krobot2[m[K’, which is of pointer type ‘[01m[KRobot*[m[K’ (maybe you meant to use ‘[01m[K->[m[K’ ?)
[1.730s]   774 |         robot1.log_info(s2); robot2.[01;31m[Klog_info[m[K(s2);
[1.730s]       |                                     [01;31m[K^~~~~~~~[m[K
[2.903s] gmake[2]: *** [CMakeFiles/sim.dir/build.make:160: CMakeFiles/sim.dir/src/world.cpp.o] Error 1
[2.903s] gmake[1]: *** [CMakeFiles/Makefile2:137: CMakeFiles/sim.dir/all] Error 2
[2.903s] gmake: *** [Makefile:146: all] Error 2
[2.905s] Invoked command in '/home/emily/sa-mrbt_ws/build/simulator' returned '2': CMAKE_PREFIX_PATH=/home/emily/sa-mrbt_ws/install/behaviortree_cpp:/home/emily/sa-mrbt_ws/install/simulator:/opt/ros/iron /usr/bin/cmake --build /home/emily/sa-mrbt_ws/build/simulator -- -j12 -l12
