[0.007s] Invoking command in '/home/emily/sa-mrbt_ws/build/simulator': CMAKE_PREFIX_PATH=/home/emily/sa-mrbt_ws/install/behaviortree_cpp:/home/emily/sa-mrbt_ws/install/simulator:/opt/ros/iron /usr/bin/cmake --build /home/emily/sa-mrbt_ws/build/simulator -- -j12 -l12
[0.050s] [  7%] [32mBuilding CXX object CMakeFiles/sim.dir/src/message.cpp.o[0m
[0.050s] [ 23%] [32mBuilding CXX object CMakeFiles/sim.dir/src/CBBA.cpp.o[0m
[0.050s] [ 23%] [32mBuilding CXX object CMakeFiles/sim.dir/src/CBGA.cpp.o[0m
[0.051s] [ 30%] [32mBuilding CXX object CMakeFiles/sim.dir/src/sim.cpp.o[0m
[0.051s] [ 38%] [32mBuilding CXX object CMakeFiles/sim.dir/src/world.cpp.o[0m
[0.051s] [ 46%] [32mBuilding CXX object CMakeFiles/sim.dir/src/robot.cpp.o[0m
[0.052s] [ 53%] [32mBuilding CXX object CMakeFiles/sim.dir/src/planners.cpp.o[0m
[0.053s] [ 61%] [32mBuilding CXX object CMakeFiles/sim.dir/src/behavior_tree.cpp.o[0m
[0.054s] [ 69%] [32mBuilding CXX object CMakeFiles/sim.dir/src/parser.cpp.o[0m
[0.054s] [ 76%] [32mBuilding CXX object CMakeFiles/sim.dir/src/greedy.cpp.o[0m
[2.244s] In file included from [01m[K/home/emily/sa-mrbt_ws/src/simplified_marine_sim/src/CBGA.cpp:6[m[K:
[2.244s] [01m[K/home/emily/sa-mrbt_ws/src/simplified_marine_sim/include/world.hpp:81:72:[m[K [01;31m[Kerror: [m[Ktemplate argument 2 is invalid
[2.244s]    81 |     std::unordered_map<std::string,std::vector<std::vector<cv::Point>> [01;31m[Kunknown_obstacles[m[K;
[2.244s]       |                                                                        [01;31m[K^~~~~~~~~~~~~~~~~[m[K
[2.244s] [01m[K/home/emily/sa-mrbt_ws/src/simplified_marine_sim/include/world.hpp:81:72:[m[K [01;31m[Kerror: [m[Ktemplate argument 5 is invalid
[2.244s] In file included from [01m[K/home/emily/sa-mrbt_ws/src/simplified_marine_sim/src/sim.cpp:8[m[K:
[2.244s] [01m[K/home/emily/sa-mrbt_ws/src/simplified_marine_sim/include/world.hpp:81:72:[m[K [01;31m[Kerror: [m[Ktemplate argument 2 is invalid
[2.244s]    81 |     std::unordered_map<std::string,std::vector<std::vector<cv::Point>> [01;31m[Kunknown_obstacles[m[K;
[2.244s]       |                                                                        [01;31m[K^~~~~~~~~~~~~~~~~[m[K
[2.245s] [01m[K/home/emily/sa-mrbt_ws/src/simplified_marine_sim/include/world.hpp:81:72:[m[K [01;31m[Kerror: [m[Ktemplate argument 5 is invalid
[2.727s] In file included from [01m[K/home/emily/sa-mrbt_ws/src/simplified_marine_sim/src/CBBA.cpp:6[m[K:
[2.727s] [01m[K/home/emily/sa-mrbt_ws/src/simplified_marine_sim/include/world.hpp:81:72:[m[K [01;31m[Kerror: [m[Ktemplate argument 2 is invalid
[2.727s]    81 |     std::unordered_map<std::string,std::vector<std::vector<cv::Point>> [01;31m[Kunknown_obstacles[m[K;
[2.727s]       |                                                                        [01;31m[K^~~~~~~~~~~~~~~~~[m[K
[2.727s] [01m[K/home/emily/sa-mrbt_ws/src/simplified_marine_sim/include/world.hpp:81:72:[m[K [01;31m[Kerror: [m[Ktemplate argument 5 is invalid
[2.807s] In file included from [01m[K/home/emily/sa-mrbt_ws/src/simplified_marine_sim/src/world.cpp:4[m[K:
[2.807s] [01m[K/home/emily/sa-mrbt_ws/src/simplified_marine_sim/include/world.hpp:81:72:[m[K [01;31m[Kerror: [m[Ktemplate argument 2 is invalid
[2.807s]    81 |     std::unordered_map<std::string,std::vector<std::vector<cv::Point>> [01;31m[Kunknown_obstacles[m[K;
[2.807s]       |                                                                        [01;31m[K^~~~~~~~~~~~~~~~~[m[K
[2.807s] [01m[K/home/emily/sa-mrbt_ws/src/simplified_marine_sim/include/world.hpp:81:72:[m[K [01;31m[Kerror: [m[Ktemplate argument 5 is invalid
[3.062s] In file included from [01m[K/home/emily/sa-mrbt_ws/src/simplified_marine_sim/src/planners.cpp:4[m[K:
[3.062s] [01m[K/home/emily/sa-mrbt_ws/src/simplified_marine_sim/include/world.hpp:81:72:[m[K [01;31m[Kerror: [m[Ktemplate argument 2 is invalid
[3.062s]    81 |     std::unordered_map<std::string,std::vector<std::vector<cv::Point>> [01;31m[Kunknown_obstacles[m[K;
[3.062s]       |                                                                        [01;31m[K^~~~~~~~~~~~~~~~~[m[K
[3.062s] [01m[K/home/emily/sa-mrbt_ws/src/simplified_marine_sim/include/world.hpp:81:72:[m[K [01;31m[Kerror: [m[Ktemplate argument 5 is invalid
[3.068s] In file included from [01m[K/home/emily/sa-mrbt_ws/src/simplified_marine_sim/include/message.hpp:6[m[K,
[3.068s]                  from [01m[K/home/emily/sa-mrbt_ws/src/simplified_marine_sim/src/message.cpp:2[m[K:
[3.069s] [01m[K/home/emily/sa-mrbt_ws/src/simplified_marine_sim/include/world.hpp:81:72:[m[K [01;31m[Kerror: [m[Ktemplate argument 2 is invalid
[3.069s]    81 |     std::unordered_map<std::string,std::vector<std::vector<cv::Point>> [01;31m[Kunknown_obstacles[m[K;
[3.069s]       |                                                                        [01;31m[K^~~~~~~~~~~~~~~~~[m[K
[3.069s] [01m[K/home/emily/sa-mrbt_ws/src/simplified_marine_sim/include/world.hpp:81:72:[m[K [01;31m[Kerror: [m[Ktemplate argument 5 is invalid
[3.099s] In file included from [01m[K/home/emily/sa-mrbt_ws/src/simplified_marine_sim/include/robot.hpp:8[m[K,
[3.099s]                  from [01m[K/home/emily/sa-mrbt_ws/src/simplified_marine_sim/include/utils.hpp:7[m[K,
[3.099s]                  from [01m[K/home/emily/sa-mrbt_ws/src/simplified_marine_sim/src/parser.cpp:7[m[K:
[3.099s] [01m[K/home/emily/sa-mrbt_ws/src/simplified_marine_sim/include/world.hpp:81:72:[m[K [01;31m[Kerror: [m[Ktemplate argument 2 is invalid
[3.099s]    81 |     std::unordered_map<std::string,std::vector<std::vector<cv::Point>> [01;31m[Kunknown_obstacles[m[K;
[3.100s]       |                                                                        [01;31m[K^~~~~~~~~~~~~~~~~[m[K
[3.100s] [01m[K/home/emily/sa-mrbt_ws/src/simplified_marine_sim/include/world.hpp:81:72:[m[K [01;31m[Kerror: [m[Ktemplate argument 5 is invalid
[3.114s] In file included from [01m[K/home/emily/sa-mrbt_ws/src/simplified_marine_sim/src/greedy.cpp:6[m[K:
[3.115s] [01m[K/home/emily/sa-mrbt_ws/src/simplified_marine_sim/include/world.hpp:81:72:[m[K [01;31m[Kerror: [m[Ktemplate argument 2 is invalid
[3.115s]    81 |     std::unordered_map<std::string,std::vector<std::vector<cv::Point>> [01;31m[Kunknown_obstacles[m[K;
[3.115s]       |                                                                        [01;31m[K^~~~~~~~~~~~~~~~~[m[K
[3.115s] [01m[K/home/emily/sa-mrbt_ws/src/simplified_marine_sim/include/world.hpp:81:72:[m[K [01;31m[Kerror: [m[Ktemplate argument 5 is invalid
[3.149s] [01m[K/home/emily/sa-mrbt_ws/src/simplified_marine_sim/src/world.cpp:[m[K In member function ‘[01m[Kvoid World::initializeBackground()[m[K’:
[3.149s] [01m[K/home/emily/sa-mrbt_ws/src/simplified_marine_sim/src/world.cpp:1216:32:[m[K [01;31m[Kerror: [m[K‘[01m[Kunknown_obstacles[m[K’ was not declared in this scope; did you mean ‘[01m[KgetUnknownObstacles[m[K’?
[3.149s]  1216 |     for (const auto& polygon : [01;31m[Kunknown_obstacles[m[K) {
[3.149s]       |                                [01;31m[K^~~~~~~~~~~~~~~~~[m[K
[3.149s]       |                                [32m[KgetUnknownObstacles[m[K
[3.150s] [01m[K/home/emily/sa-mrbt_ws/src/simplified_marine_sim/src/world.cpp:[m[K At global scope:
[3.150s] [01m[K/home/emily/sa-mrbt_ws/src/simplified_marine_sim/src/world.cpp:1229:6:[m[K [01;31m[Kerror: [m[Kno declaration matches ‘[01m[Kvoid World::addUnknownObstacle(std::string, std::vector<cv::Point_<int> >)[m[K’
[3.150s]  1229 | void [01;31m[KWorld[m[K::addUnknownObstacle(std::string blocked_robot_type, std::vector<cv::Point> polygon) { // to list, not plotting yet
[3.150s]       |      [01;31m[K^~~~~[m[K
[3.151s] In file included from [01m[K/home/emily/sa-mrbt_ws/src/simplified_marine_sim/src/world.cpp:4[m[K:
[3.151s] [01m[K/home/emily/sa-mrbt_ws/src/simplified_marine_sim/include/world.hpp:254:10:[m[K [01;36m[Knote: [m[Kcandidate is: ‘[01m[Kvoid World::addUnknownObstacle(std::vector<cv::Point_<int> >)[m[K’
[3.151s]   254 |     void [01;36m[KaddUnknownObstacle[m[K(std::vector<cv::Point> polygon);
[3.151s]       |          [01;36m[K^~~~~~~~~~~~~~~~~~[m[K
[3.151s] In file included from [01m[K/home/emily/sa-mrbt_ws/src/simplified_marine_sim/src/world.cpp:4[m[K:
[3.151s] [01m[K/home/emily/sa-mrbt_ws/src/simplified_marine_sim/include/world.hpp:20:7:[m[K [01;36m[Knote: [m[K‘[01m[Kclass World[m[K’ defined here
[3.152s]    20 | class [01;36m[KWorld[m[K {
[3.152s]       |       [01;36m[K^~~~~[m[K
[3.178s] [01m[K/home/emily/sa-mrbt_ws/src/simplified_marine_sim/src/world.cpp:[m[K In member function ‘[01m[Kvoid World::getUnknownObstacles()[m[K’:
[3.178s] [01m[K/home/emily/sa-mrbt_ws/src/simplified_marine_sim/src/world.cpp:1300:31:[m[K [01;31m[Kerror: [m[K‘[01m[Kunknown_obstacles[m[K’ was not declared in this scope; did you mean ‘[01m[KgetUnknownObstacles[m[K’?
[3.178s]  1300 |     std::cout << "Loaded " << [01;31m[Kunknown_obstacles[m[K.size() << " unknown obstacles from JSON" << std::endl;
[3.178s]       |                               [01;31m[K^~~~~~~~~~~~~~~~~[m[K
[3.179s]       |                               [32m[KgetUnknownObstacles[m[K
[3.227s] In file included from [01m[K/home/emily/sa-mrbt_ws/src/simplified_marine_sim/src/robot.cpp:5[m[K:
[3.227s] [01m[K/home/emily/sa-mrbt_ws/src/simplified_marine_sim/include/world.hpp:81:72:[m[K [01;31m[Kerror: [m[Ktemplate argument 2 is invalid
[3.227s]    81 |     std::unordered_map<std::string,std::vector<std::vector<cv::Point>> [01;31m[Kunknown_obstacles[m[K;
[3.227s]       |                                                                        [01;31m[K^~~~~~~~~~~~~~~~~[m[K
[3.227s] [01m[K/home/emily/sa-mrbt_ws/src/simplified_marine_sim/include/world.hpp:81:72:[m[K [01;31m[Kerror: [m[Ktemplate argument 5 is invalid
[3.276s] In file included from [01m[K/home/emily/sa-mrbt_ws/src/simplified_marine_sim/include/behavior_tree.hpp:7[m[K,
[3.276s]                  from [01m[K/home/emily/sa-mrbt_ws/src/simplified_marine_sim/src/behavior_tree.cpp:1[m[K:
[3.276s] [01m[K/home/emily/sa-mrbt_ws/src/simplified_marine_sim/include/world.hpp:81:72:[m[K [01;31m[Kerror: [m[Ktemplate argument 2 is invalid
[3.276s]    81 |     std::unordered_map<std::string,std::vector<std::vector<cv::Point>> [01;31m[Kunknown_obstacles[m[K;
[3.276s]       |                                                                        [01;31m[K^~~~~~~~~~~~~~~~~[m[K
[3.277s] [01m[K/home/emily/sa-mrbt_ws/src/simplified_marine_sim/include/world.hpp:81:72:[m[K [01;31m[Kerror: [m[Ktemplate argument 5 is invalid
[3.370s] gmake[2]: *** [CMakeFiles/sim.dir/build.make:104: CMakeFiles/sim.dir/src/CBGA.cpp.o] Error 1
[3.370s] gmake[2]: *** Waiting for unfinished jobs....
[4.184s] gmake[2]: *** [CMakeFiles/sim.dir/build.make:90: CMakeFiles/sim.dir/src/CBBA.cpp.o] Error 1
[4.369s] gmake[2]: *** [CMakeFiles/sim.dir/build.make:132: CMakeFiles/sim.dir/src/message.cpp.o] Error 1
[4.398s] gmake[2]: *** [CMakeFiles/sim.dir/build.make:230: CMakeFiles/sim.dir/src/greedy.cpp.o] Error 1
[4.400s] gmake[2]: *** [CMakeFiles/sim.dir/build.make:174: CMakeFiles/sim.dir/src/planners.cpp.o] Error 1
[4.566s] gmake[2]: *** [CMakeFiles/sim.dir/build.make:76: CMakeFiles/sim.dir/src/sim.cpp.o] Error 1
[4.773s] gmake[2]: *** [CMakeFiles/sim.dir/build.make:160: CMakeFiles/sim.dir/src/world.cpp.o] Error 1
[4.795s] gmake[2]: *** [CMakeFiles/sim.dir/build.make:216: CMakeFiles/sim.dir/src/parser.cpp.o] Error 1
[5.210s] gmake[2]: *** [CMakeFiles/sim.dir/build.make:202: CMakeFiles/sim.dir/src/behavior_tree.cpp.o] Error 1
[7.077s] gmake[2]: *** [CMakeFiles/sim.dir/build.make:188: CMakeFiles/sim.dir/src/robot.cpp.o] Error 1
[7.077s] gmake[1]: *** [CMakeFiles/Makefile2:137: CMakeFiles/sim.dir/all] Error 2
[7.077s] gmake: *** [Makefile:146: all] Error 2
[7.079s] Invoked command in '/home/emily/sa-mrbt_ws/build/simulator' returned '2': CMAKE_PREFIX_PATH=/home/emily/sa-mrbt_ws/install/behaviortree_cpp:/home/emily/sa-mrbt_ws/install/simulator:/opt/ros/iron /usr/bin/cmake --build /home/emily/sa-mrbt_ws/build/simulator -- -j12 -l12
