[0.169s] DEBUG:colcon:Command line arguments: ['/usr/bin/colcon', 'build']
[0.170s] DEBUG:colcon:Parsed command line arguments: Namespace(log_base=None, log_level=None, verb_name='build', build_base='build', install_base='install', merge_install=False, symlink_install=False, test_result_base=None, continue_on_error=False, executor='parallel', parallel_workers=12, event_handlers=None, ignore_user_meta=False, metas=['./colcon.meta'], base_paths=['.'], packages_ignore=None, packages_ignore_regex=None, paths=None, packages_up_to=None, packages_up_to_regex=None, packages_above=None, packages_above_and_dependencies=None, packages_above_depth=None, packages_select_by_dep=None, packages_skip_by_dep=None, packages_skip_up_to=None, packages_select_build_failed=False, packages_skip_build_finished=False, packages_select_test_failures=False, packages_skip_test_passed=False, packages_select=None, packages_skip=None, packages_select_regex=None, packages_skip_regex=None, packages_start=None, packages_end=None, allow_overriding=[], cmake_args=None, cmake_target=None, cmake_target_skip_unavailable=False, cmake_clean_cache=False, cmake_clean_first=False, cmake_force_configure=False, ament_cmake_args=None, catkin_cmake_args=None, catkin_skip_building_tests=False, mixin_files=None, mixin=None, verb_parser=<colcon_mixin.mixin.mixin_argument.MixinArgumentDecorator object at 0x740d71d5d1e0>, verb_extension=<colcon_core.verb.build.BuildVerb object at 0x740d71d5c7f0>, main=<bound method BuildVerb.main of <colcon_core.verb.build.BuildVerb object at 0x740d71d5c7f0>>, mixin_verb=('build',))
[0.360s] Level 1:colcon.colcon_core.package_discovery:discover_packages(colcon_meta) check parameters
[0.360s] Level 1:colcon.colcon_core.package_discovery:discover_packages(recursive) check parameters
[0.360s] Level 1:colcon.colcon_core.package_discovery:discover_packages(ignore) check parameters
[0.360s] Level 1:colcon.colcon_core.package_discovery:discover_packages(path) check parameters
[0.360s] Level 1:colcon.colcon_core.package_discovery:discover_packages(colcon_meta) discover
[0.360s] Level 1:colcon.colcon_core.package_discovery:discover_packages(recursive) discover
[0.360s] INFO:colcon.colcon_core.package_discovery:Crawling recursively for packages in '/home/emily/sa-mrbt_ws'
[0.360s] Level 1:colcon.colcon_core.package_identification:_identify(.) by extensions ['ignore', 'ignore_ament_install']
[0.360s] Level 1:colcon.colcon_core.package_identification:_identify(.) by extension 'ignore'
[0.360s] Level 1:colcon.colcon_core.package_identification:_identify(.) by extension 'ignore_ament_install'
[0.360s] Level 1:colcon.colcon_core.package_identification:_identify(.) by extensions ['colcon_pkg']
[0.360s] Level 1:colcon.colcon_core.package_identification:_identify(.) by extension 'colcon_pkg'
[0.360s] Level 1:colcon.colcon_core.package_identification:_identify(.) by extensions ['colcon_meta']
[0.360s] Level 1:colcon.colcon_core.package_identification:_identify(.) by extension 'colcon_meta'
[0.360s] Level 1:colcon.colcon_core.package_identification:_identify(.) by extensions ['ros']
[0.361s] Level 1:colcon.colcon_core.package_identification:_identify(.) by extension 'ros'
[0.373s] Level 1:colcon.colcon_core.package_identification:_identify(.) by extensions ['cmake', 'python']
[0.373s] Level 1:colcon.colcon_core.package_identification:_identify(.) by extension 'cmake'
[0.373s] Level 1:colcon.colcon_core.package_identification:_identify(.) by extension 'python'
[0.373s] Level 1:colcon.colcon_core.package_identification:_identify(.) by extensions ['python_setup_py']
[0.373s] Level 1:colcon.colcon_core.package_identification:_identify(.) by extension 'python_setup_py'
[0.373s] Level 1:colcon.colcon_core.package_identification:_identify(build) by extensions ['ignore', 'ignore_ament_install']
[0.373s] Level 1:colcon.colcon_core.package_identification:_identify(build) by extension 'ignore'
[0.373s] Level 1:colcon.colcon_core.package_identification:_identify(build) ignored
[0.373s] Level 1:colcon.colcon_core.package_identification:_identify(install) by extensions ['ignore', 'ignore_ament_install']
[0.373s] Level 1:colcon.colcon_core.package_identification:_identify(install) by extension 'ignore'
[0.373s] Level 1:colcon.colcon_core.package_identification:_identify(install) ignored
[0.373s] Level 1:colcon.colcon_core.package_identification:_identify(log) by extensions ['ignore', 'ignore_ament_install']
[0.373s] Level 1:colcon.colcon_core.package_identification:_identify(log) by extension 'ignore'
[0.373s] Level 1:colcon.colcon_core.package_identification:_identify(log) ignored
[0.373s] Level 1:colcon.colcon_core.package_identification:_identify(src) by extensions ['ignore', 'ignore_ament_install']
[0.374s] Level 1:colcon.colcon_core.package_identification:_identify(src) by extension 'ignore'
[0.374s] Level 1:colcon.colcon_core.package_identification:_identify(src) by extension 'ignore_ament_install'
[0.374s] Level 1:colcon.colcon_core.package_identification:_identify(src) by extensions ['colcon_pkg']
[0.374s] Level 1:colcon.colcon_core.package_identification:_identify(src) by extension 'colcon_pkg'
[0.374s] Level 1:colcon.colcon_core.package_identification:_identify(src) by extensions ['colcon_meta']
[0.374s] Level 1:colcon.colcon_core.package_identification:_identify(src) by extension 'colcon_meta'
[0.374s] Level 1:colcon.colcon_core.package_identification:_identify(src) by extensions ['ros']
[0.374s] Level 1:colcon.colcon_core.package_identification:_identify(src) by extension 'ros'
[0.374s] Level 1:colcon.colcon_core.package_identification:_identify(src) by extensions ['cmake', 'python']
[0.374s] Level 1:colcon.colcon_core.package_identification:_identify(src) by extension 'cmake'
[0.374s] Level 1:colcon.colcon_core.package_identification:_identify(src) by extension 'python'
[0.374s] Level 1:colcon.colcon_core.package_identification:_identify(src) by extensions ['python_setup_py']
[0.374s] Level 1:colcon.colcon_core.package_identification:_identify(src) by extension 'python_setup_py'
[0.374s] Level 1:colcon.colcon_core.package_identification:_identify(src/BehaviorTree.CPP) by extensions ['ignore', 'ignore_ament_install']
[0.374s] Level 1:colcon.colcon_core.package_identification:_identify(src/BehaviorTree.CPP) by extension 'ignore'
[0.374s] Level 1:colcon.colcon_core.package_identification:_identify(src/BehaviorTree.CPP) by extension 'ignore_ament_install'
[0.374s] Level 1:colcon.colcon_core.package_identification:_identify(src/BehaviorTree.CPP) by extensions ['colcon_pkg']
[0.374s] Level 1:colcon.colcon_core.package_identification:_identify(src/BehaviorTree.CPP) by extension 'colcon_pkg'
[0.374s] Level 1:colcon.colcon_core.package_identification:_identify(src/BehaviorTree.CPP) by extensions ['colcon_meta']
[0.374s] Level 1:colcon.colcon_core.package_identification:_identify(src/BehaviorTree.CPP) by extension 'colcon_meta'
[0.374s] Level 1:colcon.colcon_core.package_identification:_identify(src/BehaviorTree.CPP) by extensions ['ros']
[0.375s] Level 1:colcon.colcon_core.package_identification:_identify(src/BehaviorTree.CPP) by extension 'ros'
[0.386s] DEBUG:colcon.colcon_core.package_identification:Package 'src/BehaviorTree.CPP' with type 'ros.ament_cmake' and name 'behaviortree_cpp'
[0.387s] Level 1:colcon.colcon_core.package_identification:_identify(src/simplified_marine_sim) by extensions ['ignore', 'ignore_ament_install']
[0.387s] Level 1:colcon.colcon_core.package_identification:_identify(src/simplified_marine_sim) by extension 'ignore'
[0.387s] Level 1:colcon.colcon_core.package_identification:_identify(src/simplified_marine_sim) by extension 'ignore_ament_install'
[0.387s] Level 1:colcon.colcon_core.package_identification:_identify(src/simplified_marine_sim) by extensions ['colcon_pkg']
[0.387s] Level 1:colcon.colcon_core.package_identification:_identify(src/simplified_marine_sim) by extension 'colcon_pkg'
[0.387s] Level 1:colcon.colcon_core.package_identification:_identify(src/simplified_marine_sim) by extensions ['colcon_meta']
[0.387s] Level 1:colcon.colcon_core.package_identification:_identify(src/simplified_marine_sim) by extension 'colcon_meta'
[0.387s] Level 1:colcon.colcon_core.package_identification:_identify(src/simplified_marine_sim) by extensions ['ros']
[0.387s] Level 1:colcon.colcon_core.package_identification:_identify(src/simplified_marine_sim) by extension 'ros'
[0.389s] DEBUG:colcon.colcon_core.package_identification:Package 'src/simplified_marine_sim' with type 'ros.ament_cmake' and name 'simulator'
[0.389s] Level 1:colcon.colcon_core.package_discovery:discover_packages(recursive) using defaults
[0.389s] Level 1:colcon.colcon_core.package_discovery:discover_packages(ignore) discover
[0.389s] Level 1:colcon.colcon_core.package_discovery:discover_packages(ignore) using defaults
[0.389s] Level 1:colcon.colcon_core.package_discovery:discover_packages(path) discover
[0.389s] Level 1:colcon.colcon_core.package_discovery:discover_packages(path) using defaults
[0.407s] Level 1:colcon.colcon_core.package_discovery:discover_packages(prefix_path) check parameters
[0.407s] Level 1:colcon.colcon_core.package_discovery:discover_packages(prefix_path) discover
[0.409s] DEBUG:colcon.colcon_installed_package_information.package_discovery:Found 281 installed packages in /opt/ros/iron
[0.410s] Level 1:colcon.colcon_core.package_discovery:discover_packages(prefix_path) using defaults
[0.440s] Level 5:colcon.colcon_core.verb:set package 'behaviortree_cpp' build argument 'cmake_args' from command line to 'None'
[0.440s] Level 5:colcon.colcon_core.verb:set package 'behaviortree_cpp' build argument 'cmake_target' from command line to 'None'
[0.440s] Level 5:colcon.colcon_core.verb:set package 'behaviortree_cpp' build argument 'cmake_target_skip_unavailable' from command line to 'False'
[0.440s] Level 5:colcon.colcon_core.verb:set package 'behaviortree_cpp' build argument 'cmake_clean_cache' from command line to 'False'
[0.440s] Level 5:colcon.colcon_core.verb:set package 'behaviortree_cpp' build argument 'cmake_clean_first' from command line to 'False'
[0.440s] Level 5:colcon.colcon_core.verb:set package 'behaviortree_cpp' build argument 'cmake_force_configure' from command line to 'False'
[0.440s] Level 5:colcon.colcon_core.verb:set package 'behaviortree_cpp' build argument 'ament_cmake_args' from command line to 'None'
[0.440s] Level 5:colcon.colcon_core.verb:set package 'behaviortree_cpp' build argument 'catkin_cmake_args' from command line to 'None'
[0.440s] Level 5:colcon.colcon_core.verb:set package 'behaviortree_cpp' build argument 'catkin_skip_building_tests' from command line to 'False'
[0.440s] DEBUG:colcon.colcon_core.verb:Building package 'behaviortree_cpp' with the following arguments: {'ament_cmake_args': None, 'build_base': '/home/emily/sa-mrbt_ws/build/behaviortree_cpp', 'catkin_cmake_args': None, 'catkin_skip_building_tests': False, 'cmake_args': None, 'cmake_clean_cache': False, 'cmake_clean_first': False, 'cmake_force_configure': False, 'cmake_target': None, 'cmake_target_skip_unavailable': False, 'install_base': '/home/emily/sa-mrbt_ws/install/behaviortree_cpp', 'merge_install': False, 'path': '/home/emily/sa-mrbt_ws/src/BehaviorTree.CPP', 'symlink_install': False, 'test_result_base': None}
[0.441s] Level 5:colcon.colcon_core.verb:set package 'simulator' build argument 'cmake_args' from command line to 'None'
[0.441s] Level 5:colcon.colcon_core.verb:set package 'simulator' build argument 'cmake_target' from command line to 'None'
[0.441s] Level 5:colcon.colcon_core.verb:set package 'simulator' build argument 'cmake_target_skip_unavailable' from command line to 'False'
[0.441s] Level 5:colcon.colcon_core.verb:set package 'simulator' build argument 'cmake_clean_cache' from command line to 'False'
[0.441s] Level 5:colcon.colcon_core.verb:set package 'simulator' build argument 'cmake_clean_first' from command line to 'False'
[0.441s] Level 5:colcon.colcon_core.verb:set package 'simulator' build argument 'cmake_force_configure' from command line to 'False'
[0.441s] Level 5:colcon.colcon_core.verb:set package 'simulator' build argument 'ament_cmake_args' from command line to 'None'
[0.441s] Level 5:colcon.colcon_core.verb:set package 'simulator' build argument 'catkin_cmake_args' from command line to 'None'
[0.441s] Level 5:colcon.colcon_core.verb:set package 'simulator' build argument 'catkin_skip_building_tests' from command line to 'False'
[0.441s] DEBUG:colcon.colcon_core.verb:Building package 'simulator' with the following arguments: {'ament_cmake_args': None, 'build_base': '/home/emily/sa-mrbt_ws/build/simulator', 'catkin_cmake_args': None, 'catkin_skip_building_tests': False, 'cmake_args': None, 'cmake_clean_cache': False, 'cmake_clean_first': False, 'cmake_force_configure': False, 'cmake_target': None, 'cmake_target_skip_unavailable': False, 'install_base': '/home/emily/sa-mrbt_ws/install/simulator', 'merge_install': False, 'path': '/home/emily/sa-mrbt_ws/src/simplified_marine_sim', 'symlink_install': False, 'test_result_base': None}
[0.441s] INFO:colcon.colcon_core.executor:Executing jobs using 'parallel' executor
[0.442s] DEBUG:colcon.colcon_parallel_executor.executor.parallel:run_until_complete
[0.442s] INFO:colcon.colcon_ros.task.ament_cmake.build:Building ROS package in '/home/emily/sa-mrbt_ws/src/BehaviorTree.CPP' with build type 'ament_cmake'
[0.442s] INFO:colcon.colcon_cmake.task.cmake.build:Building CMake package in '/home/emily/sa-mrbt_ws/src/BehaviorTree.CPP'
[0.445s] INFO:colcon.colcon_core.plugin_system:Skipping extension 'colcon_core.shell.bat': Not used on non-Windows systems
[0.445s] INFO:colcon.colcon_core.shell:Skip shell extension 'powershell' for command environment: Not usable outside of PowerShell
[0.445s] DEBUG:colcon.colcon_core.shell:Skip shell extension 'dsv' for command environment
[0.451s] DEBUG:colcon.colcon_core.event_handler.log_command:Invoking command in '/home/emily/sa-mrbt_ws/build/behaviortree_cpp': CMAKE_PREFIX_PATH=/opt/ros/iron /usr/bin/cmake --build /home/emily/sa-mrbt_ws/build/behaviortree_cpp -- -j12 -l12
[66.580s] DEBUG:colcon.colcon_core.event_handler.log_command:Invoked command in '/home/emily/sa-mrbt_ws/build/behaviortree_cpp' returned '0': CMAKE_PREFIX_PATH=/opt/ros/iron /usr/bin/cmake --build /home/emily/sa-mrbt_ws/build/behaviortree_cpp -- -j12 -l12
[66.661s] DEBUG:colcon.colcon_core.event_handler.log_command:Invoking command in '/home/emily/sa-mrbt_ws/build/behaviortree_cpp': CMAKE_PREFIX_PATH=/opt/ros/iron /usr/bin/cmake --install /home/emily/sa-mrbt_ws/build/behaviortree_cpp
[66.679s] Level 1:colcon.colcon_core.environment:create_environment_scripts_only(behaviortree_cpp)
[66.683s] DEBUG:colcon.colcon_core.event_handler.log_command:Invoked command in '/home/emily/sa-mrbt_ws/build/behaviortree_cpp' returned '0': CMAKE_PREFIX_PATH=/opt/ros/iron /usr/bin/cmake --install /home/emily/sa-mrbt_ws/build/behaviortree_cpp
[66.686s] Level 1:colcon.colcon_core.environment:checking '/home/emily/sa-mrbt_ws/install/behaviortree_cpp' for CMake module files
[66.686s] Level 1:colcon.colcon_core.environment:checking '/home/emily/sa-mrbt_ws/install/behaviortree_cpp' for CMake config files
[66.686s] Level 1:colcon.colcon_core.shell:create_environment_hook('behaviortree_cpp', 'cmake_prefix_path')
[66.687s] INFO:colcon.colcon_core.shell:Creating environment hook '/home/emily/sa-mrbt_ws/install/behaviortree_cpp/share/behaviortree_cpp/hook/cmake_prefix_path.ps1'
[66.687s] INFO:colcon.colcon_core.shell:Creating environment descriptor '/home/emily/sa-mrbt_ws/install/behaviortree_cpp/share/behaviortree_cpp/hook/cmake_prefix_path.dsv'
[66.688s] INFO:colcon.colcon_core.shell:Creating environment hook '/home/emily/sa-mrbt_ws/install/behaviortree_cpp/share/behaviortree_cpp/hook/cmake_prefix_path.sh'
[66.689s] Level 1:colcon.colcon_core.environment:checking '/home/emily/sa-mrbt_ws/install/behaviortree_cpp/lib'
[66.689s] Level 1:colcon.colcon_core.shell:create_environment_hook('behaviortree_cpp', 'ld_library_path_lib')
[66.689s] INFO:colcon.colcon_core.shell:Creating environment hook '/home/emily/sa-mrbt_ws/install/behaviortree_cpp/share/behaviortree_cpp/hook/ld_library_path_lib.ps1'
[66.689s] INFO:colcon.colcon_core.shell:Creating environment descriptor '/home/emily/sa-mrbt_ws/install/behaviortree_cpp/share/behaviortree_cpp/hook/ld_library_path_lib.dsv'
[66.689s] INFO:colcon.colcon_core.shell:Creating environment hook '/home/emily/sa-mrbt_ws/install/behaviortree_cpp/share/behaviortree_cpp/hook/ld_library_path_lib.sh'
[66.690s] Level 1:colcon.colcon_core.environment:checking '/home/emily/sa-mrbt_ws/install/behaviortree_cpp/bin'
[66.690s] Level 1:colcon.colcon_core.shell:create_environment_hook('behaviortree_cpp', 'path')
[66.690s] INFO:colcon.colcon_core.shell:Creating environment hook '/home/emily/sa-mrbt_ws/install/behaviortree_cpp/share/behaviortree_cpp/hook/path.ps1'
[66.690s] INFO:colcon.colcon_core.shell:Creating environment descriptor '/home/emily/sa-mrbt_ws/install/behaviortree_cpp/share/behaviortree_cpp/hook/path.dsv'
[66.691s] INFO:colcon.colcon_core.shell:Creating environment hook '/home/emily/sa-mrbt_ws/install/behaviortree_cpp/share/behaviortree_cpp/hook/path.sh'
[66.691s] Level 1:colcon.colcon_core.environment:checking '/home/emily/sa-mrbt_ws/install/behaviortree_cpp/lib/pkgconfig/behaviortree_cpp.pc'
[66.691s] Level 1:colcon.colcon_core.environment:checking '/home/emily/sa-mrbt_ws/install/behaviortree_cpp/lib/python3.10/site-packages'
[66.691s] Level 1:colcon.colcon_core.environment:checking '/home/emily/sa-mrbt_ws/install/behaviortree_cpp/bin'
[66.691s] Level 1:colcon.colcon_core.shell:create_environment_hook('behaviortree_cpp', 'pythonscriptspath')
[66.691s] INFO:colcon.colcon_core.shell:Creating environment hook '/home/emily/sa-mrbt_ws/install/behaviortree_cpp/share/behaviortree_cpp/hook/pythonscriptspath.ps1'
[66.692s] INFO:colcon.colcon_core.shell:Creating environment descriptor '/home/emily/sa-mrbt_ws/install/behaviortree_cpp/share/behaviortree_cpp/hook/pythonscriptspath.dsv'
[66.692s] INFO:colcon.colcon_core.shell:Creating environment hook '/home/emily/sa-mrbt_ws/install/behaviortree_cpp/share/behaviortree_cpp/hook/pythonscriptspath.sh'
[66.692s] INFO:colcon.colcon_core.shell:Creating package script '/home/emily/sa-mrbt_ws/install/behaviortree_cpp/share/behaviortree_cpp/package.ps1'
[66.693s] INFO:colcon.colcon_core.shell:Creating package descriptor '/home/emily/sa-mrbt_ws/install/behaviortree_cpp/share/behaviortree_cpp/package.dsv'
[66.694s] INFO:colcon.colcon_core.shell:Creating package script '/home/emily/sa-mrbt_ws/install/behaviortree_cpp/share/behaviortree_cpp/package.sh'
[66.694s] INFO:colcon.colcon_core.shell:Creating package script '/home/emily/sa-mrbt_ws/install/behaviortree_cpp/share/behaviortree_cpp/package.bash'
[66.695s] INFO:colcon.colcon_core.shell:Creating package script '/home/emily/sa-mrbt_ws/install/behaviortree_cpp/share/behaviortree_cpp/package.zsh'
[66.696s] Level 1:colcon.colcon_core.environment:create_file_with_runtime_dependencies(/home/emily/sa-mrbt_ws/install/behaviortree_cpp/share/colcon-core/packages/behaviortree_cpp)
[66.775s] Level 1:colcon.colcon_core.environment:create_environment_scripts_only(behaviortree_cpp)
[66.776s] Level 1:colcon.colcon_core.environment:checking '/home/emily/sa-mrbt_ws/install/behaviortree_cpp' for CMake module files
[66.776s] Level 1:colcon.colcon_core.environment:checking '/home/emily/sa-mrbt_ws/install/behaviortree_cpp' for CMake config files
[66.776s] Level 1:colcon.colcon_core.shell:create_environment_hook('behaviortree_cpp', 'cmake_prefix_path')
[66.777s] INFO:colcon.colcon_core.shell:Creating environment hook '/home/emily/sa-mrbt_ws/install/behaviortree_cpp/share/behaviortree_cpp/hook/cmake_prefix_path.ps1'
[66.777s] INFO:colcon.colcon_core.shell:Creating environment descriptor '/home/emily/sa-mrbt_ws/install/behaviortree_cpp/share/behaviortree_cpp/hook/cmake_prefix_path.dsv'
[66.777s] INFO:colcon.colcon_core.shell:Creating environment hook '/home/emily/sa-mrbt_ws/install/behaviortree_cpp/share/behaviortree_cpp/hook/cmake_prefix_path.sh'
[66.778s] Level 1:colcon.colcon_core.environment:checking '/home/emily/sa-mrbt_ws/install/behaviortree_cpp/lib'
[66.778s] Level 1:colcon.colcon_core.shell:create_environment_hook('behaviortree_cpp', 'ld_library_path_lib')
[66.778s] INFO:colcon.colcon_core.shell:Creating environment hook '/home/emily/sa-mrbt_ws/install/behaviortree_cpp/share/behaviortree_cpp/hook/ld_library_path_lib.ps1'
[66.778s] INFO:colcon.colcon_core.shell:Creating environment descriptor '/home/emily/sa-mrbt_ws/install/behaviortree_cpp/share/behaviortree_cpp/hook/ld_library_path_lib.dsv'
[66.778s] INFO:colcon.colcon_core.shell:Creating environment hook '/home/emily/sa-mrbt_ws/install/behaviortree_cpp/share/behaviortree_cpp/hook/ld_library_path_lib.sh'
[66.779s] Level 1:colcon.colcon_core.environment:checking '/home/emily/sa-mrbt_ws/install/behaviortree_cpp/bin'
[66.779s] Level 1:colcon.colcon_core.shell:create_environment_hook('behaviortree_cpp', 'path')
[66.779s] INFO:colcon.colcon_core.shell:Creating environment hook '/home/emily/sa-mrbt_ws/install/behaviortree_cpp/share/behaviortree_cpp/hook/path.ps1'
[66.779s] INFO:colcon.colcon_core.shell:Creating environment descriptor '/home/emily/sa-mrbt_ws/install/behaviortree_cpp/share/behaviortree_cpp/hook/path.dsv'
[66.780s] INFO:colcon.colcon_core.shell:Creating environment hook '/home/emily/sa-mrbt_ws/install/behaviortree_cpp/share/behaviortree_cpp/hook/path.sh'
[66.780s] Level 1:colcon.colcon_core.environment:checking '/home/emily/sa-mrbt_ws/install/behaviortree_cpp/lib/pkgconfig/behaviortree_cpp.pc'
[66.780s] Level 1:colcon.colcon_core.environment:checking '/home/emily/sa-mrbt_ws/install/behaviortree_cpp/lib/python3.10/site-packages'
[66.780s] Level 1:colcon.colcon_core.environment:checking '/home/emily/sa-mrbt_ws/install/behaviortree_cpp/bin'
[66.780s] Level 1:colcon.colcon_core.shell:create_environment_hook('behaviortree_cpp', 'pythonscriptspath')
[66.781s] INFO:colcon.colcon_core.shell:Creating environment hook '/home/emily/sa-mrbt_ws/install/behaviortree_cpp/share/behaviortree_cpp/hook/pythonscriptspath.ps1'
[66.781s] INFO:colcon.colcon_core.shell:Creating environment descriptor '/home/emily/sa-mrbt_ws/install/behaviortree_cpp/share/behaviortree_cpp/hook/pythonscriptspath.dsv'
[66.781s] INFO:colcon.colcon_core.shell:Creating environment hook '/home/emily/sa-mrbt_ws/install/behaviortree_cpp/share/behaviortree_cpp/hook/pythonscriptspath.sh'
[66.782s] INFO:colcon.colcon_core.shell:Creating package script '/home/emily/sa-mrbt_ws/install/behaviortree_cpp/share/behaviortree_cpp/package.ps1'
[66.782s] INFO:colcon.colcon_core.shell:Creating package descriptor '/home/emily/sa-mrbt_ws/install/behaviortree_cpp/share/behaviortree_cpp/package.dsv'
[66.783s] INFO:colcon.colcon_core.shell:Creating package script '/home/emily/sa-mrbt_ws/install/behaviortree_cpp/share/behaviortree_cpp/package.sh'
[66.783s] INFO:colcon.colcon_core.shell:Creating package script '/home/emily/sa-mrbt_ws/install/behaviortree_cpp/share/behaviortree_cpp/package.bash'
[66.783s] INFO:colcon.colcon_core.shell:Creating package script '/home/emily/sa-mrbt_ws/install/behaviortree_cpp/share/behaviortree_cpp/package.zsh'
[66.784s] Level 1:colcon.colcon_core.environment:create_file_with_runtime_dependencies(/home/emily/sa-mrbt_ws/install/behaviortree_cpp/share/colcon-core/packages/behaviortree_cpp)
[66.784s] INFO:colcon.colcon_ros.task.ament_cmake.build:Building ROS package in '/home/emily/sa-mrbt_ws/src/simplified_marine_sim' with build type 'ament_cmake'
[66.784s] INFO:colcon.colcon_cmake.task.cmake.build:Building CMake package in '/home/emily/sa-mrbt_ws/src/simplified_marine_sim'
[66.784s] INFO:colcon.colcon_core.shell:Skip shell extension 'powershell' for command environment: Not usable outside of PowerShell
[66.784s] DEBUG:colcon.colcon_core.shell:Skip shell extension 'dsv' for command environment
[66.791s] DEBUG:colcon.colcon_core.event_handler.log_command:Invoking command in '/home/emily/sa-mrbt_ws/build/simulator': AMENT_PREFIX_PATH=/home/emily/sa-mrbt_ws/install/behaviortree_cpp:${AMENT_PREFIX_PATH} CMAKE_PREFIX_PATH=/home/emily/sa-mrbt_ws/install/behaviortree_cpp:/opt/ros/iron LD_LIBRARY_PATH=/home/emily/sa-mrbt_ws/install/behaviortree_cpp/lib:${LD_LIBRARY_PATH} PATH=/home/emily/sa-mrbt_ws/install/behaviortree_cpp/bin:${PATH} /usr/bin/cmake --build /home/emily/sa-mrbt_ws/build/simulator -- -j12 -l12
[74.848s] DEBUG:colcon.colcon_core.event_handler.log_command:Invoked command in '/home/emily/sa-mrbt_ws/build/simulator' returned '0': AMENT_PREFIX_PATH=/home/emily/sa-mrbt_ws/install/behaviortree_cpp:${AMENT_PREFIX_PATH} CMAKE_PREFIX_PATH=/home/emily/sa-mrbt_ws/install/behaviortree_cpp:/opt/ros/iron LD_LIBRARY_PATH=/home/emily/sa-mrbt_ws/install/behaviortree_cpp/lib:${LD_LIBRARY_PATH} PATH=/home/emily/sa-mrbt_ws/install/behaviortree_cpp/bin:${PATH} /usr/bin/cmake --build /home/emily/sa-mrbt_ws/build/simulator -- -j12 -l12
[74.876s] DEBUG:colcon.colcon_core.event_handler.log_command:Invoking command in '/home/emily/sa-mrbt_ws/build/simulator': AMENT_PREFIX_PATH=/home/emily/sa-mrbt_ws/install/behaviortree_cpp:${AMENT_PREFIX_PATH} CMAKE_PREFIX_PATH=/home/emily/sa-mrbt_ws/install/behaviortree_cpp:/opt/ros/iron LD_LIBRARY_PATH=/home/emily/sa-mrbt_ws/install/behaviortree_cpp/lib:${LD_LIBRARY_PATH} PATH=/home/emily/sa-mrbt_ws/install/behaviortree_cpp/bin:${PATH} /usr/bin/cmake --install /home/emily/sa-mrbt_ws/build/simulator
[74.888s] Level 1:colcon.colcon_core.environment:create_environment_scripts_only(simulator)
[74.889s] Level 1:colcon.colcon_core.environment:checking '/home/emily/sa-mrbt_ws/install/simulator' for CMake module files
[74.889s] DEBUG:colcon.colcon_core.event_handler.log_command:Invoked command in '/home/emily/sa-mrbt_ws/build/simulator' returned '0': AMENT_PREFIX_PATH=/home/emily/sa-mrbt_ws/install/behaviortree_cpp:${AMENT_PREFIX_PATH} CMAKE_PREFIX_PATH=/home/emily/sa-mrbt_ws/install/behaviortree_cpp:/opt/ros/iron LD_LIBRARY_PATH=/home/emily/sa-mrbt_ws/install/behaviortree_cpp/lib:${LD_LIBRARY_PATH} PATH=/home/emily/sa-mrbt_ws/install/behaviortree_cpp/bin:${PATH} /usr/bin/cmake --install /home/emily/sa-mrbt_ws/build/simulator
[74.889s] Level 1:colcon.colcon_core.environment:checking '/home/emily/sa-mrbt_ws/install/simulator' for CMake config files
[74.890s] Level 1:colcon.colcon_core.shell:create_environment_hook('simulator', 'cmake_prefix_path')
[74.890s] INFO:colcon.colcon_core.shell:Creating environment hook '/home/emily/sa-mrbt_ws/install/simulator/share/simulator/hook/cmake_prefix_path.ps1'
[74.890s] INFO:colcon.colcon_core.shell:Creating environment descriptor '/home/emily/sa-mrbt_ws/install/simulator/share/simulator/hook/cmake_prefix_path.dsv'
[74.890s] INFO:colcon.colcon_core.shell:Creating environment hook '/home/emily/sa-mrbt_ws/install/simulator/share/simulator/hook/cmake_prefix_path.sh'
[74.891s] Level 1:colcon.colcon_core.environment:checking '/home/emily/sa-mrbt_ws/install/simulator/lib'
[74.891s] Level 1:colcon.colcon_core.environment:checking '/home/emily/sa-mrbt_ws/install/simulator/bin'
[74.891s] Level 1:colcon.colcon_core.environment:checking '/home/emily/sa-mrbt_ws/install/simulator/lib/pkgconfig/simulator.pc'
[74.891s] Level 1:colcon.colcon_core.environment:checking '/home/emily/sa-mrbt_ws/install/simulator/lib/python3.10/site-packages'
[74.891s] Level 1:colcon.colcon_core.environment:checking '/home/emily/sa-mrbt_ws/install/simulator/bin'
[74.892s] INFO:colcon.colcon_core.shell:Creating package script '/home/emily/sa-mrbt_ws/install/simulator/share/simulator/package.ps1'
[74.892s] INFO:colcon.colcon_core.shell:Creating package descriptor '/home/emily/sa-mrbt_ws/install/simulator/share/simulator/package.dsv'
[74.892s] INFO:colcon.colcon_core.shell:Creating package script '/home/emily/sa-mrbt_ws/install/simulator/share/simulator/package.sh'
[74.892s] INFO:colcon.colcon_core.shell:Creating package script '/home/emily/sa-mrbt_ws/install/simulator/share/simulator/package.bash'
[74.893s] INFO:colcon.colcon_core.shell:Creating package script '/home/emily/sa-mrbt_ws/install/simulator/share/simulator/package.zsh'
[74.893s] Level 1:colcon.colcon_core.environment:create_file_with_runtime_dependencies(/home/emily/sa-mrbt_ws/install/simulator/share/colcon-core/packages/simulator)
[74.920s] Level 1:colcon.colcon_core.environment:create_environment_scripts_only(simulator)
[74.920s] Level 1:colcon.colcon_core.environment:checking '/home/emily/sa-mrbt_ws/install/simulator' for CMake module files
[74.920s] Level 1:colcon.colcon_core.environment:checking '/home/emily/sa-mrbt_ws/install/simulator' for CMake config files
[74.920s] Level 1:colcon.colcon_core.shell:create_environment_hook('simulator', 'cmake_prefix_path')
[74.921s] INFO:colcon.colcon_core.shell:Creating environment hook '/home/emily/sa-mrbt_ws/install/simulator/share/simulator/hook/cmake_prefix_path.ps1'
[74.921s] INFO:colcon.colcon_core.shell:Creating environment descriptor '/home/emily/sa-mrbt_ws/install/simulator/share/simulator/hook/cmake_prefix_path.dsv'
[74.921s] INFO:colcon.colcon_core.shell:Creating environment hook '/home/emily/sa-mrbt_ws/install/simulator/share/simulator/hook/cmake_prefix_path.sh'
[74.922s] Level 1:colcon.colcon_core.environment:checking '/home/emily/sa-mrbt_ws/install/simulator/lib'
[74.922s] Level 1:colcon.colcon_core.environment:checking '/home/emily/sa-mrbt_ws/install/simulator/bin'
[74.922s] Level 1:colcon.colcon_core.environment:checking '/home/emily/sa-mrbt_ws/install/simulator/lib/pkgconfig/simulator.pc'
[74.922s] Level 1:colcon.colcon_core.environment:checking '/home/emily/sa-mrbt_ws/install/simulator/lib/python3.10/site-packages'
[74.922s] Level 1:colcon.colcon_core.environment:checking '/home/emily/sa-mrbt_ws/install/simulator/bin'
[74.922s] INFO:colcon.colcon_core.shell:Creating package script '/home/emily/sa-mrbt_ws/install/simulator/share/simulator/package.ps1'
[74.923s] INFO:colcon.colcon_core.shell:Creating package descriptor '/home/emily/sa-mrbt_ws/install/simulator/share/simulator/package.dsv'
[74.923s] INFO:colcon.colcon_core.shell:Creating package script '/home/emily/sa-mrbt_ws/install/simulator/share/simulator/package.sh'
[74.923s] INFO:colcon.colcon_core.shell:Creating package script '/home/emily/sa-mrbt_ws/install/simulator/share/simulator/package.bash'
[74.924s] INFO:colcon.colcon_core.shell:Creating package script '/home/emily/sa-mrbt_ws/install/simulator/share/simulator/package.zsh'
[74.924s] Level 1:colcon.colcon_core.environment:create_file_with_runtime_dependencies(/home/emily/sa-mrbt_ws/install/simulator/share/colcon-core/packages/simulator)
[74.924s] DEBUG:colcon.colcon_parallel_executor.executor.parallel:closing loop
[74.924s] DEBUG:colcon.colcon_parallel_executor.executor.parallel:loop closed
[74.924s] DEBUG:colcon.colcon_parallel_executor.executor.parallel:run_until_complete finished with '0'
[74.924s] DEBUG:colcon.colcon_core.event_reactor:joining thread
[74.929s] INFO:colcon.colcon_core.plugin_system:Skipping extension 'colcon_notification.desktop_notification.terminal_notifier': Not used on non-Darwin systems
[74.929s] INFO:colcon.colcon_core.plugin_system:Skipping extension 'colcon_notification.desktop_notification.win32': Not used on non-Windows systems
[74.929s] INFO:colcon.colcon_notification.desktop_notification:Sending desktop notification using 'notify2'
[74.943s] DEBUG:colcon.colcon_core.event_reactor:joined thread
[74.943s] INFO:colcon.colcon_core.shell:Creating prefix script '/home/emily/sa-mrbt_ws/install/local_setup.ps1'
[74.944s] INFO:colcon.colcon_core.shell:Creating prefix util module '/home/emily/sa-mrbt_ws/install/_local_setup_util_ps1.py'
[74.945s] INFO:colcon.colcon_core.shell:Creating prefix chain script '/home/emily/sa-mrbt_ws/install/setup.ps1'
[74.946s] INFO:colcon.colcon_core.shell:Creating prefix script '/home/emily/sa-mrbt_ws/install/local_setup.sh'
[74.947s] INFO:colcon.colcon_core.shell:Creating prefix util module '/home/emily/sa-mrbt_ws/install/_local_setup_util_sh.py'
[74.947s] INFO:colcon.colcon_core.shell:Creating prefix chain script '/home/emily/sa-mrbt_ws/install/setup.sh'
[74.948s] INFO:colcon.colcon_core.shell:Creating prefix script '/home/emily/sa-mrbt_ws/install/local_setup.bash'
[74.949s] INFO:colcon.colcon_core.shell:Creating prefix chain script '/home/emily/sa-mrbt_ws/install/setup.bash'
[74.949s] INFO:colcon.colcon_core.shell:Creating prefix script '/home/emily/sa-mrbt_ws/install/local_setup.zsh'
[74.950s] INFO:colcon.colcon_core.shell:Creating prefix chain script '/home/emily/sa-mrbt_ws/install/setup.zsh'
