[0.006s] Invoking command in '/home/emily/sa-mrbt_ws/build/simulator': CMAKE_PREFIX_PATH=/home/emily/sa-mrbt_ws/install/behaviortree_cpp:/home/emily/sa-mrbt_ws/install/simulator:/opt/ros/iron /usr/bin/cmake --build /home/emily/sa-mrbt_ws/build/simulator -- -j12 -l12
[0.037s] [35m[1mConsolidate compiler generated dependencies of target sim[0m
[0.061s] [  7%] [32mBuilding CXX object CMakeFiles/sim.dir/src/world.cpp.o[0m
[1.608s] [01m[K/home/emily/sa-mrbt_ws/src/simplified_marine_sim/src/world.cpp:[m[K In constructor ‘[01m[KWorld::World(int, int, Distance*, SensorModel*, JSONParser*, double)[m[K’:
[1.608s] [01m[K/home/emily/sa-mrbt_ws/src/simplified_marine_sim/src/world.cpp:58:14:[m[K [01;31m[Kerror: [m[Kredeclaration of ‘[01m[Kbool flag1[m[K’
[1.608s]    58 |         bool [01;31m[Kflag1[m[K = getFaultInjectionFlag(3);
[1.608s]       |              [01;31m[K^~~~~[m[K
[1.608s] [01m[K/home/emily/sa-mrbt_ws/src/simplified_marine_sim/src/world.cpp:52:14:[m[K [01;36m[Knote: [m[K‘[01m[Kbool flag1[m[K’ previously declared here
[1.608s]    52 |         bool [01;36m[Kflag1[m[K = getFaultInjectionFlag(3);
[1.608s]       |              [01;36m[K^~~~~[m[K
[1.608s] [01m[K/home/emily/sa-mrbt_ws/src/simplified_marine_sim/src/world.cpp:59:21:[m[K [01;31m[Kerror: [m[Kredeclaration of ‘[01m[Kstd::string s[m[K’
[1.608s]    59 |         std::string [01;31m[Ks[m[K = "fault_injection_flag: " + std::to_string(flag1);
[1.609s]       |                     [01;31m[K^[m[K
[1.609s] [01m[K/home/emily/sa-mrbt_ws/src/simplified_marine_sim/src/world.cpp:53:21:[m[K [01;36m[Knote: [m[K‘[01m[Kstd::string s[m[K’ previously declared here
[1.609s]    53 |         std::string [01;36m[Ks[m[K = "fault_injection_flag: " + std::to_string(flag1);
[1.609s]       |                     [01;36m[K^[m[K
[2.817s] gmake[2]: *** [CMakeFiles/sim.dir/build.make:160: CMakeFiles/sim.dir/src/world.cpp.o] Error 1
[2.818s] gmake[1]: *** [CMakeFiles/Makefile2:137: CMakeFiles/sim.dir/all] Error 2
[2.818s] gmake: *** [Makefile:146: all] Error 2
[2.819s] Invoked command in '/home/emily/sa-mrbt_ws/build/simulator' returned '2': CMAKE_PREFIX_PATH=/home/emily/sa-mrbt_ws/install/behaviortree_cpp:/home/emily/sa-mrbt_ws/install/simulator:/opt/ros/iron /usr/bin/cmake --build /home/emily/sa-mrbt_ws/build/simulator -- -j12 -l12
