[35m[1mConsolidate compiler generated dependencies of target sim[0m
[  7%] [32mBuilding CXX object CMakeFiles/sim.dir/src/CBGA.cpp.o[0m
[01m[K/home/emily/sa-mrbt_ws/src/simplified_marine_sim/src/CBGA.cpp:[m[K In function ‘[01m[Kdouble getMinExistingWinningBid(std::vector<double, std::allocator<double> >, int)[m[K’:
[01m[K/home/emily/sa-mrbt_ws/src/simplified_marine_sim/src/CBGA.cpp:1220:48:[m[K [01;31m[Kerror: [m[K‘[01m[Kwinning_bid_ij[m[K’ was not declared in this scope; did you mean ‘[01m[Kwinning_bids_ij[m[K’?
 1220 |                 min_existing_winning_bid_ijn = [01;31m[Kwinning_bid_ij[m[K[agent_idx_n];
      |                                                [01;31m[K^~~~~~~~~~~~~~[m[K
      |                                                [32m[Kwinning_bids_ij[m[K
[01m[K/home/emily/sa-mrbt_ws/src/simplified_marine_sim/src/CBGA.cpp:1226:40:[m[K [01;31m[Kerror: [m[Kexpected ‘[01m[K;[m[K’ before ‘[01m[K}[m[K’ token
 1226 |     return min_existing_winning_bid_ijn
      |                                        [01;31m[K^[m[K
      |                                        [32m[K;[m[K
 1227 | [32m[K}[m[K
      | [32m[K~[m[K                                       
[01m[K/home/emily/sa-mrbt_ws/src/simplified_marine_sim/src/CBGA.cpp:[m[K In member function ‘[01m[Kvoid CBGA::resolveConflicts(bool)[m[K’:
[01m[K/home/emily/sa-mrbt_ws/src/simplified_marine_sim/src/CBGA.cpp:1336:103:[m[K [01;31m[Kerror: [m[K‘[01m[Ktask_group_max_size[m[K’ was not declared in this scope
 1336 | full_wrt_current_robot_type = isGroupEffectivelyFull(task_sub_group_assignments, [01;31m[Ktask_group_max_size[m[K, current_robot_type);
      |                                                                                  [01;31m[K^~~~~~~~~~~~~~~~~~~[m[K

[01m[K/home/emily/sa-mrbt_ws/src/simplified_marine_sim/src/CBGA.cpp:1336:124:[m[K [01;31m[Kerror: [m[K‘[01m[Kcurrent_robot_type[m[K’ was not declared in this scope; did you mean ‘[01m[Kfull_wrt_current_robot_type[m[K’?
 1336 | t_type = isGroupEffectivelyFull(task_sub_group_assignments, task_group_max_size, [01;31m[Kcurrent_robot_type[m[K);
      |                                                                                  [01;31m[K^~~~~~~~~~~~~~~~~~[m[K
      |                                                                                  [32m[Kfull_wrt_current_robot_type[m[K
[01m[K/home/emily/sa-mrbt_ws/src/simplified_marine_sim/src/CBGA.cpp:1378:69:[m[K [01;31m[Kerror: [m[K‘[01m[Kagent_idx_n[m[K’ was not declared in this scope; did you mean ‘[01m[Kagent_idx_m[m[K’?
 1378 |                                     winning_bids_matrix_i[task_idx][[01;31m[Kagent_idx_n[m[K] = 0; // Y_ijn = 0, clear old winner that was min winning bid
      |                                                                     [01;31m[K^~~~~~~~~~~[m[K
      |                                                                     [32m[Kagent_idx_m[m[K
gmake[2]: *** [CMakeFiles/sim.dir/build.make:104: CMakeFiles/sim.dir/src/CBGA.cpp.o] Error 1
gmake[1]: *** [CMakeFiles/Makefile2:137: CMakeFiles/sim.dir/all] Error 2
gmake: *** [Makefile:146: all] Error 2
