[35m[1mConsolidate compiler generated dependencies of target sim[0m
[  7%] [32mBuilding CXX object CMakeFiles/sim.dir/src/CBGA.cpp.o[0m
[ 15%] [32mBuilding CXX object CMakeFiles/sim.dir/src/behavior_tree.cpp.o[0m
[01m[K/home/emily/sa-mrbt_ws/src/simplified_marine_sim/src/CBGA.cpp:[m[K In member function ‘[01m[Kvoid CBGA::runCBBAresolveConflicts(int, int, double, double, std::unordered_map<int, double>&, std::unordered_map<int, double>&)[m[K’:
[01m[K/home/emily/sa-mrbt_ws/src/simplified_marine_sim/src/CBGA.cpp:1109:26:[m[K [01;31m[Kerror: [m[K‘[01m[Kid_k[m[K’ was not declared in this scope; did you mean ‘[01m[Kid_t[m[K’?
 1109 |         if (winner_ij == [01;31m[Kid_k[m[K) {
      |                          [01;31m[K^~~~[m[K
      |                          [32m[Kid_t[m[K
[01m[K/home/emily/sa-mrbt_ws/src/simplified_marine_sim/src/CBGA.cpp:1110:20:[m[K [01;31m[Kerror: [m[K‘[01m[Kj[m[K’ was not declared in this scope; did you mean ‘[01m[Kjn[m[K’?
 1110 |             update([01;31m[Kj[m[K, winner_kj, winning_bids_matrix_i);
      |                    [01;31m[K^[m[K
      |                    [32m[Kjn[m[K
[01m[K/home/emily/sa-mrbt_ws/src/simplified_marine_sim/src/CBGA.cpp:1110:34:[m[K [01;31m[Kerror: [m[K‘[01m[Kwinning_bids_matrix_i[m[K’ was not declared in this scope
 1110 |             update(j, winner_kj, [01;31m[Kwinning_bids_matrix_i[m[K);
      |                                  [01;31m[K^~~~~~~~~~~~~~~~~~~~~[m[K
[01m[K/home/emily/sa-mrbt_ws/src/simplified_marine_sim/src/CBGA.cpp:1111:52:[m[K [01;31m[Kerror: [m[K‘[01m[Kid_i[m[K’ was not declared in this scope; did you mean ‘[01m[Kid_t[m[K’?
 1111 |         } else if (winner_ij != -1 && winner_ij != [01;31m[Kid_i[m[K) {
      |                                                    [01;31m[K^~~~[m[K
      |                                                    [32m[Kid_t[m[K
[01m[K/home/emily/sa-mrbt_ws/src/simplified_marine_sim/src/CBGA.cpp:1114:24:[m[K [01;31m[Kerror: [m[K‘[01m[Kj[m[K’ was not declared in this scope; did you mean ‘[01m[Kjn[m[K’?
 1114 |                 update([01;31m[Kj[m[K, winner_kj, winning_bids_matrix_i);
      |                        [01;31m[K^[m[K
      |                        [32m[Kjn[m[K
[01m[K/home/emily/sa-mrbt_ws/src/simplified_marine_sim/src/CBGA.cpp:1114:38:[m[K [01;31m[Kerror: [m[K‘[01m[Kwinning_bids_matrix_i[m[K’ was not declared in this scope
 1114 |                 update(j, winner_kj, [01;31m[Kwinning_bids_matrix_i[m[K);
      |                                      [01;31m[K^~~~~~~~~~~~~~~~~~~~~[m[K
[01m[K/home/emily/sa-mrbt_ws/src/simplified_marine_sim/src/CBGA.cpp:1118:29:[m[K [01;31m[Kerror: [m[K‘[01m[Kid_k[m[K’ was not declared in this scope; did you mean ‘[01m[Kid_t[m[K’?
 1118 |     } else if (winner_kj == [01;31m[Kid_k[m[K) {
      |                             [01;31m[K^~~~[m[K
      |                             [32m[Kid_t[m[K
[01m[K/home/emily/sa-mrbt_ws/src/simplified_marine_sim/src/CBGA.cpp:1121:26:[m[K [01;31m[Kerror: [m[K‘[01m[Kid_i[m[K’ was not declared in this scope; did you mean ‘[01m[Kid_t[m[K’?
 1121 |         if (winner_ij == [01;31m[Kid_i[m[K) {
      |                          [01;31m[K^~~~[m[K
      |                          [32m[Kid_t[m[K
[01m[K/home/emily/sa-mrbt_ws/src/simplified_marine_sim/src/CBGA.cpp:1124:24:[m[K [01;31m[Kerror: [m[K‘[01m[Kj[m[K’ was not declared in this scope; did you mean ‘[01m[Kjn[m[K’?
 1124 |                 update([01;31m[Kj[m[K, winner_kj, winning_bids_matrix_i);
      |                        [01;31m[K^[m[K
      |                        [32m[Kjn[m[K
[01m[K/home/emily/sa-mrbt_ws/src/simplified_marine_sim/src/CBGA.cpp:1124:38:[m[K [01;31m[Kerror: [m[K‘[01m[Kwinning_bids_matrix_i[m[K’ was not declared in this scope
 1124 |                 update(j, winner_kj, [01;31m[Kwinning_bids_matrix_i[m[K);
      |                                      [01;31m[K^~~~~~~~~~~~~~~~~~~~~[m[K
[01m[K/home/emily/sa-mrbt_ws/src/simplified_marine_sim/src/CBGA.cpp:1128:20:[m[K [01;31m[Kerror: [m[K‘[01m[Kj[m[K’ was not declared in this scope; did you mean ‘[01m[Kjn[m[K’?
 1128 |             update([01;31m[Kj[m[K, winner_kj, winning_bids_matrix_i);
      |                    [01;31m[K^[m[K
      |                    [32m[Kjn[m[K
[01m[K/home/emily/sa-mrbt_ws/src/simplified_marine_sim/src/CBGA.cpp:1128:34:[m[K [01;31m[Kerror: [m[K‘[01m[Kwinning_bids_matrix_i[m[K’ was not declared in this scope
 1128 |             update(j, winner_kj, [01;31m[Kwinning_bids_matrix_i[m[K);
      |                                  [01;31m[K^~~~~~~~~~~~~~~~~~~~~[m[K
[01m[K/home/emily/sa-mrbt_ws/src/simplified_marine_sim/src/CBGA.cpp:1133:42:[m[K [01;31m[Kerror: [m[K‘[01m[Kwinning_bids_k[m[K’ was not declared in this scope; did you mean ‘[01m[Kwinning_bid_kj[m[K’?
 1133 |             if (ts_k_m(m) > ts_i_m(m) || [01;31m[Kwinning_bids_k[m[K[j] > winning_bids_i[j]) {
      |                                          [01;31m[K^~~~~~~~~~~~~~[m[K
      |                                          [32m[Kwinning_bid_kj[m[K
[01m[K/home/emily/sa-mrbt_ws/src/simplified_marine_sim/src/CBGA.cpp:1133:57:[m[K [01;31m[Kerror: [m[K‘[01m[Kj[m[K’ was not declared in this scope; did you mean ‘[01m[Kjn[m[K’?
 1133 |             if (ts_k_m(m) > ts_i_m(m) || winning_bids_k[[01;31m[Kj[m[K] > winning_bids_i[j]) {
      |                                                         [01;31m[K^[m[K
      |                                                         [32m[Kjn[m[K
[01m[K/home/emily/sa-mrbt_ws/src/simplified_marine_sim/src/CBGA.cpp:1133:62:[m[K [01;31m[Kerror: [m[K‘[01m[Kwinning_bids_i[m[K’ was not declared in this scope; did you mean ‘[01m[Kwinning_bid_ij[m[K’?
 1133 |             if (ts_k_m(m) > ts_i_m(m) || winning_bids_k[j] > [01;31m[Kwinning_bids_i[m[K[j]) {
      |                                                              [01;31m[K^~~~~~~~~~~~~~[m[K
      |                                                              [32m[Kwinning_bid_ij[m[K
[01m[K/home/emily/sa-mrbt_ws/src/simplified_marine_sim/src/CBGA.cpp:1135:38:[m[K [01;31m[Kerror: [m[K‘[01m[Kwinning_bids_matrix_i[m[K’ was not declared in this scope
 1135 |                 update(j, winner_kj, [01;31m[Kwinning_bids_matrix_i[m[K);
      |                                      [01;31m[K^~~~~~~~~~~~~~~~~~~~~[m[K
[01m[K/home/emily/sa-mrbt_ws/src/simplified_marine_sim/src/CBGA.cpp:1139:29:[m[K [01;31m[Kerror: [m[K‘[01m[Kid_i[m[K’ was not declared in this scope; did you mean ‘[01m[Kid_t[m[K’?
 1139 |     } else if (winner_kj == [01;31m[Kid_i[m[K) {
      |                             [01;31m[K^~~~[m[K
      |                             [32m[Kid_t[m[K
[01m[K/home/emily/sa-mrbt_ws/src/simplified_marine_sim/src/CBGA.cpp:1141:19:[m[K [01;31m[Kerror: [m[K‘[01m[Kj[m[K’ was not declared in this scope; did you mean ‘[01m[Kjn[m[K’?
 1141 |             reset([01;31m[Kj[m[K, winners_i, winning_bids_i);
      |                   [01;31m[K^[m[K
      |                   [32m[Kjn[m[K
[01m[K/home/emily/sa-mrbt_ws/src/simplified_marine_sim/src/CBGA.cpp:1141:22:[m[K [01;31m[Kerror: [m[K‘[01m[Kwinners_i[m[K’ was not declared in this scope; did you mean ‘[01m[Kwinner_ij[m[K’?
 1141 |             reset(j, [01;31m[Kwinners_i[m[K, winning_bids_i);
      |                      [01;31m[K^~~~~~~~~[m[K
      |                      [32m[Kwinner_ij[m[K
[01m[K/home/emily/sa-mrbt_ws/src/simplified_marine_sim/src/CBGA.cpp:1141:33:[m[K [01;31m[Kerror: [m[K‘[01m[Kwinning_bids_i[m[K’ was not declared in this scope; did you mean ‘[01m[Kwinning_bid_ij[m[K’?
 1141 |             reset(j, winners_i, [01;31m[Kwinning_bids_i[m[K);
      |                                 [01;31m[K^~~~~~~~~~~~~~[m[K
      |                                 [32m[Kwinning_bid_ij[m[K
[01m[K/home/emily/sa-mrbt_ws/src/simplified_marine_sim/src/CBGA.cpp:1145:23:[m[K [01;31m[Kerror: [m[K‘[01m[Kj[m[K’ was not declared in this scope; did you mean ‘[01m[Kjn[m[K’?
 1145 |                 reset([01;31m[Kj[m[K, winning_bids_matrix_i);
      |                       [01;31m[K^[m[K
      |                       [32m[Kjn[m[K
[01m[K/home/emily/sa-mrbt_ws/src/simplified_marine_sim/src/CBGA.cpp:1145:26:[m[K [01;31m[Kerror: [m[K‘[01m[Kwinning_bids_matrix_i[m[K’ was not declared in this scope
 1145 |                 reset(j, [01;31m[Kwinning_bids_matrix_i[m[K);
      |                          [01;31m[K^~~~~~~~~~~~~~~~~~~~~[m[K
[01m[K/home/emily/sa-mrbt_ws/src/simplified_marine_sim/src/CBGA.cpp:1154:24:[m[K [01;31m[Kerror: [m[K‘[01m[Kj[m[K’ was not declared in this scope; did you mean ‘[01m[Kjn[m[K’?
 1154 |                 update([01;31m[Kj[m[K, winner_kj, winning_bids_matrix_i);
      |                        [01;31m[K^[m[K
      |                        [32m[Kjn[m[K
[01m[K/home/emily/sa-mrbt_ws/src/simplified_marine_sim/src/CBGA.cpp:1154:38:[m[K [01;31m[Kerror: [m[K‘[01m[Kwinning_bids_matrix_i[m[K’ was not declared in this scope
 1154 |                 update(j, winner_kj, [01;31m[Kwinning_bids_matrix_i[m[K);
      |                                      [01;31m[K^~~~~~~~~~~~~~~~~~~~~[m[K
[01m[K/home/emily/sa-mrbt_ws/src/simplified_marine_sim/src/CBGA.cpp:1158:24:[m[K [01;31m[Kerror: [m[K‘[01m[Kj[m[K’ was not declared in this scope; did you mean ‘[01m[Kjn[m[K’?
 1158 |                 update([01;31m[Kj[m[K, winner_kj, winning_bids_matrix_i);;
      |                        [01;31m[K^[m[K
      |                        [32m[Kjn[m[K
[01m[K/home/emily/sa-mrbt_ws/src/simplified_marine_sim/src/CBGA.cpp:1158:38:[m[K [01;31m[Kerror: [m[K‘[01m[Kwinning_bids_matrix_i[m[K’ was not declared in this scope
 1158 |                 update(j, winner_kj, [01;31m[Kwinning_bids_matrix_i[m[K);;
      |                                      [01;31m[K^~~~~~~~~~~~~~~~~~~~~[m[K
[01m[K/home/emily/sa-mrbt_ws/src/simplified_marine_sim/src/CBGA.cpp:1160:23:[m[K [01;31m[Kerror: [m[K‘[01m[Kj[m[K’ was not declared in this scope; did you mean ‘[01m[Kjn[m[K’?
 1160 |                 reset([01;31m[Kj[m[K, winning_bids_matrix_i);
      |                       [01;31m[K^[m[K
      |                       [32m[Kjn[m[K
[01m[K/home/emily/sa-mrbt_ws/src/simplified_marine_sim/src/CBGA.cpp:1160:26:[m[K [01;31m[Kerror: [m[K‘[01m[Kwinning_bids_matrix_i[m[K’ was not declared in this scope
 1160 |                 reset(j, [01;31m[Kwinning_bids_matrix_i[m[K);
      |                          [01;31m[K^~~~~~~~~~~~~~~~~~~~~[m[K
[01m[K/home/emily/sa-mrbt_ws/src/simplified_marine_sim/src/CBGA.cpp:1164:24:[m[K [01;31m[Kerror: [m[K‘[01m[Kj[m[K’ was not declared in this scope; did you mean ‘[01m[Kjn[m[K’?
 1164 |                 update([01;31m[Kj[m[K, winner_kj, winning_bids_matrix_i);;
      |                        [01;31m[K^[m[K
      |                        [32m[Kjn[m[K
[01m[K/home/emily/sa-mrbt_ws/src/simplified_marine_sim/src/CBGA.cpp:1164:38:[m[K [01;31m[Kerror: [m[K‘[01m[Kwinning_bids_matrix_i[m[K’ was not declared in this scope
 1164 |                 update(j, winner_kj, [01;31m[Kwinning_bids_matrix_i[m[K);;
      |                                      [01;31m[K^~~~~~~~~~~~~~~~~~~~~[m[K
[01m[K/home/emily/sa-mrbt_ws/src/simplified_marine_sim/src/CBGA.cpp:1170:24:[m[K [01;31m[Kerror: [m[K‘[01m[Kj[m[K’ was not declared in this scope; did you mean ‘[01m[Kjn[m[K’?
 1170 |                 update([01;31m[Kj[m[K, winner_kj, winning_bids_matrix_i);
      |                        [01;31m[K^[m[K
      |                        [32m[Kjn[m[K
[01m[K/home/emily/sa-mrbt_ws/src/simplified_marine_sim/src/CBGA.cpp:1170:38:[m[K [01;31m[Kerror: [m[K‘[01m[Kwinning_bids_matrix_i[m[K’ was not declared in this scope
 1170 |                 update(j, winner_kj, [01;31m[Kwinning_bids_matrix_i[m[K);
      |                                      [01;31m[K^~~~~~~~~~~~~~~~~~~~~[m[K
[01m[K/home/emily/sa-mrbt_ws/src/simplified_marine_sim/src/CBGA.cpp:1172:23:[m[K [01;31m[Kerror: [m[K‘[01m[Kj[m[K’ was not declared in this scope; did you mean ‘[01m[Kjn[m[K’?
 1172 |                 reset([01;31m[Kj[m[K, winning_bids_matrix_i);
      |                       [01;31m[K^[m[K
      |                       [32m[Kjn[m[K
[01m[K/home/emily/sa-mrbt_ws/src/simplified_marine_sim/src/CBGA.cpp:1172:26:[m[K [01;31m[Kerror: [m[K‘[01m[Kwinning_bids_matrix_i[m[K’ was not declared in this scope
 1172 |                 reset(j, [01;31m[Kwinning_bids_matrix_i[m[K);
      |                          [01;31m[K^~~~~~~~~~~~~~~~~~~~~[m[K
[01m[K/home/emily/sa-mrbt_ws/src/simplified_marine_sim/src/CBGA.cpp:1178:20:[m[K [01;31m[Kerror: [m[K‘[01m[Kj[m[K’ was not declared in this scope; did you mean ‘[01m[Kjn[m[K’?
 1178 |             update([01;31m[Kj[m[K, winner_kj, winning_bids_matrix_i);
      |                    [01;31m[K^[m[K
      |                    [32m[Kjn[m[K
[01m[K/home/emily/sa-mrbt_ws/src/simplified_marine_sim/src/CBGA.cpp:1178:34:[m[K [01;31m[Kerror: [m[K‘[01m[Kwinning_bids_matrix_i[m[K’ was not declared in this scope
 1178 |             update(j, winner_kj, [01;31m[Kwinning_bids_matrix_i[m[K);
      |                                  [01;31m[K^~~~~~~~~~~~~~~~~~~~~[m[K
[01m[K/home/emily/sa-mrbt_ws/src/simplified_marine_sim/src/CBGA.cpp:1182:24:[m[K [01;31m[Kerror: [m[K‘[01m[Kj[m[K’ was not declared in this scope; did you mean ‘[01m[Kjn[m[K’?
 1182 |                 update([01;31m[Kj[m[K, winner_kj, winning_bids_matrix_i);
      |                        [01;31m[K^[m[K
      |                        [32m[Kjn[m[K
[01m[K/home/emily/sa-mrbt_ws/src/simplified_marine_sim/src/CBGA.cpp:1182:38:[m[K [01;31m[Kerror: [m[K‘[01m[Kwinning_bids_matrix_i[m[K’ was not declared in this scope
 1182 |                 update(j, winner_kj, [01;31m[Kwinning_bids_matrix_i[m[K);
      |                                      [01;31m[K^~~~~~~~~~~~~~~~~~~~~[m[K
gmake[2]: *** [CMakeFiles/sim.dir/build.make:104: CMakeFiles/sim.dir/src/CBGA.cpp.o] Error 1
gmake[2]: *** Waiting for unfinished jobs....
gmake[1]: *** [CMakeFiles/Makefile2:137: CMakeFiles/sim.dir/all] Error 2
gmake: *** [Makefile:146: all] Error 2
