[0.006s] Invoking command in '/home/emily/sa-mrbt_ws/build/simulator': CMAKE_PREFIX_PATH=/home/emily/sa-mrbt_ws/install/behaviortree_cpp:/home/emily/sa-mrbt_ws/install/simulator:/opt/ros/iron /usr/bin/cmake --build /home/emily/sa-mrbt_ws/build/simulator -- -j12 -l12
[0.038s] [35m[1mConsolidate compiler generated dependencies of target sim[0m
[0.060s] [  7%] [32mBuilding CXX object CMakeFiles/sim.dir/src/CBGA.cpp.o[0m
[0.060s] [ 15%] [32mBuilding CXX object CMakeFiles/sim.dir/src/behavior_tree.cpp.o[0m
[1.665s] [01m[K/home/emily/sa-mrbt_ws/src/simplified_marine_sim/src/CBGA.cpp:[m[K In member function ‘[01m[Kvoid CBGA::runCBBAresolveConflicts(int, int, double, double, std::unordered_map<int, double>&, std::unordered_map<int, double>&)[m[K’:
[1.665s] [01m[K/home/emily/sa-mrbt_ws/src/simplified_marine_sim/src/CBGA.cpp:1109:26:[m[K [01;31m[Kerror: [m[K‘[01m[Kid_k[m[K’ was not declared in this scope; did you mean ‘[01m[Kid_t[m[K’?
[1.665s]  1109 |         if (winner_ij == [01;31m[Kid_k[m[K) {
[1.665s]       |                          [01;31m[K^~~~[m[K
[1.665s]       |                          [32m[Kid_t[m[K
[1.668s] [01m[K/home/emily/sa-mrbt_ws/src/simplified_marine_sim/src/CBGA.cpp:1110:20:[m[K [01;31m[Kerror: [m[K‘[01m[Kj[m[K’ was not declared in this scope; did you mean ‘[01m[Kjn[m[K’?
[1.668s]  1110 |             update([01;31m[Kj[m[K, winner_kj, winning_bids_matrix_i);
[1.668s]       |                    [01;31m[K^[m[K
[1.668s]       |                    [32m[Kjn[m[K
[1.674s] [01m[K/home/emily/sa-mrbt_ws/src/simplified_marine_sim/src/CBGA.cpp:1110:34:[m[K [01;31m[Kerror: [m[K‘[01m[Kwinning_bids_matrix_i[m[K’ was not declared in this scope
[1.674s]  1110 |             update(j, winner_kj, [01;31m[Kwinning_bids_matrix_i[m[K);
[1.674s]       |                                  [01;31m[K^~~~~~~~~~~~~~~~~~~~~[m[K
[1.678s] [01m[K/home/emily/sa-mrbt_ws/src/simplified_marine_sim/src/CBGA.cpp:1111:52:[m[K [01;31m[Kerror: [m[K‘[01m[Kid_i[m[K’ was not declared in this scope; did you mean ‘[01m[Kid_t[m[K’?
[1.678s]  1111 |         } else if (winner_ij != -1 && winner_ij != [01;31m[Kid_i[m[K) {
[1.678s]       |                                                    [01;31m[K^~~~[m[K
[1.678s]       |                                                    [32m[Kid_t[m[K
[1.681s] [01m[K/home/emily/sa-mrbt_ws/src/simplified_marine_sim/src/CBGA.cpp:1114:24:[m[K [01;31m[Kerror: [m[K‘[01m[Kj[m[K’ was not declared in this scope; did you mean ‘[01m[Kjn[m[K’?
[1.681s]  1114 |                 update([01;31m[Kj[m[K, winner_kj, winning_bids_matrix_i);
[1.681s]       |                        [01;31m[K^[m[K
[1.681s]       |                        [32m[Kjn[m[K
[1.687s] [01m[K/home/emily/sa-mrbt_ws/src/simplified_marine_sim/src/CBGA.cpp:1114:38:[m[K [01;31m[Kerror: [m[K‘[01m[Kwinning_bids_matrix_i[m[K’ was not declared in this scope
[1.687s]  1114 |                 update(j, winner_kj, [01;31m[Kwinning_bids_matrix_i[m[K);
[1.687s]       |                                      [01;31m[K^~~~~~~~~~~~~~~~~~~~~[m[K
[1.689s] [01m[K/home/emily/sa-mrbt_ws/src/simplified_marine_sim/src/CBGA.cpp:1118:29:[m[K [01;31m[Kerror: [m[K‘[01m[Kid_k[m[K’ was not declared in this scope; did you mean ‘[01m[Kid_t[m[K’?
[1.689s]  1118 |     } else if (winner_kj == [01;31m[Kid_k[m[K) {
[1.690s]       |                             [01;31m[K^~~~[m[K
[1.690s]       |                             [32m[Kid_t[m[K
[1.692s] [01m[K/home/emily/sa-mrbt_ws/src/simplified_marine_sim/src/CBGA.cpp:1121:26:[m[K [01;31m[Kerror: [m[K‘[01m[Kid_i[m[K’ was not declared in this scope; did you mean ‘[01m[Kid_t[m[K’?
[1.692s]  1121 |         if (winner_ij == [01;31m[Kid_i[m[K) {
[1.692s]       |                          [01;31m[K^~~~[m[K
[1.692s]       |                          [32m[Kid_t[m[K
[1.695s] [01m[K/home/emily/sa-mrbt_ws/src/simplified_marine_sim/src/CBGA.cpp:1124:24:[m[K [01;31m[Kerror: [m[K‘[01m[Kj[m[K’ was not declared in this scope; did you mean ‘[01m[Kjn[m[K’?
[1.695s]  1124 |                 update([01;31m[Kj[m[K, winner_kj, winning_bids_matrix_i);
[1.695s]       |                        [01;31m[K^[m[K
[1.695s]       |                        [32m[Kjn[m[K
[1.700s] [01m[K/home/emily/sa-mrbt_ws/src/simplified_marine_sim/src/CBGA.cpp:1124:38:[m[K [01;31m[Kerror: [m[K‘[01m[Kwinning_bids_matrix_i[m[K’ was not declared in this scope
[1.700s]  1124 |                 update(j, winner_kj, [01;31m[Kwinning_bids_matrix_i[m[K);
[1.701s]       |                                      [01;31m[K^~~~~~~~~~~~~~~~~~~~~[m[K
[1.703s] [01m[K/home/emily/sa-mrbt_ws/src/simplified_marine_sim/src/CBGA.cpp:1128:20:[m[K [01;31m[Kerror: [m[K‘[01m[Kj[m[K’ was not declared in this scope; did you mean ‘[01m[Kjn[m[K’?
[1.703s]  1128 |             update([01;31m[Kj[m[K, winner_kj, winning_bids_matrix_i);
[1.703s]       |                    [01;31m[K^[m[K
[1.703s]       |                    [32m[Kjn[m[K
[1.709s] [01m[K/home/emily/sa-mrbt_ws/src/simplified_marine_sim/src/CBGA.cpp:1128:34:[m[K [01;31m[Kerror: [m[K‘[01m[Kwinning_bids_matrix_i[m[K’ was not declared in this scope
[1.709s]  1128 |             update(j, winner_kj, [01;31m[Kwinning_bids_matrix_i[m[K);
[1.709s]       |                                  [01;31m[K^~~~~~~~~~~~~~~~~~~~~[m[K
[1.713s] [01m[K/home/emily/sa-mrbt_ws/src/simplified_marine_sim/src/CBGA.cpp:1133:42:[m[K [01;31m[Kerror: [m[K‘[01m[Kwinning_bids_k[m[K’ was not declared in this scope; did you mean ‘[01m[Kwinning_bid_kj[m[K’?
[1.713s]  1133 |             if (ts_k_m(m) > ts_i_m(m) || [01;31m[Kwinning_bids_k[m[K[j] > winning_bids_i[j]) {
[1.713s]       |                                          [01;31m[K^~~~~~~~~~~~~~[m[K
[1.713s]       |                                          [32m[Kwinning_bid_kj[m[K
[1.716s] [01m[K/home/emily/sa-mrbt_ws/src/simplified_marine_sim/src/CBGA.cpp:1133:57:[m[K [01;31m[Kerror: [m[K‘[01m[Kj[m[K’ was not declared in this scope; did you mean ‘[01m[Kjn[m[K’?
[1.716s]  1133 |             if (ts_k_m(m) > ts_i_m(m) || winning_bids_k[[01;31m[Kj[m[K] > winning_bids_i[j]) {
[1.716s]       |                                                         [01;31m[K^[m[K
[1.716s]       |                                                         [32m[Kjn[m[K
[1.720s] [01m[K/home/emily/sa-mrbt_ws/src/simplified_marine_sim/src/CBGA.cpp:1133:62:[m[K [01;31m[Kerror: [m[K‘[01m[Kwinning_bids_i[m[K’ was not declared in this scope; did you mean ‘[01m[Kwinning_bid_ij[m[K’?
[1.720s]  1133 |             if (ts_k_m(m) > ts_i_m(m) || winning_bids_k[j] > [01;31m[Kwinning_bids_i[m[K[j]) {
[1.720s]       |                                                              [01;31m[K^~~~~~~~~~~~~~[m[K
[1.720s]       |                                                              [32m[Kwinning_bid_ij[m[K
[1.726s] [01m[K/home/emily/sa-mrbt_ws/src/simplified_marine_sim/src/CBGA.cpp:1135:38:[m[K [01;31m[Kerror: [m[K‘[01m[Kwinning_bids_matrix_i[m[K’ was not declared in this scope
[1.726s]  1135 |                 update(j, winner_kj, [01;31m[Kwinning_bids_matrix_i[m[K);
[1.726s]       |                                      [01;31m[K^~~~~~~~~~~~~~~~~~~~~[m[K
[1.729s] [01m[K/home/emily/sa-mrbt_ws/src/simplified_marine_sim/src/CBGA.cpp:1139:29:[m[K [01;31m[Kerror: [m[K‘[01m[Kid_i[m[K’ was not declared in this scope; did you mean ‘[01m[Kid_t[m[K’?
[1.729s]  1139 |     } else if (winner_kj == [01;31m[Kid_i[m[K) {
[1.729s]       |                             [01;31m[K^~~~[m[K
[1.729s]       |                             [32m[Kid_t[m[K
[1.732s] [01m[K/home/emily/sa-mrbt_ws/src/simplified_marine_sim/src/CBGA.cpp:1141:19:[m[K [01;31m[Kerror: [m[K‘[01m[Kj[m[K’ was not declared in this scope; did you mean ‘[01m[Kjn[m[K’?
[1.732s]  1141 |             reset([01;31m[Kj[m[K, winners_i, winning_bids_i);
[1.732s]       |                   [01;31m[K^[m[K
[1.732s]       |                   [32m[Kjn[m[K
[1.736s] [01m[K/home/emily/sa-mrbt_ws/src/simplified_marine_sim/src/CBGA.cpp:1141:22:[m[K [01;31m[Kerror: [m[K‘[01m[Kwinners_i[m[K’ was not declared in this scope; did you mean ‘[01m[Kwinner_ij[m[K’?
[1.736s]  1141 |             reset(j, [01;31m[Kwinners_i[m[K, winning_bids_i);
[1.736s]       |                      [01;31m[K^~~~~~~~~[m[K
[1.736s]       |                      [32m[Kwinner_ij[m[K
[1.740s] [01m[K/home/emily/sa-mrbt_ws/src/simplified_marine_sim/src/CBGA.cpp:1141:33:[m[K [01;31m[Kerror: [m[K‘[01m[Kwinning_bids_i[m[K’ was not declared in this scope; did you mean ‘[01m[Kwinning_bid_ij[m[K’?
[1.740s]  1141 |             reset(j, winners_i, [01;31m[Kwinning_bids_i[m[K);
[1.740s]       |                                 [01;31m[K^~~~~~~~~~~~~~[m[K
[1.740s]       |                                 [32m[Kwinning_bid_ij[m[K
[1.743s] [01m[K/home/emily/sa-mrbt_ws/src/simplified_marine_sim/src/CBGA.cpp:1145:23:[m[K [01;31m[Kerror: [m[K‘[01m[Kj[m[K’ was not declared in this scope; did you mean ‘[01m[Kjn[m[K’?
[1.743s]  1145 |                 reset([01;31m[Kj[m[K, winning_bids_matrix_i);
[1.743s]       |                       [01;31m[K^[m[K
[1.743s]       |                       [32m[Kjn[m[K
[1.748s] [01m[K/home/emily/sa-mrbt_ws/src/simplified_marine_sim/src/CBGA.cpp:1145:26:[m[K [01;31m[Kerror: [m[K‘[01m[Kwinning_bids_matrix_i[m[K’ was not declared in this scope
[1.748s]  1145 |                 reset(j, [01;31m[Kwinning_bids_matrix_i[m[K);
[1.748s]       |                          [01;31m[K^~~~~~~~~~~~~~~~~~~~~[m[K
[1.751s] [01m[K/home/emily/sa-mrbt_ws/src/simplified_marine_sim/src/CBGA.cpp:1154:24:[m[K [01;31m[Kerror: [m[K‘[01m[Kj[m[K’ was not declared in this scope; did you mean ‘[01m[Kjn[m[K’?
[1.751s]  1154 |                 update([01;31m[Kj[m[K, winner_kj, winning_bids_matrix_i);
[1.751s]       |                        [01;31m[K^[m[K
[1.751s]       |                        [32m[Kjn[m[K
[1.756s] [01m[K/home/emily/sa-mrbt_ws/src/simplified_marine_sim/src/CBGA.cpp:1154:38:[m[K [01;31m[Kerror: [m[K‘[01m[Kwinning_bids_matrix_i[m[K’ was not declared in this scope
[1.757s]  1154 |                 update(j, winner_kj, [01;31m[Kwinning_bids_matrix_i[m[K);
[1.757s]       |                                      [01;31m[K^~~~~~~~~~~~~~~~~~~~~[m[K
[1.759s] [01m[K/home/emily/sa-mrbt_ws/src/simplified_marine_sim/src/CBGA.cpp:1158:24:[m[K [01;31m[Kerror: [m[K‘[01m[Kj[m[K’ was not declared in this scope; did you mean ‘[01m[Kjn[m[K’?
[1.759s]  1158 |                 update([01;31m[Kj[m[K, winner_kj, winning_bids_matrix_i);;
[1.759s]       |                        [01;31m[K^[m[K
[1.759s]       |                        [32m[Kjn[m[K
[1.765s] [01m[K/home/emily/sa-mrbt_ws/src/simplified_marine_sim/src/CBGA.cpp:1158:38:[m[K [01;31m[Kerror: [m[K‘[01m[Kwinning_bids_matrix_i[m[K’ was not declared in this scope
[1.765s]  1158 |                 update(j, winner_kj, [01;31m[Kwinning_bids_matrix_i[m[K);;
[1.765s]       |                                      [01;31m[K^~~~~~~~~~~~~~~~~~~~~[m[K
[1.767s] [01m[K/home/emily/sa-mrbt_ws/src/simplified_marine_sim/src/CBGA.cpp:1160:23:[m[K [01;31m[Kerror: [m[K‘[01m[Kj[m[K’ was not declared in this scope; did you mean ‘[01m[Kjn[m[K’?
[1.767s]  1160 |                 reset([01;31m[Kj[m[K, winning_bids_matrix_i);
[1.767s]       |                       [01;31m[K^[m[K
[1.768s]       |                       [32m[Kjn[m[K
[1.773s] [01m[K/home/emily/sa-mrbt_ws/src/simplified_marine_sim/src/CBGA.cpp:1160:26:[m[K [01;31m[Kerror: [m[K‘[01m[Kwinning_bids_matrix_i[m[K’ was not declared in this scope
[1.773s]  1160 |                 reset(j, [01;31m[Kwinning_bids_matrix_i[m[K);
[1.773s]       |                          [01;31m[K^~~~~~~~~~~~~~~~~~~~~[m[K
[1.776s] [01m[K/home/emily/sa-mrbt_ws/src/simplified_marine_sim/src/CBGA.cpp:1164:24:[m[K [01;31m[Kerror: [m[K‘[01m[Kj[m[K’ was not declared in this scope; did you mean ‘[01m[Kjn[m[K’?
[1.776s]  1164 |                 update([01;31m[Kj[m[K, winner_kj, winning_bids_matrix_i);;
[1.776s]       |                        [01;31m[K^[m[K
[1.776s]       |                        [32m[Kjn[m[K
[1.783s] [01m[K/home/emily/sa-mrbt_ws/src/simplified_marine_sim/src/CBGA.cpp:1164:38:[m[K [01;31m[Kerror: [m[K‘[01m[Kwinning_bids_matrix_i[m[K’ was not declared in this scope
[1.783s]  1164 |                 update(j, winner_kj, [01;31m[Kwinning_bids_matrix_i[m[K);;
[1.783s]       |                                      [01;31m[K^~~~~~~~~~~~~~~~~~~~~[m[K
[1.786s] [01m[K/home/emily/sa-mrbt_ws/src/simplified_marine_sim/src/CBGA.cpp:1170:24:[m[K [01;31m[Kerror: [m[K‘[01m[Kj[m[K’ was not declared in this scope; did you mean ‘[01m[Kjn[m[K’?
[1.786s]  1170 |                 update([01;31m[Kj[m[K, winner_kj, winning_bids_matrix_i);
[1.786s]       |                        [01;31m[K^[m[K
[1.786s]       |                        [32m[Kjn[m[K
[1.792s] [01m[K/home/emily/sa-mrbt_ws/src/simplified_marine_sim/src/CBGA.cpp:1170:38:[m[K [01;31m[Kerror: [m[K‘[01m[Kwinning_bids_matrix_i[m[K’ was not declared in this scope
[1.792s]  1170 |                 update(j, winner_kj, [01;31m[Kwinning_bids_matrix_i[m[K);
[1.792s]       |                                      [01;31m[K^~~~~~~~~~~~~~~~~~~~~[m[K
[1.794s] [01m[K/home/emily/sa-mrbt_ws/src/simplified_marine_sim/src/CBGA.cpp:1172:23:[m[K [01;31m[Kerror: [m[K‘[01m[Kj[m[K’ was not declared in this scope; did you mean ‘[01m[Kjn[m[K’?
[1.794s]  1172 |                 reset([01;31m[Kj[m[K, winning_bids_matrix_i);
[1.794s]       |                       [01;31m[K^[m[K
[1.794s]       |                       [32m[Kjn[m[K
[1.800s] [01m[K/home/emily/sa-mrbt_ws/src/simplified_marine_sim/src/CBGA.cpp:1172:26:[m[K [01;31m[Kerror: [m[K‘[01m[Kwinning_bids_matrix_i[m[K’ was not declared in this scope
[1.800s]  1172 |                 reset(j, [01;31m[Kwinning_bids_matrix_i[m[K);
[1.800s]       |                          [01;31m[K^~~~~~~~~~~~~~~~~~~~~[m[K
[1.802s] [01m[K/home/emily/sa-mrbt_ws/src/simplified_marine_sim/src/CBGA.cpp:1178:20:[m[K [01;31m[Kerror: [m[K‘[01m[Kj[m[K’ was not declared in this scope; did you mean ‘[01m[Kjn[m[K’?
[1.803s]  1178 |             update([01;31m[Kj[m[K, winner_kj, winning_bids_matrix_i);
[1.803s]       |                    [01;31m[K^[m[K
[1.803s]       |                    [32m[Kjn[m[K
[1.808s] [01m[K/home/emily/sa-mrbt_ws/src/simplified_marine_sim/src/CBGA.cpp:1178:34:[m[K [01;31m[Kerror: [m[K‘[01m[Kwinning_bids_matrix_i[m[K’ was not declared in this scope
[1.808s]  1178 |             update(j, winner_kj, [01;31m[Kwinning_bids_matrix_i[m[K);
[1.808s]       |                                  [01;31m[K^~~~~~~~~~~~~~~~~~~~~[m[K
[1.811s] [01m[K/home/emily/sa-mrbt_ws/src/simplified_marine_sim/src/CBGA.cpp:1182:24:[m[K [01;31m[Kerror: [m[K‘[01m[Kj[m[K’ was not declared in this scope; did you mean ‘[01m[Kjn[m[K’?
[1.811s]  1182 |                 update([01;31m[Kj[m[K, winner_kj, winning_bids_matrix_i);
[1.811s]       |                        [01;31m[K^[m[K
[1.811s]       |                        [32m[Kjn[m[K
[1.816s] [01m[K/home/emily/sa-mrbt_ws/src/simplified_marine_sim/src/CBGA.cpp:1182:38:[m[K [01;31m[Kerror: [m[K‘[01m[Kwinning_bids_matrix_i[m[K’ was not declared in this scope
[1.816s]  1182 |                 update(j, winner_kj, [01;31m[Kwinning_bids_matrix_i[m[K);
[1.817s]       |                                      [01;31m[K^~~~~~~~~~~~~~~~~~~~~[m[K
[2.643s] gmake[2]: *** [CMakeFiles/sim.dir/build.make:104: CMakeFiles/sim.dir/src/CBGA.cpp.o] Error 1
[2.643s] gmake[2]: *** Waiting for unfinished jobs....
[3.643s] gmake[1]: *** [CMakeFiles/Makefile2:137: CMakeFiles/sim.dir/all] Error 2
[3.643s] gmake: *** [Makefile:146: all] Error 2
[3.645s] Invoked command in '/home/emily/sa-mrbt_ws/build/simulator' returned '2': CMAKE_PREFIX_PATH=/home/emily/sa-mrbt_ws/install/behaviortree_cpp:/home/emily/sa-mrbt_ws/install/simulator:/opt/ros/iron /usr/bin/cmake --build /home/emily/sa-mrbt_ws/build/simulator -- -j12 -l12
