[0.006s] Invoking command in '/home/emily/sa-mrbt_ws/build/simulator': CMAKE_PREFIX_PATH=/home/emily/sa-mrbt_ws/install/behaviortree_cpp:/home/emily/sa-mrbt_ws/install/simulator:/opt/ros/iron /usr/bin/cmake --build /home/emily/sa-mrbt_ws/build/simulator -- -j12 -l12
[0.037s] [35m[1mConsolidate compiler generated dependencies of target sim[0m
[0.059s] [  7%] [32mBuilding CXX object CMakeFiles/sim.dir/src/CBGA.cpp.o[0m
[1.608s] [01m[K/home/emily/sa-mrbt_ws/src/simplified_marine_sim/src/CBGA.cpp:[m[K In member function ‘[01m[Kvoid CBGA::resolveConflicts(bool)[m[K’:
[1.608s] [01m[K/home/emily/sa-mrbt_ws/src/simplified_marine_sim/src/CBGA.cpp:1096:63:[m[K [01;31m[Kerror: [m[K‘[01m[Kstruct Msg[m[K’ has no member named ‘[01m[Kwinning_bids_matrix[m[K’; did you mean ‘[01m[Kwinning_bids[m[K’?
[1.609s]  1096 |         std::unordered_map<int, double>& winning_bids_k = msg.[01;31m[Kwinning_bids_matrix[m[K;
[1.609s]       |                                                               [01;31m[K^~~~~~~~~~~~~~~~~~~[m[K
[1.609s]       |                                                               [32m[Kwinning_bids[m[K
[1.613s] [01m[K/home/emily/sa-mrbt_ws/src/simplified_marine_sim/src/CBGA.cpp:1102:28:[m[K [01;31m[Kerror: [m[K‘[01m[Kwinning_bids_matrix_k[m[K’ was not declared in this scope; did you mean ‘[01m[Kwinning_bids_matrix_i[m[K’?
[1.613s]  1102 |         utils::log2DVector([01;31m[Kwinning_bids_matrix_k[m[K, robot);
[1.613s]       |                            [01;31m[K^~~~~~~~~~~~~~~~~~~~~[m[K
[1.613s]       |                            [32m[Kwinning_bids_matrix_i[m[K
[1.613s] [01m[K/home/emily/sa-mrbt_ws/src/simplified_marine_sim/src/CBGA.cpp:1108:33:[m[K [01;31m[Kerror: [m[Kexpected ‘[01m[K;[m[K’ before ‘[01m[Knot[m[K’ token
[1.613s]  1108 |             testResolveConflicts[01;31m[K [m[K[32m[Knot[m[K yet updated
[1.613s]       |                                 [01;31m[K^[m[K[32m[K~~~[m[K
[1.613s]       |                                 [32m[K;[m[K
[1.613s] [01m[K/home/emily/sa-mrbt_ws/src/simplified_marine_sim/src/CBGA.cpp:1108:13:[m[K [01;31m[Kerror: [m[Kinvalid use of non-static member function ‘[01m[Kvoid CBGA::testResolveConflicts(int, std::vector<Msg>&, std::unordered_map<int, int>&, std::unordered_map<int, double>&, std::unordered_map<int, double>&, int, std::unordered_map<int, int>&, std::unordered_map<int, double>&, std::unordered_map<int, double>&)[m[K’
[1.613s]  1108 |             [01;31m[KtestResolveConflicts[m[K not yet updated
[1.614s]       |             [01;31m[K^~~~~~~~~~~~~~~~~~~~[m[K
[1.614s] In file included from [01m[K/home/emily/sa-mrbt_ws/src/simplified_marine_sim/src/CBGA.cpp:8[m[K:
[1.614s] [01m[K/home/emily/sa-mrbt_ws/src/simplified_marine_sim/include/CBGA.hpp:106:10:[m[K [01;36m[Knote: [m[Kdeclared here
[1.614s]   106 |     void [01;36m[KtestResolveConflicts[m[K(int id_i, std::vector<Msg>& message_queue,
[1.614s]       |          [01;36m[K^~~~~~~~~~~~~~~~~~~~[m[K
[2.387s] gmake[2]: *** [CMakeFiles/sim.dir/build.make:104: CMakeFiles/sim.dir/src/CBGA.cpp.o] Error 1
[2.387s] gmake[1]: *** [CMakeFiles/Makefile2:137: CMakeFiles/sim.dir/all] Error 2
[2.387s] gmake: *** [Makefile:146: all] Error 2
[2.389s] Invoked command in '/home/emily/sa-mrbt_ws/build/simulator' returned '2': CMAKE_PREFIX_PATH=/home/emily/sa-mrbt_ws/install/behaviortree_cpp:/home/emily/sa-mrbt_ws/install/simulator:/opt/ros/iron /usr/bin/cmake --build /home/emily/sa-mrbt_ws/build/simulator -- -j12 -l12
