[0.006s] Invoking command in '/home/emily/sa-mrbt_ws/build/simulator': CMAKE_PREFIX_PATH=/home/emily/sa-mrbt_ws/install/behaviortree_cpp:/home/emily/sa-mrbt_ws/install/simulator:/opt/ros/iron /usr/bin/cmake --build /home/emily/sa-mrbt_ws/build/simulator -- -j12 -l12
[0.038s] [35m[1mConsolidate compiler generated dependencies of target sim[0m
[0.062s] [ 15%] [32mBuilding CXX object CMakeFiles/sim.dir/src/sim.cpp.o[0m
[0.062s] [ 15%] [32mBuilding CXX object CMakeFiles/sim.dir/src/CBGA.cpp.o[0m
[0.062s] [ 23%] [32mBuilding CXX object CMakeFiles/sim.dir/src/message.cpp.o[0m
[0.062s] [ 30%] [32mBuilding CXX object CMakeFiles/sim.dir/src/CBBA.cpp.o[0m
[0.065s] [ 38%] [32mBuilding CXX object CMakeFiles/sim.dir/src/world.cpp.o[0m
[0.066s] [ 53%] [32mBuilding CXX object CMakeFiles/sim.dir/src/parser.cpp.o[0m
[0.066s] [ 53%] [32mBuilding CXX object CMakeFiles/sim.dir/src/robot.cpp.o[0m
[0.066s] [ 61%] [32mBuilding CXX object CMakeFiles/sim.dir/src/behavior_tree.cpp.o[0m
[0.067s] [ 69%] [32mBuilding CXX object CMakeFiles/sim.dir/src/greedy.cpp.o[0m
[6.684s] [ 76%] [32m[1mLinking CXX executable sim[0m
[7.477s] [100%] Built target sim
[7.484s] Invoked command in '/home/emily/sa-mrbt_ws/build/simulator' returned '0': CMAKE_PREFIX_PATH=/home/emily/sa-mrbt_ws/install/behaviortree_cpp:/home/emily/sa-mrbt_ws/install/simulator:/opt/ros/iron /usr/bin/cmake --build /home/emily/sa-mrbt_ws/build/simulator -- -j12 -l12
[7.514s] Invoking command in '/home/emily/sa-mrbt_ws/build/simulator': CMAKE_PREFIX_PATH=/home/emily/sa-mrbt_ws/install/behaviortree_cpp:/home/emily/sa-mrbt_ws/install/simulator:/opt/ros/iron /usr/bin/cmake --install /home/emily/sa-mrbt_ws/build/simulator
[7.519s] -- Install configuration: ""
[7.519s] -- Installing: /home/emily/sa-mrbt_ws/install/simulator/lib/simulator/sim
[7.523s] -- Set runtime path of "/home/emily/sa-mrbt_ws/install/simulator/lib/simulator/sim" to ""
[7.523s] -- Up-to-date: /home/emily/sa-mrbt_ws/install/simulator/share/ament_index/resource_index/package_run_dependencies/simulator
[7.523s] -- Up-to-date: /home/emily/sa-mrbt_ws/install/simulator/share/ament_index/resource_index/parent_prefix_path/simulator
[7.523s] -- Up-to-date: /home/emily/sa-mrbt_ws/install/simulator/share/simulator/environment/ament_prefix_path.sh
[7.523s] -- Up-to-date: /home/emily/sa-mrbt_ws/install/simulator/share/simulator/environment/ament_prefix_path.dsv
[7.523s] -- Up-to-date: /home/emily/sa-mrbt_ws/install/simulator/share/simulator/environment/path.sh
[7.523s] -- Up-to-date: /home/emily/sa-mrbt_ws/install/simulator/share/simulator/environment/path.dsv
[7.524s] -- Up-to-date: /home/emily/sa-mrbt_ws/install/simulator/share/simulator/local_setup.bash
[7.524s] -- Up-to-date: /home/emily/sa-mrbt_ws/install/simulator/share/simulator/local_setup.sh
[7.524s] -- Up-to-date: /home/emily/sa-mrbt_ws/install/simulator/share/simulator/local_setup.zsh
[7.524s] -- Up-to-date: /home/emily/sa-mrbt_ws/install/simulator/share/simulator/local_setup.dsv
[7.524s] -- Installing: /home/emily/sa-mrbt_ws/install/simulator/share/simulator/package.dsv
[7.524s] -- Up-to-date: /home/emily/sa-mrbt_ws/install/simulator/share/ament_index/resource_index/packages/simulator
[7.524s] -- Up-to-date: /home/emily/sa-mrbt_ws/install/simulator/share/simulator/cmake/simulatorConfig.cmake
[7.524s] -- Up-to-date: /home/emily/sa-mrbt_ws/install/simulator/share/simulator/cmake/simulatorConfig-version.cmake
[7.524s] -- Up-to-date: /home/emily/sa-mrbt_ws/install/simulator/share/simulator/package.xml
[7.525s] Invoked command in '/home/emily/sa-mrbt_ws/build/simulator' returned '0': CMAKE_PREFIX_PATH=/home/emily/sa-mrbt_ws/install/behaviortree_cpp:/home/emily/sa-mrbt_ws/install/simulator:/opt/ros/iron /usr/bin/cmake --install /home/emily/sa-mrbt_ws/build/simulator
