[0.006s] Invoking command in '/home/emily/sa-mrbt_ws/build/simulator': CMAKE_PREFIX_PATH=/home/emily/sa-mrbt_ws/install/behaviortree_cpp:/home/emily/sa-mrbt_ws/install/simulator:/opt/ros/iron /usr/bin/cmake --build /home/emily/sa-mrbt_ws/build/simulator -- -j12 -l12
[0.038s] [35m[1mConsolidate compiler generated dependencies of target sim[0m
[0.062s] [  7%] [32mBuilding CXX object CMakeFiles/sim.dir/src/robot.cpp.o[0m
[3.070s] [01m[K/home/emily/sa-mrbt_ws/src/simplified_marine_sim/src/robot.cpp:[m[K In member function ‘[01m[Kbool Robot::ExploreA()[m[K’:
[3.070s] [01m[K/home/emily/sa-mrbt_ws/src/simplified_marine_sim/src/robot.cpp:758:37:[m[K [01;31m[Kerror: [m[Kno matching function for call to ‘[01m[Kto_string(std::string&)[m[K’
[3.071s]   758 |     std::string plz = [01;31m[Kstd::to_string(next_task.name)[m[K
[3.071s]       |                       [01;31m[K~~~~~~~~~~~~~~^~~~~~~~~~~~~~~~[m[K
[3.071s] In file included from [01m[K/opt/ros/iron/include/rclcpp/rclcpp/node_interfaces/node_parameters_interface.hpp:29[m[K,
[3.071s]                  from [01m[K/opt/ros/iron/include/rclcpp/rclcpp/node.hpp:54[m[K,
[3.071s]                  from [01m[K/opt/ros/iron/include/rclcpp/rclcpp/executors/single_threaded_executor.hpp:28[m[K,
[3.071s]                  from [01m[K/opt/ros/iron/include/rclcpp/rclcpp/executors.hpp:22[m[K,
[3.071s]                  from [01m[K/opt/ros/iron/include/rclcpp/rclcpp/rclcpp.hpp:167[m[K,
[3.071s]                  from [01m[K/home/emily/sa-mrbt_ws/src/simplified_marine_sim/src/robot.cpp:6[m[K:
[3.071s] [01m[K/opt/ros/iron/include/rclcpp/rclcpp/parameter.hpp:289:1:[m[K [01;36m[Knote: [m[Kcandidate: ‘[01m[Kstd::string std::to_string(const rclcpp::Parameter&)[m[K’
[3.071s]   289 | [01;36m[Kto_string[m[K(const rclcpp::Parameter & param);
[3.071s]       | [01;36m[K^~~~~~~~~[m[K
[3.071s] [01m[K/opt/ros/iron/include/rclcpp/rclcpp/parameter.hpp:289:37:[m[K [01;36m[Knote: [m[K  no known conversion for argument 1 from ‘[01m[Kstd::string[m[K’ {aka ‘[01m[Kstd::__cxx11::basic_string<char>[m[K’} to ‘[01m[Kconst rclcpp::Parameter&[m[K’
[3.071s]   289 | to_string([01;36m[Kconst rclcpp::Parameter & param[m[K);
[3.071s]       |           [01;36m[K~~~~~~~~~~~~~~~~~~~~~~~~~~^~~~~[m[K
[3.072s] [01m[K/opt/ros/iron/include/rclcpp/rclcpp/parameter.hpp:294:1:[m[K [01;36m[Knote: [m[Kcandidate: ‘[01m[Kstd::string std::to_string(const std::vector<rclcpp::Parameter>&)[m[K’
[3.072s]   294 | [01;36m[Kto_string[m[K(const std::vector<rclcpp::Parameter> & parameters);
[3.072s]       | [01;36m[K^~~~~~~~~[m[K
[3.072s] [01m[K/opt/ros/iron/include/rclcpp/rclcpp/parameter.hpp:294:50:[m[K [01;36m[Knote: [m[K  no known conversion for argument 1 from ‘[01m[Kstd::string[m[K’ {aka ‘[01m[Kstd::__cxx11::basic_string<char>[m[K’} to ‘[01m[Kconst std::vector<rclcpp::Parameter>&[m[K’
[3.072s]   294 | to_string([01;36m[Kconst std::vector<rclcpp::Parameter> & parameters[m[K);
[3.072s]       |           [01;36m[K~~~~~~~~~~~~~~~~~~~~~~~~~~~~~~~~~~~~~~~^~~~~~~~~~[m[K
[3.072s] In file included from [01m[K/usr/include/c++/11/string:55[m[K,
[3.072s]                  from [01m[K/usr/include/c++/11/stdexcept:39[m[K,
[3.072s]                  from [01m[K/home/emily/sa-mrbt_ws/src/simplified_marine_sim/src/robot.cpp:2[m[K:
[3.072s] [01m[K/usr/include/c++/11/bits/basic_string.h:6660:3:[m[K [01;36m[Knote: [m[Kcandidate: ‘[01m[Kstd::string std::__cxx11::to_string(int)[m[K’
[3.072s]  6660 |   [01;36m[Kto_string[m[K(int __val)
[3.072s]       |   [01;36m[K^~~~~~~~~[m[K
[3.072s] [01m[K/usr/include/c++/11/bits/basic_string.h:6660:17:[m[K [01;36m[Knote: [m[K  no known conversion for argument 1 from ‘[01m[Kstd::string[m[K’ {aka ‘[01m[Kstd::__cxx11::basic_string<char>[m[K’} to ‘[01m[Kint[m[K’
[3.072s]  6660 |   to_string([01;36m[Kint __val[m[K)
[3.072s]       |             [01;36m[K~~~~^~~~~[m[K
[3.072s] [01m[K/usr/include/c++/11/bits/basic_string.h:6671:3:[m[K [01;36m[Knote: [m[Kcandidate: ‘[01m[Kstd::string std::__cxx11::to_string(unsigned int)[m[K’
[3.072s]  6671 |   [01;36m[Kto_string[m[K(unsigned __val)
[3.072s]       |   [01;36m[K^~~~~~~~~[m[K
[3.072s] [01m[K/usr/include/c++/11/bits/basic_string.h:6671:22:[m[K [01;36m[Knote: [m[K  no known conversion for argument 1 from ‘[01m[Kstd::string[m[K’ {aka ‘[01m[Kstd::__cxx11::basic_string<char>[m[K’} to ‘[01m[Kunsigned int[m[K’
[3.072s]  6671 |   to_string([01;36m[Kunsigned __val[m[K)
[3.072s]       |             [01;36m[K~~~~~~~~~^~~~~[m[K
[3.072s] [01m[K/usr/include/c++/11/bits/basic_string.h:6679:3:[m[K [01;36m[Knote: [m[Kcandidate: ‘[01m[Kstd::string std::__cxx11::to_string(long int)[m[K’
[3.073s]  6679 |   [01;36m[Kto_string[m[K(long __val)
[3.073s]       |   [01;36m[K^~~~~~~~~[m[K
[3.073s] [01m[K/usr/include/c++/11/bits/basic_string.h:6679:18:[m[K [01;36m[Knote: [m[K  no known conversion for argument 1 from ‘[01m[Kstd::string[m[K’ {aka ‘[01m[Kstd::__cxx11::basic_string<char>[m[K’} to ‘[01m[Klong int[m[K’
[3.073s]  6679 |   to_string([01;36m[Klong __val[m[K)
[3.073s]       |             [01;36m[K~~~~~^~~~~[m[K
[3.073s] [01m[K/usr/include/c++/11/bits/basic_string.h:6690:3:[m[K [01;36m[Knote: [m[Kcandidate: ‘[01m[Kstd::string std::__cxx11::to_string(long unsigned int)[m[K’
[3.073s]  6690 |   [01;36m[Kto_string[m[K(unsigned long __val)
[3.073s]       |   [01;36m[K^~~~~~~~~[m[K
[3.073s] [01m[K/usr/include/c++/11/bits/basic_string.h:6690:27:[m[K [01;36m[Knote: [m[K  no known conversion for argument 1 from ‘[01m[Kstd::string[m[K’ {aka ‘[01m[Kstd::__cxx11::basic_string<char>[m[K’} to ‘[01m[Klong unsigned int[m[K’
[3.073s]  6690 |   to_string([01;36m[Kunsigned long __val[m[K)
[3.073s]       |             [01;36m[K~~~~~~~~~~~~~~^~~~~[m[K
[3.073s] [01m[K/usr/include/c++/11/bits/basic_string.h:6698:3:[m[K [01;36m[Knote: [m[Kcandidate: ‘[01m[Kstd::string std::__cxx11::to_string(long long int)[m[K’
[3.073s]  6698 |   [01;36m[Kto_string[m[K(long long __val)
[3.073s]       |   [01;36m[K^~~~~~~~~[m[K
[3.073s] [01m[K/usr/include/c++/11/bits/basic_string.h:6698:23:[m[K [01;36m[Knote: [m[K  no known conversion for argument 1 from ‘[01m[Kstd::string[m[K’ {aka ‘[01m[Kstd::__cxx11::basic_string<char>[m[K’} to ‘[01m[Klong long int[m[K’
[3.073s]  6698 |   to_string([01;36m[Klong long __val[m[K)
[3.073s]       |             [01;36m[K~~~~~~~~~~^~~~~[m[K
[3.073s] [01m[K/usr/include/c++/11/bits/basic_string.h:6710:3:[m[K [01;36m[Knote: [m[Kcandidate: ‘[01m[Kstd::string std::__cxx11::to_string(long long unsigned int)[m[K’
[3.073s]  6710 |   [01;36m[Kto_string[m[K(unsigned long long __val)
[3.073s]       |   [01;36m[K^~~~~~~~~[m[K
[3.073s] [01m[K/usr/include/c++/11/bits/basic_string.h:6710:32:[m[K [01;36m[Knote: [m[K  no known conversion for argument 1 from ‘[01m[Kstd::string[m[K’ {aka ‘[01m[Kstd::__cxx11::basic_string<char>[m[K’} to ‘[01m[Klong long unsigned int[m[K’
[3.073s]  6710 |   to_string([01;36m[Kunsigned long long __val[m[K)
[3.074s]       |             [01;36m[K~~~~~~~~~~~~~~~~~~~^~~~~[m[K
[3.074s] [01m[K/usr/include/c++/11/bits/basic_string.h:6721:3:[m[K [01;36m[Knote: [m[Kcandidate: ‘[01m[Kstd::string std::__cxx11::to_string(float)[m[K’
[3.074s]  6721 |   [01;36m[Kto_string[m[K(float __val)
[3.074s]       |   [01;36m[K^~~~~~~~~[m[K
[3.074s] [01m[K/usr/include/c++/11/bits/basic_string.h:6721:19:[m[K [01;36m[Knote: [m[K  no known conversion for argument 1 from ‘[01m[Kstd::string[m[K’ {aka ‘[01m[Kstd::__cxx11::basic_string<char>[m[K’} to ‘[01m[Kfloat[m[K’
[3.074s]  6721 |   to_string([01;36m[Kfloat __val[m[K)
[3.074s]       |             [01;36m[K~~~~~~^~~~~[m[K
[3.074s] [01m[K/usr/include/c++/11/bits/basic_string.h:6730:3:[m[K [01;36m[Knote: [m[Kcandidate: ‘[01m[Kstd::string std::__cxx11::to_string(double)[m[K’
[3.074s]  6730 |   [01;36m[Kto_string[m[K(double __val)
[3.074s]       |   [01;36m[K^~~~~~~~~[m[K
[3.074s] [01m[K/usr/include/c++/11/bits/basic_string.h:6730:20:[m[K [01;36m[Knote: [m[K  no known conversion for argument 1 from ‘[01m[Kstd::string[m[K’ {aka ‘[01m[Kstd::__cxx11::basic_string<char>[m[K’} to ‘[01m[Kdouble[m[K’
[3.074s]  6730 |   to_string([01;36m[Kdouble __val[m[K)
[3.074s]       |             [01;36m[K~~~~~~~^~~~~[m[K
[3.074s] [01m[K/usr/include/c++/11/bits/basic_string.h:6739:3:[m[K [01;36m[Knote: [m[Kcandidate: ‘[01m[Kstd::string std::__cxx11::to_string(long double)[m[K’
[3.074s]  6739 |   [01;36m[Kto_string[m[K(long double __val)
[3.074s]       |   [01;36m[K^~~~~~~~~[m[K
[3.074s] [01m[K/usr/include/c++/11/bits/basic_string.h:6739:25:[m[K [01;36m[Knote: [m[K  no known conversion for argument 1 from ‘[01m[Kstd::string[m[K’ {aka ‘[01m[Kstd::__cxx11::basic_string<char>[m[K’} to ‘[01m[Klong double[m[K’
[3.074s]  6739 |   to_string([01;36m[Klong double __val[m[K)
[3.074s]       |             [01;36m[K~~~~~~~~~~~~^~~~~[m[K
[4.178s] gmake[2]: *** [CMakeFiles/sim.dir/build.make:188: CMakeFiles/sim.dir/src/robot.cpp.o] Error 1
[4.178s] gmake[1]: *** [CMakeFiles/Makefile2:137: CMakeFiles/sim.dir/all] Error 2
[4.179s] gmake: *** [Makefile:146: all] Error 2
[4.180s] Invoked command in '/home/emily/sa-mrbt_ws/build/simulator' returned '2': CMAKE_PREFIX_PATH=/home/emily/sa-mrbt_ws/install/behaviortree_cpp:/home/emily/sa-mrbt_ws/install/simulator:/opt/ros/iron /usr/bin/cmake --build /home/emily/sa-mrbt_ws/build/simulator -- -j12 -l12
