[01m[K/home/emily/sa-mrbt_ws/src/BehaviorTree.CPP/src/controls/counter_sequence.cpp:46:6:[m[K [01;31m[Kerror: [m[Kno declaration matches ‘[01m[Kvoid BT::CounterSequence::initLocal()[m[K’
   46 | void [01;31m[KCounterSequence[m[K::initLocal() {
      |      [01;31m[K^~~~~~~~~~~~~~~[m[K
[01m[K/home/emily/sa-mrbt_ws/src/BehaviorTree.CPP/src/controls/counter_sequence.cpp:46:6:[m[K [01;36m[Knote: [m[Kno functions named ‘[01m[Kvoid BT::CounterSequence::initLocal()[m[K’
In file included from [01m[K/home/emily/sa-mrbt_ws/src/BehaviorTree.CPP/src/controls/counter_sequence.cpp:15[m[K:
[01m[K/home/emily/sa-mrbt_ws/src/BehaviorTree.CPP/include/behaviortree_cpp/controls/counter_sequence.h:79:7:[m[K [01;36m[Knote: [m[K‘[01m[Kclass BT::CounterSequence[m[K’ defined here
   79 | class [01;36m[KCounterSequence[m[K : public ControlNode
      |       [01;36m[K^~~~~~~~~~~~~~~[m[K
[01m[K/home/emily/sa-mrbt_ws/src/BehaviorTree.CPP/src/controls/counter_sequence.cpp:[m[K In member function ‘[01m[Kvirtual BT::NodeStatus BT::CounterSequence::tick()[m[K’:
[01m[K/home/emily/sa-mrbt_ws/src/BehaviorTree.CPP/src/controls/counter_sequence.cpp:64:9:[m[K [01;31m[Kerror: [m[K‘[01m[Kcurrent_task_id[m[K’ was not declared in this scope; did you mean ‘[01m[Kcurrent_task_id_[m[K’?
   64 |         [01;31m[Kcurrent_task_id[m[K = getInput<int>("current_task_id");
      |         [01;31m[K^~~~~~~~~~~~~~~[m[K
      |         [32m[Kcurrent_task_id_[m[K
[01m[K/home/emily/sa-mrbt_ws/src/BehaviorTree.CPP/src/controls/counter_sequence.cpp:67:9:[m[K [01;31m[Kerror: [m[K‘[01m[Ksubtask_failure_thresholds[m[K’ was not declared in this scope; did you mean ‘[01m[Ksubtask_failure_thresholds_[m[K’?
   67 |         [01;31m[Ksubtask_failure_thresholds[m[K = getInput<
      |         [01;31m[K^~~~~~~~~~~~~~~~~~~~~~~~~~[m[K
      |         [32m[Ksubtask_failure_thresholds_[m[K
[01m[K/home/emily/sa-mrbt_ws/src/BehaviorTree.CPP/src/controls/counter_sequence.cpp:67:38:[m[K [01;31m[Kerror: [m[Kparse error in template argument list
   67 |         subtask_failure_thresholds = [01;31m[KgetInput<[m[K
      |                                      [01;31m[K^~~~~~~~~[m[K
   68 | [01;31m[K        subtask_failure_thresholds_ = subtask_failure_thresholds.value()[m[K;
      |         [01;31m[K~~~~~~~~~~~~~~~~~~~~~~~~~~~~~~~~~~~~~~~~~~~~~~~~~~~~~~~~~~~~~~~~[m[K
gmake[2]: *** [CMakeFiles/behaviortree_cpp.dir/build.make:482: CMakeFiles/behaviortree_cpp.dir/src/controls/counter_sequence.cpp.o] Error 1
gmake[2]: *** Waiting for unfinished jobs....
gmake[2]: *** [CMakeFiles/behaviortree_cpp.dir/build.make:636: CMakeFiles/behaviortree_cpp.dir/src/loggers/groot2_publisher.cpp.o] Interrupt
gmake[2]: *** [CMakeFiles/behaviortree_cpp.dir/build.make:132: CMakeFiles/behaviortree_cpp.dir/src/bt_factory.cpp.o] Interrupt
gmake[1]: *** [CMakeFiles/Makefile2:340: CMakeFiles/behaviortree_cpp.dir/all] Interrupt
gmake: *** [Makefile:146: all] Interrupt
