[0.006s] Invoking command in '/home/emily/sa-mrbt_ws/build/simulator': CMAKE_PREFIX_PATH=/home/emily/sa-mrbt_ws/install/behaviortree_cpp:/home/emily/sa-mrbt_ws/install/simulator:/opt/ros/iron /usr/bin/cmake --build /home/emily/sa-mrbt_ws/build/simulator -- -j12 -l12
[0.037s] [35m[1mConsolidate compiler generated dependencies of target sim[0m
[0.061s] [  7%] [32mBuilding CXX object CMakeFiles/sim.dir/src/CBGA.cpp.o[0m
[0.061s] [ 15%] [32mBuilding CXX object CMakeFiles/sim.dir/src/behavior_tree.cpp.o[0m
[1.672s] [01m[K/home/emily/sa-mrbt_ws/src/simplified_marine_sim/src/CBGA.cpp:[m[K In member function ‘[01m[Kvoid CBGA::runCBBAresolveConflicts(int, int, int, int, int, double, double, std::unordered_map<int, double>&, std::unordered_map<int, double>&, std::vector<std::vector<double, std::allocator<double> > >&, std::vector<std::vector<double, std::allocator<double> > >&)[m[K’:
[1.672s] [01m[K/home/emily/sa-mrbt_ws/src/simplified_marine_sim/src/CBGA.cpp:1144:22:[m[K [01;31m[Kerror: [m[K‘[01m[Kwinners_i[m[K’ was not declared in this scope; did you mean ‘[01m[Kwinner_ij[m[K’?
[1.672s]  1144 |             reset(j, [01;31m[Kwinners_i[m[K, winning_bids_i);
[1.672s]       |                      [01;31m[K^~~~~~~~~[m[K
[1.672s]       |                      [32m[Kwinner_ij[m[K
[1.676s] [01m[K/home/emily/sa-mrbt_ws/src/simplified_marine_sim/src/CBGA.cpp:1144:33:[m[K [01;31m[Kerror: [m[K‘[01m[Kwinning_bids_i[m[K’ was not declared in this scope; did you mean ‘[01m[Kwinning_bid_ij[m[K’?
[1.676s]  1144 |             reset(j, winners_i, [01;31m[Kwinning_bids_i[m[K);
[1.677s]       |                                 [01;31m[K^~~~~~~~~~~~~~[m[K
[1.677s]       |                                 [32m[Kwinning_bid_ij[m[K
[1.679s] [01m[K/home/emily/sa-mrbt_ws/src/simplified_marine_sim/src/CBGA.cpp:[m[K In member function ‘[01m[Kvoid CBGA::resolveConflicts(bool)[m[K’:
[1.679s] [01m[K/home/emily/sa-mrbt_ws/src/simplified_marine_sim/src/CBGA.cpp:1274:40:[m[K [01;31m[Kerror: [m[Kno matching function for call to ‘[01m[KCBGA::runCBBAresolveConflicts(int&, int&, int&, int&, double&, double&, std::unordered_map<int, double>&, std::unordered_map<int, double>&, std::vector<std::vector<double, std::allocator<double> > >&, std::vector<std::vector<double, std::allocator<double> > >&)[m[K’
[1.679s]  1274 |                 [01;31m[KrunCBBAresolveConflicts(id_i, id_k, winner_ij, winner_kj, winning_bid_ij, winning_bid_kj, timestamps_i, timestamps_k, winning_bids_matrix_i, winning_bids_matrix_k)[m[K;
[1.679s]       |                 [01;31m[K~~~~~~~~~~~~~~~~~~~~~~~^~~~~~~~~~~~~~~~~~~~~~~~~~~~~~~~~~~~~~~~~~~~~~~~~~~~~~~~~~~~~~~~~~~~~~~~~~~~~~~~~~~~~~~~~~~~~~~~~~~~~~~~~~~~~~~~~~~~~~~~~~~~~~~~~~~~~~~~~~~~[m[K
[1.679s] [01m[K/home/emily/sa-mrbt_ws/src/simplified_marine_sim/src/CBGA.cpp:1090:6:[m[K [01;36m[Knote: [m[Kcandidate: ‘[01m[Kvoid CBGA::runCBBAresolveConflicts(int, int, int, int, int, double, double, std::unordered_map<int, double>&, std::unordered_map<int, double>&, std::vector<std::vector<double, std::allocator<double> > >&, std::vector<std::vector<double, std::allocator<double> > >&)[m[K’
[1.679s]  1090 | void [01;36m[KCBGA[m[K::runCBBAresolveConflicts(int j, int id_i, int id_k, int winner_ij, int winner_kj, double winning_bid_ij, double winning_bid_kj,
[1.679s]       |      [01;36m[K^~~~[m[K
[1.679s] [01m[K/home/emily/sa-mrbt_ws/src/simplified_marine_sim/src/CBGA.cpp:1090:6:[m[K [01;36m[Knote: [m[K  candidate expects 11 arguments, 10 provided
[2.500s] gmake[2]: *** [CMakeFiles/sim.dir/build.make:104: CMakeFiles/sim.dir/src/CBGA.cpp.o] Error 1
[2.500s] gmake[2]: *** Waiting for unfinished jobs....
[3.631s] gmake[1]: *** [CMakeFiles/Makefile2:137: CMakeFiles/sim.dir/all] Error 2
[3.631s] gmake: *** [Makefile:146: all] Error 2
[3.633s] Invoked command in '/home/emily/sa-mrbt_ws/build/simulator' returned '2': CMAKE_PREFIX_PATH=/home/emily/sa-mrbt_ws/install/behaviortree_cpp:/home/emily/sa-mrbt_ws/install/simulator:/opt/ros/iron /usr/bin/cmake --build /home/emily/sa-mrbt_ws/build/simulator -- -j12 -l12
