[  7%] [32mBuilding CXX object CMakeFiles/sim.dir/src/world.cpp.o[0m
[01m[K/home/emily/sa-mrbt_ws/src/simplified_marine_sim/src/world.cpp:[m[K In member function ‘[01m[Kstd::unordered_map<int, TaskInfo> World::initAllTasksInfo()[m[K’:
[01m[K/home/emily/sa-mrbt_ws/src/simplified_marine_sim/src/world.cpp:311:13:[m[K [01;31m[Kerror: [m[K‘[01m[Kactions[m[K’ was not declared in this scope
  311 |             [01;31m[Kactions[m[K, // std::vector<int>, used to be called subtasks
      |             [01;31m[K^~~~~~~[m[K
[01m[K/home/emily/sa-mrbt_ws/src/simplified_marine_sim/src/world.cpp:[m[K In member function ‘[01m[Kstd::unordered_map<int, TaskInfo> World::initAllSubtasksInfo()[m[K’:
[01m[K/home/emily/sa-mrbt_ws/src/simplified_marine_sim/src/world.cpp:371:13:[m[K [01;31m[Kerror: [m[K‘[01m[Ktype[m[K’ was not declared in this scope; did you mean ‘[01m[Kwctype[m[K’?
  371 |             [01;31m[Ktype[m[K, // string
      |             [01;31m[K^~~~[m[K
      |             [32m[Kwctype[m[K
[01m[K/home/emily/sa-mrbt_ws/src/simplified_marine_sim/src/world.cpp:373:13:[m[K [01;31m[Kerror: [m[K‘[01m[Ksubtasks[m[K’ was not declared in this scope; did you mean ‘[01m[Knum_tasks[m[K’?
  373 |             [01;31m[Ksubtasks[m[K, // std::vector<int>
      |             [01;31m[K^~~~~~~~[m[K
      |             [32m[Knum_tasks[m[K
[01m[K/home/emily/sa-mrbt_ws/src/simplified_marine_sim/src/world.cpp:375:13:[m[K [01;31m[Kerror: [m[K‘[01m[Kgroup_size[m[K’ was not declared in this scope; did you mean ‘[01m[KgetGroupSize[m[K’?
  375 |             [01;31m[Kgroup_size[m[K, //int
      |             [01;31m[K^~~~~~~~~~[m[K
      |             [32m[KgetGroupSize[m[K
[01m[K/home/emily/sa-mrbt_ws/src/simplified_marine_sim/src/world.cpp:376:13:[m[K [01;31m[Kerror: [m[K‘[01m[Kgroup_info[m[K’ was not declared in this scope; did you mean ‘[01m[Klog_info[m[K’?
  376 |             [01;31m[Kgroup_info[m[K, // <std::unordered_map<std::string, int>>
      |             [01;31m[K^~~~~~~~~~[m[K
      |             [32m[Klog_info[m[K
[01m[K/home/emily/sa-mrbt_ws/src/simplified_marine_sim/src/world.cpp:377:13:[m[K [01;31m[Kerror: [m[K‘[01m[Klocation[m[K’ was not declared in this scope; did you mean ‘[01m[Klocaltime[m[K’?
  377 |             [01;31m[Klocation[m[K, // std::pair<int,int>
      |             [01;31m[K^~~~~~~~[m[K
      |             [32m[Klocaltime[m[K
[01m[K/home/emily/sa-mrbt_ws/src/simplified_marine_sim/src/world.cpp:378:13:[m[K [01;31m[Kerror: [m[K‘[01m[Karea[m[K’ was not declared in this scope
  378 |             [01;31m[Karea[m[K, // <std::unordered_map<std::string, int>>
      |             [01;31m[K^~~~[m[K
[01m[K/home/emily/sa-mrbt_ws/src/simplified_marine_sim/src/world.cpp:379:13:[m[K [01;31m[Kerror: [m[K‘[01m[Kreward[m[K’ was not declared in this scope; did you mean ‘[01m[Krewind[m[K’?
  379 |             [01;31m[Kreward[m[K // double
      |             [01;31m[K^~~~~~[m[K
      |             [32m[Krewind[m[K
gmake[2]: *** [CMakeFiles/sim.dir/build.make:160: CMakeFiles/sim.dir/src/world.cpp.o] Error 1
gmake[1]: *** [CMakeFiles/Makefile2:137: CMakeFiles/sim.dir/all] Error 2
gmake: *** [Makefile:146: all] Error 2
