[0.006s] Invoking command in '/home/emily/sa-mrbt_ws/build/simulator': CMAKE_PREFIX_PATH=/home/emily/sa-mrbt_ws/install/behaviortree_cpp:/home/emily/sa-mrbt_ws/install/simulator:/opt/ros/iron /usr/bin/cmake --build /home/emily/sa-mrbt_ws/build/simulator -- -j12 -l12
[0.037s] [35m[1mConsolidate compiler generated dependencies of target sim[0m
[0.060s] [  7%] [32mBuilding CXX object CMakeFiles/sim.dir/src/sim.cpp.o[0m
[1.804s] [01m[K/home/emily/sa-mrbt_ws/src/simplified_marine_sim/src/sim.cpp:[m[K In function ‘[01m[Kint main(int, char**)[m[K’:
[1.804s] [01m[K/home/emily/sa-mrbt_ws/src/simplified_marine_sim/src/sim.cpp:627:23:[m[K [01;31m[Kerror: [m[Kredeclaration of ‘[01m[Kstd::ofstream file[m[K’
[1.804s]   627 |         std::ofstream [01;31m[Kfile[m[K(filename2);  // overwrites existing file
[1.804s]       |                       [01;31m[K^~~~[m[K
[1.804s] [01m[K/home/emily/sa-mrbt_ws/src/simplified_marine_sim/src/sim.cpp:622:23:[m[K [01;36m[Knote: [m[K‘[01m[Kstd::ofstream file[m[K’ previously declared here
[1.804s]   622 |         std::ofstream [01;36m[Kfile[m[K(filename);  // overwrites existing file
[1.804s]       |                       [01;36m[K^~~~[m[K
[1.806s] [01m[K/home/emily/sa-mrbt_ws/src/simplified_marine_sim/src/sim.cpp:627:28:[m[K [01;31m[Kerror: [m[K‘[01m[Kfilename2[m[K’ was not declared in this scope; did you mean ‘[01m[Kfilename3[m[K’?
[1.807s]   627 |         std::ofstream file([01;31m[Kfilename2[m[K);  // overwrites existing file
[1.807s]       |                            [01;31m[K^~~~~~~~~[m[K
[1.807s]       |                            [32m[Kfilename3[m[K
[1.807s] [01m[K/home/emily/sa-mrbt_ws/src/simplified_marine_sim/src/sim.cpp:632:21:[m[K [01;31m[Kerror: [m[Kredeclaration of ‘[01m[Kstd::string filename3[m[K’
[1.807s]   632 |         std::string [01;31m[Kfilename3[m[K = "distance_data.csv";
[1.807s]       |                     [01;31m[K^~~~~~~~~[m[K
[1.807s] [01m[K/home/emily/sa-mrbt_ws/src/simplified_marine_sim/src/sim.cpp:626:21:[m[K [01;36m[Knote: [m[K‘[01m[Kstd::string filename3[m[K’ previously declared here
[1.807s]   626 |         std::string [01;36m[Kfilename3[m[K = "discounted_reward_data.csv";
[1.807s]       |                     [01;36m[K^~~~~~~~~[m[K
[3.335s] gmake[2]: *** [CMakeFiles/sim.dir/build.make:76: CMakeFiles/sim.dir/src/sim.cpp.o] Error 1
[3.335s] gmake[1]: *** [CMakeFiles/Makefile2:137: CMakeFiles/sim.dir/all] Error 2
[3.335s] gmake: *** [Makefile:146: all] Error 2
[3.336s] Invoked command in '/home/emily/sa-mrbt_ws/build/simulator' returned '2': CMAKE_PREFIX_PATH=/home/emily/sa-mrbt_ws/install/behaviortree_cpp:/home/emily/sa-mrbt_ws/install/simulator:/opt/ros/iron /usr/bin/cmake --build /home/emily/sa-mrbt_ws/build/simulator -- -j12 -l12
