[0.080s] DEBUG:colcon:Command line arguments: ['/usr/bin/colcon', 'build']
[0.080s] DEBUG:colcon:Parsed command line arguments: Namespace(log_base=None, log_level=None, verb_name='build', build_base='build', install_base='install', merge_install=False, symlink_install=False, test_result_base=None, continue_on_error=False, executor='parallel', parallel_workers=12, event_handlers=None, ignore_user_meta=False, metas=['./colcon.meta'], base_paths=['.'], packages_ignore=None, packages_ignore_regex=None, paths=None, packages_up_to=None, packages_up_to_regex=None, packages_above=None, packages_above_and_dependencies=None, packages_above_depth=None, packages_select_by_dep=None, packages_skip_by_dep=None, packages_skip_up_to=None, packages_select_build_failed=False, packages_skip_build_finished=False, packages_select_test_failures=False, packages_skip_test_passed=False, packages_select=None, packages_skip=None, packages_select_regex=None, packages_skip_regex=None, packages_start=None, packages_end=None, allow_overriding=[], cmake_args=None, cmake_target=None, cmake_target_skip_unavailable=False, cmake_clean_cache=False, cmake_clean_first=False, cmake_force_configure=False, ament_cmake_args=None, catkin_cmake_args=None, catkin_skip_building_tests=False, mixin_files=None, mixin=None, verb_parser=<colcon_mixin.mixin.mixin_argument.MixinArgumentDecorator object at 0x7a858f96d480>, verb_extension=<colcon_core.verb.build.BuildVerb object at 0x7a858f96ca90>, main=<bound method BuildVerb.main of <colcon_core.verb.build.BuildVerb object at 0x7a858f96ca90>>, mixin_verb=('build',))
[0.213s] Level 1:colcon.colcon_core.package_discovery:discover_packages(colcon_meta) check parameters
[0.213s] Level 1:colcon.colcon_core.package_discovery:discover_packages(recursive) check parameters
[0.213s] Level 1:colcon.colcon_core.package_discovery:discover_packages(ignore) check parameters
[0.213s] Level 1:colcon.colcon_core.package_discovery:discover_packages(path) check parameters
[0.213s] Level 1:colcon.colcon_core.package_discovery:discover_packages(colcon_meta) discover
[0.213s] Level 1:colcon.colcon_core.package_discovery:discover_packages(recursive) discover
[0.213s] INFO:colcon.colcon_core.package_discovery:Crawling recursively for packages in '/home/emily/sa-mrbt_ws'
[0.214s] Level 1:colcon.colcon_core.package_identification:_identify(.) by extensions ['ignore', 'ignore_ament_install']
[0.214s] Level 1:colcon.colcon_core.package_identification:_identify(.) by extension 'ignore'
[0.214s] Level 1:colcon.colcon_core.package_identification:_identify(.) by extension 'ignore_ament_install'
[0.214s] Level 1:colcon.colcon_core.package_identification:_identify(.) by extensions ['colcon_pkg']
[0.214s] Level 1:colcon.colcon_core.package_identification:_identify(.) by extension 'colcon_pkg'
[0.214s] Level 1:colcon.colcon_core.package_identification:_identify(.) by extensions ['colcon_meta']
[0.214s] Level 1:colcon.colcon_core.package_identification:_identify(.) by extension 'colcon_meta'
[0.214s] Level 1:colcon.colcon_core.package_identification:_identify(.) by extensions ['ros']
[0.214s] Level 1:colcon.colcon_core.package_identification:_identify(.) by extension 'ros'
[0.225s] Level 1:colcon.colcon_core.package_identification:_identify(.) by extensions ['cmake', 'python']
[0.225s] Level 1:colcon.colcon_core.package_identification:_identify(.) by extension 'cmake'
[0.226s] Level 1:colcon.colcon_core.package_identification:_identify(.) by extension 'python'
[0.226s] Level 1:colcon.colcon_core.package_identification:_identify(.) by extensions ['python_setup_py']
[0.226s] Level 1:colcon.colcon_core.package_identification:_identify(.) by extension 'python_setup_py'
[0.226s] Level 1:colcon.colcon_core.package_identification:_identify(build) by extensions ['ignore', 'ignore_ament_install']
[0.226s] Level 1:colcon.colcon_core.package_identification:_identify(build) by extension 'ignore'
[0.226s] Level 1:colcon.colcon_core.package_identification:_identify(build) ignored
[0.226s] Level 1:colcon.colcon_core.package_identification:_identify(cbba_result) by extensions ['ignore', 'ignore_ament_install']
[0.226s] Level 1:colcon.colcon_core.package_identification:_identify(cbba_result) by extension 'ignore'
[0.226s] Level 1:colcon.colcon_core.package_identification:_identify(cbba_result) by extension 'ignore_ament_install'
[0.226s] Level 1:colcon.colcon_core.package_identification:_identify(cbba_result) by extensions ['colcon_pkg']
[0.226s] Level 1:colcon.colcon_core.package_identification:_identify(cbba_result) by extension 'colcon_pkg'
[0.226s] Level 1:colcon.colcon_core.package_identification:_identify(cbba_result) by extensions ['colcon_meta']
[0.226s] Level 1:colcon.colcon_core.package_identification:_identify(cbba_result) by extension 'colcon_meta'
[0.226s] Level 1:colcon.colcon_core.package_identification:_identify(cbba_result) by extensions ['ros']
[0.226s] Level 1:colcon.colcon_core.package_identification:_identify(cbba_result) by extension 'ros'
[0.226s] Level 1:colcon.colcon_core.package_identification:_identify(cbba_result) by extensions ['cmake', 'python']
[0.226s] Level 1:colcon.colcon_core.package_identification:_identify(cbba_result) by extension 'cmake'
[0.226s] Level 1:colcon.colcon_core.package_identification:_identify(cbba_result) by extension 'python'
[0.226s] Level 1:colcon.colcon_core.package_identification:_identify(cbba_result) by extensions ['python_setup_py']
[0.226s] Level 1:colcon.colcon_core.package_identification:_identify(cbba_result) by extension 'python_setup_py'
[0.226s] Level 1:colcon.colcon_core.package_identification:_identify(cbba_result2) by extensions ['ignore', 'ignore_ament_install']
[0.226s] Level 1:colcon.colcon_core.package_identification:_identify(cbba_result2) by extension 'ignore'
[0.227s] Level 1:colcon.colcon_core.package_identification:_identify(cbba_result2) by extension 'ignore_ament_install'
[0.227s] Level 1:colcon.colcon_core.package_identification:_identify(cbba_result2) by extensions ['colcon_pkg']
[0.227s] Level 1:colcon.colcon_core.package_identification:_identify(cbba_result2) by extension 'colcon_pkg'
[0.227s] Level 1:colcon.colcon_core.package_identification:_identify(cbba_result2) by extensions ['colcon_meta']
[0.227s] Level 1:colcon.colcon_core.package_identification:_identify(cbba_result2) by extension 'colcon_meta'
[0.227s] Level 1:colcon.colcon_core.package_identification:_identify(cbba_result2) by extensions ['ros']
[0.227s] Level 1:colcon.colcon_core.package_identification:_identify(cbba_result2) by extension 'ros'
[0.227s] Level 1:colcon.colcon_core.package_identification:_identify(cbba_result2) by extensions ['cmake', 'python']
[0.227s] Level 1:colcon.colcon_core.package_identification:_identify(cbba_result2) by extension 'cmake'
[0.227s] Level 1:colcon.colcon_core.package_identification:_identify(cbba_result2) by extension 'python'
[0.227s] Level 1:colcon.colcon_core.package_identification:_identify(cbba_result2) by extensions ['python_setup_py']
[0.227s] Level 1:colcon.colcon_core.package_identification:_identify(cbba_result2) by extension 'python_setup_py'
[0.227s] Level 1:colcon.colcon_core.package_identification:_identify(cbga_result) by extensions ['ignore', 'ignore_ament_install']
[0.227s] Level 1:colcon.colcon_core.package_identification:_identify(cbga_result) by extension 'ignore'
[0.227s] Level 1:colcon.colcon_core.package_identification:_identify(cbga_result) by extension 'ignore_ament_install'
[0.227s] Level 1:colcon.colcon_core.package_identification:_identify(cbga_result) by extensions ['colcon_pkg']
[0.227s] Level 1:colcon.colcon_core.package_identification:_identify(cbga_result) by extension 'colcon_pkg'
[0.227s] Level 1:colcon.colcon_core.package_identification:_identify(cbga_result) by extensions ['colcon_meta']
[0.227s] Level 1:colcon.colcon_core.package_identification:_identify(cbga_result) by extension 'colcon_meta'
[0.227s] Level 1:colcon.colcon_core.package_identification:_identify(cbga_result) by extensions ['ros']
[0.227s] Level 1:colcon.colcon_core.package_identification:_identify(cbga_result) by extension 'ros'
[0.227s] Level 1:colcon.colcon_core.package_identification:_identify(cbga_result) by extensions ['cmake', 'python']
[0.227s] Level 1:colcon.colcon_core.package_identification:_identify(cbga_result) by extension 'cmake'
[0.227s] Level 1:colcon.colcon_core.package_identification:_identify(cbga_result) by extension 'python'
[0.227s] Level 1:colcon.colcon_core.package_identification:_identify(cbga_result) by extensions ['python_setup_py']
[0.227s] Level 1:colcon.colcon_core.package_identification:_identify(cbga_result) by extension 'python_setup_py'
[0.228s] Level 1:colcon.colcon_core.package_identification:_identify(cbga_result2) by extensions ['ignore', 'ignore_ament_install']
[0.228s] Level 1:colcon.colcon_core.package_identification:_identify(cbga_result2) by extension 'ignore'
[0.228s] Level 1:colcon.colcon_core.package_identification:_identify(cbga_result2) by extension 'ignore_ament_install'
[0.228s] Level 1:colcon.colcon_core.package_identification:_identify(cbga_result2) by extensions ['colcon_pkg']
[0.228s] Level 1:colcon.colcon_core.package_identification:_identify(cbga_result2) by extension 'colcon_pkg'
[0.228s] Level 1:colcon.colcon_core.package_identification:_identify(cbga_result2) by extensions ['colcon_meta']
[0.228s] Level 1:colcon.colcon_core.package_identification:_identify(cbga_result2) by extension 'colcon_meta'
[0.228s] Level 1:colcon.colcon_core.package_identification:_identify(cbga_result2) by extensions ['ros']
[0.228s] Level 1:colcon.colcon_core.package_identification:_identify(cbga_result2) by extension 'ros'
[0.228s] Level 1:colcon.colcon_core.package_identification:_identify(cbga_result2) by extensions ['cmake', 'python']
[0.228s] Level 1:colcon.colcon_core.package_identification:_identify(cbga_result2) by extension 'cmake'
[0.228s] Level 1:colcon.colcon_core.package_identification:_identify(cbga_result2) by extension 'python'
[0.228s] Level 1:colcon.colcon_core.package_identification:_identify(cbga_result2) by extensions ['python_setup_py']
[0.228s] Level 1:colcon.colcon_core.package_identification:_identify(cbga_result2) by extension 'python_setup_py'
[0.228s] Level 1:colcon.colcon_core.package_identification:_identify(install) by extensions ['ignore', 'ignore_ament_install']
[0.228s] Level 1:colcon.colcon_core.package_identification:_identify(install) by extension 'ignore'
[0.228s] Level 1:colcon.colcon_core.package_identification:_identify(install) ignored
[0.229s] Level 1:colcon.colcon_core.package_identification:_identify(log) by extensions ['ignore', 'ignore_ament_install']
[0.229s] Level 1:colcon.colcon_core.package_identification:_identify(log) by extension 'ignore'
[0.229s] Level 1:colcon.colcon_core.package_identification:_identify(log) ignored
[0.229s] Level 1:colcon.colcon_core.package_identification:_identify(results) by extensions ['ignore', 'ignore_ament_install']
[0.229s] Level 1:colcon.colcon_core.package_identification:_identify(results) by extension 'ignore'
[0.229s] Level 1:colcon.colcon_core.package_identification:_identify(results) by extension 'ignore_ament_install'
[0.229s] Level 1:colcon.colcon_core.package_identification:_identify(results) by extensions ['colcon_pkg']
[0.229s] Level 1:colcon.colcon_core.package_identification:_identify(results) by extension 'colcon_pkg'
[0.229s] Level 1:colcon.colcon_core.package_identification:_identify(results) by extensions ['colcon_meta']
[0.229s] Level 1:colcon.colcon_core.package_identification:_identify(results) by extension 'colcon_meta'
[0.229s] Level 1:colcon.colcon_core.package_identification:_identify(results) by extensions ['ros']
[0.229s] Level 1:colcon.colcon_core.package_identification:_identify(results) by extension 'ros'
[0.229s] Level 1:colcon.colcon_core.package_identification:_identify(results) by extensions ['cmake', 'python']
[0.229s] Level 1:colcon.colcon_core.package_identification:_identify(results) by extension 'cmake'
[0.229s] Level 1:colcon.colcon_core.package_identification:_identify(results) by extension 'python'
[0.229s] Level 1:colcon.colcon_core.package_identification:_identify(results) by extensions ['python_setup_py']
[0.229s] Level 1:colcon.colcon_core.package_identification:_identify(results) by extension 'python_setup_py'
[0.230s] Level 1:colcon.colcon_core.package_identification:_identify(src) by extensions ['ignore', 'ignore_ament_install']
[0.230s] Level 1:colcon.colcon_core.package_identification:_identify(src) by extension 'ignore'
[0.230s] Level 1:colcon.colcon_core.package_identification:_identify(src) by extension 'ignore_ament_install'
[0.230s] Level 1:colcon.colcon_core.package_identification:_identify(src) by extensions ['colcon_pkg']
[0.230s] Level 1:colcon.colcon_core.package_identification:_identify(src) by extension 'colcon_pkg'
[0.230s] Level 1:colcon.colcon_core.package_identification:_identify(src) by extensions ['colcon_meta']
[0.230s] Level 1:colcon.colcon_core.package_identification:_identify(src) by extension 'colcon_meta'
[0.230s] Level 1:colcon.colcon_core.package_identification:_identify(src) by extensions ['ros']
[0.230s] Level 1:colcon.colcon_core.package_identification:_identify(src) by extension 'ros'
[0.230s] Level 1:colcon.colcon_core.package_identification:_identify(src) by extensions ['cmake', 'python']
[0.230s] Level 1:colcon.colcon_core.package_identification:_identify(src) by extension 'cmake'
[0.230s] Level 1:colcon.colcon_core.package_identification:_identify(src) by extension 'python'
[0.230s] Level 1:colcon.colcon_core.package_identification:_identify(src) by extensions ['python_setup_py']
[0.230s] Level 1:colcon.colcon_core.package_identification:_identify(src) by extension 'python_setup_py'
[0.230s] Level 1:colcon.colcon_core.package_identification:_identify(src/BehaviorTree.CPP) by extensions ['ignore', 'ignore_ament_install']
[0.230s] Level 1:colcon.colcon_core.package_identification:_identify(src/BehaviorTree.CPP) by extension 'ignore'
[0.230s] Level 1:colcon.colcon_core.package_identification:_identify(src/BehaviorTree.CPP) by extension 'ignore_ament_install'
[0.230s] Level 1:colcon.colcon_core.package_identification:_identify(src/BehaviorTree.CPP) by extensions ['colcon_pkg']
[0.230s] Level 1:colcon.colcon_core.package_identification:_identify(src/BehaviorTree.CPP) by extension 'colcon_pkg'
[0.230s] Level 1:colcon.colcon_core.package_identification:_identify(src/BehaviorTree.CPP) by extensions ['colcon_meta']
[0.230s] Level 1:colcon.colcon_core.package_identification:_identify(src/BehaviorTree.CPP) by extension 'colcon_meta'
[0.230s] Level 1:colcon.colcon_core.package_identification:_identify(src/BehaviorTree.CPP) by extensions ['ros']
[0.230s] Level 1:colcon.colcon_core.package_identification:_identify(src/BehaviorTree.CPP) by extension 'ros'
[0.242s] DEBUG:colcon.colcon_core.package_identification:Package 'src/BehaviorTree.CPP' with type 'ros.ament_cmake' and name 'behaviortree_cpp'
[0.242s] Level 1:colcon.colcon_core.package_identification:_identify(src/simplified_marine_sim) by extensions ['ignore', 'ignore_ament_install']
[0.242s] Level 1:colcon.colcon_core.package_identification:_identify(src/simplified_marine_sim) by extension 'ignore'
[0.242s] Level 1:colcon.colcon_core.package_identification:_identify(src/simplified_marine_sim) by extension 'ignore_ament_install'
[0.242s] Level 1:colcon.colcon_core.package_identification:_identify(src/simplified_marine_sim) by extensions ['colcon_pkg']
[0.242s] Level 1:colcon.colcon_core.package_identification:_identify(src/simplified_marine_sim) by extension 'colcon_pkg'
[0.242s] Level 1:colcon.colcon_core.package_identification:_identify(src/simplified_marine_sim) by extensions ['colcon_meta']
[0.242s] Level 1:colcon.colcon_core.package_identification:_identify(src/simplified_marine_sim) by extension 'colcon_meta'
[0.242s] Level 1:colcon.colcon_core.package_identification:_identify(src/simplified_marine_sim) by extensions ['ros']
[0.242s] Level 1:colcon.colcon_core.package_identification:_identify(src/simplified_marine_sim) by extension 'ros'
[0.243s] DEBUG:colcon.colcon_core.package_identification:Package 'src/simplified_marine_sim' with type 'ros.ament_cmake' and name 'simulator'
[0.243s] Level 1:colcon.colcon_core.package_discovery:discover_packages(recursive) using defaults
[0.243s] Level 1:colcon.colcon_core.package_discovery:discover_packages(ignore) discover
[0.243s] Level 1:colcon.colcon_core.package_discovery:discover_packages(ignore) using defaults
[0.243s] Level 1:colcon.colcon_core.package_discovery:discover_packages(path) discover
[0.243s] Level 1:colcon.colcon_core.package_discovery:discover_packages(path) using defaults
[0.257s] Level 1:colcon.colcon_core.package_discovery:discover_packages(prefix_path) check parameters
[0.257s] Level 1:colcon.colcon_core.package_discovery:discover_packages(prefix_path) discover
[0.258s] DEBUG:colcon.colcon_installed_package_information.package_discovery:Found 2 installed packages in /home/emily/sa-mrbt_ws/install
[0.259s] DEBUG:colcon.colcon_installed_package_information.package_discovery:Found 281 installed packages in /opt/ros/iron
[0.260s] Level 1:colcon.colcon_core.package_discovery:discover_packages(prefix_path) using defaults
[0.292s] Level 5:colcon.colcon_core.verb:set package 'behaviortree_cpp' build argument 'cmake_args' from command line to 'None'
[0.292s] Level 5:colcon.colcon_core.verb:set package 'behaviortree_cpp' build argument 'cmake_target' from command line to 'None'
[0.292s] Level 5:colcon.colcon_core.verb:set package 'behaviortree_cpp' build argument 'cmake_target_skip_unavailable' from command line to 'False'
[0.292s] Level 5:colcon.colcon_core.verb:set package 'behaviortree_cpp' build argument 'cmake_clean_cache' from command line to 'False'
[0.292s] Level 5:colcon.colcon_core.verb:set package 'behaviortree_cpp' build argument 'cmake_clean_first' from command line to 'False'
[0.292s] Level 5:colcon.colcon_core.verb:set package 'behaviortree_cpp' build argument 'cmake_force_configure' from command line to 'False'
[0.292s] Level 5:colcon.colcon_core.verb:set package 'behaviortree_cpp' build argument 'ament_cmake_args' from command line to 'None'
[0.292s] Level 5:colcon.colcon_core.verb:set package 'behaviortree_cpp' build argument 'catkin_cmake_args' from command line to 'None'
[0.292s] Level 5:colcon.colcon_core.verb:set package 'behaviortree_cpp' build argument 'catkin_skip_building_tests' from command line to 'False'
[0.292s] DEBUG:colcon.colcon_core.verb:Building package 'behaviortree_cpp' with the following arguments: {'ament_cmake_args': None, 'build_base': '/home/emily/sa-mrbt_ws/build/behaviortree_cpp', 'catkin_cmake_args': None, 'catkin_skip_building_tests': False, 'cmake_args': None, 'cmake_clean_cache': False, 'cmake_clean_first': False, 'cmake_force_configure': False, 'cmake_target': None, 'cmake_target_skip_unavailable': False, 'install_base': '/home/emily/sa-mrbt_ws/install/behaviortree_cpp', 'merge_install': False, 'path': '/home/emily/sa-mrbt_ws/src/BehaviorTree.CPP', 'symlink_install': False, 'test_result_base': None}
[0.292s] Level 5:colcon.colcon_core.verb:set package 'simulator' build argument 'cmake_args' from command line to 'None'
[0.292s] Level 5:colcon.colcon_core.verb:set package 'simulator' build argument 'cmake_target' from command line to 'None'
[0.292s] Level 5:colcon.colcon_core.verb:set package 'simulator' build argument 'cmake_target_skip_unavailable' from command line to 'False'
[0.292s] Level 5:colcon.colcon_core.verb:set package 'simulator' build argument 'cmake_clean_cache' from command line to 'False'
[0.292s] Level 5:colcon.colcon_core.verb:set package 'simulator' build argument 'cmake_clean_first' from command line to 'False'
[0.292s] Level 5:colcon.colcon_core.verb:set package 'simulator' build argument 'cmake_force_configure' from command line to 'False'
[0.292s] Level 5:colcon.colcon_core.verb:set package 'simulator' build argument 'ament_cmake_args' from command line to 'None'
[0.292s] Level 5:colcon.colcon_core.verb:set package 'simulator' build argument 'catkin_cmake_args' from command line to 'None'
[0.292s] Level 5:colcon.colcon_core.verb:set package 'simulator' build argument 'catkin_skip_building_tests' from command line to 'False'
[0.292s] DEBUG:colcon.colcon_core.verb:Building package 'simulator' with the following arguments: {'ament_cmake_args': None, 'build_base': '/home/emily/sa-mrbt_ws/build/simulator', 'catkin_cmake_args': None, 'catkin_skip_building_tests': False, 'cmake_args': None, 'cmake_clean_cache': False, 'cmake_clean_first': False, 'cmake_force_configure': False, 'cmake_target': None, 'cmake_target_skip_unavailable': False, 'install_base': '/home/emily/sa-mrbt_ws/install/simulator', 'merge_install': False, 'path': '/home/emily/sa-mrbt_ws/src/simplified_marine_sim', 'symlink_install': False, 'test_result_base': None}
[0.293s] INFO:colcon.colcon_core.executor:Executing jobs using 'parallel' executor
[0.293s] DEBUG:colcon.colcon_parallel_executor.executor.parallel:run_until_complete
[0.293s] INFO:colcon.colcon_ros.task.ament_cmake.build:Building ROS package in '/home/emily/sa-mrbt_ws/src/BehaviorTree.CPP' with build type 'ament_cmake'
[0.294s] INFO:colcon.colcon_cmake.task.cmake.build:Building CMake package in '/home/emily/sa-mrbt_ws/src/BehaviorTree.CPP'
[0.295s] INFO:colcon.colcon_core.plugin_system:Skipping extension 'colcon_core.shell.bat': Not used on non-Windows systems
[0.295s] INFO:colcon.colcon_core.shell:Skip shell extension 'powershell' for command environment: Not usable outside of PowerShell
[0.295s] DEBUG:colcon.colcon_core.shell:Skip shell extension 'dsv' for command environment
[0.301s] DEBUG:colcon.colcon_core.event_handler.log_command:Invoking command in '/home/emily/sa-mrbt_ws/build/behaviortree_cpp': CMAKE_PREFIX_PATH=${CMAKE_PREFIX_PATH}:/opt/ros/iron /usr/bin/cmake --build /home/emily/sa-mrbt_ws/build/behaviortree_cpp -- -j12 -l12
[4.150s] DEBUG:colcon.colcon_core.event_handler.log_command:Invoked command in '/home/emily/sa-mrbt_ws/build/behaviortree_cpp' returned '0': CMAKE_PREFIX_PATH=${CMAKE_PREFIX_PATH}:/opt/ros/iron /usr/bin/cmake --build /home/emily/sa-mrbt_ws/build/behaviortree_cpp -- -j12 -l12
[4.241s] DEBUG:colcon.colcon_core.event_handler.log_command:Invoking command in '/home/emily/sa-mrbt_ws/build/behaviortree_cpp': CMAKE_PREFIX_PATH=${CMAKE_PREFIX_PATH}:/opt/ros/iron /usr/bin/cmake --install /home/emily/sa-mrbt_ws/build/behaviortree_cpp
[4.257s] Level 1:colcon.colcon_core.environment:create_environment_scripts_only(behaviortree_cpp)
[4.262s] DEBUG:colcon.colcon_core.event_handler.log_command:Invoked command in '/home/emily/sa-mrbt_ws/build/behaviortree_cpp' returned '0': CMAKE_PREFIX_PATH=${CMAKE_PREFIX_PATH}:/opt/ros/iron /usr/bin/cmake --install /home/emily/sa-mrbt_ws/build/behaviortree_cpp
[4.262s] Level 1:colcon.colcon_core.environment:checking '/home/emily/sa-mrbt_ws/install/behaviortree_cpp' for CMake module files
[4.263s] Level 1:colcon.colcon_core.environment:checking '/home/emily/sa-mrbt_ws/install/behaviortree_cpp' for CMake config files
[4.263s] Level 1:colcon.colcon_core.shell:create_environment_hook('behaviortree_cpp', 'cmake_prefix_path')
[4.263s] INFO:colcon.colcon_core.shell:Creating environment hook '/home/emily/sa-mrbt_ws/install/behaviortree_cpp/share/behaviortree_cpp/hook/cmake_prefix_path.ps1'
[4.264s] INFO:colcon.colcon_core.shell:Creating environment descriptor '/home/emily/sa-mrbt_ws/install/behaviortree_cpp/share/behaviortree_cpp/hook/cmake_prefix_path.dsv'
[4.264s] INFO:colcon.colcon_core.shell:Creating environment hook '/home/emily/sa-mrbt_ws/install/behaviortree_cpp/share/behaviortree_cpp/hook/cmake_prefix_path.sh'
[4.265s] Level 1:colcon.colcon_core.environment:checking '/home/emily/sa-mrbt_ws/install/behaviortree_cpp/lib'
[4.265s] Level 1:colcon.colcon_core.shell:create_environment_hook('behaviortree_cpp', 'ld_library_path_lib')
[4.265s] INFO:colcon.colcon_core.shell:Creating environment hook '/home/emily/sa-mrbt_ws/install/behaviortree_cpp/share/behaviortree_cpp/hook/ld_library_path_lib.ps1'
[4.265s] INFO:colcon.colcon_core.shell:Creating environment descriptor '/home/emily/sa-mrbt_ws/install/behaviortree_cpp/share/behaviortree_cpp/hook/ld_library_path_lib.dsv'
[4.266s] INFO:colcon.colcon_core.shell:Creating environment hook '/home/emily/sa-mrbt_ws/install/behaviortree_cpp/share/behaviortree_cpp/hook/ld_library_path_lib.sh'
[4.266s] Level 1:colcon.colcon_core.environment:checking '/home/emily/sa-mrbt_ws/install/behaviortree_cpp/bin'
[4.266s] Level 1:colcon.colcon_core.shell:create_environment_hook('behaviortree_cpp', 'path')
[4.266s] INFO:colcon.colcon_core.shell:Creating environment hook '/home/emily/sa-mrbt_ws/install/behaviortree_cpp/share/behaviortree_cpp/hook/path.ps1'
[4.266s] INFO:colcon.colcon_core.shell:Creating environment descriptor '/home/emily/sa-mrbt_ws/install/behaviortree_cpp/share/behaviortree_cpp/hook/path.dsv'
[4.267s] INFO:colcon.colcon_core.shell:Creating environment hook '/home/emily/sa-mrbt_ws/install/behaviortree_cpp/share/behaviortree_cpp/hook/path.sh'
[4.267s] Level 1:colcon.colcon_core.environment:checking '/home/emily/sa-mrbt_ws/install/behaviortree_cpp/lib/pkgconfig/behaviortree_cpp.pc'
[4.267s] Level 1:colcon.colcon_core.environment:checking '/home/emily/sa-mrbt_ws/install/behaviortree_cpp/lib/python3.10/site-packages'
[4.267s] Level 1:colcon.colcon_core.environment:checking '/home/emily/sa-mrbt_ws/install/behaviortree_cpp/bin'
[4.267s] Level 1:colcon.colcon_core.shell:create_environment_hook('behaviortree_cpp', 'pythonscriptspath')
[4.268s] INFO:colcon.colcon_core.shell:Creating environment hook '/home/emily/sa-mrbt_ws/install/behaviortree_cpp/share/behaviortree_cpp/hook/pythonscriptspath.ps1'
[4.268s] INFO:colcon.colcon_core.shell:Creating environment descriptor '/home/emily/sa-mrbt_ws/install/behaviortree_cpp/share/behaviortree_cpp/hook/pythonscriptspath.dsv'
[4.268s] INFO:colcon.colcon_core.shell:Creating environment hook '/home/emily/sa-mrbt_ws/install/behaviortree_cpp/share/behaviortree_cpp/hook/pythonscriptspath.sh'
[4.269s] INFO:colcon.colcon_core.shell:Creating package script '/home/emily/sa-mrbt_ws/install/behaviortree_cpp/share/behaviortree_cpp/package.ps1'
[4.269s] INFO:colcon.colcon_core.shell:Creating package descriptor '/home/emily/sa-mrbt_ws/install/behaviortree_cpp/share/behaviortree_cpp/package.dsv'
[4.270s] INFO:colcon.colcon_core.shell:Creating package script '/home/emily/sa-mrbt_ws/install/behaviortree_cpp/share/behaviortree_cpp/package.sh'
[4.270s] INFO:colcon.colcon_core.shell:Creating package script '/home/emily/sa-mrbt_ws/install/behaviortree_cpp/share/behaviortree_cpp/package.bash'
[4.271s] INFO:colcon.colcon_core.shell:Creating package script '/home/emily/sa-mrbt_ws/install/behaviortree_cpp/share/behaviortree_cpp/package.zsh'
[4.271s] Level 1:colcon.colcon_core.environment:create_file_with_runtime_dependencies(/home/emily/sa-mrbt_ws/install/behaviortree_cpp/share/colcon-core/packages/behaviortree_cpp)
[4.355s] Level 1:colcon.colcon_core.environment:create_environment_scripts_only(behaviortree_cpp)
[4.355s] Level 1:colcon.colcon_core.environment:checking '/home/emily/sa-mrbt_ws/install/behaviortree_cpp' for CMake module files
[4.355s] Level 1:colcon.colcon_core.environment:checking '/home/emily/sa-mrbt_ws/install/behaviortree_cpp' for CMake config files
[4.356s] Level 1:colcon.colcon_core.shell:create_environment_hook('behaviortree_cpp', 'cmake_prefix_path')
[4.356s] INFO:colcon.colcon_core.shell:Creating environment hook '/home/emily/sa-mrbt_ws/install/behaviortree_cpp/share/behaviortree_cpp/hook/cmake_prefix_path.ps1'
[4.356s] INFO:colcon.colcon_core.shell:Creating environment descriptor '/home/emily/sa-mrbt_ws/install/behaviortree_cpp/share/behaviortree_cpp/hook/cmake_prefix_path.dsv'
[4.356s] INFO:colcon.colcon_core.shell:Creating environment hook '/home/emily/sa-mrbt_ws/install/behaviortree_cpp/share/behaviortree_cpp/hook/cmake_prefix_path.sh'
[4.357s] Level 1:colcon.colcon_core.environment:checking '/home/emily/sa-mrbt_ws/install/behaviortree_cpp/lib'
[4.357s] Level 1:colcon.colcon_core.shell:create_environment_hook('behaviortree_cpp', 'ld_library_path_lib')
[4.357s] INFO:colcon.colcon_core.shell:Creating environment hook '/home/emily/sa-mrbt_ws/install/behaviortree_cpp/share/behaviortree_cpp/hook/ld_library_path_lib.ps1'
[4.357s] INFO:colcon.colcon_core.shell:Creating environment descriptor '/home/emily/sa-mrbt_ws/install/behaviortree_cpp/share/behaviortree_cpp/hook/ld_library_path_lib.dsv'
[4.358s] INFO:colcon.colcon_core.shell:Creating environment hook '/home/emily/sa-mrbt_ws/install/behaviortree_cpp/share/behaviortree_cpp/hook/ld_library_path_lib.sh'
[4.358s] Level 1:colcon.colcon_core.environment:checking '/home/emily/sa-mrbt_ws/install/behaviortree_cpp/bin'
[4.358s] Level 1:colcon.colcon_core.shell:create_environment_hook('behaviortree_cpp', 'path')
[4.358s] INFO:colcon.colcon_core.shell:Creating environment hook '/home/emily/sa-mrbt_ws/install/behaviortree_cpp/share/behaviortree_cpp/hook/path.ps1'
[4.358s] INFO:colcon.colcon_core.shell:Creating environment descriptor '/home/emily/sa-mrbt_ws/install/behaviortree_cpp/share/behaviortree_cpp/hook/path.dsv'
[4.359s] INFO:colcon.colcon_core.shell:Creating environment hook '/home/emily/sa-mrbt_ws/install/behaviortree_cpp/share/behaviortree_cpp/hook/path.sh'
[4.359s] Level 1:colcon.colcon_core.environment:checking '/home/emily/sa-mrbt_ws/install/behaviortree_cpp/lib/pkgconfig/behaviortree_cpp.pc'
[4.359s] Level 1:colcon.colcon_core.environment:checking '/home/emily/sa-mrbt_ws/install/behaviortree_cpp/lib/python3.10/site-packages'
[4.359s] Level 1:colcon.colcon_core.environment:checking '/home/emily/sa-mrbt_ws/install/behaviortree_cpp/bin'
[4.359s] Level 1:colcon.colcon_core.shell:create_environment_hook('behaviortree_cpp', 'pythonscriptspath')
[4.360s] INFO:colcon.colcon_core.shell:Creating environment hook '/home/emily/sa-mrbt_ws/install/behaviortree_cpp/share/behaviortree_cpp/hook/pythonscriptspath.ps1'
[4.360s] INFO:colcon.colcon_core.shell:Creating environment descriptor '/home/emily/sa-mrbt_ws/install/behaviortree_cpp/share/behaviortree_cpp/hook/pythonscriptspath.dsv'
[4.360s] INFO:colcon.colcon_core.shell:Creating environment hook '/home/emily/sa-mrbt_ws/install/behaviortree_cpp/share/behaviortree_cpp/hook/pythonscriptspath.sh'
[4.361s] INFO:colcon.colcon_core.shell:Creating package script '/home/emily/sa-mrbt_ws/install/behaviortree_cpp/share/behaviortree_cpp/package.ps1'
[4.361s] INFO:colcon.colcon_core.shell:Creating package descriptor '/home/emily/sa-mrbt_ws/install/behaviortree_cpp/share/behaviortree_cpp/package.dsv'
[4.362s] INFO:colcon.colcon_core.shell:Creating package script '/home/emily/sa-mrbt_ws/install/behaviortree_cpp/share/behaviortree_cpp/package.sh'
[4.362s] INFO:colcon.colcon_core.shell:Creating package script '/home/emily/sa-mrbt_ws/install/behaviortree_cpp/share/behaviortree_cpp/package.bash'
[4.362s] INFO:colcon.colcon_core.shell:Creating package script '/home/emily/sa-mrbt_ws/install/behaviortree_cpp/share/behaviortree_cpp/package.zsh'
[4.363s] Level 1:colcon.colcon_core.environment:create_file_with_runtime_dependencies(/home/emily/sa-mrbt_ws/install/behaviortree_cpp/share/colcon-core/packages/behaviortree_cpp)
[4.363s] INFO:colcon.colcon_ros.task.ament_cmake.build:Building ROS package in '/home/emily/sa-mrbt_ws/src/simplified_marine_sim' with build type 'ament_cmake'
[4.363s] INFO:colcon.colcon_cmake.task.cmake.build:Building CMake package in '/home/emily/sa-mrbt_ws/src/simplified_marine_sim'
[4.363s] INFO:colcon.colcon_core.shell:Skip shell extension 'powershell' for command environment: Not usable outside of PowerShell
[4.363s] DEBUG:colcon.colcon_core.shell:Skip shell extension 'dsv' for command environment
[4.371s] DEBUG:colcon.colcon_core.event_handler.log_command:Invoking command in '/home/emily/sa-mrbt_ws/build/simulator': CMAKE_PREFIX_PATH=/home/emily/sa-mrbt_ws/install/behaviortree_cpp:/home/emily/sa-mrbt_ws/install/simulator:/opt/ros/iron /usr/bin/cmake --build /home/emily/sa-mrbt_ws/build/simulator -- -j12 -l12
[5.278s] DEBUG:colcon.colcon_core.event_handler.log_command:Invoked command in '/home/emily/sa-mrbt_ws/build/simulator' returned '0': CMAKE_PREFIX_PATH=/home/emily/sa-mrbt_ws/install/behaviortree_cpp:/home/emily/sa-mrbt_ws/install/simulator:/opt/ros/iron /usr/bin/cmake --build /home/emily/sa-mrbt_ws/build/simulator -- -j12 -l12
[5.308s] DEBUG:colcon.colcon_core.event_handler.log_command:Invoking command in '/home/emily/sa-mrbt_ws/build/simulator': CMAKE_PREFIX_PATH=/home/emily/sa-mrbt_ws/install/behaviortree_cpp:/home/emily/sa-mrbt_ws/install/simulator:/opt/ros/iron /usr/bin/cmake --install /home/emily/sa-mrbt_ws/build/simulator
[5.319s] Level 1:colcon.colcon_core.environment:create_environment_scripts_only(simulator)
[5.319s] Level 1:colcon.colcon_core.environment:checking '/home/emily/sa-mrbt_ws/install/simulator' for CMake module files
[5.320s] DEBUG:colcon.colcon_core.event_handler.log_command:Invoked command in '/home/emily/sa-mrbt_ws/build/simulator' returned '0': CMAKE_PREFIX_PATH=/home/emily/sa-mrbt_ws/install/behaviortree_cpp:/home/emily/sa-mrbt_ws/install/simulator:/opt/ros/iron /usr/bin/cmake --install /home/emily/sa-mrbt_ws/build/simulator
[5.320s] Level 1:colcon.colcon_core.environment:checking '/home/emily/sa-mrbt_ws/install/simulator' for CMake config files
[5.320s] Level 1:colcon.colcon_core.shell:create_environment_hook('simulator', 'cmake_prefix_path')
[5.320s] INFO:colcon.colcon_core.shell:Creating environment hook '/home/emily/sa-mrbt_ws/install/simulator/share/simulator/hook/cmake_prefix_path.ps1'
[5.321s] INFO:colcon.colcon_core.shell:Creating environment descriptor '/home/emily/sa-mrbt_ws/install/simulator/share/simulator/hook/cmake_prefix_path.dsv'
[5.321s] INFO:colcon.colcon_core.shell:Creating environment hook '/home/emily/sa-mrbt_ws/install/simulator/share/simulator/hook/cmake_prefix_path.sh'
[5.321s] Level 1:colcon.colcon_core.environment:checking '/home/emily/sa-mrbt_ws/install/simulator/lib'
[5.322s] Level 1:colcon.colcon_core.environment:checking '/home/emily/sa-mrbt_ws/install/simulator/bin'
[5.322s] Level 1:colcon.colcon_core.environment:checking '/home/emily/sa-mrbt_ws/install/simulator/lib/pkgconfig/simulator.pc'
[5.322s] Level 1:colcon.colcon_core.environment:checking '/home/emily/sa-mrbt_ws/install/simulator/lib/python3.10/site-packages'
[5.322s] Level 1:colcon.colcon_core.environment:checking '/home/emily/sa-mrbt_ws/install/simulator/bin'
[5.322s] INFO:colcon.colcon_core.shell:Creating package script '/home/emily/sa-mrbt_ws/install/simulator/share/simulator/package.ps1'
[5.322s] INFO:colcon.colcon_core.shell:Creating package descriptor '/home/emily/sa-mrbt_ws/install/simulator/share/simulator/package.dsv'
[5.323s] INFO:colcon.colcon_core.shell:Creating package script '/home/emily/sa-mrbt_ws/install/simulator/share/simulator/package.sh'
[5.323s] INFO:colcon.colcon_core.shell:Creating package script '/home/emily/sa-mrbt_ws/install/simulator/share/simulator/package.bash'
[5.323s] INFO:colcon.colcon_core.shell:Creating package script '/home/emily/sa-mrbt_ws/install/simulator/share/simulator/package.zsh'
[5.324s] Level 1:colcon.colcon_core.environment:create_file_with_runtime_dependencies(/home/emily/sa-mrbt_ws/install/simulator/share/colcon-core/packages/simulator)
[5.352s] Level 1:colcon.colcon_core.environment:create_environment_scripts_only(simulator)
[5.353s] Level 1:colcon.colcon_core.environment:checking '/home/emily/sa-mrbt_ws/install/simulator' for CMake module files
[5.353s] Level 1:colcon.colcon_core.environment:checking '/home/emily/sa-mrbt_ws/install/simulator' for CMake config files
[5.353s] Level 1:colcon.colcon_core.shell:create_environment_hook('simulator', 'cmake_prefix_path')
[5.353s] INFO:colcon.colcon_core.shell:Creating environment hook '/home/emily/sa-mrbt_ws/install/simulator/share/simulator/hook/cmake_prefix_path.ps1'
[5.354s] INFO:colcon.colcon_core.shell:Creating environment descriptor '/home/emily/sa-mrbt_ws/install/simulator/share/simulator/hook/cmake_prefix_path.dsv'
[5.354s] INFO:colcon.colcon_core.shell:Creating environment hook '/home/emily/sa-mrbt_ws/install/simulator/share/simulator/hook/cmake_prefix_path.sh'
[5.354s] Level 1:colcon.colcon_core.environment:checking '/home/emily/sa-mrbt_ws/install/simulator/lib'
[5.354s] Level 1:colcon.colcon_core.environment:checking '/home/emily/sa-mrbt_ws/install/simulator/bin'
[5.355s] Level 1:colcon.colcon_core.environment:checking '/home/emily/sa-mrbt_ws/install/simulator/lib/pkgconfig/simulator.pc'
[5.355s] Level 1:colcon.colcon_core.environment:checking '/home/emily/sa-mrbt_ws/install/simulator/lib/python3.10/site-packages'
[5.355s] Level 1:colcon.colcon_core.environment:checking '/home/emily/sa-mrbt_ws/install/simulator/bin'
[5.355s] INFO:colcon.colcon_core.shell:Creating package script '/home/emily/sa-mrbt_ws/install/simulator/share/simulator/package.ps1'
[5.355s] INFO:colcon.colcon_core.shell:Creating package descriptor '/home/emily/sa-mrbt_ws/install/simulator/share/simulator/package.dsv'
[5.356s] INFO:colcon.colcon_core.shell:Creating package script '/home/emily/sa-mrbt_ws/install/simulator/share/simulator/package.sh'
[5.356s] INFO:colcon.colcon_core.shell:Creating package script '/home/emily/sa-mrbt_ws/install/simulator/share/simulator/package.bash'
[5.356s] INFO:colcon.colcon_core.shell:Creating package script '/home/emily/sa-mrbt_ws/install/simulator/share/simulator/package.zsh'
[5.357s] Level 1:colcon.colcon_core.environment:create_file_with_runtime_dependencies(/home/emily/sa-mrbt_ws/install/simulator/share/colcon-core/packages/simulator)
[5.357s] DEBUG:colcon.colcon_parallel_executor.executor.parallel:closing loop
[5.357s] DEBUG:colcon.colcon_parallel_executor.executor.parallel:loop closed
[5.357s] DEBUG:colcon.colcon_parallel_executor.executor.parallel:run_until_complete finished with '0'
[5.357s] DEBUG:colcon.colcon_core.event_reactor:joining thread
[5.361s] INFO:colcon.colcon_core.plugin_system:Skipping extension 'colcon_notification.desktop_notification.terminal_notifier': Not used on non-Darwin systems
[5.361s] INFO:colcon.colcon_core.plugin_system:Skipping extension 'colcon_notification.desktop_notification.win32': Not used on non-Windows systems
[5.361s] INFO:colcon.colcon_notification.desktop_notification:Sending desktop notification using 'notify2'
[5.369s] DEBUG:colcon.colcon_core.event_reactor:joined thread
[5.369s] INFO:colcon.colcon_core.shell:Creating prefix script '/home/emily/sa-mrbt_ws/install/local_setup.ps1'
[5.370s] INFO:colcon.colcon_core.shell:Creating prefix util module '/home/emily/sa-mrbt_ws/install/_local_setup_util_ps1.py'
[5.371s] INFO:colcon.colcon_core.shell:Creating prefix chain script '/home/emily/sa-mrbt_ws/install/setup.ps1'
[5.372s] INFO:colcon.colcon_core.shell:Creating prefix script '/home/emily/sa-mrbt_ws/install/local_setup.sh'
[5.372s] INFO:colcon.colcon_core.shell:Creating prefix util module '/home/emily/sa-mrbt_ws/install/_local_setup_util_sh.py'
[5.373s] INFO:colcon.colcon_core.shell:Creating prefix chain script '/home/emily/sa-mrbt_ws/install/setup.sh'
[5.374s] INFO:colcon.colcon_core.shell:Creating prefix script '/home/emily/sa-mrbt_ws/install/local_setup.bash'
[5.374s] INFO:colcon.colcon_core.shell:Creating prefix chain script '/home/emily/sa-mrbt_ws/install/setup.bash'
[5.375s] INFO:colcon.colcon_core.shell:Creating prefix script '/home/emily/sa-mrbt_ws/install/local_setup.zsh'
[5.375s] INFO:colcon.colcon_core.shell:Creating prefix chain script '/home/emily/sa-mrbt_ws/install/setup.zsh'
