[01m[K/home/emily/sa-mrbt_ws/src/simplified_marine_sim/src/CBGA.cpp:[m[K In member function ‘[01m[Kstd::pair<double, std::unordered_map<int, Pose2D> > CBGA::getFurthestPossibleDistanceInGroup(int, std::unordered_map<int, Pose2D>)[m[K’:
[01m[K/home/emily/sa-mrbt_ws/src/simplified_marine_sim/src/CBGA.cpp:412:45:[m[K [01;31m[Kerror: [m[Kno match for ‘[01m[Koperator=[m[K’ (operand types are ‘[01m[Kstd::unordered_map<int, Pose2D>::mapped_type[m[K’ {aka ‘[01m[KPose2D[m[K’} and ‘[01m[Kint[m[K’)
  412 |         prev_locations[assigned_agent_id] = [01;31m[Ktask_id[m[K; // it is now counted as having arrived at this task
      |                                             [01;31m[K^~~~~~~[m[K
In file included from [01m[K/home/emily/sa-mrbt_ws/src/simplified_marine_sim/include/robot.hpp:7[m[K,
                 from [01m[K/home/emily/sa-mrbt_ws/src/simplified_marine_sim/include/world.hpp:8[m[K,
                 from [01m[K/home/emily/sa-mrbt_ws/src/simplified_marine_sim/src/CBGA.cpp:6[m[K:
[01m[K/home/emily/sa-mrbt_ws/src/simplified_marine_sim/include/planners.hpp:17:8:[m[K [01;36m[Knote: [m[Kcandidate: ‘[01m[Kconstexpr Pose2D& Pose2D::operator=(const Pose2D&)[m[K’
   17 | struct [01;36m[KPose2D[m[K
      |        [01;36m[K^~~~~~[m[K
[01m[K/home/emily/sa-mrbt_ws/src/simplified_marine_sim/include/planners.hpp:17:8:[m[K [01;36m[Knote: [m[K  no known conversion for argument 1 from ‘[01m[Kint[m[K’ to ‘[01m[Kconst Pose2D&[m[K’
[01m[K/home/emily/sa-mrbt_ws/src/simplified_marine_sim/include/planners.hpp:17:8:[m[K [01;36m[Knote: [m[Kcandidate: ‘[01m[Kconstexpr Pose2D& Pose2D::operator=(Pose2D&&)[m[K’
[01m[K/home/emily/sa-mrbt_ws/src/simplified_marine_sim/include/planners.hpp:17:8:[m[K [01;36m[Knote: [m[K  no known conversion for argument 1 from ‘[01m[Kint[m[K’ to ‘[01m[KPose2D&&[m[K’
[01m[K/home/emily/sa-mrbt_ws/src/simplified_marine_sim/src/CBGA.cpp:421:20:[m[K [01;31m[Kerror: [m[Kcould not convert ‘[01m[K((void)0, prev_locations)[m[K’ from ‘[01m[Kstd::unordered_map<int, Pose2D>[m[K’ to ‘[01m[Kstd::pair<double, std::unordered_map<int, Pose2D> >[m[K’
  421 |     return [01;31m[Kmax_dist, prev_locations[m[K;
      |            [01;31m[K~~~~~~~~^~~~~~~~~~~~~~~~[m[K
      |                    [01;31m[K|[m[K
      |                    [01;31m[Kstd::unordered_map<int, Pose2D>[m[K
[01m[K/home/emily/sa-mrbt_ws/src/simplified_marine_sim/src/CBGA.cpp:[m[K In member function ‘[01m[Kdouble CBGA::getDistanceAlongPathToTask(std::vector<int>, int)[m[K’:
[01m[K/home/emily/sa-mrbt_ws/src/simplified_marine_sim/src/CBGA.cpp:448:21:[m[K [01;31m[Kerror: [m[K‘[01m[Knew_dist[m[K’ was not declared in this scope
  448 |         distance += [01;31m[Knew_dist[m[K;
      |                     [01;31m[K^~~~~~~~[m[K
[01m[K/home/emily/sa-mrbt_ws/src/simplified_marine_sim/src/CBGA.cpp:453:30:[m[K [01;31m[Kerror: [m[Kno match for ‘[01m[Koperator=[m[K’ (operand types are ‘[01m[Kstd::unordered_map<int, Pose2D>[m[K’ and ‘[01m[Kstd::pair<double, std::unordered_map<int, Pose2D> >[m[K’)
  453 |             prev_locations = [01;31m[Kcurrent_locations[m[K;
      |                              [01;31m[K^~~~~~~~~~~~~~~~~[m[K
In file included from [01m[K/usr/include/c++/11/unordered_map:47[m[K,
                 from [01m[K/usr/include/c++/11/functional:61[m[K,
                 from [01m[K/usr/include/c++/11/pstl/glue_algorithm_defs.h:13[m[K,
                 from [01m[K/usr/include/c++/11/algorithm:74[m[K,
                 from [01m[K/usr/include/opencv4/opencv2/core/base.hpp:55[m[K,
                 from [01m[K/usr/include/opencv4/opencv2/core.hpp:53[m[K,
                 from [01m[K/usr/include/opencv4/opencv2/opencv.hpp:52[m[K,
                 from [01m[K/home/emily/sa-mrbt_ws/src/simplified_marine_sim/include/world.hpp:4[m[K,
                 from [01m[K/home/emily/sa-mrbt_ws/src/simplified_marine_sim/src/CBGA.cpp:6[m[K:
[01m[K/usr/include/c++/11/bits/unordered_map.h:272:7:[m[K [01;36m[Knote: [m[Kcandidate: ‘[01m[Kstd::unordered_map<_Key, _Tp, _Hash, _Pred, _Alloc>& std::unordered_map<_Key, _Tp, _Hash, _Pred, _Alloc>::operator=(const std::unordered_map<_Key, _Tp, _Hash, _Pred, _Alloc>&) [with _Key = int; _Tp = Pose2D; _Hash = std::hash<int>; _Pred = std::equal_to<int>; _Alloc = std::allocator<std::pair<const int, Pose2D> >][m[K’
  272 |       [01;36m[Koperator[m[K=(const unordered_map&) = default;
      |       [01;36m[K^~~~~~~~[m[K
[01m[K/usr/include/c++/11/bits/unordered_map.h:272:17:[m[K [01;36m[Knote: [m[K  no known conversion for argument 1 from ‘[01m[Kstd::pair<double, std::unordered_map<int, Pose2D> >[m[K’ to ‘[01m[Kconst std::unordered_map<int, Pose2D>&[m[K’
  272 |       operator=([01;36m[Kconst unordered_map&[m[K) = default;
      |                 [01;36m[K^~~~~~~~~~~~~~~~~~~~[m[K
[01m[K/usr/include/c++/11/bits/unordered_map.h:276:7:[m[K [01;36m[Knote: [m[Kcandidate: ‘[01m[Kstd::unordered_map<_Key, _Tp, _Hash, _Pred, _Alloc>& std::unordered_map<_Key, _Tp, _Hash, _Pred, _Alloc>::operator=(std::unordered_map<_Key, _Tp, _Hash, _Pred, _Alloc>&&) [with _Key = int; _Tp = Pose2D; _Hash = std::hash<int>; _Pred = std::equal_to<int>; _Alloc = std::allocator<std::pair<const int, Pose2D> >][m[K’
  276 |       [01;36m[Koperator[m[K=(unordered_map&&) = default;
      |       [01;36m[K^~~~~~~~[m[K
[01m[K/usr/include/c++/11/bits/unordered_map.h:276:17:[m[K [01;36m[Knote: [m[K  no known conversion for argument 1 from ‘[01m[Kstd::pair<double, std::unordered_map<int, Pose2D> >[m[K’ to ‘[01m[Kstd::unordered_map<int, Pose2D>&&[m[K’
  276 |       operator=([01;36m[Kunordered_map&&[m[K) = default;
      |                 [01;36m[K^~~~~~~~~~~~~~~[m[K
[01m[K/usr/include/c++/11/bits/unordered_map.h:290:7:[m[K [01;36m[Knote: [m[Kcandidate: ‘[01m[Kstd::unordered_map<_Key, _Tp, _Hash, _Pred, _Alloc>& std::unordered_map<_Key, _Tp, _Hash, _Pred, _Alloc>::operator=(std::initializer_list<typename std::_Hashtable<_Key, std::pair<const _Key, _Tp>, _Alloc, std::__detail::_Select1st, _Pred, _Hash, std::__detail::_Mod_range_hashing, std::__detail::_Default_ranged_hash, std::__detail::_Prime_rehash_policy, std::__detail::_Hashtable_traits<std::__not_<std::__and_<std::__is_fast_hash<_Hash>, std::__is_nothrow_invocable<const _Hash&, const _Key&> > >::value, false, true> >::value_type>) [with _Key = int; _Tp = Pose2D; _Hash = std::hash<int>; _Pred = std::equal_to<int>; _Alloc = std::allocator<std::pair<const int, Pose2D> >; typename std::_Hashtable<_Key, std::pair<const _Key, _Tp>, _Alloc, std::__detail::_Select1st, _Pred, _Hash, std::__detail::_Mod_range_hashing, std::__detail::_Default_ranged_hash, std::__detail::_Prime_rehash_policy, std::__detail::_Hashtable_traits<std::__not_<std::__and_<std::__is_fast_hash<_Hash>, std::__is_nothrow_invocable<const _Hash&, const _Key&> > >::value, false, true> >::value_type = std::pair<const int, Pose2D>][m[K’
  290 |       [01;36m[Koperator[m[K=(initializer_list<value_type> __l)
      |       [01;36m[K^~~~~~~~[m[K
[01m[K/usr/include/c++/11/bits/unordered_map.h:290:46:[m[K [01;36m[Knote: [m[K  no known conversion for argument 1 from ‘[01m[Kstd::pair<double, std::unordered_map<int, Pose2D> >[m[K’ to ‘[01m[Kstd::initializer_list<std::pair<const int, Pose2D> >[m[K’
  290 |       operator=([01;36m[Kinitializer_list<value_type> __l[m[K)
      |                 [01;36m[K~~~~~~~~~~~~~~~~~~~~~~~~~~~~~^~~[m[K
gmake[2]: *** [CMakeFiles/sim.dir/build.make:104: CMakeFiles/sim.dir/src/CBGA.cpp.o] Error 1
gmake[1]: *** [CMakeFiles/Makefile2:137: CMakeFiles/sim.dir/all] Error 2
gmake: *** [Makefile:146: all] Error 2
