In file included from [01m[K/home/emily/sa-mrbt_ws/src/simplified_marine_sim/src/sim.cpp:8[m[K:
[01m[K/home/emily/sa-mrbt_ws/src/simplified_marine_sim/include/world.hpp:81:72:[m[K [01;31m[Kerror: [m[Ktemplate argument 2 is invalid
   81 |     std::unordered_map<std::string,std::vector<std::vector<cv::Point>> [01;31m[Kunknown_obstacles[m[K;
      |                                                                        [01;31m[K^~~~~~~~~~~~~~~~~[m[K
[01m[K/home/emily/sa-mrbt_ws/src/simplified_marine_sim/include/world.hpp:81:72:[m[K [01;31m[Kerror: [m[Ktemplate argument 5 is invalid
In file included from [01m[K/home/emily/sa-mrbt_ws/src/simplified_marine_sim/src/CBBA.cpp:6[m[K:
[01m[K/home/emily/sa-mrbt_ws/src/simplified_marine_sim/include/world.hpp:81:72:[m[K [01;31m[Kerror: [m[Ktemplate argument 2 is invalid
   81 |     std::unordered_map<std::string,std::vector<std::vector<cv::Point>> [01;31m[Kunknown_obstacles[m[K;
      |                                                                        [01;31m[K^~~~~~~~~~~~~~~~~[m[K
[01m[K/home/emily/sa-mrbt_ws/src/simplified_marine_sim/include/world.hpp:81:72:[m[K [01;31m[Kerror: [m[Ktemplate argument 5 is invalid
In file included from [01m[K/home/emily/sa-mrbt_ws/src/simplified_marine_sim/src/robot.cpp:5[m[K:
[01m[K/home/emily/sa-mrbt_ws/src/simplified_marine_sim/include/world.hpp:81:72:[m[K [01;31m[Kerror: [m[Ktemplate argument 2 is invalid
   81 |     std::unordered_map<std::string,std::vector<std::vector<cv::Point>> [01;31m[Kunknown_obstacles[m[K;
      |                                                                        [01;31m[K^~~~~~~~~~~~~~~~~[m[K
[01m[K/home/emily/sa-mrbt_ws/src/simplified_marine_sim/include/world.hpp:81:72:[m[K [01;31m[Kerror: [m[Ktemplate argument 5 is invalid
In file included from [01m[K/home/emily/sa-mrbt_ws/src/simplified_marine_sim/include/message.hpp:6[m[K,
                 from [01m[K/home/emily/sa-mrbt_ws/src/simplified_marine_sim/src/message.cpp:2[m[K:
[01m[K/home/emily/sa-mrbt_ws/src/simplified_marine_sim/include/world.hpp:81:72:[m[K [01;31m[Kerror: [m[Ktemplate argument 2 is invalid
   81 |     std::unordered_map<std::string,std::vector<std::vector<cv::Point>> [01;31m[Kunknown_obstacles[m[K;
      |                                                                        [01;31m[K^~~~~~~~~~~~~~~~~[m[K
[01m[K/home/emily/sa-mrbt_ws/src/simplified_marine_sim/include/world.hpp:81:72:[m[K [01;31m[Kerror: [m[Ktemplate argument 5 is invalid
In file included from [01m[K/home/emily/sa-mrbt_ws/src/simplified_marine_sim/src/CBGA.cpp:6[m[K:
[01m[K/home/emily/sa-mrbt_ws/src/simplified_marine_sim/include/world.hpp:81:72:[m[K [01;31m[Kerror: [m[Ktemplate argument 2 is invalid
   81 |     std::unordered_map<std::string,std::vector<std::vector<cv::Point>> [01;31m[Kunknown_obstacles[m[K;
      |                                                                        [01;31m[K^~~~~~~~~~~~~~~~~[m[K
[01m[K/home/emily/sa-mrbt_ws/src/simplified_marine_sim/include/world.hpp:81:72:[m[K [01;31m[Kerror: [m[Ktemplate argument 5 is invalid
In file included from [01m[K/home/emily/sa-mrbt_ws/src/simplified_marine_sim/src/planners.cpp:4[m[K:
[01m[K/home/emily/sa-mrbt_ws/src/simplified_marine_sim/include/world.hpp:81:72:[m[K [01;31m[Kerror: [m[Ktemplate argument 2 is invalid
   81 |     std::unordered_map<std::string,std::vector<std::vector<cv::Point>> [01;31m[Kunknown_obstacles[m[K;
      |                                                                        [01;31m[K^~~~~~~~~~~~~~~~~[m[K
[01m[K/home/emily/sa-mrbt_ws/src/simplified_marine_sim/include/world.hpp:81:72:[m[K [01;31m[Kerror: [m[Ktemplate argument 5 is invalid
In file included from [01m[K/home/emily/sa-mrbt_ws/src/simplified_marine_sim/src/world.cpp:4[m[K:
[01m[K/home/emily/sa-mrbt_ws/src/simplified_marine_sim/include/world.hpp:81:72:[m[K [01;31m[Kerror: [m[Ktemplate argument 2 is invalid
   81 |     std::unordered_map<std::string,std::vector<std::vector<cv::Point>> [01;31m[Kunknown_obstacles[m[K;
      |                                                                        [01;31m[K^~~~~~~~~~~~~~~~~[m[K
[01m[K/home/emily/sa-mrbt_ws/src/simplified_marine_sim/include/world.hpp:81:72:[m[K [01;31m[Kerror: [m[Ktemplate argument 5 is invalid
In file included from [01m[K/home/emily/sa-mrbt_ws/src/simplified_marine_sim/include/robot.hpp:8[m[K,
                 from [01m[K/home/emily/sa-mrbt_ws/src/simplified_marine_sim/include/utils.hpp:7[m[K,
                 from [01m[K/home/emily/sa-mrbt_ws/src/simplified_marine_sim/src/parser.cpp:7[m[K:
[01m[K/home/emily/sa-mrbt_ws/src/simplified_marine_sim/include/world.hpp:81:72:[m[K [01;31m[Kerror: [m[Ktemplate argument 2 is invalid
   81 |     std::unordered_map<std::string,std::vector<std::vector<cv::Point>> [01;31m[Kunknown_obstacles[m[K;
      |                                                                        [01;31m[K^~~~~~~~~~~~~~~~~[m[K
[01m[K/home/emily/sa-mrbt_ws/src/simplified_marine_sim/include/world.hpp:81:72:[m[K [01;31m[Kerror: [m[Ktemplate argument 5 is invalid
In file included from [01m[K/home/emily/sa-mrbt_ws/src/simplified_marine_sim/src/greedy.cpp:6[m[K:
[01m[K/home/emily/sa-mrbt_ws/src/simplified_marine_sim/include/world.hpp:81:72:[m[K [01;31m[Kerror: [m[Ktemplate argument 2 is invalid
   81 |     std::unordered_map<std::string,std::vector<std::vector<cv::Point>> [01;31m[Kunknown_obstacles[m[K;
      |                                                                        [01;31m[K^~~~~~~~~~~~~~~~~[m[K
[01m[K/home/emily/sa-mrbt_ws/src/simplified_marine_sim/include/world.hpp:81:72:[m[K [01;31m[Kerror: [m[Ktemplate argument 5 is invalid
In file included from [01m[K/home/emily/sa-mrbt_ws/src/simplified_marine_sim/include/behavior_tree.hpp:7[m[K,
                 from [01m[K/home/emily/sa-mrbt_ws/src/simplified_marine_sim/src/behavior_tree.cpp:1[m[K:
[01m[K/home/emily/sa-mrbt_ws/src/simplified_marine_sim/include/world.hpp:81:72:[m[K [01;31m[Kerror: [m[Ktemplate argument 2 is invalid
   81 |     std::unordered_map<std::string,std::vector<std::vector<cv::Point>> [01;31m[Kunknown_obstacles[m[K;
      |                                                                        [01;31m[K^~~~~~~~~~~~~~~~~[m[K
[01m[K/home/emily/sa-mrbt_ws/src/simplified_marine_sim/include/world.hpp:81:72:[m[K [01;31m[Kerror: [m[Ktemplate argument 5 is invalid
gmake[2]: *** [CMakeFiles/sim.dir/build.make:90: CMakeFiles/sim.dir/src/CBBA.cpp.o] Error 1
gmake[2]: *** Waiting for unfinished jobs....
[01m[K/home/emily/sa-mrbt_ws/src/simplified_marine_sim/src/world.cpp:[m[K In member function ‘[01m[Kvoid World::initializeBackground()[m[K’:
[01m[K/home/emily/sa-mrbt_ws/src/simplified_marine_sim/src/world.cpp:1216:32:[m[K [01;31m[Kerror: [m[K‘[01m[Kunknown_obstacles[m[K’ was not declared in this scope; did you mean ‘[01m[KgetUnknownObstacles[m[K’?
 1216 |     for (const auto& polygon : [01;31m[Kunknown_obstacles[m[K) {
      |                                [01;31m[K^~~~~~~~~~~~~~~~~[m[K
      |                                [32m[KgetUnknownObstacles[m[K
[01m[K/home/emily/sa-mrbt_ws/src/simplified_marine_sim/src/world.cpp:[m[K In member function ‘[01m[Kvoid World::addUnknownObstacle(std::string, std::vector<cv::Point_<int> >)[m[K’:
[01m[K/home/emily/sa-mrbt_ws/src/simplified_marine_sim/src/world.cpp:1230:5:[m[K [01;31m[Kerror: [m[K‘[01m[Kunknown_obstacles[m[K’ was not declared in this scope; did you mean ‘[01m[KgetUnknownObstacles[m[K’?
 1230 |     [01;31m[Kunknown_obstacles[m[K[blocked_robot_type].push_back(polygon);
      |     [01;31m[K^~~~~~~~~~~~~~~~~[m[K
      |     [32m[KgetUnknownObstacles[m[K
[01m[K/home/emily/sa-mrbt_ws/src/simplified_marine_sim/src/world.cpp:[m[K In member function ‘[01m[Kvoid World::getUnknownObstacles()[m[K’:
[01m[K/home/emily/sa-mrbt_ws/src/simplified_marine_sim/src/world.cpp:1296:31:[m[K [01;31m[Kerror: [m[Kno matching function for call to ‘[01m[KWorld::addUnknownObstacle(std::vector<cv::Point_<int> >&)[m[K’
 1296 |             [01;31m[KaddUnknownObstacle(polygon)[m[K;
      |             [01;31m[K~~~~~~~~~~~~~~~~~~^~~~~~~~~[m[K
[01m[K/home/emily/sa-mrbt_ws/src/simplified_marine_sim/src/world.cpp:1229:6:[m[K [01;36m[Knote: [m[Kcandidate: ‘[01m[Kvoid World::addUnknownObstacle(std::string, std::vector<cv::Point_<int> >)[m[K’
 1229 | void [01;36m[KWorld[m[K::addUnknownObstacle(std::string blocked_robot_type, std::vector<cv::Point> polygon) { // to list, not plotting yet
      |      [01;36m[K^~~~~[m[K
[01m[K/home/emily/sa-mrbt_ws/src/simplified_marine_sim/src/world.cpp:1229:6:[m[K [01;36m[Knote: [m[K  candidate expects 2 arguments, 1 provided
[01m[K/home/emily/sa-mrbt_ws/src/simplified_marine_sim/src/world.cpp:1300:31:[m[K [01;31m[Kerror: [m[K‘[01m[Kunknown_obstacles[m[K’ was not declared in this scope; did you mean ‘[01m[KgetUnknownObstacles[m[K’?
 1300 |     std::cout << "Loaded " << [01;31m[Kunknown_obstacles[m[K.size() << " unknown obstacles from JSON" << std::endl;
      |                               [01;31m[K^~~~~~~~~~~~~~~~~[m[K
      |                               [32m[KgetUnknownObstacles[m[K
gmake[2]: *** [CMakeFiles/sim.dir/build.make:230: CMakeFiles/sim.dir/src/greedy.cpp.o] Error 1
gmake[2]: *** [CMakeFiles/sim.dir/build.make:76: CMakeFiles/sim.dir/src/sim.cpp.o] Error 1
gmake[2]: *** [CMakeFiles/sim.dir/build.make:174: CMakeFiles/sim.dir/src/planners.cpp.o] Error 1
gmake[2]: *** [CMakeFiles/sim.dir/build.make:132: CMakeFiles/sim.dir/src/message.cpp.o] Error 1
gmake[2]: *** [CMakeFiles/sim.dir/build.make:104: CMakeFiles/sim.dir/src/CBGA.cpp.o] Error 1
gmake[2]: *** [CMakeFiles/sim.dir/build.make:216: CMakeFiles/sim.dir/src/parser.cpp.o] Error 1
gmake[2]: *** [CMakeFiles/sim.dir/build.make:202: CMakeFiles/sim.dir/src/behavior_tree.cpp.o] Error 1
gmake[2]: *** [CMakeFiles/sim.dir/build.make:160: CMakeFiles/sim.dir/src/world.cpp.o] Error 1
gmake[2]: *** [CMakeFiles/sim.dir/build.make:188: CMakeFiles/sim.dir/src/robot.cpp.o] Error 1
gmake[1]: *** [CMakeFiles/Makefile2:137: CMakeFiles/sim.dir/all] Error 2
gmake: *** [Makefile:146: all] Error 2
