[0.007s] Invoking command in '/home/emily/sa-mrbt_ws/build/simulator': CMAKE_PREFIX_PATH=/home/emily/sa-mrbt_ws/install/behaviortree_cpp:/home/emily/sa-mrbt_ws/install/simulator:/opt/ros/iron /usr/bin/cmake --build /home/emily/sa-mrbt_ws/build/simulator -- -j12 -l12
[0.040s] [35m[1mConsolidate compiler generated dependencies of target sim[0m
[0.063s] [ 15%] [32mBuilding CXX object CMakeFiles/sim.dir/src/sim.cpp.o[0m
[0.063s] [ 15%] [32mBuilding CXX object CMakeFiles/sim.dir/src/CBBA.cpp.o[0m
[0.064s] [ 23%] [32mBuilding CXX object CMakeFiles/sim.dir/src/message.cpp.o[0m
[0.064s] [ 30%] [32mBuilding CXX object CMakeFiles/sim.dir/src/planners.cpp.o[0m
[0.065s] [ 38%] [32mBuilding CXX object CMakeFiles/sim.dir/src/CBGA.cpp.o[0m
[0.065s] [ 46%] [32mBuilding CXX object CMakeFiles/sim.dir/src/world.cpp.o[0m
[0.068s] [ 53%] [32mBuilding CXX object CMakeFiles/sim.dir/src/robot.cpp.o[0m
[0.068s] [ 69%] [32mBuilding CXX object CMakeFiles/sim.dir/src/behavior_tree.cpp.o[0m
[0.068s] [ 69%] [32mBuilding CXX object CMakeFiles/sim.dir/src/greedy.cpp.o[0m
[0.069s] [ 76%] [32mBuilding CXX object CMakeFiles/sim.dir/src/parser.cpp.o[0m
[2.038s] In file included from [01m[K/home/emily/sa-mrbt_ws/src/simplified_marine_sim/src/sim.cpp:8[m[K:
[2.038s] [01m[K/home/emily/sa-mrbt_ws/src/simplified_marine_sim/include/world.hpp:81:72:[m[K [01;31m[Kerror: [m[Ktemplate argument 2 is invalid
[2.039s]    81 |     std::unordered_map<std::string,std::vector<std::vector<cv::Point>> [01;31m[Kunknown_obstacles[m[K;
[2.039s]       |                                                                        [01;31m[K^~~~~~~~~~~~~~~~~[m[K
[2.039s] [01m[K/home/emily/sa-mrbt_ws/src/simplified_marine_sim/include/world.hpp:81:72:[m[K [01;31m[Kerror: [m[Ktemplate argument 5 is invalid
[2.291s] In file included from [01m[K/home/emily/sa-mrbt_ws/src/simplified_marine_sim/src/CBBA.cpp:6[m[K:
[2.291s] [01m[K/home/emily/sa-mrbt_ws/src/simplified_marine_sim/include/world.hpp:81:72:[m[K [01;31m[Kerror: [m[Ktemplate argument 2 is invalid
[2.291s]    81 |     std::unordered_map<std::string,std::vector<std::vector<cv::Point>> [01;31m[Kunknown_obstacles[m[K;
[2.291s]       |                                                                        [01;31m[K^~~~~~~~~~~~~~~~~[m[K
[2.291s] [01m[K/home/emily/sa-mrbt_ws/src/simplified_marine_sim/include/world.hpp:81:72:[m[K [01;31m[Kerror: [m[Ktemplate argument 5 is invalid
[2.938s] In file included from [01m[K/home/emily/sa-mrbt_ws/src/simplified_marine_sim/src/robot.cpp:5[m[K:
[2.938s] [01m[K/home/emily/sa-mrbt_ws/src/simplified_marine_sim/include/world.hpp:81:72:[m[K [01;31m[Kerror: [m[Ktemplate argument 2 is invalid
[2.939s]    81 |     std::unordered_map<std::string,std::vector<std::vector<cv::Point>> [01;31m[Kunknown_obstacles[m[K;
[2.939s]       |                                                                        [01;31m[K^~~~~~~~~~~~~~~~~[m[K
[2.939s] [01m[K/home/emily/sa-mrbt_ws/src/simplified_marine_sim/include/world.hpp:81:72:[m[K [01;31m[Kerror: [m[Ktemplate argument 5 is invalid
[3.072s] In file included from [01m[K/home/emily/sa-mrbt_ws/src/simplified_marine_sim/include/message.hpp:6[m[K,
[3.072s]                  from [01m[K/home/emily/sa-mrbt_ws/src/simplified_marine_sim/src/message.cpp:2[m[K:
[3.073s] [01m[K/home/emily/sa-mrbt_ws/src/simplified_marine_sim/include/world.hpp:81:72:[m[K [01;31m[Kerror: [m[Ktemplate argument 2 is invalid
[3.073s]    81 |     std::unordered_map<std::string,std::vector<std::vector<cv::Point>> [01;31m[Kunknown_obstacles[m[K;
[3.073s]       |                                                                        [01;31m[K^~~~~~~~~~~~~~~~~[m[K
[3.073s] [01m[K/home/emily/sa-mrbt_ws/src/simplified_marine_sim/include/world.hpp:81:72:[m[K [01;31m[Kerror: [m[Ktemplate argument 5 is invalid
[3.074s] In file included from [01m[K/home/emily/sa-mrbt_ws/src/simplified_marine_sim/src/CBGA.cpp:6[m[K:
[3.075s] [01m[K/home/emily/sa-mrbt_ws/src/simplified_marine_sim/include/world.hpp:81:72:[m[K [01;31m[Kerror: [m[Ktemplate argument 2 is invalid
[3.075s]    81 |     std::unordered_map<std::string,std::vector<std::vector<cv::Point>> [01;31m[Kunknown_obstacles[m[K;
[3.075s]       |                                                                        [01;31m[K^~~~~~~~~~~~~~~~~[m[K
[3.075s] [01m[K/home/emily/sa-mrbt_ws/src/simplified_marine_sim/include/world.hpp:81:72:[m[K [01;31m[Kerror: [m[Ktemplate argument 5 is invalid
[3.101s] In file included from [01m[K/home/emily/sa-mrbt_ws/src/simplified_marine_sim/src/planners.cpp:4[m[K:
[3.101s] [01m[K/home/emily/sa-mrbt_ws/src/simplified_marine_sim/include/world.hpp:81:72:[m[K [01;31m[Kerror: [m[Ktemplate argument 2 is invalid
[3.101s]    81 |     std::unordered_map<std::string,std::vector<std::vector<cv::Point>> [01;31m[Kunknown_obstacles[m[K;
[3.101s]       |                                                                        [01;31m[K^~~~~~~~~~~~~~~~~[m[K
[3.101s] [01m[K/home/emily/sa-mrbt_ws/src/simplified_marine_sim/include/world.hpp:81:72:[m[K [01;31m[Kerror: [m[Ktemplate argument 5 is invalid
[3.105s] In file included from [01m[K/home/emily/sa-mrbt_ws/src/simplified_marine_sim/src/world.cpp:4[m[K:
[3.105s] [01m[K/home/emily/sa-mrbt_ws/src/simplified_marine_sim/include/world.hpp:81:72:[m[K [01;31m[Kerror: [m[Ktemplate argument 2 is invalid
[3.105s]    81 |     std::unordered_map<std::string,std::vector<std::vector<cv::Point>> [01;31m[Kunknown_obstacles[m[K;
[3.105s]       |                                                                        [01;31m[K^~~~~~~~~~~~~~~~~[m[K
[3.105s] [01m[K/home/emily/sa-mrbt_ws/src/simplified_marine_sim/include/world.hpp:81:72:[m[K [01;31m[Kerror: [m[Ktemplate argument 5 is invalid
[3.131s] In file included from [01m[K/home/emily/sa-mrbt_ws/src/simplified_marine_sim/include/robot.hpp:8[m[K,
[3.131s]                  from [01m[K/home/emily/sa-mrbt_ws/src/simplified_marine_sim/include/utils.hpp:7[m[K,
[3.131s]                  from [01m[K/home/emily/sa-mrbt_ws/src/simplified_marine_sim/src/parser.cpp:7[m[K:
[3.131s] [01m[K/home/emily/sa-mrbt_ws/src/simplified_marine_sim/include/world.hpp:81:72:[m[K [01;31m[Kerror: [m[Ktemplate argument 2 is invalid
[3.131s]    81 |     std::unordered_map<std::string,std::vector<std::vector<cv::Point>> [01;31m[Kunknown_obstacles[m[K;
[3.132s]       |                                                                        [01;31m[K^~~~~~~~~~~~~~~~~[m[K
[3.132s] [01m[K/home/emily/sa-mrbt_ws/src/simplified_marine_sim/include/world.hpp:81:72:[m[K [01;31m[Kerror: [m[Ktemplate argument 5 is invalid
[3.137s] In file included from [01m[K/home/emily/sa-mrbt_ws/src/simplified_marine_sim/src/greedy.cpp:6[m[K:
[3.137s] [01m[K/home/emily/sa-mrbt_ws/src/simplified_marine_sim/include/world.hpp:81:72:[m[K [01;31m[Kerror: [m[Ktemplate argument 2 is invalid
[3.137s]    81 |     std::unordered_map<std::string,std::vector<std::vector<cv::Point>> [01;31m[Kunknown_obstacles[m[K;
[3.137s]       |                                                                        [01;31m[K^~~~~~~~~~~~~~~~~[m[K
[3.137s] [01m[K/home/emily/sa-mrbt_ws/src/simplified_marine_sim/include/world.hpp:81:72:[m[K [01;31m[Kerror: [m[Ktemplate argument 5 is invalid
[3.289s] In file included from [01m[K/home/emily/sa-mrbt_ws/src/simplified_marine_sim/include/behavior_tree.hpp:7[m[K,
[3.289s]                  from [01m[K/home/emily/sa-mrbt_ws/src/simplified_marine_sim/src/behavior_tree.cpp:1[m[K:
[3.289s] [01m[K/home/emily/sa-mrbt_ws/src/simplified_marine_sim/include/world.hpp:81:72:[m[K [01;31m[Kerror: [m[Ktemplate argument 2 is invalid
[3.289s]    81 |     std::unordered_map<std::string,std::vector<std::vector<cv::Point>> [01;31m[Kunknown_obstacles[m[K;
[3.289s]       |                                                                        [01;31m[K^~~~~~~~~~~~~~~~~[m[K
[3.289s] [01m[K/home/emily/sa-mrbt_ws/src/simplified_marine_sim/include/world.hpp:81:72:[m[K [01;31m[Kerror: [m[Ktemplate argument 5 is invalid
[3.334s] gmake[2]: *** [CMakeFiles/sim.dir/build.make:90: CMakeFiles/sim.dir/src/CBBA.cpp.o] Error 1
[3.334s] gmake[2]: *** Waiting for unfinished jobs....
[3.451s] [01m[K/home/emily/sa-mrbt_ws/src/simplified_marine_sim/src/world.cpp:[m[K In member function ‘[01m[Kvoid World::initializeBackground()[m[K’:
[3.451s] [01m[K/home/emily/sa-mrbt_ws/src/simplified_marine_sim/src/world.cpp:1216:32:[m[K [01;31m[Kerror: [m[K‘[01m[Kunknown_obstacles[m[K’ was not declared in this scope; did you mean ‘[01m[KgetUnknownObstacles[m[K’?
[3.451s]  1216 |     for (const auto& polygon : [01;31m[Kunknown_obstacles[m[K) {
[3.451s]       |                                [01;31m[K^~~~~~~~~~~~~~~~~[m[K
[3.452s]       |                                [32m[KgetUnknownObstacles[m[K
[3.462s] [01m[K/home/emily/sa-mrbt_ws/src/simplified_marine_sim/src/world.cpp:[m[K In member function ‘[01m[Kvoid World::addUnknownObstacle(std::string, std::vector<cv::Point_<int> >)[m[K’:
[3.462s] [01m[K/home/emily/sa-mrbt_ws/src/simplified_marine_sim/src/world.cpp:1230:5:[m[K [01;31m[Kerror: [m[K‘[01m[Kunknown_obstacles[m[K’ was not declared in this scope; did you mean ‘[01m[KgetUnknownObstacles[m[K’?
[3.462s]  1230 |     [01;31m[Kunknown_obstacles[m[K[blocked_robot_type].push_back(polygon);
[3.462s]       |     [01;31m[K^~~~~~~~~~~~~~~~~[m[K
[3.463s]       |     [32m[KgetUnknownObstacles[m[K
[3.480s] [01m[K/home/emily/sa-mrbt_ws/src/simplified_marine_sim/src/world.cpp:[m[K In member function ‘[01m[Kvoid World::getUnknownObstacles()[m[K’:
[3.480s] [01m[K/home/emily/sa-mrbt_ws/src/simplified_marine_sim/src/world.cpp:1296:31:[m[K [01;31m[Kerror: [m[Kno matching function for call to ‘[01m[KWorld::addUnknownObstacle(std::vector<cv::Point_<int> >&)[m[K’
[3.480s]  1296 |             [01;31m[KaddUnknownObstacle(polygon)[m[K;
[3.480s]       |             [01;31m[K~~~~~~~~~~~~~~~~~~^~~~~~~~~[m[K
[3.480s] [01m[K/home/emily/sa-mrbt_ws/src/simplified_marine_sim/src/world.cpp:1229:6:[m[K [01;36m[Knote: [m[Kcandidate: ‘[01m[Kvoid World::addUnknownObstacle(std::string, std::vector<cv::Point_<int> >)[m[K’
[3.480s]  1229 | void [01;36m[KWorld[m[K::addUnknownObstacle(std::string blocked_robot_type, std::vector<cv::Point> polygon) { // to list, not plotting yet
[3.480s]       |      [01;36m[K^~~~~[m[K
[3.481s] [01m[K/home/emily/sa-mrbt_ws/src/simplified_marine_sim/src/world.cpp:1229:6:[m[K [01;36m[Knote: [m[K  candidate expects 2 arguments, 1 provided
[3.490s] [01m[K/home/emily/sa-mrbt_ws/src/simplified_marine_sim/src/world.cpp:1300:31:[m[K [01;31m[Kerror: [m[K‘[01m[Kunknown_obstacles[m[K’ was not declared in this scope; did you mean ‘[01m[KgetUnknownObstacles[m[K’?
[3.490s]  1300 |     std::cout << "Loaded " << [01;31m[Kunknown_obstacles[m[K.size() << " unknown obstacles from JSON" << std::endl;
[3.490s]       |                               [01;31m[K^~~~~~~~~~~~~~~~~[m[K
[3.490s]       |                               [32m[KgetUnknownObstacles[m[K
[4.114s] gmake[2]: *** [CMakeFiles/sim.dir/build.make:230: CMakeFiles/sim.dir/src/greedy.cpp.o] Error 1
[4.273s] gmake[2]: *** [CMakeFiles/sim.dir/build.make:76: CMakeFiles/sim.dir/src/sim.cpp.o] Error 1
[4.411s] gmake[2]: *** [CMakeFiles/sim.dir/build.make:174: CMakeFiles/sim.dir/src/planners.cpp.o] Error 1
[4.502s] gmake[2]: *** [CMakeFiles/sim.dir/build.make:132: CMakeFiles/sim.dir/src/message.cpp.o] Error 1
[4.614s] gmake[2]: *** [CMakeFiles/sim.dir/build.make:104: CMakeFiles/sim.dir/src/CBGA.cpp.o] Error 1
[4.926s] gmake[2]: *** [CMakeFiles/sim.dir/build.make:216: CMakeFiles/sim.dir/src/parser.cpp.o] Error 1
[5.014s] gmake[2]: *** [CMakeFiles/sim.dir/build.make:202: CMakeFiles/sim.dir/src/behavior_tree.cpp.o] Error 1
[5.169s] gmake[2]: *** [CMakeFiles/sim.dir/build.make:160: CMakeFiles/sim.dir/src/world.cpp.o] Error 1
[6.925s] gmake[2]: *** [CMakeFiles/sim.dir/build.make:188: CMakeFiles/sim.dir/src/robot.cpp.o] Error 1
[6.925s] gmake[1]: *** [CMakeFiles/Makefile2:137: CMakeFiles/sim.dir/all] Error 2
[6.925s] gmake: *** [Makefile:146: all] Error 2
[6.927s] Invoked command in '/home/emily/sa-mrbt_ws/build/simulator' returned '2': CMAKE_PREFIX_PATH=/home/emily/sa-mrbt_ws/install/behaviortree_cpp:/home/emily/sa-mrbt_ws/install/simulator:/opt/ros/iron /usr/bin/cmake --build /home/emily/sa-mrbt_ws/build/simulator -- -j12 -l12
