[35m[1mConsolidate compiler generated dependencies of target sim[0m
[  7%] [32mBuilding CXX object CMakeFiles/sim.dir/src/behavior_tree.cpp.o[0m
[01m[K/home/emily/sa-mrbt_ws/src/simplified_marine_sim/src/behavior_tree.cpp:[m[K In member function ‘[01m[Kvirtual BT::NodeStatus Communicate::onRunning()[m[K’:
[01m[K/home/emily/sa-mrbt_ws/src/simplified_marine_sim/src/behavior_tree.cpp:120:9:[m[K [01;31m[Kerror: [m[K‘[01m[Kworld[m[K’ was not declared in this scope; did you mean ‘[01m[KWorld[m[K’?
  120 |         [01;31m[Kworld[m[K.log_info(log_msg);  // Use world.log_info
      |         [01;31m[K^~~~~[m[K
      |         [32m[KWorld[m[K
[01m[K/home/emily/sa-mrbt_ws/src/simplified_marine_sim/src/behavior_tree.cpp:123:21:[m[K [01;31m[Kerror: [m[Kredeclaration of ‘[01m[Kstd::string log_msg[m[K’
  123 |         std::string [01;31m[Klog_msg[m[K = "Robot " + std::to_string(_robot.getID()) + " broadcasting message...";
      |                     [01;31m[K^~~~~~~[m[K
[01m[K/home/emily/sa-mrbt_ws/src/simplified_marine_sim/src/behavior_tree.cpp:119:21:[m[K [01;36m[Knote: [m[K‘[01m[Kstd::string log_msg[m[K’ previously declared here
  119 |         std::string [01;36m[Klog_msg[m[K = "Robot " + std::to_string(_robot.getID()) + " STARTING broadcast";
      |                     [01;36m[K^~~~~~~[m[K
[01m[K/home/emily/sa-mrbt_ws/src/simplified_marine_sim/src/behavior_tree.cpp:162:21:[m[K [01;31m[Kerror: [m[Kredeclaration of ‘[01m[Kstd::string log_msg2[m[K’
  162 |         std::string [01;31m[Klog_msg2[m[K = "Robot " + std::to_string(_robot.getID()) + " receiving message(s)...";
      |                     [01;31m[K^~~~~~~~[m[K
[01m[K/home/emily/sa-mrbt_ws/src/simplified_marine_sim/src/behavior_tree.cpp:135:21:[m[K [01;36m[Knote: [m[K‘[01m[Kstd::string log_msg2[m[K’ previously declared here
  135 |         std::string [01;36m[Klog_msg2[m[K = "Robot " + std::to_string(_robot.getID()) + " FINISHED broadcast";
      |                     [01;36m[K^~~~~~~~[m[K
gmake[2]: *** [CMakeFiles/sim.dir/build.make:202: CMakeFiles/sim.dir/src/behavior_tree.cpp.o] Error 1
gmake[1]: *** [CMakeFiles/Makefile2:137: CMakeFiles/sim.dir/all] Error 2
gmake: *** [Makefile:146: all] Error 2
