[0.006s] Invoking command in '/home/emily/sa-mrbt_ws/build/simulator': CMAKE_PREFIX_PATH=/home/emily/sa-mrbt_ws/install/behaviortree_cpp:/home/emily/sa-mrbt_ws/install/simulator:/opt/ros/iron /usr/bin/cmake --build /home/emily/sa-mrbt_ws/build/simulator -- -j12 -l12
[0.040s] [35m[1mConsolidate compiler generated dependencies of target sim[0m
[0.064s] [  7%] [32mBuilding CXX object CMakeFiles/sim.dir/src/robot.cpp.o[0m
[3.078s] [01m[K/home/emily/sa-mrbt_ws/src/simplified_marine_sim/src/robot.cpp:411:34:[m[K [01;31m[Kerror: [m[Kno declaration matches ‘[01m[Kstd::pair<bool, std::vector<int> > Robot::newSelfSubtaskFailures()[m[K’
[3.078s]   411 | std::pair<bool,std::vector<int>> [01;31m[KRobot[m[K::newSelfSubtaskFailures() {
[3.078s]       |                                  [01;31m[K^~~~~[m[K
[3.078s] [01m[K/home/emily/sa-mrbt_ws/src/simplified_marine_sim/src/robot.cpp:411:34:[m[K [01;36m[Knote: [m[Kno functions named ‘[01m[Kstd::pair<bool, std::vector<int> > Robot::newSelfSubtaskFailures()[m[K’
[3.078s] In file included from [01m[K/home/emily/sa-mrbt_ws/src/simplified_marine_sim/include/world.hpp:8[m[K,
[3.079s]                  from [01m[K/home/emily/sa-mrbt_ws/src/simplified_marine_sim/src/robot.cpp:5[m[K:
[3.079s] [01m[K/home/emily/sa-mrbt_ws/src/simplified_marine_sim/include/robot.hpp:19:7:[m[K [01;36m[Knote: [m[K‘[01m[Kclass Robot[m[K’ defined here
[3.079s]    19 | class [01;36m[KRobot[m[K {
[3.079s]       |       [01;36m[K^~~~~[m[K
[3.084s] [01m[K/home/emily/sa-mrbt_ws/src/simplified_marine_sim/src/robot.cpp:[m[K In member function ‘[01m[Kvoid Robot::testNewSelfSubtaskFailures()[m[K’:
[3.084s] [01m[K/home/emily/sa-mrbt_ws/src/simplified_marine_sim/src/robot.cpp:468:47:[m[K [01;31m[Kerror: [m[K‘[01m[KnewSelfSubtaskFailures[m[K’ was not declared in this scope; did you mean ‘[01m[KnewSelfSubtaskFailure[m[K’?
[3.084s]   468 |     std::pair<bool,std::vector<int>> result = [01;31m[KnewSelfSubtaskFailures[m[K();
[3.084s]       |                                               [01;31m[K^~~~~~~~~~~~~~~~~~~~~~[m[K
[3.085s]       |                                               [32m[KnewSelfSubtaskFailure[m[K
[3.085s] [01m[K/home/emily/sa-mrbt_ws/src/simplified_marine_sim/src/robot.cpp:[m[K At global scope:
[3.085s] [01m[K/home/emily/sa-mrbt_ws/src/simplified_marine_sim/src/robot.cpp:479:6:[m[K [01;31m[Kerror: [m[Kno declaration matches ‘[01m[Kvoid Robot::updateSubtaskFailuresPerSelf()[m[K’
[3.085s]   479 | void [01;31m[KRobot[m[K::updateSubtaskFailuresPerSelf() {
[3.085s]       |      [01;31m[K^~~~~[m[K
[3.085s] [01m[K/home/emily/sa-mrbt_ws/src/simplified_marine_sim/src/robot.cpp:479:6:[m[K [01;36m[Knote: [m[Kno functions named ‘[01m[Kvoid Robot::updateSubtaskFailuresPerSelf()[m[K’
[3.085s] In file included from [01m[K/home/emily/sa-mrbt_ws/src/simplified_marine_sim/include/world.hpp:8[m[K,
[3.085s]                  from [01m[K/home/emily/sa-mrbt_ws/src/simplified_marine_sim/src/robot.cpp:5[m[K:
[3.085s] [01m[K/home/emily/sa-mrbt_ws/src/simplified_marine_sim/include/robot.hpp:19:7:[m[K [01;36m[Knote: [m[K‘[01m[Kclass Robot[m[K’ defined here
[3.085s]    19 | class [01;36m[KRobot[m[K {
[3.085s]       |       [01;36m[K^~~~~[m[K
[3.085s] [01m[K/home/emily/sa-mrbt_ws/src/simplified_marine_sim/src/robot.cpp:485:6:[m[K [01;31m[Kerror: [m[Kno declaration matches ‘[01m[Kvoid Robot::updateWinningBidsMatrixPostFailure()[m[K’
[3.085s]   485 | void [01;31m[KRobot[m[K::updateWinningBidsMatrixPostFailure() {
[3.085s]       |      [01;31m[K^~~~~[m[K
[3.085s] [01m[K/home/emily/sa-mrbt_ws/src/simplified_marine_sim/src/robot.cpp:485:6:[m[K [01;36m[Knote: [m[Kno functions named ‘[01m[Kvoid Robot::updateWinningBidsMatrixPostFailure()[m[K’
[3.085s] In file included from [01m[K/home/emily/sa-mrbt_ws/src/simplified_marine_sim/include/world.hpp:8[m[K,
[3.085s]                  from [01m[K/home/emily/sa-mrbt_ws/src/simplified_marine_sim/src/robot.cpp:5[m[K:
[3.085s] [01m[K/home/emily/sa-mrbt_ws/src/simplified_marine_sim/include/robot.hpp:19:7:[m[K [01;36m[Knote: [m[K‘[01m[Kclass Robot[m[K’ defined here
[3.086s]    19 | class [01;36m[KRobot[m[K {
[3.086s]       |       [01;36m[K^~~~~[m[K
[4.266s] gmake[2]: *** [CMakeFiles/sim.dir/build.make:188: CMakeFiles/sim.dir/src/robot.cpp.o] Error 1
[4.266s] gmake[1]: *** [CMakeFiles/Makefile2:137: CMakeFiles/sim.dir/all] Error 2
[4.266s] gmake: *** [Makefile:146: all] Error 2
[4.268s] Invoked command in '/home/emily/sa-mrbt_ws/build/simulator' returned '2': CMAKE_PREFIX_PATH=/home/emily/sa-mrbt_ws/install/behaviortree_cpp:/home/emily/sa-mrbt_ws/install/simulator:/opt/ros/iron /usr/bin/cmake --build /home/emily/sa-mrbt_ws/build/simulator -- -j12 -l12
