[0.006s] Invoking command in '/home/emily/sa-mrbt_ws/build/simulator': AMENT_PREFIX_PATH=/home/emily/sa-mrbt_ws/install/behaviortree_cpp:${AMENT_PREFIX_PATH} CMAKE_PREFIX_PATH=/home/emily/sa-mrbt_ws/install/behaviortree_cpp:/opt/ros/iron LD_LIBRARY_PATH=/home/emily/sa-mrbt_ws/install/behaviortree_cpp/lib:${LD_LIBRARY_PATH} PATH=/home/emily/sa-mrbt_ws/install/behaviortree_cpp/bin:${PATH} /usr/bin/cmake --build /home/emily/sa-mrbt_ws/build/simulator -- -j12 -l12
[0.039s] [35m[1mConsolidate compiler generated dependencies of target sim[0m
[0.063s] [  7%] [32mBuilding CXX object CMakeFiles/sim.dir/src/robot.cpp.o[0m
[3.143s] [01m[K/home/emily/sa-mrbt_ws/src/simplified_marine_sim/src/robot.cpp:485:6:[m[K [01;31m[Kerror: [m[Kno declaration matches ‘[01m[Kvoid Robot::updateSubtaskFailuresPerSelf(std::unordered_map<int, int>)[m[K’
[3.143s]   485 | void [01;31m[KRobot[m[K::updateSubtaskFailuresPerSelf(std::unordered_map<int,int> new_self_subtask_failures) {
[3.143s]       |      [01;31m[K^~~~~[m[K
[3.143s] In file included from [01m[K/home/emily/sa-mrbt_ws/src/simplified_marine_sim/include/world.hpp:8[m[K,
[3.143s]                  from [01m[K/home/emily/sa-mrbt_ws/src/simplified_marine_sim/src/robot.cpp:5[m[K:
[3.144s] [01m[K/home/emily/sa-mrbt_ws/src/simplified_marine_sim/include/robot.hpp:99:10:[m[K [01;36m[Knote: [m[Kcandidate is: ‘[01m[Kvoid Robot::updateSubtaskFailuresPerSelf(std::unordered_map<int, bool>)[m[K’
[3.144s]    99 |     void [01;36m[KupdateSubtaskFailuresPerSelf[m[K(std::unordered_map<int,bool> new_self_subtask_failures);
[3.144s]       |          [01;36m[K^~~~~~~~~~~~~~~~~~~~~~~~~~~~[m[K
[3.144s] In file included from [01m[K/home/emily/sa-mrbt_ws/src/simplified_marine_sim/include/world.hpp:8[m[K,
[3.144s]                  from [01m[K/home/emily/sa-mrbt_ws/src/simplified_marine_sim/src/robot.cpp:5[m[K:
[3.144s] [01m[K/home/emily/sa-mrbt_ws/src/simplified_marine_sim/include/robot.hpp:19:7:[m[K [01;36m[Knote: [m[K‘[01m[Kclass Robot[m[K’ defined here
[3.144s]    19 | class [01;36m[KRobot[m[K {
[3.144s]       |       [01;36m[K^~~~~[m[K
[3.167s] [01m[K/home/emily/sa-mrbt_ws/src/simplified_marine_sim/src/robot.cpp:[m[K In member function ‘[01m[Kstd::pair<std::pair<int, bool>, std::unordered_map<int, int> > Robot::HandleFailures(std::unordered_map<int, bool>)[m[K’:
[3.167s] [01m[K/home/emily/sa-mrbt_ws/src/simplified_marine_sim/src/robot.cpp:1700:38:[m[K [01;31m[Kerror: [m[Kcannot convert ‘[01m[Kstd::pair<int, bool>[m[K’ to ‘[01m[Kbool[m[K’ in assignment
[3.167s]  1700 |     scope_and_threshold_info.first = [01;31m[Kcurrent_task_id_scope[m[K;
[3.167s]       |                                      [01;31m[K^~~~~~~~~~~~~~~~~~~~~[m[K
[3.168s]       |                                      [01;31m[K|[m[K
[3.168s]       |                                      [01;31m[Kstd::pair<int, bool>[m[K
[3.168s] [01m[K/home/emily/sa-mrbt_ws/src/simplified_marine_sim/src/robot.cpp:1702:12:[m[K [01;31m[Kerror: [m[Kcould not convert ‘[01m[Kscope_and_threshold_info[m[K’ from ‘[01m[Kpair<[01;32m[Kbool[m[K,[...]>[m[K’ to ‘[01m[Kpair<[01;32m[Kstd::pair<int, bool>[m[K,[...]>[m[K’
[3.168s]  1702 |     return [01;31m[Kscope_and_threshold_info[m[K;
[3.168s]       |            [01;31m[K^~~~~~~~~~~~~~~~~~~~~~~~[m[K
[3.168s]       |            [01;31m[K|[m[K
[3.168s]       |            [01;31m[Kpair<bool,[...]>[m[K
[4.332s] gmake[2]: *** [CMakeFiles/sim.dir/build.make:188: CMakeFiles/sim.dir/src/robot.cpp.o] Error 1
[4.333s] gmake[1]: *** [CMakeFiles/Makefile2:137: CMakeFiles/sim.dir/all] Error 2
[4.333s] gmake: *** [Makefile:146: all] Error 2
[4.335s] Invoked command in '/home/emily/sa-mrbt_ws/build/simulator' returned '2': AMENT_PREFIX_PATH=/home/emily/sa-mrbt_ws/install/behaviortree_cpp:${AMENT_PREFIX_PATH} CMAKE_PREFIX_PATH=/home/emily/sa-mrbt_ws/install/behaviortree_cpp:/opt/ros/iron LD_LIBRARY_PATH=/home/emily/sa-mrbt_ws/install/behaviortree_cpp/lib:${LD_LIBRARY_PATH} PATH=/home/emily/sa-mrbt_ws/install/behaviortree_cpp/bin:${PATH} /usr/bin/cmake --build /home/emily/sa-mrbt_ws/build/simulator -- -j12 -l12
