[0.006s] Invoking command in '/home/emily/sa-mrbt_ws/build/simulator': CMAKE_PREFIX_PATH=/home/emily/sa-mrbt_ws/install/behaviortree_cpp:/home/emily/sa-mrbt_ws/install/simulator:/opt/ros/iron /usr/bin/cmake --build /home/emily/sa-mrbt_ws/build/simulator -- -j12 -l12
[0.038s] [35m[1mConsolidate compiler generated dependencies of target sim[0m
[0.063s] [  7%] [32mBuilding CXX object CMakeFiles/sim.dir/src/sim.cpp.o[0m
[0.063s] [ 15%] [32mBuilding CXX object CMakeFiles/sim.dir/src/CBGA.cpp.o[0m
[0.063s] [ 23%] [32mBuilding CXX object CMakeFiles/sim.dir/src/CBBA.cpp.o[0m
[0.063s] [ 30%] [32mBuilding CXX object CMakeFiles/sim.dir/src/world.cpp.o[0m
[0.064s] [ 38%] [32mBuilding CXX object CMakeFiles/sim.dir/src/message.cpp.o[0m
[0.064s] [ 46%] [32mBuilding CXX object CMakeFiles/sim.dir/src/planners.cpp.o[0m
[0.066s] [ 61%] [32mBuilding CXX object CMakeFiles/sim.dir/src/robot.cpp.o[0m
[0.066s] [ 61%] [32mBuilding CXX object CMakeFiles/sim.dir/src/behavior_tree.cpp.o[0m
[0.066s] [ 69%] [32mBuilding CXX object CMakeFiles/sim.dir/src/parser.cpp.o[0m
[0.067s] [ 76%] [32mBuilding CXX object CMakeFiles/sim.dir/src/greedy.cpp.o[0m
[2.603s] [01m[K/home/emily/sa-mrbt_ws/src/simplified_marine_sim/src/planners.cpp:326:1:[m[K [01;31m[Kerror: [m[Kno declaration matches ‘[01m[KCoveragePath::CoveragePath(int, int)[m[K’
[2.603s]   326 | [01;31m[KCoveragePath[m[K::CoveragePath(int step_size, int obs_radius) : ShortestPath(step_size), obs_radius(obs_radius)  {
[2.603s]       | [01;31m[K^~~~~~~~~~~~[m[K
[2.603s] In file included from [01m[K/home/emily/sa-mrbt_ws/src/simplified_marine_sim/src/planners.cpp:3[m[K:
[2.603s] [01m[K/home/emily/sa-mrbt_ws/src/simplified_marine_sim/include/planners.hpp:72:7:[m[K [01;36m[Knote: [m[Kcandidates are: ‘[01m[KCoveragePath::CoveragePath(CoveragePath&&)[m[K’
[2.603s]    72 | class [01;36m[KCoveragePath[m[K : public ShortestPath {
[2.603s]       |       [01;36m[K^~~~~~~~~~~~[m[K
[2.604s] [01m[K/home/emily/sa-mrbt_ws/src/simplified_marine_sim/include/planners.hpp:72:7:[m[K [01;36m[Knote: [m[K                ‘[01m[KCoveragePath::CoveragePath(const CoveragePath&)[m[K’
[2.604s] [01m[K/home/emily/sa-mrbt_ws/src/simplified_marine_sim/include/planners.hpp:77:5:[m[K [01;36m[Knote: [m[K                ‘[01m[KCoveragePath::CoveragePath(int, int, World*)[m[K’
[2.604s]    77 |     [01;36m[KCoveragePath[m[K(int step_size, int obs_radius, World* w);
[2.604s]       |     [01;36m[K^~~~~~~~~~~~[m[K
[2.604s] [01m[K/home/emily/sa-mrbt_ws/src/simplified_marine_sim/include/planners.hpp:72:7:[m[K [01;36m[Knote: [m[K‘[01m[Kclass CoveragePath[m[K’ defined here
[2.604s]    72 | class [01;36m[KCoveragePath[m[K : public ShortestPath {
[2.604s]       |       [01;36m[K^~~~~~~~~~~~[m[K
[2.910s] [01m[K/home/emily/sa-mrbt_ws/src/simplified_marine_sim/src/sim.cpp:[m[K In function ‘[01m[Kvoid run_robot(int, std::string, Pose2D, cv::Scalar, int, World&)[m[K’:
[2.910s] [01m[K/home/emily/sa-mrbt_ws/src/simplified_marine_sim/src/sim.cpp:478:45:[m[K [01;31m[Kerror: [m[Kno matching function for call to ‘[01m[KPlanner::Planner(int&, World&)[m[K’
[2.910s]   478 |             Planner planner(step_size, world[01;31m[K)[m[K;
[2.910s]       |                                             [01;31m[K^[m[K
[2.910s] In file included from [01m[K/home/emily/sa-mrbt_ws/src/simplified_marine_sim/include/robot.hpp:7[m[K,
[2.910s]                  from [01m[K/home/emily/sa-mrbt_ws/src/simplified_marine_sim/include/world.hpp:8[m[K,
[2.910s]                  from [01m[K/home/emily/sa-mrbt_ws/src/simplified_marine_sim/src/sim.cpp:8[m[K:
[2.911s] [01m[K/home/emily/sa-mrbt_ws/src/simplified_marine_sim/include/planners.hpp:30:5:[m[K [01;36m[Knote: [m[Kcandidate: ‘[01m[KPlanner::Planner(int, World*)[m[K’
[2.911s]    30 |     [01;36m[KPlanner[m[K(int step_size, World* w);
[2.911s]       |     [01;36m[K^~~~~~~[m[K
[2.911s] [01m[K/home/emily/sa-mrbt_ws/src/simplified_marine_sim/include/planners.hpp:30:35:[m[K [01;36m[Knote: [m[K  no known conversion for argument 2 from ‘[01m[KWorld[m[K’ to ‘[01m[KWorld*[m[K’
[2.911s]    30 |     Planner(int step_size, [01;36m[KWorld* w[m[K);
[2.911s]       |                            [01;36m[K~~~~~~~^[m[K
[2.911s] [01m[K/home/emily/sa-mrbt_ws/src/simplified_marine_sim/include/planners.hpp:23:7:[m[K [01;36m[Knote: [m[Kcandidate: ‘[01m[KPlanner::Planner(const Planner&)[m[K’
[2.911s]    23 | class [01;36m[KPlanner[m[K {
[2.911s]       |       [01;36m[K^~~~~~~[m[K
[2.911s] [01m[K/home/emily/sa-mrbt_ws/src/simplified_marine_sim/include/planners.hpp:23:7:[m[K [01;36m[Knote: [m[K  candidate expects 1 argument, 2 provided
[2.911s] [01m[K/home/emily/sa-mrbt_ws/src/simplified_marine_sim/include/planners.hpp:23:7:[m[K [01;36m[Knote: [m[Kcandidate: ‘[01m[KPlanner::Planner(Planner&&)[m[K’
[2.912s] [01m[K/home/emily/sa-mrbt_ws/src/simplified_marine_sim/include/planners.hpp:23:7:[m[K [01;36m[Knote: [m[K  candidate expects 1 argument, 2 provided
[2.912s] [01m[K/home/emily/sa-mrbt_ws/src/simplified_marine_sim/src/sim.cpp:479:49:[m[K [01;31m[Kerror: [m[Kno matching function for call to ‘[01m[KShortestPath::ShortestPath(int&)[m[K’
[2.912s]   479 |             ShortestPath shortest_path(step_size[01;31m[K)[m[K;
[2.912s]       |                                                 [01;31m[K^[m[K
[2.912s] In file included from [01m[K/home/emily/sa-mrbt_ws/src/simplified_marine_sim/include/robot.hpp:7[m[K,
[2.912s]                  from [01m[K/home/emily/sa-mrbt_ws/src/simplified_marine_sim/include/world.hpp:8[m[K,
[2.912s]                  from [01m[K/home/emily/sa-mrbt_ws/src/simplified_marine_sim/src/sim.cpp:8[m[K:
[2.912s] [01m[K/home/emily/sa-mrbt_ws/src/simplified_marine_sim/include/planners.hpp:60:5:[m[K [01;36m[Knote: [m[Kcandidate: ‘[01m[KShortestPath::ShortestPath(int, World*)[m[K’
[2.912s]    60 |     [01;36m[KShortestPath[m[K(int step_size, World* w);
[2.912s]       |     [01;36m[K^~~~~~~~~~~~[m[K
[2.912s] [01m[K/home/emily/sa-mrbt_ws/src/simplified_marine_sim/include/planners.hpp:60:5:[m[K [01;36m[Knote: [m[K  candidate expects 2 arguments, 1 provided
[2.913s] [01m[K/home/emily/sa-mrbt_ws/src/simplified_marine_sim/include/planners.hpp:58:7:[m[K [01;36m[Knote: [m[Kcandidate: ‘[01m[KShortestPath::ShortestPath(const ShortestPath&)[m[K’
[2.913s]    58 | class [01;36m[KShortestPath[m[K : public Planner {
[2.913s]       |       [01;36m[K^~~~~~~~~~~~[m[K
[2.913s] [01m[K/home/emily/sa-mrbt_ws/src/simplified_marine_sim/include/planners.hpp:58:7:[m[K [01;36m[Knote: [m[K  no known conversion for argument 1 from ‘[01m[Kint[m[K’ to ‘[01m[Kconst ShortestPath&[m[K’
[2.913s] [01m[K/home/emily/sa-mrbt_ws/src/simplified_marine_sim/include/planners.hpp:58:7:[m[K [01;36m[Knote: [m[Kcandidate: ‘[01m[KShortestPath::ShortestPath(ShortestPath&&)[m[K’
[2.913s] [01m[K/home/emily/sa-mrbt_ws/src/simplified_marine_sim/include/planners.hpp:58:7:[m[K [01;36m[Knote: [m[K  no known conversion for argument 1 from ‘[01m[Kint[m[K’ to ‘[01m[KShortestPath&&[m[K’
[2.913s] [01m[K/home/emily/sa-mrbt_ws/src/simplified_marine_sim/src/sim.cpp:480:61:[m[K [01;31m[Kerror: [m[Kno matching function for call to ‘[01m[KCoveragePath::CoveragePath(int&, const int&)[m[K’
[2.913s]   480 |             CoveragePath coverage_path(step_size, obs_radius[01;31m[K)[m[K;
[2.913s]       |                                                             [01;31m[K^[m[K
[2.913s] In file included from [01m[K/home/emily/sa-mrbt_ws/src/simplified_marine_sim/include/robot.hpp:7[m[K,
[2.913s]                  from [01m[K/home/emily/sa-mrbt_ws/src/simplified_marine_sim/include/world.hpp:8[m[K,
[2.914s]                  from [01m[K/home/emily/sa-mrbt_ws/src/simplified_marine_sim/src/sim.cpp:8[m[K:
[2.914s] [01m[K/home/emily/sa-mrbt_ws/src/simplified_marine_sim/include/planners.hpp:77:5:[m[K [01;36m[Knote: [m[Kcandidate: ‘[01m[KCoveragePath::CoveragePath(int, int, World*)[m[K’
[2.914s]    77 |     [01;36m[KCoveragePath[m[K(int step_size, int obs_radius, World* w);
[2.914s]       |     [01;36m[K^~~~~~~~~~~~[m[K
[2.914s] [01m[K/home/emily/sa-mrbt_ws/src/simplified_marine_sim/include/planners.hpp:77:5:[m[K [01;36m[Knote: [m[K  candidate expects 3 arguments, 2 provided
[2.914s] [01m[K/home/emily/sa-mrbt_ws/src/simplified_marine_sim/include/planners.hpp:72:7:[m[K [01;36m[Knote: [m[Kcandidate: ‘[01m[KCoveragePath::CoveragePath(const CoveragePath&)[m[K’
[2.915s]    72 | class [01;36m[KCoveragePath[m[K : public ShortestPath {
[2.915s]       |       [01;36m[K^~~~~~~~~~~~[m[K
[2.915s] [01m[K/home/emily/sa-mrbt_ws/src/simplified_marine_sim/include/planners.hpp:72:7:[m[K [01;36m[Knote: [m[K  candidate expects 1 argument, 2 provided
[2.915s] [01m[K/home/emily/sa-mrbt_ws/src/simplified_marine_sim/include/planners.hpp:72:7:[m[K [01;36m[Knote: [m[Kcandidate: ‘[01m[KCoveragePath::CoveragePath(CoveragePath&&)[m[K’
[2.915s] [01m[K/home/emily/sa-mrbt_ws/src/simplified_marine_sim/include/planners.hpp:72:7:[m[K [01;36m[Knote: [m[K  candidate expects 1 argument, 2 provided
[3.547s] gmake[2]: *** [CMakeFiles/sim.dir/build.make:174: CMakeFiles/sim.dir/src/planners.cpp.o] Error 1
[3.547s] gmake[2]: *** Waiting for unfinished jobs....
[5.381s] gmake[2]: *** [CMakeFiles/sim.dir/build.make:76: CMakeFiles/sim.dir/src/sim.cpp.o] Error 1
[8.432s] gmake[1]: *** [CMakeFiles/Makefile2:137: CMakeFiles/sim.dir/all] Error 2
[8.432s] gmake: *** [Makefile:146: all] Error 2
[8.434s] Invoked command in '/home/emily/sa-mrbt_ws/build/simulator' returned '2': CMAKE_PREFIX_PATH=/home/emily/sa-mrbt_ws/install/behaviortree_cpp:/home/emily/sa-mrbt_ws/install/simulator:/opt/ros/iron /usr/bin/cmake --build /home/emily/sa-mrbt_ws/build/simulator -- -j12 -l12
