[0.006s] Invoking command in '/home/emily/sa-mrbt_ws/build/simulator': AMENT_PREFIX_PATH=/home/emily/sa-mrbt_ws/install/behaviortree_cpp:${AMENT_PREFIX_PATH} CMAKE_PREFIX_PATH=/home/emily/sa-mrbt_ws/install/behaviortree_cpp:/opt/ros/iron LD_LIBRARY_PATH=/home/emily/sa-mrbt_ws/install/behaviortree_cpp/lib:${LD_LIBRARY_PATH} PATH=/home/emily/sa-mrbt_ws/install/behaviortree_cpp/bin:${PATH} /usr/bin/cmake --build /home/emily/sa-mrbt_ws/build/simulator -- -j12 -l12
[0.037s] [35m[1mConsolidate compiler generated dependencies of target sim[0m
[0.060s] [  7%] [32mBuilding CXX object CMakeFiles/sim.dir/src/CBGA.cpp.o[0m
[0.060s] [ 15%] [32mBuilding CXX object CMakeFiles/sim.dir/src/sim.cpp.o[0m
[0.060s] [ 23%] [32mBuilding CXX object CMakeFiles/sim.dir/src/CBBA.cpp.o[0m
[0.061s] [ 30%] [32mBuilding CXX object CMakeFiles/sim.dir/src/world.cpp.o[0m
[0.062s] [ 38%] [32mBuilding CXX object CMakeFiles/sim.dir/src/message.cpp.o[0m
[0.063s] [ 46%] [32mBuilding CXX object CMakeFiles/sim.dir/src/planners.cpp.o[0m
[0.064s] [ 53%] [32mBuilding CXX object CMakeFiles/sim.dir/src/behavior_tree.cpp.o[0m
[0.064s] [ 61%] [32mBuilding CXX object CMakeFiles/sim.dir/src/robot.cpp.o[0m
[0.065s] [ 69%] [32mBuilding CXX object CMakeFiles/sim.dir/src/greedy.cpp.o[0m
[0.065s] [ 76%] [32mBuilding CXX object CMakeFiles/sim.dir/src/parser.cpp.o[0m
[3.163s] [01m[K/home/emily/sa-mrbt_ws/src/simplified_marine_sim/src/world.cpp:[m[K In constructor ‘[01m[KWorld::World(int, int, Distance*, SensorModel*, JSONParser*, double)[m[K’:
[3.163s] [01m[K/home/emily/sa-mrbt_ws/src/simplified_marine_sim/src/world.cpp:38:29:[m[K [01;31m[Kerror: [m[K‘[01m[KinitAllSubTasksInfo[m[K’ was not declared in this scope; did you mean ‘[01m[KinitAllSubtasksInfo[m[K’?
[3.163s]    38 |         all_subtasks_info = [01;31m[KinitAllSubTasksInfo[m[K();
[3.163s]       |                             [01;31m[K^~~~~~~~~~~~~~~~~~~[m[K
[3.163s]       |                             [32m[KinitAllSubtasksInfo[m[K
[3.301s] [01m[K/home/emily/sa-mrbt_ws/src/simplified_marine_sim/src/world.cpp:[m[K At global scope:
[3.301s] [01m[K/home/emily/sa-mrbt_ws/src/simplified_marine_sim/src/world.cpp:267:35:[m[K [01;31m[Kerror: [m[Kno declaration matches ‘[01m[Kstd::unordered_map<int, TaskInfo> World::initAllSubTasksInfo()[m[K’
[3.301s]   267 | std::unordered_map<int, TaskInfo> [01;31m[KWorld[m[K::initAllSubTasksInfo() {
[3.302s]       |                                   [01;31m[K^~~~~[m[K
[3.302s] [01m[K/home/emily/sa-mrbt_ws/src/simplified_marine_sim/src/world.cpp:267:35:[m[K [01;36m[Knote: [m[Kno functions named ‘[01m[Kstd::unordered_map<int, TaskInfo> World::initAllSubTasksInfo()[m[K’
[3.302s] In file included from [01m[K/home/emily/sa-mrbt_ws/src/simplified_marine_sim/src/world.cpp:4[m[K:
[3.302s] [01m[K/home/emily/sa-mrbt_ws/src/simplified_marine_sim/include/world.hpp:20:7:[m[K [01;36m[Knote: [m[K‘[01m[Kclass World[m[K’ defined here
[3.302s]    20 | class [01;36m[KWorld[m[K {
[3.302s]       |       [01;36m[K^~~~~[m[K
[4.935s] [01m[K/home/emily/sa-mrbt_ws/src/simplified_marine_sim/src/world.cpp:[m[K In member function ‘[01m[Kint World::getPrerequisiteFailureThreshold(std::string)[m[K’:
[4.935s] [01m[K/home/emily/sa-mrbt_ws/src/simplified_marine_sim/src/world.cpp:942:1:[m[K [01;35m[Kwarning: [m[Kcontrol reaches end of non-void function [[01;35m[K]8;;https://gcc.gnu.org/onlinedocs/gcc/Warning-Options.html#index-Wreturn-type-Wreturn-type]8;;[m[K]
[4.935s]   942 | [01;35m[K}[m[K
[4.936s]       | [01;35m[K^[m[K
[4.955s] gmake[2]: *** [CMakeFiles/sim.dir/build.make:160: CMakeFiles/sim.dir/src/world.cpp.o] Error 1
[4.955s] gmake[2]: *** Waiting for unfinished jobs....
[5.159s] [01m[K/home/emily/sa-mrbt_ws/src/simplified_marine_sim/src/robot.cpp:[m[K In member function ‘[01m[Kstd::unordered_map<int, std::unordered_map<int, bool> > Robot::initSubtaskFailures()[m[K’:
[5.159s] [01m[K/home/emily/sa-mrbt_ws/src/simplified_marine_sim/src/robot.cpp:263:58:[m[K [01;31m[Kerror: [m[K‘[01m[Kclass World[m[K’ has no member named ‘[01m[KgetAllSubtasksInfo[m[K’; did you mean ‘[01m[KgetAllSubasksInfo[m[K’?
[5.160s]   263 |     for (const auto& [subtask_id, subtask_info] : world->[01;31m[KgetAllSubtasksInfo[m[K()) {
[5.160s]       |                                                          [01;31m[K^~~~~~~~~~~~~~~~~~[m[K
[5.160s]       |                                                          [32m[KgetAllSubasksInfo[m[K
[5.160s] [01m[K/home/emily/sa-mrbt_ws/src/simplified_marine_sim/src/robot.cpp:[m[K At global scope:
[5.160s] [01m[K/home/emily/sa-mrbt_ws/src/simplified_marine_sim/src/robot.cpp:274:6:[m[K [01;31m[Kerror: [m[Kno declaration matches ‘[01m[Kvoid Robot::setSubtaskFailure(int, int, bool)[m[K’
[5.160s]   274 | void [01;31m[KRobot[m[K::setSubtaskFailure(int subtask_id, int agent_id, bool failed) {
[5.160s]       |      [01;31m[K^~~~~[m[K
[5.160s] In file included from [01m[K/home/emily/sa-mrbt_ws/src/simplified_marine_sim/include/world.hpp:8[m[K,
[5.160s]                  from [01m[K/home/emily/sa-mrbt_ws/src/simplified_marine_sim/src/robot.cpp:4[m[K:
[5.161s] [01m[K/home/emily/sa-mrbt_ws/src/simplified_marine_sim/include/robot.hpp:96:10:[m[K [01;36m[Knote: [m[Kcandidate is: ‘[01m[Kbool Robot::setSubtaskFailure(int, int, bool)[m[K’
[5.161s]    96 |     bool [01;36m[KsetSubtaskFailure[m[K(int subtask_id, int agent_id, bool failed);
[5.161s]       |          [01;36m[K^~~~~~~~~~~~~~~~~[m[K
[5.161s] In file included from [01m[K/home/emily/sa-mrbt_ws/src/simplified_marine_sim/include/world.hpp:8[m[K,
[5.161s]                  from [01m[K/home/emily/sa-mrbt_ws/src/simplified_marine_sim/src/robot.cpp:4[m[K:
[5.161s] [01m[K/home/emily/sa-mrbt_ws/src/simplified_marine_sim/include/robot.hpp:19:7:[m[K [01;36m[Knote: [m[K‘[01m[Kclass Robot[m[K’ defined here
[5.161s]    19 | class [01;36m[KRobot[m[K {
[5.161s]       |       [01;36m[K^~~~~[m[K
[6.423s] gmake[2]: *** [CMakeFiles/sim.dir/build.make:188: CMakeFiles/sim.dir/src/robot.cpp.o] Error 1
[6.615s] gmake[1]: *** [CMakeFiles/Makefile2:137: CMakeFiles/sim.dir/all] Error 2
[6.615s] gmake: *** [Makefile:146: all] Error 2
[6.616s] Invoked command in '/home/emily/sa-mrbt_ws/build/simulator' returned '2': AMENT_PREFIX_PATH=/home/emily/sa-mrbt_ws/install/behaviortree_cpp:${AMENT_PREFIX_PATH} CMAKE_PREFIX_PATH=/home/emily/sa-mrbt_ws/install/behaviortree_cpp:/opt/ros/iron LD_LIBRARY_PATH=/home/emily/sa-mrbt_ws/install/behaviortree_cpp/lib:${LD_LIBRARY_PATH} PATH=/home/emily/sa-mrbt_ws/install/behaviortree_cpp/bin:${PATH} /usr/bin/cmake --build /home/emily/sa-mrbt_ws/build/simulator -- -j12 -l12
