[01m[K/home/emily/sa-mrbt_ws/src/simplified_marine_sim/src/robot.cpp:[m[K In member function ‘[01m[Kvoid Robot::move(Pose2D)[m[K’:
[01m[K/home/emily/sa-mrbt_ws/src/simplified_marine_sim/src/robot.cpp:285:34:[m[K [01;31m[Kerror: [m[Kcapture of non-variable ‘[01m[KRobot::pose[m[K’
  285 |     std::thread([this, old_pose, [01;31m[Kpose[m[K]() {
      |                                  [01;31m[K^~~~[m[K
In file included from [01m[K/home/emily/sa-mrbt_ws/src/simplified_marine_sim/include/world.hpp:8[m[K,
                 from [01m[K/home/emily/sa-mrbt_ws/src/simplified_marine_sim/src/robot.cpp:4[m[K:
[01m[K/home/emily/sa-mrbt_ws/src/simplified_marine_sim/include/robot.hpp:24:12:[m[K [01;36m[Knote: [m[K‘[01m[KPose2D Robot::pose[m[K’ declared here
   24 |     Pose2D [01;36m[Kpose[m[K;
      |            [01;36m[K^~~~[m[K
[01m[K/home/emily/sa-mrbt_ws/src/simplified_marine_sim/src/robot.cpp:[m[K In lambda function:
[01m[K/home/emily/sa-mrbt_ws/src/simplified_marine_sim/src/robot.cpp:287:9:[m[K [01;31m[Kerror: [m[K‘[01m[KgetEuclideanDistance[m[K’ was not declared in this scope
  287 |         [01;31m[KgetEuclideanDistance[m[K(old_pose.x, old_pose.y, pose.x, pose.y);
      |         [01;31m[K^~~~~~~~~~~~~~~~~~~~[m[K
[01m[K/home/emily/sa-mrbt_ws/src/simplified_marine_sim/src/robot.cpp:289:32:[m[K [01;31m[Kerror: [m[K‘[01m[Kdistance[m[K’ was not declared in this scope; did you mean ‘[01m[Kstd::distance[m[K’?
  289 |         cumulative_distance += [01;31m[Kdistance[m[K;
      |                                [01;31m[K^~~~~~~~[m[K
      |                                [32m[Kstd::distance[m[K
In file included from [01m[K/usr/include/c++/11/filesystem:45[m[K,
                 from [01m[K/home/emily/sa-mrbt_ws/install/behaviortree_cpp/include/behaviortree_cpp/contrib/json.hpp:4643[m[K,
                 from [01m[K/home/emily/sa-mrbt_ws/install/behaviortree_cpp/include/behaviortree_cpp/blackboard.h:9[m[K,
                 from [01m[K/home/emily/sa-mrbt_ws/install/behaviortree_cpp/include/behaviortree_cpp/tree_node.h:22[m[K,
                 from [01m[K/home/emily/sa-mrbt_ws/install/behaviortree_cpp/include/behaviortree_cpp/leaf_node.h:17[m[K,
                 from [01m[K/home/emily/sa-mrbt_ws/install/behaviortree_cpp/include/behaviortree_cpp/action_node.h:22[m[K,
                 from [01m[K/home/emily/sa-mrbt_ws/install/behaviortree_cpp/include/behaviortree_cpp/actions/pop_from_queue.hpp:17[m[K,
                 from [01m[K/home/emily/sa-mrbt_ws/src/simplified_marine_sim/include/planners.hpp:8[m[K,
                 from [01m[K/home/emily/sa-mrbt_ws/src/simplified_marine_sim/src/robot.cpp:3[m[K:
[01m[K/usr/include/c++/11/bits/fs_path.h:1346:1:[m[K [01;36m[Knote: [m[K‘[01m[Kstd::distance[m[K’ declared here
 1346 | [01;36m[Kdistance[m[K(filesystem::path::iterator __first, filesystem::path::iterator __last)
      | [01;36m[K^~~~~~~~[m[K
gmake[2]: *** [CMakeFiles/sim.dir/build.make:188: CMakeFiles/sim.dir/src/robot.cpp.o] Error 1
gmake[1]: *** [CMakeFiles/Makefile2:137: CMakeFiles/sim.dir/all] Error 2
gmake: *** [Makefile:146: all] Error 2
