[0.006s] Invoking command in '/home/emily/sa-mrbt_ws/build/simulator': CMAKE_PREFIX_PATH=/home/emily/sa-mrbt_ws/install/behaviortree_cpp:/home/emily/sa-mrbt_ws/install/simulator:/opt/ros/iron /usr/bin/cmake --build /home/emily/sa-mrbt_ws/build/simulator -- -j12 -l12
[0.038s] [35m[1mConsolidate compiler generated dependencies of target sim[0m
[0.061s] [ 30%] [32mBuilding CXX object CMakeFiles/sim.dir/src/CBBA.cpp.o[0m
[0.062s] [ 30%] [32mBuilding CXX object CMakeFiles/sim.dir/src/message.cpp.o[0m
[0.062s] [ 30%] [32mBuilding CXX object CMakeFiles/sim.dir/src/CBGA.cpp.o[0m
[0.062s] [ 30%] [32mBuilding CXX object CMakeFiles/sim.dir/src/sim.cpp.o[0m
[0.063s] [ 38%] [32mBuilding CXX object CMakeFiles/sim.dir/src/world.cpp.o[0m
[0.063s] [ 46%] [32mBuilding CXX object CMakeFiles/sim.dir/src/planners.cpp.o[0m
[0.066s] [ 53%] [32mBuilding CXX object CMakeFiles/sim.dir/src/behavior_tree.cpp.o[0m
[0.066s] [ 61%] [32mBuilding CXX object CMakeFiles/sim.dir/src/robot.cpp.o[0m
[0.066s] [ 76%] [32mBuilding CXX object CMakeFiles/sim.dir/src/greedy.cpp.o[0m
[0.066s] [ 76%] [32mBuilding CXX object CMakeFiles/sim.dir/src/parser.cpp.o[0m
[3.114s] [01m[K/home/emily/sa-mrbt_ws/src/simplified_marine_sim/src/world.cpp:[m[K In member function ‘[01m[Kbool World::inComms(int, int)[m[K’:
[3.114s] [01m[K/home/emily/sa-mrbt_ws/src/simplified_marine_sim/src/world.cpp:735:5:[m[K [01;31m[Kerror: [m[K‘[01m[Kneeds[m[K’ was not declared in this scope
[3.114s]   735 |     [01;31m[Kneeds[m[K testing of signal_strength stuff now
[3.115s]       |     [01;31m[K^~~~~[m[K
[3.120s] [01m[K/home/emily/sa-mrbt_ws/src/simplified_marine_sim/src/world.cpp:750:61:[m[K [01;31m[Kerror: [m[K‘[01m[Kdist[m[K’ was not declared in this scope
[3.120s]   750 |         double signal_strength = pow(comms_range / std::max([01;31m[Kdist[m[K, 1.0), signal_path_loss_factor);
[3.120s]       |                                                             [01;31m[K^~~~[m[K
[3.130s] [01m[K/home/emily/sa-mrbt_ws/src/simplified_marine_sim/src/world.cpp:763:57:[m[K [01;31m[Kerror: [m[K‘[01m[Krandom_num[m[K’ was not declared in this scope; did you mean ‘[01m[Krandom_r[m[K’?
[3.130s]   763 |         std::string s2 = "random_num:" + std::to_string([01;31m[Krandom_num[m[K);
[3.130s]       |                                                         [01;31m[K^~~~~~~~~~[m[K
[3.130s]       |                                                         [32m[Krandom_r[m[K
[5.048s] gmake[2]: *** [CMakeFiles/sim.dir/build.make:160: CMakeFiles/sim.dir/src/world.cpp.o] Error 1
[5.048s] gmake[2]: *** Waiting for unfinished jobs....
[8.318s] gmake[1]: *** [CMakeFiles/Makefile2:137: CMakeFiles/sim.dir/all] Error 2
[8.318s] gmake: *** [Makefile:146: all] Error 2
[8.319s] Invoked command in '/home/emily/sa-mrbt_ws/build/simulator' returned '2': CMAKE_PREFIX_PATH=/home/emily/sa-mrbt_ws/install/behaviortree_cpp:/home/emily/sa-mrbt_ws/install/simulator:/opt/ros/iron /usr/bin/cmake --build /home/emily/sa-mrbt_ws/build/simulator -- -j12 -l12
