[0.007s] Invoking command in '/home/emily/sa-mrbt_ws/build/behaviortree_cpp': CMAKE_PREFIX_PATH=${CMAKE_PREFIX_PATH}:/opt/ros/iron /usr/bin/cmake --build /home/emily/sa-mrbt_ws/build/behaviortree_cpp -- -j12 -l12
[0.041s] [  3%] Built target minitrace
[0.041s] [  3%] Built target lexy_file
[0.041s] [  4%] Built target gtest_main
[0.041s] [  6%] Built target gtest
[0.060s] [35m[1mConsolidate compiler generated dependencies of target behaviortree_cpp[0m
[0.101s] [  7%] [32mBuilding CXX object CMakeFiles/behaviortree_cpp.dir/src/controls/counter_sequence.cpp.o[0m
[1.164s] [01m[K/home/emily/sa-mrbt_ws/src/BehaviorTree.CPP/src/controls/counter_sequence.cpp:[m[K In member function ‘[01m[Kvirtual int BT::CounterSequence::getSubtaskID(int)[m[K’:
[1.164s] [01m[K/home/emily/sa-mrbt_ws/src/BehaviorTree.CPP/src/controls/counter_sequence.cpp:62:26:[m[K [01;31m[Kerror: [m[Kexpected ‘[01m[K;[m[K’ before ‘[01m[K}[m[K’ token
[1.164s]    62 |         return subtask_id
[1.164s]       |                          [01;31m[K^[m[K
[1.164s]       |                          [32m[K;[m[K
[1.164s]    63 | [32m[K}[m[K
[1.164s]       | [32m[K~[m[K                         
[1.176s] [01m[K/home/emily/sa-mrbt_ws/src/BehaviorTree.CPP/src/controls/counter_sequence.cpp:[m[K In member function ‘[01m[Kvirtual BT::NodeStatus BT::CounterSequence::tick()[m[K’:
[1.176s] [01m[K/home/emily/sa-mrbt_ws/src/BehaviorTree.CPP/src/controls/counter_sequence.cpp:151:37:[m[K [01;35m[Kwarning: [m[Kunused variable ‘[01m[Kcurrent_subtask_id_[m[K’ [[01;35m[K]8;;https://gcc.gnu.org/onlinedocs/gcc/Warning-Options.html#index-Wunused-variable-Wunused-variable]8;;[m[K]
[1.176s]   151 |                                 int [01;35m[Kcurrent_subtask_id_[m[K = getSubtaskID(current_child_idx_);
[1.176s]       |                                     [01;35m[K^~~~~~~~~~~~~~~~~~~[m[K
[1.834s] gmake[2]: *** [CMakeFiles/behaviortree_cpp.dir/build.make:482: CMakeFiles/behaviortree_cpp.dir/src/controls/counter_sequence.cpp.o] Error 1
[1.834s] gmake[1]: *** [CMakeFiles/Makefile2:340: CMakeFiles/behaviortree_cpp.dir/all] Error 2
[1.834s] gmake: *** [Makefile:146: all] Error 2
[1.836s] Invoked command in '/home/emily/sa-mrbt_ws/build/behaviortree_cpp' returned '2': CMAKE_PREFIX_PATH=${CMAKE_PREFIX_PATH}:/opt/ros/iron /usr/bin/cmake --build /home/emily/sa-mrbt_ws/build/behaviortree_cpp -- -j12 -l12
